12:15:42.069 INFO  NativeLibraryLoader - Loading libgkl_compression.so from jar:file:/home/timothy/programs/gatk-4.2.0.0/gatk-package-4.2.0.0-local.jar!/com/intel/gkl/native/libgkl_compression.so
Jun 13, 2021 12:15:42 PM shaded.cloud_nio.com.google.auth.oauth2.ComputeEngineCredentials runningOnComputeEngine
INFO: Failed to detect whether we are running on Google Compute Engine.
12:15:42.223 INFO  VariantFiltration - ------------------------------------------------------------
12:15:42.223 INFO  VariantFiltration - The Genome Analysis Toolkit (GATK) v4.2.0.0
12:15:42.223 INFO  VariantFiltration - For support and documentation go to https://software.broadinstitute.org/gatk/
12:15:42.223 INFO  VariantFiltration - Executing as timothy@coral on Linux v5.4.0-72-generic amd64
12:15:42.223 INFO  VariantFiltration - Java runtime: OpenJDK 64-Bit Server VM v11.0.11+9-Ubuntu-0ubuntu2.20.04
12:15:42.223 INFO  VariantFiltration - Start Date/Time: June 13, 2021 at 12:15:42 PM EDT
12:15:42.223 INFO  VariantFiltration - ------------------------------------------------------------
12:15:42.223 INFO  VariantFiltration - ------------------------------------------------------------
12:15:42.224 INFO  VariantFiltration - HTSJDK Version: 2.24.0
12:15:42.224 INFO  VariantFiltration - Picard Version: 2.25.0
12:15:42.224 INFO  VariantFiltration - Built for Spark Version: 2.4.5
12:15:42.224 INFO  VariantFiltration - HTSJDK Defaults.COMPRESSION_LEVEL : 2
12:15:42.224 INFO  VariantFiltration - HTSJDK Defaults.USE_ASYNC_IO_READ_FOR_SAMTOOLS : false
12:15:42.224 INFO  VariantFiltration - HTSJDK Defaults.USE_ASYNC_IO_WRITE_FOR_SAMTOOLS : true
12:15:42.224 INFO  VariantFiltration - HTSJDK Defaults.USE_ASYNC_IO_WRITE_FOR_TRIBBLE : false
12:15:42.224 INFO  VariantFiltration - Deflater: IntelDeflater
12:15:42.224 INFO  VariantFiltration - Inflater: IntelInflater
12:15:42.224 INFO  VariantFiltration - GCS max retries/reopens: 20
12:15:42.224 INFO  VariantFiltration - Requester pays: disabled
12:15:42.224 INFO  VariantFiltration - Initializing engine
12:15:42.343 INFO  FeatureManager - Using codec VCFCodec to read file file:///scratch/timothy/projects/0020_Pocillopora_acuta_PacBio_Assembly/03_Analysis/2021_05_26/RNAseq_short_variant_analysis/filtering/GVCFall_INDELs_VarScores_filterPASSED.vcf
12:15:42.419 INFO  VariantFiltration - Done initializing engine
12:15:42.472 INFO  ProgressMeter - Starting traversal
12:15:42.472 INFO  ProgressMeter -        Current Locus  Elapsed Minutes    Variants Processed  Variants/Minute
12:15:52.564 INFO  ProgressMeter - Pocillopora_acuta_HIv1___Scaffold_000008F___length_2769899:285080              0.2                 48000         285374.6
12:16:02.657 INFO  ProgressMeter - Pocillopora_acuta_HIv1___Scaffold_000031F___length_2151340:1703769              0.3                107000         318058.0
12:16:12.849 INFO  ProgressMeter - Pocillopora_acuta_HIv1___Scaffold_000052F___length_1749787:606077              0.5                166000         327890.4
12:16:22.959 INFO  ProgressMeter - Pocillopora_acuta_HIv1___Scaffold_000075F___length_1465233:1410713              0.7                226000         334930.6
12:16:33.096 INFO  ProgressMeter - Pocillopora_acuta_HIv1___Scaffold_000120F___length_1192788:869466              0.8                285000         337784.5
12:16:43.176 INFO  ProgressMeter - Pocillopora_acuta_HIv1___Scaffold_000198F___length_996333:908053              1.0                345000         341004.6
12:16:53.323 INFO  ProgressMeter - Pocillopora_acuta_HIv1___Scaffold_000236F___length_817659:426806              1.2                405000         342973.3
12:17:03.325 INFO  ProgressMeter - Pocillopora_acuta_HIv1___Scaffold_000362F___length_642677:41325              1.3                465000         345070.7
12:17:13.471 INFO  ProgressMeter - Pocillopora_acuta_HIv1___Scaffold_000144F___length_442379:374409              1.5                526000         346817.0
12:17:23.576 INFO  ProgressMeter - Pocillopora_acuta_HIv1___Scaffold_001609F___length_80890:52356              1.7                585000         347167.3
12:17:23.823 INFO  ProgressMeter - Pocillopora_acuta_HIv1___Scaffold_001672F___length_64522:20964              1.7                586520         347221.0
12:17:23.824 INFO  ProgressMeter - Traversal complete. Processed 586520 total variants in 1.7 minutes.
12:17:23.875 INFO  VariantFiltration - Shutting down engine
[June 13, 2021 at 12:17:23 PM EDT] org.broadinstitute.hellbender.tools.walkers.filters.VariantFiltration done. Elapsed time: 1.70 minutes.
Runtime.totalMemory()=3787456512
Using GATK jar /home/timothy/programs/gatk-4.2.0.0/gatk-package-4.2.0.0-local.jar
Running:
    java -Dsamjdk.use_async_io_read_samtools=false -Dsamjdk.use_async_io_write_samtools=true -Dsamjdk.use_async_io_write_tribble=false -Dsamjdk.compression_level=2 -jar /home/timothy/programs/gatk-4.2.0.0/gatk-package-4.2.0.0-local.jar VariantFiltration --reference Pocillopora_acuta_HIv1.assembly.purged.fasta --variant GVCFall_INDELs_VarScores_filterPASSED.vcf --output GVCFall_INDELs_VarScores_filterPASSED_DPfilter.vcf --genotype-filter-name DP_filter --genotype-filter-expression DP < 20.000
