01:06:44.042 INFO  NativeLibraryLoader - Loading libgkl_compression.so from jar:file:/home/timothy/programs/gatk-4.2.0.0/gatk-package-4.2.0.0-local.jar!/com/intel/gkl/native/libgkl_compression.so
Jun 13, 2021 1:06:44 AM shaded.cloud_nio.com.google.auth.oauth2.ComputeEngineCredentials runningOnComputeEngine
INFO: Failed to detect whether we are running on Google Compute Engine.
01:06:44.148 INFO  VariantsToTable - ------------------------------------------------------------
01:06:44.148 INFO  VariantsToTable - The Genome Analysis Toolkit (GATK) v4.2.0.0
01:06:44.148 INFO  VariantsToTable - For support and documentation go to https://software.broadinstitute.org/gatk/
01:06:44.148 INFO  VariantsToTable - Executing as timothy@coral on Linux v5.4.0-72-generic amd64
01:06:44.148 INFO  VariantsToTable - Java runtime: OpenJDK 64-Bit Server VM v11.0.11+9-Ubuntu-0ubuntu2.20.04
01:06:44.148 INFO  VariantsToTable - Start Date/Time: June 13, 2021 at 1:06:44 AM EDT
01:06:44.148 INFO  VariantsToTable - ------------------------------------------------------------
01:06:44.148 INFO  VariantsToTable - ------------------------------------------------------------
01:06:44.149 INFO  VariantsToTable - HTSJDK Version: 2.24.0
01:06:44.149 INFO  VariantsToTable - Picard Version: 2.25.0
01:06:44.149 INFO  VariantsToTable - Built for Spark Version: 2.4.5
01:06:44.149 INFO  VariantsToTable - HTSJDK Defaults.COMPRESSION_LEVEL : 2
01:06:44.149 INFO  VariantsToTable - HTSJDK Defaults.USE_ASYNC_IO_READ_FOR_SAMTOOLS : false
01:06:44.149 INFO  VariantsToTable - HTSJDK Defaults.USE_ASYNC_IO_WRITE_FOR_SAMTOOLS : true
01:06:44.149 INFO  VariantsToTable - HTSJDK Defaults.USE_ASYNC_IO_WRITE_FOR_TRIBBLE : false
01:06:44.149 INFO  VariantsToTable - Deflater: IntelDeflater
01:06:44.149 INFO  VariantsToTable - Inflater: IntelInflater
01:06:44.149 INFO  VariantsToTable - GCS max retries/reopens: 20
01:06:44.149 INFO  VariantsToTable - Requester pays: disabled
01:06:44.149 INFO  VariantsToTable - Initializing engine
01:06:44.278 INFO  FeatureManager - Using codec VCFCodec to read file file:///scratch/timothy/projects/0020_Pocillopora_acuta_PacBio_Assembly/03_Analysis/2021_05_26/RNAseq_short_variant_analysis/filtering/GVCFall_INDELs_VarScores_filterPASSED.vcf
01:06:44.322 INFO  VariantsToTable - Done initializing engine
01:06:44.323 WARN  VariantsToTable - Allele-specific fields will only be split if splitting multi-allelic variants is specified (`--split-multi-allelic` or `-SMA`
01:06:44.323 INFO  ProgressMeter - Starting traversal
01:06:44.323 INFO  ProgressMeter -        Current Locus  Elapsed Minutes    Variants Processed  Variants/Minute
01:06:54.335 INFO  ProgressMeter - Pocillopora_acuta_HIv1___Scaffold_001110F___length_203780:120103              0.2                573000        3434565.4
01:06:54.545 INFO  ProgressMeter - Pocillopora_acuta_HIv1___Scaffold_001672F___length_64522:20964              0.2                586520        3442692.2
01:06:54.545 INFO  ProgressMeter - Traversal complete. Processed 586520 total variants in 0.2 minutes.
01:06:54.546 INFO  VariantsToTable - Shutting down engine
[June 13, 2021 at 1:06:54 AM EDT] org.broadinstitute.hellbender.tools.walkers.variantutils.VariantsToTable done. Elapsed time: 0.18 minutes.
Runtime.totalMemory()=3430940672
Using GATK jar /home/timothy/programs/gatk-4.2.0.0/gatk-package-4.2.0.0-local.jar
Running:
    java -Dsamjdk.use_async_io_read_samtools=false -Dsamjdk.use_async_io_write_samtools=true -Dsamjdk.use_async_io_write_tribble=false -Dsamjdk.compression_level=2 -jar /home/timothy/programs/gatk-4.2.0.0/gatk-package-4.2.0.0-local.jar VariantsToTable --reference Pocillopora_acuta_HIv1.assembly.purged.fasta --variant GVCFall_INDELs_VarScores_filterPASSED.vcf --output GVCFall_INDELs_VarScores_filterPASSED.table -F CHROM -F POS -F QUAL -F QD -F DP -F MQ -F FS -F SOR -F MQRankSum -F ReadPosRankSum
