Using GATK jar /home/timothy/programs/gatk-4.2.0.0/gatk-package-4.2.0.0-local.jar
Running:
    java -Dsamjdk.use_async_io_read_samtools=false -Dsamjdk.use_async_io_write_samtools=true -Dsamjdk.use_async_io_write_tribble=false -Dsamjdk.compression_level=2 -jar /home/timothy/programs/gatk-4.2.0.0/gatk-package-4.2.0.0-local.jar SelectVariants --reference Pocillopora_acuta_HIv1.assembly.purged.fasta --variant GVCFall.vcf.gz --output GVCFall_SNPs.vcf.gz -select-type SNP
00:20:21.633 INFO  NativeLibraryLoader - Loading libgkl_compression.so from jar:file:/home/timothy/programs/gatk-4.2.0.0/gatk-package-4.2.0.0-local.jar!/com/intel/gkl/native/libgkl_compression.so
Jun 13, 2021 12:20:21 AM shaded.cloud_nio.com.google.auth.oauth2.ComputeEngineCredentials runningOnComputeEngine
INFO: Failed to detect whether we are running on Google Compute Engine.
00:20:21.752 INFO  SelectVariants - ------------------------------------------------------------
00:20:21.752 INFO  SelectVariants - The Genome Analysis Toolkit (GATK) v4.2.0.0
00:20:21.752 INFO  SelectVariants - For support and documentation go to https://software.broadinstitute.org/gatk/
00:20:21.752 INFO  SelectVariants - Executing as timothy@coral on Linux v5.4.0-72-generic amd64
00:20:21.752 INFO  SelectVariants - Java runtime: OpenJDK 64-Bit Server VM v11.0.11+9-Ubuntu-0ubuntu2.20.04
00:20:21.752 INFO  SelectVariants - Start Date/Time: June 13, 2021 at 12:20:21 AM EDT
00:20:21.752 INFO  SelectVariants - ------------------------------------------------------------
00:20:21.752 INFO  SelectVariants - ------------------------------------------------------------
00:20:21.753 INFO  SelectVariants - HTSJDK Version: 2.24.0
00:20:21.753 INFO  SelectVariants - Picard Version: 2.25.0
00:20:21.753 INFO  SelectVariants - Built for Spark Version: 2.4.5
00:20:21.753 INFO  SelectVariants - HTSJDK Defaults.COMPRESSION_LEVEL : 2
00:20:21.753 INFO  SelectVariants - HTSJDK Defaults.USE_ASYNC_IO_READ_FOR_SAMTOOLS : false
00:20:21.753 INFO  SelectVariants - HTSJDK Defaults.USE_ASYNC_IO_WRITE_FOR_SAMTOOLS : true
00:20:21.753 INFO  SelectVariants - HTSJDK Defaults.USE_ASYNC_IO_WRITE_FOR_TRIBBLE : false
00:20:21.753 INFO  SelectVariants - Deflater: IntelDeflater
00:20:21.753 INFO  SelectVariants - Inflater: IntelInflater
00:20:21.753 INFO  SelectVariants - GCS max retries/reopens: 20
00:20:21.753 INFO  SelectVariants - Requester pays: disabled
00:20:21.753 INFO  SelectVariants - Initializing engine
00:20:21.927 INFO  FeatureManager - Using codec VCFCodec to read file file:///scratch/timothy/projects/0020_Pocillopora_acuta_PacBio_Assembly/03_Analysis/2021_05_26/RNAseq_short_variant_analysis/filtering/GVCFall.vcf.gz
00:20:22.001 INFO  SelectVariants - Done initializing engine
00:20:22.032 INFO  ProgressMeter - Starting traversal
00:20:22.032 INFO  ProgressMeter -        Current Locus  Elapsed Minutes    Variants Processed  Variants/Minute
00:20:32.052 INFO  ProgressMeter - Pocillopora_acuta_HIv1___Scaffold_000002F___length_3285914:868289              0.2                312000        1868449.9
00:20:42.061 INFO  ProgressMeter - Pocillopora_acuta_HIv1___Scaffold_000008F___length_2769899:1578399              0.3                652000        1953167.9
00:20:52.089 INFO  ProgressMeter - Pocillopora_acuta_HIv1___Scaffold_000019F___length_2418994:2027962              0.5               1038000        2072063.1
00:21:02.100 INFO  ProgressMeter - Pocillopora_acuta_HIv1___Scaffold_000029F___length_2136925:1911654              0.7               1441000        2157885.5
00:21:12.122 INFO  ProgressMeter - Pocillopora_acuta_HIv1___Scaffold_000040F___length_1870022:953936              0.8               1831000        2193252.1
00:21:22.125 INFO  ProgressMeter - Pocillopora_acuta_HIv1___Scaffold_000059F___length_1692002:832634              1.0               2242000        2238530.3
00:21:32.131 INFO  ProgressMeter - Pocillopora_acuta_HIv1___Scaffold_000068F___length_1552883:1197162              1.2               2635000        2255381.7
00:21:42.138 INFO  ProgressMeter - Pocillopora_acuta_HIv1___Scaffold_000073F___length_1449292:992105              1.3               3031000        2270241.9
00:21:52.151 INFO  ProgressMeter - Pocillopora_acuta_HIv1___Scaffold_000096F___length_1327327:204655              1.5               3421000        2277655.1
00:22:02.156 INFO  ProgressMeter - Pocillopora_acuta_HIv1___Scaffold_000110F___length_1189302:1022544              1.7               3818000        2287962.9
00:22:12.160 INFO  ProgressMeter - Pocillopora_acuta_HIv1___Scaffold_000139F___length_1092541:789457              1.8               4224000        2301322.1
00:22:22.178 INFO  ProgressMeter - Pocillopora_acuta_HIv1___Scaffold_000186F___length_987169:356323              2.0               4634000        2314184.4
00:22:32.184 INFO  ProgressMeter - Pocillopora_acuta_HIv1___Scaffold_000224F___length_891726:691574              2.2               5041000        2323898.2
00:22:42.208 INFO  ProgressMeter - Pocillopora_acuta_HIv1___Scaffold_000240F___length_794972:139418              2.3               5448000        2331942.2
00:22:52.209 INFO  ProgressMeter - Pocillopora_acuta_HIv1___Scaffold_000307F___length_718663:266262              2.5               5857000        2340038.8
00:23:02.209 INFO  ProgressMeter - Pocillopora_acuta_HIv1___Scaffold_000400F___length_624205:98657              2.7               6270000        2348651.8
00:23:12.218 INFO  ProgressMeter - Pocillopora_acuta_HIv1___Scaffold_000487F___length_529700:515986              2.8               6684000        2356480.6
00:23:22.243 INFO  ProgressMeter - Pocillopora_acuta_HIv1___Scaffold_000654F___length_381676:172019              3.0               7100000        2363895.7
00:23:32.266 INFO  ProgressMeter - Pocillopora_acuta_HIv1___Scaffold_000920F___length_271206:62795              3.2               7516000        2370554.2
00:23:40.107 INFO  ProgressMeter - Pocillopora_acuta_HIv1___Scaffold_001864F___length_27309:23122              3.3               7838506        2374405.5
00:23:40.107 INFO  ProgressMeter - Traversal complete. Processed 7838506 total variants in 3.3 minutes.
00:23:40.132 INFO  SelectVariants - Shutting down engine
[June 13, 2021 at 12:23:40 AM EDT] org.broadinstitute.hellbender.tools.walkers.variantutils.SelectVariants done. Elapsed time: 3.31 minutes.
Runtime.totalMemory()=4768923648
