09:19:14.652 INFO  NativeLibraryLoader - Loading libgkl_compression.so from jar:file:/home/timothy/programs/gatk-4.2.0.0/gatk-package-4.2.0.0-local.jar!/com/intel/gkl/native/libgkl_compression.so
Jun 13, 2021 9:19:14 AM shaded.cloud_nio.com.google.auth.oauth2.ComputeEngineCredentials runningOnComputeEngine
INFO: Failed to detect whether we are running on Google Compute Engine.
09:19:14.832 INFO  VariantFiltration - ------------------------------------------------------------
09:19:14.833 INFO  VariantFiltration - The Genome Analysis Toolkit (GATK) v4.2.0.0
09:19:14.833 INFO  VariantFiltration - For support and documentation go to https://software.broadinstitute.org/gatk/
09:19:14.833 INFO  VariantFiltration - Executing as timothy@coral on Linux v5.4.0-72-generic amd64
09:19:14.833 INFO  VariantFiltration - Java runtime: OpenJDK 64-Bit Server VM v11.0.11+9-Ubuntu-0ubuntu2.20.04
09:19:14.833 INFO  VariantFiltration - Start Date/Time: June 13, 2021 at 9:19:14 AM EDT
09:19:14.833 INFO  VariantFiltration - ------------------------------------------------------------
09:19:14.833 INFO  VariantFiltration - ------------------------------------------------------------
09:19:14.833 INFO  VariantFiltration - HTSJDK Version: 2.24.0
09:19:14.834 INFO  VariantFiltration - Picard Version: 2.25.0
09:19:14.834 INFO  VariantFiltration - Built for Spark Version: 2.4.5
09:19:14.834 INFO  VariantFiltration - HTSJDK Defaults.COMPRESSION_LEVEL : 2
09:19:14.834 INFO  VariantFiltration - HTSJDK Defaults.USE_ASYNC_IO_READ_FOR_SAMTOOLS : false
09:19:14.834 INFO  VariantFiltration - HTSJDK Defaults.USE_ASYNC_IO_WRITE_FOR_SAMTOOLS : true
09:19:14.834 INFO  VariantFiltration - HTSJDK Defaults.USE_ASYNC_IO_WRITE_FOR_TRIBBLE : false
09:19:14.834 INFO  VariantFiltration - Deflater: IntelDeflater
09:19:14.834 INFO  VariantFiltration - Inflater: IntelInflater
09:19:14.834 INFO  VariantFiltration - GCS max retries/reopens: 20
09:19:14.834 INFO  VariantFiltration - Requester pays: disabled
09:19:14.834 INFO  VariantFiltration - Initializing engine
09:19:14.966 INFO  FeatureManager - Using codec VCFCodec to read file file:///scratch/timothy/projects/0020_Pocillopora_acuta_PacBio_Assembly/03_Analysis/2021_05_26/RNAseq_short_variant_analysis/filtering/GVCFall_SNPs_VarScores_filterPASSED.vcf
09:19:15.097 INFO  VariantFiltration - Done initializing engine
09:19:15.149 INFO  ProgressMeter - Starting traversal
09:19:15.149 INFO  ProgressMeter -        Current Locus  Elapsed Minutes    Variants Processed  Variants/Minute
09:19:25.185 INFO  ProgressMeter - Pocillopora_acuta_HIv1___Scaffold_000000F___length_7015273:2839541              0.2                 40000         239139.1
09:19:35.284 INFO  ProgressMeter - Pocillopora_acuta_HIv1___Scaffold_000000F___length_7015273:6991193              0.3                 91000         271169.6
09:19:45.458 INFO  ProgressMeter - Pocillopora_acuta_HIv1___Scaffold_000001F___length_3838978:3400811              0.5                144000         285063.8
09:19:55.631 INFO  ProgressMeter - Pocillopora_acuta_HIv1___Scaffold_000002F___length_3285914:1007005              0.7                198000         293463.8
09:20:05.804 INFO  ProgressMeter - Pocillopora_acuta_HIv1___Scaffold_000007F___length_3038207:2435324              0.8                254000         300858.8
09:20:15.951 INFO  ProgressMeter - Pocillopora_acuta_HIv1___Scaffold_000004F___length_2973859:314581              1.0                308000         303937.4
09:20:26.004 INFO  ProgressMeter - Pocillopora_acuta_HIv1___Scaffold_000005F___length_2913003:606269              1.2                362000         306541.5
09:20:36.115 INFO  ProgressMeter - Pocillopora_acuta_HIv1___Scaffold_000008F___length_2769899:1301397              1.3                416000         308277.5
09:20:46.164 INFO  ProgressMeter - Pocillopora_acuta_HIv1___Scaffold_000009F___length_2672951:1511052              1.5                469000         309183.2
09:20:56.326 INFO  ProgressMeter - Pocillopora_acuta_HIv1___Scaffold_000011F___length_2586769:222880              1.7                525000         311335.6
09:21:06.483 INFO  ProgressMeter - Pocillopora_acuta_HIv1___Scaffold_000012F___length_2520783:1644217              1.9                580000         312573.0
09:21:16.545 INFO  ProgressMeter - Pocillopora_acuta_HIv1___Scaffold_000020F___length_2467453:1366163              2.0                634000         313354.6
09:21:26.693 INFO  ProgressMeter - Pocillopora_acuta_HIv1___Scaffold_000021F___length_2349876:1523543              2.2                689000         314267.5
09:21:36.852 INFO  ProgressMeter - Pocillopora_acuta_HIv1___Scaffold_000026F___length_2243953:1064182              2.4                745000         315448.5
09:21:47.026 INFO  ProgressMeter - Pocillopora_acuta_HIv1___Scaffold_000016F___length_2230716:590232              2.5                800000         316045.2
09:21:57.043 INFO  ProgressMeter - Pocillopora_acuta_HIv1___Scaffold_000024F___length_2194858:1852032              2.7                855000         316874.0
09:22:07.062 INFO  ProgressMeter - Pocillopora_acuta_HIv1___Scaffold_000031F___length_2151340:1432554              2.9                911000         317951.5
09:22:17.210 INFO  ProgressMeter - Pocillopora_acuta_HIv1___Scaffold_000013F___length_2048302:1224484              3.0                966000         318354.8
09:22:27.366 INFO  ProgressMeter - Pocillopora_acuta_HIv1___Scaffold_000030F___length_1997862:1255490              3.2               1022000         319014.4
09:22:37.460 INFO  ProgressMeter - Pocillopora_acuta_HIv1___Scaffold_000033F___length_1976463:870061              3.4               1077000         319409.2
09:22:47.527 INFO  ProgressMeter - Pocillopora_acuta_HIv1___Scaffold_000036F___length_1887486:1346205              3.5               1132000         319807.1
09:22:57.551 INFO  ProgressMeter - Pocillopora_acuta_HIv1___Scaffold_000046F___length_1870459:1691311              3.7               1185000         319691.4
09:23:07.597 INFO  ProgressMeter - Pocillopora_acuta_HIv1___Scaffold_000038F___length_1860461:1678081              3.9               1239000         319813.5
09:23:17.677 INFO  ProgressMeter - Pocillopora_acuta_HIv1___Scaffold_000045F___length_1821403:441907              4.0               1295000         320375.4
09:23:27.825 INFO  ProgressMeter - Pocillopora_acuta_HIv1___Scaffold_000049F___length_1801693:1036625              4.2               1351000         320806.1
09:23:37.934 INFO  ProgressMeter - Pocillopora_acuta_HIv1___Scaffold_000051F___length_1752840:66087              4.4               1408000         321479.5
09:23:47.936 INFO  ProgressMeter - Pocillopora_acuta_HIv1___Scaffold_000052F___length_1749787:1246107              4.5               1463000         321789.5
09:23:58.068 INFO  ProgressMeter - Pocillopora_acuta_HIv1___Scaffold_000055F___length_1685811:1127626              4.7               1517000         321717.5
09:24:08.201 INFO  ProgressMeter - Pocillopora_acuta_HIv1___Scaffold_000060F___length_1636426:1443244              4.9               1572000         321854.1
09:24:18.216 INFO  ProgressMeter - Pocillopora_acuta_HIv1___Scaffold_000058F___length_1607644:711381              5.1               1627000         322107.0
09:24:28.311 INFO  ProgressMeter - Pocillopora_acuta_HIv1___Scaffold_000053F___length_1590508:1366021              5.2               1681000         322069.7
09:24:38.333 INFO  ProgressMeter - Pocillopora_acuta_HIv1___Scaffold_000068F___length_1552883:270705              5.4               1735000         322108.5
09:24:48.398 INFO  ProgressMeter - Pocillopora_acuta_HIv1___Scaffold_000050F___length_1523765:1348610              5.6               1789000         322101.5
09:24:58.611 INFO  ProgressMeter - Pocillopora_acuta_HIv1___Scaffold_000083F___length_1495163:1156395              5.7               1844000         322131.7
09:25:08.663 INFO  ProgressMeter - Pocillopora_acuta_HIv1___Scaffold_000054F___length_1482085:111148              5.9               1899000         322306.9
09:25:18.759 INFO  ProgressMeter - Pocillopora_acuta_HIv1___Scaffold_000075F___length_1465233:1026204              6.1               1954000         322433.4
09:25:28.887 INFO  ProgressMeter - Pocillopora_acuta_HIv1___Scaffold_000041F___length_1444133:1079712              6.2               2010000         322685.9
09:25:39.054 INFO  ProgressMeter - Pocillopora_acuta_HIv1___Scaffold_000089F___length_1432987:523471              6.4               2065000         322736.1
09:25:49.179 INFO  ProgressMeter - Pocillopora_acuta_HIv1___Scaffold_000032F___length_1397619:1352140              6.6               2120000         322818.1
09:25:59.354 INFO  ProgressMeter - Pocillopora_acuta_HIv1___Scaffold_000085F___length_1359006:673271              6.7               2177000         323153.7
09:26:09.588 INFO  ProgressMeter - Pocillopora_acuta_HIv1___Scaffold_000076F___length_1335001:668145              6.9               2232000         323135.6
09:26:19.657 INFO  ProgressMeter - Pocillopora_acuta_HIv1___Scaffold_000106F___length_1313924:505488              7.1               2286000         323103.5
09:26:29.793 INFO  ProgressMeter - Pocillopora_acuta_HIv1___Scaffold_000107F___length_1282968:682498              7.2               2341000         323161.0
09:26:39.806 INFO  ProgressMeter - Pocillopora_acuta_HIv1___Scaffold_000097F___length_1240190:344133              7.4               2394000         323035.5
09:26:49.874 INFO  ProgressMeter - Pocillopora_acuta_HIv1___Scaffold_000118F___length_1218181:752943              7.6               2449000         323141.1
09:26:59.892 INFO  ProgressMeter - Pocillopora_acuta_HIv1___Scaffold_000124F___length_1185441:298237              7.7               2504000         323275.4
09:27:10.012 INFO  ProgressMeter - Pocillopora_acuta_HIv1___Scaffold_000122F___length_1169827:759474              7.9               2560000         323461.7
09:27:20.165 INFO  ProgressMeter - Pocillopora_acuta_HIv1___Scaffold_000145F___length_1145118:76212              8.1               2616000         323618.2
09:27:30.206 INFO  ProgressMeter - Pocillopora_acuta_HIv1___Scaffold_000148F___length_1124693:398337              8.3               2672000         323841.5
09:27:40.233 INFO  ProgressMeter - Pocillopora_acuta_HIv1___Scaffold_000152F___length_1105811:901143              8.4               2727000         323946.8
09:27:50.232 INFO  ProgressMeter - Pocillopora_acuta_HIv1___Scaffold_000153F___length_1087004:754961              8.6               2781000         323947.8
09:28:00.334 INFO  ProgressMeter - Pocillopora_acuta_HIv1___Scaffold_000143F___length_1067668:916376              8.8               2836000         324000.1
09:28:10.481 INFO  ProgressMeter - Pocillopora_acuta_HIv1___Scaffold_000173F___length_1028616:107885              8.9               2892000         324135.3
09:28:20.492 INFO  ProgressMeter - Pocillopora_acuta_HIv1___Scaffold_000135F___length_1011354:719334              9.1               2946000         324126.3
09:28:30.532 INFO  ProgressMeter - Pocillopora_acuta_HIv1___Scaffold_000198F___length_996333:766599              9.3               3001000         324208.7
09:28:40.599 INFO  ProgressMeter - Pocillopora_acuta_HIv1___Scaffold_000185F___length_983508:576933              9.4               3057000         324378.8
09:28:50.722 INFO  ProgressMeter - Pocillopora_acuta_HIv1___Scaffold_000194F___length_966782:235560              9.6               3113000         324511.4
09:29:00.821 INFO  ProgressMeter - Pocillopora_acuta_HIv1___Scaffold_000220F___length_937020:224191              9.8               3168000         324550.3
09:29:10.955 INFO  ProgressMeter - Pocillopora_acuta_HIv1___Scaffold_000213F___length_929939:642778              9.9               3223000         324568.7
09:29:21.132 INFO  ProgressMeter - Pocillopora_acuta_HIv1___Scaffold_000218F___length_904853:435221             10.1               3279000         324662.6
09:29:31.289 INFO  ProgressMeter - Pocillopora_acuta_HIv1___Scaffold_000214F___length_879870:101133             10.3               3335000         324763.9
09:29:41.325 INFO  ProgressMeter - Pocillopora_acuta_HIv1___Scaffold_000183F___length_864840:188249             10.4               3389000         324733.0
09:29:51.421 INFO  ProgressMeter - Pocillopora_acuta_HIv1___Scaffold_000211F___length_854053:233056             10.6               3444000         324766.8
09:30:01.430 INFO  ProgressMeter - Pocillopora_acuta_HIv1___Scaffold_000249F___length_822133:101082             10.8               3499000         324843.2
09:30:11.609 INFO  ProgressMeter - Pocillopora_acuta_HIv1___Scaffold_000233F___length_814412:806939             10.9               3556000         325016.0
09:30:21.676 INFO  ProgressMeter - Pocillopora_acuta_HIv1___Scaffold_000271F___length_790572:388160             11.1               3611000         325058.1
09:30:31.748 INFO  ProgressMeter - Pocillopora_acuta_HIv1___Scaffold_000281F___length_773894:175551             11.3               3666000         325096.5
09:30:41.778 INFO  ProgressMeter - Pocillopora_acuta_HIv1___Scaffold_000292F___length_759423:558854             11.4               3721000         325153.8
09:30:51.856 INFO  ProgressMeter - Pocillopora_acuta_HIv1___Scaffold_000296F___length_745899:287521             11.6               3776000         325186.9
09:31:01.868 INFO  ProgressMeter - Pocillopora_acuta_HIv1___Scaffold_000301F___length_732247:523948             11.8               3831000         325249.5
09:31:12.034 INFO  ProgressMeter - Pocillopora_acuta_HIv1___Scaffold_000315F___length_710535:157294             11.9               3886000         325240.5
09:31:22.124 INFO  ProgressMeter - Pocillopora_acuta_HIv1___Scaffold_000334F___length_694416:627666             12.1               3942000         325348.2
09:31:32.199 INFO  ProgressMeter - Pocillopora_acuta_HIv1___Scaffold_000348F___length_678572:568326             12.3               3998000         325459.6
09:31:42.265 INFO  ProgressMeter - Pocillopora_acuta_HIv1___Scaffold_000378F___length_646438:400650             12.5               4054000         325571.9
09:31:52.412 INFO  ProgressMeter - Pocillopora_acuta_HIv1___Scaffold_000385F___length_628782:98792             12.6               4110000         325646.9
09:32:02.494 INFO  ProgressMeter - Pocillopora_acuta_HIv1___Scaffold_000402F___length_614232:149611             12.8               4165000         325668.4
09:32:12.602 INFO  ProgressMeter - Pocillopora_acuta_HIv1___Scaffold_000423F___length_595246:503481             13.0               4220000         325678.9
09:32:22.604 INFO  ProgressMeter - Pocillopora_acuta_HIv1___Scaffold_000429F___length_580970:423056             13.1               4275000         325732.9
09:32:32.608 INFO  ProgressMeter - Pocillopora_acuta_HIv1___Scaffold_000459F___length_557542:144130             13.3               4330000         325785.2
09:32:42.704 INFO  ProgressMeter - Pocillopora_acuta_HIv1___Scaffold_000471F___length_545138:262929             13.5               4386000         325872.5
09:32:52.767 INFO  ProgressMeter - Pocillopora_acuta_HIv1___Scaffold_000525F___length_520077:153564             13.6               4440000         325824.5
09:33:02.828 INFO  ProgressMeter - Pocillopora_acuta_HIv1___Scaffold_000509F___length_495048:471429             13.8               4496000         325923.5
09:33:12.964 INFO  ProgressMeter - Pocillopora_acuta_HIv1___Scaffold_000567F___length_468752:308319             14.0               4552000         325990.8
09:33:23.054 INFO  ProgressMeter - Pocillopora_acuta_HIv1___Scaffold_000573F___length_450837:179136             14.1               4608000         326074.3
09:33:33.105 INFO  ProgressMeter - Pocillopora_acuta_HIv1___Scaffold_000596F___length_406726:291061             14.3               4663000         326100.6
09:33:43.154 INFO  ProgressMeter - Pocillopora_acuta_HIv1___Scaffold_000672F___length_368316:132791             14.5               4718000         326127.2
09:33:53.294 INFO  ProgressMeter - Pocillopora_acuta_HIv1___Scaffold_000696F___length_343726:14494             14.6               4774000         326188.0
09:34:03.304 INFO  ProgressMeter - Pocillopora_acuta_HIv1___Scaffold_000756F___length_332923:273550             14.8               4828000         326159.3
09:34:13.461 INFO  ProgressMeter - Pocillopora_acuta_HIv1___Scaffold_000825F___length_308582:145255             15.0               4884000         326211.8
09:34:23.536 INFO  ProgressMeter - Pocillopora_acuta_HIv1___Scaffold_000901F___length_279552:78490             15.1               4939000         326227.0
09:34:33.549 INFO  ProgressMeter - Pocillopora_acuta_HIv1___Scaffold_001010F___length_239611:142132             15.3               4995000         326328.4
09:34:43.708 INFO  ProgressMeter - Pocillopora_acuta_HIv1___Scaffold_001076F___length_199119:7745             15.5               5052000         326441.3
09:34:53.722 INFO  ProgressMeter - Pocillopora_acuta_HIv1___Scaffold_001260F___length_164409:141934             15.6               5108000         326538.3
09:35:03.765 INFO  ProgressMeter - Pocillopora_acuta_HIv1___Scaffold_001631F___length_75481:66435             15.8               5164000         326623.2
09:35:05.710 INFO  ProgressMeter - Pocillopora_acuta_HIv1___Scaffold_001864F___length_27309:4710             15.8               5174648         326627.0
09:35:05.710 INFO  ProgressMeter - Traversal complete. Processed 5174648 total variants in 15.8 minutes.
09:35:05.773 INFO  VariantFiltration - Shutting down engine
[June 13, 2021 at 9:35:05 AM EDT] org.broadinstitute.hellbender.tools.walkers.filters.VariantFiltration done. Elapsed time: 15.85 minutes.
Runtime.totalMemory()=4643094528
Using GATK jar /home/timothy/programs/gatk-4.2.0.0/gatk-package-4.2.0.0-local.jar
Running:
    java -Dsamjdk.use_async_io_read_samtools=false -Dsamjdk.use_async_io_write_samtools=true -Dsamjdk.use_async_io_write_tribble=false -Dsamjdk.compression_level=2 -jar /home/timothy/programs/gatk-4.2.0.0/gatk-package-4.2.0.0-local.jar VariantFiltration --reference Pocillopora_acuta_HIv1.assembly.purged.fasta --variant GVCFall_SNPs_VarScores_filterPASSED.vcf --output GVCFall_SNPs_VarScores_filterPASSED_DPfilter.vcf --genotype-filter-name DP_filter --genotype-filter-expression DP < 20.000
