Using GATK jar /home/timothy/programs/gatk-4.2.0.0/gatk-package-4.2.0.0-local.jar
Running:
    java -Dsamjdk.use_async_io_read_samtools=false -Dsamjdk.use_async_io_write_samtools=true -Dsamjdk.use_async_io_write_tribble=false -Dsamjdk.compression_level=2 -jar /home/timothy/programs/gatk-4.2.0.0/gatk-package-4.2.0.0-local.jar VariantsToTable --reference Pocillopora_acuta_HIv1.assembly.purged.fasta --variant GVCFall_INDELs.vcf.gz --output GVCFall_INDELs.table -F CHROM -F POS -F QUAL -F QD -F DP -F MQ -F FS -F SOR -F MQRankSum -F ReadPosRankSum
00:33:24.473 INFO  NativeLibraryLoader - Loading libgkl_compression.so from jar:file:/home/timothy/programs/gatk-4.2.0.0/gatk-package-4.2.0.0-local.jar!/com/intel/gkl/native/libgkl_compression.so
Jun 13, 2021 12:33:24 AM shaded.cloud_nio.com.google.auth.oauth2.ComputeEngineCredentials runningOnComputeEngine
INFO: Failed to detect whether we are running on Google Compute Engine.
00:33:24.593 INFO  VariantsToTable - ------------------------------------------------------------
00:33:24.593 INFO  VariantsToTable - The Genome Analysis Toolkit (GATK) v4.2.0.0
00:33:24.593 INFO  VariantsToTable - For support and documentation go to https://software.broadinstitute.org/gatk/
00:33:24.593 INFO  VariantsToTable - Executing as timothy@coral on Linux v5.4.0-72-generic amd64
00:33:24.593 INFO  VariantsToTable - Java runtime: OpenJDK 64-Bit Server VM v11.0.11+9-Ubuntu-0ubuntu2.20.04
00:33:24.593 INFO  VariantsToTable - Start Date/Time: June 13, 2021 at 12:33:24 AM EDT
00:33:24.593 INFO  VariantsToTable - ------------------------------------------------------------
00:33:24.593 INFO  VariantsToTable - ------------------------------------------------------------
00:33:24.594 INFO  VariantsToTable - HTSJDK Version: 2.24.0
00:33:24.594 INFO  VariantsToTable - Picard Version: 2.25.0
00:33:24.594 INFO  VariantsToTable - Built for Spark Version: 2.4.5
00:33:24.594 INFO  VariantsToTable - HTSJDK Defaults.COMPRESSION_LEVEL : 2
00:33:24.594 INFO  VariantsToTable - HTSJDK Defaults.USE_ASYNC_IO_READ_FOR_SAMTOOLS : false
00:33:24.594 INFO  VariantsToTable - HTSJDK Defaults.USE_ASYNC_IO_WRITE_FOR_SAMTOOLS : true
00:33:24.594 INFO  VariantsToTable - HTSJDK Defaults.USE_ASYNC_IO_WRITE_FOR_TRIBBLE : false
00:33:24.594 INFO  VariantsToTable - Deflater: IntelDeflater
00:33:24.594 INFO  VariantsToTable - Inflater: IntelInflater
00:33:24.594 INFO  VariantsToTable - GCS max retries/reopens: 20
00:33:24.594 INFO  VariantsToTable - Requester pays: disabled
00:33:24.594 INFO  VariantsToTable - Initializing engine
00:33:24.715 INFO  FeatureManager - Using codec VCFCodec to read file file:///scratch/timothy/projects/0020_Pocillopora_acuta_PacBio_Assembly/03_Analysis/2021_05_26/RNAseq_short_variant_analysis/filtering/GVCFall_INDELs.vcf.gz
00:33:24.792 INFO  VariantsToTable - Done initializing engine
00:33:24.792 WARN  VariantsToTable - Allele-specific fields will only be split if splitting multi-allelic variants is specified (`--split-multi-allelic` or `-SMA`
00:33:24.793 INFO  ProgressMeter - Starting traversal
00:33:24.793 INFO  ProgressMeter -        Current Locus  Elapsed Minutes    Variants Processed  Variants/Minute
00:33:34.801 INFO  ProgressMeter - Pocillopora_acuta_HIv1___Scaffold_000106F___length_1313924:1086121              0.2                480000        2878273.0
00:33:44.813 INFO  ProgressMeter - Pocillopora_acuta_HIv1___Scaffold_000090F___length_275397:50766              0.3               1017000        3047952.0
00:33:45.710 INFO  ProgressMeter - Pocillopora_acuta_HIv1___Scaffold_001723F___length_35473:21147              0.3               1063367        3050393.0
00:33:45.710 INFO  ProgressMeter - Traversal complete. Processed 1063367 total variants in 0.3 minutes.
00:33:45.710 INFO  VariantsToTable - Shutting down engine
[June 13, 2021 at 12:33:45 AM EDT] org.broadinstitute.hellbender.tools.walkers.variantutils.VariantsToTable done. Elapsed time: 0.35 minutes.
Runtime.totalMemory()=4013948928
