Using GATK jar /home/timothy/programs/gatk-4.2.0.0/gatk-package-4.2.0.0-local.jar
Running:
    java -Dsamjdk.use_async_io_read_samtools=false -Dsamjdk.use_async_io_write_samtools=true -Dsamjdk.use_async_io_write_tribble=false -Dsamjdk.compression_level=2 -jar /home/timothy/programs/gatk-4.2.0.0/gatk-package-4.2.0.0-local.jar SelectVariants --reference Pocillopora_acuta_HIv1.assembly.purged.fasta --variant GVCFall.vcf.gz --output GVCFall_INDELs.vcf.gz -select-type INDEL
00:27:03.203 INFO  NativeLibraryLoader - Loading libgkl_compression.so from jar:file:/home/timothy/programs/gatk-4.2.0.0/gatk-package-4.2.0.0-local.jar!/com/intel/gkl/native/libgkl_compression.so
Jun 13, 2021 12:27:03 AM shaded.cloud_nio.com.google.auth.oauth2.ComputeEngineCredentials runningOnComputeEngine
INFO: Failed to detect whether we are running on Google Compute Engine.
00:27:03.313 INFO  SelectVariants - ------------------------------------------------------------
00:27:03.313 INFO  SelectVariants - The Genome Analysis Toolkit (GATK) v4.2.0.0
00:27:03.313 INFO  SelectVariants - For support and documentation go to https://software.broadinstitute.org/gatk/
00:27:03.313 INFO  SelectVariants - Executing as timothy@coral on Linux v5.4.0-72-generic amd64
00:27:03.313 INFO  SelectVariants - Java runtime: OpenJDK 64-Bit Server VM v11.0.11+9-Ubuntu-0ubuntu2.20.04
00:27:03.313 INFO  SelectVariants - Start Date/Time: June 13, 2021 at 12:27:03 AM EDT
00:27:03.314 INFO  SelectVariants - ------------------------------------------------------------
00:27:03.314 INFO  SelectVariants - ------------------------------------------------------------
00:27:03.314 INFO  SelectVariants - HTSJDK Version: 2.24.0
00:27:03.314 INFO  SelectVariants - Picard Version: 2.25.0
00:27:03.314 INFO  SelectVariants - Built for Spark Version: 2.4.5
00:27:03.314 INFO  SelectVariants - HTSJDK Defaults.COMPRESSION_LEVEL : 2
00:27:03.314 INFO  SelectVariants - HTSJDK Defaults.USE_ASYNC_IO_READ_FOR_SAMTOOLS : false
00:27:03.314 INFO  SelectVariants - HTSJDK Defaults.USE_ASYNC_IO_WRITE_FOR_SAMTOOLS : true
00:27:03.314 INFO  SelectVariants - HTSJDK Defaults.USE_ASYNC_IO_WRITE_FOR_TRIBBLE : false
00:27:03.314 INFO  SelectVariants - Deflater: IntelDeflater
00:27:03.314 INFO  SelectVariants - Inflater: IntelInflater
00:27:03.314 INFO  SelectVariants - GCS max retries/reopens: 20
00:27:03.314 INFO  SelectVariants - Requester pays: disabled
00:27:03.314 INFO  SelectVariants - Initializing engine
00:27:03.437 INFO  FeatureManager - Using codec VCFCodec to read file file:///scratch/timothy/projects/0020_Pocillopora_acuta_PacBio_Assembly/03_Analysis/2021_05_26/RNAseq_short_variant_analysis/filtering/GVCFall.vcf.gz
00:27:03.509 INFO  SelectVariants - Done initializing engine
00:27:03.540 INFO  ProgressMeter - Starting traversal
00:27:03.540 INFO  ProgressMeter -        Current Locus  Elapsed Minutes    Variants Processed  Variants/Minute
00:27:13.568 INFO  ProgressMeter - Pocillopora_acuta_HIv1___Scaffold_000004F___length_2973859:799202              0.2                 75000         448788.3
00:27:23.641 INFO  ProgressMeter - Pocillopora_acuta_HIv1___Scaffold_000017F___length_2344199:456113              0.3                155000         462686.6
00:27:33.699 INFO  ProgressMeter - Pocillopora_acuta_HIv1___Scaffold_000034F___length_1965713:1465650              0.5                235000         467522.1
00:27:43.712 INFO  ProgressMeter - Pocillopora_acuta_HIv1___Scaffold_000055F___length_1685811:301700              0.7                312000         465996.2
00:27:53.740 INFO  ProgressMeter - Pocillopora_acuta_HIv1___Scaffold_000065F___length_1489235:570276              0.8                396000         473306.8
00:28:03.774 INFO  ProgressMeter - Pocillopora_acuta_HIv1___Scaffold_000087F___length_1327027:32112              1.0                472000         470166.4
00:28:13.839 INFO  ProgressMeter - Pocillopora_acuta_HIv1___Scaffold_000126F___length_1132339:842030              1.2                552000         471130.5
00:28:23.923 INFO  ProgressMeter - Pocillopora_acuta_HIv1___Scaffold_000186F___length_987169:401400              1.3                633000         472488.0
00:28:34.020 INFO  ProgressMeter - Pocillopora_acuta_HIv1___Scaffold_000235F___length_856315:820074              1.5                713000         472811.7
00:28:44.074 INFO  ProgressMeter - Pocillopora_acuta_HIv1___Scaffold_000309F___length_719688:233687              1.7                796000         475063.2
00:28:54.117 INFO  ProgressMeter - Pocillopora_acuta_HIv1___Scaffold_000435F___length_583999:94682              1.8                877000         475867.5
00:29:04.139 INFO  ProgressMeter - Pocillopora_acuta_HIv1___Scaffold_000648F___length_410412:357304              2.0                956000         475625.8
00:29:14.244 INFO  ProgressMeter - Pocillopora_acuta_HIv1___Scaffold_001127F___length_199569:154022              2.2               1039000         476955.6
00:29:17.266 INFO  ProgressMeter - Pocillopora_acuta_HIv1___Scaffold_001723F___length_35473:21147              2.2               1063367         477110.1
00:29:17.266 INFO  ProgressMeter - Traversal complete. Processed 1063367 total variants in 2.2 minutes.
00:29:17.290 INFO  SelectVariants - Shutting down engine
[June 13, 2021 at 12:29:17 AM EDT] org.broadinstitute.hellbender.tools.walkers.variantutils.SelectVariants done. Elapsed time: 2.24 minutes.
Runtime.totalMemory()=4605345792
