13:44:23.692 INFO  NativeLibraryLoader - Loading libgkl_compression.so from jar:file:/home/timothy/programs/gatk-4.2.0.0/gatk-package-4.2.0.0-local.jar!/com/intel/gkl/native/libgkl_compression.so
Jun 13, 2021 1:44:23 PM shaded.cloud_nio.com.google.auth.oauth2.ComputeEngineCredentials runningOnComputeEngine
INFO: Failed to detect whether we are running on Google Compute Engine.
13:44:23.834 INFO  VariantsToTable - ------------------------------------------------------------
13:44:23.834 INFO  VariantsToTable - The Genome Analysis Toolkit (GATK) v4.2.0.0
13:44:23.834 INFO  VariantsToTable - For support and documentation go to https://software.broadinstitute.org/gatk/
13:44:23.834 INFO  VariantsToTable - Executing as timothy@coral on Linux v5.4.0-72-generic amd64
13:44:23.834 INFO  VariantsToTable - Java runtime: OpenJDK 64-Bit Server VM v11.0.11+9-Ubuntu-0ubuntu2.20.04
13:44:23.834 INFO  VariantsToTable - Start Date/Time: June 13, 2021 at 1:44:23 PM EDT
13:44:23.834 INFO  VariantsToTable - ------------------------------------------------------------
13:44:23.834 INFO  VariantsToTable - ------------------------------------------------------------
13:44:23.835 INFO  VariantsToTable - HTSJDK Version: 2.24.0
13:44:23.835 INFO  VariantsToTable - Picard Version: 2.25.0
13:44:23.835 INFO  VariantsToTable - Built for Spark Version: 2.4.5
13:44:23.835 INFO  VariantsToTable - HTSJDK Defaults.COMPRESSION_LEVEL : 2
13:44:23.835 INFO  VariantsToTable - HTSJDK Defaults.USE_ASYNC_IO_READ_FOR_SAMTOOLS : false
13:44:23.835 INFO  VariantsToTable - HTSJDK Defaults.USE_ASYNC_IO_WRITE_FOR_SAMTOOLS : true
13:44:23.835 INFO  VariantsToTable - HTSJDK Defaults.USE_ASYNC_IO_WRITE_FOR_TRIBBLE : false
13:44:23.835 INFO  VariantsToTable - Deflater: IntelDeflater
13:44:23.835 INFO  VariantsToTable - Inflater: IntelInflater
13:44:23.835 INFO  VariantsToTable - GCS max retries/reopens: 20
13:44:23.835 INFO  VariantsToTable - Requester pays: disabled
13:44:23.835 INFO  VariantsToTable - Initializing engine
13:44:23.946 INFO  FeatureManager - Using codec VCFCodec to read file file:///scratch/timothy/projects/0020_Pocillopora_acuta_PacBio_Assembly/03_Analysis/2021_05_26/RNAseq_short_variant_analysis/filtering/GVCFall_SNPs_VarScores_filterPASSED_DPfilterNoCall.vcf
13:44:24.031 INFO  VariantsToTable - Done initializing engine
13:44:24.034 WARN  VariantsToTable - Allele-specific fields will only be split if splitting multi-allelic variants is specified (`--split-multi-allelic` or `-SMA`
13:44:24.034 INFO  ProgressMeter - Starting traversal
13:44:24.035 INFO  ProgressMeter -        Current Locus  Elapsed Minutes    Variants Processed  Variants/Minute
13:44:34.123 INFO  ProgressMeter - Pocillopora_acuta_HIv1___Scaffold_000000F___length_7015273:3013396              0.2                 42000         249851.3
13:44:44.220 INFO  ProgressMeter - Pocillopora_acuta_HIv1___Scaffold_000001F___length_3838978:486771              0.3                 98000         291305.4
13:44:54.296 INFO  ProgressMeter - Pocillopora_acuta_HIv1___Scaffold_000003F___length_3310154:342649              0.5                152000         301378.0
13:45:04.337 INFO  ProgressMeter - Pocillopora_acuta_HIv1___Scaffold_000002F___length_3285914:2212633              0.7                210000         312647.3
13:45:14.352 INFO  ProgressMeter - Pocillopora_acuta_HIv1___Scaffold_000006F___length_3012071:482332              0.8                267000         318381.5
13:45:24.435 INFO  ProgressMeter - Pocillopora_acuta_HIv1___Scaffold_000004F___length_2973859:1110688              1.0                324000         321854.3
13:45:34.588 INFO  ProgressMeter - Pocillopora_acuta_HIv1___Scaffold_000005F___length_2913003:2089485              1.2                382000         324862.2
13:45:44.632 INFO  ProgressMeter - Pocillopora_acuta_HIv1___Scaffold_000008F___length_2769899:2304821              1.3                438000         326066.7
13:45:54.646 INFO  ProgressMeter - Pocillopora_acuta_HIv1___Scaffold_000010F___length_2656316:833050              1.5                496000         328440.6
13:46:04.777 INFO  ProgressMeter - Pocillopora_acuta_HIv1___Scaffold_000012F___length_2520783:80814              1.7                555000         330550.6
13:46:14.930 INFO  ProgressMeter - Pocillopora_acuta_HIv1___Scaffold_000014F___length_2520379:1745026              1.8                614000         332206.1
13:46:24.939 INFO  ProgressMeter - Pocillopora_acuta_HIv1___Scaffold_000019F___length_2418994:2191563              2.0                672000         333487.7
13:46:35.065 INFO  ProgressMeter - Pocillopora_acuta_HIv1___Scaffold_000026F___length_2243953:42520              2.2                731000         334732.5
13:46:45.227 INFO  ProgressMeter - Pocillopora_acuta_HIv1___Scaffold_000022F___length_2234617:1974138              2.4                790000         335715.4
13:46:55.371 INFO  ProgressMeter - Pocillopora_acuta_HIv1___Scaffold_000024F___length_2194858:1381502              2.5                849000         336602.0
13:47:05.386 INFO  ProgressMeter - Pocillopora_acuta_HIv1___Scaffold_000031F___length_2151340:968035              2.7                906000         336907.3
13:47:15.415 INFO  ProgressMeter - Pocillopora_acuta_HIv1___Scaffold_000013F___length_2048302:1131978              2.9                965000         337847.7
13:47:25.551 INFO  ProgressMeter - Pocillopora_acuta_HIv1___Scaffold_000030F___length_1997862:1489002              3.0               1025000         338815.0
13:47:35.599 INFO  ProgressMeter - Pocillopora_acuta_HIv1___Scaffold_000033F___length_1976463:1246823              3.2               1084000         339521.0
13:47:45.747 INFO  ProgressMeter - Pocillopora_acuta_HIv1___Scaffold_000035F___length_1881926:449462              3.4               1144000         340287.1
13:47:55.753 INFO  ProgressMeter - Pocillopora_acuta_HIv1___Scaffold_000040F___length_1870022:837715              3.5               1202000         340641.8
13:48:05.812 INFO  ProgressMeter - Pocillopora_acuta_HIv1___Scaffold_000042F___length_1843182:1204720              3.7               1260000         340883.0
13:48:15.934 INFO  ProgressMeter - Pocillopora_acuta_HIv1___Scaffold_000047F___length_1804076:893947              3.9               1319000         341269.3
13:48:26.061 INFO  ProgressMeter - Pocillopora_acuta_HIv1___Scaffold_000048F___length_1779791:1108364              4.0               1378000         341616.2
13:48:36.125 INFO  ProgressMeter - Pocillopora_acuta_HIv1___Scaffold_000051F___length_1752840:1597743              4.2               1437000         342022.1
13:48:46.254 INFO  ProgressMeter - Pocillopora_acuta_HIv1___Scaffold_000059F___length_1692002:1487271              4.4               1495000         342080.5
13:48:56.357 INFO  ProgressMeter - Pocillopora_acuta_HIv1___Scaffold_000060F___length_1636426:105233              4.5               1554000         342390.0
13:49:06.524 INFO  ProgressMeter - Pocillopora_acuta_HIv1___Scaffold_000061F___length_1614046:1164755              4.7               1614000         342809.8
13:49:16.635 INFO  ProgressMeter - Pocillopora_acuta_HIv1___Scaffold_000053F___length_1590508:761485              4.9               1673000         343062.2
13:49:26.798 INFO  ProgressMeter - Pocillopora_acuta_HIv1___Scaffold_000067F___length_1571305:1547633              5.0               1733000         343436.9
13:49:36.930 INFO  ProgressMeter - Pocillopora_acuta_HIv1___Scaffold_000082F___length_1507628:278835              5.2               1793000         343821.4
13:49:46.964 INFO  ProgressMeter - Pocillopora_acuta_HIv1___Scaffold_000081F___length_1493854:413602              5.4               1852000         344100.4
13:49:57.081 INFO  ProgressMeter - Pocillopora_acuta_HIv1___Scaffold_000054F___length_1482085:1421454              5.6               1911000         344276.8
13:50:07.085 INFO  ProgressMeter - Pocillopora_acuta_HIv1___Scaffold_000077F___length_1459619:301287              5.7               1969000         344381.3
13:50:17.223 INFO  ProgressMeter - Pocillopora_acuta_HIv1___Scaffold_000088F___length_1443323:881598              5.9               2028000         344519.1
13:50:27.248 INFO  ProgressMeter - Pocillopora_acuta_HIv1___Scaffold_000069F___length_1411362:413552              6.1               2086000         344591.2
13:50:37.280 INFO  ProgressMeter - Pocillopora_acuta_HIv1___Scaffold_000102F___length_1365666:794121              6.2               2145000         344813.7
13:50:47.324 INFO  ProgressMeter - Pocillopora_acuta_HIv1___Scaffold_000091F___length_1356888:914304              6.4               2204000         345014.7
13:50:57.348 INFO  ProgressMeter - Pocillopora_acuta_HIv1___Scaffold_000096F___length_1327327:1314764              6.6               2263000         345221.2
13:51:07.458 INFO  ProgressMeter - Pocillopora_acuta_HIv1___Scaffold_000111F___length_1285554:727241              6.7               2323000         345493.4
13:51:17.572 INFO  ProgressMeter - Pocillopora_acuta_HIv1___Scaffold_000104F___length_1271314:914096              6.9               2382000         345604.7
13:51:27.612 INFO  ProgressMeter - Pocillopora_acuta_HIv1___Scaffold_000118F___length_1218181:190650              7.1               2441000         345769.5
13:51:37.618 INFO  ProgressMeter - Pocillopora_acuta_HIv1___Scaffold_000110F___length_1189302:1004191              7.2               2499000         345816.1
13:51:47.706 INFO  ProgressMeter - Pocillopora_acuta_HIv1___Scaffold_000122F___length_1169827:651375              7.4               2558000         345932.0
13:51:57.736 INFO  ProgressMeter - Pocillopora_acuta_HIv1___Scaffold_000145F___length_1145118:76212              7.6               2616000         345955.5
13:52:07.787 INFO  ProgressMeter - Pocillopora_acuta_HIv1___Scaffold_000148F___length_1124693:546357              7.7               2675000         346090.9
13:52:17.903 INFO  ProgressMeter - Pocillopora_acuta_HIv1___Scaffold_000149F___length_1101333:295823              7.9               2734000         346172.4
13:52:27.977 INFO  ProgressMeter - Pocillopora_acuta_HIv1___Scaffold_000158F___length_1083353:511344              8.1               2793000         346281.2
13:52:38.092 INFO  ProgressMeter - Pocillopora_acuta_HIv1___Scaffold_000169F___length_1042684:261165              8.2               2852000         346356.8
13:52:48.133 INFO  ProgressMeter - Pocillopora_acuta_HIv1___Scaffold_000174F___length_1022310:551722              8.4               2910000         346361.2
13:52:58.242 INFO  ProgressMeter - Pocillopora_acuta_HIv1___Scaffold_000180F___length_1003918:418670              8.6               2969000         346437.0
13:53:08.260 INFO  ProgressMeter - Pocillopora_acuta_HIv1___Scaffold_000125F___length_992046:848451              8.7               3028000         346568.7
13:53:18.306 INFO  ProgressMeter - Pocillopora_acuta_HIv1___Scaffold_000191F___length_971184:46413              8.9               3087000         346678.0
13:53:28.361 INFO  ProgressMeter - Pocillopora_acuta_HIv1___Scaffold_000205F___length_953054:410662              9.1               3145000         346667.3
13:53:38.445 INFO  ProgressMeter - Pocillopora_acuta_HIv1___Scaffold_000206F___length_931782:50496              9.2               3204000         346747.6
13:53:48.514 INFO  ProgressMeter - Pocillopora_acuta_HIv1___Scaffold_000134F___length_911907:832608              9.4               3263000         346833.1
13:53:58.555 INFO  ProgressMeter - Pocillopora_acuta_HIv1___Scaffold_000221F___length_891373:479108              9.6               3322000         346933.7
13:54:08.589 INFO  ProgressMeter - Pocillopora_acuta_HIv1___Scaffold_000231F___length_869956:530287              9.7               3381000         347033.8
13:54:18.616 INFO  ProgressMeter - Pocillopora_acuta_HIv1___Scaffold_000235F___length_856315:816464              9.9               3440000         347135.2
13:54:28.763 INFO  ProgressMeter - Pocillopora_acuta_HIv1___Scaffold_000249F___length_822133:101082             10.1               3499000         347164.3
13:54:38.826 INFO  ProgressMeter - Pocillopora_acuta_HIv1___Scaffold_000265F___length_805591:150484             10.2               3558000         347240.0
13:54:48.930 INFO  ProgressMeter - Pocillopora_acuta_HIv1___Scaffold_000271F___length_790572:769682             10.4               3617000         347290.9
13:54:59.047 INFO  ProgressMeter - Pocillopora_acuta_HIv1___Scaffold_000276F___length_773565:131559             10.6               3676000         347332.0
13:55:09.185 INFO  ProgressMeter - Pocillopora_acuta_HIv1___Scaffold_000294F___length_756792:234231             10.8               3735000         347361.1
13:55:19.219 INFO  ProgressMeter - Pocillopora_acuta_HIv1___Scaffold_000317F___length_736389:144314             10.9               3794000         347444.9
13:55:29.386 INFO  ProgressMeter - Pocillopora_acuta_HIv1___Scaffold_000309F___length_719688:562617             11.1               3854000         347545.9
13:55:39.437 INFO  ProgressMeter - Pocillopora_acuta_HIv1___Scaffold_000314F___length_703606:574402             11.3               3913000         347615.2
13:55:49.498 INFO  ProgressMeter - Pocillopora_acuta_HIv1___Scaffold_000335F___length_691215:637205             11.4               3972000         347677.4
13:55:59.555 INFO  ProgressMeter - Pocillopora_acuta_HIv1___Scaffold_000368F___length_655425:561777             11.6               4031000         347739.8
13:56:09.602 INFO  ProgressMeter - Pocillopora_acuta_HIv1___Scaffold_000350F___length_633154:212178             11.8               4089000         347720.8
13:56:19.646 INFO  ProgressMeter - Pocillopora_acuta_HIv1___Scaffold_000316F___length_620274:162002             11.9               4148000         347786.7
13:56:29.739 INFO  ProgressMeter - Pocillopora_acuta_HIv1___Scaffold_000421F___length_599719:281278             12.1               4207000         347827.8
13:56:39.839 INFO  ProgressMeter - Pocillopora_acuta_HIv1___Scaffold_000431F___length_583593:272796             12.3               4265000         347782.8
13:56:49.999 INFO  ProgressMeter - Pocillopora_acuta_HIv1___Scaffold_000372F___length_559298:345639             12.4               4325000         347872.5
13:57:00.144 INFO  ProgressMeter - Pocillopora_acuta_HIv1___Scaffold_000471F___length_545138:228091             12.6               4385000         347965.7
13:57:10.196 INFO  ProgressMeter - Pocillopora_acuta_HIv1___Scaffold_000525F___length_520077:419622             12.8               4444000         348020.8
13:57:20.228 INFO  ProgressMeter - Pocillopora_acuta_HIv1___Scaffold_000532F___length_491793:13836             12.9               4503000         348084.0
13:57:30.260 INFO  ProgressMeter - Pocillopora_acuta_HIv1___Scaffold_000562F___length_467106:331495             13.1               4562000         348144.6
13:57:40.421 INFO  ProgressMeter - Pocillopora_acuta_HIv1___Scaffold_000589F___length_444098:402982             13.3               4621000         348147.8
13:57:50.574 INFO  ProgressMeter - Pocillopora_acuta_HIv1___Scaffold_000586F___length_385843:88152             13.4               4680000         348154.3
13:58:00.605 INFO  ProgressMeter - Pocillopora_acuta_HIv1___Scaffold_000704F___length_358106:248640             13.6               4739000         348212.6
13:58:10.660 INFO  ProgressMeter - Pocillopora_acuta_HIv1___Scaffold_000741F___length_336914:7725             13.8               4798000         348259.5
13:58:20.824 INFO  ProgressMeter - Pocillopora_acuta_HIv1___Scaffold_000799F___length_317291:118130             13.9               4857000         348259.8
13:58:30.984 INFO  ProgressMeter - Pocillopora_acuta_HIv1___Scaffold_000871F___length_291037:233319             14.1               4917000         348333.1
13:58:41.148 INFO  ProgressMeter - Pocillopora_acuta_HIv1___Scaffold_000953F___length_263603:49368             14.3               4977000         348402.1
13:58:51.269 INFO  ProgressMeter - Pocillopora_acuta_HIv1___Scaffold_001092F___length_209419:172425             14.5               5036000         348418.1
13:59:01.349 INFO  ProgressMeter - Pocillopora_acuta_HIv1___Scaffold_001043F___length_172172:55375             14.6               5095000         348449.9
13:59:11.470 INFO  ProgressMeter - Pocillopora_acuta_HIv1___Scaffold_001533F___length_100160:24443             14.8               5154000         348465.0
13:59:15.083 INFO  ProgressMeter - Pocillopora_acuta_HIv1___Scaffold_001864F___length_27309:4710             14.9               5174648         348442.4
13:59:15.083 INFO  ProgressMeter - Traversal complete. Processed 5174648 total variants in 14.9 minutes.
13:59:15.083 INFO  VariantsToTable - Shutting down engine
[June 13, 2021 at 1:59:15 PM EDT] org.broadinstitute.hellbender.tools.walkers.variantutils.VariantsToTable done. Elapsed time: 14.86 minutes.
Runtime.totalMemory()=5469372416
Using GATK jar /home/timothy/programs/gatk-4.2.0.0/gatk-package-4.2.0.0-local.jar
Running:
    java -Dsamjdk.use_async_io_read_samtools=false -Dsamjdk.use_async_io_write_samtools=true -Dsamjdk.use_async_io_write_tribble=false -Dsamjdk.compression_level=2 -jar /home/timothy/programs/gatk-4.2.0.0/gatk-package-4.2.0.0-local.jar VariantsToTable --reference Pocillopora_acuta_HIv1.assembly.purged.fasta --variant GVCFall_SNPs_VarScores_filterPASSED_DPfilterNoCall.vcf --output GVCFall_SNPs_VarScores_filterPASSED_DPfilterNoCall.AD.table -F CHROM -F POS -GF GT -GF AD -GF DP
