=====================================================================
Slurm config version 0.1
Starting at Wed 10 Feb 2021 12:52:06 AM EST
Working directory is /scratch/timothy/projects/Coral_Stress_Phenome/results/2021-02-02/Pacuta/Read_Mapping/GenomeScaffolds_Pacuta_RNAseq_HISAT2
=====================================================================

[Wed 10 Feb 2021 12:52:07 AM EST]      LOG: Running sample Pacuta_ATHC_TP8_1459
[Wed 10 Feb 2021 12:52:07 AM EST]      CMD: hisat2 -q --phred33 --dta --rf --very-sensitive -x Pocillopora_acuta_genome_v1.fasta -1 /scratch/timothy/TranscriptomeAnalysis_Mcapitata_Pacuta_TimeSeriesDE/RNA_Seq_data/trimming_cutadapt/Pacuta_ATHC_TP8_1459_R1_TrimmingRound2.fastq.gz -2 /scratch/timothy/TranscriptomeAnalysis_Mcapitata_Pacuta_TimeSeriesDE/RNA_Seq_data/trimming_cutadapt/Pacuta_ATHC_TP8_1459_R2_TrimmingRound2.fastq.gz --threads 20 2> Pacuta_ATHC_TP8_1459.HISAT2_RNAseq_mapping.hisat2_mapping.stats | samtools sort -@ 20 -T Pacuta_ATHC_TP8_1459.HISAT2_RNAseq_mapping.tmp -o Pacuta_ATHC_TP8_1459.HISAT2_RNAseq_mapping.coordSorted.bam -
[bam_sort_core] merging from 0 files and 20 in-memory blocks...
[Wed 10 Feb 2021 01:04:07 AM EST]      CMD: samtools view -f12 Pacuta_ATHC_TP8_1459.HISAT2_RNAseq_mapping.coordSorted.bam | repair.sh in=stdin.sam out=Pacuta_ATHC_TP8_1459.HISAT2_RNAseq_mapping.coordSorted.unmapped_pairs_R1.fastq.gz out2=Pacuta_ATHC_TP8_1459.HISAT2_RNAseq_mapping.coordSorted.unmapped_pairs_R2.fastq.gz outs=Pacuta_ATHC_TP8_1459.HISAT2_RNAseq_mapping.coordSorted.unmapped_pairs_Single.fastq.gz
java -ea -Xmx187000m -cp /home/timothy/programs/bbmap/current/ jgi.SplitPairsAndSingles rp in=stdin.sam out=Pacuta_ATHC_TP8_1459.HISAT2_RNAseq_mapping.coordSorted.unmapped_pairs_R1.fastq.gz out2=Pacuta_ATHC_TP8_1459.HISAT2_RNAseq_mapping.coordSorted.unmapped_pairs_R2.fastq.gz outs=Pacuta_ATHC_TP8_1459.HISAT2_RNAseq_mapping.coordSorted.unmapped_pairs_Single.fastq.gz
Executing jgi.SplitPairsAndSingles [rp, in=stdin.sam, out=Pacuta_ATHC_TP8_1459.HISAT2_RNAseq_mapping.coordSorted.unmapped_pairs_R1.fastq.gz, out2=Pacuta_ATHC_TP8_1459.HISAT2_RNAseq_mapping.coordSorted.unmapped_pairs_R2.fastq.gz, outs=Pacuta_ATHC_TP8_1459.HISAT2_RNAseq_mapping.coordSorted.unmapped_pairs_Single.fastq.gz]

Set INTERLEAVED to false
Started output stream.

Input:                  	7155488 reads 		960101136 bases.
Result:                 	7155488 reads (100.00%) 	960101136 bases (100.00%)
Pairs:                  	7155488 reads (100.00%) 	960101136 bases (100.00%)
Singletons:             	0 reads (0.00%) 	0 bases (0.00%)

Time:                         	61.382 seconds.
Reads Processed:       7155k 	116.57k reads/sec
Bases Processed:        960m 	15.64m bases/sec
[Wed 10 Feb 2021 01:05:09 AM EST]      CMD: reformat.sh verifypaired=t in=Pacuta_ATHC_TP8_1459.HISAT2_RNAseq_mapping.coordSorted.unmapped_pairs_R1.fastq.gz in2=Pacuta_ATHC_TP8_1459.HISAT2_RNAseq_mapping.coordSorted.unmapped_pairs_R2.fastq.gz
java -ea -Xms300m -cp /home/timothy/programs/bbmap/current/ jgi.ReformatReads verifypaired=t in=Pacuta_ATHC_TP8_1459.HISAT2_RNAseq_mapping.coordSorted.unmapped_pairs_R1.fastq.gz in2=Pacuta_ATHC_TP8_1459.HISAT2_RNAseq_mapping.coordSorted.unmapped_pairs_R2.fastq.gz
Executing jgi.ReformatReads [verifypaired=t, in=Pacuta_ATHC_TP8_1459.HISAT2_RNAseq_mapping.coordSorted.unmapped_pairs_R1.fastq.gz, in2=Pacuta_ATHC_TP8_1459.HISAT2_RNAseq_mapping.coordSorted.unmapped_pairs_R2.fastq.gz]

No output stream specified.  To write to stdout, please specify 'out=stdout.fq' or similar.
Set INTERLEAVED to false
Input is being processed as paired
Input:                  	7155488 reads          	960101136 bases
Output:                 	7155488 reads (100.00%) 	960101136 bases (100.00%)

Time:                         	6.106 seconds.
Reads Processed:       7155k 	1171.94k reads/sec
Bases Processed:        960m 	157.25m bases/sec
Names appear to be correctly paired.
[Wed 10 Feb 2021 01:05:15 AM EST]      LOG: Done mapping!

=====================================================================
Started: at Wed 10 Feb 2021 12:52:06 AM EST
Finished: at Wed 10 Feb 2021 01:05:15 AM EST
ExitStatus: 0
=====================================================================
