=====================================================================
Slurm config version 0.1
Starting at Wed 10 Feb 2021 12:38:06 AM EST
Working directory is /scratch/timothy/projects/Coral_Stress_Phenome/results/2021-02-02/Pacuta/Read_Mapping/GenomeScaffolds_Pacuta_RNAseq_HISAT2
=====================================================================

[Wed 10 Feb 2021 12:38:07 AM EST]      LOG: Running sample Pacuta_ATHC_TP5_2877
[Wed 10 Feb 2021 12:38:07 AM EST]      CMD: hisat2 -q --phred33 --dta --rf --very-sensitive -x Pocillopora_acuta_genome_v1.fasta -1 /scratch/timothy/TranscriptomeAnalysis_Mcapitata_Pacuta_TimeSeriesDE/RNA_Seq_data/trimming_cutadapt/Pacuta_ATHC_TP5_2877_R1_TrimmingRound2.fastq.gz -2 /scratch/timothy/TranscriptomeAnalysis_Mcapitata_Pacuta_TimeSeriesDE/RNA_Seq_data/trimming_cutadapt/Pacuta_ATHC_TP5_2877_R2_TrimmingRound2.fastq.gz --threads 20 2> Pacuta_ATHC_TP5_2877.HISAT2_RNAseq_mapping.hisat2_mapping.stats | samtools sort -@ 20 -T Pacuta_ATHC_TP5_2877.HISAT2_RNAseq_mapping.tmp -o Pacuta_ATHC_TP5_2877.HISAT2_RNAseq_mapping.coordSorted.bam -
[bam_sort_core] merging from 0 files and 20 in-memory blocks...
[Wed 10 Feb 2021 12:50:10 AM EST]      CMD: samtools view -f12 Pacuta_ATHC_TP5_2877.HISAT2_RNAseq_mapping.coordSorted.bam | repair.sh in=stdin.sam out=Pacuta_ATHC_TP5_2877.HISAT2_RNAseq_mapping.coordSorted.unmapped_pairs_R1.fastq.gz out2=Pacuta_ATHC_TP5_2877.HISAT2_RNAseq_mapping.coordSorted.unmapped_pairs_R2.fastq.gz outs=Pacuta_ATHC_TP5_2877.HISAT2_RNAseq_mapping.coordSorted.unmapped_pairs_Single.fastq.gz
java -ea -Xmx198995m -cp /home/timothy/programs/bbmap/current/ jgi.SplitPairsAndSingles rp in=stdin.sam out=Pacuta_ATHC_TP5_2877.HISAT2_RNAseq_mapping.coordSorted.unmapped_pairs_R1.fastq.gz out2=Pacuta_ATHC_TP5_2877.HISAT2_RNAseq_mapping.coordSorted.unmapped_pairs_R2.fastq.gz outs=Pacuta_ATHC_TP5_2877.HISAT2_RNAseq_mapping.coordSorted.unmapped_pairs_Single.fastq.gz
Executing jgi.SplitPairsAndSingles [rp, in=stdin.sam, out=Pacuta_ATHC_TP5_2877.HISAT2_RNAseq_mapping.coordSorted.unmapped_pairs_R1.fastq.gz, out2=Pacuta_ATHC_TP5_2877.HISAT2_RNAseq_mapping.coordSorted.unmapped_pairs_R2.fastq.gz, outs=Pacuta_ATHC_TP5_2877.HISAT2_RNAseq_mapping.coordSorted.unmapped_pairs_Single.fastq.gz]

Set INTERLEAVED to false
Started output stream.

Input:                  	9913932 reads 		1280852934 bases.
Result:                 	9913932 reads (100.00%) 	1280852934 bases (100.00%)
Pairs:                  	9913932 reads (100.00%) 	1280852934 bases (100.00%)
Singletons:             	0 reads (0.00%) 	0 bases (0.00%)

Time:                         	61.856 seconds.
Reads Processed:       9913k 	160.27k reads/sec
Bases Processed:       1280m 	20.71m bases/sec
[Wed 10 Feb 2021 12:51:12 AM EST]      CMD: reformat.sh verifypaired=t in=Pacuta_ATHC_TP5_2877.HISAT2_RNAseq_mapping.coordSorted.unmapped_pairs_R1.fastq.gz in2=Pacuta_ATHC_TP5_2877.HISAT2_RNAseq_mapping.coordSorted.unmapped_pairs_R2.fastq.gz
java -ea -Xms300m -cp /home/timothy/programs/bbmap/current/ jgi.ReformatReads verifypaired=t in=Pacuta_ATHC_TP5_2877.HISAT2_RNAseq_mapping.coordSorted.unmapped_pairs_R1.fastq.gz in2=Pacuta_ATHC_TP5_2877.HISAT2_RNAseq_mapping.coordSorted.unmapped_pairs_R2.fastq.gz
Executing jgi.ReformatReads [verifypaired=t, in=Pacuta_ATHC_TP5_2877.HISAT2_RNAseq_mapping.coordSorted.unmapped_pairs_R1.fastq.gz, in2=Pacuta_ATHC_TP5_2877.HISAT2_RNAseq_mapping.coordSorted.unmapped_pairs_R2.fastq.gz]

No output stream specified.  To write to stdout, please specify 'out=stdout.fq' or similar.
Set INTERLEAVED to false
Input is being processed as paired
Input:                  	9913932 reads          	1280852934 bases
Output:                 	9913932 reads (100.00%) 	1280852934 bases (100.00%)

Time:                         	7.544 seconds.
Reads Processed:       9913k 	1314.07k reads/sec
Bases Processed:       1280m 	169.77m bases/sec
Names appear to be correctly paired.
[Wed 10 Feb 2021 12:51:19 AM EST]      LOG: Done mapping!

=====================================================================
Started: at Wed 10 Feb 2021 12:38:06 AM EST
Finished: at Wed 10 Feb 2021 12:51:19 AM EST
ExitStatus: 0
=====================================================================
