=====================================================================
Slurm config version 0.1
Starting at Tue 09 Feb 2021 11:50:17 PM EST
Working directory is /scratch/timothy/projects/Coral_Stress_Phenome/results/2021-02-02/Pacuta/Read_Mapping/GenomeScaffolds_Pacuta_RNAseq_HISAT2
=====================================================================

[Tue 09 Feb 2021 11:50:18 PM EST]      LOG: Running sample Pacuta_ATHC_TP10_2550
[Tue 09 Feb 2021 11:50:18 PM EST]      CMD: hisat2 -q --phred33 --dta --rf --very-sensitive -x Pocillopora_acuta_genome_v1.fasta -1 /scratch/timothy/TranscriptomeAnalysis_Mcapitata_Pacuta_TimeSeriesDE/RNA_Seq_data/trimming_cutadapt/Pacuta_ATHC_TP10_2550_R1_TrimmingRound2.fastq.gz -2 /scratch/timothy/TranscriptomeAnalysis_Mcapitata_Pacuta_TimeSeriesDE/RNA_Seq_data/trimming_cutadapt/Pacuta_ATHC_TP10_2550_R2_TrimmingRound2.fastq.gz --threads 20 2> Pacuta_ATHC_TP10_2550.HISAT2_RNAseq_mapping.hisat2_mapping.stats | samtools sort -@ 20 -T Pacuta_ATHC_TP10_2550.HISAT2_RNAseq_mapping.tmp -o Pacuta_ATHC_TP10_2550.HISAT2_RNAseq_mapping.coordSorted.bam -
[bam_sort_core] merging from 0 files and 20 in-memory blocks...
[Wed 10 Feb 2021 12:00:02 AM EST]      CMD: samtools view -f12 Pacuta_ATHC_TP10_2550.HISAT2_RNAseq_mapping.coordSorted.bam | repair.sh in=stdin.sam out=Pacuta_ATHC_TP10_2550.HISAT2_RNAseq_mapping.coordSorted.unmapped_pairs_R1.fastq.gz out2=Pacuta_ATHC_TP10_2550.HISAT2_RNAseq_mapping.coordSorted.unmapped_pairs_R2.fastq.gz outs=Pacuta_ATHC_TP10_2550.HISAT2_RNAseq_mapping.coordSorted.unmapped_pairs_Single.fastq.gz
java -ea -Xmx184268m -cp /home/timothy/programs/bbmap/current/ jgi.SplitPairsAndSingles rp in=stdin.sam out=Pacuta_ATHC_TP10_2550.HISAT2_RNAseq_mapping.coordSorted.unmapped_pairs_R1.fastq.gz out2=Pacuta_ATHC_TP10_2550.HISAT2_RNAseq_mapping.coordSorted.unmapped_pairs_R2.fastq.gz outs=Pacuta_ATHC_TP10_2550.HISAT2_RNAseq_mapping.coordSorted.unmapped_pairs_Single.fastq.gz
Executing jgi.SplitPairsAndSingles [rp, in=stdin.sam, out=Pacuta_ATHC_TP10_2550.HISAT2_RNAseq_mapping.coordSorted.unmapped_pairs_R1.fastq.gz, out2=Pacuta_ATHC_TP10_2550.HISAT2_RNAseq_mapping.coordSorted.unmapped_pairs_R2.fastq.gz, outs=Pacuta_ATHC_TP10_2550.HISAT2_RNAseq_mapping.coordSorted.unmapped_pairs_Single.fastq.gz]

Set INTERLEAVED to false
Started output stream.

Input:                  	6540206 reads 		877251848 bases.
Result:                 	6540206 reads (100.00%) 	877251848 bases (100.00%)
Pairs:                  	6540206 reads (100.00%) 	877251848 bases (100.00%)
Singletons:             	0 reads (0.00%) 	0 bases (0.00%)

Time:                         	77.935 seconds.
Reads Processed:       6540k 	83.92k reads/sec
Bases Processed:        877m 	11.26m bases/sec
[Wed 10 Feb 2021 12:01:21 AM EST]      CMD: reformat.sh verifypaired=t in=Pacuta_ATHC_TP10_2550.HISAT2_RNAseq_mapping.coordSorted.unmapped_pairs_R1.fastq.gz in2=Pacuta_ATHC_TP10_2550.HISAT2_RNAseq_mapping.coordSorted.unmapped_pairs_R2.fastq.gz
java -ea -Xms300m -cp /home/timothy/programs/bbmap/current/ jgi.ReformatReads verifypaired=t in=Pacuta_ATHC_TP10_2550.HISAT2_RNAseq_mapping.coordSorted.unmapped_pairs_R1.fastq.gz in2=Pacuta_ATHC_TP10_2550.HISAT2_RNAseq_mapping.coordSorted.unmapped_pairs_R2.fastq.gz
Executing jgi.ReformatReads [verifypaired=t, in=Pacuta_ATHC_TP10_2550.HISAT2_RNAseq_mapping.coordSorted.unmapped_pairs_R1.fastq.gz, in2=Pacuta_ATHC_TP10_2550.HISAT2_RNAseq_mapping.coordSorted.unmapped_pairs_R2.fastq.gz]

No output stream specified.  To write to stdout, please specify 'out=stdout.fq' or similar.
Set INTERLEAVED to false
Input is being processed as paired
Input:                  	6540206 reads          	877251848 bases
Output:                 	6540206 reads (100.00%) 	877251848 bases (100.00%)

Time:                         	7.851 seconds.
Reads Processed:       6540k 	833.01k reads/sec
Bases Processed:        877m 	111.73m bases/sec
Names appear to be correctly paired.
[Wed 10 Feb 2021 12:01:29 AM EST]      LOG: Done mapping!

=====================================================================
Started: at Tue 09 Feb 2021 11:50:17 PM EST
Finished: at Wed 10 Feb 2021 12:01:29 AM EST
ExitStatus: 0
=====================================================================
