=====================================================================
Slurm config version 0.1
Starting at Wed 10 Feb 2021 12:27:23 AM EST
Working directory is /scratch/timothy/projects/Coral_Stress_Phenome/results/2021-02-02/Pacuta/Read_Mapping/GenomeScaffolds_Pacuta_RNAseq_HISAT2
=====================================================================

[Wed 10 Feb 2021 12:27:24 AM EST]      LOG: Running sample Pacuta_ATHC_TP4_2993
[Wed 10 Feb 2021 12:27:24 AM EST]      CMD: hisat2 -q --phred33 --dta --rf --very-sensitive -x Pocillopora_acuta_genome_v1.fasta -1 /scratch/timothy/TranscriptomeAnalysis_Mcapitata_Pacuta_TimeSeriesDE/RNA_Seq_data/trimming_cutadapt/Pacuta_ATHC_TP4_2993_R1_TrimmingRound2.fastq.gz -2 /scratch/timothy/TranscriptomeAnalysis_Mcapitata_Pacuta_TimeSeriesDE/RNA_Seq_data/trimming_cutadapt/Pacuta_ATHC_TP4_2993_R2_TrimmingRound2.fastq.gz --threads 20 2> Pacuta_ATHC_TP4_2993.HISAT2_RNAseq_mapping.hisat2_mapping.stats | samtools sort -@ 20 -T Pacuta_ATHC_TP4_2993.HISAT2_RNAseq_mapping.tmp -o Pacuta_ATHC_TP4_2993.HISAT2_RNAseq_mapping.coordSorted.bam -
[bam_sort_core] merging from 0 files and 20 in-memory blocks...
[Wed 10 Feb 2021 12:37:28 AM EST]      CMD: samtools view -f12 Pacuta_ATHC_TP4_2993.HISAT2_RNAseq_mapping.coordSorted.bam | repair.sh in=stdin.sam out=Pacuta_ATHC_TP4_2993.HISAT2_RNAseq_mapping.coordSorted.unmapped_pairs_R1.fastq.gz out2=Pacuta_ATHC_TP4_2993.HISAT2_RNAseq_mapping.coordSorted.unmapped_pairs_R2.fastq.gz outs=Pacuta_ATHC_TP4_2993.HISAT2_RNAseq_mapping.coordSorted.unmapped_pairs_Single.fastq.gz
java -ea -Xmx198461m -cp /home/timothy/programs/bbmap/current/ jgi.SplitPairsAndSingles rp in=stdin.sam out=Pacuta_ATHC_TP4_2993.HISAT2_RNAseq_mapping.coordSorted.unmapped_pairs_R1.fastq.gz out2=Pacuta_ATHC_TP4_2993.HISAT2_RNAseq_mapping.coordSorted.unmapped_pairs_R2.fastq.gz outs=Pacuta_ATHC_TP4_2993.HISAT2_RNAseq_mapping.coordSorted.unmapped_pairs_Single.fastq.gz
Executing jgi.SplitPairsAndSingles [rp, in=stdin.sam, out=Pacuta_ATHC_TP4_2993.HISAT2_RNAseq_mapping.coordSorted.unmapped_pairs_R1.fastq.gz, out2=Pacuta_ATHC_TP4_2993.HISAT2_RNAseq_mapping.coordSorted.unmapped_pairs_R2.fastq.gz, outs=Pacuta_ATHC_TP4_2993.HISAT2_RNAseq_mapping.coordSorted.unmapped_pairs_Single.fastq.gz]

Set INTERLEAVED to false
Started output stream.

Input:                  	11835712 reads 		1543104528 bases.
Result:                 	11835712 reads (100.00%) 	1543104528 bases (100.00%)
Pairs:                  	11835712 reads (100.00%) 	1543104528 bases (100.00%)
Singletons:             	0 reads (0.00%) 	0 bases (0.00%)

Time:                         	67.852 seconds.
Reads Processed:      11835k 	174.43k reads/sec
Bases Processed:       1543m 	22.74m bases/sec
[Wed 10 Feb 2021 12:38:36 AM EST]      CMD: reformat.sh verifypaired=t in=Pacuta_ATHC_TP4_2993.HISAT2_RNAseq_mapping.coordSorted.unmapped_pairs_R1.fastq.gz in2=Pacuta_ATHC_TP4_2993.HISAT2_RNAseq_mapping.coordSorted.unmapped_pairs_R2.fastq.gz
java -ea -Xms300m -cp /home/timothy/programs/bbmap/current/ jgi.ReformatReads verifypaired=t in=Pacuta_ATHC_TP4_2993.HISAT2_RNAseq_mapping.coordSorted.unmapped_pairs_R1.fastq.gz in2=Pacuta_ATHC_TP4_2993.HISAT2_RNAseq_mapping.coordSorted.unmapped_pairs_R2.fastq.gz
Executing jgi.ReformatReads [verifypaired=t, in=Pacuta_ATHC_TP4_2993.HISAT2_RNAseq_mapping.coordSorted.unmapped_pairs_R1.fastq.gz, in2=Pacuta_ATHC_TP4_2993.HISAT2_RNAseq_mapping.coordSorted.unmapped_pairs_R2.fastq.gz]

No output stream specified.  To write to stdout, please specify 'out=stdout.fq' or similar.
Set INTERLEAVED to false
Input is being processed as paired
Input:                  	11835712 reads          	1543104528 bases
Output:                 	11835712 reads (100.00%) 	1543104528 bases (100.00%)

Time:                         	10.604 seconds.
Reads Processed:      11835k 	1116.16k reads/sec
Bases Processed:       1543m 	145.52m bases/sec
Names appear to be correctly paired.
[Wed 10 Feb 2021 12:38:47 AM EST]      LOG: Done mapping!

=====================================================================
Started: at Wed 10 Feb 2021 12:27:23 AM EST
Finished: at Wed 10 Feb 2021 12:38:47 AM EST
ExitStatus: 0
=====================================================================
