=====================================================================
Slurm config version 0.1
Starting at Wed 10 Feb 2021 02:47:23 AM EST
Working directory is /scratch/timothy/projects/Coral_Stress_Phenome/results/2021-02-02/Pacuta/Read_Mapping/GenomeScaffolds_Pacuta_RNAseq_HISAT2
=====================================================================

[Wed 10 Feb 2021 02:47:24 AM EST]      LOG: Running sample Pacuta_HTHC_TP10_1238
[Wed 10 Feb 2021 02:47:24 AM EST]      CMD: hisat2 -q --phred33 --dta --rf --very-sensitive -x Pocillopora_acuta_genome_v1.fasta -1 /scratch/timothy/TranscriptomeAnalysis_Mcapitata_Pacuta_TimeSeriesDE/RNA_Seq_data/trimming_cutadapt/Pacuta_HTHC_TP10_1238_R1_TrimmingRound2.fastq.gz -2 /scratch/timothy/TranscriptomeAnalysis_Mcapitata_Pacuta_TimeSeriesDE/RNA_Seq_data/trimming_cutadapt/Pacuta_HTHC_TP10_1238_R2_TrimmingRound2.fastq.gz --threads 20 2> Pacuta_HTHC_TP10_1238.HISAT2_RNAseq_mapping.hisat2_mapping.stats | samtools sort -@ 20 -T Pacuta_HTHC_TP10_1238.HISAT2_RNAseq_mapping.tmp -o Pacuta_HTHC_TP10_1238.HISAT2_RNAseq_mapping.coordSorted.bam -
[bam_sort_core] merging from 0 files and 20 in-memory blocks...
[Wed 10 Feb 2021 03:00:09 AM EST]      CMD: samtools view -f12 Pacuta_HTHC_TP10_1238.HISAT2_RNAseq_mapping.coordSorted.bam | repair.sh in=stdin.sam out=Pacuta_HTHC_TP10_1238.HISAT2_RNAseq_mapping.coordSorted.unmapped_pairs_R1.fastq.gz out2=Pacuta_HTHC_TP10_1238.HISAT2_RNAseq_mapping.coordSorted.unmapped_pairs_R2.fastq.gz outs=Pacuta_HTHC_TP10_1238.HISAT2_RNAseq_mapping.coordSorted.unmapped_pairs_Single.fastq.gz
java -ea -Xmx190341m -cp /home/timothy/programs/bbmap/current/ jgi.SplitPairsAndSingles rp in=stdin.sam out=Pacuta_HTHC_TP10_1238.HISAT2_RNAseq_mapping.coordSorted.unmapped_pairs_R1.fastq.gz out2=Pacuta_HTHC_TP10_1238.HISAT2_RNAseq_mapping.coordSorted.unmapped_pairs_R2.fastq.gz outs=Pacuta_HTHC_TP10_1238.HISAT2_RNAseq_mapping.coordSorted.unmapped_pairs_Single.fastq.gz
Executing jgi.SplitPairsAndSingles [rp, in=stdin.sam, out=Pacuta_HTHC_TP10_1238.HISAT2_RNAseq_mapping.coordSorted.unmapped_pairs_R1.fastq.gz, out2=Pacuta_HTHC_TP10_1238.HISAT2_RNAseq_mapping.coordSorted.unmapped_pairs_R2.fastq.gz, outs=Pacuta_HTHC_TP10_1238.HISAT2_RNAseq_mapping.coordSorted.unmapped_pairs_Single.fastq.gz]

Set INTERLEAVED to false
Started output stream.

Input:                  	2378004 reads 		316781772 bases.
Result:                 	2378004 reads (100.00%) 	316781772 bases (100.00%)
Pairs:                  	2378004 reads (100.00%) 	316781772 bases (100.00%)
Singletons:             	0 reads (0.00%) 	0 bases (0.00%)

Time:                         	61.996 seconds.
Reads Processed:       2378k 	38.36k reads/sec
Bases Processed:        316m 	5.11m bases/sec
[Wed 10 Feb 2021 03:01:11 AM EST]      CMD: reformat.sh verifypaired=t in=Pacuta_HTHC_TP10_1238.HISAT2_RNAseq_mapping.coordSorted.unmapped_pairs_R1.fastq.gz in2=Pacuta_HTHC_TP10_1238.HISAT2_RNAseq_mapping.coordSorted.unmapped_pairs_R2.fastq.gz
java -ea -Xms300m -cp /home/timothy/programs/bbmap/current/ jgi.ReformatReads verifypaired=t in=Pacuta_HTHC_TP10_1238.HISAT2_RNAseq_mapping.coordSorted.unmapped_pairs_R1.fastq.gz in2=Pacuta_HTHC_TP10_1238.HISAT2_RNAseq_mapping.coordSorted.unmapped_pairs_R2.fastq.gz
Executing jgi.ReformatReads [verifypaired=t, in=Pacuta_HTHC_TP10_1238.HISAT2_RNAseq_mapping.coordSorted.unmapped_pairs_R1.fastq.gz, in2=Pacuta_HTHC_TP10_1238.HISAT2_RNAseq_mapping.coordSorted.unmapped_pairs_R2.fastq.gz]

No output stream specified.  To write to stdout, please specify 'out=stdout.fq' or similar.
Set INTERLEAVED to false
Input is being processed as paired
Input:                  	2378004 reads          	316781772 bases
Output:                 	2378004 reads (100.00%) 	316781772 bases (100.00%)

Time:                         	2.837 seconds.
Reads Processed:       2378k 	838.35k reads/sec
Bases Processed:        316m 	111.68m bases/sec
Names appear to be correctly paired.
[Wed 10 Feb 2021 03:01:14 AM EST]      LOG: Done mapping!

=====================================================================
Started: at Wed 10 Feb 2021 02:47:23 AM EST
Finished: at Wed 10 Feb 2021 03:01:14 AM EST
ExitStatus: 0
=====================================================================
