IQ-TREE multicore version 1.6.12 for Linux 64-bit built Aug 15 2019
Developed by Bui Quang Minh, Nguyen Lam Tung, Olga Chernomor,
Heiko Schmidt, Dominik Schrempf, Michael Woodhams.

Host:    coral (AVX512, FMA3, 376 GB RAM)
Command: iqtree -nt AUTO -ntmax 24 -st DNA -m GTR+ASC -bb 2000 -quiet -s SNPs_filtered.NoMissingAlleles.ASC.fasta
Seed:    17088 (Using SPRNG - Scalable Parallel Random Number Generator)
Time:    Mon Jul 12 09:54:05 2021
Kernel:  AVX+FMA - auto-detect threads (96 CPU cores detected)

Reading alignment file SNPs_filtered.NoMissingAlleles.ASC.fasta ... Fasta format detected
Alignment most likely contains DNA/RNA sequences
Alignment has 120 sequences with 25168 columns, 4625 distinct patterns
13859 parsimony-informative, 1363 singleton sites, 9946 constant sites
                       Gap/Ambiguity  Composition  p-value
   1  P2185                    0.00%    failed      0.00%
   2  Pacuta_ATAC_TP10_1159    0.00%    passed     99.54%
   3  Pacuta_ATAC_TP10_1559    0.00%    passed     84.88%
   4  Pacuta_ATAC_TP10_1641    0.00%    passed     90.99%
   5  Pacuta_ATAC_TP11_1103    0.00%    passed     96.90%
   6  Pacuta_ATAC_TP11_1777    0.00%    passed     45.19%
   7  Pacuta_ATAC_TP11_2306    0.00%    passed     89.99%
   8  Pacuta_ATAC_TP1_1043     0.00%    passed     99.31%
   9  Pacuta_ATAC_TP1_1775     0.00%    passed     99.07%
  10  Pacuta_ATAC_TP1_2363     0.00%    passed     80.67%
  11  Pacuta_ATAC_TP3_1041     0.00%    passed     94.00%
  12  Pacuta_ATAC_TP3_1471     0.00%    passed     76.18%
  13  Pacuta_ATAC_TP3_1637     0.00%    passed     94.81%
  14  Pacuta_ATAC_TP4_1060     0.00%    passed     76.34%
  15  Pacuta_ATAC_TP4_1762     0.00%    passed     97.12%
  16  Pacuta_ATAC_TP4_2002     0.00%    passed     83.70%
  17  Pacuta_ATAC_TP5_1059     0.00%    passed     47.84%
  18  Pacuta_ATAC_TP5_1563     0.00%    passed     76.66%
  19  Pacuta_ATAC_TP5_1757     0.00%    passed     83.73%
  20  Pacuta_ATAC_TP6_1050     0.00%    passed     16.26%
  21  Pacuta_ATAC_TP6_1468     0.00%    passed     99.04%
  22  Pacuta_ATAC_TP6_1542     0.00%    passed     99.14%
  23  Pacuta_ATAC_TP7_1047     0.00%    passed     22.38%
  24  Pacuta_ATAC_TP7_1445     0.00%    passed     43.90%
  25  Pacuta_ATAC_TP7_2413     0.00%    passed     95.27%
  26  Pacuta_ATAC_TP8_1051     0.00%    passed     40.17%
  27  Pacuta_ATAC_TP8_1755     0.00%    passed     99.48%
  28  Pacuta_ATAC_TP8_2012     0.00%    passed     92.09%
  29  Pacuta_ATAC_TP9_1141     0.00%    passed     99.19%
  30  Pacuta_ATAC_TP9_1594     0.00%    passed     88.18%
  31  Pacuta_ATAC_TP9_2357     0.00%    passed     95.00%
  32  Pacuta_ATHC_TP10_1205    0.00%    passed     97.56%
  33  Pacuta_ATHC_TP10_2197    0.00%    passed     22.21%
  34  Pacuta_ATHC_TP10_2550    0.00%    passed      6.19%
  35  Pacuta_ATHC_TP11_1147    0.00%    passed     93.51%
  36  Pacuta_ATHC_TP11_2668    0.00%    passed     18.02%
  37  Pacuta_ATHC_TP11_2879    0.00%    passed     21.69%
  38  Pacuta_ATHC_TP1_1207     0.00%    passed     20.25%
  39  Pacuta_ATHC_TP1_2743     0.00%    passed     99.53%
  40  Pacuta_ATHC_TP1_2977     0.00%    passed     20.36%
  41  Pacuta_ATHC_TP3_1219     0.00%    passed     20.96%
  42  Pacuta_ATHC_TP3_2534     0.00%    passed     93.91%
  43  Pacuta_ATHC_TP3_2750     0.00%    passed     99.49%
  44  Pacuta_ATHC_TP4_1220     0.00%    passed     96.78%
  45  Pacuta_ATHC_TP4_2733     0.00%    passed     37.22%
  46  Pacuta_ATHC_TP4_2993     0.00%    passed     15.22%
  47  Pacuta_ATHC_TP5_1296     0.00%    passed     19.08%
  48  Pacuta_ATHC_TP5_2212     0.00%    passed     99.19%
  49  Pacuta_ATHC_TP5_2877     0.00%    passed     96.51%
  50  Pacuta_ATHC_TP6_1254     0.00%    passed     39.30%
  51  Pacuta_ATHC_TP6_2870     0.00%    passed     95.13%
  52  Pacuta_ATHC_TP6_2999     0.00%    passed     25.49%
  53  Pacuta_ATHC_TP7_1281     0.00%    passed     23.18%
  54  Pacuta_ATHC_TP7_2409     0.00%    passed     82.26%
  55  Pacuta_ATHC_TP7_2878     0.00%    passed     94.44%
  56  Pacuta_ATHC_TP8_1459     0.00%    passed     39.68%
  57  Pacuta_ATHC_TP8_2564     0.00%    passed     79.37%
  58  Pacuta_ATHC_TP8_2861     0.00%    passed     20.71%
  59  Pacuta_ATHC_TP9_1451     0.00%    passed     97.18%
  60  Pacuta_ATHC_TP9_2873     0.00%    passed     97.50%
  61  Pacuta_ATHC_TP9_2979     0.00%    passed     21.33%
  62  Pacuta_HTAC_TP10_1225    0.00%    passed     20.06%
  63  Pacuta_HTAC_TP10_1536    0.00%    passed     80.41%
  64  Pacuta_HTAC_TP10_2064    0.00%    passed     95.35%
  65  Pacuta_HTAC_TP11_1582    0.00%    passed     85.51%
  66  Pacuta_HTAC_TP11_1596    0.00%    passed     94.51%
  67  Pacuta_HTAC_TP11_1647    0.00%    passed     84.17%
  68  Pacuta_HTAC_TP1_1653     0.00%    passed     14.93%
  69  Pacuta_HTAC_TP1_2005     0.00%    passed     80.41%
  70  Pacuta_HTAC_TP1_2414     0.00%    passed     95.85%
  71  Pacuta_HTAC_TP3_1617     0.00%    passed     80.41%
  72  Pacuta_HTAC_TP3_1642     0.00%    passed     42.25%
  73  Pacuta_HTAC_TP3_2026     0.00%    passed     21.35%
  74  Pacuta_HTAC_TP4_1581     0.00%    passed     99.09%
  75  Pacuta_HTAC_TP4_1701     0.00%    passed     78.97%
  76  Pacuta_HTAC_TP4_1767     0.00%    passed     38.19%
  77  Pacuta_HTAC_TP5_1303     0.00%    passed     18.39%
  78  Pacuta_HTAC_TP5_1571     0.00%    passed     21.44%
  79  Pacuta_HTAC_TP5_1707     0.00%    passed     94.12%
  80  Pacuta_HTAC_TP6_1330     0.00%    passed     19.42%
  81  Pacuta_HTAC_TP6_1466     0.00%    passed     97.32%
  82  Pacuta_HTAC_TP6_1744     0.00%    passed     98.43%
  83  Pacuta_HTAC_TP7_1487     0.00%    passed     19.10%
  84  Pacuta_HTAC_TP7_1728     0.00%    passed     95.39%
  85  Pacuta_HTAC_TP7_2072     0.00%    passed     46.07%
  86  Pacuta_HTAC_TP8_1329     0.00%    passed     18.74%
  87  Pacuta_HTAC_TP8_1765     0.00%    passed     83.18%
  88  Pacuta_HTAC_TP8_2513     0.00%    passed     98.12%
  89  Pacuta_HTAC_TP9_1302     0.00%    passed     99.38%
  90  Pacuta_HTAC_TP9_1486     0.00%    passed     98.95%
  91  Pacuta_HTAC_TP9_1696     0.00%    passed     93.94%
  92  Pacuta_HTHC_TP10_1238    0.00%    passed     77.58%
  93  Pacuta_HTHC_TP10_1732    0.00%    passed     84.17%
  94  Pacuta_HTHC_TP10_2300    0.00%    passed     96.68%
  95  Pacuta_HTHC_TP11_1416    0.00%    passed     23.24%
  96  Pacuta_HTHC_TP11_2185    0.00%    failed      0.00%
  97  Pacuta_HTHC_TP1_1239     0.00%    passed     79.20%
  98  Pacuta_HTHC_TP1_1676     0.00%    passed     16.83%
  99  Pacuta_HTHC_TP1_2210     0.00%    passed     30.33%
 100  Pacuta_HTHC_TP3_1227     0.00%    passed     97.83%
 101  Pacuta_HTHC_TP3_1418     0.00%    passed     21.85%
 102  Pacuta_HTHC_TP3_2527     0.00%    passed     20.54%
 103  Pacuta_HTHC_TP4_1169     0.00%    passed     18.99%
 104  Pacuta_HTHC_TP4_1343     0.00%    passed     99.74%
 105  Pacuta_HTHC_TP4_2195     0.00%    passed     79.94%
 106  Pacuta_HTHC_TP5_1168     0.00%    passed     22.00%
 107  Pacuta_HTHC_TP5_1415     0.00%    passed      5.10%
 108  Pacuta_HTHC_TP5_2087     0.00%    passed     94.55%
 109  Pacuta_HTHC_TP6_1138     0.00%    passed     96.25%
 110  Pacuta_HTHC_TP6_1595     0.00%    passed     93.77%
 111  Pacuta_HTHC_TP6_1721     0.00%    passed     14.96%
 112  Pacuta_HTHC_TP7_1090     0.00%    passed     77.74%
 113  Pacuta_HTHC_TP7_1427     0.00%    passed     99.51%
 114  Pacuta_HTHC_TP7_1820     0.00%    passed     84.43%
 115  Pacuta_HTHC_TP8_1184     0.00%    passed     99.64%
 116  Pacuta_HTHC_TP8_1709     0.00%    passed     92.80%
 117  Pacuta_HTHC_TP8_2304     0.00%    passed     94.10%
 118  Pacuta_HTHC_TP9_1131     0.00%    passed     95.32%
 119  Pacuta_HTHC_TP9_2202     0.00%    passed     96.89%
 120  Pacuta_HTHC_TP9_2305     0.00%    passed     96.37%
****  TOTAL                    0.00%  2 sequences failed composition chi2 test (p-value<5%; df=3)

Create initial parsimony tree by phylogenetic likelihood library (PLL)... 0.121 seconds
Generating 2000 samples for ultrafast bootstrap (seed: 17088)...
ERROR: For your convenience alignment with variable sites printed to SNPs_filtered.NoMissingAlleles.ASC.fasta.varsites.phy
ERROR: Invalid use of +ASC because of 9946 invariant sites in the alignment
