This is cutadapt 2.9 with Python 3.5.2
Command line parameters: --nextseq-trim 10 --minimum-length 25 --cores 4 -a AGATCGGAAGAGCACACGTCTGAACTCCAGTCAC -A AGATCGGAAGAGCGTCGTGTAGGGAAAGAGTGTA -o Mcapitata_ATAC_TP9_1580_R1_TrimmingRound1.fastq.gz -p Mcapitata_ATAC_TP9_1580_R2_TrimmingRound1.fastq.gz Mcapitata_ATAC_TP9_1580_R1.fastq.gz Mcapitata_ATAC_TP9_1580_R2.fastq.gz
Processing reads on 4 cores in paired-end mode ...
Finished in 698.23 s (39 us/read; 1.52 M reads/minute).

=== Summary ===

Total read pairs processed:         17,722,349
  Read 1 with adapter:               9,553,208 (53.9%)
  Read 2 with adapter:               8,779,260 (49.5%)
Pairs written (passing filters):    17,550,235 (99.0%)

Total basepairs processed: 5,316,704,700 bp
  Read 1: 2,658,352,350 bp
  Read 2: 2,658,352,350 bp
Quality-trimmed:              42,198,172 bp (0.8%)
  Read 1:     6,020,222 bp
  Read 2:    36,177,950 bp
Total written (filtered):  4,654,972,744 bp (87.6%)
  Read 1: 2,313,801,946 bp
  Read 2: 2,341,170,798 bp

=== First read: Adapter 1 ===

Sequence: AGATCGGAAGAGCACACGTCTGAACTCCAGTCAC; Type: regular 3'; Length: 34; Trimmed: 9553208 times

No. of allowed errors:
0-9 bp: 0; 10-19 bp: 1; 20-29 bp: 2; 30-34 bp: 3

Bases preceding removed adapters:
  A: 17.7%
  C: 41.4%
  G: 19.3%
  T: 21.6%
  none/other: 0.0%

Overview of removed sequences
length	count	expect	max.err	error counts
3	275803	276911.7	0	275803
4	145820	69227.9	0	145820
5	345126	17307.0	0	345126
8	111704	270.4	0	111704
9	218877	67.6	0	218877
10	754	16.9	1	0 754
11	287721	4.2	1	220866 66855
12	671	1.1	1	0 671
13	151300	0.3	1	116116 35184
14	158868	0.1	1	121752 37116
15	159869	0.0	1	122328 37541
16	170804	0.0	1	129789 41015
17	328130	0.0	1	250608 77522
18	1236	0.0	1	0 1053 183
19	164958	0.0	1	124620 39704 634
20	161777	0.0	2	119802 39242 2733
21	322269	0.0	2	240688 76357 5224
22	2007	0.0	2	0 1403 604
23	166628	0.0	2	124046 39530 3052
24	173090	0.0	2	128358 41284 3448
25	177463	0.0	2	131593 42195 3675
26	182079	0.0	2	133995 44250 3834
27	184151	0.0	2	135475 44458 4218
28	184344	0.0	2	134063 45787 4380 114
29	346750	0.0	2	256467 83376 6573 334
30	3378	0.0	3	0 1976 950 452
31	173102	0.0	3	124988 42652 3976 1486
32	166177	0.0	3	120382 40932 3613 1250
33	169570	0.0	3	122815 41669 3804 1282
34	174359	0.0	3	126366 42743 3973 1277
35	178059	0.0	3	129391 43499 3913 1256
36	182535	0.0	3	133210 44038 3998 1289
37	183042	0.0	3	132920 44711 4030 1381
38	179859	0.0	3	130593 44107 3786 1373
39	175136	0.0	3	126982 42956 3942 1256
40	167523	0.0	3	120816 41843 3684 1180
41	315786	0.0	3	231105 76787 5790 2104
42	3498	0.0	3	374 2051 845 228
43	154658	0.0	3	112973 37453 3153 1079
44	154116	0.0	3	112827 37207 3063 1019
45	175222	0.0	3	127123 42749 3997 1353
46	140295	0.0	3	101657 34860 2914 864
47	302791	0.0	3	223859 72398 4934 1600
48	3301	0.0	3	355 1926 793 227
49	139230	0.0	3	101910 33978 2529 813
50	134596	0.0	3	97203 33933 2623 837
51	237305	0.0	3	174180 58055 3733 1337
52	8977	0.0	3	4728 3081 888 280
53	113424	0.0	3	82337 28224 2144 719
54	222350	0.0	3	163208 54110 3762 1270
55	3029	0.0	3	681 1568 607 173
56	99381	0.0	3	72741 24476 1607 557
57	104563	0.0	3	76619 25660 1751 533
58	91534	0.0	3	66743 22806 1518 467
59	91273	0.0	3	66260 22882 1640 491
60	85253	0.0	3	61537 21791 1532 393
61	133336	0.0	3	97870 32906 1958 602
62	2177	0.0	3	594 1081 379 123
63	64045	0.0	3	46679 16024 1023 319
64	54980	0.0	3	39616 14093 1003 268
65	100810	0.0	3	74410 24614 1351 435
66	1931	0.0	3	663 894 311 63
67	45759	0.0	3	33501 11318 712 228
68	43795	0.0	3	31690 11108 779 218
69	42790	0.0	3	29976 11805 813 196
70	94775	0.0	3	69911 23838 833 193
71	51925	0.0	3	37620 13414 686 205
72	30741	0.0	3	21966 7953 618 204
73	15102	0.0	3	10635 3969 373 125
74	12311	0.0	3	8672 3242 305 92
75	10812	0.0	3	7566 2934 236 76
76	10258	0.0	3	7329 2673 192 64
77	9058	0.0	3	6435 2419 153 51
78	6846	0.0	3	4847 1807 148 44
79	6129	0.0	3	4426 1536 136 31
80	5085	0.0	3	3620 1334 106 25
81	4313	0.0	3	3005 1178 101 29
82	3629	0.0	3	2616 926 72 15
83	2895	0.0	3	2008 810 63 14
84	2695	0.0	3	1972 677 34 12
85	2220	0.0	3	1574 586 42 18
86	2040	0.0	3	1466 525 40 9
87	1770	0.0	3	1251 476 32 11
88	1663	0.0	3	1162 469 25 7
89	1359	0.0	3	972 354 25 8
90	1173	0.0	3	812 326 28 7
91	984	0.0	3	679 280 17 8
92	800	0.0	3	567 217 11 5
93	699	0.0	3	480 200 13 6
94	634	0.0	3	452 170 12
95	525	0.0	3	381 138 4 2
96	443	0.0	3	327 106 7 3
97	422	0.0	3	303 106 12 1
98	356	0.0	3	254 90 8 4
99	295	0.0	3	197 84 12 2
100	254	0.0	3	175 68 7 4
101	200	0.0	3	132 57 10 1
102	183	0.0	3	121 49 11 2
103	147	0.0	3	95 43 8 1
104	119	0.0	3	74 34 10 1
105	89	0.0	3	56 24 9
106	83	0.0	3	59 17 7
107	76	0.0	3	48 18 9 1
108	67	0.0	3	41 11 14 1
109	58	0.0	3	36 7 15
110	60	0.0	3	30 12 17 1
111	55	0.0	3	17 15 22 1
112	46	0.0	3	16 7 21 2
113	61	0.0	3	22 12 26 1
114	52	0.0	3	14 10 27 1
115	51	0.0	3	9 7 34 1
116	47	0.0	3	11 5 30 1
117	70	0.0	3	11 9 48 2
118	53	0.0	3	9 7 36 1
119	56	0.0	3	4 6 46
120	63	0.0	3	10 5 45 3
121	51	0.0	3	0 6 44 1
122	67	0.0	3	2 10 54 1
123	80	0.0	3	5 8 65 2
124	61	0.0	3	1 6 54
125	78	0.0	3	6 11 60 1
126	77	0.0	3	6 5 64 2
127	87	0.0	3	5 3 77 2
128	87	0.0	3	3 7 77
129	96	0.0	3	6 9 81
130	110	0.0	3	3 12 92 3
131	132	0.0	3	4 10 117 1
132	147	0.0	3	5 12 129 1
133	155	0.0	3	4 19 131 1
134	149	0.0	3	3 12 130 4
135	200	0.0	3	9 8 181 2
136	211	0.0	3	2 9 192 8
137	241	0.0	3	3 13 222 3
138	257	0.0	3	2 16 230 9
139	251	0.0	3	1 18 225 7
140	305	0.0	3	1 23 274 7
141	340	0.0	3	1 22 314 3
142	398	0.0	3	4 31 355 8
143	593	0.0	3	2 48 517 26
144	664	0.0	3	4 50 593 17
145	649	0.0	3	5 37 583 24
146	753	0.0	3	3 50 684 16
147	1095	0.0	3	6 85 978 26
148	1784	0.0	3	1 112 1613 58
149	4646	0.0	3	1 298 4227 120
150	10453	0.0	3	4 699 9448 302


=== Second read: Adapter 2 ===

Sequence: AGATCGGAAGAGCGTCGTGTAGGGAAAGAGTGTA; Type: regular 3'; Length: 34; Trimmed: 8779260 times

No. of allowed errors:
0-9 bp: 0; 10-19 bp: 1; 20-29 bp: 2; 30-34 bp: 3

Bases preceding removed adapters:
  A: 15.6%
  C: 41.9%
  G: 28.2%
  T: 14.3%
  none/other: 0.0%

Overview of removed sequences
length	count	expect	max.err	error counts
3	421807	276911.7	0	421807
4	165813	69227.9	0	165813
5	336894	17307.0	0	336894
8	107697	270.4	0	107697
9	210297	67.6	0	210297
10	768	16.9	1	0 768
11	260071	4.2	1	212267 47804
12	672	1.1	1	0 672
13	288042	0.3	1	233224 54818
14	471	0.1	1	0 471
15	143856	0.0	1	117401 26455
16	305649	0.0	1	247662 57987
17	651	0.0	1	0 651
18	280477	0.0	1	229288 50795 394
19	1074	0.0	1	0 745 329
20	147492	0.0	2	115264 28842 3386
21	589092	0.0	2	465041 113032 11019
22	2256	0.0	2	0 1438 818
23	651	0.0	2	0 245 406
24	919	0.0	2	0 632 287
25	158508	0.0	2	124662 30434 3412
26	164122	0.0	2	125972 33863 4287
27	325028	0.0	2	251372 65961 7695
28	2978	0.0	2	0 1987 823 168
29	314025	0.0	2	239711 66028 8174 112
30	3160	0.0	3	0 2140 730 290
31	300282	0.0	3	228526 60819 7321 3616
32	3126	0.0	3	0 2166 689 271
33	303711	0.0	3	231725 61725 7323 2938
34	2639	0.0	3	37 1063 1050 489
35	157021	0.0	3	23 119500 33167 4331
36	163841	0.0	3	22 124076 33381 6362
37	318541	0.0	3	64 296 64294 253887
38	2455	0.0	3	6 73 1344 1032
39	154178	0.0	3	35 303 31260 122580
40	148999	0.0	3	19 289 31541 117150
41	288186	0.0	3	70 550 58928 228638
42	3292	0.0	3	1 53 1947 1291
43	340746	0.0	3	62 598 62982 277104
44	2633	0.0	3	1 111 1505 1016
45	140897	0.0	3	16 307 28692 111882
46	277646	0.0	3	50 531 54667 222398
47	6315	0.0	3	2 75 1833 4405
48	127483	0.0	3	19 209 26672 100583
49	174586	0.0	3	11 280 30943 143352
50	111823	0.0	3	16 268 24378 87161
51	174061	0.0	3	24 255 29850 143932
52	352396	0.0	3	63 559 66559 285215
53	2674	0.0	3	1 76 1175 1422
54	1723	0.0	3	2 16 843 862
55	201537	0.0	3	41 301 47605 153590
56	1512	0.0	3	5 27 642 838
57	728	0.0	3	1 12 324 391
58	70341	0.0	3	16 110 15945 54270
59	104822	0.0	3	21 135 25326 79340
60	941	0.0	3	7 29 500 405
61	49336	0.0	3	13 79 11975 37269
62	92545	0.0	3	24 144 21058 71319
63	639	0.0	3	0 19 366 254
64	33306	0.0	3	8 63 8238 24997
65	35896	0.0	3	45 71 8302 27478
66	38510	0.0	3	6 98 8315 30091
67	33372	0.0	3	6 52 7793 25521
68	35902	0.0	3	7 75 7637 28183
69	29977	0.0	3	9 45 6766 23157
70	28658	0.0	3	16 45 6002 22595
71	24120	0.0	3	10 46 5356 18708
72	22223	0.0	3	15 46 4865 17297
73	20323	0.0	3	5 42 4291 15985
74	19770	0.0	3	1 27 3976 15766
75	23439	0.0	3	1 35 4084 19319
76	22193	0.0	3	6 22 3988 18177
77	12759	0.0	3	3 15 2809 9932
78	9390	0.0	3	4 22 2275 7089
79	7864	0.0	3	1 13 2004 5846
80	7217	0.0	3	1 11 1964 5241
81	5621	0.0	3	2 6 1472 4141
82	4621	0.0	3	2 4 1194 3421
83	3983	0.0	3	1 5 951 3026
84	3430	0.0	3	0 3 834 2593
85	3199	0.0	3	0 3 810 2386
86	2530	0.0	3	0 3 707 1820
87	2098	0.0	3	3 2 601 1492
88	1716	0.0	3	0 0 468 1248
89	1588	0.0	3	0 3 434 1151
90	1217	0.0	3	1 1 358 857
91	938	0.0	3	0 1 271 666
92	891	0.0	3	1 2 270 618
93	734	0.0	3	0 0 229 505
94	549	0.0	3	0 0 170 379
95	547	0.0	3	0 0 181 366
96	456	0.0	3	1 0 128 327
97	410	0.0	3	0 0 121 289
98	315	0.0	3	0 0 102 213
99	274	0.0	3	0 1 93 180
100	219	0.0	3	0 0 65 154
101	212	0.0	3	0 0 77 135
102	182	0.0	3	0 0 55 127
103	130	0.0	3	0 0 41 89
104	137	0.0	3	0 0 47 90
105	87	0.0	3	1 0 18 68
106	76	0.0	3	0 0 24 52
107	70	0.0	3	0 0 18 52
108	79	0.0	3	0 0 20 59
109	63	0.0	3	0 0 21 42
110	44	0.0	3	0 0 15 29
111	43	0.0	3	0 0 10 33
112	46	0.0	3	1 0 13 32
113	35	0.0	3	0 0 8 27
114	27	0.0	3	0 0 6 21
115	21	0.0	3	0 0 6 15
116	28	0.0	3	0 0 10 18
117	33	0.0	3	0 0 7 26
118	33	0.0	3	0 0 10 23
119	23	0.0	3	0 0 9 14
120	19	0.0	3	0 0 1 18
121	11	0.0	3	0 0 1 10
122	24	0.0	3	0 0 2 22
123	21	0.0	3	0 0 2 19
124	24	0.0	3	0 0 5 19
125	29	0.0	3	0 0 3 26
126	34	0.0	3	0 0 4 30
127	43	0.0	3	0 0 1 42
128	64	0.0	3	0 0 2 62
129	77	0.0	3	0 0 2 75
130	81	0.0	3	0 0 4 77
131	93	0.0	3	0 0 9 84
132	135	0.0	3	0 0 7 128
133	145	0.0	3	0 0 13 132
134	147	0.0	3	0 0 16 131
135	180	0.0	3	0 0 21 159
136	191	0.0	3	0 0 13 178
137	197	0.0	3	0 0 16 181
138	249	0.0	3	0 0 18 231
139	240	0.0	3	0 0 11 229
140	314	0.0	3	0 0 19 295
141	314	0.0	3	0 0 29 285
142	357	0.0	3	0 0 27 330
143	494	0.0	3	0 0 29 465
144	558	0.0	3	0 1 39 518
145	664	0.0	3	0 0 49 615
146	758	0.0	3	0 0 41 717
147	895	0.0	3	0 0 68 827
148	1492	0.0	3	0 0 110 1382
149	3827	0.0	3	0 1 286 3540
150	11834	0.0	3	0 0 848 10986
