This is cutadapt 2.9 with Python 3.5.2
Command line parameters: --nextseq-trim 10 --minimum-length 25 --cores 4 -a AGATCGGAAGAGCACACGTCTGAACTCCAGTCAC -A AGATCGGAAGAGCGTCGTGTAGGGAAAGAGTGTA -o Mcapitata_HTHC_TP5_1694_R1_TrimmingRound1.fastq.gz -p Mcapitata_HTHC_TP5_1694_R2_TrimmingRound1.fastq.gz Mcapitata_HTHC_TP5_1694_R1.fastq.gz Mcapitata_HTHC_TP5_1694_R2.fastq.gz
Processing reads on 4 cores in paired-end mode ...
Finished in 698.51 s (41 us/read; 1.48 M reads/minute).

=== Summary ===

Total read pairs processed:         17,208,562
  Read 1 with adapter:               6,513,097 (37.8%)
  Read 2 with adapter:               6,639,421 (38.6%)
Pairs written (passing filters):    17,141,966 (99.6%)

Total basepairs processed: 5,162,568,600 bp
  Read 1: 2,581,284,300 bp
  Read 2: 2,581,284,300 bp
Quality-trimmed:              10,452,409 bp (0.2%)
  Read 1:     4,483,165 bp
  Read 2:     5,969,244 bp
Total written (filtered):  4,615,614,481 bp (89.4%)
  Read 1: 2,307,992,603 bp
  Read 2: 2,307,621,878 bp

=== First read: Adapter 1 ===

Sequence: AGATCGGAAGAGCACACGTCTGAACTCCAGTCAC; Type: regular 3'; Length: 34; Trimmed: 6513097 times

No. of allowed errors:
0-9 bp: 0; 10-19 bp: 1; 20-29 bp: 2; 30-34 bp: 3

Bases preceding removed adapters:
  A: 18.3%
  C: 28.0%
  G: 36.1%
  T: 17.3%
  none/other: 0.3%

Overview of removed sequences
length	count	expect	max.err	error counts
3	312924	268883.8	0	312924
4	125566	67220.9	0	125566
5	229568	16805.2	0	229568
8	72851	262.6	0	72851
9	146981	65.6	0	146981
10	459	16.4	1	0 459
11	151853	4.1	1	149263 2590
12	375	1.0	1	0 375
13	76068	0.3	1	74442 1626
14	77098	0.1	1	75384 1714
15	77758	0.0	1	75834 1924
16	77859	0.0	1	75748 2111
17	153832	0.0	1	150272 3560
18	453	0.0	1	0 406 47
19	77986	0.0	1	75652 2243 91
20	79647	0.0	2	76973 2506 168
21	158429	0.0	2	153922 4085 422
22	776	0.0	2	0 695 81
23	79832	0.0	2	77014 2542 276
24	80642	0.0	2	77737 2639 266
25	80246	0.0	2	77116 2848 282
26	80587	0.0	2	77485 2808 294
27	80963	0.0	2	77777 2841 345
28	81656	0.0	2	77542 3813 243 58
29	160830	0.0	2	155162 5052 517 99
30	1209	0.0	3	0 870 110 229
31	82050	0.0	3	78115 3469 369 97
32	82299	0.0	3	78142 3679 413 65
33	83656	0.0	3	78783 4484 291 98
34	165302	0.0	3	158509 5969 686 138
35	1898	0.0	3	82 1720 68 28
36	163645	0.0	3	157148 5799 572 126
37	1192	0.0	3	62 998 101 31
38	82435	0.0	3	78410 3646 314 65
39	82622	0.0	3	78343 3837 356 86
40	83076	0.0	3	78866 3817 325 68
41	83516	0.0	3	79408 3695 326 87
42	83892	0.0	3	79553 3910 348 81
43	84001	0.0	3	79866 3764 294 77
44	84440	0.0	3	80193 3845 318 84
45	84999	0.0	3	80817 3794 331 57
46	82599	0.0	3	77924 4345 265 65
47	164586	0.0	3	158217 5839 420 110
48	1348	0.0	3	229 994 85 40
49	82056	0.0	3	78141 3537 329 49
50	82496	0.0	3	78022 4177 225 72
51	160359	0.0	3	154363 5495 401 100
52	1468	0.0	3	268 1007 183 10
53	81835	0.0	3	77575 3975 207 78
54	161319	0.0	3	155194 5658 364 103
55	1325	0.0	3	254 958 81 32
56	80329	0.0	3	76620 3431 211 67
57	79489	0.0	3	75630 3561 246 52
58	78102	0.0	3	74284 3537 196 85
59	77122	0.0	3	73341 3468 271 42
60	76836	0.0	3	72490 4076 199 71
61	148176	0.0	3	142510 5280 305 81
62	1288	0.0	3	248 899 107 34
63	73628	0.0	3	70145 3186 257 40
64	74002	0.0	3	69860 3885 202 55
65	141039	0.0	3	135502 5102 364 71
66	1106	0.0	3	186 821 68 31
67	69210	0.0	3	65987 2936 242 45
68	67764	0.0	3	64468 3024 215 57
69	64858	0.0	3	61858 2725 218 57
70	62291	0.0	3	59448 2629 175 39
71	60407	0.0	3	57413 2744 198 52
72	72057	0.0	3	68931 2854 235 37
73	56271	0.0	3	53675 2372 184 40
74	55759	0.0	3	53154 2387 183 35
75	54504	0.0	3	52083 2237 148 36
76	48576	0.0	3	46434 2002 104 36
77	49306	0.0	3	47082 2063 133 28
78	41256	0.0	3	39343 1773 108 32
79	39938	0.0	3	38110 1728 82 18
80	36304	0.0	3	34634 1537 103 30
81	33552	0.0	3	32013 1454 70 15
82	31131	0.0	3	29785 1274 59 13
83	27374	0.0	3	26158 1148 52 16
84	25614	0.0	3	24540 1001 59 14
85	22237	0.0	3	21211 961 53 12
86	20650	0.0	3	19793 806 40 11
87	18613	0.0	3	17808 743 47 15
88	17583	0.0	3	16805 721 46 11
89	14615	0.0	3	13987 587 33 8
90	13050	0.0	3	12505 501 35 9
91	11633	0.0	3	11178 422 25 8
92	9845	0.0	3	9445 366 29 5
93	7777	0.0	3	7421 333 18 5
94	6799	0.0	3	6483 289 18 9
95	6110	0.0	3	5874 218 17 1
96	4721	0.0	3	4519 188 13 1
97	4346	0.0	3	4162 165 14 5
98	3846	0.0	3	3680 158 6 2
99	3491	0.0	3	3369 112 9 1
100	2903	0.0	3	2764 127 10 2
101	2397	0.0	3	2279 105 10 3
102	2144	0.0	3	2056 80 8
103	1550	0.0	3	1485 57 5 3
104	1229	0.0	3	1190 36 2 1
105	1161	0.0	3	1114 43 3 1
106	958	0.0	3	918 37 2 1
107	863	0.0	3	824 38 1
108	767	0.0	3	728 36 2 1
109	646	0.0	3	618 21 7
110	570	0.0	3	541 27 1 1
111	464	0.0	3	440 20 3 1
112	474	0.0	3	454 18 1 1
113	417	0.0	3	401 14 1 1
114	377	0.0	3	354 22 0 1
115	360	0.0	3	342 16 2
116	289	0.0	3	274 12 3
117	307	0.0	3	294 12 1
118	295	0.0	3	274 18 3
119	304	0.0	3	282 20 1 1
120	303	0.0	3	276 26 0 1
121	291	0.0	3	273 13 4 1
122	304	0.0	3	280 24
123	317	0.0	3	287 26 3 1
124	346	0.0	3	317 27 2
125	375	0.0	3	355 20
126	434	0.0	3	406 26 2
127	423	0.0	3	392 29 2
128	495	0.0	3	454 38 2 1
129	452	0.0	3	413 34 5
130	528	0.0	3	496 29 3
131	573	0.0	3	536 33 4
132	642	0.0	3	592 48 1 1
133	752	0.0	3	689 59 3 1
134	780	0.0	3	718 59 2 1
135	946	0.0	3	872 67 7
136	990	0.0	3	901 86 3
137	994	0.0	3	899 92 3
138	983	0.0	3	872 106 5
139	977	0.0	3	850 119 6 2
140	1079	0.0	3	929 146 4
141	1174	0.0	3	1005 161 8
142	729	0.0	3	551 171 5 2
143	772	0.0	3	505 257 10
144	890	0.0	3	525 350 12 3
145	944	0.0	3	578 347 18 1
146	1402	0.0	3	763 591 43 5
147	2160	0.0	3	653 1425 77 5
148	4155	0.0	3	205 3727 217 6
149	11890	0.0	3	209 11011 641 29
150	30055	0.0	3	435 27839 1711 70


=== Second read: Adapter 2 ===

Sequence: AGATCGGAAGAGCGTCGTGTAGGGAAAGAGTGTA; Type: regular 3'; Length: 34; Trimmed: 6639421 times

No. of allowed errors:
0-9 bp: 0; 10-19 bp: 1; 20-29 bp: 2; 30-34 bp: 3

Bases preceding removed adapters:
  A: 17.7%
  C: 27.0%
  G: 44.6%
  T: 10.3%
  none/other: 0.4%

Overview of removed sequences
length	count	expect	max.err	error counts
3	426624	268883.8	0	426624
4	150984	67220.9	0	150984
5	231258	16805.2	0	231258
8	72673	262.6	0	72673
9	147009	65.6	0	147009
10	577	16.4	1	0 577
11	151610	4.1	1	149039 2571
12	535	1.0	1	0 535
13	152946	0.3	1	149974 2972
14	375	0.1	1	0 375
15	77410	0.0	1	75440 1970
16	154249	0.0	1	150330 3919
17	608	0.0	1	0 608
18	153658	0.0	1	149677 3807 174
19	551	0.0	1	0 380 171
20	80068	0.0	2	76305 3453 310
21	316871	0.0	2	306078 9599 1194
22	660	0.0	2	0 559 101
23	287	0.0	2	0 87 200
24	509	0.0	2	0 435 74
25	79897	0.0	2	76338 3119 440
26	80787	0.0	2	76692 3645 450
27	160444	0.0	2	153705 5681 1058
28	1158	0.0	2	0 1039 72 47
29	161442	0.0	2	154165 6297 950 30
30	1178	0.0	3	0 1049 71 58
31	162452	0.0	3	154608 6405 998 441
32	1216	0.0	3	0 1043 125 48
33	164823	0.0	3	156280 7220 986 337
34	824	0.0	3	14 264 462 84
35	82919	0.0	3	23 78387 3965 544
36	82979	0.0	3	10 77879 3949 1141
37	163590	0.0	3	21 97 6251 157221
38	791	0.0	3	0 6 598 187
39	82242	0.0	3	34 97 3461 78650
40	83214	0.0	3	17 73 3755 79369
41	165784	0.0	3	30 167 6293 159294
42	1197	0.0	3	0 8 967 222
43	166424	0.0	3	49 149 6036 160190
44	955	0.0	3	0 1 677 277
45	83600	0.0	3	32 99 3658 79811
46	165067	0.0	3	70 240 5968 158789
47	878	0.0	3	0 7 602 269
48	82392	0.0	3	14 119 3376 78883
49	81967	0.0	3	11 93 3219 78644
50	81571	0.0	3	15 93 3199 78264
51	81309	0.0	3	12 65 3715 77517
52	242219	0.0	3	96 239 7904 233980
53	762	0.0	3	1 2 351 408
54	1331	0.0	3	2 5 1024 300
55	238648	0.0	3	141 364 7509 230634
56	725	0.0	3	0 11 366 348
57	583	0.0	3	1 5 365 212
58	78125	0.0	3	10 202 2888 75025
59	151652	0.0	3	43 131 4439 147039
60	822	0.0	3	0 1 515 306
61	75375	0.0	3	21 55 2821 72478
62	147469	0.0	3	81 188 4272 142928
63	745	0.0	3	4 1 510 230
64	72654	0.0	3	46 113 2230 70265
65	72158	0.0	3	8 141 2541 69468
66	70289	0.0	3	18 123 2348 67800
67	69273	0.0	3	11 96 2308 66858
68	67684	0.0	3	30 34 2244 65376
69	64690	0.0	3	13 74 2174 62429
70	62139	0.0	3	13 37 2029 60060
71	60074	0.0	3	8 94 1906 58066
72	57731	0.0	3	4 58 1874 55795
73	55882	0.0	3	15 31 1768 54068
74	54104	0.0	3	23 62 1723 52296
75	51905	0.0	3	15 39 1663 50188
76	59686	0.0	3	5 74 1952 57655
77	47311	0.0	3	9 65 1514 45723
78	44255	0.0	3	3 42 1335 42875
79	41460	0.0	3	4 18 1250 40188
80	39019	0.0	3	5 39 1193 37782
81	33596	0.0	3	4 17 984 32591
82	30991	0.0	3	5 27 891 30068
83	27780	0.0	3	19 30 849 26882
84	25488	0.0	3	5 15 745 24723
85	23093	0.0	3	6 18 641 22428
86	20913	0.0	3	7 29 598 20279
87	19030	0.0	3	5 14 542 18469
88	16824	0.0	3	2 13 526 16283
89	15547	0.0	3	1 11 454 15081
90	13495	0.0	3	0 6 427 13062
91	11381	0.0	3	0 4 342 11035
92	9623	0.0	3	0 6 312 9305
93	8088	0.0	3	0 4 229 7855
94	6704	0.0	3	2 3 175 6524
95	5910	0.0	3	1 7 196 5706
96	5099	0.0	3	0 3 156 4940
97	4402	0.0	3	0 4 147 4251
98	3836	0.0	3	0 7 136 3693
99	3363	0.0	3	0 4 106 3253
100	2853	0.0	3	0 1 91 2761
101	2456	0.0	3	2 1 76 2377
102	2020	0.0	3	0 3 54 1963
103	1654	0.0	3	0 1 59 1594
104	1301	0.0	3	0 2 48 1251
105	1188	0.0	3	0 0 45 1143
106	974	0.0	3	0 2 36 936
107	924	0.0	3	0 2 36 886
108	782	0.0	3	0 0 16 766
109	693	0.0	3	0 0 24 669
110	605	0.0	3	0 1 22 582
111	529	0.0	3	0 1 27 501
112	461	0.0	3	1 1 20 439
113	409	0.0	3	0 0 21 388
114	433	0.0	3	0 0 24 409
115	354	0.0	3	0 0 15 339
116	344	0.0	3	0 0 23 321
117	325	0.0	3	0 0 19 306
118	328	0.0	3	0 1 21 306
119	306	0.0	3	0 1 24 281
120	307	0.0	3	0 0 19 288
121	325	0.0	3	0 0 17 308
122	331	0.0	3	0 0 22 309
123	319	0.0	3	1 1 30 287
124	342	0.0	3	0 1 33 308
125	419	0.0	3	0 1 20 398
126	418	0.0	3	1 0 26 391
127	443	0.0	3	0 1 38 404
128	437	0.0	3	0 0 32 405
129	474	0.0	3	0 0 33 441
130	548	0.0	3	0 1 45 502
131	565	0.0	3	0 0 36 529
132	640	0.0	3	0 0 43 597
133	769	0.0	3	0 1 67 701
134	752	0.0	3	0 0 49 703
135	954	0.0	3	0 0 59 895
136	943	0.0	3	0 0 61 882
137	970	0.0	3	0 0 88 882
138	964	0.0	3	0 2 68 894
139	895	0.0	3	0 0 81 814
140	1103	0.0	3	0 0 100 1003
141	1177	0.0	3	0 1 137 1039
142	701	0.0	3	0 0 138 563
143	737	0.0	3	0 1 195 541
144	769	0.0	3	0 1 239 529
145	828	0.0	3	0 1 243 584
146	1272	0.0	3	0 2 489 781
147	1709	0.0	3	0 0 966 743
148	2799	0.0	3	0 1 2510 288
149	9949	0.0	3	0 4 9432 513
150	33128	0.0	3	0 5 31505 1618
