This is cutadapt 2.9 with Python 3.5.2
Command line parameters: --nextseq-trim 10 --minimum-length 25 --cores 4 -a AGATCGGAAGAGCACACGTCTGAACTCCAGTCAC -A AGATCGGAAGAGCGTCGTGTAGGGAAAGAGTGTA -o Mcapitata_ATAC_TP4_1609_R1_TrimmingRound1.fastq.gz -p Mcapitata_ATAC_TP4_1609_R2_TrimmingRound1.fastq.gz Mcapitata_ATAC_TP4_1609_R1.fastq.gz Mcapitata_ATAC_TP4_1609_R2.fastq.gz
Processing reads on 4 cores in paired-end mode ...
Finished in 828.69 s (39 us/read; 1.53 M reads/minute).

=== Summary ===

Total read pairs processed:         21,064,496
  Read 1 with adapter:               4,926,153 (23.4%)
  Read 2 with adapter:               5,155,786 (24.5%)
Pairs written (passing filters):    20,972,122 (99.6%)

Total basepairs processed: 6,319,348,800 bp
  Read 1: 3,159,674,400 bp
  Read 2: 3,159,674,400 bp
Quality-trimmed:              12,746,174 bp (0.2%)
  Read 1:     5,500,858 bp
  Read 2:     7,245,316 bp
Total written (filtered):  6,009,091,035 bp (95.1%)
  Read 1: 3,005,465,296 bp
  Read 2: 3,003,625,739 bp

=== First read: Adapter 1 ===

Sequence: AGATCGGAAGAGCACACGTCTGAACTCCAGTCAC; Type: regular 3'; Length: 34; Trimmed: 4926153 times

No. of allowed errors:
0-9 bp: 0; 10-19 bp: 1; 20-29 bp: 2; 30-34 bp: 3

Bases preceding removed adapters:
  A: 18.5%
  C: 29.6%
  G: 33.6%
  T: 18.2%
  none/other: 0.1%

Overview of removed sequences
length	count	expect	max.err	error counts
3	435224	329132.8	0	435224
4	164216	82283.2	0	164216
5	271633	20570.8	0	271633
8	84503	321.4	0	84503
9	170271	80.4	0	170271
10	666	20.1	1	0 666
11	174100	5.0	1	169934 4166
12	519	1.3	1	0 519
13	87259	0.3	1	84732 2527
14	87000	0.1	1	84368 2632
15	86686	0.0	1	84102 2584
16	86687	0.0	1	83596 3091
17	171554	0.0	1	166669 4885
18	671	0.0	1	0 615 56
19	86427	0.0	1	83375 2950 102
20	88168	0.0	2	84023 3618 527
21	172381	0.0	2	165959 5521 901
22	987	0.0	2	0 910 77
23	86611	0.0	2	82654 3386 571
24	85493	0.0	2	81420 3541 532
25	84598	0.0	2	80482 3567 549
26	84581	0.0	2	80169 3891 521
27	83407	0.0	2	79012 3781 614
28	83488	0.0	2	78041 4828 567 52
29	161849	0.0	2	153997 6606 950 296
30	1667	0.0	3	0 1180 150 337
31	80611	0.0	3	75601 4195 554 261
32	80155	0.0	3	74777 4451 643 284
33	79236	0.0	3	73728 4593 642 273
34	78308	0.0	3	72691 4796 566 255
35	75888	0.0	3	70456 4610 572 250
36	74367	0.0	3	69012 4432 658 265
37	73723	0.0	3	67879 4966 601 277
38	138070	0.0	3	130208 6413 1020 429
39	2390	0.0	3	255 1946 134 55
40	131702	0.0	3	124456 5950 874 422
41	1651	0.0	3	256 1194 142 59
42	64337	0.0	3	59989 3592 529 227
43	62272	0.0	3	57911 3620 497 244
44	60604	0.0	3	56425 3508 451 220
45	59053	0.0	3	54786 3474 551 242
46	55655	0.0	3	51128 3863 456 208
47	103769	0.0	3	97943 4675 761 390
48	1429	0.0	3	358 860 141 70
49	48396	0.0	3	45005 2726 451 214
50	47308	0.0	3	43268 3399 409 232
51	84840	0.0	3	79977 3917 623 323
52	1283	0.0	3	317 774 138 54
53	40851	0.0	3	37596 2722 363 170
54	73578	0.0	3	69315 3442 511 310
55	1149	0.0	3	338 684 105 22
56	33682	0.0	3	31361 1914 271 136
57	31947	0.0	3	29621 1915 287 124
58	29638	0.0	3	27568 1726 243 101
59	28239	0.0	3	26311 1543 280 105
60	25981	0.0	3	23907 1776 209 89
61	45629	0.0	3	43096 2075 319 139
62	694	0.0	3	238 381 53 22
63	21264	0.0	3	19903 1117 185 59
64	20227	0.0	3	18625 1406 138 58
65	35244	0.0	3	33308 1571 258 107
66	561	0.0	3	181 337 35 8
67	15491	0.0	3	14516 841 97 37
68	14484	0.0	3	13573 794 86 31
69	13493	0.0	3	12619 747 87 40
70	12142	0.0	3	11362 673 73 34
71	11521	0.0	3	10724 681 83 33
72	12184	0.0	3	11405 668 73 38
73	9583	0.0	3	8931 555 70 27
74	9181	0.0	3	8569 523 65 24
75	8464	0.0	3	7893 491 57 23
76	7646	0.0	3	7136 452 47 11
77	7202	0.0	3	6713 422 46 21
78	6510	0.0	3	6058 400 34 18
79	6004	0.0	3	5596 336 53 19
80	5195	0.0	3	4871 280 33 11
81	4928	0.0	3	4610 262 40 16
82	4213	0.0	3	3940 233 29 11
83	4055	0.0	3	3789 230 30 6
84	3813	0.0	3	3537 234 30 12
85	3478	0.0	3	3248 189 35 6
86	3411	0.0	3	3157 218 25 11
87	3033	0.0	3	2832 165 29 7
88	3056	0.0	3	2866 164 23 3
89	2585	0.0	3	2422 137 18 8
90	2350	0.0	3	2181 144 17 8
91	2272	0.0	3	2129 115 22 6
92	2046	0.0	3	1888 133 15 10
93	1677	0.0	3	1574 79 16 8
94	1581	0.0	3	1467 96 11 7
95	1534	0.0	3	1435 78 15 6
96	1341	0.0	3	1225 98 12 6
97	1326	0.0	3	1245 62 14 5
98	1285	0.0	3	1200 73 9 3
99	1246	0.0	3	1156 75 13 2
100	1089	0.0	3	1009 66 12 2
101	977	0.0	3	894 68 12 3
102	942	0.0	3	863 67 6 6
103	760	0.0	3	693 52 11 4
104	700	0.0	3	641 48 8 3
105	661	0.0	3	610 45 4 2
106	652	0.0	3	599 43 8 2
107	575	0.0	3	541 30 2 2
108	534	0.0	3	485 37 9 3
109	515	0.0	3	471 34 4 6
110	459	0.0	3	423 30 3 3
111	449	0.0	3	406 37 4 2
112	393	0.0	3	367 19 4 3
113	391	0.0	3	357 30 3 1
114	344	0.0	3	322 15 6 1
115	325	0.0	3	289 28 5 3
116	313	0.0	3	281 26 6
117	277	0.0	3	256 17 3 1
118	291	0.0	3	274 12 4 1
119	282	0.0	3	261 17 2 2
120	260	0.0	3	239 19 2
121	292	0.0	3	266 21 4 1
122	243	0.0	3	220 22 1
123	245	0.0	3	225 18 0 2
124	305	0.0	3	286 14 4 1
125	300	0.0	3	273 25 1 1
126	293	0.0	3	276 14 2 1
127	378	0.0	3	346 25 4 3
128	399	0.0	3	371 24 3 1
129	414	0.0	3	381 28 5
130	508	0.0	3	471 30 4 3
131	560	0.0	3	515 41 3 1
132	648	0.0	3	588 54 4 2
133	697	0.0	3	645 49 2 1
134	774	0.0	3	710 58 5 1
135	1024	0.0	3	945 75 4
136	1049	0.0	3	959 78 9 3
137	965	0.0	3	872 86 3 4
138	1013	0.0	3	888 115 9 1
139	1046	0.0	3	943 97 6
140	1248	0.0	3	1114 126 5 3
141	1376	0.0	3	1223 134 14 5
142	963	0.0	3	784 168 8 3
143	1269	0.0	3	989 254 21 5
144	1375	0.0	3	1009 329 26 11
145	1724	0.0	3	1323 367 29 5
146	2363	0.0	3	1569 730 53 11
147	3505	0.0	3	1509 1841 146 9
148	5782	0.0	3	500 4879 371 32
149	17713	0.0	3	506 15798 1311 98
150	43786	0.0	3	1345 38756 3397 288


=== Second read: Adapter 2 ===

Sequence: AGATCGGAAGAGCGTCGTGTAGGGAAAGAGTGTA; Type: regular 3'; Length: 34; Trimmed: 5155786 times

No. of allowed errors:
0-9 bp: 0; 10-19 bp: 1; 20-29 bp: 2; 30-34 bp: 3

Bases preceding removed adapters:
  A: 18.8%
  C: 29.1%
  G: 41.6%
  T: 10.3%
  none/other: 0.2%

Overview of removed sequences
length	count	expect	max.err	error counts
3	608169	329132.8	0	608169
4	202951	82283.2	0	202951
5	275358	20570.8	0	275358
8	84868	321.4	0	84868
9	170414	80.4	0	170414
10	1103	20.1	1	0 1103
11	175200	5.0	1	170430 4770
12	967	1.3	1	0 967
13	175531	0.3	1	170684 4847
14	725	0.1	1	0 725
15	87109	0.0	1	83970 3139
16	173974	0.0	1	168255 5719
17	971	0.0	1	0 971
18	171773	0.0	1	166301 5260 212
19	998	0.0	1	0 770 228
20	89376	0.0	2	84334 4479 563
21	344806	0.0	2	331091 11692 2023
22	1471	0.0	2	0 1247 224
23	627	0.0	2	0 222 405
24	849	0.0	2	0 640 209
25	85146	0.0	2	80685 3698 763
26	85866	0.0	2	80660 4536 670
27	165799	0.0	2	157607 6593 1599
28	1945	0.0	2	0 1688 162 95
29	163809	0.0	2	155608 6611 1541 49
30	2061	0.0	3	0 1784 155 122
31	160133	0.0	3	151417 6433 1565 718
32	1864	0.0	3	0 1565 175 124
33	156433	0.0	3	147779 6699 1348 607
34	1619	0.0	3	125 678 658 158
35	76008	0.0	3	182 71391 3190 1245
36	75106	0.0	3	86 260 70345 4415
37	142946	0.0	3	145 372 135409 7020
38	1418	0.0	3	106 43 234 1035
39	68904	0.0	3	204 207 64996 3497
40	68047	0.0	3	67 240 63773 3967
41	129884	0.0	3	292 364 123360 5868
42	1705	0.0	3	0 10 445 1250
43	120856	0.0	3	194 311 115296 5055
44	1261	0.0	3	0 11 291 959
45	58329	0.0	3	81 154 55253 2841
46	108261	0.0	3	203 270 103603 4185
47	1096	0.0	3	3 3 284 806
48	50852	0.0	3	60 105 48323 2364
49	48427	0.0	3	78 135 46016 2198
50	46534	0.0	3	77 117 44193 2147
51	44341	0.0	3	69 100 41734 2438
52	119361	0.0	3	147 236 114393 4585
53	689	0.0	3	1 3 209 476
54	1157	0.0	3	1 10 378 768
55	99616	0.0	3	135 180 95520 3781
56	608	0.0	3	3 5 185 415
57	439	0.0	3	1 4 133 301
58	29531	0.0	3	34 86 27885 1526
59	52638	0.0	3	87 111 50415 2025
60	570	0.0	3	3 6 170 391
61	24331	0.0	3	31 75 23000 1225
62	42797	0.0	3	63 101 40965 1668
63	413	0.0	3	3 9 132 269
64	19713	0.0	3	33 47 18772 861
65	18673	0.0	3	19 41 17742 871
66	17143	0.0	3	21 45 16297 780
67	15616	0.0	3	19 45 14808 744
68	14401	0.0	3	20 33 13708 640
69	13431	0.0	3	16 43 12745 627
70	12113	0.0	3	15 27 11466 605
71	11464	0.0	3	15 31 10907 511
72	10230	0.0	3	16 30 9688 496
73	9489	0.0	3	7 23 8989 470
74	9138	0.0	3	15 35 8603 485
75	8396	0.0	3	18 35 7944 399
76	9062	0.0	3	18 40 8500 504
77	7111	0.0	3	15 13 6713 370
78	6588	0.0	3	17 29 6221 321
79	6180	0.0	3	15 25 5825 315
80	5769	0.0	3	12 26 5425 306
81	4774	0.0	3	7 14 4502 251
82	4529	0.0	3	7 14 4278 230
83	4081	0.0	3	8 17 3825 231
84	3882	0.0	3	6 14 3628 234
85	3699	0.0	3	6 15 3477 201
86	3384	0.0	3	12 14 3167 191
87	3199	0.0	3	7 9 3019 164
88	2894	0.0	3	2 6 2758 128
89	2778	0.0	3	4 10 2611 153
90	2525	0.0	3	3 5 2375 142
91	2309	0.0	3	2 5 2197 105
92	2054	0.0	3	3 6 1937 108
93	1778	0.0	3	2 0 1671 105
94	1696	0.0	3	4 4 1583 105
95	1557	0.0	3	1 4 1465 87
96	1520	0.0	3	1 3 1421 95
97	1310	0.0	3	0 5 1229 76
98	1358	0.0	3	0 5 1280 73
99	1255	0.0	3	6 4 1166 79
100	1162	0.0	3	0 2 1088 72
101	1003	0.0	3	0 1 932 70
102	946	0.0	3	3 4 870 69
103	840	0.0	3	1 0 777 62
104	773	0.0	3	0 2 713 58
105	711	0.0	3	0 4 648 59
106	677	0.0	3	0 3 620 54
107	679	0.0	3	0 2 619 58
108	621	0.0	3	0 2 563 56
109	586	0.0	3	0 0 533 53
110	510	0.0	3	0 1 463 46
111	527	0.0	3	1 2 484 40
112	472	0.0	3	2 4 419 47
113	435	0.0	3	0 2 397 36
114	411	0.0	3	0 0 371 40
115	384	0.0	3	0 0 343 41
116	352	0.0	3	0 1 310 41
117	322	0.0	3	0 0 289 33
118	348	0.0	3	2 0 292 54
119	313	0.0	3	0 0 289 24
120	331	0.0	3	0 0 295 36
121	298	0.0	3	0 1 268 29
122	308	0.0	3	2 1 271 34
123	269	0.0	3	1 2 235 31
124	324	0.0	3	0 1 299 24
125	362	0.0	3	0 1 322 39
126	315	0.0	3	2 0 290 23
127	354	0.0	3	0 2 325 27
128	409	0.0	3	0 0 368 41
129	470	0.0	3	0 0 433 37
130	525	0.0	3	0 0 486 39
131	524	0.0	3	1 0 490 33
132	641	0.0	3	1 0 581 59
133	738	0.0	3	0 3 684 51
134	812	0.0	3	2 0 750 60
135	1044	0.0	3	0 1 965 78
136	1036	0.0	3	1 1 956 78
137	1004	0.0	3	4 2 905 93
138	961	0.0	3	0 2 887 72
139	1032	0.0	3	0 0 938 94
140	1246	0.0	3	0 1 1146 99
141	1431	0.0	3	1 1 1297 132
142	962	0.0	3	1 0 820 141
143	1128	0.0	3	1 2 920 205
144	1338	0.0	3	1 2 1031 304
145	1649	0.0	3	0 3 1353 293
146	2087	0.0	3	2 2 1596 487
147	2639	0.0	3	1 2 1608 1028
148	3491	0.0	3	0 2 491 2998
149	13962	0.0	3	0 9 479 13474
150	48885	0.0	3	1 40 1570 47274
