This is cutadapt 2.9 with Python 3.5.2
Command line parameters: --nextseq-trim 10 --minimum-length 25 --cores 4 -a AGATCGGAAGAGCACACGTCTGAACTCCAGTCAC -A AGATCGGAAGAGCGTCGTGTAGGGAAAGAGTGTA -o Mcapitata_ATHC_TP10_2737_R1_TrimmingRound1.fastq.gz -p Mcapitata_ATHC_TP10_2737_R2_TrimmingRound1.fastq.gz Mcapitata_ATHC_TP10_2737_R1.fastq.gz Mcapitata_ATHC_TP10_2737_R2.fastq.gz
Processing reads on 4 cores in paired-end mode ...
Finished in 855.27 s (40 us/read; 1.49 M reads/minute).

=== Summary ===

Total read pairs processed:         21,183,709
  Read 1 with adapter:               8,587,824 (40.5%)
  Read 2 with adapter:               8,740,107 (41.3%)
Pairs written (passing filters):    21,121,913 (99.7%)

Total basepairs processed: 6,355,112,700 bp
  Read 1: 3,177,556,350 bp
  Read 2: 3,177,556,350 bp
Quality-trimmed:              13,176,348 bp (0.2%)
  Read 1:     5,636,641 bp
  Read 2:     7,539,707 bp
Total written (filtered):  5,621,420,176 bp (88.5%)
  Read 1: 2,810,892,643 bp
  Read 2: 2,810,527,533 bp

=== First read: Adapter 1 ===

Sequence: AGATCGGAAGAGCACACGTCTGAACTCCAGTCAC; Type: regular 3'; Length: 34; Trimmed: 8587824 times

No. of allowed errors:
0-9 bp: 0; 10-19 bp: 1; 20-29 bp: 2; 30-34 bp: 3

Bases preceding removed adapters:
  A: 18.2%
  C: 28.3%
  G: 36.5%
  T: 16.8%
  none/other: 0.2%

Overview of removed sequences
length	count	expect	max.err	error counts
3	365960	330995.5	0	365960
4	153342	82748.9	0	153342
5	287606	20687.2	0	287606
8	92279	323.2	0	92279
9	184573	80.8	0	184573
10	578	20.2	1	0 578
11	189749	5.1	1	186232 3517
12	509	1.3	1	0 509
13	96467	0.3	1	94186 2281
14	98000	0.1	1	95527 2473
15	98000	0.0	1	95348 2652
16	98301	0.0	1	95330 2971
17	196421	0.0	1	191353 5068
18	700	0.0	1	0 647 53
19	99984	0.0	1	96703 3170 111
20	101375	0.0	2	97340 3753 282
21	202179	0.0	2	195693 5928 558
22	1063	0.0	2	0 970 93
23	103048	0.0	2	98906 3769 373
24	103910	0.0	2	99489 4057 364
25	103057	0.0	2	98557 4146 354
26	103996	0.0	2	99320 4272 404
27	104704	0.0	2	99975 4197 532
28	105665	0.0	2	99413 5813 376 63
29	208526	0.0	2	200109 7485 802 130
30	1907	0.0	3	0 1412 180 315
31	106264	0.0	3	100716 4917 512 119
32	107166	0.0	3	100823 5562 630 151
33	108062	0.0	3	101668 5775 500 119
34	109112	0.0	3	102376 6022 583 131
35	108742	0.0	3	101954 6057 638 93
36	110607	0.0	3	102517 7218 702 170
37	215464	0.0	3	205299 8864 1092 209
38	3260	0.0	3	86 3007 126 41
39	216254	0.0	3	206316 8684 1049 205
40	2166	0.0	3	87 1884 160 35
41	111255	0.0	3	104676 5886 557 136
42	111442	0.0	3	104769 5963 586 124
43	112390	0.0	3	105577 6067 623 123
44	112744	0.0	3	105932 6070 576 166
45	114463	0.0	3	107645 6115 573 130
46	111965	0.0	3	104072 7176 580 137
47	220220	0.0	3	210214 8900 878 228
48	2444	0.0	3	398 1853 142 51
49	111027	0.0	3	104903 5366 652 106
50	112003	0.0	3	104481 6998 417 107
51	217411	0.0	3	207817 8702 725 167
52	2653	0.0	3	419 1986 234 14
53	111742	0.0	3	104357 6790 476 119
54	219258	0.0	3	209333 9037 721 167
55	2454	0.0	3	389 1896 140 29
56	109507	0.0	3	103356 5629 425 97
57	107965	0.0	3	101523 5851 496 95
58	107521	0.0	3	101098 5890 435 98
59	106628	0.0	3	100345 5688 518 77
60	106718	0.0	3	99260 6875 498 85
61	203520	0.0	3	194110 8531 742 137
62	2391	0.0	3	407 1798 153 33
63	102059	0.0	3	96288 5179 508 84
64	102502	0.0	3	95355 6648 414 85
65	195980	0.0	3	187082 8019 759 120
66	2125	0.0	3	350 1617 135 23
67	96602	0.0	3	91328 4754 449 71
68	93545	0.0	3	88039 4910 525 71
69	90774	0.0	3	85604 4675 411 84
70	87010	0.0	3	81910 4609 414 77
71	84235	0.0	3	79158 4592 434 51
72	103999	0.0	3	98328 5068 538 65
73	78686	0.0	3	74228 4013 370 75
74	78242	0.0	3	73968 3853 342 79
75	74246	0.0	3	70116 3728 334 68
76	70137	0.0	3	66260 3533 285 59
77	67251	0.0	3	63534 3384 257 76
78	62274	0.0	3	58774 3255 211 34
79	54148	0.0	3	51093 2778 241 36
80	51819	0.0	3	49014 2578 195 32
81	44987	0.0	3	42463 2323 164 37
82	42466	0.0	3	40158 2111 172 25
83	38608	0.0	3	36468 1975 141 24
84	35699	0.0	3	33721 1834 125 19
85	32683	0.0	3	30939 1618 114 12
86	28509	0.0	3	26920 1460 108 21
87	26328	0.0	3	24886 1342 87 13
88	23653	0.0	3	22340 1171 131 11
89	19952	0.0	3	18917 950 71 14
90	18105	0.0	3	17142 878 74 11
91	16277	0.0	3	15468 742 57 10
92	13866	0.0	3	13175 639 44 8
93	11206	0.0	3	10658 510 31 7
94	9809	0.0	3	9277 492 33 7
95	8584	0.0	3	8159 389 32 4
96	6904	0.0	3	6520 355 24 5
97	6432	0.0	3	6108 292 26 6
98	5676	0.0	3	5357 296 20 3
99	4972	0.0	3	4723 233 13 3
100	4147	0.0	3	3907 213 22 5
101	3473	0.0	3	3268 186 16 3
102	2987	0.0	3	2816 153 15 3
103	2213	0.0	3	2092 111 9 1
104	2047	0.0	3	1955 80 8 4
105	1627	0.0	3	1545 77 2 3
106	1562	0.0	3	1462 90 9 1
107	1216	0.0	3	1151 57 6 2
108	1128	0.0	3	1073 52 3
109	1028	0.0	3	985 38 4 1
110	879	0.0	3	833 46
111	805	0.0	3	764 38 3
112	700	0.0	3	665 31 3 1
113	673	0.0	3	634 34 4 1
114	580	0.0	3	547 29 3 1
115	529	0.0	3	496 30 3
116	472	0.0	3	447 22 3
117	478	0.0	3	450 23 3 2
118	437	0.0	3	400 34 2 1
119	420	0.0	3	390 26 3 1
120	462	0.0	3	429 29 4
121	497	0.0	3	461 34 2
122	528	0.0	3	494 29 4 1
123	524	0.0	3	478 43 1 2
124	554	0.0	3	521 28 2 3
125	605	0.0	3	572 30 1 2
126	710	0.0	3	662 45 1 2
127	688	0.0	3	643 42 3
128	772	0.0	3	711 59 2
129	839	0.0	3	783 52 3 1
130	916	0.0	3	845 68 2 1
131	1012	0.0	3	960 49 3
132	1017	0.0	3	950 63 4
133	1265	0.0	3	1177 81 7
134	1378	0.0	3	1291 85 2
135	1596	0.0	3	1477 110 8 1
136	1777	0.0	3	1664 104 7 2
137	1749	0.0	3	1638 103 8
138	1729	0.0	3	1610 110 9
139	1695	0.0	3	1557 129 8 1
140	2000	0.0	3	1822 167 11
141	2158	0.0	3	1979 166 12 1
142	1433	0.0	3	1262 161 10
143	1405	0.0	3	1191 201 12 1
144	1415	0.0	3	1122 272 21
145	1612	0.0	3	1311 288 11 2
146	1910	0.0	3	1436 446 26 2
147	2289	0.0	3	1249 977 59 4
148	2878	0.0	3	358 2361 151 8
149	7584	0.0	3	182 6944 436 22
150	18359	0.0	3	393 16816 1099 51


=== Second read: Adapter 2 ===

Sequence: AGATCGGAAGAGCGTCGTGTAGGGAAAGAGTGTA; Type: regular 3'; Length: 34; Trimmed: 8740107 times

No. of allowed errors:
0-9 bp: 0; 10-19 bp: 1; 20-29 bp: 2; 30-34 bp: 3

Bases preceding removed adapters:
  A: 17.6%
  C: 27.3%
  G: 44.9%
  T: 10.1%
  none/other: 0.1%

Overview of removed sequences
length	count	expect	max.err	error counts
3	499136	330995.5	0	499136
4	186659	82748.9	0	186659
5	292020	20687.2	0	292020
8	92297	323.2	0	92297
9	184508	80.8	0	184508
10	738	20.2	1	0 738
11	189567	5.1	1	186240 3327
12	684	1.3	1	0 684
13	194224	0.3	1	190063 4161
14	482	0.1	1	0 482
15	97562	0.0	1	94980 2582
16	195776	0.0	1	190483 5293
17	822	0.0	1	0 822
18	196774	0.0	1	191422 5139 213
19	809	0.0	1	0 562 247
20	101720	0.0	2	96949 4361 410
21	406466	0.0	2	391570 13257 1639
22	882	0.0	2	0 761 121
23	485	0.0	2	0 141 344
24	688	0.0	2	0 546 142
25	102583	0.0	2	97851 4116 616
26	104303	0.0	2	98722 5007 574
27	207311	0.0	2	197890 8031 1390
28	1552	0.0	2	0 1388 93 71
29	209732	0.0	2	199643 8720 1327 42
30	1634	0.0	3	0 1443 99 92
31	211212	0.0	3	200427 8907 1270 608
32	1582	0.0	3	0 1315 211 56
33	214741	0.0	3	203022 9994 1269 456
34	1092	0.0	3	22 357 588 125
35	108115	0.0	3	41 101753 5517 804
36	109276	0.0	3	16 102228 5441 1591
37	216151	0.0	3	37 145 8813 207156
38	1047	0.0	3	3 9 796 239
39	108532	0.0	3	42 109 4715 103666
40	110556	0.0	3	23 89 5123 105321
41	221221	0.0	3	34 203 8719 212265
42	1497	0.0	3	1 5 1212 279
43	222396	0.0	3	68 186 8389 213753
44	1283	0.0	3	1 2 835 445
45	112421	0.0	3	49 108 5217 107047
46	222425	0.0	3	76 317 8449 213583
47	1176	0.0	3	0 1 801 374
48	110775	0.0	3	17 145 4673 105940
49	111097	0.0	3	12 138 4648 106299
50	110356	0.0	3	16 149 4654 105537
51	110646	0.0	3	19 96 5374 105157
52	330414	0.0	3	133 368 11823 318090
53	1099	0.0	3	0 5 485 609
54	1907	0.0	3	2 10 1472 423
55	324675	0.0	3	181 510 11039 312945
56	1010	0.0	3	0 21 537 452
57	789	0.0	3	0 4 476 309
58	107629	0.0	3	14 287 4299 103029
59	209742	0.0	3	72 153 6582 202935
60	1153	0.0	3	0 3 745 405
61	104065	0.0	3	18 101 3935 100011
62	203794	0.0	3	111 256 6225 197202
63	1070	0.0	3	7 6 735 322
64	100216	0.0	3	39 157 3304 96716
65	100325	0.0	3	6 192 3626 96501
66	98450	0.0	3	18 181 3473 94778
67	96768	0.0	3	8 132 3431 93197
68	93364	0.0	3	41 48 3291 89984
69	90576	0.0	3	28 114 3310 87124
70	86758	0.0	3	12 72 3141 83533
71	83678	0.0	3	9 123 2764 80782
72	81379	0.0	3	8 63 2802 78506
73	79078	0.0	3	14 57 2518 76489
74	76065	0.0	3	30 68 2580 73387
75	72787	0.0	3	29 65 2566 70127
76	83703	0.0	3	12 116 2892 80683
77	65853	0.0	3	17 88 2260 63488
78	62033	0.0	3	7 90 2063 59873
79	58131	0.0	3	5 28 1937 56161
80	54577	0.0	3	9 48 1731 52789
81	47217	0.0	3	11 28 1582 45596
82	43786	0.0	3	10 38 1441 42297
83	38409	0.0	3	16 32 1246 37115
84	35862	0.0	3	6 37 1135 34684
85	33024	0.0	3	6 22 1081 31915
86	28673	0.0	3	8 32 942 27691
87	26369	0.0	3	3 17 799 25550
88	23462	0.0	3	2 20 734 22706
89	21529	0.0	3	7 18 694 20810
90	18549	0.0	3	1 13 616 17919
91	16404	0.0	3	0 2 534 15868
92	13616	0.0	3	0 3 441 13172
93	11546	0.0	3	0 6 368 11172
94	9852	0.0	3	5 6 315 9526
95	8454	0.0	3	1 6 281 8166
96	7151	0.0	3	1 5 231 6914
97	6490	0.0	3	1 9 208 6272
98	5872	0.0	3	1 5 192 5674
99	4795	0.0	3	1 2 155 4637
100	4100	0.0	3	2 4 129 3965
101	3571	0.0	3	3 1 105 3462
102	2839	0.0	3	1 2 98 2738
103	2435	0.0	3	0 3 77 2355
104	2036	0.0	3	0 2 62 1972
105	1702	0.0	3	0 0 53 1649
106	1542	0.0	3	1 2 55 1484
107	1350	0.0	3	2 0 59 1289
108	1145	0.0	3	0 0 48 1097
109	1010	0.0	3	0 1 33 976
110	971	0.0	3	0 0 31 940
111	845	0.0	3	0 1 33 811
112	746	0.0	3	1 1 41 703
113	662	0.0	3	0 2 28 632
114	640	0.0	3	0 0 21 619
115	571	0.0	3	0 1 30 540
116	548	0.0	3	0 1 30 517
117	481	0.0	3	0 0 25 456
118	461	0.0	3	0 0 24 437
119	450	0.0	3	0 3 33 414
120	485	0.0	3	0 2 30 453
121	471	0.0	3	0 0 25 446
122	549	0.0	3	0 1 26 522
123	533	0.0	3	0 0 35 498
124	580	0.0	3	0 1 23 556
125	613	0.0	3	0 1 27 585
126	715	0.0	3	0 1 40 674
127	703	0.0	3	0 0 37 666
128	784	0.0	3	1 1 28 754
129	756	0.0	3	0 0 36 720
130	892	0.0	3	0 2 53 837
131	970	0.0	3	0 1 53 916
132	1102	0.0	3	0 4 56 1042
133	1200	0.0	3	0 1 43 1156
134	1380	0.0	3	0 2 62 1316
135	1611	0.0	3	0 1 64 1546
136	1697	0.0	3	0 1 76 1620
137	1672	0.0	3	0 0 79 1593
138	1763	0.0	3	0 3 83 1677
139	1658	0.0	3	0 0 92 1566
140	2033	0.0	3	1 2 98 1932
141	2244	0.0	3	1 1 105 2137
142	1384	0.0	3	0 0 117 1267
143	1357	0.0	3	0 0 147 1210
144	1314	0.0	3	0 5 186 1123
145	1485	0.0	3	0 0 177 1308
146	1896	0.0	3	0 1 316 1579
147	2039	0.0	3	0 2 562 1475
148	1982	0.0	3	0 1 1517 464
149	6418	0.0	3	0 2 6033 383
150	20557	0.0	3	0 8 19413 1136
