This is cutadapt 2.9 with Python 3.5.2
Command line parameters: --nextseq-trim 10 --minimum-length 25 --cores 4 -a AGATCGGAAGAGCACACGTCTGAACTCCAGTCAC -A AGATCGGAAGAGCGTCGTGTAGGGAAAGAGTGTA -o Mcapitata_ATAC_TP9_1420_R1_TrimmingRound1.fastq.gz -p Mcapitata_ATAC_TP9_1420_R2_TrimmingRound1.fastq.gz Mcapitata_ATAC_TP9_1420_R1.fastq.gz Mcapitata_ATAC_TP9_1420_R2.fastq.gz
Processing reads on 4 cores in paired-end mode ...
Finished in 753.67 s (39 us/read; 1.52 M reads/minute).

=== Summary ===

Total read pairs processed:         19,128,704
  Read 1 with adapter:              12,392,884 (64.8%)
  Read 2 with adapter:              11,261,650 (58.9%)
Pairs written (passing filters):    18,913,153 (98.9%)

Total basepairs processed: 5,738,611,200 bp
  Read 1: 2,869,305,600 bp
  Read 2: 2,869,305,600 bp
Quality-trimmed:              39,869,281 bp (0.7%)
  Read 1:     7,304,853 bp
  Read 2:    32,564,428 bp
Total written (filtered):  4,785,234,619 bp (83.4%)
  Read 1: 2,370,637,517 bp
  Read 2: 2,414,597,102 bp

=== First read: Adapter 1 ===

Sequence: AGATCGGAAGAGCACACGTCTGAACTCCAGTCAC; Type: regular 3'; Length: 34; Trimmed: 12392884 times

No. of allowed errors:
0-9 bp: 0; 10-19 bp: 1; 20-29 bp: 2; 30-34 bp: 3

Bases preceding removed adapters:
  A: 20.5%
  C: 40.8%
  G: 17.4%
  T: 21.1%
  none/other: 0.2%

Overview of removed sequences
length	count	expect	max.err	error counts
3	225795	298886.0	0	225795
4	122116	74721.5	0	122116
5	298214	18680.4	0	298214
8	98148	291.9	0	98148
9	193932	73.0	0	193932
10	594	18.2	1	0 594
11	281695	4.6	1	198008 83687
12	624	1.1	1	0 624
13	148808	0.3	1	104500 44308
14	159814	0.1	1	112662 47152
15	162884	0.0	1	114306 48578
16	177514	0.0	1	123586 53928
17	344463	0.0	1	240444 104019
18	1240	0.0	1	0 1070 170
19	177718	0.0	1	122709 54346 663
20	172539	0.0	2	115798 53095 3646
21	349625	0.0	2	237383 105015 7227
22	2401	0.0	2	0 1481 920
23	181654	0.0	2	123417 54248 3989
24	192935	0.0	2	129973 58108 4854
25	201816	0.0	2	136745 60118 4953
26	211159	0.0	2	142276 63353 5530
27	216775	0.0	2	144952 65829 5994
28	219786	0.0	2	145202 68132 6365 87
29	417383	0.0	2	278530 128974 9575 304
30	4543	0.0	3	0 2357 1512 674
31	212059	0.0	3	138381 65296 6151 2231
32	200890	0.0	3	131729 62003 5482 1676
33	210225	0.0	3	137457 64571 6285 1912
34	436989	0.0	3	290322 131592 11246 3829
35	6898	0.0	3	346 4216 2015 321
36	468580	0.0	3	314267 140092 10593 3628
37	5131	0.0	3	268 2882 1573 408
38	238734	0.0	3	157402 73292 6044 1996
39	236152	0.0	3	154328 73636 6240 1948
40	227693	0.0	3	148319 71421 5971 1982
41	220934	0.0	3	143273 69804 5980 1877
42	214059	0.0	3	139945 66628 5646 1840
43	213672	0.0	3	139076 66909 5759 1928
44	216200	0.0	3	142178 66588 5613 1821
45	251649	0.0	3	164648 77204 7407 2390
46	208182	0.0	3	137267 63910 5527 1478
47	454499	0.0	3	304106 138148 9216 3029
48	5548	0.0	3	618 2996 1525 409
49	219597	0.0	3	144623 68070 5287 1617
50	211121	0.0	3	136409 67683 5512 1517
51	377060	0.0	3	249106 118281 7246 2427
52	6234	0.0	3	1297 2891 1656 390
53	181696	0.0	3	118043 57777 4542 1334
54	361481	0.0	3	239236 111740 7898 2607
55	4405	0.0	3	492 2383 1248 282
56	167121	0.0	3	111189 51414 3451 1067
57	175659	0.0	3	116493 54287 3739 1140
58	163052	0.0	3	107476 51338 3286 952
59	159286	0.0	3	104591 49906 3705 1084
60	151219	0.0	3	97517 49285 3504 913
61	248263	0.0	3	162743 79523 4531 1466
62	3412	0.0	3	549 1727 908 228
63	114029	0.0	3	74370 36418 2538 703
64	105446	0.0	3	68625 33793 2403 625
65	190570	0.0	3	126385 60054 3139 992
66	2626	0.0	3	487 1370 632 137
67	90641	0.0	3	59959 28471 1678 533
68	88203	0.0	3	57780 27817 2051 555
69	86920	0.0	3	56040 28422 2013 445
70	177857	0.0	3	118050 57101 2132 574
71	79307	0.0	3	51341 25778 1732 456
72	60309	0.0	3	38655 19846 1360 448
73	36118	0.0	3	22997 11854 969 298
74	32393	0.0	3	20738 10664 748 243
75	30607	0.0	3	19626 10082 726 173
76	27763	0.0	3	17872 9090 618 183
77	26253	0.0	3	16882 8686 538 147
78	19421	0.0	3	12594 6299 427 101
79	17625	0.0	3	11307 5851 379 88
80	14828	0.0	3	9554 4860 330 84
81	12553	0.0	3	8007 4217 260 69
82	10763	0.0	3	6868 3579 266 50
83	8703	0.0	3	5572 2908 168 55
84	7856	0.0	3	4984 2677 159 36
85	6527	0.0	3	4129 2235 132 31
86	6227	0.0	3	3868 2190 134 35
87	5782	0.0	3	3358 2251 142 31
88	4780	0.0	3	3041 1611 104 24
89	3879	0.0	3	2523 1251 92 13
90	3390	0.0	3	2220 1084 71 15
91	2840	0.0	3	1835 930 60 15
92	2410	0.0	3	1519 823 57 11
93	1930	0.0	3	1224 635 61 10
94	1656	0.0	3	1047 566 33 10
95	1471	0.0	3	949 475 39 8
96	1180	0.0	3	751 395 26 8
97	1087	0.0	3	705 341 32 9
98	982	0.0	3	598 330 47 7
99	809	0.0	3	501 263 40 5
100	689	0.0	3	415 229 42 3
101	608	0.0	3	377 203 23 5
102	521	0.0	3	313 171 35 2
103	398	0.0	3	224 135 36 3
104	304	0.0	3	175 89 37 3
105	284	0.0	3	169 76 36 3
106	229	0.0	3	121 69 34 5
107	167	0.0	3	79 40 47 1
108	187	0.0	3	84 53 47 3
109	165	0.0	3	70 38 54 3
110	171	0.0	3	64 32 74 1
111	192	0.0	3	63 37 90 2
112	152	0.0	3	34 24 87 7
113	113	0.0	3	20 17 76
114	170	0.0	3	25 12 127 6
115	149	0.0	3	19 10 115 5
116	182	0.0	3	14 16 142 10
117	158	0.0	3	12 9 134 3
118	171	0.0	3	12 9 149 1
119	226	0.0	3	17 9 194 6
120	198	0.0	3	10 7 178 3
121	239	0.0	3	6 8 218 7
122	232	0.0	3	8 6 211 7
123	217	0.0	3	3 7 199 8
124	255	0.0	3	5 9 228 13
125	261	0.0	3	9 5 243 4
126	265	0.0	3	4 1 247 13
127	319	0.0	3	8 6 296 9
128	301	0.0	3	3 3 288 7
129	331	0.0	3	9 8 301 13
130	378	0.0	3	3 3 364 8
131	454	0.0	3	10 6 432 6
132	481	0.0	3	3 2 451 25
133	513	0.0	3	1 10 493 9
134	553	0.0	3	6 7 517 23
135	682	0.0	3	8 6 648 20
136	707	0.0	3	2 1 683 21
137	808	0.0	3	2 5 779 22
138	885	0.0	3	3 8 850 24
139	935	0.0	3	5 7 905 18
140	1025	0.0	3	1 13 990 21
141	1112	0.0	3	4 9 1064 35
142	1389	0.0	3	3 12 1340 34
143	1839	0.0	3	1 16 1767 55
144	2137	0.0	3	6 17 2043 71
145	2142	0.0	3	2 18 2046 76
146	2453	0.0	3	3 22 2362 66
147	3405	0.0	3	10 16 3279 100
148	5978	0.0	3	0 46 5759 173
149	15310	0.0	3	1 115 14702 492
150	34228	0.0	3	0 285 32845 1098


=== Second read: Adapter 2 ===

Sequence: AGATCGGAAGAGCGTCGTGTAGGGAAAGAGTGTA; Type: regular 3'; Length: 34; Trimmed: 11261650 times

No. of allowed errors:
0-9 bp: 0; 10-19 bp: 1; 20-29 bp: 2; 30-34 bp: 3

Bases preceding removed adapters:
  A: 19.1%
  C: 40.5%
  G: 24.4%
  T: 16.0%
  none/other: 0.0%

Overview of removed sequences
length	count	expect	max.err	error counts
3	351740	298886.0	0	351740
4	138154	74721.5	0	138154
5	289522	18680.4	0	289522
8	93101	291.9	0	93101
9	183827	73.0	0	183827
10	805	18.2	1	0 805
11	254172	4.6	1	187183 66989
12	704	1.1	1	0 704
13	289938	0.3	1	212125 77813
14	494	0.1	1	0 494
15	144826	0.0	1	107096 37730
16	315360	0.0	1	230302 85058
17	587	0.0	1	0 587
18	298877	0.0	1	220066 78335 476
19	1230	0.0	1	0 763 467
20	160904	0.0	2	111989 43961 4954
21	646961	0.0	2	462689 169794 14478
22	3368	0.0	2	0 2027 1341
23	920	0.0	2	0 350 570
24	1054	0.0	2	0 628 426
25	180517	0.0	2	129021 46908 4588
26	190796	0.0	2	133895 51114 5787
27	385202	0.0	2	271228 103637 10337
28	3711	0.0	2	0 2246 1257 208
29	377567	0.0	2	261978 104499 10936 154
30	4062	0.0	3	0 2399 1270 393
31	363711	0.0	3	251143 98261 9541 4766
32	3244	0.0	3	0 1762 960 522
33	185780	0.0	3	127061 50231 6018 2470
34	190792	0.0	3	372 132548 51810 6062
35	199356	0.0	3	459 138097 54410 6390
36	211818	0.0	3	364 145264 58695 7495
37	426940	0.0	3	831 294083 115979 16047
38	4060	0.0	3	16 507 2259 1278
39	210465	0.0	3	436 143386 58456 8187
40	222391	0.0	3	524 146815 63520 11532
41	369665	0.0	3	637 253632 102947 12449
42	4037	0.0	3	6 388 2632 1011
43	362478	0.0	3	768 252294 98354 11062
44	3797	0.0	3	20 655 2070 1052
45	197117	0.0	3	388 134438 54872 7419
46	407771	0.0	3	707 282310 110549 14205
47	5221	0.0	3	49 1235 2478 1459
48	204504	0.0	3	437 139725 56774 7568
49	200823	0.0	3	540 136962 55579 7742
50	187314	0.0	3	396 125606 53939 7373
51	184407	0.0	3	496 122924 52822 8165
52	571083	0.0	3	1347 401174 146552 22010
53	3858	0.0	3	11 885 1873 1089
54	3744	0.0	3	9 496 2268 971
55	414856	0.0	3	625 282784 119906 11541
56	2822	0.0	3	14 692 1405 711
57	1471	0.0	3	6 166 833 466
58	145764	0.0	3	253 98114 42473 4924
59	243154	0.0	3	297 164632 71740 6485
60	2315	0.0	3	11 414 1275 615
61	113218	0.0	3	152 74888 34419 3759
62	206234	0.0	3	344 139310 60191 6389
63	1488	0.0	3	4 203 847 434
64	76381	0.0	3	86 50924 23441 1930
65	81157	0.0	3	181 55299 23396 2281
66	82224	0.0	3	113 55576 23955 2580
67	79294	0.0	3	110 53986 22916 2282
68	79482	0.0	3	128 54797 22067 2490
69	70097	0.0	3	122 47380 20466 2129
70	62567	0.0	3	134 42522 18042 1869
71	54591	0.0	3	102 36869 15925 1695
72	48317	0.0	3	82 32740 14037 1458
73	43695	0.0	3	81 29736 12536 1342
74	43803	0.0	3	91 30636 11834 1242
75	58288	0.0	3	124 44725 11648 1791
76	46309	0.0	3	135 33462 11108 1604
77	26475	0.0	3	62 17197 8364 852
78	22644	0.0	3	35 14456 7491 662
79	20582	0.0	3	29 13048 6981 524
80	19359	0.0	3	16 11921 6858 564
81	15112	0.0	3	15 9448 5265 384
82	11944	0.0	3	11 7450 4157 326
83	9791	0.0	3	7 6276 3268 240
84	8376	0.0	3	12 5197 2926 241
85	7467	0.0	3	12 4667 2585 203
86	6474	0.0	3	6 4034 2273 161
87	5652	0.0	3	5 3450 2057 140
88	4886	0.0	3	4 3054 1728 100
89	4199	0.0	3	3 2591 1495 110
90	3425	0.0	3	0 2082 1259 84
91	2721	0.0	3	3 1662 1000 56
92	2299	0.0	3	1 1364 871 63
93	1941	0.0	3	1 1173 718 49
94	1612	0.0	3	0 958 614 40
95	1383	0.0	3	1 804 541 37
96	1213	0.0	3	1 726 460 26
97	996	0.0	3	0 606 364 26
98	910	0.0	3	0 555 333 22
99	722	0.0	3	1 436 260 25
100	612	0.0	3	0 372 223 17
101	555	0.0	3	0 333 202 20
102	433	0.0	3	1 248 168 16
103	391	0.0	3	0 220 162 9
104	324	0.0	3	0 190 122 12
105	228	0.0	3	0 119 96 13
106	188	0.0	3	1 113 71 3
107	162	0.0	3	0 92 62 8
108	166	0.0	3	0 95 63 8
109	128	0.0	3	0 63 60 5
110	125	0.0	3	0 55 52 18
111	101	0.0	3	0 46 46 9
112	80	0.0	3	0 35 28 17
113	77	0.0	3	0 30 36 11
114	52	0.0	3	0 24 16 12
115	48	0.0	3	0 9 21 18
116	45	0.0	3	0 18 11 16
117	43	0.0	3	0 13 10 20
118	40	0.0	3	0 13 6 21
119	49	0.0	3	0 20 6 23
120	42	0.0	3	0 18 5 19
121	37	0.0	3	0 11 5 21
122	54	0.0	3	0 6 5 43
123	51	0.0	3	0 14 6 31
124	65	0.0	3	1 3 2 59
125	67	0.0	3	0 10 3 54
126	108	0.0	3	0 7 5 96
127	155	0.0	3	0 6 3 146
128	171	0.0	3	0 5 4 162
129	225	0.0	3	0 9 5 211
130	252	0.0	3	0 4 2 246
131	334	0.0	3	0 9 1 324
132	405	0.0	3	0 6 5 394
133	427	0.0	3	0 3 5 419
134	488	0.0	3	0 3 8 477
135	615	0.0	3	0 8 5 602
136	616	0.0	3	0 5 4 607
137	698	0.0	3	0 2 5 691
138	825	0.0	3	0 0 6 819
139	905	0.0	3	0 2 6 897
140	980	0.0	3	0 0 8 972
141	1088	0.0	3	0 2 12 1074
142	1209	0.0	3	0 5 11 1193
143	1606	0.0	3	0 2 10 1594
144	1796	0.0	3	0 2 20 1774
145	2058	0.0	3	0 2 18 2038
146	2549	0.0	3	0 2 30 2517
147	3026	0.0	3	0 3 40 2983
148	4983	0.0	3	0 1 42 4940
149	12654	0.0	3	0 1 108 12545
150	38829	0.0	3	0 2 328 38499
