This is cutadapt 2.9 with Python 3.5.2
Command line parameters: --nextseq-trim 10 --minimum-length 25 --cores 4 -a AGATCGGAAGAGCACACGTCTGAACTCCAGTCAC -A AGATCGGAAGAGCGTCGTGTAGGGAAAGAGTGTA -o Mcapitata_ATHC_TP5_2986_R1_TrimmingRound1.fastq.gz -p Mcapitata_ATHC_TP5_2986_R2_TrimmingRound1.fastq.gz Mcapitata_ATHC_TP5_2986_R1.fastq.gz Mcapitata_ATHC_TP5_2986_R2.fastq.gz
Processing reads on 4 cores in paired-end mode ...
Finished in 954.07 s (36 us/read; 1.68 M reads/minute).

=== Summary ===

Total read pairs processed:         26,686,009
  Read 1 with adapter:               6,261,531 (23.5%)
  Read 2 with adapter:               6,585,891 (24.7%)
Pairs written (passing filters):    26,598,621 (99.7%)

Total basepairs processed: 8,005,802,700 bp
  Read 1: 4,002,901,350 bp
  Read 2: 4,002,901,350 bp
Quality-trimmed:              16,517,518 bp (0.2%)
  Read 1:     7,181,297 bp
  Read 2:     9,336,221 bp
Total written (filtered):  7,634,841,771 bp (95.4%)
  Read 1: 3,818,766,367 bp
  Read 2: 3,816,075,404 bp

=== First read: Adapter 1 ===

Sequence: AGATCGGAAGAGCACACGTCTGAACTCCAGTCAC; Type: regular 3'; Length: 34; Trimmed: 6261531 times

No. of allowed errors:
0-9 bp: 0; 10-19 bp: 1; 20-29 bp: 2; 30-34 bp: 3

Bases preceding removed adapters:
  A: 18.6%
  C: 30.7%
  G: 32.9%
  T: 17.8%
  none/other: 0.0%

Overview of removed sequences
length	count	expect	max.err	error counts
3	558403	416968.9	0	558403
4	219550	104242.2	0	219550
5	371847	26060.6	0	371847
8	116521	407.2	0	116521
9	233939	101.8	0	233939
10	902	25.4	1	0 902
11	238194	6.4	1	232790 5404
12	712	1.6	1	0 712
13	118686	0.4	1	115531 3155
14	118371	0.1	1	115026 3345
15	117279	0.0	1	114003 3276
16	117340	0.0	1	113541 3799
17	231796	0.0	1	225697 6099
18	980	0.0	1	0 922 58
19	117180	0.0	1	113163 3867 150
20	118216	0.0	2	112880 4772 564
21	230113	0.0	2	222275 6745 1093
22	1512	0.0	2	0 1362 150
23	115331	0.0	2	110312 4299 720
24	113866	0.0	2	108760 4478 628
25	111518	0.0	2	106352 4532 634
26	110032	0.0	2	104517 4930 585
27	108988	0.0	2	103445 4686 857
28	109070	0.0	2	102107 6294 617 52
29	210570	0.0	2	201309 7829 1176 256
30	2364	0.0	3	0 1648 219 497
31	105213	0.0	3	99051 5168 690 304
32	103452	0.0	3	96681 5711 707 353
33	102119	0.0	3	95101 5923 809 286
34	100932	0.0	3	92973 7009 601 349
35	188731	0.0	3	179266 7953 1045 467
36	3581	0.0	3	332 2826 347 76
37	177678	0.0	3	168920 6950 957 851
38	2389	0.0	3	280 1722 306 81
39	86279	0.0	3	80729 4380 745 425
40	85743	0.0	3	79006 5625 681 431
41	159226	0.0	3	151326 6381 858 661
42	2437	0.0	3	464 1634 256 83
43	77443	0.0	3	72609 3929 557 348
44	74031	0.0	3	69121 4005 534 371
45	72411	0.0	3	67365 3996 669 381
46	68030	0.0	3	62688 4424 583 335
47	123364	0.0	3	117137 4920 735 572
48	1852	0.0	3	342 1225 203 82
49	57929	0.0	3	54136 2969 538 286
50	56335	0.0	3	51766 3705 522 342
51	100209	0.0	3	94953 4126 578 552
52	1550	0.0	3	342 957 194 57
53	48290	0.0	3	44480 3068 447 295
54	84552	0.0	3	80182 3426 509 435
55	1312	0.0	3	249 858 147 58
56	38495	0.0	3	36121 1885 288 201
57	36255	0.0	3	33808 1905 289 253
58	33510	0.0	3	31366 1702 237 205
59	30847	0.0	3	28783 1625 262 177
60	28756	0.0	3	26614 1797 205 140
61	50662	0.0	3	48171 1983 267 241
62	723	0.0	3	158 461 67 37
63	23085	0.0	3	21563 1217 196 109
64	21841	0.0	3	20142 1422 185 92
65	37286	0.0	3	35486 1461 175 164
66	529	0.0	3	136 319 66 8
67	16933	0.0	3	15916 846 102 69
68	15242	0.0	3	14264 807 101 70
69	13622	0.0	3	12744 720 95 63
70	12556	0.0	3	11719 704 79 54
71	11673	0.0	3	10867 671 88 47
72	13014	0.0	3	12203 692 73 46
73	9423	0.0	3	8824 500 69 30
74	9123	0.0	3	8567 455 74 27
75	8066	0.0	3	7560 418 58 30
76	7567	0.0	3	7111 375 48 33
77	6913	0.0	3	6470 379 39 25
78	6038	0.0	3	5650 336 34 18
79	5239	0.0	3	4874 288 53 24
80	4920	0.0	3	4627 245 28 20
81	4586	0.0	3	4258 263 35 30
82	4370	0.0	3	4082 231 26 31
83	3836	0.0	3	3579 210 30 17
84	3557	0.0	3	3336 188 23 10
85	3207	0.0	3	2988 179 26 14
86	2867	0.0	3	2661 165 21 20
87	2603	0.0	3	2429 148 17 9
88	2623	0.0	3	2455 138 20 10
89	2297	0.0	3	2139 128 14 16
90	2099	0.0	3	1950 118 19 12
91	2036	0.0	3	1886 125 17 8
92	1723	0.0	3	1596 105 15 7
93	1511	0.0	3	1434 64 7 6
94	1469	0.0	3	1380 75 8 6
95	1384	0.0	3	1303 56 15 10
96	1072	0.0	3	999 61 8 4
97	1150	0.0	3	1075 56 11 8
98	1075	0.0	3	1022 36 12 5
99	1007	0.0	3	929 60 11 7
100	938	0.0	3	866 57 9 6
101	836	0.0	3	770 51 8 7
102	807	0.0	3	744 46 11 6
103	642	0.0	3	598 37 6 1
104	566	0.0	3	520 35 8 3
105	537	0.0	3	504 23 8 2
106	528	0.0	3	493 26 3 6
107	434	0.0	3	401 27 3 3
108	408	0.0	3	372 27 4 5
109	403	0.0	3	365 30 7 1
110	375	0.0	3	347 25 2 1
111	362	0.0	3	325 28 4 5
112	331	0.0	3	300 24 5 2
113	307	0.0	3	282 20 3 2
114	290	0.0	3	261 23 3 3
115	264	0.0	3	242 19 2 1
116	244	0.0	3	222 14 3 5
117	231	0.0	3	211 14 4 2
118	216	0.0	3	199 13 2 2
119	237	0.0	3	226 10 0 1
120	222	0.0	3	202 12 4 4
121	240	0.0	3	220 16 2 2
122	232	0.0	3	212 14 5 1
123	232	0.0	3	208 19 2 3
124	275	0.0	3	246 23 1 5
125	277	0.0	3	253 19 2 3
126	292	0.0	3	264 25 2 1
127	321	0.0	3	298 19 1 3
128	350	0.0	3	311 37 0 2
129	386	0.0	3	349 31 5 1
130	403	0.0	3	373 27 2 1
131	496	0.0	3	464 31 0 1
132	546	0.0	3	490 46 5 5
133	615	0.0	3	573 39 2 1
134	761	0.0	3	703 43 9 6
135	901	0.0	3	845 52 3 1
136	937	0.0	3	858 67 7 5
137	879	0.0	3	798 72 4 5
138	927	0.0	3	839 73 9 6
139	979	0.0	3	861 106 10 2
140	1217	0.0	3	1067 133 11 6
141	1282	0.0	3	1108 161 10 3
142	931	0.0	3	764 150 16 1
143	1098	0.0	3	866 208 21 3
144	1321	0.0	3	997 294 25 5
145	1606	0.0	3	1224 348 27 7
146	2312	0.0	3	1521 737 45 9
147	3222	0.0	3	1459 1626 121 16
148	5590	0.0	3	497 4704 352 37
149	16869	0.0	3	415 15183 1186 85
150	41698	0.0	3	1043 37096 3284 275


=== Second read: Adapter 2 ===

Sequence: AGATCGGAAGAGCGTCGTGTAGGGAAAGAGTGTA; Type: regular 3'; Length: 34; Trimmed: 6585891 times

No. of allowed errors:
0-9 bp: 0; 10-19 bp: 1; 20-29 bp: 2; 30-34 bp: 3

Bases preceding removed adapters:
  A: 19.2%
  C: 30.4%
  G: 40.5%
  T: 9.7%
  none/other: 0.1%

Overview of removed sequences
length	count	expect	max.err	error counts
3	800729	416968.9	0	800729
4	272646	104242.2	0	272646
5	378172	26060.6	0	378172
8	117217	407.2	0	117217
9	234091	101.8	0	234091
10	1368	25.4	1	0 1368
11	239870	6.4	1	233828 6042
12	1227	1.6	1	0 1227
13	238565	0.4	1	232453 6112
14	880	0.1	1	0 880
15	117832	0.0	1	114026 3806
16	235704	0.0	1	228763 6941
17	1329	0.0	1	0 1329
18	231913	0.0	1	225264 6441 208
19	1320	0.0	1	0 1001 319
20	119762	0.0	2	113322 5682 758
21	459857	0.0	2	443260 14413 2184
22	1886	0.0	2	0 1665 221
23	915	0.0	2	0 328 587
24	1066	0.0	2	0 836 230
25	112107	0.0	2	106652 4606 849
26	111814	0.0	2	105411 5577 826
27	216205	0.0	2	206012 8223 1970
28	2588	0.0	2	0 2264 227 97
29	213538	0.0	2	203554 8122 1812 50
30	2556	0.0	3	0 2260 176 120
31	207779	0.0	3	197477 7607 1802 893
32	2474	0.0	3	0 2146 191 137
33	200317	0.0	3	190131 7956 1477 753
34	1951	0.0	3	147 782 881 141
35	97588	0.0	3	190 91886 3963 1549
36	95824	0.0	3	82 301 90053 5388
37	179573	0.0	3	139 453 170693 8288
38	1697	0.0	3	78 66 255 1298
39	86322	0.0	3	254 247 81525 4296
40	85449	0.0	3	80 308 80651 4410
41	160671	0.0	3	298 397 153464 6512
42	2203	0.0	3	2 3 624 1574
43	149324	0.0	3	171 395 143033 5725
44	1487	0.0	3	1 2 361 1123
45	71643	0.0	3	79 222 67965 3377
46	130397	0.0	3	215 298 125043 4841
47	1270	0.0	3	1 7 337 925
48	60905	0.0	3	71 110 58079 2645
49	57928	0.0	3	65 136 55240 2487
50	55348	0.0	3	81 130 52690 2447
51	53455	0.0	3	73 97 50458 2827
52	139004	0.0	3	194 266 133685 4859
53	856	0.0	3	3 4 264 585
54	1249	0.0	3	4 8 435 802
55	114078	0.0	3	133 210 109761 3974
56	698	0.0	3	1 6 211 480
57	443	0.0	3	2 7 150 284
58	33409	0.0	3	49 94 31665 1601
59	58018	0.0	3	86 147 55616 2169
60	607	0.0	3	1 2 164 440
61	26727	0.0	3	37 87 25295 1308
62	47316	0.0	3	65 100 45511 1640
63	532	0.0	3	5 17 165 345
64	21299	0.0	3	38 50 20381 830
65	19966	0.0	3	19 39 18975 933
66	18060	0.0	3	25 38 17193 804
67	16996	0.0	3	15 39 16149 793
68	15245	0.0	3	17 33 14474 721
69	13656	0.0	3	19 36 12923 678
70	12569	0.0	3	18 38 11916 597
71	11670	0.0	3	22 27 11099 522
72	10788	0.0	3	17 29 10220 522
73	9743	0.0	3	12 39 9207 485
74	9123	0.0	3	22 30 8608 463
75	8135	0.0	3	18 28 7624 465
76	8692	0.0	3	14 29 8191 458
77	7099	0.0	3	12 28 6646 413
78	6042	0.0	3	5 27 5682 328
79	5804	0.0	3	14 23 5453 314
80	5404	0.0	3	13 22 5040 329
81	4687	0.0	3	7 20 4393 267
82	4399	0.0	3	7 24 4159 209
83	3962	0.0	3	14 13 3719 216
84	3676	0.0	3	8 19 3433 216
85	3459	0.0	3	5 13 3242 199
86	3042	0.0	3	5 9 2848 180
87	2853	0.0	3	3 12 2671 167
88	2609	0.0	3	4 11 2439 155
89	2529	0.0	3	7 8 2363 151
90	2287	0.0	3	6 4 2122 155
91	2100	0.0	3	3 7 1970 120
92	1800	0.0	3	2 3 1685 110
93	1718	0.0	3	1 3 1584 130
94	1542	0.0	3	0 5 1415 122
95	1438	0.0	3	4 6 1306 122
96	1336	0.0	3	0 2 1231 103
97	1242	0.0	3	3 4 1142 93
98	1173	0.0	3	2 5 1054 112
99	1069	0.0	3	4 0 973 92
100	1051	0.0	3	1 3 936 111
101	932	0.0	3	1 0 838 93
102	825	0.0	3	0 4 738 83
103	757	0.0	3	0 2 688 67
104	687	0.0	3	2 4 617 64
105	678	0.0	3	0 0 617 61
106	600	0.0	3	1 0 517 82
107	545	0.0	3	0 0 485 60
108	509	0.0	3	0 2 454 53
109	511	0.0	3	0 0 463 48
110	487	0.0	3	0 4 424 59
111	473	0.0	3	0 0 406 67
112	414	0.0	3	0 0 369 45
113	398	0.0	3	1 2 332 63
114	388	0.0	3	0 1 338 49
115	342	0.0	3	0 1 292 49
116	334	0.0	3	0 1 276 57
117	314	0.0	3	1 0 270 43
118	306	0.0	3	0 1 256 49
119	298	0.0	3	0 0 259 39
120	292	0.0	3	0 0 245 47
121	296	0.0	3	1 1 258 36
122	273	0.0	3	0 0 234 39
123	329	0.0	3	0 0 281 48
124	324	0.0	3	0 3 274 47
125	335	0.0	3	2 0 291 42
126	334	0.0	3	1 0 300 33
127	375	0.0	3	0 2 331 42
128	383	0.0	3	0 1 340 42
129	376	0.0	3	0 0 338 38
130	443	0.0	3	0 1 404 38
131	516	0.0	3	0 2 471 43
132	544	0.0	3	0 0 482 62
133	663	0.0	3	0 2 601 60
134	773	0.0	3	1 0 711 61
135	901	0.0	3	2 3 826 70
136	932	0.0	3	0 1 862 69
137	911	0.0	3	0 1 828 82
138	933	0.0	3	0 0 860 73
139	942	0.0	3	1 1 864 76
140	1207	0.0	3	1 4 1087 115
141	1342	0.0	3	0 2 1215 125
142	869	0.0	3	0 2 738 129
143	1058	0.0	3	0 2 879 177
144	1160	0.0	3	0 0 918 242
145	1474	0.0	3	3 0 1197 274
146	2124	0.0	3	0 2 1639 483
147	2611	0.0	3	0 1 1702 908
148	3159	0.0	3	0 8 482 2669
149	13124	0.0	3	0 13 364 12747
150	47128	0.0	3	1 35 1234 45858
