This is cutadapt 2.9 with Python 3.5.2
Command line parameters: --nextseq-trim 10 --minimum-length 25 --cores 4 -a AGATCGGAAGAGCACACGTCTGAACTCCAGTCAC -A AGATCGGAAGAGCGTCGTGTAGGGAAAGAGTGTA -o Mcapitata_ATHC_TP8_2753_R1_TrimmingRound1.fastq.gz -p Mcapitata_ATHC_TP8_2753_R2_TrimmingRound1.fastq.gz Mcapitata_ATHC_TP8_2753_R1.fastq.gz Mcapitata_ATHC_TP8_2753_R2.fastq.gz
Processing reads on 4 cores in paired-end mode ...
Finished in 807.97 s (35 us/read; 1.70 M reads/minute).

=== Summary ===

Total read pairs processed:         22,870,585
  Read 1 with adapter:               5,653,279 (24.7%)
  Read 2 with adapter:               5,905,602 (25.8%)
Pairs written (passing filters):    22,769,882 (99.6%)

Total basepairs processed: 6,861,175,500 bp
  Read 1: 3,430,587,750 bp
  Read 2: 3,430,587,750 bp
Quality-trimmed:              14,272,630 bp (0.2%)
  Read 1:     6,137,947 bp
  Read 2:     8,134,683 bp
Total written (filtered):  6,513,395,052 bp (94.9%)
  Read 1: 3,257,732,444 bp
  Read 2: 3,255,662,608 bp

=== First read: Adapter 1 ===

Sequence: AGATCGGAAGAGCACACGTCTGAACTCCAGTCAC; Type: regular 3'; Length: 34; Trimmed: 5653279 times

No. of allowed errors:
0-9 bp: 0; 10-19 bp: 1; 20-29 bp: 2; 30-34 bp: 3

Bases preceding removed adapters:
  A: 18.1%
  C: 30.8%
  G: 33.6%
  T: 17.4%
  none/other: 0.1%

Overview of removed sequences
length	count	expect	max.err	error counts
3	469706	357352.9	0	469706
4	186634	89338.2	0	186634
5	322179	22334.6	0	322179
8	101610	349.0	0	101610
9	202981	87.2	0	202981
10	695	21.8	1	0 695
11	207023	5.5	1	202786 4237
12	504	1.4	1	0 504
13	103839	0.3	1	101185 2654
14	104111	0.1	1	101361 2750
15	102906	0.0	1	100068 2838
16	102738	0.0	1	99593 3145
17	204012	0.0	1	198663 5349
18	741	0.0	1	0 697 44
19	103370	0.0	1	100122 3126 122
20	104223	0.0	2	99949 3769 505
21	204505	0.0	2	197826 5726 953
22	1039	0.0	2	0 937 102
23	103259	0.0	2	99052 3482 725
24	101378	0.0	2	97047 3828 503
25	100263	0.0	2	95693 3985 585
26	99620	0.0	2	95029 4034 557
27	98269	0.0	2	93664 3965 640
28	98241	0.0	2	92259 5342 581 59
29	190149	0.0	2	182187 6693 1024 245
30	1749	0.0	3	0 1230 154 365
31	95269	0.0	3	89875 4507 599 288
32	94539	0.0	3	88796 4787 635 321
33	93590	0.0	3	87697 4951 637 305
34	90863	0.0	3	85005 4868 669 321
35	89172	0.0	3	83463 4772 677 260
36	87878	0.0	3	81509 5507 570 292
37	165214	0.0	3	157008 6709 1077 420
38	2724	0.0	3	243 2299 123 59
39	157584	0.0	3	149874 6270 991 449
40	1837	0.0	3	294 1341 132 70
41	76828	0.0	3	72158 3909 540 221
42	74275	0.0	3	69638 3905 486 246
43	72410	0.0	3	67709 3892 554 255
44	70062	0.0	3	65572 3768 475 247
45	68168	0.0	3	63634 3730 535 269
46	64039	0.0	3	59275 4066 465 233
47	115994	0.0	3	110077 4769 758 390
48	1465	0.0	3	346 954 113 52
49	54856	0.0	3	51500 2714 448 194
50	53656	0.0	3	49562 3419 414 261
51	95888	0.0	3	90825 4024 667 372
52	1335	0.0	3	323 826 136 50
53	45914	0.0	3	42544 2819 355 196
54	81775	0.0	3	77576 3391 517 291
55	1049	0.0	3	258 674 81 36
56	37485	0.0	3	35071 1998 276 140
57	35282	0.0	3	32990 1924 243 125
58	32023	0.0	3	29972 1682 251 118
59	29910	0.0	3	28019 1542 258 91
60	28435	0.0	3	26406 1728 191 110
61	49318	0.0	3	46982 1897 300 139
62	714	0.0	3	210 441 48 15
63	22635	0.0	3	21206 1192 168 69
64	21319	0.0	3	19781 1325 149 64
65	36670	0.0	3	34927 1433 213 97
66	491	0.0	3	140 307 35 9
67	16160	0.0	3	15253 761 106 40
68	14498	0.0	3	13611 759 88 40
69	13666	0.0	3	12850 713 77 26
70	12316	0.0	3	11565 639 61 51
71	11519	0.0	3	10777 634 74 34
72	12575	0.0	3	11855 610 75 35
73	9247	0.0	3	8675 494 54 24
74	8743	0.0	3	8212 460 55 16
75	8051	0.0	3	7550 442 43 16
76	7121	0.0	3	6696 367 48 10
77	6820	0.0	3	6412 350 39 19
78	6197	0.0	3	5822 327 37 11
79	5153	0.0	3	4852 261 31 9
80	5006	0.0	3	4705 252 38 11
81	4177	0.0	3	3905 234 29 9
82	3841	0.0	3	3587 213 31 10
83	3603	0.0	3	3368 198 23 14
84	3332	0.0	3	3139 158 21 14
85	3122	0.0	3	2923 169 20 10
86	2841	0.0	3	2651 160 22 8
87	2625	0.0	3	2458 143 17 7
88	2440	0.0	3	2298 124 9 9
89	2165	0.0	3	2031 111 16 7
90	1944	0.0	3	1811 111 15 7
91	1780	0.0	3	1650 110 14 6
92	1718	0.0	3	1587 111 13 7
93	1365	0.0	3	1271 81 9 4
94	1278	0.0	3	1196 69 10 3
95	1245	0.0	3	1175 60 5 5
96	1016	0.0	3	948 54 9 5
97	1020	0.0	3	944 62 8 6
98	953	0.0	3	888 46 15 4
99	867	0.0	3	815 45 4 3
100	838	0.0	3	786 43 8 1
101	766	0.0	3	720 34 8 4
102	728	0.0	3	675 42 9 2
103	519	0.0	3	481 35 3
104	518	0.0	3	484 29 3 2
105	469	0.0	3	428 31 2 8
106	466	0.0	3	436 24 4 2
107	379	0.0	3	358 14 5 2
108	381	0.0	3	355 22 3 1
109	380	0.0	3	349 22 7 2
110	347	0.0	3	314 23 3 7
111	305	0.0	3	272 23 6 4
112	306	0.0	3	281 21 0 4
113	287	0.0	3	264 16 5 2
114	237	0.0	3	219 13 2 3
115	232	0.0	3	213 17 1 1
116	234	0.0	3	217 12 5
117	194	0.0	3	176 15 1 2
118	172	0.0	3	160 8 1 3
119	177	0.0	3	166 7 2 2
120	212	0.0	3	193 16 2 1
121	198	0.0	3	177 21
122	191	0.0	3	181 7 2 1
123	186	0.0	3	172 12 2
124	206	0.0	3	189 16 1
125	224	0.0	3	209 15
126	235	0.0	3	218 9 4 4
127	257	0.0	3	233 23 1
128	266	0.0	3	242 23 0 1
129	306	0.0	3	273 30 2 1
130	340	0.0	3	312 25 2 1
131	383	0.0	3	345 38
132	446	0.0	3	397 45 4
133	488	0.0	3	445 38 3 2
134	546	0.0	3	486 54 4 2
135	668	0.0	3	588 72 7 1
136	711	0.0	3	657 48 5 1
137	712	0.0	3	616 85 7 4
138	729	0.0	3	648 77 3 1
139	746	0.0	3	631 103 10 2
140	928	0.0	3	779 144 5
141	1056	0.0	3	893 149 11 3
142	768	0.0	3	590 160 17 1
143	995	0.0	3	700 269 24 2
144	1117	0.0	3	745 332 30 10
145	1308	0.0	3	883 400 23 2
146	2056	0.0	3	1115 878 60 3
147	3409	0.0	3	1071 2175 151 12
148	6684	0.0	3	332 5912 406 34
149	20952	0.0	3	345 19079 1406 122
150	53207	0.0	3	873 47882 4124 328


=== Second read: Adapter 2 ===

Sequence: AGATCGGAAGAGCGTCGTGTAGGGAAAGAGTGTA; Type: regular 3'; Length: 34; Trimmed: 5905602 times

No. of allowed errors:
0-9 bp: 0; 10-19 bp: 1; 20-29 bp: 2; 30-34 bp: 3

Bases preceding removed adapters:
  A: 18.6%
  C: 30.1%
  G: 41.4%
  T: 9.7%
  none/other: 0.3%

Overview of removed sequences
length	count	expect	max.err	error counts
3	656947	357352.9	0	656947
4	231463	89338.2	0	231463
5	326943	22334.6	0	326943
8	101834	349.0	0	101834
9	202542	87.2	0	202542
10	1258	21.8	1	0 1258
11	208256	5.5	1	202865 5391
12	1160	1.4	1	0 1160
13	209087	0.3	1	203489 5598
14	895	0.1	1	0 895
15	103434	0.0	1	99928 3506
16	206626	0.0	1	200119 6507
17	1148	0.0	1	0 1148
18	204334	0.0	1	198141 5978 215
19	1179	0.0	1	0 904 275
20	105806	0.0	2	99830 5270 706
21	408687	0.0	2	393019 13436 2232
22	1773	0.0	2	0 1576 197
23	815	0.0	2	0 242 573
24	1031	0.0	2	0 794 237
25	100777	0.0	2	95662 4309 806
26	101100	0.0	2	94958 5365 777
27	195101	0.0	2	185555 7697 1849
28	2202	0.0	2	0 1937 189 76
29	192268	0.0	2	182882 7687 1655 44
30	2321	0.0	3	0 2020 176 125
31	188875	0.0	3	179015 7309 1757 794
32	2254	0.0	3	0 1886 207 161
33	183213	0.0	3	173522 7553 1446 692
34	1779	0.0	3	111 729 770 169
35	89244	0.0	3	212 83838 3755 1439
36	87891	0.0	3	85 305 82377 5124
37	166014	0.0	3	157 404 157610 7843
38	1570	0.0	3	74 65 247 1184
39	80630	0.0	3	268 193 76127 4042
40	80333	0.0	3	64 291 75507 4471
41	149595	0.0	3	315 362 142445 6473
42	2010	0.0	3	1 8 527 1474
43	140107	0.0	3	148 338 134046 5575
44	1447	0.0	3	1 3 358 1085
45	67458	0.0	3	77 185 63835 3361
46	122654	0.0	3	204 259 117513 4678
47	1230	0.0	3	0 1 304 925
48	57043	0.0	3	59 120 54271 2593
49	54792	0.0	3	80 129 52149 2434
50	52699	0.0	3	80 110 50105 2404
51	50572	0.0	3	59 99 47694 2720
52	133411	0.0	3	159 221 128056 4975
53	773	0.0	3	1 2 226 544
54	1234	0.0	3	1 7 422 804
55	110522	0.0	3	125 200 106053 4144
56	661	0.0	3	2 3 201 455
57	513	0.0	3	0 5 164 344
58	31852	0.0	3	34 85 30158 1575
59	56760	0.0	3	75 118 54409 2158
60	594	0.0	3	2 5 185 402
61	25725	0.0	3	36 65 24378 1246
62	46429	0.0	3	57 95 44535 1742
63	461	0.0	3	2 10 120 329
64	20703	0.0	3	21 44 19745 893
65	19541	0.0	3	27 43 18563 908
66	17712	0.0	3	15 39 16776 882
67	16215	0.0	3	16 30 15402 767
68	14443	0.0	3	26 26 13661 730
69	13621	0.0	3	16 30 12987 588
70	12287	0.0	3	23 33 11594 637
71	11484	0.0	3	18 32 10826 608
72	10434	0.0	3	11 30 9899 494
73	9428	0.0	3	11 31 8947 439
74	8663	0.0	3	14 26 8162 461
75	8081	0.0	3	9 26 7641 405
76	8525	0.0	3	18 31 8004 472
77	6703	0.0	3	9 17 6316 361
78	6268	0.0	3	8 33 5865 362
79	5551	0.0	3	8 15 5228 300
80	5221	0.0	3	8 19 4937 257
81	4541	0.0	3	11 16 4228 286
82	3987	0.0	3	7 22 3731 227
83	3646	0.0	3	7 10 3417 212
84	3453	0.0	3	4 15 3256 178
85	3248	0.0	3	6 16 3040 186
86	2891	0.0	3	7 8 2716 160
87	2661	0.0	3	11 14 2475 161
88	2469	0.0	3	10 11 2296 152
89	2400	0.0	3	2 5 2242 151
90	2084	0.0	3	3 7 1936 138
91	1853	0.0	3	1 7 1742 103
92	1700	0.0	3	3 8 1589 100
93	1504	0.0	3	0 3 1401 100
94	1406	0.0	3	2 3 1296 105
95	1266	0.0	3	0 3 1169 94
96	1161	0.0	3	1 5 1068 87
97	1089	0.0	3	1 2 999 87
98	997	0.0	3	2 5 916 74
99	942	0.0	3	2 1 847 92
100	868	0.0	3	0 2 797 69
101	865	0.0	3	1 3 784 77
102	742	0.0	3	0 1 692 49
103	615	0.0	3	1 1 550 63
104	613	0.0	3	1 2 549 61
105	551	0.0	3	0 5 498 48
106	515	0.0	3	1 0 466 48
107	485	0.0	3	0 0 439 46
108	425	0.0	3	1 0 388 36
109	436	0.0	3	0 2 382 52
110	425	0.0	3	1 1 380 43
111	395	0.0	3	0 2 343 50
112	361	0.0	3	0 3 310 48
113	338	0.0	3	0 0 298 40
114	325	0.0	3	0 0 288 37
115	304	0.0	3	0 2 261 41
116	291	0.0	3	0 3 250 38
117	285	0.0	3	0 1 256 28
118	232	0.0	3	0 1 192 39
119	237	0.0	3	0 0 200 37
120	235	0.0	3	0 1 202 32
121	268	0.0	3	0 1 233 34
122	250	0.0	3	1 0 210 39
123	218	0.0	3	0 0 193 25
124	250	0.0	3	0 3 215 32
125	268	0.0	3	0 1 240 27
126	270	0.0	3	0 0 239 31
127	272	0.0	3	1 0 228 43
128	293	0.0	3	0 1 248 44
129	326	0.0	3	1 0 283 42
130	386	0.0	3	0 0 359 27
131	380	0.0	3	0 0 336 44
132	457	0.0	3	0 1 409 47
133	526	0.0	3	0 1 456 69
134	551	0.0	3	1 1 494 55
135	671	0.0	3	0 1 601 69
136	760	0.0	3	2 2 691 65
137	750	0.0	3	2 1 649 98
138	705	0.0	3	0 1 607 97
139	743	0.0	3	2 1 654 86
140	893	0.0	3	1 0 794 98
141	1086	0.0	3	1 2 930 153
142	695	0.0	3	0 3 532 160
143	912	0.0	3	1 1 688 222
144	1048	0.0	3	1 0 728 319
145	1250	0.0	3	0 3 893 354
146	1693	0.0	3	2 0 1127 564
147	2407	0.0	3	1 1 1203 1202
148	3884	0.0	3	0 1 335 3548
149	16855	0.0	3	0 9 316 16530
150	59482	0.0	3	0 43 1095 58344
