This is cutadapt 2.9 with Python 3.5.2
Command line parameters: --nextseq-trim 10 --minimum-length 25 --cores 4 -a AGATCGGAAGAGCACACGTCTGAACTCCAGTCAC -A AGATCGGAAGAGCGTCGTGTAGGGAAAGAGTGTA -o Mcapitata_ATAC_TP1_1600_R1_TrimmingRound1.fastq.gz -p Mcapitata_ATAC_TP1_1600_R2_TrimmingRound1.fastq.gz Mcapitata_ATAC_TP1_1600_R1.fastq.gz Mcapitata_ATAC_TP1_1600_R2.fastq.gz
Processing reads on 4 cores in paired-end mode ...
Finished in 428.84 s (40 us/read; 1.49 M reads/minute).

=== Summary ===

Total read pairs processed:         10,636,798
  Read 1 with adapter:               4,572,175 (43.0%)
  Read 2 with adapter:               3,909,412 (36.8%)
Pairs written (passing filters):    10,498,141 (98.7%)

Total basepairs processed: 3,191,039,400 bp
  Read 1: 1,595,519,700 bp
  Read 2: 1,595,519,700 bp
Quality-trimmed:              30,863,638 bp (1.0%)
  Read 1:     3,335,701 bp
  Read 2:    27,527,937 bp
Total written (filtered):  2,893,332,386 bp (90.7%)
  Read 1: 1,435,203,196 bp
  Read 2: 1,458,129,190 bp

=== First read: Adapter 1 ===

Sequence: AGATCGGAAGAGCACACGTCTGAACTCCAGTCAC; Type: regular 3'; Length: 34; Trimmed: 4572175 times

No. of allowed errors:
0-9 bp: 0; 10-19 bp: 1; 20-29 bp: 2; 30-34 bp: 3

Bases preceding removed adapters:
  A: 19.3%
  C: 35.8%
  G: 21.0%
  T: 24.0%
  none/other: 0.0%

Overview of removed sequences
length	count	expect	max.err	error counts
3	194508	166200.0	0	194508
4	90889	41550.0	0	90889
5	192066	10387.5	0	192066
8	62260	162.3	0	62260
9	125012	40.6	0	125012
10	358	10.1	1	0 358
11	168251	2.5	1	127061 41190
12	281	0.6	1	0 281
13	85205	0.2	1	64593 20612
14	85355	0.0	1	64279 21076
15	87687	0.0	1	66073 21614
16	86849	0.0	1	65048 21801
17	172238	0.0	1	130287 41951
18	644	0.0	1	0 504 140
19	85859	0.0	1	64341 21155 363
20	87659	0.0	2	64902 21771 986
21	173424	0.0	2	129634 41905 1885
22	910	0.0	2	0 609 301
23	88292	0.0	2	65515 21723 1054
24	88778	0.0	2	65846 21807 1125
25	88939	0.0	2	65868 21920 1151
26	89084	0.0	2	65569 22237 1278
27	88263	0.0	2	64509 22415 1339
28	86822	0.0	2	63588 21935 1281 18
29	170665	0.0	2	126471 41986 2022 186
30	1508	0.0	3	0 845 459 204
31	85377	0.0	3	62250 21382 1285 460
32	85928	0.0	3	62620 21530 1314 464
33	84635	0.0	3	61319 21681 1248 387
34	84477	0.0	3	61588 21190 1346 353
35	83931	0.0	3	61045 21257 1254 375
36	82924	0.0	3	60572 20789 1199 364
37	81314	0.0	3	59322 20425 1211 356
38	79506	0.0	3	57781 20262 1128 335
39	77340	0.0	3	56290 19629 1118 303
40	75513	0.0	3	54622 19557 1060 274
41	144434	0.0	3	106709 35618 1599 508
42	1217	0.0	3	66 801 286 64
43	71005	0.0	3	52333 17420 959 293
44	69803	0.0	3	50876 17735 912 280
45	77292	0.0	3	56106 19800 1074 312
46	58082	0.0	3	41948 15103 869 162
47	128327	0.0	3	94232 32285 1386 424
48	1030	0.0	3	81 640 247 62
49	53056	0.0	3	38973 13272 648 163
50	54357	0.0	3	39629 13855 695 178
51	96136	0.0	3	70903 24134 853 246
52	6311	0.0	3	3847 1918 433 113
53	47135	0.0	3	34353 12060 580 142
54	89595	0.0	3	65965 22569 780 281
55	1423	0.0	3	384 729 239 71
56	39677	0.0	3	28953 10180 425 119
57	40588	0.0	3	29472 10492 483 141
58	34039	0.0	3	24698 8795 428 118
59	34510	0.0	3	24849 9096 457 108
60	33315	0.0	3	24068 8781 371 95
61	47955	0.0	3	34938 12433 468 116
62	947	0.0	3	330 437 140 40
63	25271	0.0	3	18542 6417 242 70
64	19463	0.0	3	14062 5128 219 54
65	36015	0.0	3	26479 9142 308 86
66	884	0.0	3	412 344 98 30
67	15589	0.0	3	11332 4022 169 66
68	15005	0.0	3	10957 3769 233 46
69	14610	0.0	3	10391 3929 257 33
70	53428	0.0	3	39203 13831 334 60
71	25814	0.0	3	18670 6799 296 49
72	9943	0.0	3	7006 2681 207 49
73	2126	0.0	3	1376 652 68 30
74	620	0.0	3	361 198 45 16
75	224	0.0	3	134 56 23 11
76	87	0.0	3	38 38 8 3
77	45	0.0	3	22 11 7 5
78	20	0.0	3	10 4 5 1
79	8	0.0	3	4 2 2
80	9	0.0	3	1 5 2 1
81	5	0.0	3	3 0 2
82	6	0.0	3	2 2 1 1
84	5	0.0	3	0 2 2 1
85	2	0.0	3	1 1
86	1	0.0	3	1
87	1	0.0	3	1
88	1	0.0	3	1
89	2	0.0	3	0 1 1
91	1	0.0	3	1
96	1	0.0	3	1
101	1	0.0	3	0 1
133	1	0.0	3	0 1
134	1	0.0	3	0 1
143	1	0.0	3	0 1


=== Second read: Adapter 2 ===

Sequence: AGATCGGAAGAGCGTCGTGTAGGGAAAGAGTGTA; Type: regular 3'; Length: 34; Trimmed: 3909412 times

No. of allowed errors:
0-9 bp: 0; 10-19 bp: 1; 20-29 bp: 2; 30-34 bp: 3

Bases preceding removed adapters:
  A: 11.7%
  C: 40.4%
  G: 34.3%
  T: 13.6%
  none/other: 0.0%

Overview of removed sequences
length	count	expect	max.err	error counts
3	317805	166200.0	0	317805
4	105091	41550.0	0	105091
5	191222	10387.5	0	191222
8	61970	162.3	0	61970
9	123338	40.6	0	123338
10	340	10.1	1	0 340
11	135790	2.5	1	125811 9979
12	141	0.6	1	0 141
13	137940	0.2	1	127432 10508
14	126	0.0	1	0 126
15	70405	0.0	1	65031 5374
16	140597	0.0	1	129592 11005
17	320	0.0	1	0 320
18	136511	0.0	1	126330 10117 64
19	328	0.0	1	0 268 60
20	70069	0.0	2	63080 6172 817
21	280253	0.0	2	252815 24277 3161
22	1100	0.0	2	0 785 315
23	154	0.0	2	0 63 91
24	300	0.0	2	0 248 52
25	71235	0.0	2	63840 6384 1011
26	71955	0.0	2	63460 7386 1109
27	138111	0.0	2	123647 12629 1835
28	1413	0.0	2	0 1002 327 84
29	136710	0.0	2	121664 13059 1970 17
30	1272	0.0	3	0 1034 157 81
31	135984	0.0	3	120401 12548 1951 1084
32	1347	0.0	3	0 1085 175 87
33	133111	0.0	3	118037 12457 1802 815
34	1096	0.0	3	2 436 468 190
35	66251	0.0	3	2 58693 6480 1076
36	66206	0.0	3	1 58478 6681 1046
37	64278	0.0	3	1 56538 6446 1293
38	63600	0.0	3	1 55946 6423 1230
39	60412	0.0	3	0 53426 5881 1105
40	61188	0.0	3	0 53267 6676 1245
41	114227	0.0	3	0 101790 10455 1982
42	1669	0.0	3	0 230 1191 248
43	109381	0.0	3	1 97922 9689 1769
44	1080	0.0	3	0 138 719 223
45	53606	0.0	3	1 47405 5236 964
46	104465	0.0	3	3 93453 9207 1802
47	1431	0.0	3	0 439 740 252
48	47679	0.0	3	0 42334 4399 946
49	48247	0.0	3	0 42613 4665 969
50	42832	0.0	3	0 37732 4265 835
51	47136	0.0	3	2 40872 5181 1081
52	165971	0.0	3	5 148254 14765 2947
53	685	0.0	3	0 141 412 132
54	524	0.0	3	0 24 458 42
55	70632	0.0	3	1 64401 5274 956
56	352	0.0	3	0 83 200 69
57	236	0.0	3	0 24 168 44
58	23995	0.0	3	0 21390 2198 407
59	37061	0.0	3	0 33723 2853 485
60	290	0.0	3	0 25 206 59
61	17250	0.0	3	1 15472 1537 240
62	33180	0.0	3	1 29850 2771 558
63	203	0.0	3	0 8 167 28
64	10079	0.0	3	0 9135 799 145
65	13011	0.0	3	0 11630 1160 221
66	12046	0.0	3	0 10788 1062 196
67	11468	0.0	3	0 10227 1071 170
68	12665	0.0	3	0 11297 1175 193
69	9263	0.0	3	0 8296 810 157
70	8534	0.0	3	0 7643 732 159
71	7511	0.0	3	0 6752 661 98
72	7008	0.0	3	0 6265 620 123
73	7653	0.0	3	0 6800 725 128
74	9753	0.0	3	4 8682 936 131
75	15629	0.0	3	0 14113 1341 175
76	7813	0.0	3	0 6938 698 177
77	1863	0.0	3	0 1605 192 66
78	1045	0.0	3	0 941 78 26
79	657	0.0	3	0 582 48 27
80	544	0.0	3	0 488 46 10
81	509	0.0	3	0 453 42 14
82	404	0.0	3	0 365 28 11
83	476	0.0	3	0 439 31 6
84	383	0.0	3	0 348 23 12
85	388	0.0	3	0 351 29 8
86	178	0.0	3	0 163 10 5
87	120	0.0	3	0 113 6 1
88	103	0.0	3	0 93 7 3
89	52	0.0	3	0 47 4 1
90	36	0.0	3	0 31 4 1
91	19	0.0	3	0 16 1 2
92	12	0.0	3	0 9 2 1
93	10	0.0	3	0 8 1 1
94	12	0.0	3	0 9 2 1
95	18	0.0	3	0 14 0 4
96	12	0.0	3	0 11 0 1
97	11	0.0	3	0 11
98	2	0.0	3	0 2
99	4	0.0	3	0 3 1
100	2	0.0	3	0 2
101	1	0.0	3	0 1
102	4	0.0	3	0 4
103	7	0.0	3	0 6 0 1
105	2	0.0	3	0 1 0 1
107	1	0.0	3	0 0 0 1
109	1	0.0	3	0 1
117	1	0.0	3	0 0 0 1
134	1	0.0	3	0 1
