This is cutadapt 2.9 with Python 3.5.2
Command line parameters: --nextseq-trim 10 --minimum-length 25 --cores 4 -a AGATCGGAAGAGCACACGTCTGAACTCCAGTCAC -A AGATCGGAAGAGCGTCGTGTAGGGAAAGAGTGTA -o Mcapitata_HTHC_TP3_2518_R1_TrimmingRound1.fastq.gz -p Mcapitata_HTHC_TP3_2518_R2_TrimmingRound1.fastq.gz Mcapitata_HTHC_TP3_2518_R1.fastq.gz Mcapitata_HTHC_TP3_2518_R2.fastq.gz
Processing reads on 4 cores in paired-end mode ...
Finished in 615.37 s (38 us/read; 1.60 M reads/minute).

=== Summary ===

Total read pairs processed:         16,381,699
  Read 1 with adapter:               7,878,338 (48.1%)
  Read 2 with adapter:               7,223,438 (44.1%)
Pairs written (passing filters):    16,279,538 (99.4%)

Total basepairs processed: 4,914,509,700 bp
  Read 1: 2,457,254,850 bp
  Read 2: 2,457,254,850 bp
Quality-trimmed:              27,834,518 bp (0.6%)
  Read 1:     5,435,058 bp
  Read 2:    22,399,460 bp
Total written (filtered):  4,389,178,318 bp (89.3%)
  Read 1: 2,182,203,182 bp
  Read 2: 2,206,975,136 bp

=== First read: Adapter 1 ===

Sequence: AGATCGGAAGAGCACACGTCTGAACTCCAGTCAC; Type: regular 3'; Length: 34; Trimmed: 7878338 times

No. of allowed errors:
0-9 bp: 0; 10-19 bp: 1; 20-29 bp: 2; 30-34 bp: 3

Bases preceding removed adapters:
  A: 17.8%
  C: 34.0%
  G: 23.5%
  T: 24.7%
  none/other: 0.0%

Overview of removed sequences
length	count	expect	max.err	error counts
3	281006	255964.0	0	281006
4	134174	63991.0	0	134174
5	296371	15997.8	0	296371
8	96436	250.0	0	96436
9	191527	62.5	0	191527
10	599	15.6	1	0 599
11	255486	3.9	1	193648 61838
12	672	1.0	1	0 672
13	131640	0.2	1	98993 32647
14	135657	0.1	1	101967 33690
15	132894	0.0	1	99629 33265
16	139293	0.0	1	103687 35606
17	267556	0.0	1	201969 65587
18	1120	0.0	1	0 972 148
19	136847	0.0	1	102019 34263 565
20	136554	0.0	2	99975 34257 2322
21	276347	0.0	2	204032 67882 4433
22	1847	0.0	2	0 1266 581
23	141215	0.0	2	103685 34924 2606
24	143718	0.0	2	104472 36412 2834
25	143448	0.0	2	104258 36162 3028
26	144475	0.0	2	104527 36801 3147
27	144633	0.0	2	104401 36834 3398
28	144318	0.0	2	103144 37609 3484 81
29	280449	0.0	2	204710 70217 5283 239
30	2839	0.0	3	0 1640 825 374
31	143317	0.0	3	102607 36292 3201 1217
32	138731	0.0	3	99137 35330 3104 1160
33	141853	0.0	3	101413 36230 3178 1032
34	142897	0.0	3	101548 36648 3468 1233
35	143194	0.0	3	102042 36769 3307 1076
36	143829	0.0	3	102048 36998 3488 1295
37	142738	0.0	3	101096 36879 3510 1253
38	275863	0.0	3	197999 69284 6237 2343
39	3872	0.0	3	258 2599 843 172
40	258658	0.0	3	187844 64258 4775 1781
41	2588	0.0	3	77 1652 720 139
42	132101	0.0	3	94290 33689 3032 1090
43	134543	0.0	3	96613 34195 2819 916
44	115402	0.0	3	83283 29215 2116 788
45	140220	0.0	3	100796 35367 3037 1020
46	106824	0.0	3	76022 27772 2318 712
47	231980	0.0	3	168337 58386 3868 1389
48	2545	0.0	3	211 1538 611 185
49	109205	0.0	3	78626 27651 2208 720
50	106732	0.0	3	76025 27846 2228 633
51	194505	0.0	3	141542 48575 3224 1164
52	3335	0.0	3	818 1666 670 181
53	94659	0.0	3	67600 24549 1888 622
54	182560	0.0	3	132495 45730 3176 1159
55	2039	0.0	3	236 1204 475 124
56	80605	0.0	3	58134 20695 1338 438
57	80103	0.0	3	57662 20543 1473 425
58	72131	0.0	3	51983 18515 1213 420
59	68796	0.0	3	49446 17591 1338 421
60	66639	0.0	3	47509 17498 1267 365
61	110320	0.0	3	80386 27738 1631 565
62	1405	0.0	3	238 788 284 95
63	52685	0.0	3	37869 13571 968 277
64	47475	0.0	3	33844 12500 900 231
65	83395	0.0	3	60997 20937 1108 353
66	1098	0.0	3	236 567 245 50
67	37369	0.0	3	26963 9655 540 211
68	35150	0.0	3	25086 9207 635 222
69	33846	0.0	3	23873 9112 703 158
70	93493	0.0	3	68989 23619 706 179
71	34614	0.0	3	24861 8984 590 179
72	23532	0.0	3	16816 6069 472 175
73	12044	0.0	3	8238 3378 317 111
74	10107	0.0	3	7056 2734 237 80
75	9344	0.0	3	6559 2504 206 75
76	8450	0.0	3	5991 2239 159 61
77	7588	0.0	3	5369 2021 150 48
78	5782	0.0	3	4078 1541 119 44
79	5032	0.0	3	3542 1365 98 27
80	3983	0.0	3	2830 1055 73 25
81	3486	0.0	3	2443 944 76 23
82	2850	0.0	3	2020 753 62 15
83	2388	0.0	3	1679 647 49 13
84	2230	0.0	3	1600 571 42 17
85	1777	0.0	3	1262 468 38 9
86	1705	0.0	3	1207 444 42 12
87	1404	0.0	3	1010 366 19 9
88	1313	0.0	3	947 331 31 4
89	1001	0.0	3	698 283 15 5
90	908	0.0	3	646 238 18 6
91	773	0.0	3	521 230 16 6
92	676	0.0	3	485 174 13 4
93	583	0.0	3	397 169 14 3
94	477	0.0	3	335 132 7 3
95	441	0.0	3	319 115 6 1
96	325	0.0	3	225 85 11 4
97	346	0.0	3	249 90 6 1
98	262	0.0	3	187 67 5 3
99	245	0.0	3	172 61 8 4
100	180	0.0	3	117 57 4 2
101	191	0.0	3	124 48 17 2
102	160	0.0	3	104 47 8 1
103	125	0.0	3	84 32 8 1
104	105	0.0	3	65 33 7
105	103	0.0	3	60 39 2 2
106	75	0.0	3	49 20 6
107	63	0.0	3	40 14 9
108	54	0.0	3	30 14 9 1
109	48	0.0	3	29 8 11
110	48	0.0	3	30 5 13
111	33	0.0	3	20 5 8
112	58	0.0	3	33 10 14 1
113	40	0.0	3	13 7 19 1
114	28	0.0	3	12 2 14
115	34	0.0	3	8 3 23
116	27	0.0	3	6 1 18 2
117	47	0.0	3	6 4 37
118	41	0.0	3	4 1 33 3
119	36	0.0	3	3 1 31 1
120	32	0.0	3	1 0 28 3
121	48	0.0	3	6 1 39 2
122	42	0.0	3	5 1 36
123	29	0.0	3	0 1 25 3
124	44	0.0	3	1 2 41
125	58	0.0	3	3 3 52
126	53	0.0	3	3 0 48 2
127	45	0.0	3	2 3 40
128	55	0.0	3	1 1 50 3
129	63	0.0	3	1 1 57 4
130	60	0.0	3	0 0 59 1
131	80	0.0	3	5 0 71 4
132	59	0.0	3	0 0 59
133	91	0.0	3	0 3 87 1
134	106	0.0	3	1 0 99 6
135	114	0.0	3	2 2 105 5
136	122	0.0	3	2 2 116 2
137	139	0.0	3	1 0 135 3
138	149	0.0	3	3 0 139 7
139	166	0.0	3	1 1 156 8
140	192	0.0	3	2 2 186 2
141	218	0.0	3	3 2 208 5
142	256	0.0	3	0 3 245 8
143	290	0.0	3	2 1 274 13
144	360	0.0	3	2 1 348 9
145	358	0.0	3	1 2 348 7
146	445	0.0	3	0 1 434 10
147	589	0.0	3	3 3 557 26
148	965	0.0	3	0 5 936 24
149	2532	0.0	3	1 5 2442 84
150	5595	0.0	3	2 16 5387 190


=== Second read: Adapter 2 ===

Sequence: AGATCGGAAGAGCGTCGTGTAGGGAAAGAGTGTA; Type: regular 3'; Length: 34; Trimmed: 7223438 times

No. of allowed errors:
0-9 bp: 0; 10-19 bp: 1; 20-29 bp: 2; 30-34 bp: 3

Bases preceding removed adapters:
  A: 14.5%
  C: 35.0%
  G: 36.7%
  T: 13.8%
  none/other: 0.0%

Overview of removed sequences
length	count	expect	max.err	error counts
3	416188	255964.0	0	416188
4	151623	63991.0	0	151623
5	283118	15997.8	0	283118
8	91094	250.0	0	91094
9	179827	62.5	0	179827
10	714	15.6	1	0 714
11	229499	3.9	1	181981 47518
12	629	1.0	1	0 629
13	247693	0.2	1	193747 53946
14	378	0.1	1	0 378
15	117530	0.0	1	93112 24418
16	247993	0.0	1	194766 53227
17	567	0.0	1	0 567
18	228190	0.0	1	181976 45921 293
19	907	0.0	1	0 599 308
20	124489	0.0	2	94765 26588 3136
21	496606	0.0	2	381923 104721 9962
22	1957	0.0	2	0 1232 725
23	530	0.0	2	0 223 307
24	838	0.0	2	0 549 289
25	127477	0.0	2	97053 27324 3100
26	129652	0.0	2	97273 28928 3451
27	253332	0.0	2	192764 54424 6144
28	2688	0.0	2	0 1788 779 121
29	252188	0.0	2	190281 55308 6506 93
30	2799	0.0	3	0 1837 698 264
31	248416	0.0	3	186764 52782 5900 2970
32	2922	0.0	3	0 1929 679 314
33	252332	0.0	3	188807 54390 6508 2627
34	2272	0.0	3	43 840 953 436
35	125766	0.0	3	23 94392 27883 3468
36	129491	0.0	3	18 96072 29279 4122
37	121215	0.0	3	22 91509 26286 3398
38	124541	0.0	3	30 92141 28402 3968
39	115368	0.0	3	16 87041 25269 3042
40	118400	0.0	3	20 87631 27161 3588
41	226476	0.0	3	66 170362 49898 6150
42	2986	0.0	3	1 382 1895 708
43	219768	0.0	3	63 166680 47383 5642
44	2143	0.0	3	0 292 1265 586
45	110430	0.0	3	20 82306 24910 3194
46	213306	0.0	3	37 161546 46230 5493
47	2385	0.0	3	1 546 1279 559
48	102032	0.0	3	23 76260 22857 2892
49	100145	0.0	3	18 75188 22046 2893
50	93962	0.0	3	26 70187 20862 2887
51	95905	0.0	3	21 71349 21553 2982
52	308833	0.0	3	59 240027 60692 8055
53	1746	0.0	3	3 400 890 453
54	1675	0.0	3	1 178 1121 375
55	188657	0.0	3	31 141169 43321 4136
56	992	0.0	3	1 235 514 242
57	647	0.0	3	0 74 395 178
58	63890	0.0	3	10 47759 14436 1685
59	103030	0.0	3	18 77625 23150 2237
60	889	0.0	3	4 104 560 221
61	47900	0.0	3	9 35500 11176 1215
62	90366	0.0	3	34 68005 20259 2068
63	609	0.0	3	0 52 389 168
64	32631	0.0	3	7 24248 7734 642
65	35910	0.0	3	30 27101 8004 775
66	34071	0.0	3	5 25492 7765 809
67	32014	0.0	3	13 23958 7297 746
68	31867	0.0	3	6 24121 6966 774
69	26182	0.0	3	9 19508 6082 583
70	23764	0.0	3	6 17893 5325 540
71	21241	0.0	3	5 15836 4857 543
72	19783	0.0	3	6 14895 4440 442
73	19028	0.0	3	6 14543 4098 381
74	20844	0.0	3	0 16356 4068 420
75	28658	0.0	3	2 24025 4189 442
76	18126	0.0	3	3 14314 3351 458
77	9017	0.0	3	2 6371 2399 245
78	6932	0.0	3	4 4867 1896 165
79	6143	0.0	3	2 4196 1796 149
80	5726	0.0	3	0 3934 1669 123
81	4495	0.0	3	2 3026 1351 116
82	3781	0.0	3	1 2630 1066 84
83	3346	0.0	3	0 2353 921 72
84	2900	0.0	3	0 1996 845 59
85	2785	0.0	3	0 1943 773 69
86	2136	0.0	3	0 1446 628 62
87	1766	0.0	3	0 1222 500 44
88	1459	0.0	3	0 969 456 34
89	1260	0.0	3	0 846 384 30
90	1046	0.0	3	1 697 320 28
91	784	0.0	3	0 492 273 19
92	718	0.0	3	0 456 245 17
93	644	0.0	3	0 418 208 18
94	502	0.0	3	0 326 155 21
95	447	0.0	3	0 295 138 14
96	368	0.0	3	0 249 114 5
97	340	0.0	3	0 216 113 11
98	253	0.0	3	0 168 79 6
99	233	0.0	3	0 154 76 3
100	198	0.0	3	0 136 56 6
101	160	0.0	3	0 108 51 1
102	156	0.0	3	0 112 38 6
103	116	0.0	3	0 81 33 2
104	120	0.0	3	0 75 41 4
105	100	0.0	3	0 62 36 2
106	85	0.0	3	0 54 24 7
107	68	0.0	3	0 41 25 2
108	62	0.0	3	0 38 18 6
109	50	0.0	3	0 29 19 2
110	44	0.0	3	0 31 12 1
111	42	0.0	3	0 21 17 4
112	47	0.0	3	0 24 18 5
113	25	0.0	3	0 14 10 1
114	24	0.0	3	0 11 7 6
115	16	0.0	3	0 10 1 5
116	11	0.0	3	0 5 4 2
117	10	0.0	3	0 4 4 2
118	8	0.0	3	0 4 2 2
119	13	0.0	3	0 4 3 6
120	12	0.0	3	0 6 2 4
121	5	0.0	3	0 3 0 2
122	10	0.0	3	0 7 1 2
123	15	0.0	3	0 3 3 9
124	17	0.0	3	0 0 1 16
125	18	0.0	3	0 5 3 10
126	21	0.0	3	0 4 1 16
127	17	0.0	3	0 0 0 17
128	24	0.0	3	0 2 1 21
129	48	0.0	3	0 1 1 46
130	40	0.0	3	0 0 0 40
131	60	0.0	3	0 2 1 57
132	63	0.0	3	0 2 0 61
133	78	0.0	3	0 1 2 75
134	86	0.0	3	0 0 2 84
135	106	0.0	3	0 1 1 104
136	120	0.0	3	0 2 1 117
137	119	0.0	3	0 1 0 118
138	144	0.0	3	0 3 1 140
139	178	0.0	3	0 1 2 175
140	166	0.0	3	0 2 1 163
141	182	0.0	3	0 1 1 180
142	225	0.0	3	0 2 2 221
143	264	0.0	3	0 1 3 260
144	293	0.0	3	0 0 1 292
145	330	0.0	3	0 1 3 326
146	402	0.0	3	0 0 1 401
147	514	0.0	3	0 2 3 509
148	816	0.0	3	0 0 8 808
149	2129	0.0	3	0 1 6 2122
150	6380	0.0	3	0 1 19 6360
