This is cutadapt 2.9 with Python 3.5.2
Command line parameters: --nextseq-trim 10 --minimum-length 25 --cores 4 -a AGATCGGAAGAGCACACGTCTGAACTCCAGTCAC -A AGATCGGAAGAGCGTCGTGTAGGGAAAGAGTGTA -o Mcapitata_ATAC_TP5_1196_R1_TrimmingRound1.fastq.gz -p Mcapitata_ATAC_TP5_1196_R2_TrimmingRound1.fastq.gz Mcapitata_ATAC_TP5_1196_R1.fastq.gz Mcapitata_ATAC_TP5_1196_R2.fastq.gz
Processing reads on 4 cores in paired-end mode ...
Finished in 752.84 s (39 us/read; 1.53 M reads/minute).

=== Summary ===

Total read pairs processed:         19,148,354
  Read 1 with adapter:               9,830,118 (51.3%)
  Read 2 with adapter:               9,201,507 (48.1%)
Pairs written (passing filters):    19,047,296 (99.5%)

Total basepairs processed: 5,744,506,200 bp
  Read 1: 2,872,253,100 bp
  Read 2: 2,872,253,100 bp
Quality-trimmed:              34,418,546 bp (0.6%)
  Read 1:     6,171,253 bp
  Read 2:    28,247,293 bp
Total written (filtered):  5,089,121,377 bp (88.6%)
  Read 1: 2,533,109,975 bp
  Read 2: 2,556,011,402 bp

=== First read: Adapter 1 ===

Sequence: AGATCGGAAGAGCACACGTCTGAACTCCAGTCAC; Type: regular 3'; Length: 34; Trimmed: 9830118 times

No. of allowed errors:
0-9 bp: 0; 10-19 bp: 1; 20-29 bp: 2; 30-34 bp: 3

Bases preceding removed adapters:
  A: 18.0%
  C: 37.5%
  G: 20.8%
  T: 23.6%
  none/other: 0.0%

Overview of removed sequences
length	count	expect	max.err	error counts
3	314274	299193.0	0	314274
4	160962	74798.3	0	160962
5	366971	18699.6	0	366971
8	119857	292.2	0	119857
9	234650	73.0	0	234650
10	781	18.3	1	0 781
11	320438	4.6	1	236859 83579
12	858	1.1	1	0 858
13	164679	0.3	1	120672 44007
14	173435	0.1	1	126999 46436
15	170137	0.0	1	124743 45394
16	181231	0.0	1	131475 49756
17	341709	0.0	1	250938 90771
18	1596	0.0	1	0 1408 188
19	174288	0.0	1	126403 47107 778
20	170879	0.0	2	120732 46588 3559
21	343860	0.0	2	245846 91282 6732
22	2732	0.0	2	0 1778 954
23	177547	0.0	2	126223 47372 3952
24	182564	0.0	2	128529 49353 4682
25	182881	0.0	2	128926 49394 4561
26	186775	0.0	2	131067 50831 4877
27	186834	0.0	2	130637 50938 5259
28	186588	0.0	2	128561 52369 5533 125
29	355663	0.0	2	251562 95489 8197 415
30	4081	0.0	3	0 2255 1263 563
31	180560	0.0	3	124722 48985 5068 1785
32	173570	0.0	3	119830 47348 4766 1626
33	175800	0.0	3	121067 48395 4746 1592
34	178851	0.0	3	122602 49286 5243 1720
35	181240	0.0	3	124748 49849 4932 1711
36	182316	0.0	3	124894 50095 5488 1839
37	182900	0.0	3	124813 50970 5368 1749
38	344074	0.0	3	239789 92813 8542 2930
39	6412	0.0	3	597 3813 1615 387
40	329698	0.0	3	229684 88904 8012 3098
41	4168	0.0	3	321 2360 1191 296
42	162605	0.0	3	111178 45328 4486 1613
43	167500	0.0	3	115529 46039 4442 1490
44	142679	0.0	3	99041 39187 3332 1119
45	167653	0.0	3	115733 46020 4479 1421
46	140507	0.0	3	97119 38771 3589 1028
47	291436	0.0	3	205501 78028 5935 1972
48	3746	0.0	3	304 2079 1039 324
49	137334	0.0	3	95483 37547 3246 1058
50	132795	0.0	3	90943 37555 3339 958
51	238381	0.0	3	167555 64598 4647 1581
52	4369	0.0	3	970 2089 1043 267
53	116098	0.0	3	80104 32252 2883 859
54	224200	0.0	3	156834 60712 4908 1746
55	2686	0.0	3	287 1503 707 189
56	98383	0.0	3	68757 27014 1978 634
57	99132	0.0	3	68895 27438 2227 572
58	88575	0.0	3	61769 24361 1894 551
59	86313	0.0	3	59993 23855 1898 567
60	81516	0.0	3	56167 22972 1833 544
61	135916	0.0	3	95652 37124 2384 756
62	2013	0.0	3	282 1104 482 145
63	62936	0.0	3	43859 17293 1334 450
64	57923	0.0	3	40030 16294 1252 347
65	100991	0.0	3	71256 27579 1649 507
66	1501	0.0	3	232 834 357 78
67	45077	0.0	3	31508 12489 818 262
68	43166	0.0	3	29815 12121 994 236
69	40776	0.0	3	27968 11688 897 223
70	77237	0.0	3	54905 21245 860 227
71	37644	0.0	3	26089 10625 739 191
72	30256	0.0	3	20829 8568 662 197
73	18373	0.0	3	12548 5251 441 133
74	16252	0.0	3	11132 4626 397 97
75	15008	0.0	3	10306 4244 349 109
76	14024	0.0	3	9666 3987 282 89
77	12516	0.0	3	8607 3594 252 63
78	9467	0.0	3	6480 2720 212 55
79	8438	0.0	3	5747 2462 173 56
80	6815	0.0	3	4635 1992 144 44
81	6120	0.0	3	4174 1799 122 25
82	4682	0.0	3	3258 1291 98 35
83	4209	0.0	3	2926 1159 101 23
84	3666	0.0	3	2488 1067 85 26
85	3083	0.0	3	2080 922 62 19
86	2912	0.0	3	2001 830 66 15
87	2442	0.0	3	1661 705 61 15
88	2213	0.0	3	1513 648 44 8
89	1776	0.0	3	1241 495 31 9
90	1639	0.0	3	1098 476 53 12
91	1361	0.0	3	954 366 32 9
92	1206	0.0	3	838 333 26 9
93	946	0.0	3	621 295 21 9
94	829	0.0	3	535 266 21 7
95	704	0.0	3	488 194 21 1
96	544	0.0	3	385 145 9 5
97	529	0.0	3	359 150 15 5
98	468	0.0	3	294 151 22 1
99	407	0.0	3	268 119 19 1
100	314	0.0	3	213 86 14 1
101	278	0.0	3	187 80 10 1
102	245	0.0	3	154 78 11 2
103	199	0.0	3	131 56 10 2
104	173	0.0	3	109 57 7
105	140	0.0	3	77 45 16 2
106	107	0.0	3	63 31 11 2
107	100	0.0	3	57 27 15 1
108	95	0.0	3	51 30 12 2
109	104	0.0	3	50 28 23 3
110	78	0.0	3	39 19 19 1
111	75	0.0	3	36 14 23 2
112	66	0.0	3	27 10 29
113	53	0.0	3	15 11 25 2
114	53	0.0	3	15 5 28 5
115	44	0.0	3	11 1 30 2
116	49	0.0	3	14 4 30 1
117	63	0.0	3	12 9 37 5
118	51	0.0	3	6 5 38 2
119	49	0.0	3	7 3 37 2
120	57	0.0	3	6 3 47 1
121	57	0.0	3	4 1 49 3
122	62	0.0	3	6 1 54 1
123	75	0.0	3	6 2 66 1
124	80	0.0	3	1 1 77 1
125	67	0.0	3	9 2 55 1
126	74	0.0	3	5 4 63 2
127	81	0.0	3	2 4 73 2
128	78	0.0	3	6 0 67 5
129	92	0.0	3	6 1 85
130	106	0.0	3	6 1 95 4
131	129	0.0	3	2 3 118 6
132	110	0.0	3	1 2 102 5
133	143	0.0	3	7 3 124 9
134	149	0.0	3	3 2 139 5
135	193	0.0	3	4 3 180 6
136	197	0.0	3	5 3 184 5
137	213	0.0	3	5 3 200 5
138	237	0.0	3	3 4 223 7
139	252	0.0	3	5 2 234 11
140	264	0.0	3	3 7 243 11
141	290	0.0	3	5 2 277 6
142	330	0.0	3	2 3 315 10
143	510	0.0	3	5 3 481 21
144	544	0.0	3	2 8 516 18
145	561	0.0	3	6 2 530 23
146	603	0.0	3	4 4 580 15
147	846	0.0	3	7 6 809 24
148	1424	0.0	3	1 14 1349 60
149	3761	0.0	3	2 24 3600 135
150	8365	0.0	3	4 51 7997 313


=== Second read: Adapter 2 ===

Sequence: AGATCGGAAGAGCGTCGTGTAGGGAAAGAGTGTA; Type: regular 3'; Length: 34; Trimmed: 9201507 times

No. of allowed errors:
0-9 bp: 0; 10-19 bp: 1; 20-29 bp: 2; 30-34 bp: 3

Bases preceding removed adapters:
  A: 16.6%
  C: 37.5%
  G: 31.3%
  T: 14.5%
  none/other: 0.0%

Overview of removed sequences
length	count	expect	max.err	error counts
3	462626	299193.0	0	462626
4	178718	74798.3	0	178718
5	346572	18699.6	0	346572
8	110317	292.2	0	110317
9	216355	73.0	0	216355
10	1051	18.3	1	0 1051
11	295879	4.6	1	218179 77700
12	983	1.1	1	0 983
13	325208	0.3	1	237450 87758
14	684	0.1	1	0 684
15	156257	0.0	1	115360 40897
16	330887	0.0	1	242011 88876
17	703	0.0	1	0 703
18	293869	0.0	1	218062 75330 477
19	1266	0.0	1	0 810 456
20	161730	0.0	2	113557 43451 4722
21	641247	0.0	2	455582 170472 15193
22	2785	0.0	2	0 1696 1089
23	945	0.0	2	0 368 577
24	1208	0.0	2	0 747 461
25	166511	0.0	2	117507 44363 4641
26	172072	0.0	2	118821 47579 5672
27	335237	0.0	2	234961 90586 9690
28	3444	0.0	2	0 2157 1131 156
29	329300	0.0	2	228488 90367 10293 152
30	3907	0.0	3	0 2365 1157 385
31	319882	0.0	3	220549 86128 9059 4146
32	2723	0.0	3	0 1525 810 388
33	161392	0.0	3	109780 43685 5627 2300
34	162160	0.0	3	37 111716 44727 5680
35	166292	0.0	3	33 113206 45812 7241
36	326135	0.0	3	26 1338 226312 98459
37	4378	0.0	3	9 116 556 3697
38	317863	0.0	3	60 1349 219760 96694
39	3210	0.0	3	16 84 464 2646
40	154569	0.0	3	30 848 105112 48579
41	316666	0.0	3	91 1676 219130 95769
42	6535	0.0	3	1 360 836 5338
43	649787	0.0	3	133 3275 528946 117433
44	3599	0.0	3	3 45 399 3152
45	123720	0.0	3	24 524 83482 39690
46	222340	0.0	3	29 793 146268 75250
47	2583	0.0	3	2 29 593 1959
48	109229	0.0	3	17 363 70994 37855
49	110259	0.0	3	17 444 73232 36566
50	97793	0.0	3	27 325 62652 34789
51	104178	0.0	3	25 437 68486 35230
52	270210	0.0	3	78 1013 177183 91936
53	2331	0.0	3	5 28 641 1657
54	2334	0.0	3	2 26 465 1841
55	217086	0.0	3	39 573 142875 73599
56	1535	0.0	3	3 33 446 1053
57	821	0.0	3	3 12 167 639
58	72115	0.0	3	13 272 47598 24232
59	116740	0.0	3	18 300 76597 39825
60	1252	0.0	3	3 22 263 964
61	54622	0.0	3	10 156 35327 19129
62	95708	0.0	3	35 276 62572 32825
63	800	0.0	3	0 10 121 669
64	39162	0.0	3	14 101 26063 12984
65	38160	0.0	3	38 136 25210 12776
66	38680	0.0	3	9 127 25891 12653
67	34476	0.0	3	8 152 22890 11426
68	33240	0.0	3	9 107 22070 11054
69	29599	0.0	3	15 106 19291 10187
70	26463	0.0	3	17 100 17581 8765
71	23560	0.0	3	3 110 15620 7827
72	21101	0.0	3	10 89 13978 7024
73	18555	0.0	3	2 77 12429 6047
74	16936	0.0	3	5 76 11343 5512
75	15303	0.0	3	1 55 10401 4846
76	15885	0.0	3	1 55 10890 4939
77	12783	0.0	3	1 39 8599 4144
78	10572	0.0	3	10 33 7149 3380
79	9735	0.0	3	4 26 6497 3208
80	9391	0.0	3	1 39 6126 3225
81	7280	0.0	3	2 16 4734 2528
82	5828	0.0	3	1 18 3899 1910
83	5008	0.0	3	0 11 3349 1648
84	4323	0.0	3	0 9 2888 1426
85	4041	0.0	3	0 9 2723 1309
86	3365	0.0	3	1 11 2234 1119
87	2841	0.0	3	1 5 1893 942
88	2377	0.0	3	1 2 1546 828
89	2115	0.0	3	0 5 1403 707
90	1682	0.0	3	2 5 1079 596
91	1371	0.0	3	0 4 851 516
92	1215	0.0	3	0 5 810 400
93	1029	0.0	3	0 1 659 369
94	855	0.0	3	0 1 544 310
95	735	0.0	3	0 3 494 238
96	592	0.0	3	0 1 363 228
97	452	0.0	3	0 3 289 160
98	432	0.0	3	0 0 284 148
99	349	0.0	3	0 0 236 113
100	317	0.0	3	0 0 202 115
101	249	0.0	3	0 0 157 92
102	236	0.0	3	0 0 150 86
103	196	0.0	3	0 0 133 63
104	174	0.0	3	0 1 105 68
105	123	0.0	3	0 0 83 40
106	111	0.0	3	0 1 69 41
107	94	0.0	3	0 1 60 33
108	111	0.0	3	0 0 61 50
109	96	0.0	3	0 0 57 39
110	62	0.0	3	0 0 36 26
111	66	0.0	3	0 1 43 22
112	46	0.0	3	0 1 28 17
113	46	0.0	3	0 1 20 25
114	46	0.0	3	0 0 24 22
115	27	0.0	3	0 0 10 17
116	28	0.0	3	0 0 9 19
117	31	0.0	3	0 0 16 15
118	27	0.0	3	0 0 13 14
119	23	0.0	3	0 0 11 12
120	19	0.0	3	0 0 8 11
121	17	0.0	3	0 0 7 10
122	25	0.0	3	0 0 7 18
123	20	0.0	3	0 0 7 13
124	20	0.0	3	0 0 8 12
125	29	0.0	3	0 0 3 26
126	33	0.0	3	0 0 5 28
127	33	0.0	3	0 0 4 29
128	52	0.0	3	0 0 4 48
129	55	0.0	3	0 0 5 50
130	69	0.0	3	0 0 5 64
131	77	0.0	3	0 0 3 74
132	117	0.0	3	0 0 6 111
133	112	0.0	3	0 0 5 107
134	133	0.0	3	0 0 9 124
135	130	0.0	3	0 0 2 128
136	183	0.0	3	0 0 3 180
137	188	0.0	3	0 0 8 180
138	194	0.0	3	0 0 4 190
139	242	0.0	3	0 0 1 241
140	249	0.0	3	0 0 2 247
141	271	0.0	3	0 0 2 269
142	331	0.0	3	0 0 1 330
143	418	0.0	3	0 0 1 417
144	473	0.0	3	0 0 1 472
145	525	0.0	3	0 0 8 517
146	626	0.0	3	0 0 2 624
147	744	0.0	3	0 0 3 741
148	1219	0.0	3	0 0 2 1217
149	3205	0.0	3	0 0 1 3204
150	9490	0.0	3	0 1 3 9486
