This is cutadapt 2.9 with Python 3.5.2
Command line parameters: --nextseq-trim 10 --minimum-length 25 --cores 4 -a AGATCGGAAGAGCACACGTCTGAACTCCAGTCAC -A AGATCGGAAGAGCGTCGTGTAGGGAAAGAGTGTA -o Mcapitata_ATAC_TP12_1452_R1_TrimmingRound1.fastq.gz -p Mcapitata_ATAC_TP12_1452_R2_TrimmingRound1.fastq.gz Mcapitata_ATAC_TP12_1452_R1.fastq.gz Mcapitata_ATAC_TP12_1452_R2.fastq.gz
Processing reads on 4 cores in paired-end mode ...
Finished in 753.01 s (37 us/read; 1.61 M reads/minute).

=== Summary ===

Total read pairs processed:         20,188,324
  Read 1 with adapter:               7,475,749 (37.0%)
  Read 2 with adapter:               7,637,198 (37.8%)
Pairs written (passing filters):    20,140,332 (99.8%)

Total basepairs processed: 6,056,497,200 bp
  Read 1: 3,028,248,600 bp
  Read 2: 3,028,248,600 bp
Quality-trimmed:              12,577,722 bp (0.2%)
  Read 1:     5,361,596 bp
  Read 2:     7,216,126 bp
Total written (filtered):  5,440,203,595 bp (89.8%)
  Read 1: 2,720,581,141 bp
  Read 2: 2,719,622,454 bp

=== First read: Adapter 1 ===

Sequence: AGATCGGAAGAGCACACGTCTGAACTCCAGTCAC; Type: regular 3'; Length: 34; Trimmed: 7475749 times

No. of allowed errors:
0-9 bp: 0; 10-19 bp: 1; 20-29 bp: 2; 30-34 bp: 3

Bases preceding removed adapters:
  A: 17.9%
  C: 28.2%
  G: 37.0%
  T: 16.8%
  none/other: 0.1%

Overview of removed sequences
length	count	expect	max.err	error counts
3	366205	315442.6	0	366205
4	148230	78860.6	0	148230
5	271065	19715.2	0	271065
8	86348	308.0	0	86348
9	172515	77.0	0	172515
10	585	19.3	1	0 585
11	176855	4.8	1	173351 3504
12	527	1.2	1	0 527
13	90210	0.3	1	87799 2411
14	90546	0.1	1	88106 2440
15	90447	0.0	1	87800 2647
16	90727	0.0	1	87801 2926
17	179989	0.0	1	174690 5299
18	628	0.0	1	0 555 73
19	91327	0.0	1	88084 3147 96
20	92225	0.0	2	88242 3733 250
21	183938	0.0	2	177331 6089 518
22	807	0.0	2	0 744 63
23	93814	0.0	2	89893 3541 380
24	93911	0.0	2	89730 3854 327
25	93998	0.0	2	89539 4062 397
26	93283	0.0	2	88707 4209 367
27	93702	0.0	2	89163 4054 485
28	94856	0.0	2	89268 5197 326 65
29	187770	0.0	2	179344 7639 674 113
30	1311	0.0	3	0 886 154 271
31	95461	0.0	3	90120 4813 433 95
32	95476	0.0	3	89809 5074 484 109
33	96206	0.0	3	90253 5413 422 118
34	96888	0.0	3	90778 5466 551 93
35	96876	0.0	3	90212 6161 417 86
36	189431	0.0	3	179249 9229 787 166
37	1280	0.0	3	69 1029 172 10
38	96569	0.0	3	89928 6144 420 77
39	189314	0.0	3	179222 9284 654 154
40	1259	0.0	3	57 1077 104 21
41	96109	0.0	3	90436 5161 435 77
42	96640	0.0	3	90744 5386 420 90
43	96667	0.0	3	90713 5476 384 94
44	97181	0.0	3	91237 5442 416 86
45	97895	0.0	3	92034 5344 436 81
46	96367	0.0	3	89802 6128 358 79
47	188907	0.0	3	179201 8965 601 140
48	1359	0.0	3	149 1037 120 53
49	93905	0.0	3	88506 4938 406 55
50	95201	0.0	3	89016 5786 321 78
51	185860	0.0	3	176551 8636 529 144
52	1394	0.0	3	156 1029 189 20
53	94814	0.0	3	88554 5841 339 80
54	186266	0.0	3	176872 8789 489 116
55	1245	0.0	3	123 992 104 26
56	92347	0.0	3	86986 4992 315 54
57	90957	0.0	3	85434 5126 311 86
58	89515	0.0	3	84083 5048 283 101
59	88691	0.0	3	83325 4944 362 60
60	87800	0.0	3	81760 5666 307 67
61	170048	0.0	3	161566 7937 452 93
62	1258	0.0	3	169 932 117 40
63	83953	0.0	3	79088 4475 336 54
64	84819	0.0	3	79185 5319 259 56
65	161034	0.0	3	152969 7502 475 88
66	1125	0.0	3	139 876 90 20
67	78884	0.0	3	74239 4288 289 68
68	76037	0.0	3	71534 4142 301 60
69	73278	0.0	3	68994 3943 290 51
70	70927	0.0	3	66792 3826 271 38
71	68637	0.0	3	64421 3903 255 58
72	83502	0.0	3	78860 4264 330 48
73	62978	0.0	3	59325 3409 211 33
74	62934	0.0	3	59386 3305 198 45
75	59244	0.0	3	55828 3153 236 27
76	56255	0.0	3	53107 2941 168 39
77	54271	0.0	3	51297 2758 172 44
78	45497	0.0	3	42777 2552 144 24
79	43421	0.0	3	40998 2279 121 23
80	41292	0.0	3	38979 2178 115 20
81	35306	0.0	3	33375 1818 94 19
82	33329	0.0	3	31459 1755 96 19
83	30412	0.0	3	28697 1603 96 16
84	27861	0.0	3	26300 1467 78 16
85	24425	0.0	3	23076 1270 70 9
86	22428	0.0	3	21168 1176 75 9
87	20415	0.0	3	19307 1033 69 6
88	18253	0.0	3	17221 971 48 13
89	15167	0.0	3	14339 765 46 17
90	13802	0.0	3	13009 739 41 13
91	12102	0.0	3	11447 615 34 6
92	10337	0.0	3	9830 472 29 6
93	8312	0.0	3	7884 402 23 3
94	7193	0.0	3	6778 393 17 5
95	6407	0.0	3	6097 288 17 5
96	5104	0.0	3	4834 253 11 6
97	4587	0.0	3	4354 219 14
98	4055	0.0	3	3845 189 17 4
99	3669	0.0	3	3479 175 13 2
100	3022	0.0	3	2848 164 7 3
101	2614	0.0	3	2475 130 7 2
102	2205	0.0	3	2119 82 2 2
103	1597	0.0	3	1513 78 5 1
104	1415	0.0	3	1342 65 5 3
105	1224	0.0	3	1161 52 7 4
106	1103	0.0	3	1042 57 3 1
107	892	0.0	3	843 42 5 2
108	876	0.0	3	822 46 8
109	761	0.0	3	722 29 6 4
110	634	0.0	3	604 30
111	607	0.0	3	570 33 3 1
112	520	0.0	3	488 30 1 1
113	491	0.0	3	463 24 2 2
114	460	0.0	3	425 30 3 2
115	415	0.0	3	384 28 2 1
116	405	0.0	3	374 28 3
117	376	0.0	3	350 22 3 1
118	379	0.0	3	349 26 2 2
119	376	0.0	3	346 29 1
120	388	0.0	3	360 27 1
121	372	0.0	3	349 20 2 1
122	393	0.0	3	362 26 2 3
123	444	0.0	3	423 18 3
124	446	0.0	3	415 29 2
125	475	0.0	3	438 33 4
126	579	0.0	3	542 36 1
127	519	0.0	3	487 29 2 1
128	651	0.0	3	606 42 2 1
129	655	0.0	3	612 43
130	752	0.0	3	709 41 2
131	776	0.0	3	724 50 2
132	879	0.0	3	822 52 3 2
133	984	0.0	3	931 44 7 2
134	1118	0.0	3	1046 68 4
135	1276	0.0	3	1209 61 4 2
136	1360	0.0	3	1264 92 4
137	1230	0.0	3	1147 80 2 1
138	1286	0.0	3	1178 102 5 1
139	1234	0.0	3	1128 103 3
140	1384	0.0	3	1271 107 6
141	1531	0.0	3	1382 141 8
142	985	0.0	3	867 110 7 1
143	1032	0.0	3	841 178 13
144	1055	0.0	3	854 191 10
145	1154	0.0	3	944 202 8
146	1425	0.0	3	1048 352 24 1
147	1794	0.0	3	973 773 45 3
148	2211	0.0	3	287 1808 106 10
149	6129	0.0	3	212 5545 352 20
150	14603	0.0	3	507 13291 780 25


=== Second read: Adapter 2 ===

Sequence: AGATCGGAAGAGCGTCGTGTAGGGAAAGAGTGTA; Type: regular 3'; Length: 34; Trimmed: 7637198 times

No. of allowed errors:
0-9 bp: 0; 10-19 bp: 1; 20-29 bp: 2; 30-34 bp: 3

Bases preceding removed adapters:
  A: 17.4%
  C: 26.8%
  G: 45.6%
  T: 10.0%
  none/other: 0.2%

Overview of removed sequences
length	count	expect	max.err	error counts
3	498309	315442.6	0	498309
4	181055	78860.6	0	181055
5	274319	19715.2	0	274319
8	86520	308.0	0	86520
9	172803	77.0	0	172803
10	755	19.3	1	0 755
11	176737	4.8	1	173709 3028
12	652	1.2	1	0 652
13	180419	0.3	1	176835 3584
14	453	0.1	1	0 453
15	90116	0.0	1	87835 2281
16	180602	0.0	1	175989 4613
17	775	0.0	1	0 775
18	179261	0.0	1	174715 4361 185
19	814	0.0	1	0 563 251
20	92750	0.0	2	88227 4142 381
21	368776	0.0	2	356045 11380 1351
22	902	0.0	2	0 798 104
23	432	0.0	2	0 121 311
24	756	0.0	2	0 624 132
25	93659	0.0	2	89464 3680 515
26	93607	0.0	2	88635 4456 516
27	185940	0.0	2	178112 6707 1121
28	1668	0.0	2	0 1502 102 64
29	187829	0.0	2	179519 7241 1044 25
30	1813	0.0	3	0 1645 111 57
31	188199	0.0	3	179114 7577 1024 484
32	1395	0.0	3	0 1054 243 98
33	95898	0.0	3	90250 4737 723 188
34	97223	0.0	3	90570 5797 641 215
35	189619	0.0	3	179533 8653 1112 321
36	1270	0.0	3	47 1019 149 55
37	95438	0.0	3	89707 4888 605 238
38	95992	0.0	3	90008 4999 776 209
39	97329	0.0	3	89925 6565 611 228
40	284903	0.0	3	270257 12649 1483 514
41	871	0.0	3	108 548 191 24
42	1831	0.0	3	274 1431 82 44
43	190683	0.0	3	180792 8546 1006 339
44	1624	0.0	3	321 1056 222 25
45	96914	0.0	3	90910 5324 511 169
46	190639	0.0	3	181171 8060 1094 314
47	1505	0.0	3	345 980 138 42
48	94346	0.0	3	88958 4672 540 176
49	94027	0.0	3	88634 4670 514 209
50	94447	0.0	3	88763 4818 738 128
51	95164	0.0	3	88801 5699 521 143
52	279383	0.0	3	265662 11934 1343 444
53	1249	0.0	3	383 567 268 31
54	2439	0.0	3	351 1958 110 20
55	273158	0.0	3	261179 10618 1018 343
56	1111	0.0	3	392 545 120 54
57	993	0.0	3	174 644 155 20
58	89905	0.0	3	84891 4492 392 130
59	173353	0.0	3	165823 6593 685 252
60	1436	0.0	3	311 930 180 15
61	86958	0.0	3	82233 4193 398 134
62	167969	0.0	3	160987 6042 726 214
63	1311	0.0	3	287 901 97 26
64	83222	0.0	3	79389 3345 383 105
65	82400	0.0	3	78366 3598 334 102
66	80352	0.0	3	76426 3442 387 97
67	78990	0.0	3	75190 3348 331 121
68	76082	0.0	3	72368 3248 350 116
69	73198	0.0	3	69749 3070 296 83
70	70781	0.0	3	67428 2998 274 81
71	68364	0.0	3	65155 2851 291 67
72	65702	0.0	3	62655 2696 272 79
73	63363	0.0	3	60552 2518 221 72
74	61112	0.0	3	58272 2535 232 73
75	58588	0.0	3	55856 2448 220 64
76	65732	0.0	3	62765 2693 201 73
77	53047	0.0	3	50743 2065 178 61
78	49160	0.0	3	46929 2013 160 58
79	46265	0.0	3	44246 1806 162 51
80	42502	0.0	3	40664 1641 144 53
81	36676	0.0	3	35128 1401 108 39
82	33888	0.0	3	32449 1284 107 48
83	30105	0.0	3	28787 1168 110 40
84	27598	0.0	3	26413 1053 89 43
85	25695	0.0	3	24607 958 99 31
86	22465	0.0	3	21538 828 75 24
87	20425	0.0	3	19543 782 84 16
88	18045	0.0	3	17228 731 69 17
89	16090	0.0	3	15393 590 72 35
90	14473	0.0	3	13858 533 60 22
91	12036	0.0	3	11465 487 64 20
92	10324	0.0	3	9865 395 49 15
93	8695	0.0	3	8300 344 38 13
94	7239	0.0	3	6908 285 32 14
95	6204	0.0	3	5928 249 19 8
96	5363	0.0	3	5108 207 31 17
97	4571	0.0	3	4364 175 20 12
98	4170	0.0	3	3980 166 18 6
99	3543	0.0	3	3384 129 17 13
100	3127	0.0	3	2956 136 20 15
101	2643	0.0	3	2507 104 20 12
102	2153	0.0	3	2036 92 19 6
103	1745	0.0	3	1645 78 11 11
104	1506	0.0	3	1425 62 10 9
105	1268	0.0	3	1175 69 11 13
106	1109	0.0	3	1043 52 4 10
107	1008	0.0	3	941 52 13 2
108	923	0.0	3	870 39 6 8
109	813	0.0	3	732 62 12 7
110	759	0.0	3	697 40 13 9
111	649	0.0	3	588 36 10 15
112	570	0.0	3	513 40 9 8
113	491	0.0	3	459 19 6 7
114	512	0.0	3	468 22 10 12
115	478	0.0	3	438 25 5 10
116	418	0.0	3	385 17 8 8
117	433	0.0	3	394 20 12 7
118	440	0.0	3	394 29 12 5
119	418	0.0	3	361 36 10 11
120	431	0.0	3	387 34 5 5
121	424	0.0	3	385 29 5 5
122	409	0.0	3	377 17 5 10
123	446	0.0	3	406 27 9 4
124	440	0.0	3	409 21 2 8
125	521	0.0	3	487 25 6 3
126	539	0.0	3	505 25 6 3
127	561	0.0	3	518 32 4 7
128	616	0.0	3	591 17 3 5
129	631	0.0	3	582 39 7 3
130	761	0.0	3	707 46 4 4
131	793	0.0	3	738 44 5 6
132	880	0.0	3	810 62 6 2
133	1010	0.0	3	956 49 3 2
134	1085	0.0	3	1031 47 5 2
135	1274	0.0	3	1209 59 4 2
136	1310	0.0	3	1235 68 3 4
137	1269	0.0	3	1175 91 2 1
138	1278	0.0	3	1218 54 4 2
139	1195	0.0	3	1113 76 4 2
140	1376	0.0	3	1291 81 3 1
141	1675	0.0	3	1559 111 4 1
142	957	0.0	3	891 62 4
143	994	0.0	3	883 101 4 6
144	974	0.0	3	831 138 5
145	1088	0.0	3	953 128 7
146	1395	0.0	3	1136 249 9 1
147	1461	0.0	3	1048 394 16 3
148	1624	0.0	3	298 1276 47 3
149	5053	0.0	3	189 4672 179 13
150	16496	0.0	3	580 15308 579 29
