This is cutadapt 2.9 with Python 3.5.2
Command line parameters: --nextseq-trim 10 --minimum-length 25 --cores 4 -a AGATCGGAAGAGCACACGTCTGAACTCCAGTCAC -A AGATCGGAAGAGCGTCGTGTAGGGAAAGAGTGTA -o Mcapitata_HTAC_TP4_1481_R1_TrimmingRound1.fastq.gz -p Mcapitata_HTAC_TP4_1481_R2_TrimmingRound1.fastq.gz Mcapitata_HTAC_TP4_1481_R1.fastq.gz Mcapitata_HTAC_TP4_1481_R2.fastq.gz
Processing reads on 4 cores in paired-end mode ...
Finished in 784.62 s (38 us/read; 1.59 M reads/minute).

=== Summary ===

Total read pairs processed:         20,842,551
  Read 1 with adapter:               5,765,181 (27.7%)
  Read 2 with adapter:               5,993,969 (28.8%)
Pairs written (passing filters):    20,773,490 (99.7%)

Total basepairs processed: 6,252,765,300 bp
  Read 1: 3,126,382,650 bp
  Read 2: 3,126,382,650 bp
Quality-trimmed:              12,880,671 bp (0.2%)
  Read 1:     5,574,783 bp
  Read 2:     7,305,888 bp
Total written (filtered):  5,896,851,529 bp (94.3%)
  Read 1: 2,949,461,584 bp
  Read 2: 2,947,389,945 bp

=== First read: Adapter 1 ===

Sequence: AGATCGGAAGAGCACACGTCTGAACTCCAGTCAC; Type: regular 3'; Length: 34; Trimmed: 5765181 times

No. of allowed errors:
0-9 bp: 0; 10-19 bp: 1; 20-29 bp: 2; 30-34 bp: 3

Bases preceding removed adapters:
  A: 18.2%
  C: 30.8%
  G: 33.8%
  T: 17.0%
  none/other: 0.2%

Overview of removed sequences
length	count	expect	max.err	error counts
3	426071	325664.9	0	426071
4	174256	81416.2	0	174256
5	317799	20354.1	0	317799
8	100770	318.0	0	100770
9	203496	79.5	0	203496
10	576	19.9	1	0 576
11	207255	5.0	1	203154 4101
12	510	1.2	1	0 510
13	103072	0.3	1	100655 2417
14	103948	0.1	1	101315 2633
15	103536	0.0	1	100848 2688
16	104360	0.0	1	101320 3040
17	205555	0.0	1	200465 5090
18	623	0.0	1	0 581 42
19	103838	0.0	1	100735 2987 116
20	106330	0.0	2	101992 3859 479
21	207912	0.0	2	201449 5557 906
22	1001	0.0	2	0 923 78
23	104194	0.0	2	100173 3383 638
24	103712	0.0	2	99559 3675 478
25	102608	0.0	2	98306 3738 564
26	102277	0.0	2	97655 4114 508
27	100408	0.0	2	95897 3884 627
28	101467	0.0	2	95745 5075 585 62
29	196506	0.0	2	188834 6514 961 197
30	1676	0.0	3	0 1239 133 304
31	98841	0.0	3	93438 4533 571 299
32	98333	0.0	3	92472 4888 678 295
33	96877	0.0	3	91084 4974 566 253
34	95045	0.0	3	89229 4942 594 280
35	93343	0.0	3	87752 4700 637 254
36	91573	0.0	3	85146 5566 586 275
37	174437	0.0	3	166170 6765 1030 472
38	2799	0.0	3	228 2407 111 53
39	166858	0.0	3	159197 6263 940 458
40	1823	0.0	3	236 1417 129 41
41	81658	0.0	3	77054 3809 538 257
42	80306	0.0	3	75504 4088 502 212
43	77584	0.0	3	72933 3833 549 269
44	75586	0.0	3	70982 3806 544 254
45	73380	0.0	3	68820 3734 555 271
46	69265	0.0	3	64530 4050 460 225
47	127561	0.0	3	121251 4993 865 452
48	1520	0.0	3	368 978 103 71
49	60398	0.0	3	56784 2960 424 230
50	58585	0.0	3	54365 3497 447 276
51	106480	0.0	3	101176 4273 670 361
52	1333	0.0	3	308 867 117 41
53	50233	0.0	3	46738 2919 379 197
54	90767	0.0	3	86346 3548 583 290
55	1143	0.0	3	302 707 96 38
56	41910	0.0	3	39362 2108 292 148
57	39021	0.0	3	36511 2044 300 166
58	35967	0.0	3	33801 1803 235 128
59	33687	0.0	3	31604 1666 284 133
60	32045	0.0	3	29912 1817 194 122
61	55308	0.0	3	52822 1994 306 186
62	653	0.0	3	162 434 39 18
63	25451	0.0	3	24002 1205 168 76
64	23952	0.0	3	22363 1362 151 76
65	40754	0.0	3	38959 1477 220 98
66	538	0.0	3	160 335 33 10
67	18430	0.0	3	17434 840 95 61
68	16598	0.0	3	15642 806 101 49
69	15105	0.0	3	14257 737 89 22
70	14099	0.0	3	13347 639 82 31
71	12491	0.0	3	11782 602 74 33
72	14229	0.0	3	13457 655 80 37
73	10395	0.0	3	9808 489 68 30
74	10084	0.0	3	9492 506 59 27
75	9010	0.0	3	8517 419 50 24
76	8386	0.0	3	7922 403 46 15
77	7579	0.0	3	7173 335 52 19
78	6639	0.0	3	6306 288 30 15
79	5786	0.0	3	5467 268 30 21
80	5384	0.0	3	5064 268 39 13
81	4643	0.0	3	4370 228 37 8
82	4366	0.0	3	4104 222 30 10
83	4032	0.0	3	3805 196 24 7
84	3574	0.0	3	3390 157 18 9
85	3418	0.0	3	3217 172 22 7
86	3029	0.0	3	2866 137 16 10
87	2978	0.0	3	2828 133 12 5
88	2535	0.0	3	2403 108 13 11
89	2238	0.0	3	2098 117 16 7
90	2130	0.0	3	2001 101 21 7
91	1850	0.0	3	1729 98 16 7
92	1747	0.0	3	1658 80 7 2
93	1468	0.0	3	1385 69 11 3
94	1437	0.0	3	1341 86 5 5
95	1350	0.0	3	1264 70 11 5
96	1125	0.0	3	1061 51 8 5
97	1063	0.0	3	1007 44 10 2
98	995	0.0	3	943 41 4 7
99	906	0.0	3	853 43 7 3
100	866	0.0	3	816 39 4 7
101	809	0.0	3	770 32 4 3
102	711	0.0	3	658 39 11 3
103	552	0.0	3	499 43 7 3
104	505	0.0	3	473 26 2 4
105	522	0.0	3	499 16 5 2
106	493	0.0	3	461 27 3 2
107	462	0.0	3	425 31 6
108	395	0.0	3	369 23 2 1
109	401	0.0	3	378 21 2
110	323	0.0	3	300 16 5 2
111	323	0.0	3	302 15 3 3
112	275	0.0	3	255 13 6 1
113	272	0.0	3	253 16 1 2
114	242	0.0	3	221 19 2
115	218	0.0	3	209 6 3
116	207	0.0	3	191 12 3 1
117	190	0.0	3	174 13 2 1
118	186	0.0	3	169 14 1 2
119	205	0.0	3	191 10 3 1
120	202	0.0	3	185 16 1
121	195	0.0	3	179 13 3
122	201	0.0	3	191 8 2
123	211	0.0	3	192 16 1 2
124	207	0.0	3	195 10 1 1
125	206	0.0	3	189 11 4 2
126	215	0.0	3	202 10 1 2
127	230	0.0	3	209 17 4
128	276	0.0	3	254 20 2
129	302	0.0	3	274 23 2 3
130	322	0.0	3	287 29 4 2
131	367	0.0	3	346 20 1
132	428	0.0	3	396 27 4 1
133	505	0.0	3	461 39 3 2
134	544	0.0	3	498 41 2 3
135	704	0.0	3	657 41 4 2
136	692	0.0	3	630 56 5 1
137	690	0.0	3	627 59 4
138	669	0.0	3	607 57 5
139	759	0.0	3	672 82 2 3
140	924	0.0	3	823 93 6 2
141	1002	0.0	3	885 106 9 2
142	720	0.0	3	591 117 11 1
143	871	0.0	3	669 185 15 2
144	989	0.0	3	715 251 18 5
145	1213	0.0	3	917 273 20 3
146	1685	0.0	3	1097 544 40 4
147	2489	0.0	3	1019 1385 77 8
148	4407	0.0	3	314 3804 264 25
149	13497	0.0	3	256 12294 867 80
150	33433	0.0	3	605 30209 2430 189


=== Second read: Adapter 2 ===

Sequence: AGATCGGAAGAGCGTCGTGTAGGGAAAGAGTGTA; Type: regular 3'; Length: 34; Trimmed: 5993969 times

No. of allowed errors:
0-9 bp: 0; 10-19 bp: 1; 20-29 bp: 2; 30-34 bp: 3

Bases preceding removed adapters:
  A: 18.6%
  C: 30.4%
  G: 41.4%
  T: 9.5%
  none/other: 0.1%

Overview of removed sequences
length	count	expect	max.err	error counts
3	590796	325664.9	0	590796
4	213790	81416.2	0	213790
5	321906	20354.1	0	321906
8	100875	318.0	0	100875
9	203050	79.5	0	203050
10	1100	19.9	1	0 1100
11	208287	5.0	1	203104 5183
12	1110	1.2	1	0 1110
13	208084	0.3	1	202811 5273
14	851	0.1	1	0 851
15	104012	0.0	1	100674 3338
16	208278	0.0	1	202111 6167
17	1119	0.0	1	0 1119
18	205995	0.0	1	200110 5672 213
19	1092	0.0	1	0 871 221
20	107779	0.0	2	102075 5009 695
21	415643	0.0	2	400811 12755 2077
22	1784	0.0	2	0 1578 206
23	739	0.0	2	0 254 485
24	869	0.0	2	0 654 215
25	103113	0.0	2	98362 3947 804
26	103698	0.0	2	98153 4904 641
27	200644	0.0	2	191721 7261 1662
28	2202	0.0	2	0 1912 203 87
29	198203	0.0	2	189588 7029 1526 60
30	2275	0.0	3	0 2007 168 100
31	196156	0.0	3	186782 6935 1689 750
32	1723	0.0	3	0 1325 252 146
33	97246	0.0	3	91760 4335 832 319
34	95643	0.0	3	89773 4676 861 333
35	93954	0.0	3	88334 4418 881 321
36	91192	0.0	3	85817 4239 833 303
37	89679	0.0	3	84620 3996 760 303
38	88153	0.0	3	83151 3971 736 295
39	86136	0.0	3	81115 3886 836 299
40	85062	0.0	3	80090 4048 616 308
41	160859	0.0	3	154021 5280 1074 484
42	2067	0.0	3	202 1697 120 48
43	151268	0.0	3	145467 4385 947 469
44	1501	0.0	3	207 1058 202 34
45	72564	0.0	3	68765 3082 474 243
46	134203	0.0	3	129196 3793 814 400
47	1251	0.0	3	197 902 114 38
48	63003	0.0	3	60147 2160 487 209
49	60520	0.0	3	57779 2163 383 195
50	57675	0.0	3	54934 2135 435 171
51	55913	0.0	3	52657 2772 305 179
52	147966	0.0	3	142621 4224 717 404
53	995	0.0	3	288 526 159 22
54	1255	0.0	3	139 1033 53 30
55	123162	0.0	3	118878 3322 623 339
56	752	0.0	3	269 401 58 24
57	490	0.0	3	84 302 89 15
58	35861	0.0	3	34069 1470 204 118
59	64189	0.0	3	61669 1939 367 214
60	658	0.0	3	112 447 72 27
61	29034	0.0	3	27547 1208 180 99
62	51989	0.0	3	50058 1444 314 173
63	507	0.0	3	93 344 33 37
64	23339	0.0	3	22370 735 147 87
65	21709	0.0	3	20714 784 133 78
66	19699	0.0	3	18796 685 146 72
67	18493	0.0	3	17587 692 135 79
68	16587	0.0	3	15764 647 107 69
69	15118	0.0	3	14381 594 81 62
70	14082	0.0	3	13386 534 106 56
71	12431	0.0	3	11794 463 106 68
72	11821	0.0	3	11257 419 88 57
73	10528	0.0	3	9953 435 91 49
74	9958	0.0	3	9379 453 71 55
75	9154	0.0	3	8693 349 58 54
76	9499	0.0	3	8973 407 73 46
77	7772	0.0	3	7334 325 68 45
78	6815	0.0	3	6424 319 47 25
79	6106	0.0	3	5761 265 41 39
80	5732	0.0	3	5437 239 41 15
81	5037	0.0	3	4747 210 43 37
82	4451	0.0	3	4202 184 44 21
83	4104	0.0	3	3833 191 42 38
84	3729	0.0	3	3504 163 40 22
85	3464	0.0	3	3249 153 39 23
86	3167	0.0	3	2987 128 30 22
87	2983	0.0	3	2816 122 27 18
88	2689	0.0	3	2545 97 27 20
89	2421	0.0	3	2265 110 31 15
90	2271	0.0	3	2134 85 33 19
91	1957	0.0	3	1840 74 27 16
92	1805	0.0	3	1678 81 26 20
93	1602	0.0	3	1483 69 31 19
94	1509	0.0	3	1426 54 11 18
95	1422	0.0	3	1310 74 22 16
96	1239	0.0	3	1143 60 23 13
97	1097	0.0	3	1019 49 17 12
98	1140	0.0	3	1047 54 21 18
99	969	0.0	3	876 57 17 19
100	931	0.0	3	847 45 20 19
101	894	0.0	3	822 38 14 20
102	725	0.0	3	651 47 15 12
103	684	0.0	3	599 53 24 8
104	629	0.0	3	560 36 21 12
105	558	0.0	3	507 34 7 10
106	552	0.0	3	506 25 11 10
107	560	0.0	3	497 39 13 11
108	460	0.0	3	407 31 7 15
109	491	0.0	3	419 40 15 17
110	408	0.0	3	348 35 12 13
111	389	0.0	3	338 24 17 10
112	361	0.0	3	299 32 11 19
113	327	0.0	3	281 26 12 8
114	306	0.0	3	253 24 14 15
115	275	0.0	3	228 28 13 6
116	298	0.0	3	255 20 14 9
117	255	0.0	3	208 25 12 10
118	244	0.0	3	212 15 9 8
119	273	0.0	3	231 24 10 8
120	259	0.0	3	231 16 9 3
121	219	0.0	3	185 22 6 6
122	246	0.0	3	207 18 12 9
123	240	0.0	3	207 20 8 5
124	249	0.0	3	217 20 4 8
125	270	0.0	3	232 28 4 6
126	273	0.0	3	238 17 11 7
127	278	0.0	3	243 20 7 8
128	268	0.0	3	241 19 6 2
129	308	0.0	3	265 33 3 7
130	356	0.0	3	330 16 3 7
131	396	0.0	3	357 28 6 5
132	407	0.0	3	364 31 7 5
133	546	0.0	3	488 45 8 5
134	531	0.0	3	489 36 4 2
135	715	0.0	3	667 39 6 3
136	741	0.0	3	679 47 12 3
137	690	0.0	3	625 55 5 5
138	698	0.0	3	626 59 8 5
139	692	0.0	3	632 53 5 2
140	892	0.0	3	793 83 13 3
141	1034	0.0	3	943 82 5 4
142	679	0.0	3	573 97 5 4
143	848	0.0	3	703 132 6 7
144	932	0.0	3	695 207 25 5
145	1110	0.0	3	884 211 9 6
146	1547	0.0	3	1177 334 30 6
147	1871	0.0	3	1142 674 48 7
148	2470	0.0	3	307 1997 144 22
149	10579	0.0	3	210 9722 579 68
150	38186	0.0	3	711 35031 2243 201
