This is cutadapt 2.9 with Python 3.5.2
Command line parameters: --nextseq-trim 10 --minimum-length 25 --cores 4 -a AGATCGGAAGAGCACACGTCTGAACTCCAGTCAC -A AGATCGGAAGAGCGTCGTGTAGGGAAAGAGTGTA -o Mcapitata_ATAC_TP7_1058_R1_TrimmingRound1.fastq.gz -p Mcapitata_ATAC_TP7_1058_R2_TrimmingRound1.fastq.gz Mcapitata_ATAC_TP7_1058_R1.fastq.gz Mcapitata_ATAC_TP7_1058_R2.fastq.gz
Processing reads on 4 cores in paired-end mode ...
Finished in 601.43 s (40 us/read; 1.50 M reads/minute).

=== Summary ===

Total read pairs processed:         15,021,346
  Read 1 with adapter:               5,732,156 (38.2%)
  Read 2 with adapter:               5,638,754 (37.5%)
Pairs written (passing filters):    14,975,031 (99.7%)

Total basepairs processed: 4,506,403,800 bp
  Read 1: 2,253,201,900 bp
  Read 2: 2,253,201,900 bp
Quality-trimmed:              10,260,797 bp (0.2%)
  Read 1:     3,862,661 bp
  Read 2:     6,398,136 bp
Total written (filtered):  4,153,641,721 bp (92.2%)
  Read 1: 2,074,089,616 bp
  Read 2: 2,079,552,105 bp

=== First read: Adapter 1 ===

Sequence: AGATCGGAAGAGCACACGTCTGAACTCCAGTCAC; Type: regular 3'; Length: 34; Trimmed: 5732156 times

No. of allowed errors:
0-9 bp: 0; 10-19 bp: 1; 20-29 bp: 2; 30-34 bp: 3

Bases preceding removed adapters:
  A: 14.4%
  C: 30.4%
  G: 33.9%
  T: 21.2%
  none/other: 0.1%

Overview of removed sequences
length	count	expect	max.err	error counts
3	311879	234708.5	0	311879
4	140158	58677.1	0	140158
5	288591	14669.3	0	288591
8	93182	229.2	0	93182
9	186361	57.3	0	186361
10	426	14.3	1	0 426
11	212988	3.6	1	188138 24850
12	373	0.9	1	0 373
13	106528	0.2	1	93525 13003
14	108065	0.1	1	94909 13156
15	105879	0.0	1	92634 13245
16	105656	0.0	1	92320 13336
17	209879	0.0	1	183627 26252
18	735	0.0	1	0 666 69
19	103722	0.0	1	90515 12955 252
20	107180	0.0	2	91742 14231 1207
21	211505	0.0	2	182556 26663 2286
22	1086	0.0	2	0 863 223
23	106540	0.0	2	91448 13607 1485
24	105551	0.0	2	89840 14310 1401
25	105694	0.0	2	89780 14342 1572
26	104269	0.0	2	88579 14204 1486
27	102651	0.0	2	86810 14215 1626
28	101253	0.0	2	85154 14555 1498 46
29	198262	0.0	2	169180 26210 2680 192
30	1772	0.0	3	0 1195 328 249
31	98691	0.0	3	83150 13531 1551 459
32	99507	0.0	3	83160 14069 1723 555
33	97816	0.0	3	81622 14011 1679 504
34	97789	0.0	3	81330 14290 1643 526
35	95939	0.0	3	80151 13586 1687 515
36	94529	0.0	3	78999 13489 1514 527
37	92918	0.0	3	77534 13297 1605 482
38	90971	0.0	3	75452 13462 1550 507
39	171410	0.0	3	145139 23127 2372 772
40	1691	0.0	3	144 1162 283 102
41	84302	0.0	3	71440 11171 1277 414
42	82877	0.0	3	69423 11725 1320 409
43	82252	0.0	3	68866 11648 1340 398
44	78944	0.0	3	66457 11010 1110 367
45	79691	0.0	3	66635 11338 1339 379
46	73781	0.0	3	61941 10475 1021 344
47	139312	0.0	3	118739 18265 1721 587
48	1554	0.0	3	278 976 210 90
49	65963	0.0	3	55846 8912 937 268
50	63977	0.0	3	53616 9104 941 316
51	116431	0.0	3	99433 15234 1367 397
52	1362	0.0	3	252 769 290 51
53	56667	0.0	3	47862 7779 762 264
54	104242	0.0	3	88964 13626 1252 400
55	1199	0.0	3	241 757 156 45
56	48771	0.0	3	41311 6656 611 193
57	45097	0.0	3	38147 6213 551 186
58	42565	0.0	3	35951 5925 526 163
59	39834	0.0	3	33712 5404 549 169
60	36483	0.0	3	30421 5403 494 165
61	64908	0.0	3	55436 8560 708 204
62	703	0.0	3	157 422 91 33
63	29370	0.0	3	24799 4048 411 112
64	28024	0.0	3	23414 4123 389 98
65	48586	0.0	3	41270 6594 575 147
66	495	0.0	3	107 280 78 30
67	21449	0.0	3	18197 2900 271 81
68	19853	0.0	3	16698 2842 232 81
69	17211	0.0	3	14424 2509 225 53
70	15643	0.0	3	13232 2173 192 46
71	14057	0.0	3	11829 1995 185 48
72	15702	0.0	3	13226 2237 197 42
73	11295	0.0	3	9481 1596 177 41
74	10669	0.0	3	9075 1424 126 44
75	9218	0.0	3	7833 1253 96 36
76	8547	0.0	3	7240 1163 113 31
77	7712	0.0	3	6508 1091 86 27
78	6649	0.0	3	5608 931 86 24
79	5779	0.0	3	4775 909 75 20
80	5460	0.0	3	4622 771 55 12
81	4130	0.0	3	3482 594 43 11
82	3956	0.0	3	3365 523 55 13
83	3608	0.0	3	3014 537 51 6
84	3145	0.0	3	2624 475 35 11
85	2795	0.0	3	2385 371 26 13
86	2514	0.0	3	2121 350 37 6
87	2275	0.0	3	1881 359 31 4
88	2142	0.0	3	1806 296 36 4
89	1721	0.0	3	1459 235 17 10
90	1600	0.0	3	1376 201 17 6
91	1460	0.0	3	1256 192 11 1
92	1234	0.0	3	1042 182 6 4
93	894	0.0	3	755 121 13 5
94	880	0.0	3	744 121 11 4
95	769	0.0	3	649 109 8 3
96	591	0.0	3	504 81 5 1
97	614	0.0	3	516 82 12 4
98	537	0.0	3	466 64 7
99	505	0.0	3	432 65 3 5
100	473	0.0	3	397 66 8 2
101	410	0.0	3	354 48 7 1
102	322	0.0	3	274 46 2
103	231	0.0	3	191 36 2 2
104	184	0.0	3	149 29 3 3
105	136	0.0	3	116 18 1 1
106	170	0.0	3	151 14 5
107	120	0.0	3	102 17 0 1
108	121	0.0	3	96 24 1
109	110	0.0	3	91 18 1
110	85	0.0	3	73 11 1
111	63	0.0	3	50 9 3 1
112	59	0.0	3	48 11
113	37	0.0	3	30 4 1 2
114	37	0.0	3	32 3 1 1
115	30	0.0	3	23 4 2 1
116	31	0.0	3	21 8 1 1
117	21	0.0	3	12 6 3
118	21	0.0	3	15 5 1
119	28	0.0	3	17 7 3 1
120	15	0.0	3	11 2 2
121	12	0.0	3	6 1 5
122	15	0.0	3	10 1 3 1
123	13	0.0	3	11 1 1
124	11	0.0	3	7 0 2 2
125	16	0.0	3	10 3 3
126	10	0.0	3	6 0 4
127	10	0.0	3	7 0 2 1
128	13	0.0	3	6 1 6
129	21	0.0	3	9 3 9
130	20	0.0	3	8 2 10
131	16	0.0	3	8 2 6
132	21	0.0	3	14 0 7
133	15	0.0	3	3 1 9 2
134	29	0.0	3	10 0 18 1
135	21	0.0	3	9 0 12
136	23	0.0	3	6 1 15 1
137	25	0.0	3	6 0 18 1
138	31	0.0	3	6 3 22
139	58	0.0	3	8 7 40 3
140	67	0.0	3	14 1 51 1
141	68	0.0	3	6 4 56 2
142	85	0.0	3	8 4 68 5
143	158	0.0	3	5 7 140 6
144	200	0.0	3	12 11 167 10
145	221	0.0	3	17 14 186 4
146	443	0.0	3	15 19 389 20
147	1230	0.0	3	9 38 1142 41
148	3644	0.0	3	6 127 3390 121
149	11154	0.0	3	5 375 10369 405
150	28352	0.0	3	10 945 26304 1093


=== Second read: Adapter 2 ===

Sequence: AGATCGGAAGAGCGTCGTGTAGGGAAAGAGTGTA; Type: regular 3'; Length: 34; Trimmed: 5638754 times

No. of allowed errors:
0-9 bp: 0; 10-19 bp: 1; 20-29 bp: 2; 30-34 bp: 3

Bases preceding removed adapters:
  A: 13.4%
  C: 28.4%
  G: 47.5%
  T: 10.7%
  none/other: 0.0%

Overview of removed sequences
length	count	expect	max.err	error counts
3	435417	234708.5	0	435417
4	157493	58677.1	0	157493
5	267769	14669.3	0	267769
8	84345	229.2	0	84345
9	168593	57.3	0	168593
10	1015	14.3	1	0 1015
11	205140	3.6	1	169197 35943
12	670	0.9	1	0 670
13	208721	0.2	1	171141 37580
14	481	0.1	1	0 481
15	99827	0.0	1	81703 18124
16	204815	0.0	1	166300 38515
17	664	0.0	1	0 664
18	192456	0.0	1	156715 35137 604
19	964	0.0	1	0 593 371
20	103533	0.0	2	80172 19666 3695
21	402806	0.0	2	315828 74655 12323
22	1939	0.0	2	0 1204 735
23	1010	0.0	2	0 361 649
24	803	0.0	2	0 504 299
25	100186	0.0	2	77412 19127 3647
26	100630	0.0	2	77143 19551 3936
27	192703	0.0	2	148438 36586 7679
28	1783	0.0	2	0 1188 476 119
29	193053	0.0	2	148027 37336 7600 90
30	2004	0.0	3	0 1266 511 227
31	184734	0.0	3	141152 33268 6455 3859
32	1549	0.0	3	0 861 448 240
33	94870	0.0	3	69439 19236 4214 1981
34	272038	0.0	3	203347 52531 11047 5113
35	1822	0.0	3	299 848 444 231
36	1068	0.0	3	104 506 284 174
37	89068	0.0	3	65827 17284 3907 2050
38	88202	0.0	3	63682 18467 4012 2041
39	322999	0.0	3	241274 62160 12946 6619
40	2108	0.0	3	402 960 439 307
41	1167	0.0	3	334 288 300 245
42	1707	0.0	3	345 890 290 182
43	151732	0.0	3	114198 29005 5645 2884
44	1527	0.0	3	286 750 365 126
45	74080	0.0	3	54940 14604 3027 1509
46	140035	0.0	3	105044 26819 5444 2728
47	1416	0.0	3	236 752 284 144
48	66295	0.0	3	49274 13035 2571 1415
49	63721	0.0	3	47427 12512 2547 1235
50	61181	0.0	3	45499 11817 2503 1362
51	59020	0.0	3	43438 11918 2474 1190
52	161179	0.0	3	121641 30589 5904 3045
53	1272	0.0	3	263 518 325 166
54	1686	0.0	3	358 923 277 128
55	137183	0.0	3	104200 26070 4636 2277
56	1043	0.0	3	230 464 212 137
57	751	0.0	3	186 298 185 82
58	41002	0.0	3	30675 8088 1501 738
59	71870	0.0	3	54785 13339 2473 1273
60	776	0.0	3	128 405 168 75
61	33354	0.0	3	24874 6615 1242 623
62	58793	0.0	3	44722 11097 1953 1021
63	574	0.0	3	118 295 102 59
64	26088	0.0	3	19878 4946 834 430
65	24996	0.0	3	18794 4817 926 459
66	22524	0.0	3	17054 4323 759 388
67	20916	0.0	3	15781 4040 721 374
68	19295	0.0	3	14542 3743 666 344
69	16649	0.0	3	12581 3237 559 272
70	15065	0.0	3	11364 2949 490 262
71	13585	0.0	3	10255 2608 443 279
72	12363	0.0	3	9376 2344 432 211
73	11215	0.0	3	8510 2130 406 169
74	10482	0.0	3	7925 1989 379 189
75	9102	0.0	3	6920 1737 310 135
76	10592	0.0	3	8014 2046 359 173
77	7841	0.0	3	5995 1438 297 111
78	6395	0.0	3	4930 1150 208 107
79	5681	0.0	3	4330 1071 181 99
80	5491	0.0	3	4229 1013 162 87
81	4024	0.0	3	3082 725 149 68
82	3879	0.0	3	2919 763 122 75
83	3385	0.0	3	2579 654 102 50
84	3043	0.0	3	2294 592 103 54
85	2808	0.0	3	2140 517 92 59
86	2564	0.0	3	1945 518 75 26
87	2192	0.0	3	1684 408 66 34
88	1971	0.0	3	1511 390 50 20
89	1834	0.0	3	1412 341 48 33
90	1540	0.0	3	1195 265 50 30
91	1215	0.0	3	943 213 38 21
92	1137	0.0	3	877 202 43 15
93	917	0.0	3	717 156 21 23
94	805	0.0	3	640 128 23 14
95	704	0.0	3	531 141 19 13
96	657	0.0	3	491 132 23 11
97	544	0.0	3	431 90 16 7
98	511	0.0	3	394 94 11 12
99	463	0.0	3	358 84 8 13
100	448	0.0	3	348 74 18 8
101	382	0.0	3	297 69 11 5
102	315	0.0	3	226 72 10 7
103	255	0.0	3	187 47 12 9
104	191	0.0	3	145 35 8 3
105	161	0.0	3	111 36 5 9
106	165	0.0	3	127 19 8 11
107	156	0.0	3	116 22 9 9
108	138	0.0	3	108 18 9 3
109	124	0.0	3	79 28 13 4
110	92	0.0	3	70 18 3 1
111	76	0.0	3	47 19 9 1
112	74	0.0	3	50 18 2 4
113	47	0.0	3	31 5 10 1
114	47	0.0	3	30 6 8 3
115	29	0.0	3	21 2 5 1
116	39	0.0	3	24 12 3
117	29	0.0	3	18 6 4 1
118	31	0.0	3	17 6 4 4
119	28	0.0	3	12 4 9 3
120	18	0.0	3	12 3 3
121	24	0.0	3	11 6 2 5
122	19	0.0	3	9 2 6 2
123	21	0.0	3	9 4 8
124	21	0.0	3	11 3 6 1
125	26	0.0	3	13 3 9 1
126	15	0.0	3	4 4 6 1
127	18	0.0	3	2 4 9 3
128	21	0.0	3	9 1 8 3
129	27	0.0	3	8 4 11 4
130	27	0.0	3	8 4 14 1
131	16	0.0	3	9 0 3 4
132	29	0.0	3	8 2 17 2
133	35	0.0	3	12 1 20 2
134	22	0.0	3	5 3 8 6
135	27	0.0	3	7 1 14 5
136	29	0.0	3	5 0 20 4
137	34	0.0	3	4 3 21 6
138	56	0.0	3	6 4 40 6
139	70	0.0	3	7 7 53 3
140	71	0.0	3	9 7 46 9
141	96	0.0	3	5 4 78 9
142	124	0.0	3	3 8 101 12
143	206	0.0	3	4 12 164 26
144	280	0.0	3	9 12 233 26
145	319	0.0	3	6 16 265 32
146	510	0.0	3	10 20 434 46
147	1096	0.0	3	8 46 956 86
148	2868	0.0	3	5 86 2530 247
149	10286	0.0	3	6 335 9191 754
150	28401	0.0	3	7 970 25537 1887
