This is cutadapt 2.9 with Python 3.5.2
Command line parameters: --nextseq-trim 10 --minimum-length 25 --cores 4 -a AGATCGGAAGAGCACACGTCTGAACTCCAGTCAC -A AGATCGGAAGAGCGTCGTGTAGGGAAAGAGTGTA -o Mcapitata_HTHC_TP4_1328_R1_TrimmingRound1.fastq.gz -p Mcapitata_HTHC_TP4_1328_R2_TrimmingRound1.fastq.gz Mcapitata_HTHC_TP4_1328_R1.fastq.gz Mcapitata_HTHC_TP4_1328_R2.fastq.gz
Processing reads on 4 cores in paired-end mode ...
Finished in 679.83 s (36 us/read; 1.64 M reads/minute).

=== Summary ===

Total read pairs processed:         18,631,538
  Read 1 with adapter:               6,748,531 (36.2%)
  Read 2 with adapter:               6,896,904 (37.0%)
Pairs written (passing filters):    18,561,157 (99.6%)

Total basepairs processed: 5,589,461,400 bp
  Read 1: 2,794,730,700 bp
  Read 2: 2,794,730,700 bp
Quality-trimmed:              11,437,510 bp (0.2%)
  Read 1:     4,916,993 bp
  Read 2:     6,520,517 bp
Total written (filtered):  5,035,145,226 bp (90.1%)
  Read 1: 2,517,910,808 bp
  Read 2: 2,517,234,418 bp

=== First read: Adapter 1 ===

Sequence: AGATCGGAAGAGCACACGTCTGAACTCCAGTCAC; Type: regular 3'; Length: 34; Trimmed: 6748531 times

No. of allowed errors:
0-9 bp: 0; 10-19 bp: 1; 20-29 bp: 2; 30-34 bp: 3

Bases preceding removed adapters:
  A: 17.7%
  C: 28.6%
  G: 37.1%
  T: 16.3%
  none/other: 0.2%

Overview of removed sequences
length	count	expect	max.err	error counts
3	339304	291117.8	0	339304
4	138361	72779.4	0	138361
5	252607	18194.9	0	252607
8	79737	284.3	0	79737
9	159746	71.1	0	159746
10	547	17.8	1	0 547
11	163862	4.4	1	161037 2825
12	445	1.1	1	0 445
13	83985	0.3	1	82090 1895
14	83738	0.1	1	81644 2094
15	83396	0.0	1	81212 2184
16	83768	0.0	1	81254 2514
17	166244	0.0	1	162172 4072
18	629	0.0	1	0 573 56
19	84070	0.0	1	81443 2531 96
20	84344	0.0	2	81094 3031 219
21	168317	0.0	2	162968 4883 466
22	776	0.0	2	0 711 65
23	85278	0.0	2	82281 2673 324
24	85681	0.0	2	82075 3310 296
25	85863	0.0	2	82232 3308 323
26	85887	0.0	2	82301 3287 299
27	85083	0.0	2	81404 3271 408
28	86090	0.0	2	81394 4276 346 74
29	169977	0.0	2	163335 5885 635 122
30	1315	0.0	3	0 952 128 235
31	86529	0.0	3	82105 3869 450 105
32	86880	0.0	3	82059 4269 429 123
33	86556	0.0	3	81835 4200 433 88
34	88309	0.0	3	82634 5147 413 115
35	171826	0.0	3	163833 7164 671 158
36	1433	0.0	3	87 1201 108 37
37	86866	0.0	3	82186 4167 409 104
38	86183	0.0	3	81348 4377 379 79
39	86254	0.0	3	81288 4485 376 105
40	86188	0.0	3	81297 4448 354 89
41	86787	0.0	3	81791 4513 387 96
42	86532	0.0	3	81785 4324 329 94
43	86965	0.0	3	82022 4448 397 98
44	86902	0.0	3	82082 4340 375 105
45	87959	0.0	3	83122 4374 390 73
46	86891	0.0	3	81534 4970 278 109
47	169508	0.0	3	161885 6960 522 141
48	1535	0.0	3	238 1138 112 47
49	84460	0.0	3	80096 3944 331 89
50	84580	0.0	3	79501 4733 272 74
51	164056	0.0	3	156899 6558 470 129
52	1616	0.0	3	278 1173 155 10
53	83612	0.0	3	78791 4499 248 74
54	163800	0.0	3	156512 6717 460 111
55	1525	0.0	3	252 1143 106 24
56	81587	0.0	3	77301 3964 253 69
57	80428	0.0	3	75961 4113 280 74
58	79439	0.0	3	75077 4014 264 84
59	78243	0.0	3	73901 3955 337 50
60	77899	0.0	3	73004 4583 246 66
61	149566	0.0	3	142606 6457 405 98
62	1391	0.0	3	258 1003 88 42
63	74350	0.0	3	70436 3579 290 45
64	74337	0.0	3	69647 4382 231 77
65	140227	0.0	3	133920 5815 393 99
66	1311	0.0	3	238 973 82 18
67	68883	0.0	3	65311 3236 293 43
68	66495	0.0	3	62865 3322 257 51
69	64138	0.0	3	60750 3089 237 62
70	61865	0.0	3	58535 3041 234 55
71	59791	0.0	3	56411 3105 227 48
72	70567	0.0	3	66948 3316 242 61
73	55554	0.0	3	52578 2717 213 46
74	54667	0.0	3	51889 2546 186 46
75	50869	0.0	3	48163 2468 196 42
76	49279	0.0	3	46797 2293 150 39
77	44439	0.0	3	42134 2130 151 24
78	40762	0.0	3	38636 1976 120 30
79	37800	0.0	3	35790 1856 121 33
80	34554	0.0	3	32798 1638 92 26
81	31866	0.0	3	30253 1475 108 30
82	28880	0.0	3	27334 1431 93 22
83	26530	0.0	3	25204 1238 69 19
84	22885	0.0	3	21710 1097 63 15
85	20801	0.0	3	19725 1001 64 11
86	19080	0.0	3	18137 870 57 16
87	17017	0.0	3	16116 824 64 13
88	15754	0.0	3	14943 755 43 13
89	13357	0.0	3	12650 662 34 11
90	12015	0.0	3	11433 547 28 7
91	10346	0.0	3	9819 486 35 6
92	8939	0.0	3	8483 425 23 8
93	7203	0.0	3	6856 322 19 6
94	6089	0.0	3	5775 292 17 5
95	5426	0.0	3	5159 245 18 4
96	4234	0.0	3	4027 191 12 4
97	3875	0.0	3	3674 192 5 4
98	3526	0.0	3	3357 152 15 2
99	3082	0.0	3	2929 142 8 3
100	2592	0.0	3	2459 128 5
101	2231	0.0	3	2131 86 9 5
102	1833	0.0	3	1750 77 4 2
103	1359	0.0	3	1292 57 5 5
104	1094	0.0	3	1032 53 6 3
105	953	0.0	3	898 45 9 1
106	835	0.0	3	780 48 3 4
107	715	0.0	3	662 48 3 2
108	601	0.0	3	574 23 1 3
109	561	0.0	3	519 37 3 2
110	458	0.0	3	414 38 4 2
111	389	0.0	3	360 23 3 3
112	387	0.0	3	354 31 1 1
113	358	0.0	3	319 32 5 2
114	305	0.0	3	279 23 2 1
115	280	0.0	3	256 22 1 1
116	247	0.0	3	232 13 2
117	242	0.0	3	220 18 2 2
118	247	0.0	3	223 20 2 2
119	236	0.0	3	217 15 4
120	219	0.0	3	192 25 1 1
121	207	0.0	3	187 16 4
122	261	0.0	3	228 27 5 1
123	239	0.0	3	219 20
124	244	0.0	3	220 21 3
125	264	0.0	3	234 27 2 1
126	279	0.0	3	250 28 0 1
127	318	0.0	3	283 30 5
128	325	0.0	3	295 24 6
129	305	0.0	3	267 31 7
130	351	0.0	3	313 34 3 1
131	405	0.0	3	363 36 4 2
132	478	0.0	3	423 53 1 1
133	503	0.0	3	444 55 4
134	554	0.0	3	490 60 3 1
135	623	0.0	3	548 70 5
136	660	0.0	3	588 65 6 1
137	646	0.0	3	547 94 5
138	647	0.0	3	551 87 9
139	647	0.0	3	514 123 10
140	799	0.0	3	649 136 14
141	780	0.0	3	622 149 8 1
142	571	0.0	3	387 173 11
143	662	0.0	3	381 258 23
144	796	0.0	3	377 396 22 1
145	813	0.0	3	408 381 24
146	1275	0.0	3	529 689 54 3
147	2248	0.0	3	497 1626 117 8
148	4675	0.0	3	170 4188 297 20
149	14052	0.0	3	211 12888 899 54
150	35614	0.0	3	499 32701 2302 112


=== Second read: Adapter 2 ===

Sequence: AGATCGGAAGAGCGTCGTGTAGGGAAAGAGTGTA; Type: regular 3'; Length: 34; Trimmed: 6896904 times

No. of allowed errors:
0-9 bp: 0; 10-19 bp: 1; 20-29 bp: 2; 30-34 bp: 3

Bases preceding removed adapters:
  A: 17.1%
  C: 27.9%
  G: 45.1%
  T: 9.6%
  none/other: 0.3%

Overview of removed sequences
length	count	expect	max.err	error counts
3	463927	291117.8	0	463927
4	169897	72779.4	0	169897
5	256143	18194.9	0	256143
8	79821	284.3	0	79821
9	159967	71.1	0	159967
10	662	17.8	1	0 662
11	163844	4.4	1	161209 2635
12	588	1.1	1	0 588
13	167640	0.3	1	164470 3170
14	442	0.1	1	0 442
15	83118	0.0	1	81080 2038
16	167298	0.0	1	162993 4305
17	689	0.0	1	0 689
18	165087	0.0	1	160964 3975 148
19	684	0.0	1	0 496 188
20	84766	0.0	2	80715 3688 363
21	337198	0.0	2	325229 10581 1388
22	736	0.0	2	0 633 103
23	347	0.0	2	0 107 240
24	652	0.0	2	0 548 104
25	85462	0.0	2	81601 3379 482
26	86196	0.0	2	81677 4090 429
27	168964	0.0	2	161566 6291 1107
28	1469	0.0	2	0 1319 99 51
29	170798	0.0	2	162988 6737 1048 25
30	1486	0.0	3	0 1359 83 44
31	170786	0.0	3	162388 6738 1063 597
32	1025	0.0	3	0 845 100 80
33	86110	0.0	3	81014 3823 1054 219
34	86979	0.0	3	12 81761 4635 571
35	87485	0.0	3	17 81670 5206 592
36	171401	0.0	3	8 161997 8268 1128
37	1014	0.0	3	4 30 867 113
38	86186	0.0	3	12 80957 4605 612
39	86002	0.0	3	11 80499 4804 688
40	86289	0.0	3	8 80733 4958 590
41	171609	0.0	3	17 162579 7963 1050
42	1459	0.0	3	0 51 1321 87
43	171666	0.0	3	32 162606 7983 1045
44	1172	0.0	3	0 107 884 181
45	86813	0.0	3	37 81404 4850 522
46	171804	0.0	3	38 163049 7735 982
47	1107	0.0	3	0 120 867 120
48	84589	0.0	3	8 79867 4156 558
49	84495	0.0	3	8 79694 4246 547
50	83745	0.0	3	14 78800 4295 636
51	83347	0.0	3	12 77769 5037 529
52	246551	0.0	3	79 234435 10748 1289
53	867	0.0	3	0 205 468 194
54	1596	0.0	3	0 83 1436 77
55	242172	0.0	3	87 231429 9537 1119
56	759	0.0	3	0 211 463 85
57	685	0.0	3	1 67 487 130
58	79627	0.0	3	8 75273 3985 361
59	153617	0.0	3	25 147151 5793 648
60	1086	0.0	3	0 121 821 144
61	76693	0.0	3	10 72549 3781 353
62	148110	0.0	3	38 142056 5398 618
63	846	0.0	3	2 90 684 70
64	73078	0.0	3	22 69746 2982 328
65	71907	0.0	3	5 68429 3116 357
66	69945	0.0	3	5 66656 2959 325
67	69108	0.0	3	5 65850 2922 331
68	66445	0.0	3	25 63301 2833 286
69	64067	0.0	3	10 60960 2826 271
70	61767	0.0	3	4 58857 2637 269
71	59515	0.0	3	7 56651 2583 274
72	56721	0.0	3	2 54078 2422 219
73	55202	0.0	3	6 52723 2246 227
74	53015	0.0	3	14 50697 2064 240
75	50168	0.0	3	9 47849 2116 194
76	56336	0.0	3	5 53774 2318 239
77	45361	0.0	3	8 43407 1789 157
78	42043	0.0	3	3 40188 1682 170
79	39187	0.0	3	3 37494 1550 140
80	37476	0.0	3	9 35906 1430 131
81	31657	0.0	3	0 30319 1225 113
82	29755	0.0	3	0 28525 1119 111
83	25974	0.0	3	9 24830 1012 123
84	23306	0.0	3	2 22356 859 89
85	21945	0.0	3	8 21078 784 75
86	19151	0.0	3	4 18394 668 85
87	17426	0.0	3	2 16687 657 80
88	15357	0.0	3	3 14658 638 58
89	14221	0.0	3	4 13592 553 72
90	12141	0.0	3	0 11634 460 47
91	10520	0.0	3	1 10043 413 63
92	8926	0.0	3	1 8539 345 41
93	7376	0.0	3	5 7027 299 45
94	6125	0.0	3	1 5843 248 33
95	5312	0.0	3	2 5062 222 26
96	4441	0.0	3	0 4215 202 24
97	3907	0.0	3	0 3715 161 31
98	3589	0.0	3	0 3407 158 24
99	2924	0.0	3	1 2760 138 25
100	2708	0.0	3	0 2563 120 25
101	2253	0.0	3	0 2150 90 13
102	1776	0.0	3	0 1686 73 17
103	1492	0.0	3	0 1412 67 13
104	1121	0.0	3	0 1044 56 21
105	1015	0.0	3	0 939 56 20
106	883	0.0	3	0 822 54 7
107	793	0.0	3	0 742 37 14
108	651	0.0	3	0 598 38 15
109	620	0.0	3	0 564 38 18
110	557	0.0	3	0 512 35 10
111	433	0.0	3	0 394 30 9
112	380	0.0	3	0 342 27 11
113	425	0.0	3	0 381 33 11
114	342	0.0	3	0 302 31 9
115	325	0.0	3	0 281 36 8
116	305	0.0	3	0 259 34 12
117	266	0.0	3	0 236 23 7
118	288	0.0	3	0 251 31 6
119	269	0.0	3	0 239 24 6
120	238	0.0	3	0 206 27 5
121	246	0.0	3	0 212 22 12
122	256	0.0	3	0 224 27 5
123	244	0.0	3	0 215 21 8
124	282	0.0	3	0 251 24 7
125	293	0.0	3	0 248 39 6
126	278	0.0	3	0 251 22 5
127	323	0.0	3	0 285 35 3
128	329	0.0	3	0 295 28 6
129	321	0.0	3	0 272 44 5
130	364	0.0	3	0 312 45 7
131	426	0.0	3	0 386 37 3
132	434	0.0	3	0 384 45 5
133	497	0.0	3	0 433 57 7
134	545	0.0	3	0 480 61 4
135	623	0.0	3	0 563 57 3
136	657	0.0	3	0 583 69 5
137	634	0.0	3	1 571 59 3
138	658	0.0	3	0 579 77 2
139	605	0.0	3	0 507 89 9
140	734	0.0	3	0 609 117 8
141	810	0.0	3	1 668 130 11
142	506	0.0	3	0 364 136 6
143	600	0.0	3	0 401 189 10
144	656	0.0	3	0 371 273 12
145	684	0.0	3	0 389 279 16
146	1094	0.0	3	0 550 526 18
147	1607	0.0	3	0 545 1017 45
148	3133	0.0	3	0 174 2859 100
149	11830	0.0	3	0 199 11202 429
150	39128	0.0	3	0 559 37256 1313
