This is cutadapt 2.9 with Python 3.5.2
Command line parameters: --nextseq-trim 10 --minimum-length 25 --cores 4 -a AGATCGGAAGAGCACACGTCTGAACTCCAGTCAC -A AGATCGGAAGAGCGTCGTGTAGGGAAAGAGTGTA -o Mcapitata_HTHC_TP7_2419_R1_TrimmingRound1.fastq.gz -p Mcapitata_HTHC_TP7_2419_R2_TrimmingRound1.fastq.gz Mcapitata_HTHC_TP7_2419_R1.fastq.gz Mcapitata_HTHC_TP7_2419_R2.fastq.gz
Processing reads on 4 cores in paired-end mode ...
Finished in 879.84 s (38 us/read; 1.59 M reads/minute).

=== Summary ===

Total read pairs processed:         23,267,782
  Read 1 with adapter:               8,523,976 (36.6%)
  Read 2 with adapter:               8,691,524 (37.4%)
Pairs written (passing filters):    23,163,612 (99.6%)

Total basepairs processed: 6,980,334,600 bp
  Read 1: 3,490,167,300 bp
  Read 2: 3,490,167,300 bp
Quality-trimmed:              14,283,153 bp (0.2%)
  Read 1:     6,234,316 bp
  Read 2:     8,048,837 bp
Total written (filtered):  6,275,055,410 bp (89.9%)
  Read 1: 3,137,968,263 bp
  Read 2: 3,137,087,147 bp

=== First read: Adapter 1 ===

Sequence: AGATCGGAAGAGCACACGTCTGAACTCCAGTCAC; Type: regular 3'; Length: 34; Trimmed: 8523976 times

No. of allowed errors:
0-9 bp: 0; 10-19 bp: 1; 20-29 bp: 2; 30-34 bp: 3

Bases preceding removed adapters:
  A: 18.6%
  C: 27.2%
  G: 36.1%
  T: 17.8%
  none/other: 0.3%

Overview of removed sequences
length	count	expect	max.err	error counts
3	433831	363559.1	0	433831
4	172110	90889.8	0	172110
5	308886	22722.4	0	308886
8	98705	355.0	0	98705
9	197965	88.8	0	197965
10	571	22.2	1	0 571
11	202133	5.5	1	198861 3272
12	493	1.4	1	0 493
13	102411	0.3	1	100264 2147
14	103128	0.1	1	100721 2407
15	102745	0.0	1	100294 2451
16	104556	0.0	1	101695 2861
17	206078	0.0	1	201394 4684
18	607	0.0	1	0 542 65
19	104363	0.0	1	101396 2839 128
20	105085	0.0	2	101587 3234 264
21	212107	0.0	2	206072 5493 542
22	800	0.0	2	0 731 69
23	107606	0.0	2	103919 3316 371
24	107326	0.0	2	103426 3569 331
25	107808	0.0	2	103729 3712 367
26	107340	0.0	2	103154 3807 379
27	107657	0.0	2	103226 3892 539
28	108708	0.0	2	103455 4807 357 89
29	214713	0.0	2	206844 6936 763 170
30	1339	0.0	3	0 975 151 213
31	108009	0.0	3	102920 4536 452 101
32	108939	0.0	3	103615 4682 509 133
33	109891	0.0	3	104377 4998 423 93
34	110444	0.0	3	104458 5261 553 172
35	110120	0.0	3	104261 5099 646 114
36	111130	0.0	3	103572 6815 630 113
37	327144	0.0	3	312841 12516 1428 359
38	942	0.0	3	182 587 160 13
39	1957	0.0	3	112 1735 73 37
40	217282	0.0	3	207990 8194 915 183
41	1360	0.0	3	72 1156 106 26
42	110033	0.0	3	104451 4911 561 110
43	110955	0.0	3	105097 5184 563 111
44	111527	0.0	3	105787 5018 551 171
45	111957	0.0	3	106093 5178 557 129
46	108984	0.0	3	102490 5827 532 135
47	215652	0.0	3	206581 8015 842 214
48	1502	0.0	3	170 1162 101 69
49	107158	0.0	3	101848 4596 601 113
50	108390	0.0	3	102265 5596 419 110
51	209084	0.0	3	200586 7601 688 209
52	1549	0.0	3	209 1155 163 22
53	107218	0.0	3	101360 5355 407 96
54	210649	0.0	3	201797 7980 693 179
55	1503	0.0	3	158 1209 105 31
56	104581	0.0	3	99326 4770 386 99
57	103237	0.0	3	97966 4745 433 93
58	101699	0.0	3	96430 4775 393 101
59	100597	0.0	3	95446 4648 435 68
60	99371	0.0	3	93583 5323 381 84
61	192060	0.0	3	184031 7262 635 132
62	1376	0.0	3	196 1041 93 46
63	94408	0.0	3	89621 4264 457 66
64	95953	0.0	3	90367 5111 383 92
65	180090	0.0	3	172525 6751 690 124
66	1252	0.0	3	141 1000 84 27
67	88426	0.0	3	83994 3938 430 64
68	84354	0.0	3	80238 3567 474 75
69	81473	0.0	3	77540 3529 333 71
70	78427	0.0	3	74500 3516 353 58
71	75305	0.0	3	71529 3387 327 62
72	89853	0.0	3	85525 3835 429 64
73	69916	0.0	3	66593 2950 325 48
74	68197	0.0	3	64955 2920 260 62
75	64601	0.0	3	61460 2785 280 76
76	60791	0.0	3	57984 2566 180 61
77	58316	0.0	3	55415 2614 218 69
78	53059	0.0	3	50519 2321 176 43
79	47736	0.0	3	45473 2056 165 42
80	42007	0.0	3	39956 1901 113 37
81	40535	0.0	3	38587 1768 149 31
82	34237	0.0	3	32677 1411 119 30
83	31744	0.0	3	30242 1365 110 27
84	29200	0.0	3	27822 1263 100 15
85	26577	0.0	3	25374 1080 99 24
86	23623	0.0	3	22498 1018 90 17
87	20840	0.0	3	19873 886 71 10
88	19313	0.0	3	18411 801 87 14
89	15561	0.0	3	14837 659 50 15
90	14112	0.0	3	13423 628 57 4
91	12641	0.0	3	12085 496 47 13
92	10799	0.0	3	10335 411 45 8
93	8548	0.0	3	8160 354 30 4
94	7380	0.0	3	7022 321 31 6
95	6540	0.0	3	6253 260 22 5
96	5112	0.0	3	4903 187 19 3
97	4674	0.0	3	4458 187 23 6
98	4260	0.0	3	4084 148 24 4
99	3703	0.0	3	3532 159 10 2
100	3051	0.0	3	2920 120 7 4
101	2625	0.0	3	2500 116 9
102	2184	0.0	3	2088 83 7 6
103	1608	0.0	3	1529 67 9 3
104	1479	0.0	3	1415 54 9 1
105	1205	0.0	3	1141 57 5 2
106	1051	0.0	3	993 52 5 1
107	830	0.0	3	779 48 1 2
108	832	0.0	3	786 39 5 2
109	757	0.0	3	714 37 4 2
110	677	0.0	3	638 35 3 1
111	603	0.0	3	571 30 2
112	507	0.0	3	480 24 1 2
113	441	0.0	3	414 21 4 2
114	454	0.0	3	416 33 4 1
115	396	0.0	3	369 24 2 1
116	398	0.0	3	364 30 3 1
117	396	0.0	3	365 29 2
118	432	0.0	3	405 22 2 3
119	418	0.0	3	390 25 1 2
120	440	0.0	3	407 28 4 1
121	443	0.0	3	410 29 3 1
122	449	0.0	3	416 29 2 2
123	488	0.0	3	444 40 4
124	579	0.0	3	545 31 2 1
125	619	0.0	3	568 47 4
126	631	0.0	3	586 40 4 1
127	655	0.0	3	596 55 4
128	750	0.0	3	689 53 6 2
129	747	0.0	3	683 59 5
130	858	0.0	3	778 72 7 1
131	904	0.0	3	840 60 3 1
132	1017	0.0	3	912 99 5 1
133	1100	0.0	3	996 93 11
134	1207	0.0	3	1096 104 7
135	1421	0.0	3	1292 123 6
136	1553	0.0	3	1414 127 9 3
137	1424	0.0	3	1294 120 10
138	1397	0.0	3	1242 144 11
139	1451	0.0	3	1278 158 14 1
140	1566	0.0	3	1365 192 9
141	1768	0.0	3	1526 224 17 1
142	1144	0.0	3	851 277 14 2
143	1340	0.0	3	904 407 26 3
144	1401	0.0	3	875 494 29 3
145	1617	0.0	3	1029 545 37 6
146	2238	0.0	3	1223 950 62 3
147	3507	0.0	3	1161 2203 138 5
148	6360	0.0	3	357 5616 369 18
149	18854	0.0	3	368 17217 1200 69
150	46770	0.0	3	828 43019 2754 169


=== Second read: Adapter 2 ===

Sequence: AGATCGGAAGAGCGTCGTGTAGGGAAAGAGTGTA; Type: regular 3'; Length: 34; Trimmed: 8691524 times

No. of allowed errors:
0-9 bp: 0; 10-19 bp: 1; 20-29 bp: 2; 30-34 bp: 3

Bases preceding removed adapters:
  A: 18.0%
  C: 26.2%
  G: 44.5%
  T: 10.9%
  none/other: 0.4%

Overview of removed sequences
length	count	expect	max.err	error counts
3	583486	363559.1	0	583486
4	204370	90889.8	0	204370
5	310385	22722.4	0	310385
8	98401	355.0	0	98401
9	194156	88.8	0	194156
10	4438	22.2	1	0 4438
11	197264	5.5	1	194024 3240
12	5518	1.4	1	0 5518
13	199349	0.3	1	195769 3580
14	3823	0.1	1	0 3823
15	104474	0.0	1	96874 7600
16	200549	0.0	1	195379 5170
17	7960	0.0	1	0 7960
18	197120	0.0	1	192131 4454 535
19	6428	0.0	1	0 5115 1313
20	115781	0.0	2	96845 18156 780
21	405704	0.0	2	391163 12840 1701
22	3662	0.0	2	0 3461 201
23	630	0.0	2	0 136 494
24	4895	0.0	2	0 4371 524
25	106891	0.0	2	97828 7620 1443
26	111063	0.0	2	97593 12640 830
27	204982	0.0	2	195016 7904 2062
28	11154	0.0	2	0 10613 418 123
29	205322	0.0	2	195865 7511 1896 50
30	11426	0.0	3	0 10824 466 136
31	204044	0.0	3	194437 7286 1575 746
32	8170	0.0	3	0 6596 1435 139
33	117636	0.0	3	98476 17651 1205 304
34	310735	0.0	3	294062 14195 1846 632
35	4243	0.0	3	125 3444 587 87
36	5420	0.0	3	55 4582 649 134
37	108944	0.0	3	98270 9127 1223 324
38	109600	0.0	3	97981 10004 1278 337
39	110043	0.0	3	98248 9931 1596 268
40	114109	0.0	3	98366 14352 1013 378
41	209334	0.0	3	197103 9783 2035 413
42	12020	0.0	3	78 11303 519 120
43	209578	0.0	3	198693 8811 1617 457
44	8106	0.0	3	208 6723 1088 87
45	112942	0.0	3	98406 13344 924 268
46	208052	0.0	3	196658 9437 1558 399
47	7823	0.0	3	239 6811 676 97
48	106769	0.0	3	96662 8704 1182 221
49	107192	0.0	3	96318 9401 1148 325
50	108039	0.0	3	96210 9586 2004 239
51	114024	0.0	3	94952 17744 1077 251
52	301889	0.0	3	286631 13008 1667 583
53	5090	0.0	3	378 3307 1346 59
54	13678	0.0	3	62 12973 559 84
55	294337	0.0	3	281790 10782 1353 412
56	4208	0.0	3	460 3145 492 111
57	5373	0.0	3	94 4317 912 50
58	104643	0.0	3	92146 11582 698 217
59	188327	0.0	3	179433 7418 1154 322
60	7342	0.0	3	207 6123 955 57
61	100347	0.0	3	88215 11197 715 220
62	181399	0.0	3	172960 7035 1127 277
63	6821	0.0	3	207 5988 553 73
64	93382	0.0	3	85682 6748 810 142
65	92243	0.0	3	83808 7469 785 181
66	89757	0.0	3	81446 7371 793 147
67	88584	0.0	3	80367 7277 770 170
68	84315	0.0	3	76507 6896 755 157
69	81417	0.0	3	73905 6676 684 152
70	78272	0.0	3	71067 6392 685 128
71	75050	0.0	3	68146 6095 670 139
72	71849	0.0	3	65126 5955 640 128
73	69601	0.0	3	63476 5427 579 119
74	66425	0.0	3	60370 5350 592 113
75	63419	0.0	3	57150 5658 509 102
76	71117	0.0	3	65117 5363 532 105
77	57651	0.0	3	52497 4629 441 84
78	52947	0.0	3	48260 4171 432 84
79	49439	0.0	3	45027 3937 383 92
80	46331	0.0	3	42509 3402 349 71
81	40031	0.0	3	36533 3140 289 69
82	36608	0.0	3	33578 2666 306 58
83	32147	0.0	3	29251 2587 255 54
84	29539	0.0	3	26989 2279 229 42
85	27060	0.0	3	24826 2004 188 42
86	23497	0.0	3	21510 1771 172 44
87	21364	0.0	3	19477 1691 169 27
88	19099	0.0	3	17431 1492 145 31
89	17074	0.0	3	15586 1311 148 29
90	14694	0.0	3	13404 1119 142 29
91	12847	0.0	3	11723 1002 102 20
92	10845	0.0	3	9881 844 101 19
93	9017	0.0	3	8206 725 68 18
94	7385	0.0	3	6735 585 50 15
95	6430	0.0	3	5883 487 45 15
96	5529	0.0	3	5060 410 48 11
97	4659	0.0	3	4256 352 41 10
98	4318	0.0	3	3926 331 41 20
99	3546	0.0	3	3232 272 29 13
100	3136	0.0	3	2825 265 32 14
101	2625	0.0	3	2396 201 18 10
102	2180	0.0	3	1971 176 27 6
103	1819	0.0	3	1643 152 18 6
104	1490	0.0	3	1360 105 15 10
105	1280	0.0	3	1174 90 10 6
106	1080	0.0	3	960 88 25 7
107	955	0.0	3	852 78 18 7
108	841	0.0	3	740 79 13 9
109	804	0.0	3	698 81 17 8
110	745	0.0	3	650 76 11 8
111	677	0.0	3	598 58 14 7
112	542	0.0	3	474 55 7 6
113	510	0.0	3	437 58 7 8
114	442	0.0	3	394 36 8 4
115	470	0.0	3	414 46 7 3
116	436	0.0	3	367 53 7 9
117	438	0.0	3	357 53 17 11
118	450	0.0	3	393 40 14 3
119	410	0.0	3	349 51 8 2
120	505	0.0	3	416 70 13 6
121	466	0.0	3	397 54 10 5
122	465	0.0	3	399 53 7 6
123	514	0.0	3	440 58 13 3
124	557	0.0	3	493 48 6 10
125	631	0.0	3	539 69 16 7
126	683	0.0	3	582 85 8 8
127	643	0.0	3	553 75 10 5
128	741	0.0	3	646 86 8 1
129	733	0.0	3	629 90 9 5
130	857	0.0	3	741 102 13 1
131	869	0.0	3	748 107 12 2
132	978	0.0	3	834 137 7
133	1102	0.0	3	961 124 12 5
134	1163	0.0	3	1037 111 11 4
135	1434	0.0	3	1274 145 11 4
136	1514	0.0	3	1346 144 16 8
137	1442	0.0	3	1244 177 14 7
138	1374	0.0	3	1210 153 10 1
139	1347	0.0	3	1155 176 12 4
140	1546	0.0	3	1341 187 15 3
141	1760	0.0	3	1479 256 18 7
142	1087	0.0	3	846 221 13 7
143	1292	0.0	3	912 344 33 3
144	1325	0.0	3	854 437 32 2
145	1353	0.0	3	904 419 29 1
146	2025	0.0	3	1239 739 41 6
147	2644	0.0	3	1204 1337 96 7
148	4241	0.0	3	329 3624 261 27
149	15926	0.0	3	268 14491 1084 83
150	51981	0.0	3	934 47345 3445 257
