This is cutadapt 2.9 with Python 3.5.2
Command line parameters: --nextseq-trim 10 --minimum-length 25 --cores 4 -a AGATCGGAAGAGCACACGTCTGAACTCCAGTCAC -A AGATCGGAAGAGCGTCGTGTAGGGAAAGAGTGTA -o Mcapitata_ATHC_TP12_2990_R1_TrimmingRound1.fastq.gz -p Mcapitata_ATHC_TP12_2990_R2_TrimmingRound1.fastq.gz Mcapitata_ATHC_TP12_2990_R1.fastq.gz Mcapitata_ATHC_TP12_2990_R2.fastq.gz
Processing reads on 4 cores in paired-end mode ...
Finished in 951.67 s (35 us/read; 1.70 M reads/minute).

=== Summary ===

Total read pairs processed:         26,898,328
  Read 1 with adapter:               6,063,434 (22.5%)
  Read 2 with adapter:               6,359,421 (23.6%)
Pairs written (passing filters):    26,759,213 (99.5%)

Total basepairs processed: 8,069,498,400 bp
  Read 1: 4,034,749,200 bp
  Read 2: 4,034,749,200 bp
Quality-trimmed:              16,390,529 bp (0.2%)
  Read 1:     7,110,255 bp
  Read 2:     9,280,274 bp
Total written (filtered):  7,703,047,639 bp (95.5%)
  Read 1: 3,852,725,403 bp
  Read 2: 3,850,322,236 bp

=== First read: Adapter 1 ===

Sequence: AGATCGGAAGAGCACACGTCTGAACTCCAGTCAC; Type: regular 3'; Length: 34; Trimmed: 6063434 times

No. of allowed errors:
0-9 bp: 0; 10-19 bp: 1; 20-29 bp: 2; 30-34 bp: 3

Bases preceding removed adapters:
  A: 19.1%
  C: 30.6%
  G: 32.3%
  T: 17.9%
  none/other: 0.2%

Overview of removed sequences
length	count	expect	max.err	error counts
3	567942	420286.4	0	567942
4	220450	105071.6	0	220450
5	367803	26267.9	0	367803
8	115218	410.4	0	115218
9	229453	102.6	0	229453
10	878	25.7	1	0 878
11	232994	6.4	1	227740 5254
12	636	1.6	1	0 636
13	115910	0.4	1	112759 3151
14	115229	0.1	1	111817 3412
15	113938	0.0	1	110608 3330
16	113504	0.0	1	109804 3700
17	224125	0.0	1	217983 6142
18	872	0.0	1	0 817 55
19	112600	0.0	1	108693 3761 146
20	114405	0.0	2	109288 4577 540
21	222277	0.0	2	214457 6780 1040
22	1273	0.0	2	0 1152 121
23	110708	0.0	2	105789 4177 742
24	108690	0.0	2	103697 4383 610
25	106796	0.0	2	101671 4448 677
26	105016	0.0	2	99703 4673 640
27	103704	0.0	2	98268 4641 795
28	103550	0.0	2	97136 5768 611 35
29	199545	0.0	2	190337 7803 1113 292
30	1997	0.0	3	0 1336 180 481
31	98613	0.0	3	92584 5092 646 291
32	97906	0.0	3	91425 5415 738 328
33	95685	0.0	3	89067 5589 696 333
34	93929	0.0	3	87235 5722 664 308
35	91100	0.0	3	84869 5305 655 271
36	88625	0.0	3	82478 5129 753 265
37	87714	0.0	3	80952 5824 645 293
38	162198	0.0	3	153323 7297 1161 417
39	2769	0.0	3	301 2248 145 75
40	153507	0.0	3	145383 6727 970 427
41	1846	0.0	3	258 1385 142 61
42	75317	0.0	3	70275 4228 568 246
43	72291	0.0	3	67242 4200 609 240
44	69347	0.0	3	64414 4128 562 243
45	66962	0.0	3	62330 3840 555 237
46	62444	0.0	3	57567 4165 475 237
47	114795	0.0	3	108423 5134 856 382
48	1623	0.0	3	415 1033 119 56
49	53347	0.0	3	49655 3008 475 209
50	51807	0.0	3	47657 3497 424 229
51	93217	0.0	3	87925 4323 644 325
52	1513	0.0	3	383 932 151 47
53	44210	0.0	3	40710 2954 354 192
54	78713	0.0	3	74348 3462 592 311
55	1154	0.0	3	298 748 82 26
56	36184	0.0	3	33678 2065 283 158
57	33316	0.0	3	30917 1994 278 127
58	30796	0.0	3	28728 1750 212 106
59	28553	0.0	3	26595 1603 266 89
60	26699	0.0	3	24579 1792 217 111
61	47133	0.0	3	44642 2042 316 133
62	761	0.0	3	245 445 53 18
63	21242	0.0	3	19834 1184 163 61
64	19854	0.0	3	18402 1271 136 45
65	34055	0.0	3	32226 1513 212 104
66	501	0.0	3	163 306 23 9
67	14951	0.0	3	13993 835 89 34
68	13791	0.0	3	12910 766 86 29
69	12802	0.0	3	12005 677 89 31
70	11361	0.0	3	10607 666 58 30
71	10454	0.0	3	9753 608 67 26
72	11409	0.0	3	10648 628 99 34
73	8889	0.0	3	8294 508 65 22
74	8241	0.0	3	7723 451 53 14
75	7492	0.0	3	6970 442 57 23
76	6689	0.0	3	6209 410 52 18
77	6151	0.0	3	5759 338 44 10
78	5510	0.0	3	5125 311 58 16
79	5215	0.0	3	4867 296 38 14
80	4470	0.0	3	4177 243 36 14
81	4343	0.0	3	4032 264 33 14
82	3526	0.0	3	3294 200 23 9
83	3434	0.0	3	3222 185 17 10
84	3251	0.0	3	3048 162 26 15
85	2915	0.0	3	2716 171 20 8
86	2722	0.0	3	2514 176 21 11
87	2327	0.0	3	2152 151 19 5
88	2388	0.0	3	2222 143 16 7
89	1957	0.0	3	1807 132 15 3
90	1941	0.0	3	1783 124 19 15
91	1640	0.0	3	1525 91 20 4
92	1530	0.0	3	1420 89 10 11
93	1318	0.0	3	1225 72 13 8
94	1281	0.0	3	1193 74 13 1
95	1216	0.0	3	1117 78 16 5
96	991	0.0	3	908 69 5 9
97	986	0.0	3	928 50 6 2
98	924	0.0	3	860 55 5 4
99	886	0.0	3	821 51 6 8
100	828	0.0	3	748 66 9 5
101	807	0.0	3	748 52 3 4
102	705	0.0	3	650 48 5 2
103	606	0.0	3	551 43 10 2
104	515	0.0	3	466 41 6 2
105	503	0.0	3	467 32 3 1
106	490	0.0	3	447 32 7 4
107	465	0.0	3	430 28 3 4
108	402	0.0	3	368 26 4 4
109	364	0.0	3	325 32 7
110	376	0.0	3	347 21 5 3
111	280	0.0	3	256 19 3 2
112	327	0.0	3	297 22 7 1
113	285	0.0	3	261 19 3 2
114	268	0.0	3	233 21 10 4
115	224	0.0	3	199 21 1 3
116	230	0.0	3	196 26 4 4
117	214	0.0	3	190 17 5 2
118	203	0.0	3	185 13 2 3
119	225	0.0	3	205 18 2
120	192	0.0	3	173 16 3
121	182	0.0	3	169 11 2
122	208	0.0	3	182 23 3
123	200	0.0	3	169 27 2 2
124	246	0.0	3	230 14 2
125	253	0.0	3	230 18 4 1
126	277	0.0	3	236 31 10
127	261	0.0	3	235 21 4 1
128	256	0.0	3	224 29 2 1
129	302	0.0	3	272 26 4
130	363	0.0	3	319 39 5
131	388	0.0	3	347 38 1 2
132	461	0.0	3	416 40 4 1
133	576	0.0	3	524 48 4
134	617	0.0	3	544 69 4
135	837	0.0	3	753 80 4
136	826	0.0	3	729 87 7 3
137	812	0.0	3	705 96 8 3
138	827	0.0	3	711 103 9 4
139	832	0.0	3	701 115 15 1
140	1110	0.0	3	902 187 19 2
141	1203	0.0	3	1003 174 20 6
142	818	0.0	3	591 208 18 1
143	1186	0.0	3	804 355 18 9
144	1357	0.0	3	810 500 41 6
145	1594	0.0	3	1053 500 37 4
146	2425	0.0	3	1215 1123 75 12
147	4283	0.0	3	1149 2876 235 23
148	9658	0.0	3	437 8543 625 53
149	29697	0.0	3	460 26827 2247 163
150	76630	0.0	3	1207 68814 6101 508


=== Second read: Adapter 2 ===

Sequence: AGATCGGAAGAGCGTCGTGTAGGGAAAGAGTGTA; Type: regular 3'; Length: 34; Trimmed: 6359421 times

No. of allowed errors:
0-9 bp: 0; 10-19 bp: 1; 20-29 bp: 2; 30-34 bp: 3

Bases preceding removed adapters:
  A: 19.6%
  C: 30.4%
  G: 39.8%
  T: 10.0%
  none/other: 0.3%

Overview of removed sequences
length	count	expect	max.err	error counts
3	794152	420286.4	0	794152
4	268972	105071.6	0	268972
5	373332	26267.9	0	373332
8	115826	410.4	0	115826
9	229323	102.6	0	229323
10	1249	25.7	1	0 1249
11	234378	6.4	1	228153 6225
12	1211	1.6	1	0 1211
13	232351	0.4	1	226033 6318
14	884	0.1	1	0 884
15	114568	0.0	1	110693 3875
16	227480	0.0	1	220477 7003
17	1099	0.0	1	0 1099
18	223649	0.0	1	216944 6474 231
19	1074	0.0	1	0 829 245
20	115924	0.0	2	110062 5200 662
21	442176	0.0	2	426317 13809 2050
22	1841	0.0	2	0 1588 253
23	824	0.0	2	0 291 533
24	967	0.0	2	0 766 201
25	107298	0.0	2	102210 4309 779
26	106472	0.0	2	100632 5114 726
27	206024	0.0	2	196281 7927 1816
28	2187	0.0	2	0 1918 195 74
29	202278	0.0	2	192751 7739 1734 54
30	2292	0.0	3	0 2017 181 94
31	195208	0.0	3	184900 7594 1759 955
32	1588	0.0	3	0 1246 171 171
33	96062	0.0	3	90107 4057 1446 452
34	94293	0.0	3	106 88781 4507 899
35	92025	0.0	3	140 85724 5282 879
36	173751	0.0	3	84 164734 7346 1587
37	1611	0.0	3	59 143 1109 300
38	84205	0.0	3	80 78954 4266 905
39	158444	0.0	3	227 150902 5974 1341
40	1973	0.0	3	37 183 1625 128
41	151197	0.0	3	267 144396 5132 1402
42	1777	0.0	3	1 152 1493 131
43	139557	0.0	3	113 133580 4804 1060
44	1406	0.0	3	2 352 916 136
45	65968	0.0	3	50 62294 2966 658
46	121145	0.0	3	177 116033 4029 906
47	1157	0.0	3	3 247 807 100
48	56086	0.0	3	49 53361 2205 471
49	53400	0.0	3	43 50811 2143 403
50	51049	0.0	3	75 48664 1955 355
51	49100	0.0	3	59 46059 2625 357
52	129318	0.0	3	135 124017 4275 891
53	979	0.0	3	2 413 454 110
54	995	0.0	3	3 148 795 49
55	105820	0.0	3	86 101686 3344 704
56	629	0.0	3	5 252 323 49
57	517	0.0	3	0 180 283 54
58	30625	0.0	3	29 29035 1313 248
59	53850	0.0	3	62 51606 1774 408
60	560	0.0	3	0 136 352 72
61	24825	0.0	3	18 23451 1167 189
62	43919	0.0	3	55 42041 1489 334
63	404	0.0	3	2 78 275 49
64	19417	0.0	3	19 18489 719 190
65	18072	0.0	3	16 17136 751 169
66	16444	0.0	3	15 15568 709 152
67	15047	0.0	3	20 14234 653 140
68	13763	0.0	3	18 13028 605 112
69	12750	0.0	3	13 12081 546 110
70	11379	0.0	3	14 10751 503 111
71	10477	0.0	3	21 9928 425 103
72	9644	0.0	3	11 9084 446 103
73	8934	0.0	3	11 8446 399 78
74	8292	0.0	3	16 7786 412 78
75	7499	0.0	3	10 7031 390 68
76	7875	0.0	3	19 7383 369 104
77	6295	0.0	3	10 5882 317 86
78	5752	0.0	3	10 5360 322 60
79	5196	0.0	3	10 4876 255 55
80	4956	0.0	3	10 4683 211 52
81	4278	0.0	3	10 4002 221 45
82	3797	0.0	3	5 3543 186 63
83	3590	0.0	3	6 3364 176 44
84	3315	0.0	3	3 3119 153 40
85	2969	0.0	3	3 2779 145 42
86	2817	0.0	3	7 2621 156 33
87	2448	0.0	3	7 2284 117 40
88	2298	0.0	3	5 2130 124 39
89	2267	0.0	3	3 2108 124 32
90	1997	0.0	3	2 1859 100 36
91	1768	0.0	3	1 1647 85 35
92	1589	0.0	3	2 1486 79 22
93	1482	0.0	3	2 1362 82 36
94	1358	0.0	3	1 1249 77 31
95	1186	0.0	3	1 1101 61 23
96	1120	0.0	3	0 1016 77 27
97	1058	0.0	3	1 964 71 22
98	1091	0.0	3	0 1009 58 24
99	906	0.0	3	0 802 75 29
100	896	0.0	3	1 822 51 22
101	860	0.0	3	1 781 49 29
102	737	0.0	3	0 660 50 27
103	696	0.0	3	1 615 54 26
104	605	0.0	3	1 544 43 17
105	556	0.0	3	1 492 42 21
106	566	0.0	3	1 509 41 15
107	544	0.0	3	0 494 31 19
108	512	0.0	3	0 451 44 17
109	460	0.0	3	1 402 41 16
110	449	0.0	3	0 381 52 16
111	361	0.0	3	1 317 27 16
112	402	0.0	3	0 352 34 16
113	354	0.0	3	1 315 23 15
114	310	0.0	3	0 268 27 15
115	330	0.0	3	0 271 39 20
116	291	0.0	3	0 250 28 13
117	274	0.0	3	0 229 35 10
118	259	0.0	3	0 224 23 12
119	254	0.0	3	0 212 30 12
120	238	0.0	3	0 204 26 8
121	243	0.0	3	1 198 27 17
122	260	0.0	3	0 226 20 14
123	275	0.0	3	0 228 29 18
124	245	0.0	3	0 211 20 14
125	310	0.0	3	0 272 28 10
126	307	0.0	3	0 277 22 8
127	298	0.0	3	0 260 26 12
128	259	0.0	3	1 214 35 9
129	308	0.0	3	0 264 32 12
130	356	0.0	3	0 311 40 5
131	443	0.0	3	0 382 49 12
132	504	0.0	3	0 441 54 9
133	634	0.0	3	1 545 84 4
134	598	0.0	3	0 525 64 9
135	871	0.0	3	1 769 89 12
136	847	0.0	3	1 759 79 8
137	852	0.0	3	0 742 102 8
138	825	0.0	3	1 702 111 11
139	855	0.0	3	1 721 119 14
140	1040	0.0	3	0 903 124 13
141	1254	0.0	3	0 1052 190 12
142	808	0.0	3	0 606 180 22
143	1064	0.0	3	1 787 261 15
144	1266	0.0	3	0 809 431 26
145	1563	0.0	3	0 1036 486 41
146	2031	0.0	3	0 1232 739 60
147	2892	0.0	3	2 1264 1517 109
148	5469	0.0	3	0 455 4744 270
149	23749	0.0	3	0 414 21871 1464
150	84641	0.0	3	0 1341 78061 5239
