This is cutadapt 2.9 with Python 3.5.2
Command line parameters: --nextseq-trim 10 --minimum-length 25 --cores 4 -a AGATCGGAAGAGCACACGTCTGAACTCCAGTCAC -A AGATCGGAAGAGCGTCGTGTAGGGAAAGAGTGTA -o Mcapitata_HTAC_TP8_2386_R1_TrimmingRound1.fastq.gz -p Mcapitata_HTAC_TP8_2386_R2_TrimmingRound1.fastq.gz Mcapitata_HTAC_TP8_2386_R1.fastq.gz Mcapitata_HTAC_TP8_2386_R2.fastq.gz
Processing reads on 4 cores in paired-end mode ...
Finished in 617.56 s (35 us/read; 1.71 M reads/minute).

=== Summary ===

Total read pairs processed:         17,643,678
  Read 1 with adapter:              11,084,826 (62.8%)
  Read 2 with adapter:              10,219,086 (57.9%)
Pairs written (passing filters):    17,448,370 (98.9%)

Total basepairs processed: 5,293,103,400 bp
  Read 1: 2,646,551,700 bp
  Read 2: 2,646,551,700 bp
Quality-trimmed:              45,117,600 bp (0.9%)
  Read 1:     7,808,712 bp
  Read 2:    37,308,888 bp
Total written (filtered):  4,459,637,753 bp (84.3%)
  Read 1: 2,214,588,391 bp
  Read 2: 2,245,049,362 bp

=== First read: Adapter 1 ===

Sequence: AGATCGGAAGAGCACACGTCTGAACTCCAGTCAC; Type: regular 3'; Length: 34; Trimmed: 11084826 times

No. of allowed errors:
0-9 bp: 0; 10-19 bp: 1; 20-29 bp: 2; 30-34 bp: 3

Bases preceding removed adapters:
  A: 18.2%
  C: 41.3%
  G: 18.1%
  T: 22.3%
  none/other: 0.1%

Overview of removed sequences
length	count	expect	max.err	error counts
3	237603	275682.5	0	237603
4	129804	68920.6	0	129804
5	320910	17230.2	0	320910
8	105616	269.2	0	105616
9	208108	67.3	0	208108
10	639	16.8	1	0 639
11	274478	4.2	1	211273 63205
12	705	1.1	1	0 705
13	145380	0.3	1	111626 33754
14	156219	0.1	1	119809 36410
15	157885	0.0	1	121060 36825
16	170231	0.0	1	129315 40916
17	325198	0.0	1	248878 76320
18	1334	0.0	1	0 1177 157
19	165010	0.0	1	124526 39883 601
20	163362	0.0	2	120587 39975 2800
21	328019	0.0	2	244946 77540 5533
22	2075	0.0	2	0 1380 695
23	171468	0.0	2	127357 40993 3118
24	180839	0.0	2	133252 43923 3664
25	187486	0.0	2	138314 45374 3798
26	194929	0.0	2	143199 47514 4216
27	196663	0.0	2	143826 48179 4658
28	197174	0.0	2	142055 50213 4771 135
29	376733	0.0	2	276653 92474 7297 309
30	3771	0.0	3	0 2146 1073 552
31	188792	0.0	3	135600 47193 4396 1603
32	186371	0.0	3	133852 46604 4310 1605
33	189951	0.0	3	135895 48048 4581 1427
34	197727	0.0	3	140262 50256 5244 1965
35	203669	0.0	3	145489 51097 5414 1669
36	224436	0.0	3	155787 58507 7445 2697
37	636028	0.0	3	457110 159561 14064 5293
38	4249	0.0	3	460 2180 1225 384
39	3495	0.0	3	125 2307 874 189
40	368537	0.0	3	267878 92033 6364 2262
41	3426	0.0	3	117 2157 944 208
42	179139	0.0	3	129085 45219 3650 1185
43	187534	0.0	3	133196 48381 4384 1573
44	190946	0.0	3	135895 49024 4390 1637
45	212927	0.0	3	151369 54374 5292 1892
46	183222	0.0	3	129981 47321 4542 1378
47	423048	0.0	3	305286 106540 8303 2919
48	4736	0.0	3	712 2616 1055 353
49	161905	0.0	3	115417 41530 3748 1210
50	169437	0.0	3	119485 44706 4032 1214
51	323289	0.0	3	231278 83896 6030 2085
52	26476	0.0	3	16753 7757 1484 482
53	141425	0.0	3	99209 37840 3358 1018
54	330139	0.0	3	235905 85416 6484 2334
55	7841	0.0	3	3087 3255 1179 320
56	127360	0.0	3	90872 33197 2494 797
57	147772	0.0	3	105077 38812 2970 913
58	127239	0.0	3	90292 33725 2428 794
59	151728	0.0	3	107662 40388 2864 814
60	120681	0.0	3	84055 33128 2745 753
61	199156	0.0	3	142121 52626 3308 1101
62	5128	0.0	3	2146 2064 681 237
63	89795	0.0	3	63345 24043 1844 563
64	77152	0.0	3	54022 20852 1725 553
65	150769	0.0	3	108216 39465 2352 736
66	5600	0.0	3	2851 2042 543 164
67	68349	0.0	3	48646 18030 1261 412
68	70215	0.0	3	49584 18782 1394 455
69	66403	0.0	3	46059 18427 1491 426
70	105846	0.0	3	75072 28778 1568 428
71	96248	0.0	3	67814 26620 1421 393
72	64252	0.0	3	44935 17614 1305 398
73	31605	0.0	3	21592 8998 764 251
74	24961	0.0	3	17035 7074 649 203
75	22404	0.0	3	15620 6073 532 179
76	21182	0.0	3	14545 6035 453 149
77	19373	0.0	3	13487 5384 364 138
78	14929	0.0	3	10304 4237 305 83
79	12255	0.0	3	8501 3450 242 62
80	9595	0.0	3	6661 2683 175 76
81	8682	0.0	3	6031 2433 170 48
82	6920	0.0	3	4751 1972 153 44
83	6084	0.0	3	4245 1688 124 27
84	5427	0.0	3	3780 1510 103 34
85	4719	0.0	3	3240 1344 99 36
86	4306	0.0	3	2988 1208 80 30
87	3667	0.0	3	2557 1022 61 27
88	3285	0.0	3	2239 958 67 21
89	2633	0.0	3	1833 729 52 19
90	2333	0.0	3	1596 671 61 5
91	2029	0.0	3	1444 516 50 19
92	1775	0.0	3	1212 519 35 9
93	1416	0.0	3	965 407 38 6
94	1202	0.0	3	834 345 18 5
95	1108	0.0	3	803 281 18 6
96	867	0.0	3	598 248 19 2
97	766	0.0	3	535 203 24 4
98	672	0.0	3	457 188 24 3
99	621	0.0	3	423 172 24 2
100	538	0.0	3	357 143 35 3
101	407	0.0	3	279 99 25 4
102	387	0.0	3	253 106 20 8
103	259	0.0	3	164 75 18 2
104	245	0.0	3	154 76 13 2
105	171	0.0	3	110 53 7 1
106	155	0.0	3	103 35 16 1
107	155	0.0	3	88 49 17 1
108	115	0.0	3	67 29 19
109	114	0.0	3	54 26 32 2
110	103	0.0	3	50 14 38 1
111	108	0.0	3	38 22 43 5
112	100	0.0	3	32 14 51 3
113	76	0.0	3	27 5 40 4
114	90	0.0	3	15 9 65 1
115	92	0.0	3	18 6 66 2
116	80	0.0	3	12 2 65 1
117	103	0.0	3	14 5 82 2
118	114	0.0	3	13 6 92 3
119	128	0.0	3	6 6 110 6
120	120	0.0	3	9 6 102 3
121	121	0.0	3	13 11 94 3
122	139	0.0	3	8 6 120 5
123	124	0.0	3	11 6 101 6
124	125	0.0	3	6 3 111 5
125	148	0.0	3	6 6 135 1
126	154	0.0	3	4 3 144 3
127	186	0.0	3	10 11 160 5
128	190	0.0	3	11 5 169 5
129	229	0.0	3	3 10 214 2
130	189	0.0	3	1 7 176 5
131	262	0.0	3	5 7 243 7
132	265	0.0	3	7 9 239 10
133	293	0.0	3	1 5 277 10
134	326	0.0	3	5 8 300 13
135	394	0.0	3	3 12 366 13
136	377	0.0	3	5 17 346 9
137	467	0.0	3	0 14 439 14
138	533	0.0	3	2 15 503 13
139	543	0.0	3	1 14 512 16
140	541	0.0	3	2 13 515 11
141	610	0.0	3	3 26 566 15
142	776	0.0	3	4 27 732 13
143	1005	0.0	3	1 31 943 30
144	1101	0.0	3	3 33 1029 36
145	1126	0.0	3	2 21 1062 41
146	1387	0.0	3	2 45 1295 45
147	1831	0.0	3	3 55 1719 54
148	3176	0.0	3	1 87 3004 84
149	7937	0.0	3	2 217 7443 275
150	17718	0.0	3	0 476 16678 564


=== Second read: Adapter 2 ===

Sequence: AGATCGGAAGAGCGTCGTGTAGGGAAAGAGTGTA; Type: regular 3'; Length: 34; Trimmed: 10219086 times

No. of allowed errors:
0-9 bp: 0; 10-19 bp: 1; 20-29 bp: 2; 30-34 bp: 3

Bases preceding removed adapters:
  A: 16.0%
  C: 42.1%
  G: 26.4%
  T: 15.5%
  none/other: 0.0%

Overview of removed sequences
length	count	expect	max.err	error counts
3	365461	275682.5	0	365461
4	145671	68920.6	0	145671
5	313628	17230.2	0	313628
8	102131	269.2	0	102131
9	199347	67.3	0	199347
10	747	16.8	1	0 747
11	250316	4.2	1	202143 48173
12	726	1.1	1	0 726
13	284568	0.3	1	227750 56818
14	529	0.1	1	0 529
15	143480	0.0	1	115911 27569
16	307874	0.0	1	246889 60985
17	670	0.0	1	0 670
18	278953	0.0	1	225469 53016 468
19	1088	0.0	1	0 700 388
20	152051	0.0	2	116674 31518 3859
21	610744	0.0	2	478051 120933 11760
22	2666	0.0	2	0 1722 944
23	847	0.0	2	0 340 507
24	1058	0.0	2	0 727 331
25	168614	0.0	2	131066 33637 3911
26	177415	0.0	2	134748 37869 4798
27	349679	0.0	2	268101 73193 8385
28	3456	0.0	2	0 2244 1004 208
29	342299	0.0	2	260068 73208 8890 133
30	3857	0.0	3	0 2540 973 344
31	332098	0.0	3	250738 69610 7800 3950
32	3123	0.0	3	0 1873 863 387
33	172109	0.0	3	128065 37273 4779 1992
34	179818	0.0	3	132054 39725 5680 2359
35	370616	0.0	3	278629 78546 9445 3996
36	3714	0.0	3	264 2218 879 353
37	189508	0.0	3	141504 40767 5109 2128
38	196097	0.0	3	143607 43288 6381 2821
39	208621	0.0	3	146792 49542 8468 3819
40	527098	0.0	3	397888 112899 11703 4608
41	2979	0.0	3	434 1443 753 349
42	3174	0.0	3	552 1874 593 155
43	309772	0.0	3	234309 66707 6281 2475
44	3487	0.0	3	521 1919 774 273
45	175102	0.0	3	129760 38988 4532 1822
46	364120	0.0	3	275747 76929 8123 3321
47	5529	0.0	3	1746 2423 935 425
48	172830	0.0	3	128220 38552 4274 1784
49	187817	0.0	3	141238 39685 4779 2115
50	159869	0.0	3	116918 36425 4585 1941
51	185260	0.0	3	139039 38982 5148 2091
52	531943	0.0	3	409045 105130 12333 5435
53	3517	0.0	3	632 1665 792 428
54	3577	0.0	3	677 2050 674 176
55	321553	0.0	3	235434 77050 6502 2567
56	2209	0.0	3	509 1020 468 212
57	1471	0.0	3	230 769 372 100
58	115463	0.0	3	84215 27472 2734 1042
59	183819	0.0	3	134122 44664 3645 1388
60	1947	0.0	3	295 1064 464 124
61	86199	0.0	3	61721 21586 2119 773
62	160392	0.0	3	117082 38384 3439 1487
63	1234	0.0	3	176 684 284 90
64	58944	0.0	3	42168 15252 1151 373
65	63453	0.0	3	46780 14965 1220 488
66	66653	0.0	3	49006 15722 1378 547
67	60986	0.0	3	44388 14773 1352 473
68	63850	0.0	3	47542 14475 1284 549
69	54282	0.0	3	39725 12847 1211 499
70	49675	0.0	3	36661 11544 1047 423
71	42816	0.0	3	31397 10085 923 411
72	38963	0.0	3	28697 9120 802 344
73	36829	0.0	3	27487 8313 691 338
74	39107	0.0	3	29927 8188 694 298
75	48156	0.0	3	39103 8039 716 298
76	37562	0.0	3	29040 7454 738 330
77	21471	0.0	3	15242 5540 472 217
78	16651	0.0	3	11558 4554 394 145
79	15168	0.0	3	10380 4255 376 157
80	14081	0.0	3	9570 4089 278 144
81	11139	0.0	3	7678 3119 257 85
82	8919	0.0	3	6167 2509 162 81
83	7783	0.0	3	5455 2120 150 58
84	6957	0.0	3	4756 2009 127 65
85	6069	0.0	3	4280 1602 129 58
86	5150	0.0	3	3490 1512 99 49
87	4389	0.0	3	2974 1294 93 28
88	3662	0.0	3	2465 1088 93 16
89	3183	0.0	3	2136 946 76 25
90	2600	0.0	3	1735 803 49 13
91	2105	0.0	3	1408 635 45 17
92	1809	0.0	3	1183 568 39 19
93	1579	0.0	3	1029 506 32 12
94	1284	0.0	3	865 373 31 15
95	1072	0.0	3	688 349 27 8
96	942	0.0	3	610 304 25 3
97	748	0.0	3	485 233 17 13
98	603	0.0	3	412 174 13 4
99	561	0.0	3	358 182 13 8
100	466	0.0	3	307 132 19 8
101	442	0.0	3	293 129 11 9
102	367	0.0	3	240 114 10 3
103	272	0.0	3	178 82 10 2
104	213	0.0	3	130 71 10 2
105	196	0.0	3	110 71 10 5
106	171	0.0	3	120 47 2 2
107	155	0.0	3	98 51 3 3
108	127	0.0	3	78 42 5 2
109	115	0.0	3	72 35 5 3
110	88	0.0	3	60 20 5 3
111	66	0.0	3	38 21 4 3
112	60	0.0	3	36 20 3 1
113	50	0.0	3	28 14 8
114	38	0.0	3	16 16 4 2
115	32	0.0	3	23 0 7 2
116	30	0.0	3	11 10 8 1
117	21	0.0	3	12 3 3 3
118	31	0.0	3	14 7 10
119	26	0.0	3	7 4 15
120	29	0.0	3	10 4 15
121	26	0.0	3	12 4 8 2
122	34	0.0	3	14 5 13 2
123	43	0.0	3	18 5 19 1
124	51	0.0	3	11 4 31 5
125	42	0.0	3	3 5 31 3
126	52	0.0	3	5 4 41 2
127	95	0.0	3	8 6 77 4
128	150	0.0	3	11 7 124 8
129	142	0.0	3	8 9 118 7
130	169	0.0	3	5 6 150 8
131	198	0.0	3	4 9 176 9
132	261	0.0	3	3 5 246 7
133	274	0.0	3	1 5 257 11
134	295	0.0	3	4 11 273 7
135	355	0.0	3	3 9 335 8
136	426	0.0	3	5 9 392 20
137	388	0.0	3	6 16 359 7
138	516	0.0	3	1 18 467 30
139	563	0.0	3	1 19 521 22
140	589	0.0	3	1 14 554 20
141	603	0.0	3	0 11 568 24
142	706	0.0	3	1 18 659 28
143	849	0.0	3	4 26 785 34
144	1048	0.0	3	1 26 971 50
145	1138	0.0	3	1 32 1064 41
146	1394	0.0	3	0 40 1287 67
147	1710	0.0	3	1 53 1585 71
148	2823	0.0	3	0 83 2636 104
149	6875	0.0	3	1 200 6373 301
150	21135	0.0	3	1 591 19652 891
