This is cutadapt 2.9 with Python 3.5.2
Command line parameters: --nextseq-trim 10 --minimum-length 25 --cores 4 -a AGATCGGAAGAGCACACGTCTGAACTCCAGTCAC -A AGATCGGAAGAGCGTCGTGTAGGGAAAGAGTGTA -o Mcapitata_HTHC_TP12_1140_R1_TrimmingRound1.fastq.gz -p Mcapitata_HTHC_TP12_1140_R2_TrimmingRound1.fastq.gz Mcapitata_HTHC_TP12_1140_R1.fastq.gz Mcapitata_HTHC_TP12_1140_R2.fastq.gz
Processing reads on 4 cores in paired-end mode ...
Finished in 755.43 s (35 us/read; 1.71 M reads/minute).

=== Summary ===

Total read pairs processed:         21,562,706
  Read 1 with adapter:               8,722,850 (40.5%)
  Read 2 with adapter:               8,877,881 (41.2%)
Pairs written (passing filters):    21,392,742 (99.2%)

Total basepairs processed: 6,468,811,800 bp
  Read 1: 3,234,405,900 bp
  Read 2: 3,234,405,900 bp
Quality-trimmed:              13,754,464 bp (0.2%)
  Read 1:     5,840,920 bp
  Read 2:     7,913,544 bp
Total written (filtered):  5,725,399,762 bp (88.5%)
  Read 1: 2,863,085,954 bp
  Read 2: 2,862,313,808 bp

=== First read: Adapter 1 ===

Sequence: AGATCGGAAGAGCACACGTCTGAACTCCAGTCAC; Type: regular 3'; Length: 34; Trimmed: 8722850 times

No. of allowed errors:
0-9 bp: 0; 10-19 bp: 1; 20-29 bp: 2; 30-34 bp: 3

Bases preceding removed adapters:
  A: 18.2%
  C: 28.8%
  G: 35.7%
  T: 16.9%
  none/other: 0.4%

Overview of removed sequences
length	count	expect	max.err	error counts
3	387578	336917.3	0	387578
4	162370	84229.3	0	162370
5	315745	21057.3	0	315745
8	100659	329.0	0	100659
9	202538	82.3	0	202538
10	732	20.6	1	0 732
11	209051	5.1	1	204891 4160
12	568	1.3	1	0 568
13	106075	0.3	1	103341 2734
14	106473	0.1	1	103605 2868
15	105287	0.0	1	102208 3079
16	106017	0.0	1	102471 3546
17	211044	0.0	1	205054 5990
18	787	0.0	1	0 728 59
19	106783	0.0	1	103123 3543 117
20	108436	0.0	2	103738 4381 317
21	215236	0.0	2	207673 6964 599
22	1155	0.0	2	0 1077 78
23	109169	0.0	2	104639 4111 419
24	109548	0.0	2	104422 4727 399
25	108911	0.0	2	103884 4574 453
26	109069	0.0	2	103711 4959 399
27	107960	0.0	2	102653 4761 546
28	110381	0.0	2	103640 6245 430 66
29	216315	0.0	2	206740 8598 796 181
30	2017	0.0	3	0 1436 174 407
31	110618	0.0	3	104417 5596 496 109
32	111641	0.0	3	104741 6180 603 117
33	112159	0.0	3	105012 6477 547 123
34	112555	0.0	3	105264 6544 616 131
35	111546	0.0	3	104384 6490 535 137
36	110727	0.0	3	103506 6454 649 118
37	112278	0.0	3	104110 7483 535 150
38	219785	0.0	3	208247 10403 935 200
39	3127	0.0	3	148 2798 153 28
40	220770	0.0	3	209337 10374 874 185
41	1996	0.0	3	108 1696 163 29
42	111915	0.0	3	105053 6217 526 119
43	113453	0.0	3	106208 6606 528 111
44	112568	0.0	3	105385 6560 495 128
45	114195	0.0	3	107046 6463 593 93
46	110504	0.0	3	102508 7422 468 106
47	217632	0.0	3	206553 10143 734 202
48	2140	0.0	3	284 1659 136 61
49	108300	0.0	3	101915 5814 491 80
50	110322	0.0	3	102786 6986 441 109
51	213890	0.0	3	203297 9782 647 164
52	2275	0.0	3	359 1692 209 15
53	109056	0.0	3	101791 6779 395 91
54	214080	0.0	3	203467 9805 645 163
55	2099	0.0	3	287 1651 141 20
56	106236	0.0	3	99950 5820 385 81
57	105520	0.0	3	99123 5912 415 70
58	102176	0.0	3	95772 5943 381 80
59	100915	0.0	3	94691 5717 430 77
60	100687	0.0	3	93402 6819 394 72
61	193346	0.0	3	183619 9115 505 107
62	1885	0.0	3	296 1446 113 30
63	96203	0.0	3	90597 5107 423 76
64	97047	0.0	3	90270 6349 338 90
65	182863	0.0	3	173732 8455 554 122
66	1866	0.0	3	273 1407 158 28
67	89614	0.0	3	84320 4800 406 88
68	86078	0.0	3	80834 4848 336 60
69	82705	0.0	3	77843 4492 313 57
70	80279	0.0	3	75430 4512 275 62
71	77682	0.0	3	72869 4478 293 42
72	91165	0.0	3	85958 4813 330 64
73	73583	0.0	3	69271 3961 302 49
74	71761	0.0	3	67745 3695 274 47
75	67689	0.0	3	63698 3717 227 47
76	63256	0.0	3	59573 3444 192 47
77	61038	0.0	3	57449 3345 210 34
78	55033	0.0	3	51855 2983 160 35
79	51704	0.0	3	48617 2869 193 25
80	45318	0.0	3	42616 2548 127 27
81	43184	0.0	3	40639 2391 130 24
82	37136	0.0	3	34942 2060 108 26
83	34330	0.0	3	32435 1772 101 22
84	31330	0.0	3	29571 1631 100 28
85	28710	0.0	3	27057 1539 99 15
86	26343	0.0	3	24856 1399 73 15
87	23779	0.0	3	22404 1268 81 26
88	22322	0.0	3	21018 1225 68 11
89	18361	0.0	3	17295 992 60 14
90	16391	0.0	3	15514 820 53 4
91	14675	0.0	3	13867 759 37 12
92	12315	0.0	3	11627 644 40 4
93	9572	0.0	3	9029 508 29 6
94	8385	0.0	3	7947 411 21 6
95	7264	0.0	3	6835 398 25 6
96	5894	0.0	3	5567 302 22 3
97	5573	0.0	3	5266 286 13 8
98	5136	0.0	3	4820 291 18 7
99	4330	0.0	3	4090 225 12 3
100	3781	0.0	3	3548 212 19 2
101	3070	0.0	3	2883 167 17 3
102	2619	0.0	3	2452 151 13 3
103	1943	0.0	3	1817 115 8 3
104	1604	0.0	3	1488 104 7 5
105	1329	0.0	3	1241 85 3
106	1244	0.0	3	1157 75 10 2
107	1069	0.0	3	1002 54 8 5
108	960	0.0	3	894 59 7
109	875	0.0	3	814 51 7 3
110	722	0.0	3	656 60 3 3
111	631	0.0	3	578 45 8
112	597	0.0	3	550 42 4 1
113	570	0.0	3	521 44 5
114	489	0.0	3	449 37 2 1
115	498	0.0	3	449 47 2
116	429	0.0	3	376 49 4
117	384	0.0	3	345 35 4
118	368	0.0	3	331 32 2 3
119	446	0.0	3	391 53 2
120	439	0.0	3	388 45 6
121	456	0.0	3	415 37 4
122	451	0.0	3	390 54 5 2
123	413	0.0	3	361 48 2 2
124	484	0.0	3	426 54 2 2
125	508	0.0	3	437 63 6 2
126	534	0.0	3	469 58 4 3
127	574	0.0	3	483 90 1
128	607	0.0	3	523 76 8
129	645	0.0	3	545 95 5
130	727	0.0	3	619 101 7
131	764	0.0	3	634 121 8 1
132	887	0.0	3	748 131 8
133	951	0.0	3	798 144 8 1
134	955	0.0	3	819 128 7 1
135	1160	0.0	3	975 172 12 1
136	1215	0.0	3	1033 166 15 1
137	1320	0.0	3	1099 209 11 1
138	1343	0.0	3	1108 220 15
139	1317	0.0	3	1006 282 28 1
140	1516	0.0	3	1164 331 21
141	1685	0.0	3	1248 403 33 1
142	1272	0.0	3	788 451 31 2
143	1536	0.0	3	848 639 45 4
144	1886	0.0	3	862 937 84 3
145	2017	0.0	3	1006 936 74 1
146	2889	0.0	3	1033 1743 108 5
147	5259	0.0	3	998 3972 269 20
148	11663	0.0	3	421 10444 767 31
149	35142	0.0	3	518 32116 2388 120
150	88393	0.0	3	1411 80865 5820 297


=== Second read: Adapter 2 ===

Sequence: AGATCGGAAGAGCGTCGTGTAGGGAAAGAGTGTA; Type: regular 3'; Length: 34; Trimmed: 8877881 times

No. of allowed errors:
0-9 bp: 0; 10-19 bp: 1; 20-29 bp: 2; 30-34 bp: 3

Bases preceding removed adapters:
  A: 17.5%
  C: 27.6%
  G: 44.6%
  T: 9.9%
  none/other: 0.4%

Overview of removed sequences
length	count	expect	max.err	error counts
3	524962	336917.3	0	524962
4	195812	84229.3	0	195812
5	318616	21057.3	0	318616
8	100583	329.0	0	100583
9	199676	82.3	0	199676
10	4493	20.6	1	0 4493
11	204084	5.1	1	200622 3462
12	5710	1.3	1	0 5710
13	206385	0.3	1	202456 3929
14	3821	0.1	1	0 3821
15	107024	0.0	1	99119 7905
16	204364	0.0	1	198671 5693
17	7985	0.0	1	0 7985
18	201893	0.0	1	196676 4722 495
19	6708	0.0	1	0 5308 1400
20	119046	0.0	2	99526 18649 871
21	412515	0.0	2	397072 13685 1758
22	3824	0.0	2	0 3594 230
23	697	0.0	2	0 173 524
24	5089	0.0	2	0 4544 545
25	107831	0.0	2	98624 7763 1444
26	112939	0.0	2	98697 13328 914
27	206299	0.0	2	196369 7898 2032
28	11448	0.0	2	0 10882 455 111
29	207594	0.0	2	197578 7878 2087 51
30	11744	0.0	3	0 11217 406 121
31	208872	0.0	3	198620 7796 1639 817
32	8753	0.0	3	0 7010 1616 127
33	119906	0.0	3	99802 18446 1324 334
34	315348	0.0	3	297883 14709 2014 742
35	4344	0.0	3	123 3482 624 115
36	5397	0.0	3	50 4549 679 119
37	109677	0.0	3	98848 9244 1297 288
38	110989	0.0	3	99111 10181 1367 330
39	111441	0.0	3	99035 10371 1750 285
40	116359	0.0	3	100048 14807 1113 391
41	212451	0.0	3	199520 10231 2243 457
42	12147	0.0	3	70 11395 566 116
43	212637	0.0	3	201455 9109 1607 466
44	8383	0.0	3	251 6901 1142 89
45	115262	0.0	3	100203 13631 1121 307
46	210259	0.0	3	198331 9852 1652 424
47	8085	0.0	3	231 7003 738 113
48	108126	0.0	3	97927 8749 1199 251
49	108558	0.0	3	97081 9925 1229 323
50	109722	0.0	3	97772 9727 2003 220
51	116392	0.0	3	96787 18193 1176 236
52	308089	0.0	3	291952 13667 1801 669
53	5312	0.0	3	426 3430 1377 79
54	14004	0.0	3	78 13271 558 97
55	300479	0.0	3	287445 11118 1474 442
56	4330	0.0	3	390 3324 499 117
57	5430	0.0	3	79 4360 943 48
58	104873	0.0	3	92206 11764 703 200
59	189835	0.0	3	180495 7845 1179 316
60	7353	0.0	3	212 6153 926 62
61	101224	0.0	3	88932 11344 727 221
62	183960	0.0	3	175414 7090 1168 288
63	6841	0.0	3	194 6033 530 84
64	94340	0.0	3	86481 6871 826 162
65	94068	0.0	3	85122 7936 854 156
66	91188	0.0	3	82492 7739 811 146
67	89977	0.0	3	81478 7529 782 188
68	86011	0.0	3	77796 7248 809 158
69	82549	0.0	3	74858 6832 723 136
70	80167	0.0	3	72876 6523 614 154
71	77294	0.0	3	70115 6346 699 134
72	73923	0.0	3	67045 6126 629 123
73	72031	0.0	3	65447 5872 589 123
74	69505	0.0	3	63102 5628 639 136
75	67055	0.0	3	60522 5835 598 100
76	74954	0.0	3	68678 5567 589 120
77	60943	0.0	3	55422 4898 521 102
78	55454	0.0	3	50379 4505 491 79
79	52221	0.0	3	47452 4256 417 96
80	49300	0.0	3	44997 3868 373 62
81	42680	0.0	3	38899 3396 318 67
82	39559	0.0	3	36092 3120 283 64
83	34566	0.0	3	31400 2838 273 55
84	31548	0.0	3	28773 2489 230 56
85	29318	0.0	3	26790 2245 230 53
86	26196	0.0	3	23829 2111 197 59
87	24068	0.0	3	21980 1826 219 43
88	21711	0.0	3	19797 1679 199 36
89	19737	0.0	3	18018 1539 144 36
90	17122	0.0	3	15719 1235 142 26
91	14737	0.0	3	13392 1179 134 32
92	12325	0.0	3	11206 988 110 21
93	9947	0.0	3	9086 767 78 16
94	8305	0.0	3	7556 659 76 14
95	7093	0.0	3	6434 576 64 19
96	6331	0.0	3	5745 489 70 27
97	5465	0.0	3	4955 444 53 13
98	5180	0.0	3	4748 374 42 16
99	4332	0.0	3	3936 341 39 16
100	3668	0.0	3	3325 301 33 9
101	3225	0.0	3	2922 268 26 9
102	2530	0.0	3	2281 207 34 8
103	2049	0.0	3	1862 152 29 6
104	1705	0.0	3	1532 148 17 8
105	1401	0.0	3	1242 127 20 12
106	1217	0.0	3	1092 100 17 8
107	1178	0.0	3	1053 97 19 9
108	1042	0.0	3	919 98 16 9
109	875	0.0	3	757 89 23 6
110	829	0.0	3	736 66 15 12
111	678	0.0	3	586 72 9 11
112	609	0.0	3	541 54 8 6
113	601	0.0	3	522 62 11 6
114	518	0.0	3	442 56 12 8
115	496	0.0	3	426 58 7 5
116	498	0.0	3	429 57 6 6
117	440	0.0	3	375 48 10 7
118	446	0.0	3	361 70 10 5
119	441	0.0	3	361 68 8 4
120	444	0.0	3	370 61 9 4
121	471	0.0	3	384 63 14 10
122	431	0.0	3	358 55 13 5
123	425	0.0	3	354 53 13 5
124	481	0.0	3	409 56 10 6
125	490	0.0	3	418 61 8 3
126	516	0.0	3	424 80 8 4
127	546	0.0	3	450 83 12 1
128	616	0.0	3	515 91 9 1
129	620	0.0	3	510 90 16 4
130	672	0.0	3	564 93 13 2
131	762	0.0	3	622 128 11 1
132	842	0.0	3	719 111 11 1
133	858	0.0	3	711 125 19 3
134	969	0.0	3	796 152 19 2
135	1123	0.0	3	957 146 14 6
136	1225	0.0	3	1000 191 28 6
137	1279	0.0	3	1054 208 16 1
138	1300	0.0	3	1070 211 16 3
139	1243	0.0	3	995 229 15 4
140	1445	0.0	3	1122 298 24 1
141	1577	0.0	3	1274 272 27 4
142	1148	0.0	3	724 396 26 2
143	1318	0.0	3	783 503 27 5
144	1583	0.0	3	840 683 55 5
145	1692	0.0	3	931 690 68 3
146	2417	0.0	3	1030 1285 90 12
147	3793	0.0	3	1014 2591 171 17
148	7759	0.0	3	374 6852 507 26
149	29964	0.0	3	440 27427 1956 141
150	98246	0.0	3	1501 89827 6477 441
