This is cutadapt 2.9 with Python 3.5.2
Command line parameters: --nextseq-trim 10 --minimum-length 25 --cores 4 -a AGATCGGAAGAGCACACGTCTGAACTCCAGTCAC -A AGATCGGAAGAGCGTCGTGTAGGGAAAGAGTGTA -o Mcapitata_ATAC_TP8_1083_R1_TrimmingRound1.fastq.gz -p Mcapitata_ATAC_TP8_1083_R2_TrimmingRound1.fastq.gz Mcapitata_ATAC_TP8_1083_R1.fastq.gz Mcapitata_ATAC_TP8_1083_R2.fastq.gz
Processing reads on 4 cores in paired-end mode ...
Finished in 1049.05 s (39 us/read; 1.55 M reads/minute).

=== Summary ===

Total read pairs processed:         27,154,581
  Read 1 with adapter:              10,818,142 (39.8%)
  Read 2 with adapter:              11,023,405 (40.6%)
Pairs written (passing filters):    27,056,233 (99.6%)

Total basepairs processed: 8,146,374,300 bp
  Read 1: 4,073,187,150 bp
  Read 2: 4,073,187,150 bp
Quality-trimmed:              17,360,196 bp (0.2%)
  Read 1:     7,442,945 bp
  Read 2:     9,917,251 bp
Total written (filtered):  7,242,528,546 bp (88.9%)
  Read 1: 3,621,852,688 bp
  Read 2: 3,620,675,858 bp

=== First read: Adapter 1 ===

Sequence: AGATCGGAAGAGCACACGTCTGAACTCCAGTCAC; Type: regular 3'; Length: 34; Trimmed: 10818142 times

No. of allowed errors:
0-9 bp: 0; 10-19 bp: 1; 20-29 bp: 2; 30-34 bp: 3

Bases preceding removed adapters:
  A: 18.0%
  C: 28.1%
  G: 37.2%
  T: 16.6%
  none/other: 0.1%

Overview of removed sequences
length	count	expect	max.err	error counts
3	482646	424290.3	0	482646
4	200359	106072.6	0	200359
5	382334	26518.1	0	382334
8	121931	414.3	0	121931
9	245486	103.6	0	245486
10	963	25.9	1	0 963
11	252736	6.5	1	247680 5056
12	770	1.6	1	0 770
13	128205	0.4	1	124772 3433
14	129042	0.1	1	125588 3454
15	129656	0.0	1	125865 3791
16	130469	0.0	1	126147 4322
17	258463	0.0	1	251399 7064
18	1088	0.0	1	0 999 89
19	131496	0.0	1	126880 4461 155
20	133662	0.0	2	127791 5537 334
21	264721	0.0	2	256000 7963 758
22	1639	0.0	2	0 1521 118
23	134892	0.0	2	129197 5190 505
24	136041	0.0	2	130022 5563 456
25	134689	0.0	2	128473 5714 502
26	135810	0.0	2	129448 5855 507
27	135402	0.0	2	128816 5922 664
28	138707	0.0	2	129907 8259 463 78
29	271846	0.0	2	260752 9909 969 216
30	3127	0.0	3	0 2184 312 631
31	138680	0.0	3	130808 7113 630 129
32	139416	0.0	3	130993 7586 666 171
33	139604	0.0	3	130755 7925 805 119
34	142566	0.0	3	131776 9930 665 195
35	276260	0.0	3	262710 12127 1199 224
36	5139	0.0	3	104 4468 494 73
37	275573	0.0	3	263172 10537 935 929
38	3369	0.0	3	105 2775 400 89
39	139867	0.0	3	131427 7090 843 507
40	143425	0.0	3	132637 9483 870 435
41	278824	0.0	3	265573 11424 967 860
42	3393	0.0	3	112 2801 404 76
43	141814	0.0	3	133250 7330 804 430
44	143131	0.0	3	134190 7685 778 478
45	143346	0.0	3	134361 7626 866 493
46	142044	0.0	3	131422 9309 802 511
47	277214	0.0	3	264784 10683 878 869
48	3721	0.0	3	512 2744 385 80
49	139116	0.0	3	131014 6946 761 395
50	141249	0.0	3	131171 8998 745 335
51	271194	0.0	3	259016 10924 739 515
52	3788	0.0	3	543 2695 507 43
53	139192	0.0	3	129740 8487 679 286
54	272210	0.0	3	259877 10981 773 579
55	3651	0.0	3	513 2702 372 64
56	135604	0.0	3	127810 6867 628 299
57	134146	0.0	3	125887 7346 590 323
58	131140	0.0	3	123150 7129 578 283
59	130528	0.0	3	122378 7195 717 238
60	129823	0.0	3	120148 8709 656 310
61	248233	0.0	3	236737 10304 695 497
62	3393	0.0	3	495 2475 342 81
63	123161	0.0	3	116080 6191 663 227
64	124522	0.0	3	115233 8305 671 313
65	233819	0.0	3	222918 9420 673 808
66	3158	0.0	3	456 2323 311 68
67	114286	0.0	3	107736 5599 565 386
68	110659	0.0	3	103935 5779 546 399
69	106226	0.0	3	100005 5449 492 280
70	102633	0.0	3	96422 5378 495 338
71	99144	0.0	3	92834 5463 515 332
72	119509	0.0	3	112880 5691 555 383
73	91076	0.0	3	85581 4776 436 283
74	89728	0.0	3	84416 4611 469 232
75	85154	0.0	3	80255 4274 402 223
76	81964	0.0	3	77502 3925 333 204
77	74938	0.0	3	70575 3817 352 194
78	69120	0.0	3	65160 3525 281 154
79	61200	0.0	3	57622 3193 258 127
80	57001	0.0	3	53684 2958 248 111
81	52455	0.0	3	49400 2693 240 122
82	49153	0.0	3	46392 2442 211 108
83	42637	0.0	3	40206 2147 157 127
84	38454	0.0	3	36309 1914 139 92
85	35303	0.0	3	33266 1782 165 90
86	30988	0.0	3	29261 1501 122 104
87	28264	0.0	3	26618 1428 113 105
88	26006	0.0	3	24547 1268 113 78
89	22275	0.0	3	21089 1040 95 51
90	19171	0.0	3	18082 972 76 41
91	17602	0.0	3	16678 805 73 46
92	14816	0.0	3	13973 745 63 35
93	11834	0.0	3	11182 564 58 30
94	10480	0.0	3	9897 523 39 21
95	9251	0.0	3	8779 413 26 33
96	7256	0.0	3	6845 346 34 31
97	6579	0.0	3	6227 314 25 13
98	6115	0.0	3	5790 280 24 21
99	5498	0.0	3	5197 260 22 19
100	4498	0.0	3	4259 207 21 11
101	3863	0.0	3	3639 194 18 12
102	3277	0.0	3	3112 141 14 10
103	2349	0.0	3	2221 108 17 3
104	2006	0.0	3	1873 116 10 7
105	1768	0.0	3	1651 95 14 8
106	1636	0.0	3	1529 87 13 7
107	1435	0.0	3	1353 62 12 8
108	1269	0.0	3	1188 67 10 4
109	1176	0.0	3	1104 58 5 9
110	905	0.0	3	855 42 7 1
111	853	0.0	3	789 60 2 2
112	752	0.0	3	700 43 6 3
113	747	0.0	3	679 54 10 4
114	679	0.0	3	630 45 4
115	587	0.0	3	545 35 5 2
116	567	0.0	3	526 35 3 3
117	626	0.0	3	581 39 4 2
118	572	0.0	3	530 36 5 1
119	598	0.0	3	551 43 0 4
120	575	0.0	3	536 33 6
121	629	0.0	3	578 45 4 2
122	634	0.0	3	592 34 4 4
123	660	0.0	3	613 38 8 1
124	708	0.0	3	664 40 3 1
125	824	0.0	3	768 48 6 2
126	863	0.0	3	794 62 7
127	929	0.0	3	848 77 3 1
128	954	0.0	3	897 48 4 5
129	1121	0.0	3	1032 84 1 4
130	1116	0.0	3	1037 74 5
131	1215	0.0	3	1130 76 5 4
132	1372	0.0	3	1256 106 9 1
133	1562	0.0	3	1437 114 7 4
134	1749	0.0	3	1627 114 8
135	1993	0.0	3	1837 141 13 2
136	2166	0.0	3	1988 160 15 3
137	2202	0.0	3	2048 140 11 3
138	2141	0.0	3	1976 153 10 2
139	2229	0.0	3	2007 207 13 2
140	2508	0.0	3	2243 246 14 5
141	2830	0.0	3	2532 272 22 4
142	1742	0.0	3	1482 244 11 5
143	1820	0.0	3	1471 321 23 5
144	1947	0.0	3	1512 397 34 4
145	2106	0.0	3	1623 460 19 4
146	2796	0.0	3	1920 823 46 7
147	3524	0.0	3	1679 1728 106 11
148	5061	0.0	3	478 4275 295 13
149	14266	0.0	3	234 13136 841 55
150	35469	0.0	3	434 32676 2221 138


=== Second read: Adapter 2 ===

Sequence: AGATCGGAAGAGCGTCGTGTAGGGAAAGAGTGTA; Type: regular 3'; Length: 34; Trimmed: 11023405 times

No. of allowed errors:
0-9 bp: 0; 10-19 bp: 1; 20-29 bp: 2; 30-34 bp: 3

Bases preceding removed adapters:
  A: 17.3%
  C: 27.1%
  G: 45.5%
  T: 9.8%
  none/other: 0.3%

Overview of removed sequences
length	count	expect	max.err	error counts
3	653157	424290.3	0	653157
4	245279	106072.6	0	245279
5	387370	26518.1	0	387370
8	122122	414.3	0	122122
9	242151	103.6	0	242151
10	5588	25.9	1	0 5588
11	246859	6.5	1	243072 3787
12	6943	1.6	1	0 6943
13	249672	0.4	1	245142 4530
14	4707	0.1	1	0 4707
15	131738	0.0	1	122391 9347
16	251250	0.0	1	244780 6470
17	9626	0.0	1	0 9626
18	248218	0.0	1	242138 5447 633
19	8078	0.0	1	0 6426 1652
20	146764	0.0	2	122782 22941 1041
21	509879	0.0	2	491826 16004 2049
22	4570	0.0	2	0 4331 239
23	815	0.0	2	0 158 657
24	6279	0.0	2	0 5571 708
25	133539	0.0	2	122227 9497 1815
26	140727	0.0	2	123436 16294 997
27	258953	0.0	2	246548 9973 2432
28	14228	0.0	2	0 13517 548 163
29	261588	0.0	2	249658 9485 2376 69
30	14812	0.0	3	0 14102 547 163
31	261628	0.0	3	249264 9469 1984 911
32	10814	0.0	3	0 8779 1880 155
33	149267	0.0	3	124710 22637 1541 379
34	397461	0.0	3	376424 17849 2391 797
35	5470	0.0	3	155 4418 765 132
36	6716	0.0	3	52 5740 803 121
37	138413	0.0	3	125182 11341 1546 344
38	140103	0.0	3	125732 12397 1553 421
39	140899	0.0	3	125858 12671 2069 301
40	146798	0.0	3	126680 18373 1320 425
41	269710	0.0	3	254163 12576 2489 482
42	15173	0.0	3	91 14314 630 138
43	268850	0.0	3	254913 11291 2047 599
44	10439	0.0	3	272 8704 1357 106
45	144792	0.0	3	126385 16891 1190 326
46	269487	0.0	3	255099 11919 2002 467
47	10043	0.0	3	302 8767 857 117
48	138343	0.0	3	125670 10971 1390 312
49	139714	0.0	3	125633 12284 1409 388
50	140217	0.0	3	124857 12565 2528 267
51	148624	0.0	3	123626 23351 1358 289
52	392782	0.0	3	372979 16996 2053 754
53	6525	0.0	3	482 4266 1681 96
54	17886	0.0	3	80 17094 621 91
55	383212	0.0	3	367263 13806 1626 517
56	5645	0.0	3	576 4227 695 147
57	7019	0.0	3	108 5636 1209 66
58	134595	0.0	3	118581 14905 835 274
59	244852	0.0	3	233408 9624 1436 384
60	9395	0.0	3	338 7752 1237 68
61	131027	0.0	3	115087 14785 903 252
62	236526	0.0	3	225628 9105 1449 344
63	8655	0.0	3	273 7592 707 83
64	120681	0.0	3	110886 8594 1009 192
65	120539	0.0	3	109385 9861 1064 229
66	117640	0.0	3	106731 9686 1002 221
67	114905	0.0	3	104349 9353 994 209
68	110670	0.0	3	100544 8981 954 191
69	106136	0.0	3	96500 8566 913 157
70	102427	0.0	3	93221 8192 839 175
71	98621	0.0	3	89735 7889 839 158
72	94405	0.0	3	85935 7566 729 175
73	91477	0.0	3	83359 7281 681 156
74	87711	0.0	3	79820 6994 753 144
75	83916	0.0	3	75947 7162 655 152
76	92782	0.0	3	85067 6842 742 131
77	76398	0.0	3	69505 6197 576 120
78	69990	0.0	3	63671 5699 531 89
79	65313	0.0	3	59539 5196 480 98
80	61837	0.0	3	56784 4552 404 97
81	52825	0.0	3	48221 4124 389 91
82	48816	0.0	3	44573 3807 357 79
83	42945	0.0	3	39076 3452 342 75
84	39180	0.0	3	35779 3037 295 69
85	36232	0.0	3	33089 2800 279 64
86	32283	0.0	3	29491 2461 279 52
87	28851	0.0	3	26380 2192 225 54
88	25710	0.0	3	23514 1968 181 47
89	23542	0.0	3	21521 1796 179 46
90	20101	0.0	3	18366 1559 141 35
91	17605	0.0	3	15951 1463 157 34
92	14940	0.0	3	13634 1156 124 26
93	12365	0.0	3	11277 953 115 20
94	10395	0.0	3	9455 826 87 27
95	9159	0.0	3	8365 699 77 18
96	7847	0.0	3	7117 631 73 26
97	6561	0.0	3	5965 533 50 13
98	6147	0.0	3	5604 491 40 12
99	5346	0.0	3	4833 443 56 14
100	4583	0.0	3	4169 354 47 13
101	3974	0.0	3	3607 307 43 17
102	3260	0.0	3	2954 264 29 13
103	2479	0.0	3	2245 188 27 19
104	2181	0.0	3	1952 184 32 13
105	1870	0.0	3	1676 153 22 19
106	1665	0.0	3	1476 140 33 16
107	1555	0.0	3	1386 132 25 12
108	1370	0.0	3	1232 107 18 13
109	1227	0.0	3	1066 124 26 11
110	1012	0.0	3	898 91 12 11
111	894	0.0	3	797 63 17 17
112	853	0.0	3	744 84 17 8
113	785	0.0	3	667 91 18 9
114	713	0.0	3	612 73 15 13
115	670	0.0	3	584 58 15 13
116	677	0.0	3	580 73 16 8
117	629	0.0	3	554 57 11 7
118	614	0.0	3	525 67 14 8
119	672	0.0	3	592 61 11 8
120	629	0.0	3	551 57 13 8
121	641	0.0	3	560 61 12 8
122	662	0.0	3	584 60 13 5
123	671	0.0	3	596 59 10 6
124	783	0.0	3	683 80 13 7
125	853	0.0	3	757 77 10 9
126	864	0.0	3	758 84 18 4
127	946	0.0	3	837 82 19 8
128	980	0.0	3	882 76 17 5
129	1072	0.0	3	949 111 12
130	1171	0.0	3	1031 117 17 6
131	1232	0.0	3	1073 142 14 3
132	1311	0.0	3	1152 137 15 7
133	1528	0.0	3	1342 163 20 3
134	1690	0.0	3	1504 167 14 5
135	2031	0.0	3	1820 184 21 6
136	2142	0.0	3	1925 201 15 1
137	2174	0.0	3	1948 205 17 4
138	2094	0.0	3	1870 196 25 3
139	2115	0.0	3	1891 197 22 5
140	2573	0.0	3	2303 249 20 1
141	2885	0.0	3	2560 309 13 3
142	1665	0.0	3	1413 231 15 6
143	1782	0.0	3	1456 296 27 3
144	1867	0.0	3	1462 381 21 3
145	2036	0.0	3	1632 380 22 2
146	2537	0.0	3	1826 662 48 1
147	3020	0.0	3	1783 1134 99 4
148	3579	0.0	3	504 2848 206 21
149	12033	0.0	3	184 10969 803 77
150	39866	0.0	3	514 36581 2586 185
