This is cutadapt 2.9 with Python 3.5.2
Command line parameters: --nextseq-trim 10 --minimum-length 25 --cores 4 -a AGATCGGAAGAGCACACGTCTGAACTCCAGTCAC -A AGATCGGAAGAGCGTCGTGTAGGGAAAGAGTGTA -o Mcapitata_HTHC_TP4_1124_R1_TrimmingRound1.fastq.gz -p Mcapitata_HTHC_TP4_1124_R2_TrimmingRound1.fastq.gz Mcapitata_HTHC_TP4_1124_R1.fastq.gz Mcapitata_HTHC_TP4_1124_R2.fastq.gz
Processing reads on 4 cores in paired-end mode ...
Finished in 838.00 s (35 us/read; 1.70 M reads/minute).

=== Summary ===

Total read pairs processed:         23,809,341
  Read 1 with adapter:               9,688,308 (40.7%)
  Read 2 with adapter:               9,860,872 (41.4%)
Pairs written (passing filters):    23,738,960 (99.7%)

Total basepairs processed: 7,142,802,300 bp
  Read 1: 3,571,401,150 bp
  Read 2: 3,571,401,150 bp
Quality-trimmed:              15,312,962 bp (0.2%)
  Read 1:     6,635,152 bp
  Read 2:     8,677,810 bp
Total written (filtered):  6,325,056,011 bp (88.6%)
  Read 1: 3,163,027,630 bp
  Read 2: 3,162,028,381 bp

=== First read: Adapter 1 ===

Sequence: AGATCGGAAGAGCACACGTCTGAACTCCAGTCAC; Type: regular 3'; Length: 34; Trimmed: 9688308 times

No. of allowed errors:
0-9 bp: 0; 10-19 bp: 1; 20-29 bp: 2; 30-34 bp: 3

Bases preceding removed adapters:
  A: 17.2%
  C: 28.1%
  G: 37.9%
  T: 16.7%
  none/other: 0.1%

Overview of removed sequences
length	count	expect	max.err	error counts
3	416547	372021.0	0	416547
4	173279	93005.2	0	173279
5	332251	23251.3	0	332251
8	105957	363.3	0	105957
9	213136	90.8	0	213136
10	837	22.7	1	0 837
11	222537	5.7	1	217705 4832
12	665	1.4	1	0 665
13	112040	0.4	1	108697 3343
14	112862	0.1	1	109437 3425
15	113038	0.0	1	109455 3583
16	114670	0.0	1	110637 4033
17	226531	0.0	1	219261 7270
18	883	0.0	1	0 789 94
19	114708	0.0	1	110182 4354 172
20	117135	0.0	2	111423 5331 381
21	233000	0.0	2	223244 8996 760
22	1106	0.0	2	0 999 107
23	119314	0.0	2	113541 5290 483
24	119593	0.0	2	113674 5413 506
25	119898	0.0	2	113744 5650 504
26	119600	0.0	2	113110 5984 506
27	119605	0.0	2	112883 6071 651
28	121242	0.0	2	113367 7276 506 93
29	239429	0.0	2	227244 10998 1033 154
30	1843	0.0	3	0 1159 208 476
31	122049	0.0	3	114372 6848 707 122
32	122721	0.0	3	114524 7312 694 191
33	124230	0.0	3	115676 7630 804 120
34	127072	0.0	3	116432 9765 732 143
35	369620	0.0	3	347835 19844 1607 334
36	1150	0.0	3	186 797 135 32
37	1355	0.0	3	120 1045 153 37
38	125023	0.0	3	116798 7461 609 155
39	125302	0.0	3	116666 7747 773 116
40	126091	0.0	3	116564 8791 584 152
41	249361	0.0	3	234830 13251 1088 192
42	1785	0.0	3	76 1501 170 38
43	126517	0.0	3	118224 7567 597 129
44	127442	0.0	3	118861 7822 612 147
45	128880	0.0	3	120004 8062 693 121
46	126098	0.0	3	116785 8609 583 121
47	250342	0.0	3	235985 13272 908 177
48	2011	0.0	3	225 1549 172 65
49	125999	0.0	3	118092 7183 624 100
50	126179	0.0	3	117151 8395 531 102
51	246219	0.0	3	232400 12770 846 203
52	2157	0.0	3	278 1608 251 20
53	125564	0.0	3	116898 8095 465 106
54	248415	0.0	3	234435 12957 846 177
55	1954	0.0	3	257 1486 177 34
56	122841	0.0	3	115115 7172 455 99
57	122472	0.0	3	114127 7737 495 113
58	120196	0.0	3	112120 7510 459 107
59	119293	0.0	3	111275 7387 554 77
60	118378	0.0	3	109686 8096 497 99
61	229342	0.0	3	216118 12326 739 159
62	1834	0.0	3	263 1354 164 53
63	113948	0.0	3	106695 6706 475 72
64	114070	0.0	3	105786 7754 449 81
65	218516	0.0	3	206060 11556 773 127
66	1632	0.0	3	229 1240 139 24
67	105645	0.0	3	98863 6232 469 81
68	103413	0.0	3	96751 6157 435 70
69	98910	0.0	3	92549 5869 414 78
70	95899	0.0	3	89532 5867 420 80
71	93663	0.0	3	87559 5664 362 78
72	113303	0.0	3	106266 6504 455 78
73	85958	0.0	3	80581 4968 343 66
74	85170	0.0	3	79874 4890 349 57
75	80981	0.0	3	75779 4823 328 51
76	78625	0.0	3	73809 4474 285 57
77	71597	0.0	3	67122 4140 280 55
78	61210	0.0	3	57295 3636 243 36
79	59099	0.0	3	55426 3430 198 45
80	53836	0.0	3	50519 3114 163 40
81	50167	0.0	3	47027 2972 140 28
82	46848	0.0	3	43926 2731 164 27
83	40528	0.0	3	37981 2376 153 18
84	36619	0.0	3	34435 2066 92 26
85	32407	0.0	3	30382 1905 101 19
86	30129	0.0	3	28366 1650 96 17
87	27121	0.0	3	25532 1486 93 10
88	24977	0.0	3	23476 1408 74 19
89	20984	0.0	3	19714 1179 78 13
90	18169	0.0	3	17086 1017 58 8
91	16414	0.0	3	15501 856 50 7
92	14402	0.0	3	13507 843 44 8
93	11278	0.0	3	10599 636 35 8
94	9844	0.0	3	9210 594 34 6
95	8656	0.0	3	8186 439 25 6
96	6734	0.0	3	6363 336 24 11
97	6320	0.0	3	5968 330 20 2
98	5672	0.0	3	5352 297 20 3
99	5060	0.0	3	4767 265 22 6
100	4288	0.0	3	4028 234 23 3
101	3652	0.0	3	3429 209 12 2
102	2969	0.0	3	2811 142 11 5
103	2326	0.0	3	2160 158 8
104	2007	0.0	3	1896 98 11 2
105	1646	0.0	3	1534 101 7 4
106	1491	0.0	3	1412 69 9 1
107	1254	0.0	3	1180 63 5 6
108	1179	0.0	3	1093 78 6 2
109	1098	0.0	3	1029 62 4 3
110	970	0.0	3	910 55 4 1
111	804	0.0	3	738 57 4 5
112	765	0.0	3	710 49 5 1
113	698	0.0	3	653 40 5
114	595	0.0	3	541 45 6 3
115	583	0.0	3	556 24 2 1
116	583	0.0	3	547 28 4 4
117	568	0.0	3	544 19 4 1
118	563	0.0	3	517 40 3 3
119	573	0.0	3	543 24 4 2
120	572	0.0	3	540 26 4 2
121	609	0.0	3	557 38 11 3
122	563	0.0	3	516 41 5 1
123	641	0.0	3	596 43 1 1
124	725	0.0	3	676 42 6 1
125	752	0.0	3	696 53 2 1
126	866	0.0	3	788 73 4 1
127	857	0.0	3	799 54 1 3
128	1017	0.0	3	960 54 3
129	995	0.0	3	933 56 4 2
130	1106	0.0	3	1036 67 3
131	1208	0.0	3	1136 70 2
132	1335	0.0	3	1253 78 4
133	1443	0.0	3	1339 96 7 1
134	1646	0.0	3	1531 110 5
135	1779	0.0	3	1634 139 6
136	1897	0.0	3	1762 128 7
137	2072	0.0	3	1920 145 7
138	1940	0.0	3	1798 130 11 1
139	1896	0.0	3	1748 143 4 1
140	2315	0.0	3	2113 186 16
141	2505	0.0	3	2286 205 12 2
142	1453	0.0	3	1268 173 12
143	1677	0.0	3	1446 223 7 1
144	1739	0.0	3	1427 296 16
145	2033	0.0	3	1710 303 20
146	2431	0.0	3	1889 501 41
147	2906	0.0	3	1718 1118 65 5
148	3224	0.0	3	498 2535 185 6
149	8502	0.0	3	258 7744 473 27
150	19590	0.0	3	648 17760 1121 61


=== Second read: Adapter 2 ===

Sequence: AGATCGGAAGAGCGTCGTGTAGGGAAAGAGTGTA; Type: regular 3'; Length: 34; Trimmed: 9860872 times

No. of allowed errors:
0-9 bp: 0; 10-19 bp: 1; 20-29 bp: 2; 30-34 bp: 3

Bases preceding removed adapters:
  A: 16.5%
  C: 26.9%
  G: 46.6%
  T: 9.9%
  none/other: 0.1%

Overview of removed sequences
length	count	expect	max.err	error counts
3	558574	372021.0	0	558574
4	208676	93005.2	0	208676
5	336836	23251.3	0	336836
8	106326	363.3	0	106326
9	213780	90.8	0	213780
10	905	22.7	1	0 905
11	222355	5.7	1	218472 3883
12	742	1.4	1	0 742
13	224621	0.4	1	220175 4446
14	533	0.1	1	0 533
15	112583	0.0	1	109662 2921
16	228070	0.0	1	222280 5790
17	1013	0.0	1	0 1013
18	225254	0.0	1	219572 5450 232
19	963	0.0	1	0 695 268
20	117939	0.0	2	112156 5300 483
21	468279	0.0	2	452147 14320 1812
22	1120	0.0	2	0 969 151
23	504	0.0	2	0 156 348
24	1018	0.0	2	0 824 194
25	119489	0.0	2	113907 4870 712
26	120024	0.0	2	113709 5646 669
27	237335	0.0	2	227226 8585 1524
28	2290	0.0	2	0 2053 145 92
29	239516	0.0	2	228739 9298 1441 38
30	2364	0.0	3	0 2169 120 75
31	241213	0.0	3	229804 9375 1398 636
32	1800	0.0	3	0 1373 304 123
33	123785	0.0	3	116423 6191 904 267
34	125447	0.0	3	116877 7448 818 304
35	246673	0.0	3	233387 11245 1528 513
36	1732	0.0	3	67 1416 185 64
37	124222	0.0	3	116726 6366 796 334
38	124975	0.0	3	117084 6601 1051 239
39	127874	0.0	3	118370 8381 855 268
40	372226	0.0	3	353632 16020 1901 673
41	1239	0.0	3	171 769 260 39
42	2205	0.0	3	329 1712 106 58
43	250167	0.0	3	237495 10876 1334 462
44	2097	0.0	3	405 1389 282 21
45	127197	0.0	3	119135 7126 699 237
46	251436	0.0	3	238910 10782 1319 425
47	2116	0.0	3	408 1459 187 62
48	125080	0.0	3	118191 5936 723 230
49	126167	0.0	3	119159 6037 706 265
50	125176	0.0	3	117603 6400 952 221
51	125632	0.0	3	116972 7758 695 207
52	371255	0.0	3	353198 15635 1771 651
53	1557	0.0	3	491 711 315 40
54	3198	0.0	3	487 2554 125 32
55	365617	0.0	3	349847 13828 1500 442
56	1510	0.0	3	535 725 153 97
57	1385	0.0	3	240 900 222 23
58	120702	0.0	3	114034 5955 518 195
59	233481	0.0	3	223534 8665 981 301
60	2016	0.0	3	429 1332 228 27
61	116684	0.0	3	110107 5840 543 194
62	227833	0.0	3	218301 8291 956 285
63	1812	0.0	3	391 1234 141 46
64	111988	0.0	3	106907 4426 507 148
65	112211	0.0	3	106778 4818 486 129
66	108605	0.0	3	103378 4514 529 184
67	105928	0.0	3	100817 4521 444 146
68	103414	0.0	3	98356 4453 481 124
69	98835	0.0	3	94294 3954 461 126
70	95691	0.0	3	91187 3998 378 128
71	93264	0.0	3	89044 3723 394 103
72	88673	0.0	3	84554 3608 384 127
73	85345	0.0	3	81521 3376 329 119
74	82794	0.0	3	79027 3370 295 102
75	78769	0.0	3	75114 3213 336 106
76	89840	0.0	3	85750 3651 318 121
77	72501	0.0	3	69348 2821 255 77
78	66420	0.0	3	63490 2638 226 66
79	62492	0.0	3	59784 2429 212 67
80	58290	0.0	3	55759 2264 185 82
81	49519	0.0	3	47408 1906 153 52
82	45981	0.0	3	44042 1730 155 54
83	40801	0.0	3	39010 1564 165 62
84	37285	0.0	3	35709 1400 126 50
85	34448	0.0	3	33027 1281 102 38
86	30770	0.0	3	29498 1103 128 41
87	27881	0.0	3	26710 1035 99 37
88	24569	0.0	3	23470 933 107 59
89	22113	0.0	3	21164 829 87 33
90	18902	0.0	3	18075 722 72 33
91	16521	0.0	3	15814 610 71 26
92	14256	0.0	3	13640 538 60 18
93	11882	0.0	3	11350 461 47 24
94	9839	0.0	3	9427 352 44 16
95	8452	0.0	3	8103 305 28 16
96	7329	0.0	3	7004 285 18 22
97	6182	0.0	3	5912 223 35 12
98	5869	0.0	3	5596 245 19 9
99	4822	0.0	3	4611 179 15 17
100	4296	0.0	3	4111 162 17 6
101	3689	0.0	3	3505 152 22 10
102	2979	0.0	3	2831 120 19 9
103	2521	0.0	3	2386 101 19 15
104	2045	0.0	3	1950 69 16 10
105	1727	0.0	3	1612 84 19 12
106	1548	0.0	3	1453 70 13 12
107	1394	0.0	3	1310 64 14 6
108	1222	0.0	3	1133 64 16 9
109	1175	0.0	3	1117 43 7 8
110	1031	0.0	3	974 36 11 10
111	898	0.0	3	830 47 13 8
112	798	0.0	3	744 34 12 8
113	740	0.0	3	682 34 9 15
114	656	0.0	3	607 38 6 5
115	685	0.0	3	618 45 12 10
116	644	0.0	3	589 39 11 5
117	543	0.0	3	501 27 9 6
118	624	0.0	3	559 45 11 9
119	608	0.0	3	554 39 6 9
120	617	0.0	3	570 32 11 4
121	578	0.0	3	528 33 9 8
122	612	0.0	3	572 31 5 4
123	666	0.0	3	612 32 11 11
124	723	0.0	3	674 39 7 3
125	795	0.0	3	747 39 7 2
126	833	0.0	3	780 46 5 2
127	881	0.0	3	831 35 10 5
128	973	0.0	3	917 50 4 2
129	1028	0.0	3	959 57 9 3
130	1107	0.0	3	1047 49 10 1
131	1147	0.0	3	1085 55 3 4
132	1337	0.0	3	1260 66 6 5
133	1409	0.0	3	1316 84 7 2
134	1646	0.0	3	1567 67 10 2
135	1763	0.0	3	1681 75 4 3
136	1920	0.0	3	1811 98 9 2
137	2046	0.0	3	1945 92 8 1
138	1928	0.0	3	1837 85 5 1
139	1895	0.0	3	1790 96 7 2
140	2258	0.0	3	2117 134 6 1
141	2614	0.0	3	2452 152 10
142	1469	0.0	3	1329 129 9 2
143	1644	0.0	3	1456 174 11 3
144	1655	0.0	3	1437 205 11 2
145	1892	0.0	3	1691 196 4 1
146	2381	0.0	3	2001 364 15 1
147	2687	0.0	3	1987 664 33 3
148	2343	0.0	3	561 1703 74 5
149	6761	0.0	3	246 6253 249 13
150	22342	0.0	3	768 20712 810 52
