This is cutadapt 2.9 with Python 3.5.2
Command line parameters: --nextseq-trim 10 --minimum-length 25 --cores 4 -a AGATCGGAAGAGCACACGTCTGAACTCCAGTCAC -A AGATCGGAAGAGCGTCGTGTAGGGAAAGAGTGTA -o Mcapitata_ATAC_TP1_1652_R1_TrimmingRound1.fastq.gz -p Mcapitata_ATAC_TP1_1652_R2_TrimmingRound1.fastq.gz Mcapitata_ATAC_TP1_1652_R1.fastq.gz Mcapitata_ATAC_TP1_1652_R2.fastq.gz
Processing reads on 4 cores in paired-end mode ...
Finished in 763.16 s (37 us/read; 1.63 M reads/minute).

=== Summary ===

Total read pairs processed:         20,710,495
  Read 1 with adapter:               7,627,597 (36.8%)
  Read 2 with adapter:               7,780,990 (37.6%)
Pairs written (passing filters):    20,654,221 (99.7%)

Total basepairs processed: 6,213,148,500 bp
  Read 1: 3,106,574,250 bp
  Read 2: 3,106,574,250 bp
Quality-trimmed:              12,740,967 bp (0.2%)
  Read 1:     5,348,500 bp
  Read 2:     7,392,467 bp
Total written (filtered):  5,597,933,019 bp (90.1%)
  Read 1: 2,799,400,358 bp
  Read 2: 2,798,532,661 bp

=== First read: Adapter 1 ===

Sequence: AGATCGGAAGAGCACACGTCTGAACTCCAGTCAC; Type: regular 3'; Length: 34; Trimmed: 7627597 times

No. of allowed errors:
0-9 bp: 0; 10-19 bp: 1; 20-29 bp: 2; 30-34 bp: 3

Bases preceding removed adapters:
  A: 18.0%
  C: 27.8%
  G: 37.0%
  T: 17.1%
  none/other: 0.1%

Overview of removed sequences
length	count	expect	max.err	error counts
3	380703	323601.5	0	380703
4	155174	80900.4	0	155174
5	284069	20225.1	0	284069
8	90093	316.0	0	90093
9	182396	79.0	0	182396
10	611	19.8	1	0 611
11	186768	4.9	1	183537 3231
12	531	1.2	1	0 531
13	94459	0.3	1	92338 2121
14	94692	0.1	1	92350 2342
15	95535	0.0	1	93224 2311
16	95712	0.0	1	92863 2849
17	190167	0.0	1	185503 4664
18	658	0.0	1	0 602 56
19	95929	0.0	1	93013 2794 122
20	96977	0.0	2	93274 3456 247
21	193290	0.0	2	187212 5568 510
22	1003	0.0	2	0 912 91
23	98715	0.0	2	95101 3269 345
24	98159	0.0	2	94038 3760 361
25	98618	0.0	2	94471 3775 372
26	99027	0.0	2	94761 3917 349
27	98761	0.0	2	94325 3952 484
28	100014	0.0	2	94758 4834 337 85
29	196273	0.0	2	188550 6843 752 128
30	1578	0.0	3	0 1143 170 265
31	100035	0.0	3	95148 4346 439 102
32	100624	0.0	3	95167 4839 481 137
33	100864	0.0	3	95351 4963 451 99
34	102349	0.0	3	95888 5878 463 120
35	199805	0.0	3	190359 8520 731 195
36	1579	0.0	3	87 1316 135 41
37	101136	0.0	3	95665 4896 454 121
38	99881	0.0	3	94396 4945 427 113
39	100213	0.0	3	94642 5029 426 116
40	100841	0.0	3	95181 5089 454 117
41	100694	0.0	3	95077 5076 439 102
42	100665	0.0	3	95109 5011 440 105
43	100916	0.0	3	95220 5189 404 103
44	100809	0.0	3	95250 5040 385 134
45	101555	0.0	3	95941 5086 444 84
46	99873	0.0	3	93615 5877 308 73
47	196047	0.0	3	187280 8033 594 140
48	1842	0.0	3	273 1375 145 49
49	97880	0.0	3	92826 4586 405 63
50	97895	0.0	3	92171 5364 267 93
51	191030	0.0	3	182606 7760 493 171
52	1734	0.0	3	308 1214 194 18
53	97000	0.0	3	91391 5251 268 90
54	189832	0.0	3	181465 7720 502 145
55	1707	0.0	3	289 1274 114 30
56	93698	0.0	3	88869 4426 326 77
57	91980	0.0	3	86817 4769 317 77
58	91187	0.0	3	86125 4677 286 99
59	89784	0.0	3	84901 4467 366 50
60	88467	0.0	3	82897 5232 269 69
61	170440	0.0	3	162795 7156 388 101
62	1616	0.0	3	283 1170 123 40
63	84361	0.0	3	79912 4066 339 44
64	83370	0.0	3	78213 4853 253 51
65	158359	0.0	3	150959 6859 460 81
66	1410	0.0	3	239 1049 94 28
67	76330	0.0	3	72447 3542 281 60
68	74229	0.0	3	70119 3814 249 47
69	71017	0.0	3	67126 3574 256 61
70	68061	0.0	3	64335 3427 250 49
71	65735	0.0	3	62113 3389 188 45
72	76709	0.0	3	72816 3558 274 61
73	59316	0.0	3	56117 2946 195 58
74	58092	0.0	3	55057 2803 193 39
75	54767	0.0	3	51997 2575 153 42
76	52559	0.0	3	49841 2542 137 39
77	47004	0.0	3	44539 2287 143 35
78	42762	0.0	3	40496 2121 114 31
79	39050	0.0	3	36989 1931 110 20
80	35551	0.0	3	33679 1765 88 19
81	33055	0.0	3	31320 1621 99 15
82	29366	0.0	3	27841 1426 86 13
83	26529	0.0	3	25154 1290 62 23
84	23439	0.0	3	22218 1156 51 14
85	21213	0.0	3	20110 1031 54 18
86	19251	0.0	3	18310 880 50 11
87	17099	0.0	3	16215 822 47 15
88	15621	0.0	3	14876 709 24 12
89	12674	0.0	3	12047 578 40 9
90	11493	0.0	3	10930 522 29 12
91	9865	0.0	3	9386 455 19 5
92	8494	0.0	3	8088 375 24 7
93	6956	0.0	3	6588 349 16 3
94	6040	0.0	3	5779 247 9 5
95	5358	0.0	3	5093 247 16 2
96	4125	0.0	3	3917 193 12 3
97	3851	0.0	3	3653 185 10 3
98	3373	0.0	3	3201 159 11 2
99	2965	0.0	3	2828 124 9 4
100	2421	0.0	3	2283 121 14 3
101	2158	0.0	3	2051 100 4 3
102	1776	0.0	3	1696 70 4 6
103	1341	0.0	3	1279 54 7 1
104	1108	0.0	3	1043 57 5 3
105	965	0.0	3	915 43 3 4
106	880	0.0	3	825 49 5 1
107	750	0.0	3	713 29 4 4
108	680	0.0	3	638 37 3 2
109	634	0.0	3	586 40 4 4
110	495	0.0	3	464 29 2
111	474	0.0	3	445 26 2 1
112	439	0.0	3	419 17 2 1
113	456	0.0	3	419 35 0 2
114	391	0.0	3	376 15
115	396	0.0	3	369 24 2 1
116	361	0.0	3	343 16 1 1
117	367	0.0	3	345 20 1 1
118	377	0.0	3	350 22 2 3
119	384	0.0	3	363 19 1 1
120	374	0.0	3	357 17
121	419	0.0	3	395 20 4
122	390	0.0	3	365 21 2 2
123	421	0.0	3	393 24 4
124	503	0.0	3	472 28 2 1
125	495	0.0	3	463 27 3 2
126	580	0.0	3	543 36 1
127	616	0.0	3	579 36 1
128	694	0.0	3	656 37 1
129	683	0.0	3	634 48 1
130	812	0.0	3	768 40 3 1
131	839	0.0	3	785 50 3 1
132	914	0.0	3	852 62
133	1061	0.0	3	983 74 3 1
134	1132	0.0	3	1058 71 3
135	1232	0.0	3	1141 89 2
136	1362	0.0	3	1268 86 6 2
137	1304	0.0	3	1214 85 5
138	1313	0.0	3	1207 102 4
139	1195	0.0	3	1080 106 8 1
140	1482	0.0	3	1351 123 8
141	1562	0.0	3	1416 139 7
142	974	0.0	3	842 128 3 1
143	1013	0.0	3	834 162 16 1
144	1141	0.0	3	885 246 10
145	1295	0.0	3	1034 241 20
146	1632	0.0	3	1194 412 23 3
147	2077	0.0	3	1107 899 71
148	2813	0.0	3	270 2388 147 8
149	7775	0.0	3	142 7155 446 32
150	19302	0.0	3	302 17851 1088 61


=== Second read: Adapter 2 ===

Sequence: AGATCGGAAGAGCGTCGTGTAGGGAAAGAGTGTA; Type: regular 3'; Length: 34; Trimmed: 7780990 times

No. of allowed errors:
0-9 bp: 0; 10-19 bp: 1; 20-29 bp: 2; 30-34 bp: 3

Bases preceding removed adapters:
  A: 17.4%
  C: 26.8%
  G: 45.5%
  T: 10.2%
  none/other: 0.1%

Overview of removed sequences
length	count	expect	max.err	error counts
3	511374	323601.5	0	511374
4	186854	80900.4	0	186854
5	286742	20225.1	0	286742
8	89984	316.0	0	89984
9	179418	79.0	0	179418
10	4181	19.8	1	0 4181
11	182281	4.9	1	179389 2892
12	5193	1.2	1	0 5193
13	183405	0.3	1	180048 3357
14	3503	0.1	1	0 3503
15	97227	0.0	1	90062 7165
16	184444	0.0	1	179572 4872
17	7395	0.0	1	0 7395
18	181236	0.0	1	176702 4069 465
19	6078	0.0	1	0 4831 1247
20	106902	0.0	2	89217 16942 743
21	370618	0.0	2	357319 11801 1498
22	3512	0.0	2	0 3338 174
23	646	0.0	2	0 136 510
24	4565	0.0	2	0 4031 534
25	97720	0.0	2	89351 7145 1224
26	102599	0.0	2	89946 11874 779
27	188053	0.0	2	178973 7193 1887
28	10548	0.0	2	0 10007 429 112
29	187728	0.0	2	179083 6835 1754 56
30	10747	0.0	3	0 10179 434 134
31	188644	0.0	3	179619 6882 1474 669
32	7710	0.0	3	0 6213 1379 118
33	108116	0.0	3	90058 16664 1109 285
34	285864	0.0	3	270583 12982 1708 591
35	3877	0.0	3	116 3096 573 92
36	4961	0.0	3	51 4218 595 97
37	99778	0.0	3	89948 8428 1128 274
38	100036	0.0	3	89472 9060 1211 293
39	100450	0.0	3	89457 9212 1542 239
40	104701	0.0	3	90235 13214 946 306
41	191223	0.0	3	180026 8950 1898 349
42	10993	0.0	3	73 10386 436 98
43	189748	0.0	3	180044 7916 1364 424
44	7550	0.0	3	198 6288 1002 62
45	103006	0.0	3	89668 12246 872 220
46	189411	0.0	3	179191 8491 1377 352
47	7175	0.0	3	214 6213 656 92
48	97204	0.0	3	88213 7779 1010 202
49	98135	0.0	3	87988 8810 1064 273
50	97636	0.0	3	86898 8768 1771 199
51	104500	0.0	3	86670 16637 989 204
52	273645	0.0	3	259646 12017 1470 512
53	4676	0.0	3	359 3026 1231 60
54	12540	0.0	3	53 11916 492 79
55	263695	0.0	3	252466 9602 1282 345
56	3846	0.0	3	349 2896 506 95
57	4793	0.0	3	78 3854 804 57
58	93616	0.0	3	82266 10543 644 163
59	167976	0.0	3	160035 6589 1065 287
60	6627	0.0	3	188 5527 868 44
61	89225	0.0	3	78416 10019 593 197
62	161587	0.0	3	154106 6218 1016 247
63	6096	0.0	3	184 5350 503 59
64	81205	0.0	3	74593 5758 727 127
65	81402	0.0	3	73716 6821 737 128
66	78781	0.0	3	71306 6614 717 144
67	76673	0.0	3	69499 6332 687 155
68	74202	0.0	3	67184 6212 666 140
69	70931	0.0	3	64447 5800 565 119
70	67959	0.0	3	61804 5460 585 110
71	65538	0.0	3	59530 5347 552 109
72	61761	0.0	3	56068 5090 502 101
73	59487	0.0	3	54103 4775 516 93
74	56564	0.0	3	51436 4542 501 85
75	54099	0.0	3	48832 4718 455 94
76	59935	0.0	3	54800 4584 436 115
77	48374	0.0	3	43994 3930 390 60
78	44545	0.0	3	40514 3612 352 67
79	40851	0.0	3	37024 3437 321 69
80	38610	0.0	3	35338 2948 269 55
81	32687	0.0	3	29759 2655 237 36
82	29968	0.0	3	27426 2280 226 36
83	26040	0.0	3	23767 2025 207 41
84	23696	0.0	3	21580 1877 203 36
85	22250	0.0	3	20314 1717 188 31
86	19293	0.0	3	17593 1502 161 37
87	17554	0.0	3	16048 1304 172 30
88	15256	0.0	3	13881 1229 125 21
89	13533	0.0	3	12342 1047 119 25
90	11579	0.0	3	10604 861 92 22
91	10121	0.0	3	9158 850 87 26
92	8379	0.0	3	7620 661 83 15
93	7188	0.0	3	6537 560 69 22
94	5932	0.0	3	5386 478 55 13
95	5271	0.0	3	4790 411 57 13
96	4358	0.0	3	3946 351 43 18
97	3765	0.0	3	3373 338 40 14
98	3490	0.0	3	3168 278 32 12
99	2845	0.0	3	2592 218 23 12
100	2491	0.0	3	2240 219 21 11
101	2175	0.0	3	1948 192 24 11
102	1706	0.0	3	1521 159 17 9
103	1395	0.0	3	1239 120 26 10
104	1185	0.0	3	1047 118 12 8
105	1018	0.0	3	898 103 9 8
106	952	0.0	3	855 76 16 5
107	828	0.0	3	738 70 12 8
108	740	0.0	3	646 72 13 9
109	628	0.0	3	559 60 6 3
110	603	0.0	3	517 57 13 16
111	512	0.0	3	450 34 18 10
112	465	0.0	3	400 52 8 5
113	479	0.0	3	428 32 12 7
114	433	0.0	3	375 37 13 8
115	443	0.0	3	380 48 12 3
116	421	0.0	3	365 40 10 6
117	417	0.0	3	351 47 10 9
118	400	0.0	3	338 46 8 8
119	395	0.0	3	328 47 12 8
120	438	0.0	3	387 34 14 3
121	431	0.0	3	370 43 11 7
122	423	0.0	3	373 39 4 7
123	455	0.0	3	405 38 11 1
124	507	0.0	3	436 56 6 9
125	565	0.0	3	484 60 13 8
126	587	0.0	3	496 72 11 8
127	638	0.0	3	555 67 14 2
128	659	0.0	3	576 71 10 2
129	703	0.0	3	633 58 10 2
130	810	0.0	3	719 80 9 2
131	808	0.0	3	705 96 6 1
132	915	0.0	3	816 84 10 5
133	1075	0.0	3	971 89 10 5
134	1125	0.0	3	1018 96 9 2
135	1222	0.0	3	1133 79 10
136	1387	0.0	3	1262 109 14 2
137	1314	0.0	3	1183 122 8 1
138	1315	0.0	3	1175 126 11 3
139	1160	0.0	3	1015 132 10 3
140	1472	0.0	3	1300 155 12 5
141	1624	0.0	3	1439 170 12 3
142	889	0.0	3	742 129 12 6
143	1019	0.0	3	834 177 8
144	1045	0.0	3	821 208 14 2
145	1203	0.0	3	984 203 15 1
146	1614	0.0	3	1243 341 24 6
147	1855	0.0	3	1146 652 53 4
148	1996	0.0	3	289 1580 115 12
149	6545	0.0	3	112 5963 436 34
150	21390	0.0	3	323 19512 1445 110
