This is cutadapt 2.9 with Python 3.5.2
Command line parameters: --nextseq-trim 10 --minimum-length 25 --cores 4 -a AGATCGGAAGAGCACACGTCTGAACTCCAGTCAC -A AGATCGGAAGAGCGTCGTGTAGGGAAAGAGTGTA -o Mcapitata_HTHC_TP3_1128_R1_TrimmingRound1.fastq.gz -p Mcapitata_HTHC_TP3_1128_R2_TrimmingRound1.fastq.gz Mcapitata_HTHC_TP3_1128_R1.fastq.gz Mcapitata_HTHC_TP3_1128_R2.fastq.gz
Processing reads on 4 cores in paired-end mode ...
Finished in 515.23 s (38 us/read; 1.60 M reads/minute).

=== Summary ===

Total read pairs processed:         13,715,233
  Read 1 with adapter:               5,981,900 (43.6%)
  Read 2 with adapter:               5,866,579 (42.8%)
Pairs written (passing filters):    13,684,056 (99.8%)

Total basepairs processed: 4,114,569,900 bp
  Read 1: 2,057,284,950 bp
  Read 2: 2,057,284,950 bp
Quality-trimmed:               8,751,571 bp (0.2%)
  Read 1:     3,476,702 bp
  Read 2:     5,274,869 bp
Total written (filtered):  3,737,666,672 bp (90.8%)
  Read 1: 1,865,554,439 bp
  Read 2: 1,872,112,233 bp

=== First read: Adapter 1 ===

Sequence: AGATCGGAAGAGCACACGTCTGAACTCCAGTCAC; Type: regular 3'; Length: 34; Trimmed: 5981900 times

No. of allowed errors:
0-9 bp: 0; 10-19 bp: 1; 20-29 bp: 2; 30-34 bp: 3

Bases preceding removed adapters:
  A: 15.0%
  C: 29.8%
  G: 36.4%
  T: 18.8%
  none/other: 0.1%

Overview of removed sequences
length	count	expect	max.err	error counts
3	282023	214300.5	0	282023
4	132048	53575.1	0	132048
5	287837	13393.8	0	287837
8	94513	209.3	0	94513
9	190119	52.3	0	190119
10	459	13.1	1	0 459
11	209345	3.3	1	192807 16538
12	349	0.8	1	0 349
13	106173	0.2	1	97191 8982
14	105922	0.1	1	96712 9210
15	104908	0.0	1	95625 9283
16	104680	0.0	1	95304 9376
17	208303	0.0	1	189982 18321
18	685	0.0	1	0 609 76
19	104468	0.0	1	94942 9274 252
20	106699	0.0	2	95253 10405 1041
21	212287	0.0	2	190906 19491 1890
22	1129	0.0	2	0 924 205
23	108116	0.0	2	96677 10190 1249
24	106842	0.0	2	94985 10632 1225
25	106830	0.0	2	94562 10897 1371
26	105313	0.0	2	93105 10869 1339
27	103645	0.0	2	91369 10809 1467
28	104257	0.0	2	91454 11396 1358 49
29	204446	0.0	2	181701 20145 2369 231
30	1750	0.0	3	0 1200 314 236
31	103128	0.0	3	90655 10596 1369 508
32	103565	0.0	3	90289 11204 1570 502
33	103853	0.0	3	90727 11118 1520 488
34	103218	0.0	3	89623 11543 1559 493
35	102438	0.0	3	89122 11243 1574 499
36	99671	0.0	3	86858 10922 1386 505
37	98188	0.0	3	85876 10414 1437 461
38	97360	0.0	3	84258 11245 1372 485
39	184432	0.0	3	163094 18352 2218 768
40	1833	0.0	3	209 1284 224 116
41	91858	0.0	3	81239 8991 1190 438
42	90922	0.0	3	79701 9644 1193 384
43	90155	0.0	3	79179 9302 1263 411
44	87763	0.0	3	77004 9212 1178 369
45	88412	0.0	3	77389 9271 1335 417
46	82279	0.0	3	72423 8602 930 324
47	156806	0.0	3	139920 14642 1742 502
48	1674	0.0	3	326 1041 193 114
49	73914	0.0	3	65490 7217 943 264
50	72632	0.0	3	63465 7997 867 303
51	133731	0.0	3	119621 12323 1344 443
52	1559	0.0	3	352 941 227 39
53	65996	0.0	3	58187 6823 715 271
54	122512	0.0	3	109534 11357 1279 342
55	1348	0.0	3	245 881 167 55
56	56570	0.0	3	50258 5509 593 210
57	53237	0.0	3	46949 5479 601 208
58	50035	0.0	3	44348 4928 563 196
59	46459	0.0	3	41046 4683 569 161
60	43922	0.0	3	38455 4833 453 181
61	76659	0.0	3	68300 7377 754 228
62	853	0.0	3	189 507 111 46
63	35677	0.0	3	31412 3727 407 131
64	34104	0.0	3	29858 3728 401 117
65	58319	0.0	3	52003 5630 483 203
66	633	0.0	3	124 401 86 22
67	25765	0.0	3	22777 2621 277 90
68	23307	0.0	3	20482 2486 265 74
69	20694	0.0	3	18176 2246 205 67
70	18749	0.0	3	16530 1980 190 49
71	16975	0.0	3	14985 1765 182 43
72	19037	0.0	3	16880 1885 213 59
73	13560	0.0	3	11992 1406 136 26
74	12533	0.0	3	11067 1300 131 35
75	11089	0.0	3	9818 1133 99 39
76	10178	0.0	3	8970 1068 110 30
77	9054	0.0	3	8019 936 76 23
78	7645	0.0	3	6730 819 76 20
79	6702	0.0	3	5886 740 56 20
80	6286	0.0	3	5534 664 70 18
81	4818	0.0	3	4264 495 48 11
82	4359	0.0	3	3896 409 44 10
83	3907	0.0	3	3451 408 37 11
84	3473	0.0	3	3090 338 39 6
85	3018	0.0	3	2693 285 32 8
86	2865	0.0	3	2521 306 29 9
87	2498	0.0	3	2193 275 26 4
88	2209	0.0	3	1973 219 14 3
89	1871	0.0	3	1644 206 14 7
90	1668	0.0	3	1478 168 16 6
91	1374	0.0	3	1216 141 15 2
92	1210	0.0	3	1063 131 13 3
93	930	0.0	3	833 87 9 1
94	826	0.0	3	724 92 7 3
95	774	0.0	3	676 90 5 3
96	617	0.0	3	546 63 7 1
97	564	0.0	3	498 57 7 2
98	556	0.0	3	492 57 7
99	478	0.0	3	426 42 7 3
100	464	0.0	3	396 56 9 3
101	326	0.0	3	273 48 2 3
102	305	0.0	3	265 37 1 2
103	216	0.0	3	184 25 3 4
104	155	0.0	3	140 13 2
105	149	0.0	3	125 19 3 2
106	144	0.0	3	129 12 2 1
107	95	0.0	3	82 10 2 1
108	110	0.0	3	101 7 2
109	111	0.0	3	104 6 0 1
110	80	0.0	3	70 9 1
111	63	0.0	3	56 5 2
112	40	0.0	3	34 6
113	41	0.0	3	36 5
114	38	0.0	3	34 2 2
115	23	0.0	3	19 4
116	26	0.0	3	25 1
117	17	0.0	3	16 1
118	12	0.0	3	8 1 3
119	17	0.0	3	14 2 1
120	7	0.0	3	7
121	11	0.0	3	9 0 2
122	11	0.0	3	9 0 2
123	9	0.0	3	4 2 2 1
124	9	0.0	3	4 1 3 1
125	9	0.0	3	4 1 4
126	7	0.0	3	1 0 4 2
127	10	0.0	3	6 0 4
128	10	0.0	3	6 1 3
129	12	0.0	3	10 0 2
130	4	0.0	3	0 1 3
131	8	0.0	3	3 0 5
132	8	0.0	3	1 1 6
133	12	0.0	3	6 1 5
134	13	0.0	3	4 0 9
135	14	0.0	3	6 1 7
136	13	0.0	3	2 0 10 1
137	22	0.0	3	6 0 16
138	34	0.0	3	7 2 25
139	26	0.0	3	6 1 19
140	39	0.0	3	4 1 32 2
141	49	0.0	3	8 0 39 2
142	67	0.0	3	3 2 58 4
143	95	0.0	3	3 3 85 4
144	165	0.0	3	5 2 154 4
145	165	0.0	3	9 6 143 7
146	317	0.0	3	7 10 288 12
147	819	0.0	3	7 19 760 33
148	2574	0.0	3	1 57 2425 91
149	7586	0.0	3	2 144 7149 291
150	18893	0.0	3	3 358 17816 716


=== Second read: Adapter 2 ===

Sequence: AGATCGGAAGAGCGTCGTGTAGGGAAAGAGTGTA; Type: regular 3'; Length: 34; Trimmed: 5866579 times

No. of allowed errors:
0-9 bp: 0; 10-19 bp: 1; 20-29 bp: 2; 30-34 bp: 3

Bases preceding removed adapters:
  A: 12.3%
  C: 27.3%
  G: 50.5%
  T: 9.8%
  none/other: 0.1%

Overview of removed sequences
length	count	expect	max.err	error counts
3	382392	214300.5	0	382392
4	150083	53575.1	0	150083
5	272788	13393.8	0	272788
8	87673	209.3	0	87673
9	176264	52.3	0	176264
10	913	13.1	1	0 913
11	202984	3.3	1	177626 25358
12	693	0.8	1	0 693
13	207467	0.2	1	180420 27047
14	547	0.1	1	0 547
15	99758	0.0	1	86487 13271
16	204114	0.0	1	175510 28604
17	657	0.0	1	0 657
18	194616	0.0	1	168250 25768 598
19	983	0.0	1	0 636 347
20	103796	0.0	2	85663 15084 3049
21	408709	0.0	2	341552 56557 10600
22	2145	0.0	2	0 1438 707
23	1131	0.0	2	0 455 676
24	834	0.0	2	0 551 283
25	101956	0.0	2	83855 14974 3127
26	102312	0.0	2	83248 15684 3380
27	197882	0.0	2	162840 28265 6777
28	1792	0.0	2	0 1288 387 117
29	199985	0.0	2	163312 29618 6965 90
30	2113	0.0	3	0 1422 454 237
31	194635	0.0	3	158867 26206 5931 3631
32	1440	0.0	3	0 946 260 234
33	99685	0.0	3	79323 14829 3803 1730
34	97910	0.0	3	28 79281 15036 3565
35	98164	0.0	3	68 78605 15774 3717
36	186437	0.0	3	68 151335 28428 6606
37	1488	0.0	3	4 160 982 342
38	91920	0.0	3	34 73715 14660 3511
39	89694	0.0	3	25 72237 14119 3313
40	88765	0.0	3	38 71154 14313 3260
41	173286	0.0	3	37 140972 26236 6041
42	2023	0.0	3	0 318 1291 414
43	167347	0.0	3	63 136632 25128 5524
44	1601	0.0	3	2 274 994 331
45	82263	0.0	3	21 66442 12940 2860
46	156077	0.0	3	40 127396 23417 5224
47	1466	0.0	3	0 276 890 300
48	74275	0.0	3	25 60280 11429 2541
49	71024	0.0	3	11 57716 10946 2351
50	68821	0.0	3	65 55707 10650 2399
51	66711	0.0	3	12 53646 10801 2252
52	186695	0.0	3	61 152763 27821 6050
53	1473	0.0	3	4 380 756 333
54	1453	0.0	3	0 304 867 282
55	160708	0.0	3	80 132908 23023 4697
56	1119	0.0	3	1 327 581 210
57	639	0.0	3	1 142 325 171
58	48003	0.0	3	27 39336 7163 1477
59	85034	0.0	3	22 70305 12235 2472
60	836	0.0	3	0 146 521 169
61	38742	0.0	3	6 31540 5940 1256
62	70501	0.0	3	30 58164 10299 2008
63	616	0.0	3	0 113 389 114
64	31744	0.0	3	19 26366 4509 850
65	29767	0.0	3	5 24504 4419 839
66	27255	0.0	3	15 22373 4050 817
67	24886	0.0	3	5 20482 3669 730
68	22577	0.0	3	12 18467 3421 677
69	19886	0.0	3	4 16430 2860 592
70	17993	0.0	3	9 14848 2640 496
71	16258	0.0	3	9 13403 2354 492
72	14781	0.0	3	3 12259 2136 383
73	13561	0.0	3	5 11267 1912 377
74	12087	0.0	3	4 9939 1799 345
75	11119	0.0	3	3 9192 1619 305
76	11901	0.0	3	7 9736 1785 373
77	8943	0.0	3	0 7389 1330 224
78	7438	0.0	3	7 6163 1073 195
79	6617	0.0	3	3 5507 935 172
80	6424	0.0	3	2 5379 896 147
81	4745	0.0	3	0 3950 674 121
82	4249	0.0	3	1 3572 555 121
83	3787	0.0	3	2 3150 546 89
84	3365	0.0	3	2 2795 489 79
85	3036	0.0	3	2 2562 415 57
86	2881	0.0	3	0 2417 392 72
87	2374	0.0	3	0 1985 318 71
88	2116	0.0	3	1 1760 289 66
89	1957	0.0	3	0 1641 266 50
90	1609	0.0	3	0 1315 242 52
91	1236	0.0	3	2 1011 194 29
92	1140	0.0	3	0 960 155 25
93	961	0.0	3	0 809 136 16
94	731	0.0	3	0 601 106 24
95	732	0.0	3	0 596 115 21
96	638	0.0	3	0 540 74 24
97	508	0.0	3	1 422 71 14
98	513	0.0	3	0 441 62 10
99	473	0.0	3	0 397 62 14
100	431	0.0	3	0 350 66 15
101	311	0.0	3	0 251 50 10
102	313	0.0	3	0 239 65 9
103	220	0.0	3	0 181 32 7
104	172	0.0	3	0 138 26 8
105	151	0.0	3	0 122 24 5
106	141	0.0	3	0 113 23 5
107	114	0.0	3	0 92 17 5
108	125	0.0	3	0 93 26 6
109	108	0.0	3	0 87 20 1
110	102	0.0	3	0 85 11 6
111	59	0.0	3	0 48 5 6
112	64	0.0	3	0 47 10 7
113	45	0.0	3	0 33 8 4
114	42	0.0	3	0 30 8 4
115	39	0.0	3	0 29 5 5
116	32	0.0	3	0 25 2 5
117	26	0.0	3	0 19 3 4
118	22	0.0	3	0 17 1 4
119	16	0.0	3	0 12 0 4
120	14	0.0	3	0 9 1 4
121	18	0.0	3	0 10 5 3
122	8	0.0	3	0 4 2 2
123	18	0.0	3	0 10 3 5
124	12	0.0	3	0 6 4 2
125	12	0.0	3	0 4 2 6
126	12	0.0	3	0 3 5 4
127	14	0.0	3	0 6 2 6
128	18	0.0	3	0 10 2 6
129	19	0.0	3	0 6 3 10
130	11	0.0	3	0 2 1 8
131	14	0.0	3	0 3 1 10
132	22	0.0	3	0 5 0 17
133	14	0.0	3	0 5 0 9
134	20	0.0	3	0 5 0 15
135	18	0.0	3	0 7 0 11
136	17	0.0	3	0 4 0 13
137	23	0.0	3	0 5 2 16
138	29	0.0	3	0 4 4 21
139	41	0.0	3	0 4 2 35
140	39	0.0	3	0 2 3 34
141	56	0.0	3	0 7 2 47
142	86	0.0	3	0 1 4 81
143	124	0.0	3	0 0 3 121
144	172	0.0	3	0 5 5 162
145	198	0.0	3	0 3 5 190
146	274	0.0	3	0 3 8 263
147	690	0.0	3	0 5 18 667
148	1722	0.0	3	0 1 35 1686
149	6276	0.0	3	0 2 135 6139
150	18329	0.0	3	0 2 386 17941
