This is cutadapt 2.9 with Python 3.5.2
Command line parameters: --nextseq-trim 10 --minimum-length 25 --cores 4 -a AGATCGGAAGAGCACACGTCTGAACTCCAGTCAC -A AGATCGGAAGAGCGTCGTGTAGGGAAAGAGTGTA -o Mcapitata_ATAC_TP4_1651_R1_TrimmingRound1.fastq.gz -p Mcapitata_ATAC_TP4_1651_R2_TrimmingRound1.fastq.gz Mcapitata_ATAC_TP4_1651_R1.fastq.gz Mcapitata_ATAC_TP4_1651_R2.fastq.gz
Processing reads on 4 cores in paired-end mode ...
Finished in 687.29 s (37 us/read; 1.61 M reads/minute).

=== Summary ===

Total read pairs processed:         18,427,661
  Read 1 with adapter:               6,636,470 (36.0%)
  Read 2 with adapter:               6,779,643 (36.8%)
Pairs written (passing filters):    18,382,448 (99.8%)

Total basepairs processed: 5,528,298,300 bp
  Read 1: 2,764,149,150 bp
  Read 2: 2,764,149,150 bp
Quality-trimmed:              11,071,245 bp (0.2%)
  Read 1:     4,680,692 bp
  Read 2:     6,390,553 bp
Total written (filtered):  4,998,637,710 bp (90.4%)
  Read 1: 2,499,617,038 bp
  Read 2: 2,499,020,672 bp

=== First read: Adapter 1 ===

Sequence: AGATCGGAAGAGCACACGTCTGAACTCCAGTCAC; Type: regular 3'; Length: 34; Trimmed: 6636470 times

No. of allowed errors:
0-9 bp: 0; 10-19 bp: 1; 20-29 bp: 2; 30-34 bp: 3

Bases preceding removed adapters:
  A: 18.1%
  C: 27.8%
  G: 36.8%
  T: 17.2%
  none/other: 0.0%

Overview of removed sequences
length	count	expect	max.err	error counts
3	342126	287932.2	0	342126
4	139336	71983.1	0	139336
5	252067	17995.8	0	252067
8	80567	281.2	0	80567
9	161431	70.3	0	161431
10	1094	17.6	1	0 1094
11	164600	4.4	1	162011 2589
12	838	1.1	1	0 838
13	83469	0.3	1	81293 2176
14	84287	0.1	1	82017 2270
15	83952	0.0	1	81537 2415
16	84943	0.0	1	81650 3293
17	166178	0.0	1	162550 3628
18	1211	0.0	1	0 1113 98
19	85011	0.0	1	81964 2864 183
20	86100	0.0	2	81794 4071 235
21	169325	0.0	2	164470 4362 493
22	1647	0.0	2	0 1514 133
23	86565	0.0	2	82908 3256 401
24	86535	0.0	2	82485 3656 394
25	86900	0.0	2	82734 3746 420
26	86273	0.0	2	82073 3823 377
27	86724	0.0	2	82388 3767 569
28	88166	0.0	2	82379 5423 292 72
29	170283	0.0	2	163996 5402 784 101
30	2291	0.0	3	0 1911 189 191
31	86093	0.0	3	81236 4243 504 110
32	87816	0.0	3	82586 4623 491 116
33	88045	0.0	3	82621 4859 464 101
34	87686	0.0	3	82128 4931 507 120
35	88378	0.0	3	82865 4843 552 118
36	87285	0.0	3	81861 4774 506 144
37	87888	0.0	3	82393 4771 609 115
38	88486	0.0	3	81630 6247 424 185
39	170093	0.0	3	162989 6238 695 171
40	2326	0.0	3	69 1978 216 63
41	86699	0.0	3	81694 4434 445 126
42	87173	0.0	3	81744 4878 435 116
43	87064	0.0	3	81585 4910 442 127
44	87556	0.0	3	82150 4807 453 146
45	88501	0.0	3	82984 4834 587 96
46	87796	0.0	3	81124 6198 347 127
47	167248	0.0	3	160493 5970 641 144
48	2689	0.0	3	422 1980 196 91
49	84482	0.0	3	79731 4175 480 96
50	85701	0.0	3	79526 5711 323 141
51	162455	0.0	3	156163 5635 496 161
52	2723	0.0	3	434 1943 315 31
53	84127	0.0	3	78256 5441 299 131
54	160719	0.0	3	154361 5768 464 126
55	2642	0.0	3	425 1955 211 51
56	80665	0.0	3	76052 4208 324 81
57	79137	0.0	3	74287 4379 361 110
58	77727	0.0	3	72991 4268 351 117
59	76987	0.0	3	72180 4245 470 92
60	77078	0.0	3	71406 5287 275 110
61	144058	0.0	3	138329 5213 414 102
62	2445	0.0	3	399 1788 183 75
63	72806	0.0	3	68533 3758 446 69
64	71957	0.0	3	66490 5128 220 119
65	133690	0.0	3	128140 5018 420 112
66	2199	0.0	3	350 1642 174 33
67	66142	0.0	3	62478 3302 301 61
68	63675	0.0	3	59853 3457 274 91
69	60654	0.0	3	57066 3225 286 77
70	58491	0.0	3	55053 3111 269 58
71	55515	0.0	3	52073 3118 259 65
72	66769	0.0	3	63328 3104 281 56
73	50643	0.0	3	47762 2591 224 66
74	49017	0.0	3	46228 2520 208 61
75	46373	0.0	3	43840 2285 193 55
76	43843	0.0	3	41433 2211 159 40
77	41334	0.0	3	39039 2093 161 41
78	36283	0.0	3	34199 1917 138 29
79	33773	0.0	3	31818 1794 135 26
80	31435	0.0	3	29695 1607 103 30
81	26541	0.0	3	24947 1457 120 17
82	24535	0.0	3	23176 1275 61 23
83	22344	0.0	3	21074 1174 71 25
84	20135	0.0	3	19048 1005 56 26
85	18070	0.0	3	17057 915 79 19
86	16127	0.0	3	15178 859 66 24
87	14600	0.0	3	13784 745 56 15
88	12731	0.0	3	11984 684 52 11
89	10969	0.0	3	10375 545 37 12
90	9745	0.0	3	9216 489 30 10
91	8668	0.0	3	8182 438 35 13
92	7330	0.0	3	6956 354 14 6
93	5822	0.0	3	5509 286 21 6
94	5083	0.0	3	4794 270 12 7
95	4382	0.0	3	4146 216 17 3
96	3456	0.0	3	3274 166 10 6
97	3239	0.0	3	3061 159 15 4
98	2871	0.0	3	2716 145 7 3
99	2528	0.0	3	2403 111 12 2
100	2070	0.0	3	1964 94 8 4
101	1891	0.0	3	1775 110 4 2
102	1542	0.0	3	1472 60 6 4
103	1162	0.0	3	1084 72 2 4
104	998	0.0	3	930 61 7
105	857	0.0	3	813 38 0 6
106	748	0.0	3	697 45 2 4
107	614	0.0	3	585 28 0 1
108	634	0.0	3	602 30 1 1
109	540	0.0	3	511 23 5 1
110	457	0.0	3	429 25 2 1
111	416	0.0	3	380 34 2
112	374	0.0	3	350 23 0 1
113	362	0.0	3	337 19 5 1
114	358	0.0	3	331 24 3
115	357	0.0	3	341 13 3
116	333	0.0	3	307 22 2 2
117	306	0.0	3	281 25
118	323	0.0	3	302 20 0 1
119	317	0.0	3	297 18 1 1
120	314	0.0	3	293 20 0 1
121	355	0.0	3	336 17 1 1
122	370	0.0	3	341 27 0 2
123	426	0.0	3	399 26 1
124	465	0.0	3	421 43 0 1
125	538	0.0	3	504 33 0 1
126	568	0.0	3	539 25 2 2
127	571	0.0	3	530 38 3
128	628	0.0	3	587 37 4
129	684	0.0	3	639 41 3 1
130	833	0.0	3	790 37 4 2
131	833	0.0	3	781 50 2
132	883	0.0	3	830 49 3 1
133	1026	0.0	3	966 58 2
134	1154	0.0	3	1073 76 5
135	1320	0.0	3	1226 90 3 1
136	1431	0.0	3	1349 74 6 2
137	1448	0.0	3	1358 85 4 1
138	1321	0.0	3	1228 88 4 1
139	1408	0.0	3	1307 98 3
140	1564	0.0	3	1451 107 4 2
141	1710	0.0	3	1587 115 6 2
142	1005	0.0	3	903 97 4 1
143	1074	0.0	3	921 145 8
144	1065	0.0	3	870 186 7 2
145	1238	0.0	3	1035 189 13 1
146	1459	0.0	3	1148 295 14 2
147	1733	0.0	3	1048 651 32 2
148	2077	0.0	3	342 1634 97 4
149	5134	0.0	3	144 4723 252 15
150	11714	0.0	3	361 10706 618 29


=== Second read: Adapter 2 ===

Sequence: AGATCGGAAGAGCGTCGTGTAGGGAAAGAGTGTA; Type: regular 3'; Length: 34; Trimmed: 6779643 times

No. of allowed errors:
0-9 bp: 0; 10-19 bp: 1; 20-29 bp: 2; 30-34 bp: 3

Bases preceding removed adapters:
  A: 17.6%
  C: 26.6%
  G: 45.3%
  T: 10.5%
  none/other: 0.1%

Overview of removed sequences
length	count	expect	max.err	error counts
3	466984	287932.2	0	466984
4	167570	71983.1	0	167570
5	253950	17995.8	0	253950
8	80340	281.2	0	80340
9	161503	70.3	0	161503
10	626	17.6	1	0 626
11	165216	4.4	1	162373 2843
12	601	1.1	1	0 601
13	167552	0.3	1	164062 3490
14	488	0.1	1	0 488
15	83562	0.0	1	81347 2215
16	168068	0.0	1	163693 4375
17	729	0.0	1	0 729
18	166807	0.0	1	162299 4339 169
19	705	0.0	1	0 485 220
20	85960	0.0	2	81691 3867 402
21	341247	0.0	2	328876 11147 1224
22	921	0.0	2	0 795 126
23	421	0.0	2	0 116 305
24	671	0.0	2	0 570 101
25	86521	0.0	2	82340 3641 540
26	86571	0.0	2	81802 4287 482
27	171718	0.0	2	164016 6465 1237
28	1502	0.0	2	0 1355 96 51
29	171976	0.0	2	163932 6980 1048 16
30	1654	0.0	3	0 1514 93 47
31	171763	0.0	3	163103 7219 985 456
32	1144	0.0	3	0 885 180 79
33	87731	0.0	3	82353 4032 1075 271
34	87409	0.0	3	9 82156 4584 660
35	88559	0.0	3	28 82567 4361 1603
36	172983	0.0	3	12 110 163621 9240
37	1649	0.0	3	1 7 129 1512
38	171466	0.0	3	47 106 162359 8954
39	1141	0.0	3	4 9 117 1011
40	87170	0.0	3	9 90 81663 5408
41	172395	0.0	3	23 116 163067 9189
42	1691	0.0	3	0 6 209 1476
43	171831	0.0	3	49 120 162976 8686
44	1357	0.0	3	0 3 273 1081
45	86924	0.0	3	25 101 81341 5457
46	171406	0.0	3	73 199 162533 8601
47	1316	0.0	3	1 7 270 1038
48	84823	0.0	3	7 89 79915 4812
49	84413	0.0	3	12 83 79455 4863
50	83950	0.0	3	19 38 78980 4913
51	83979	0.0	3	8 46 78243 5682
52	245641	0.0	3	89 204 233337 12011
53	1074	0.0	3	1 2 404 667
54	1751	0.0	3	0 5 195 1551
55	239033	0.0	3	118 455 227782 10678
56	990	0.0	3	1 9 398 582
57	644	0.0	3	0 18 85 541
58	77836	0.0	3	11 84 73509 4232
59	150685	0.0	3	30 90 144078 6487
60	1100	0.0	3	0 2 277 821
61	74639	0.0	3	12 48 70552 4027
62	145003	0.0	3	71 159 138798 5975
63	1027	0.0	3	2 2 264 759
64	69826	0.0	3	37 115 66542 3132
65	69530	0.0	3	5 138 65947 3440
66	67430	0.0	3	20 82 64072 3256
67	66323	0.0	3	3 28 63074 3218
68	63601	0.0	3	25 50 60540 2986
69	60514	0.0	3	18 37 57619 2840
70	58365	0.0	3	8 79 55497 2781
71	55157	0.0	3	8 45 52489 2615
72	53126	0.0	3	1 39 50544 2542
73	50961	0.0	3	10 34 48636 2281
74	48218	0.0	3	16 17 45993 2192
75	45753	0.0	3	16 46 43609 2082
76	51480	0.0	3	1 69 49093 2317
77	41785	0.0	3	10 47 39831 1897
78	37555	0.0	3	2 24 35916 1613
79	34702	0.0	3	5 17 33181 1499
80	32950	0.0	3	5 16 31475 1454
81	27745	0.0	3	4 22 26499 1220
82	25116	0.0	3	4 22 23955 1135
83	22462	0.0	3	6 14 21466 976
84	20261	0.0	3	4 20 19371 866
85	18578	0.0	3	3 19 17758 798
86	15803	0.0	3	4 13 15081 705
87	14481	0.0	3	4 16 13854 607
88	12718	0.0	3	1 3 12128 586
89	11754	0.0	3	1 10 11188 555
90	9935	0.0	3	0 6 9491 438
91	8486	0.0	3	0 2 8102 382
92	7282	0.0	3	1 3 6945 333
93	6181	0.0	3	1 2 5908 270
94	4989	0.0	3	1 2 4759 227
95	4314	0.0	3	0 4 4092 218
96	3659	0.0	3	1 2 3496 160
97	3205	0.0	3	1 0 3070 134
98	2919	0.0	3	0 2 2781 136
99	2525	0.0	3	0 2 2424 99
100	2122	0.0	3	0 0 1998 124
101	1864	0.0	3	1 1 1769 93
102	1508	0.0	3	1 0 1435 72
103	1319	0.0	3	0 4 1228 87
104	1016	0.0	3	1 0 955 60
105	888	0.0	3	0 0 836 52
106	786	0.0	3	0 1 742 43
107	716	0.0	3	0 0 670 46
108	644	0.0	3	1 0 608 35
109	575	0.0	3	0 2 529 44
110	505	0.0	3	0 1 469 35
111	441	0.0	3	0 0 407 34
112	411	0.0	3	0 0 380 31
113	397	0.0	3	0 2 345 50
114	362	0.0	3	0 1 325 36
115	396	0.0	3	0 0 370 26
116	358	0.0	3	0 1 327 30
117	337	0.0	3	0 2 312 23
118	354	0.0	3	0 0 323 31
119	326	0.0	3	0 0 299 27
120	341	0.0	3	0 0 324 17
121	358	0.0	3	0 0 323 35
122	396	0.0	3	1 0 364 31
123	411	0.0	3	0 0 378 33
124	477	0.0	3	0 0 437 40
125	576	0.0	3	0 1 536 39
126	582	0.0	3	0 0 546 36
127	598	0.0	3	0 1 564 33
128	644	0.0	3	0 0 610 34
129	611	0.0	3	0 0 584 27
130	791	0.0	3	0 0 739 52
131	853	0.0	3	0 1 809 43
132	834	0.0	3	0 1 785 48
133	1034	0.0	3	1 0 965 68
134	1129	0.0	3	0 3 1067 59
135	1273	0.0	3	0 0 1205 68
136	1445	0.0	3	0 1 1363 81
137	1478	0.0	3	0 0 1400 78
138	1318	0.0	3	0 1 1248 69
139	1366	0.0	3	0 1 1289 76
140	1596	0.0	3	1 1 1499 95
141	1783	0.0	3	0 2 1662 119
142	1045	0.0	3	1 1 946 97
143	1027	0.0	3	0 1 932 94
144	1010	0.0	3	0 2 890 118
145	1211	0.0	3	0 1 1071 139
146	1391	0.0	3	1 1 1212 177
147	1581	0.0	3	0 2 1170 409
148	1354	0.0	3	0 2 372 980
149	4237	0.0	3	0 0 139 4098
150	13493	0.0	3	0 6 418 13069
