This is cutadapt 2.9 with Python 3.5.2
Command line parameters: --nextseq-trim 10 --minimum-length 25 --cores 4 -a AGATCGGAAGAGCACACGTCTGAACTCCAGTCAC -A AGATCGGAAGAGCGTCGTGTAGGGAAAGAGTGTA -o Mcapitata_HTHC_TP12_1274_R1_TrimmingRound1.fastq.gz -p Mcapitata_HTHC_TP12_1274_R2_TrimmingRound1.fastq.gz Mcapitata_HTHC_TP12_1274_R1.fastq.gz Mcapitata_HTHC_TP12_1274_R2.fastq.gz
Processing reads on 4 cores in paired-end mode ...
Finished in 744.83 s (37 us/read; 1.63 M reads/minute).

=== Summary ===

Total read pairs processed:         20,185,935
  Read 1 with adapter:               6,048,852 (30.0%)
  Read 2 with adapter:               6,258,481 (31.0%)
Pairs written (passing filters):    20,139,124 (99.8%)

Total basepairs processed: 6,055,780,500 bp
  Read 1: 3,027,890,250 bp
  Read 2: 3,027,890,250 bp
Quality-trimmed:              12,790,413 bp (0.2%)
  Read 1:     5,527,002 bp
  Read 2:     7,263,411 bp
Total written (filtered):  5,688,093,333 bp (93.9%)
  Read 1: 2,844,803,844 bp
  Read 2: 2,843,289,489 bp

=== First read: Adapter 1 ===

Sequence: AGATCGGAAGAGCACACGTCTGAACTCCAGTCAC; Type: regular 3'; Length: 34; Trimmed: 6048852 times

No. of allowed errors:
0-9 bp: 0; 10-19 bp: 1; 20-29 bp: 2; 30-34 bp: 3

Bases preceding removed adapters:
  A: 18.3%
  C: 30.6%
  G: 34.5%
  T: 16.5%
  none/other: 0.0%

Overview of removed sequences
length	count	expect	max.err	error counts
3	418929	315405.2	0	418929
4	177633	78851.3	0	177633
5	341595	19712.8	0	341595
8	109215	308.0	0	109215
9	216789	77.0	0	216789
10	845	19.3	1	0 845
11	221422	4.8	1	216596 4826
12	659	1.2	1	0 659
13	111372	0.3	1	108457 2915
14	110705	0.1	1	107738 2967
15	110548	0.0	1	107432 3116
16	110127	0.0	1	106706 3421
17	218429	0.0	1	212957 5472
18	908	0.0	1	0 828 80
19	109268	0.0	1	105687 3449 132
20	111065	0.0	2	106073 4462 530
21	218528	0.0	2	211344 6189 995
22	1417	0.0	2	0 1273 144
23	109900	0.0	2	105320 3938 642
24	108490	0.0	2	103718 4211 561
25	107229	0.0	2	102304 4356 569
26	107491	0.0	2	102353 4592 546
27	106652	0.0	2	101255 4632 765
28	106641	0.0	2	100039 6030 518 54
29	204511	0.0	2	195959 7301 1016 235
30	2307	0.0	3	0 1652 182 473
31	102563	0.0	3	96475 5186 628 274
32	101803	0.0	3	95217 5569 713 304
33	100391	0.0	3	93816 5562 739 274
34	101064	0.0	3	93159 7005 609 291
35	189908	0.0	3	180514 7830 1098 466
36	3737	0.0	3	319 2970 366 82
37	182694	0.0	3	174080 6888 965 761
38	2435	0.0	3	263 1775 316 81
39	89943	0.0	3	84470 4355 719 399
40	89289	0.0	3	82484 5691 710 404
41	167493	0.0	3	159179 6708 880 726
42	2551	0.0	3	486 1719 271 75
43	81356	0.0	3	76292 4047 599 418
44	79500	0.0	3	74294 4228 577 401
45	77863	0.0	3	72577 4157 718 411
46	74827	0.0	3	69164 4702 602 359
47	137377	0.0	3	130374 5501 851 651
48	2081	0.0	3	328 1430 231 92
49	64981	0.0	3	60683 3383 559 356
50	63144	0.0	3	58211 3955 580 398
51	113040	0.0	3	107292 4523 691 534
52	1850	0.0	3	351 1181 255 63
53	54203	0.0	3	50085 3343 483 292
54	98249	0.0	3	93238 3878 590 543
55	1560	0.0	3	298 1016 202 44
56	45330	0.0	3	42385 2351 359 235
57	42535	0.0	3	39750 2148 335 302
58	39570	0.0	3	36972 2010 324 264
59	37183	0.0	3	34657 1931 361 234
60	34687	0.0	3	32026 2223 274 164
61	60163	0.0	3	57271 2405 270 217
62	967	0.0	3	216 624 92 35
63	27218	0.0	3	25578 1326 218 96
64	25949	0.0	3	23971 1670 189 119
65	44247	0.0	3	42177 1669 222 179
66	701	0.0	3	141 469 71 20
67	19514	0.0	3	18383 915 134 82
68	18085	0.0	3	17066 844 100 75
69	16419	0.0	3	15394 865 111 49
70	14924	0.0	3	14017 772 90 45
71	13597	0.0	3	12726 723 96 52
72	15201	0.0	3	14295 778 80 48
73	10890	0.0	3	10171 595 80 44
74	10113	0.0	3	9483 537 63 30
75	9294	0.0	3	8724 480 56 34
76	8696	0.0	3	8159 434 66 37
77	7649	0.0	3	7155 407 61 26
78	7005	0.0	3	6570 367 49 19
79	6003	0.0	3	5658 294 35 16
80	5562	0.0	3	5193 308 38 23
81	4910	0.0	3	4616 232 36 26
82	4598	0.0	3	4307 247 22 22
83	4072	0.0	3	3817 214 30 11
84	3668	0.0	3	3447 184 21 16
85	3358	0.0	3	3130 182 33 13
86	3040	0.0	3	2827 195 7 11
87	2817	0.0	3	2622 165 15 15
88	2627	0.0	3	2457 144 18 8
89	2369	0.0	3	2218 128 19 4
90	2090	0.0	3	1938 123 18 11
91	1935	0.0	3	1802 108 15 10
92	1798	0.0	3	1665 107 19 7
93	1482	0.0	3	1394 70 11 7
94	1415	0.0	3	1331 71 6 7
95	1277	0.0	3	1209 52 14 2
96	1077	0.0	3	1007 54 10 6
97	1085	0.0	3	1014 62 5 4
98	1057	0.0	3	996 45 10 6
99	994	0.0	3	921 56 14 3
100	831	0.0	3	775 42 7 7
101	765	0.0	3	712 38 7 8
102	703	0.0	3	659 36 6 2
103	589	0.0	3	550 27 9 3
104	523	0.0	3	483 32 6 2
105	539	0.0	3	499 35 4 1
106	480	0.0	3	450 25 4 1
107	447	0.0	3	419 26 1 1
108	408	0.0	3	380 24 1 3
109	397	0.0	3	373 17 5 2
110	361	0.0	3	328 24 5 4
111	314	0.0	3	293 16 4 1
112	282	0.0	3	262 15 3 2
113	297	0.0	3	270 22 2 3
114	231	0.0	3	207 19 4 1
115	229	0.0	3	198 17 8 6
116	201	0.0	3	179 15 4 3
117	187	0.0	3	175 11 1
118	162	0.0	3	147 12 2 1
119	194	0.0	3	176 15 2 1
120	157	0.0	3	139 14 3 1
121	142	0.0	3	126 12 1 3
122	156	0.0	3	136 16 4
123	174	0.0	3	160 12 2
124	147	0.0	3	135 10 0 2
125	170	0.0	3	160 7 2 1
126	184	0.0	3	169 7 4 4
127	167	0.0	3	156 7 4
128	199	0.0	3	182 15 0 2
129	248	0.0	3	233 12 2 1
130	288	0.0	3	266 19 1 2
131	277	0.0	3	250 25 1 1
132	280	0.0	3	254 22 3 1
133	350	0.0	3	318 29 3
134	399	0.0	3	358 36 2 3
135	489	0.0	3	457 26 4 2
136	545	0.0	3	498 43 0 4
137	497	0.0	3	452 38 5 2
138	534	0.0	3	480 49 4 1
139	556	0.0	3	497 51 8
140	700	0.0	3	605 82 7 6
141	750	0.0	3	656 82 8 4
142	494	0.0	3	409 76 8 1
143	660	0.0	3	504 142 13 1
144	654	0.0	3	498 145 10 1
145	869	0.0	3	693 159 13 4
146	1252	0.0	3	840 390 19 3
147	1797	0.0	3	865 857 65 10
148	2878	0.0	3	272 2400 187 19
149	8796	0.0	3	208 7929 619 40
150	22155	0.0	3	476 19801 1728 150


=== Second read: Adapter 2 ===

Sequence: AGATCGGAAGAGCGTCGTGTAGGGAAAGAGTGTA; Type: regular 3'; Length: 34; Trimmed: 6258481 times

No. of allowed errors:
0-9 bp: 0; 10-19 bp: 1; 20-29 bp: 2; 30-34 bp: 3

Bases preceding removed adapters:
  A: 18.3%
  C: 30.5%
  G: 41.9%
  T: 9.2%
  none/other: 0.1%

Overview of removed sequences
length	count	expect	max.err	error counts
3	575127	315405.2	0	575127
4	215837	78851.3	0	215837
5	345175	19712.8	0	345175
8	109498	308.0	0	109498
9	216591	77.0	0	216591
10	1168	19.3	1	0 1168
11	222331	4.8	1	217003 5328
12	1168	1.2	1	0 1168
13	222750	0.3	1	217137 5613
14	922	0.1	1	0 922
15	111007	0.0	1	107499 3508
16	219787	0.0	1	213676 6111
17	1238	0.0	1	0 1238
18	218330	0.0	1	212398 5710 222
19	1248	0.0	1	0 995 253
20	112462	0.0	2	106908 4925 629
21	437337	0.0	2	423756 11766 1815
22	1974	0.0	2	0 1711 263
23	781	0.0	2	0 306 475
24	968	0.0	2	0 749 219
25	107736	0.0	2	102983 4020 733
26	109024	0.0	2	103286 5066 672
27	211522	0.0	2	202706 7261 1555
28	2411	0.0	2	0 2113 202 96
29	207713	0.0	2	198659 7307 1693 54
30	2379	0.0	3	0 2115 179 85
31	202792	0.0	3	193414 6815 1663 900
32	1721	0.0	3	0 1410 140 171
33	100495	0.0	3	94812 3859 1449 375
34	100095	0.0	3	98 94888 4264 845
35	98229	0.0	3	151 92685 4526 867
36	96388	0.0	3	47 90380 5098 863
37	184566	0.0	3	78 175955 6899 1634
38	1746	0.0	3	65 145 1367 169
39	90342	0.0	3	207 85709 3658 768
40	88852	0.0	3	45 83819 4298 690
41	168380	0.0	3	239 161388 5364 1389
42	2189	0.0	3	0 340 1755 94
43	158623	0.0	3	106 152701 4757 1059
44	1653	0.0	3	2 343 1156 152
45	76673	0.0	3	61 72813 3144 655
46	144085	0.0	3	173 138684 4266 962
47	1493	0.0	3	0 312 1076 105
48	67979	0.0	3	53 64982 2434 510
49	65073	0.0	3	62 62180 2391 440
50	61973	0.0	3	58 59163 2306 446
51	59525	0.0	3	48 56131 2990 356
52	158485	0.0	3	112 152786 4668 919
53	1116	0.0	3	1 414 589 112
54	1335	0.0	3	3 271 1022 39
55	133538	0.0	3	76 128769 3891 802
56	908	0.0	3	1 360 482 65
57	522	0.0	3	1 108 335 78
58	39306	0.0	3	34 37418 1589 265
59	69862	0.0	3	55 67340 2079 388
60	688	0.0	3	4 162 438 84
61	31860	0.0	3	17 30291 1348 204
62	55663	0.0	3	64 53589 1632 378
63	510	0.0	3	4 127 335 44
64	25193	0.0	3	23 24131 857 182
65	23416	0.0	3	12 22391 858 155
66	21546	0.0	3	15 20561 815 155
67	19563	0.0	3	20 18699 695 149
68	18018	0.0	3	17 17177 675 149
69	16319	0.0	3	9 15530 680 100
70	14818	0.0	3	13 14091 610 104
71	13491	0.0	3	9 12842 541 99
72	12530	0.0	3	10 11916 509 95
73	11150	0.0	3	10 10604 441 95
74	10130	0.0	3	8 9570 468 84
75	9307	0.0	3	9 8860 366 72
76	9649	0.0	3	14 9139 403 93
77	7926	0.0	3	14 7476 364 72
78	7137	0.0	3	8 6760 324 45
79	6433	0.0	3	8 6086 287 52
80	5920	0.0	3	6 5592 263 59
81	4981	0.0	3	5 4703 225 48
82	4615	0.0	3	7 4393 182 33
83	4083	0.0	3	4 3850 192 37
84	3814	0.0	3	4 3601 169 40
85	3551	0.0	3	3 3316 189 43
86	3135	0.0	3	4 2964 134 33
87	2834	0.0	3	7 2676 127 24
88	2645	0.0	3	1 2526 90 28
89	2514	0.0	3	2 2375 96 41
90	2203	0.0	3	1 2081 94 27
91	2035	0.0	3	3 1920 76 36
92	1770	0.0	3	1 1668 73 28
93	1654	0.0	3	1 1559 63 31
94	1470	0.0	3	3 1374 69 24
95	1314	0.0	3	0 1237 55 22
96	1221	0.0	3	0 1133 63 25
97	1182	0.0	3	2 1088 63 29
98	1150	0.0	3	1 1059 65 25
99	1017	0.0	3	1 944 53 19
100	874	0.0	3	3 796 52 23
101	849	0.0	3	0 761 62 26
102	699	0.0	3	0 651 34 14
103	691	0.0	3	0 629 48 14
104	609	0.0	3	0 560 35 14
105	589	0.0	3	0 541 27 21
106	520	0.0	3	1 470 34 15
107	550	0.0	3	2 490 48 10
108	461	0.0	3	1 420 25 15
109	433	0.0	3	2 383 29 19
110	461	0.0	3	1 409 41 10
111	368	0.0	3	0 322 27 19
112	341	0.0	3	0 301 19 21
113	327	0.0	3	0 281 30 16
114	291	0.0	3	0 259 17 15
115	288	0.0	3	0 262 19 7
116	269	0.0	3	0 237 20 12
117	242	0.0	3	1 201 26 14
118	239	0.0	3	0 209 19 11
119	229	0.0	3	0 191 24 14
120	202	0.0	3	1 176 17 8
121	195	0.0	3	0 164 17 14
122	214	0.0	3	1 188 17 8
123	205	0.0	3	1 179 20 5
124	182	0.0	3	0 156 18 8
125	189	0.0	3	0 168 15 6
126	213	0.0	3	1 188 17 7
127	194	0.0	3	0 176 11 7
128	217	0.0	3	0 192 18 7
129	241	0.0	3	0 220 16 5
130	285	0.0	3	1 259 15 10
131	317	0.0	3	0 289 22 6
132	285	0.0	3	0 251 31 3
133	372	0.0	3	1 335 32 4
134	386	0.0	3	0 346 30 10
135	498	0.0	3	0 461 33 4
136	578	0.0	3	1 537 33 7
137	531	0.0	3	0 471 55 5
138	516	0.0	3	0 473 38 5
139	543	0.0	3	1 513 24 5
140	674	0.0	3	0 613 56 5
141	778	0.0	3	0 722 48 8
142	497	0.0	3	0 427 66 4
143	549	0.0	3	0 462 81 6
144	664	0.0	3	0 523 131 10
145	786	0.0	3	1 658 120 7
146	1091	0.0	3	1 850 223 17
147	1454	0.0	3	1 975 449 29
148	1698	0.0	3	0 294 1315 89
149	6933	0.0	3	0 195 6352 386
150	24781	0.0	3	1 543 22755 1482
