This is cutadapt 2.9 with Python 3.5.2
Command line parameters: --nextseq-trim 10 --minimum-length 25 --cores 4 -a AGATCGGAAGAGCACACGTCTGAACTCCAGTCAC -A AGATCGGAAGAGCGTCGTGTAGGGAAAGAGTGTA -o Mcapitata_ATHC_TP6_2555_R1_TrimmingRound1.fastq.gz -p Mcapitata_ATHC_TP6_2555_R2_TrimmingRound1.fastq.gz Mcapitata_ATHC_TP6_2555_R1.fastq.gz Mcapitata_ATHC_TP6_2555_R2.fastq.gz
Processing reads on 4 cores in paired-end mode ...
Finished in 847.50 s (33 us/read; 1.80 M reads/minute).

=== Summary ===

Total read pairs processed:         25,371,641
  Read 1 with adapter:               9,941,645 (39.2%)
  Read 2 with adapter:              10,139,865 (40.0%)
Pairs written (passing filters):    25,282,961 (99.7%)

Total basepairs processed: 7,611,492,300 bp
  Read 1: 3,805,746,150 bp
  Read 2: 3,805,746,150 bp
Quality-trimmed:              16,106,397 bp (0.2%)
  Read 1:     6,963,948 bp
  Read 2:     9,142,449 bp
Total written (filtered):  6,793,938,472 bp (89.3%)
  Read 1: 3,397,485,569 bp
  Read 2: 3,396,452,903 bp

=== First read: Adapter 1 ===

Sequence: AGATCGGAAGAGCACACGTCTGAACTCCAGTCAC; Type: regular 3'; Length: 34; Trimmed: 9941645 times

No. of allowed errors:
0-9 bp: 0; 10-19 bp: 1; 20-29 bp: 2; 30-34 bp: 3

Bases preceding removed adapters:
  A: 18.3%
  C: 28.0%
  G: 36.7%
  T: 17.0%
  none/other: 0.1%

Overview of removed sequences
length	count	expect	max.err	error counts
3	457944	396431.9	0	457944
4	189598	99108.0	0	189598
5	361190	24777.0	0	361190
8	115886	387.1	0	115886
9	231740	96.8	0	231740
10	921	24.2	1	0 921
11	239474	6.0	1	234167 5307
12	661	1.5	1	0 661
13	121004	0.4	1	117473 3531
14	121709	0.1	1	117956 3753
15	121574	0.0	1	117660 3914
16	122236	0.0	1	117810 4426
17	244544	0.0	1	236607 7937
18	907	0.0	1	0 803 104
19	124574	0.0	1	119486 4912 176
20	125616	0.0	2	119555 5643 418
21	249712	0.0	2	239170 9722 820
22	1222	0.0	2	0 1123 99
23	126945	0.0	2	120656 5798 491
24	127546	0.0	2	120993 6038 515
25	127385	0.0	2	120571 6297 517
26	127403	0.0	2	120454 6414 535
27	126150	0.0	2	119056 6397 697
28	128861	0.0	2	120518 7675 570 98
29	253825	0.0	2	240534 12060 1064 167
30	2088	0.0	3	0 1334 222 532
31	129201	0.0	3	120974 7371 721 135
32	129739	0.0	3	120728 8102 738 171
33	130870	0.0	3	121575 8347 818 130
34	133375	0.0	3	121848 10583 798 146
35	386133	0.0	3	363339 20815 1608 371
36	1244	0.0	3	219 833 130 62
37	1475	0.0	3	123 1147 169 36
38	130479	0.0	3	121617 7983 706 173
39	129838	0.0	3	120729 8219 776 114
40	131783	0.0	3	121591 9398 645 149
41	258707	0.0	3	243343 14059 1087 218
42	1962	0.0	3	103 1623 198 38
43	130713	0.0	3	121868 8071 636 138
44	130861	0.0	3	121862 8192 644 163
45	131889	0.0	3	122867 8187 729 106
46	130377	0.0	3	120519 9186 562 110
47	255005	0.0	3	239993 13820 979 213
48	2040	0.0	3	255 1547 179 59
49	127793	0.0	3	119398 7657 648 90
50	127777	0.0	3	118181 8945 522 129
51	251055	0.0	3	236863 13122 892 178
52	2144	0.0	3	255 1582 280 27
53	126289	0.0	3	117132 8569 489 99
54	247164	0.0	3	232976 13199 828 161
55	1905	0.0	3	254 1445 174 32
56	123939	0.0	3	115698 7610 533 98
57	121075	0.0	3	112774 7722 472 107
58	118664	0.0	3	110463 7628 474 99
59	118202	0.0	3	110261 7322 541 78
60	116590	0.0	3	107687 8319 476 108
61	224801	0.0	3	211673 12281 716 131
62	1869	0.0	3	259 1368 170 72
63	110684	0.0	3	103560 6577 490 57
64	111411	0.0	3	103019 7834 480 78
65	210889	0.0	3	198646 11424 697 122
66	1720	0.0	3	221 1333 128 38
67	102015	0.0	3	95329 6152 459 75
68	98838	0.0	3	92255 6062 452 69
69	94660	0.0	3	88370 5766 447 77
70	91243	0.0	3	85257 5506 406 74
71	87748	0.0	3	81879 5400 406 63
72	106345	0.0	3	99730 6098 444 73
73	81013	0.0	3	75648 4976 329 60
74	79525	0.0	3	74338 4810 329 48
75	75538	0.0	3	70753 4426 316 43
76	72858	0.0	3	68405 4148 268 37
77	66731	0.0	3	62518 3918 249 46
78	56680	0.0	3	52983 3445 214 38
79	54175	0.0	3	50764 3170 192 49
80	49416	0.0	3	46143 3044 187 42
81	46047	0.0	3	43051 2821 144 31
82	42539	0.0	3	39810 2548 144 37
83	36909	0.0	3	34662 2092 140 15
84	33102	0.0	3	31047 1926 106 23
85	29525	0.0	3	27561 1836 108 20
86	26722	0.0	3	25102 1503 96 21
87	24068	0.0	3	22596 1393 66 13
88	22093	0.0	3	20657 1339 85 12
89	18798	0.0	3	17642 1076 70 10
90	16174	0.0	3	15161 943 60 10
91	14467	0.0	3	13606 804 45 12
92	12407	0.0	3	11656 691 48 12
93	9935	0.0	3	9310 585 33 7
94	8539	0.0	3	8008 500 28 3
95	7493	0.0	3	7070 394 19 10
96	5923	0.0	3	5556 344 17 6
97	5466	0.0	3	5109 335 21 1
98	4999	0.0	3	4694 285 15 5
99	4230	0.0	3	3958 243 25 4
100	3616	0.0	3	3398 205 10 3
101	3022	0.0	3	2850 160 12
102	2572	0.0	3	2386 175 8 3
103	2009	0.0	3	1894 105 9 1
104	1682	0.0	3	1584 87 6 5
105	1496	0.0	3	1388 98 5 5
106	1447	0.0	3	1351 85 9 2
107	1093	0.0	3	1023 66 4
108	998	0.0	3	928 67 2 1
109	926	0.0	3	873 51 2
110	814	0.0	3	759 46 9
111	694	0.0	3	638 48 6 2
112	640	0.0	3	583 47 8 2
113	609	0.0	3	560 42 7
114	535	0.0	3	500 34 0 1
115	519	0.0	3	478 39 0 2
116	507	0.0	3	456 47 4
117	526	0.0	3	483 38 5
118	497	0.0	3	450 40 6 1
119	577	0.0	3	536 37 3 1
120	586	0.0	3	546 33 4 3
121	595	0.0	3	557 34 4
122	607	0.0	3	554 48 4 1
123	631	0.0	3	585 42 4
124	664	0.0	3	620 40 3 1
125	748	0.0	3	695 47 5 1
126	803	0.0	3	754 47 1 1
127	823	0.0	3	751 64 6 2
128	908	0.0	3	844 63 1
129	959	0.0	3	882 75 1 1
130	1067	0.0	3	992 72 2 1
131	1243	0.0	3	1140 94 9
132	1271	0.0	3	1181 80 9 1
133	1436	0.0	3	1327 101 7 1
134	1531	0.0	3	1427 97 6 1
135	1802	0.0	3	1685 110 6 1
136	1910	0.0	3	1760 146 3 1
137	1912	0.0	3	1737 167 6 2
138	1835	0.0	3	1659 168 8
139	1798	0.0	3	1624 162 10 2
140	2195	0.0	3	1946 231 17 1
141	2359	0.0	3	2092 256 11
142	1375	0.0	3	1148 212 14 1
143	1524	0.0	3	1192 309 23
144	1664	0.0	3	1221 420 21 2
145	1682	0.0	3	1245 401 35 1
146	2283	0.0	3	1481 753 45 4
147	3043	0.0	3	1308 1613 113 9
148	4707	0.0	3	378 4032 285 12
149	13359	0.0	3	380 12010 925 44
150	32948	0.0	3	868 29799 2182 99


=== Second read: Adapter 2 ===

Sequence: AGATCGGAAGAGCGTCGTGTAGGGAAAGAGTGTA; Type: regular 3'; Length: 34; Trimmed: 10139865 times

No. of allowed errors:
0-9 bp: 0; 10-19 bp: 1; 20-29 bp: 2; 30-34 bp: 3

Bases preceding removed adapters:
  A: 17.7%
  C: 26.7%
  G: 45.1%
  T: 10.2%
  none/other: 0.2%

Overview of removed sequences
length	count	expect	max.err	error counts
3	626025	396431.9	0	626025
4	231551	99108.0	0	231551
5	365310	24777.0	0	365310
8	116265	387.1	0	116265
9	228622	96.8	0	228622
10	5228	24.2	1	0 5228
11	233799	6.0	1	229999 3800
12	6294	1.5	1	0 6294
13	235561	0.4	1	231263 4298
14	4473	0.1	1	0 4473
15	123496	0.0	1	114551 8945
16	236984	0.0	1	230708 6276
17	9286	0.0	1	0 9286
18	234198	0.0	1	228242 5386 570
19	7779	0.0	1	0 6120 1659
20	137886	0.0	2	115501 21386 999
21	479354	0.0	2	462105 15205 2044
22	4287	0.0	2	0 4018 269
23	839	0.0	2	0 182 657
24	5908	0.0	2	0 5193 715
25	126316	0.0	2	115476 9224 1616
26	131895	0.0	2	115645 15180 1070
27	241072	0.0	2	229497 9266 2309
28	13799	0.0	2	0 13169 493 137
29	242860	0.0	2	231512 8987 2296 65
30	13731	0.0	3	0 13050 518 163
31	243432	0.0	3	231727 9005 1932 768
32	10019	0.0	3	0 8018 1846 155
33	139777	0.0	3	116811 21144 1473 349
34	369208	0.0	3	349523 16758 2223 704
35	4999	0.0	3	145 4016 698 140
36	6404	0.0	3	66 5465 744 129
37	128748	0.0	3	116216 10784 1424 324
38	129979	0.0	3	116330 11769 1507 373
39	130273	0.0	3	116315 11763 1863 332
40	135598	0.0	3	117012 17016 1170 400
41	248691	0.0	3	234380 11519 2291 501
42	14137	0.0	3	88 13357 573 119
43	246440	0.0	3	234031 10087 1814 508
44	9650	0.0	3	260 8011 1288 91
45	133200	0.0	3	116093 15698 1094 315
46	247381	0.0	3	234014 11089 1820 458
47	9359	0.0	3	250 8199 798 112
48	126354	0.0	3	114600 10163 1304 287
49	127979	0.0	3	115044 11170 1380 385
50	127291	0.0	3	113490 11215 2340 246
51	136696	0.0	3	113474 21569 1327 326
52	357648	0.0	3	339598 15418 1936 696
53	5964	0.0	3	447 3923 1502 92
54	16104	0.0	3	97 15294 626 87
55	346945	0.0	3	332482 12511 1506 446
56	4963	0.0	3	485 3705 651 122
57	6256	0.0	3	94 5092 1017 53
58	122036	0.0	3	107270 13808 751 207
59	221236	0.0	3	210817 8713 1357 349
60	8511	0.0	3	272 7097 1091 51
61	117779	0.0	3	103728 13052 785 214
62	212329	0.0	3	202717 8063 1253 296
63	7944	0.0	3	255 6970 633 86
64	108418	0.0	3	99592 7671 985 170
65	108139	0.0	3	97943 9009 980 207
66	105204	0.0	3	95473 8620 921 190
67	102339	0.0	3	92950 8290 926 173
68	98780	0.0	3	89717 8061 822 180
69	94538	0.0	3	86064 7535 788 151
70	91098	0.0	3	82946 7266 738 148
71	87391	0.0	3	79479 7042 746 124
72	83954	0.0	3	76341 6800 692 121
73	80676	0.0	3	73490 6388 650 148
74	77831	0.0	3	70795 6228 679 129
75	74095	0.0	3	67102 6298 578 117
76	82396	0.0	3	75569 6083 621 123
77	67007	0.0	3	60940 5454 517 96
78	60539	0.0	3	55137 4850 471 81
79	56747	0.0	3	51841 4399 411 96
80	53894	0.0	3	49379 4010 429 76
81	46003	0.0	3	41924 3662 357 60
82	42092	0.0	3	38482 3226 324 60
83	37253	0.0	3	33932 2989 273 59
84	34040	0.0	3	31081 2656 254 49
85	31003	0.0	3	28380 2331 241 51
86	27535	0.0	3	25106 2167 213 49
87	24706	0.0	3	22551 1940 180 35
88	21564	0.0	3	19691 1693 140 40
89	19755	0.0	3	18018 1562 135 40
90	17010	0.0	3	15555 1285 138 32
91	14563	0.0	3	13307 1096 137 23
92	12413	0.0	3	11290 1009 98 16
93	10533	0.0	3	9561 855 97 20
94	8491	0.0	3	7776 628 75 12
95	7367	0.0	3	6731 558 64 14
96	6326	0.0	3	5816 448 53 9
97	5460	0.0	3	4959 444 43 14
98	4926	0.0	3	4494 362 52 18
99	4232	0.0	3	3875 297 43 17
100	3560	0.0	3	3221 290 31 18
101	3165	0.0	3	2881 242 31 11
102	2503	0.0	3	2251 205 34 13
103	2101	0.0	3	1890 167 33 11
104	1807	0.0	3	1624 152 22 9
105	1511	0.0	3	1361 121 17 12
106	1433	0.0	3	1296 111 18 8
107	1214	0.0	3	1071 115 18 10
108	1025	0.0	3	898 97 21 9
109	996	0.0	3	885 91 8 12
110	913	0.0	3	809 82 13 9
111	765	0.0	3	691 53 12 9
112	678	0.0	3	589 71 13 5
113	638	0.0	3	554 67 12 5
114	605	0.0	3	531 54 9 11
115	585	0.0	3	511 57 14 3
116	571	0.0	3	480 65 10 16
117	557	0.0	3	482 54 11 10
118	529	0.0	3	470 41 14 4
119	618	0.0	3	529 75 9 5
120	599	0.0	3	525 64 6 4
121	641	0.0	3	562 61 11 7
122	619	0.0	3	531 71 9 8
123	623	0.0	3	556 53 12 2
124	741	0.0	3	652 71 14 4
125	757	0.0	3	676 67 13 1
126	827	0.0	3	725 80 13 9
127	840	0.0	3	747 80 7 6
128	926	0.0	3	831 76 17 2
129	913	0.0	3	802 95 11 5
130	1117	0.0	3	984 117 14 2
131	1187	0.0	3	1049 122 12 4
132	1262	0.0	3	1121 125 10 6
133	1442	0.0	3	1293 136 7 6
134	1467	0.0	3	1301 153 9 4
135	1771	0.0	3	1590 167 13 1
136	1895	0.0	3	1713 162 15 5
137	1954	0.0	3	1718 215 16 5
138	1852	0.0	3	1665 171 12 4
139	1811	0.0	3	1573 220 17 1
140	2144	0.0	3	1912 207 22 3
141	2364	0.0	3	2110 230 21 3
142	1415	0.0	3	1188 207 18 2
143	1475	0.0	3	1162 285 25 3
144	1508	0.0	3	1166 318 22 2
145	1642	0.0	3	1248 371 20 3
146	2139	0.0	3	1549 551 38 1
147	2438	0.0	3	1362 982 92 2
148	3182	0.0	3	382 2595 189 16
149	11289	0.0	3	343 10124 773 49
150	36785	0.0	3	932 33328 2369 156
