This is cutadapt 2.9 with Python 3.5.2
Command line parameters: --nextseq-trim 10 --minimum-length 25 --cores 4 -a AGATCGGAAGAGCACACGTCTGAACTCCAGTCAC -A AGATCGGAAGAGCGTCGTGTAGGGAAAGAGTGTA -o Mcapitata_HTAC_TP5_1321_R1_TrimmingRound1.fastq.gz -p Mcapitata_HTAC_TP5_1321_R2_TrimmingRound1.fastq.gz Mcapitata_HTAC_TP5_1321_R1.fastq.gz Mcapitata_HTAC_TP5_1321_R2.fastq.gz
Processing reads on 4 cores in paired-end mode ...
Finished in 909.86 s (38 us/read; 1.59 M reads/minute).

=== Summary ===

Total read pairs processed:         24,173,488
  Read 1 with adapter:               6,341,551 (26.2%)
  Read 2 with adapter:               6,592,317 (27.3%)
Pairs written (passing filters):    24,107,970 (99.7%)

Total basepairs processed: 7,252,046,400 bp
  Read 1: 3,626,023,200 bp
  Read 2: 3,626,023,200 bp
Quality-trimmed:              14,922,125 bp (0.2%)
  Read 1:     6,460,624 bp
  Read 2:     8,461,501 bp
Total written (filtered):  6,867,713,391 bp (94.7%)
  Read 1: 3,434,794,629 bp
  Read 2: 3,432,918,762 bp

=== First read: Adapter 1 ===

Sequence: AGATCGGAAGAGCACACGTCTGAACTCCAGTCAC; Type: regular 3'; Length: 34; Trimmed: 6341551 times

No. of allowed errors:
0-9 bp: 0; 10-19 bp: 1; 20-29 bp: 2; 30-34 bp: 3

Bases preceding removed adapters:
  A: 18.5%
  C: 30.2%
  G: 34.3%
  T: 16.9%
  none/other: 0.1%

Overview of removed sequences
length	count	expect	max.err	error counts
3	502199	377710.8	0	502199
4	203762	94427.7	0	203762
5	362546	23606.9	0	362546
8	113475	368.9	0	113475
9	227623	92.2	0	227623
10	803	23.1	1	0 803
11	232896	5.8	1	227551 5345
12	682	1.4	1	0 682
13	116037	0.4	1	112900 3137
14	116282	0.1	1	112949 3333
15	115716	0.0	1	112202 3514
16	115035	0.0	1	111221 3814
17	228111	0.0	1	221848 6263
18	923	0.0	1	0 836 87
19	114744	0.0	1	110789 3809 146
20	115301	0.0	2	110023 4654 624
21	226514	0.0	2	218592 6897 1025
22	1358	0.0	2	0 1236 122
23	113841	0.0	2	108866 4237 738
24	112231	0.0	2	107014 4625 592
25	111097	0.0	2	105761 4668 668
26	111118	0.0	2	105542 4943 633
27	108845	0.0	2	103150 4878 817
28	109430	0.0	2	102504 6178 691 57
29	212161	0.0	2	202524 8120 1194 323
30	2091	0.0	3	0 1478 181 432
31	105308	0.0	3	98808 5452 741 307
32	104614	0.0	3	97666 5762 818 368
33	102978	0.0	3	95881 6012 747 338
34	102116	0.0	3	94937 6109 760 310
35	99986	0.0	3	93091 5852 733 310
36	97629	0.0	3	90824 5644 854 307
37	97204	0.0	3	89702 6400 743 359
38	181829	0.0	3	171850 8251 1212 516
39	3214	0.0	3	313 2644 171 86
40	174567	0.0	3	165220 7724 1152 471
41	2062	0.0	3	289 1525 170 78
42	85388	0.0	3	79805 4657 645 281
43	83205	0.0	3	77513 4775 632 285
44	80801	0.0	3	75249 4654 627 271
45	78308	0.0	3	72750 4558 717 283
46	74248	0.0	3	68400 4993 580 275
47	138212	0.0	3	130614 6222 936 440
48	1932	0.0	3	482 1217 147 86
49	65267	0.0	3	60860 3551 610 246
50	62934	0.0	3	57808 4264 555 307
51	113697	0.0	3	107167 5338 817 375
52	1761	0.0	3	508 1030 164 59
53	54819	0.0	3	50416 3642 514 247
54	99852	0.0	3	94254 4563 676 359
55	1401	0.0	3	414 842 100 45
56	45315	0.0	3	42262 2588 311 154
57	42483	0.0	3	39519 2450 343 171
58	39340	0.0	3	36535 2334 312 159
59	36906	0.0	3	34338 2106 334 128
60	34758	0.0	3	32095 2277 268 118
61	60649	0.0	3	57405 2679 383 182
62	920	0.0	3	294 542 64 20
63	28000	0.0	3	26232 1460 225 83
64	26309	0.0	3	24193 1850 187 79
65	45666	0.0	3	43254 1981 309 122
66	672	0.0	3	215 411 39 7
67	19971	0.0	3	18701 1082 134 54
68	18551	0.0	3	17308 1047 145 51
69	17010	0.0	3	15927 926 117 40
70	15461	0.0	3	14432 877 99 53
71	14243	0.0	3	13221 867 117 38
72	15333	0.0	3	14305 872 122 34
73	12029	0.0	3	11236 685 69 39
74	10760	0.0	3	10060 610 68 22
75	9904	0.0	3	9222 589 65 28
76	8825	0.0	3	8244 504 58 19
77	8226	0.0	3	7698 444 54 30
78	7135	0.0	3	6710 352 58 15
79	6690	0.0	3	6290 338 49 13
80	5731	0.0	3	5352 320 43 16
81	5495	0.0	3	5160 289 26 20
82	4536	0.0	3	4257 232 37 10
83	4360	0.0	3	4068 233 44 15
84	3919	0.0	3	3668 215 25 11
85	3578	0.0	3	3358 182 29 9
86	3346	0.0	3	3135 180 23 8
87	3058	0.0	3	2851 181 16 10
88	2913	0.0	3	2733 147 24 9
89	2395	0.0	3	2227 143 17 8
90	2266	0.0	3	2139 110 16 1
91	2002	0.0	3	1869 107 21 5
92	1819	0.0	3	1704 98 11 6
93	1581	0.0	3	1458 104 14 5
94	1414	0.0	3	1312 79 16 7
95	1375	0.0	3	1277 74 17 7
96	1169	0.0	3	1080 79 6 4
97	1091	0.0	3	1007 74 6 4
98	1093	0.0	3	1016 68 8 1
99	1041	0.0	3	965 67 7 2
100	844	0.0	3	771 68 3 2
101	832	0.0	3	760 60 9 3
102	740	0.0	3	690 40 7 3
103	597	0.0	3	552 37 6 2
104	559	0.0	3	517 32 9 1
105	518	0.0	3	485 27 3 3
106	515	0.0	3	479 30 5 1
107	420	0.0	3	373 37 6 4
108	443	0.0	3	410 22 6 5
109	408	0.0	3	369 30 6 3
110	340	0.0	3	316 19 4 1
111	335	0.0	3	303 25 4 3
112	312	0.0	3	282 25 4 1
113	277	0.0	3	254 21 1 1
114	244	0.0	3	226 15 0 3
115	225	0.0	3	202 12 9 2
116	210	0.0	3	187 17 6
117	180	0.0	3	157 19 4
118	190	0.0	3	165 18 5 2
119	198	0.0	3	180 14 1 3
120	176	0.0	3	158 13 1 4
121	190	0.0	3	168 18 4
122	188	0.0	3	170 15 2 1
123	195	0.0	3	169 20 2 4
124	189	0.0	3	171 14 2 2
125	219	0.0	3	194 20 4 1
126	213	0.0	3	195 15 3
127	226	0.0	3	205 18 2 1
128	257	0.0	3	236 18 2 1
129	298	0.0	3	271 24 1 2
130	299	0.0	3	272 25 2
131	349	0.0	3	318 30 0 1
132	413	0.0	3	377 30 5 1
133	435	0.0	3	396 36 1 2
134	541	0.0	3	494 42 4 1
135	635	0.0	3	577 52 5 1
136	698	0.0	3	646 46 1 5
137	727	0.0	3	656 63 5 3
138	682	0.0	3	609 68 5
139	714	0.0	3	637 70 6 1
140	876	0.0	3	771 95 9 1
141	1058	0.0	3	919 127 9 3
142	704	0.0	3	586 110 6 2
143	869	0.0	3	675 179 14 1
144	992	0.0	3	739 231 19 3
145	1216	0.0	3	969 233 11 3
146	1672	0.0	3	1119 522 27 4
147	2471	0.0	3	1080 1301 83 7
148	4210	0.0	3	364 3573 253 20
149	12502	0.0	3	244 11315 864 79
150	31459	0.0	3	666 28169 2418 206


=== Second read: Adapter 2 ===

Sequence: AGATCGGAAGAGCGTCGTGTAGGGAAAGAGTGTA; Type: regular 3'; Length: 34; Trimmed: 6592317 times

No. of allowed errors:
0-9 bp: 0; 10-19 bp: 1; 20-29 bp: 2; 30-34 bp: 3

Bases preceding removed adapters:
  A: 18.6%
  C: 29.8%
  G: 41.9%
  T: 9.5%
  none/other: 0.1%

Overview of removed sequences
length	count	expect	max.err	error counts
3	689332	377710.8	0	689332
4	247480	94427.7	0	247480
5	368174	23606.9	0	368174
8	113906	368.9	0	113906
9	227366	92.2	0	227366
10	1309	23.1	1	0 1309
11	233887	5.8	1	227854 6033
12	1366	1.4	1	0 1366
13	233377	0.4	1	227074 6303
14	942	0.1	1	0 942
15	116138	0.0	1	112253 3885
16	230525	0.0	1	223577 6948
17	1291	0.0	1	0 1291
18	227806	0.0	1	221213 6367 226
19	1273	0.0	1	0 1036 237
20	116975	0.0	2	110830 5425 720
21	452745	0.0	2	437314 13416 2015
22	2104	0.0	2	0 1814 290
23	852	0.0	2	0 341 511
24	1009	0.0	2	0 766 243
25	111632	0.0	2	106482 4354 796
26	112740	0.0	2	106648 5301 791
27	216967	0.0	2	207498 7767 1702
28	2433	0.0	2	0 2133 204 96
29	215128	0.0	2	205392 7907 1772 57
30	2492	0.0	3	0 2190 183 119
31	208462	0.0	3	197989 7647 1799 1027
32	1754	0.0	3	0 1362 186 206
33	103269	0.0	3	97061 4247 1536 425
34	102392	0.0	3	101 96816 4564 911
35	100370	0.0	3	158 94333 4861 1018
36	98547	0.0	3	70 92037 5437 1003
37	187596	0.0	3	93 178332 7466 1705
38	1704	0.0	3	90 152 1292 170
39	91928	0.0	3	206 86847 4016 859
40	90361	0.0	3	50 84748 4737 826
41	171016	0.0	3	268 163222 5936 1590
42	2326	0.0	3	4 366 1811 145
43	161276	0.0	3	109 154859 5079 1229
44	1766	0.0	3	1 351 1214 200
45	77235	0.0	3	58 72995 3423 759
46	144000	0.0	3	178 138076 4674 1072
47	1480	0.0	3	1 325 1030 124
48	68196	0.0	3	56 65026 2571 543
49	65363	0.0	3	48 62412 2444 459
50	61939	0.0	3	57 58948 2476 458
51	59866	0.0	3	65 56308 3088 405
52	160102	0.0	3	123 153928 5052 999
53	1079	0.0	3	3 377 590 109
54	1435	0.0	3	2 242 1136 55
55	133930	0.0	3	71 128847 4139 873
56	905	0.0	3	1 358 468 78
57	560	0.0	3	3 139 342 76
58	39102	0.0	3	23 37130 1694 255
59	69712	0.0	3	74 66973 2194 471
60	744	0.0	3	1 185 483 75
61	32004	0.0	3	28 30296 1446 234
62	56798	0.0	3	43 54624 1726 405
63	573	0.0	3	0 131 386 56
64	25564	0.0	3	16 24393 959 196
65	24092	0.0	3	19 22898 973 202
66	22169	0.0	3	16 21092 888 173
67	20042	0.0	3	8 19072 804 158
68	18468	0.0	3	19 17488 811 150
69	16940	0.0	3	16 16078 720 126
70	15380	0.0	3	12 14577 656 135
71	14164	0.0	3	14 13437 554 159
72	12889	0.0	3	15 12184 579 111
73	11923	0.0	3	8 11293 511 111
74	10721	0.0	3	9 10150 468 94
75	9994	0.0	3	17 9436 454 87
76	10365	0.0	3	13 9765 493 94
77	8194	0.0	3	17 7769 329 79
78	7229	0.0	3	3 6854 300 72
79	6834	0.0	3	12 6449 318 55
80	6252	0.0	3	5 5891 293 63
81	5412	0.0	3	10 5121 232 49
82	4951	0.0	3	8 4666 220 57
83	4342	0.0	3	2 4086 205 49
84	3869	0.0	3	4 3641 179 45
85	3840	0.0	3	4 3619 176 41
86	3379	0.0	3	7 3197 143 32
87	3115	0.0	3	5 2929 148 33
88	2853	0.0	3	7 2689 108 49
89	2648	0.0	3	3 2498 111 36
90	2390	0.0	3	4 2238 102 46
91	2137	0.0	3	2 1992 109 34
92	1877	0.0	3	0 1747 94 36
93	1702	0.0	3	2 1592 73 35
94	1446	0.0	3	2 1349 75 20
95	1412	0.0	3	0 1301 82 29
96	1334	0.0	3	2 1226 74 32
97	1165	0.0	3	2 1072 59 32
98	1149	0.0	3	1 1071 61 16
99	1034	0.0	3	0 948 57 29
100	930	0.0	3	2 860 43 25
101	908	0.0	3	0 822 58 28
102	736	0.0	3	2 671 37 26
103	689	0.0	3	0 631 45 13
104	658	0.0	3	0 602 37 19
105	589	0.0	3	1 522 43 23
106	575	0.0	3	1 520 35 19
107	522	0.0	3	3 473 36 10
108	505	0.0	3	1 449 38 17
109	472	0.0	3	0 416 41 15
110	452	0.0	3	0 400 35 17
111	361	0.0	3	0 322 31 8
112	377	0.0	3	0 345 18 14
113	348	0.0	3	1 302 27 18
114	278	0.0	3	0 241 24 13
115	299	0.0	3	0 262 27 10
116	244	0.0	3	0 212 25 7
117	252	0.0	3	1 209 27 15
118	239	0.0	3	1 196 22 20
119	251	0.0	3	0 212 32 7
120	197	0.0	3	0 168 21 8
121	230	0.0	3	1 200 14 15
122	241	0.0	3	1 204 22 14
123	218	0.0	3	0 188 21 9
124	260	0.0	3	0 238 16 6
125	259	0.0	3	0 236 13 10
126	231	0.0	3	0 211 13 7
127	240	0.0	3	1 199 28 12
128	247	0.0	3	0 224 13 10
129	312	0.0	3	0 291 17 4
130	308	0.0	3	0 281 19 8
131	355	0.0	3	1 320 27 7
132	390	0.0	3	0 348 32 10
133	494	0.0	3	0 446 40 8
134	509	0.0	3	0 459 43 7
135	684	0.0	3	0 625 52 7
136	731	0.0	3	0 677 48 6
137	735	0.0	3	0 672 57 6
138	678	0.0	3	0 640 36 2
139	673	0.0	3	0 604 62 7
140	896	0.0	3	0 820 71 5
141	1070	0.0	3	0 954 101 15
142	734	0.0	3	0 610 113 11
143	854	0.0	3	0 733 108 13
144	896	0.0	3	0 718 164 14
145	1119	0.0	3	0 892 209 18
146	1542	0.0	3	1 1192 324 25
147	1937	0.0	3	0 1229 654 54
148	2440	0.0	3	0 362 1953 125
149	9661	0.0	3	0 232 8836 593
150	35177	0.0	3	0 749 32297 2131
