This is cutadapt 2.9 with Python 3.5.2
Command line parameters: --nextseq-trim 10 --minimum-length 25 --cores 4 -a AGATCGGAAGAGCACACGTCTGAACTCCAGTCAC -A AGATCGGAAGAGCGTCGTGTAGGGAAAGAGTGTA -o Mcapitata_ATHC_TP12_2736_R1_TrimmingRound1.fastq.gz -p Mcapitata_ATHC_TP12_2736_R2_TrimmingRound1.fastq.gz Mcapitata_ATHC_TP12_2736_R1.fastq.gz Mcapitata_ATHC_TP12_2736_R2.fastq.gz
Processing reads on 4 cores in paired-end mode ...
Finished in 630.88 s (34 us/read; 1.78 M reads/minute).

=== Summary ===

Total read pairs processed:         18,731,674
  Read 1 with adapter:               7,325,949 (39.1%)
  Read 2 with adapter:               7,462,696 (39.8%)
Pairs written (passing filters):    18,674,178 (99.7%)

Total basepairs processed: 5,619,502,200 bp
  Read 1: 2,809,751,100 bp
  Read 2: 2,809,751,100 bp
Quality-trimmed:              11,675,171 bp (0.2%)
  Read 1:     4,995,023 bp
  Read 2:     6,680,148 bp
Total written (filtered):  5,009,845,342 bp (89.2%)
  Read 1: 2,505,097,998 bp
  Read 2: 2,504,747,344 bp

=== First read: Adapter 1 ===

Sequence: AGATCGGAAGAGCACACGTCTGAACTCCAGTCAC; Type: regular 3'; Length: 34; Trimmed: 7325949 times

No. of allowed errors:
0-9 bp: 0; 10-19 bp: 1; 20-29 bp: 2; 30-34 bp: 3

Bases preceding removed adapters:
  A: 17.8%
  C: 28.2%
  G: 37.1%
  T: 16.8%
  none/other: 0.1%

Overview of removed sequences
length	count	expect	max.err	error counts
3	335446	292682.4	0	335446
4	138233	73170.6	0	138233
5	261335	18292.7	0	261335
8	83314	285.8	0	83314
9	167578	71.5	0	167578
10	647	17.9	1	0 647
11	173419	4.5	1	169992 3427
12	491	1.1	1	0 491
13	87269	0.3	1	85012 2257
14	88178	0.1	1	85758 2420
15	88364	0.0	1	85790 2574
16	88738	0.0	1	85744 2994
17	175644	0.0	1	170622 5022
18	618	0.0	1	0 574 44
19	88972	0.0	1	85807 3078 87
20	90371	0.0	2	86558 3574 239
21	180556	0.0	2	174080 5930 546
22	946	0.0	2	0 880 66
23	91696	0.0	2	87793 3583 320
24	91553	0.0	2	87360 3848 345
25	91788	0.0	2	87452 3996 340
26	92117	0.0	2	87623 4152 342
27	90751	0.0	2	86159 4101 491
28	93035	0.0	2	87192 5399 380 64
29	183547	0.0	2	175202 7449 742 154
30	1681	0.0	3	0 1180 183 318
31	93801	0.0	3	88264 4992 431 114
32	93546	0.0	3	87743 5205 494 104
33	94506	0.0	3	88416 5474 492 124
34	95033	0.0	3	88896 5527 492 118
35	95094	0.0	3	88871 5583 511 129
36	95154	0.0	3	89020 5514 516 104
37	95774	0.0	3	88637 6535 449 153
38	185568	0.0	3	175577 9040 783 168
39	2799	0.0	3	113 2516 136 34
40	187348	0.0	3	177656 8692 807 193
41	1714	0.0	3	75 1485 128 26
42	94681	0.0	3	88728 5391 457 105
43	95756	0.0	3	89645 5576 440 95
44	95922	0.0	3	89762 5576 473 111
45	96620	0.0	3	90389 5658 492 81
46	94582	0.0	3	87563 6502 432 85
47	186636	0.0	3	176842 8891 758 145
48	1997	0.0	3	278 1543 140 36
49	92898	0.0	3	87412 4985 424 77
50	93663	0.0	3	86858 6348 370 87
51	181465	0.0	3	172529 8244 564 128
52	2079	0.0	3	290 1581 193 15
53	92613	0.0	3	86229 5958 336 90
54	183097	0.0	3	173813 8520 599 165
55	1829	0.0	3	232 1410 156 31
56	91012	0.0	3	85458 5111 378 65
57	89646	0.0	3	83928 5327 328 63
58	88426	0.0	3	82695 5316 335 80
59	87665	0.0	3	81972 5227 389 77
60	87335	0.0	3	80813 6101 346 75
61	167357	0.0	3	158830 7901 506 120
62	1796	0.0	3	287 1357 121 31
63	82739	0.0	3	77583 4734 359 63
64	83448	0.0	3	77285 5792 302 69
65	157186	0.0	3	148827 7736 515 108
66	1562	0.0	3	230 1210 105 17
67	77066	0.0	3	72335 4302 361 68
68	74589	0.0	3	69925 4280 329 55
69	72123	0.0	3	67650 4098 329 46
70	69310	0.0	3	64962 4006 289 53
71	67672	0.0	3	63316 4037 266 53
72	79042	0.0	3	74229 4402 342 69
73	63143	0.0	3	59306 3539 243 55
74	61662	0.0	3	57863 3506 248 45
75	58084	0.0	3	54516 3304 222 42
76	54205	0.0	3	50970 3021 185 29
77	52634	0.0	3	49471 2917 213 33
78	47637	0.0	3	44742 2702 154 39
79	44641	0.0	3	42062 2421 134 24
80	38744	0.0	3	36377 2235 112 20
81	36993	0.0	3	34876 1980 114 23
82	32102	0.0	3	30131 1851 102 18
83	29939	0.0	3	28049 1767 99 24
84	27285	0.0	3	25673 1511 85 16
85	24594	0.0	3	23158 1346 73 17
86	22964	0.0	3	21594 1270 83 17
87	19802	0.0	3	18596 1123 75 8
88	18506	0.0	3	17375 1063 51 17
89	15015	0.0	3	14140 817 48 10
90	13805	0.0	3	12983 769 47 6
91	12171	0.0	3	11459 675 28 9
92	10445	0.0	3	9845 565 29 6
93	8221	0.0	3	7753 434 26 8
94	7272	0.0	3	6841 397 30 4
95	6616	0.0	3	6260 335 19 2
96	5101	0.0	3	4797 283 16 5
97	4789	0.0	3	4524 240 20 5
98	4361	0.0	3	4102 240 14 5
99	3843	0.0	3	3603 216 21 3
100	3108	0.0	3	2914 181 9 4
101	2715	0.0	3	2550 149 12 4
102	2336	0.0	3	2206 122 6 2
103	1837	0.0	3	1719 104 9 5
104	1599	0.0	3	1516 77 5 1
105	1446	0.0	3	1372 65 5 4
106	1205	0.0	3	1151 47 7
107	987	0.0	3	936 48 3
108	994	0.0	3	935 54 4 1
109	861	0.0	3	814 40 6 1
110	781	0.0	3	720 55 5 1
111	710	0.0	3	663 44 2 1
112	658	0.0	3	622 33 2 1
113	708	0.0	3	673 32 2 1
114	542	0.0	3	496 44 2
115	538	0.0	3	511 25 2
116	560	0.0	3	521 35 4
117	514	0.0	3	481 27 5 1
118	533	0.0	3	493 36 2 2
119	581	0.0	3	548 32 0 1
120	543	0.0	3	504 36 3
121	556	0.0	3	518 34 2 2
122	621	0.0	3	589 30 2
123	634	0.0	3	600 31 3
124	642	0.0	3	598 42 1 1
125	739	0.0	3	694 44 1
126	719	0.0	3	676 38 4 1
127	777	0.0	3	713 59 4 1
128	832	0.0	3	781 47 3 1
129	924	0.0	3	865 56 2 1
130	972	0.0	3	917 52 2 1
131	1086	0.0	3	1014 70 1 1
132	1172	0.0	3	1072 92 7 1
133	1303	0.0	3	1196 102 5
134	1487	0.0	3	1397 88 2
135	1654	0.0	3	1550 96 8
136	1797	0.0	3	1667 124 6
137	1776	0.0	3	1646 125 5
138	1630	0.0	3	1509 116 3 2
139	1682	0.0	3	1569 110 3
140	2140	0.0	3	1968 166 5 1
141	2197	0.0	3	2032 160 3 2
142	1314	0.0	3	1161 146 6 1
143	1310	0.0	3	1130 170 10
144	1445	0.0	3	1222 212 10 1
145	1647	0.0	3	1363 274 10
146	2125	0.0	3	1696 407 21 1
147	2348	0.0	3	1462 829 55 2
148	2449	0.0	3	382 1927 136 4
149	6390	0.0	3	165 5847 355 23
150	14815	0.0	3	413 13456 901 45


=== Second read: Adapter 2 ===

Sequence: AGATCGGAAGAGCGTCGTGTAGGGAAAGAGTGTA; Type: regular 3'; Length: 34; Trimmed: 7462696 times

No. of allowed errors:
0-9 bp: 0; 10-19 bp: 1; 20-29 bp: 2; 30-34 bp: 3

Bases preceding removed adapters:
  A: 17.1%
  C: 27.0%
  G: 45.8%
  T: 10.0%
  none/other: 0.1%

Overview of removed sequences
length	count	expect	max.err	error counts
3	456419	292682.4	0	456419
4	167314	73170.6	0	167314
5	264470	18292.7	0	264470
8	83436	285.8	0	83436
9	167631	71.5	0	167631
10	776	17.9	1	0 776
11	173438	4.5	1	170255 3183
12	560	1.1	1	0 560
13	175167	0.3	1	171324 3843
14	466	0.1	1	0 466
15	87983	0.0	1	85611 2372
16	176636	0.0	1	171714 4922
17	773	0.0	1	0 773
18	174593	0.0	1	169759 4668 166
19	757	0.0	1	0 486 271
20	90560	0.0	2	86071 4073 416
21	361140	0.0	2	347191 12426 1523
22	980	0.0	2	0 845 135
23	481	0.0	2	0 97 384
24	703	0.0	2	0 592 111
25	91370	0.0	2	86718 4115 537
26	92363	0.0	2	87124 4701 538
27	180787	0.0	2	172089 7299 1399
28	1619	0.0	2	0 1454 106 59
29	184086	0.0	2	174837 7990 1229 30
30	1725	0.0	3	0 1552 125 48
31	184927	0.0	3	174973 8246 1186 522
32	1203	0.0	3	0 924 182 97
33	94088	0.0	3	87995 4590 1214 289
34	94626	0.0	3	10 88549 5301 766
35	95344	0.0	3	26 88499 5062 1757
36	187502	0.0	3	17 122 176737 10626
37	1762	0.0	3	2 10 131 1619
38	185474	0.0	3	34 107 175160 10173
39	1237	0.0	3	9 19 92 1117
40	95065	0.0	3	12 107 88750 6196
41	188009	0.0	3	17 139 177126 10727
42	1790	0.0	3	0 11 210 1569
43	188675	0.0	3	47 134 178294 10200
44	1404	0.0	3	2 9 268 1125
45	94804	0.0	3	25 100 88571 6108
46	188033	0.0	3	61 204 177728 10040
47	1364	0.0	3	1 7 289 1067
48	93693	0.0	3	12 132 88032 5517
49	92924	0.0	3	11 82 87325 5506
50	92449	0.0	3	16 66 86616 5751
51	93089	0.0	3	17 49 86627 6396
52	274248	0.0	3	129 234 259826 14059
53	1284	0.0	3	0 2 443 839
54	1920	0.0	3	2 9 225 1684
55	268722	0.0	3	143 473 255597 12509
56	1139	0.0	3	1 6 460 672
57	778	0.0	3	0 27 88 663
58	88552	0.0	3	11 81 83459 5001
59	171712	0.0	3	58 106 163677 7871
60	1342	0.0	3	0 4 297 1041
61	85281	0.0	3	24 52 80331 4874
62	166217	0.0	3	82 208 158660 7267
63	1160	0.0	3	5 9 245 901
64	81606	0.0	3	47 146 77492 3921
65	80778	0.0	3	7 141 76625 4005
66	78373	0.0	3	25 95 74224 4029
67	77290	0.0	3	6 31 73257 3996
68	74518	0.0	3	28 39 70608 3843
69	71965	0.0	3	15 42 68386 3522
70	69101	0.0	3	11 71 65467 3552
71	67180	0.0	3	5 47 63812 3316
72	63533	0.0	3	2 52 60254 3225
73	61838	0.0	3	19 27 58929 2863
74	59805	0.0	3	33 27 56835 2910
75	56710	0.0	3	17 78 53827 2788
76	64428	0.0	3	7 74 61180 3167
77	53226	0.0	3	10 60 50669 2487
78	47599	0.0	3	5 17 45274 2303
79	44955	0.0	3	2 30 42856 2067
80	42963	0.0	3	13 24 41060 1866
81	36596	0.0	3	6 27 34867 1696
82	33561	0.0	3	5 28 31971 1557
83	30211	0.0	3	10 17 28768 1416
84	27598	0.0	3	4 22 26369 1203
85	25303	0.0	3	6 33 24128 1136
86	22448	0.0	3	9 14 21447 978
87	20342	0.0	3	3 17 19339 983
88	17856	0.0	3	1 20 17055 780
89	16345	0.0	3	4 5 15553 783
90	14280	0.0	3	3 2 13648 627
91	12057	0.0	3	0 3 11493 561
92	10329	0.0	3	1 0 9852 476
93	8680	0.0	3	4 4 8275 397
94	7388	0.0	3	4 4 7013 367
95	6436	0.0	3	2 10 6132 292
96	5429	0.0	3	3 7 5158 261
97	4794	0.0	3	0 3 4551 240
98	4263	0.0	3	0 4 4050 209
99	3731	0.0	3	0 4 3529 198
100	3121	0.0	3	0 2 2959 160
101	2754	0.0	3	1 2 2601 150
102	2298	0.0	3	0 0 2197 101
103	1986	0.0	3	0 5 1894 87
104	1610	0.0	3	0 1 1535 74
105	1463	0.0	3	0 0 1383 80
106	1232	0.0	3	1 0 1159 72
107	1090	0.0	3	0 0 1034 56
108	1029	0.0	3	0 2 975 52
109	891	0.0	3	0 1 835 55
110	818	0.0	3	0 0 774 44
111	735	0.0	3	0 0 676 59
112	672	0.0	3	0 0 635 37
113	724	0.0	3	0 0 684 40
114	621	0.0	3	0 1 573 47
115	527	0.0	3	0 0 491 36
116	571	0.0	3	0 1 535 35
117	580	0.0	3	0 2 547 31
118	581	0.0	3	0 1 544 36
119	582	0.0	3	0 1 544 37
120	535	0.0	3	0 0 504 31
121	589	0.0	3	0 0 548 41
122	602	0.0	3	0 1 564 37
123	612	0.0	3	0 0 573 39
124	671	0.0	3	0 0 627 44
125	765	0.0	3	0 1 717 47
126	719	0.0	3	0 2 665 52
127	778	0.0	3	0 0 738 40
128	842	0.0	3	0 0 800 42
129	843	0.0	3	1 0 802 40
130	965	0.0	3	0 3 906 56
131	1050	0.0	3	0 1 994 55
132	1193	0.0	3	0 0 1132 61
133	1290	0.0	3	0 1 1224 65
134	1362	0.0	3	0 0 1290 72
135	1689	0.0	3	0 0 1596 93
136	1808	0.0	3	0 1 1706 101
137	1791	0.0	3	0 1 1698 92
138	1696	0.0	3	0 2 1596 98
139	1656	0.0	3	0 2 1545 109
140	2080	0.0	3	0 1 1951 128
141	2315	0.0	3	0 1 2180 134
142	1308	0.0	3	1 2 1175 130
143	1286	0.0	3	0 0 1143 143
144	1393	0.0	3	0 1 1220 172
145	1595	0.0	3	0 0 1404 191
146	2018	0.0	3	0 4 1723 291
147	2141	0.0	3	0 0 1651 490
148	1697	0.0	3	0 0 421 1276
149	5150	0.0	3	0 3 167 4980
150	16807	0.0	3	0 7 491 16309
