This is cutadapt 2.9 with Python 3.5.2
Command line parameters: --nextseq-trim 10 --minimum-length 25 --cores 4 -a AGATCGGAAGAGCACACGTCTGAACTCCAGTCAC -A AGATCGGAAGAGCGTCGTGTAGGGAAAGAGTGTA -o Mcapitata_ATHC_TP10_1204_R1_TrimmingRound1.fastq.gz -p Mcapitata_ATHC_TP10_1204_R2_TrimmingRound1.fastq.gz Mcapitata_ATHC_TP10_1204_R1.fastq.gz Mcapitata_ATHC_TP10_1204_R2.fastq.gz
Processing reads on 4 cores in paired-end mode ...
Finished in 797.20 s (40 us/read; 1.49 M reads/minute).

=== Summary ===

Total read pairs processed:         19,823,104
  Read 1 with adapter:               5,351,111 (27.0%)
  Read 2 with adapter:               5,557,500 (28.0%)
Pairs written (passing filters):    19,767,216 (99.7%)

Total basepairs processed: 5,946,931,200 bp
  Read 1: 2,973,465,600 bp
  Read 2: 2,973,465,600 bp
Quality-trimmed:              12,517,957 bp (0.2%)
  Read 1:     5,369,557 bp
  Read 2:     7,148,400 bp
Total written (filtered):  5,626,857,489 bp (94.6%)
  Read 1: 2,814,225,910 bp
  Read 2: 2,812,631,579 bp

=== First read: Adapter 1 ===

Sequence: AGATCGGAAGAGCACACGTCTGAACTCCAGTCAC; Type: regular 3'; Length: 34; Trimmed: 5351111 times

No. of allowed errors:
0-9 bp: 0; 10-19 bp: 1; 20-29 bp: 2; 30-34 bp: 3

Bases preceding removed adapters:
  A: 18.3%
  C: 30.4%
  G: 34.5%
  T: 16.8%
  none/other: 0.0%

Overview of removed sequences
length	count	expect	max.err	error counts
3	411861	309736.0	0	411861
4	168885	77434.0	0	168885
5	311703	19358.5	0	311703
8	98441	302.5	0	98441
9	195526	75.6	0	195526
10	714	18.9	1	0 714
11	201984	4.7	1	198112 3872
12	527	1.2	1	0 527
13	100812	0.3	1	98443 2369
14	100252	0.1	1	97654 2598
15	100139	0.0	1	97414 2725
16	100045	0.0	1	97077 2968
17	196969	0.0	1	192033 4936
18	669	0.0	1	0 624 45
19	98350	0.0	1	95371 2847 132
20	100009	0.0	2	95924 3631 454
21	196792	0.0	2	190485 5438 869
22	1001	0.0	2	0 916 85
23	98645	0.0	2	94816 3269 560
24	97416	0.0	2	93289 3607 520
25	95609	0.0	2	91534 3528 547
26	95261	0.0	2	91048 3772 441
27	93727	0.0	2	89387 3682 658
28	93957	0.0	2	88449 4979 477 52
29	182254	0.0	2	174978 6190 890 196
30	1686	0.0	3	0 1237 137 312
31	90803	0.0	3	85713 4252 554 284
32	89967	0.0	3	84406 4635 652 274
33	88583	0.0	3	82995 4763 583 242
34	86550	0.0	3	81013 4700 570 267
35	84930	0.0	3	79589 4534 592 215
36	84051	0.0	3	77936 5267 594 254
37	158735	0.0	3	151060 6230 1001 444
38	2525	0.0	3	221 2159 97 48
39	150392	0.0	3	143466 5706 821 399
40	1682	0.0	3	222 1305 117 38
41	73789	0.0	3	69370 3680 534 205
42	71995	0.0	3	67538 3733 491 233
43	70048	0.0	3	65724 3639 473 212
44	67354	0.0	3	63203 3518 446 187
45	65723	0.0	3	61505 3424 540 254
46	61556	0.0	3	57143 3834 401 178
47	114794	0.0	3	109210 4503 724 357
48	1461	0.0	3	323 969 103 66
49	53748	0.0	3	50300 2753 500 195
50	52480	0.0	3	48574 3267 416 223
51	94388	0.0	3	89575 3902 615 296
52	1266	0.0	3	310 817 100 39
53	44747	0.0	3	41565 2639 339 204
54	80336	0.0	3	76216 3284 526 310
55	963	0.0	3	260 596 76 31
56	36969	0.0	3	34722 1869 260 118
57	34379	0.0	3	32077 1947 238 117
58	31793	0.0	3	29820 1644 240 89
59	29592	0.0	3	27725 1463 307 97
60	27609	0.0	3	25681 1661 170 97
61	48615	0.0	3	46280 1913 287 135
62	624	0.0	3	174 413 30 7
63	21849	0.0	3	20618 1018 140 73
64	20582	0.0	3	19077 1301 129 75
65	35502	0.0	3	33853 1332 219 98
66	496	0.0	3	140 312 36 8
67	15617	0.0	3	14722 730 111 54
68	14516	0.0	3	13650 739 86 41
69	13085	0.0	3	12309 678 69 29
70	11936	0.0	3	11236 599 65 36
71	10634	0.0	3	9971 563 67 33
72	11906	0.0	3	11228 576 70 32
73	8638	0.0	3	8139 432 53 14
74	8323	0.0	3	7867 376 63 17
75	7481	0.0	3	7052 372 41 16
76	6479	0.0	3	6096 326 41 16
77	6259	0.0	3	5898 322 26 13
78	5602	0.0	3	5267 280 42 13
79	4612	0.0	3	4324 245 33 10
80	4396	0.0	3	4133 224 32 7
81	3703	0.0	3	3483 192 19 9
82	3489	0.0	3	3285 170 22 12
83	3185	0.0	3	3003 151 21 10
84	2932	0.0	3	2755 156 14 7
85	2576	0.0	3	2446 106 17 7
86	2403	0.0	3	2229 148 19 7
87	2212	0.0	3	2071 117 13 11
88	2113	0.0	3	1974 118 10 11
89	1726	0.0	3	1609 97 13 7
90	1648	0.0	3	1549 81 11 7
91	1498	0.0	3	1398 84 13 3
92	1432	0.0	3	1329 90 9 4
93	1156	0.0	3	1090 52 5 9
94	1059	0.0	3	991 54 8 6
95	1005	0.0	3	944 48 10 3
96	915	0.0	3	858 51 3 3
97	860	0.0	3	801 47 10 2
98	776	0.0	3	725 44 4 3
99	753	0.0	3	717 32 4
100	613	0.0	3	577 27 5 4
101	612	0.0	3	567 35 6 4
102	531	0.0	3	506 14 7 4
103	420	0.0	3	398 15 5 2
104	409	0.0	3	373 29 5 2
105	372	0.0	3	350 16 4 2
106	402	0.0	3	373 24 3 2
107	324	0.0	3	307 14 3
108	286	0.0	3	261 17 6 2
109	282	0.0	3	265 15 2
110	240	0.0	3	218 18 3 1
111	222	0.0	3	214 8
112	221	0.0	3	205 12 2 2
113	216	0.0	3	192 18 5 1
114	189	0.0	3	166 18 4 1
115	192	0.0	3	175 10 5 2
116	178	0.0	3	165 9 1 3
117	142	0.0	3	132 10
118	134	0.0	3	124 7 2 1
119	113	0.0	3	101 7 3 2
120	127	0.0	3	115 8 3 1
121	133	0.0	3	126 4 1 2
122	134	0.0	3	121 9 1 3
123	127	0.0	3	115 8 3 1
124	136	0.0	3	126 6 3 1
125	164	0.0	3	150 12 0 2
126	162	0.0	3	142 18 0 2
127	154	0.0	3	139 11 3 1
128	183	0.0	3	170 11 2
129	209	0.0	3	192 16 1
130	255	0.0	3	238 15 0 2
131	250	0.0	3	233 15 1 1
132	308	0.0	3	284 23 1
133	329	0.0	3	296 29 2 2
134	384	0.0	3	341 38 4 1
135	518	0.0	3	476 37 4 1
136	539	0.0	3	485 46 7 1
137	529	0.0	3	483 44 2
138	526	0.0	3	468 52 5 1
139	577	0.0	3	500 71 1 5
140	707	0.0	3	626 73 8
141	802	0.0	3	711 82 8 1
142	526	0.0	3	431 87 7 1
143	695	0.0	3	547 143 5
144	771	0.0	3	546 210 12 3
145	872	0.0	3	642 213 17
146	1309	0.0	3	863 413 32 1
147	1985	0.0	3	859 1048 68 10
148	3615	0.0	3	261 3109 226 19
149	11115	0.0	3	313 9955 778 69
150	27837	0.0	3	746 24855 2084 152


=== Second read: Adapter 2 ===

Sequence: AGATCGGAAGAGCGTCGTGTAGGGAAAGAGTGTA; Type: regular 3'; Length: 34; Trimmed: 5557500 times

No. of allowed errors:
0-9 bp: 0; 10-19 bp: 1; 20-29 bp: 2; 30-34 bp: 3

Bases preceding removed adapters:
  A: 18.5%
  C: 29.7%
  G: 42.1%
  T: 9.5%
  none/other: 0.1%

Overview of removed sequences
length	count	expect	max.err	error counts
3	563998	309736.0	0	563998
4	207205	77434.0	0	207205
5	316398	19358.5	0	316398
8	98538	302.5	0	98538
9	195113	75.6	0	195113
10	1042	18.9	1	0 1042
11	202808	4.7	1	197617 5191
12	999	1.2	1	0 999
13	202033	0.3	1	196745 5288
14	741	0.1	1	0 741
15	100472	0.0	1	97226 3246
16	199686	0.0	1	193789 5897
17	929	0.0	1	0 929
18	196081	0.0	1	190534 5345 202
19	991	0.0	1	0 756 235
20	101259	0.0	2	96259 4430 570
21	392810	0.0	2	379134 11966 1710
22	1611	0.0	2	0 1423 188
23	756	0.0	2	0 266 490
24	882	0.0	2	0 676 206
25	96076	0.0	2	91475 3929 672
26	96653	0.0	2	91347 4646 660
27	186566	0.0	2	178098 6890 1578
28	1895	0.0	2	0 1669 158 68
29	184711	0.0	2	176130 7060 1475 46
30	2035	0.0	3	0 1794 155 86
31	179394	0.0	3	170178 6870 1544 802
32	1488	0.0	3	0 1205 133 150
33	88814	0.0	3	83482 3652 1302 378
34	86879	0.0	3	82 81950 4100 747
35	85686	0.0	3	143 80096 4749 698
36	163356	0.0	3	57 155158 6808 1333
37	1450	0.0	3	45 107 1056 242
38	79953	0.0	3	58 75008 4140 747
39	151520	0.0	3	217 144275 5835 1193
40	1747	0.0	3	35 122 1462 128
41	144175	0.0	3	228 137897 4762 1288
42	1740	0.0	3	1 176 1456 107
43	135264	0.0	3	93 129714 4506 951
44	1387	0.0	3	3 369 895 120
45	64686	0.0	3	48 61163 2901 574
46	119830	0.0	3	126 115028 3865 811
47	1170	0.0	3	1 224 848 97
48	56373	0.0	3	41 53736 2132 464
49	53723	0.0	3	42 51060 2203 418
50	51701	0.0	3	43 49231 2052 375
51	49390	0.0	3	40 46381 2639 330
52	130743	0.0	3	91 125625 4186 841
53	949	0.0	3	1 404 446 98
54	1042	0.0	3	2 140 843 57
55	108500	0.0	3	54 104458 3316 672
56	664	0.0	3	1 270 337 56
57	481	0.0	3	2 162 256 61
58	31555	0.0	3	16 29975 1320 244
59	55605	0.0	3	48 53452 1715 390
60	618	0.0	3	2 165 377 74
61	25440	0.0	3	17 24069 1165 189
62	45243	0.0	3	41 43374 1512 316
63	402	0.0	3	0 92 267 43
64	19994	0.0	3	9 19105 730 150
65	18828	0.0	3	12 17905 734 177
66	17211	0.0	3	15 16339 717 140
67	15686	0.0	3	10 14944 609 123
68	14491	0.0	3	8 13728 631 124
69	13039	0.0	3	11 12354 573 101
70	11878	0.0	3	11 11223 542 102
71	10642	0.0	3	13 10135 411 83
72	9875	0.0	3	12 9317 451 95
73	8712	0.0	3	11 8219 417 65
74	8340	0.0	3	8 7845 409 78
75	7553	0.0	3	8 7162 329 54
76	7638	0.0	3	9 7236 339 54
77	6284	0.0	3	8 5899 318 59
78	5743	0.0	3	9 5421 267 46
79	4909	0.0	3	5 4640 221 43
80	4544	0.0	3	4 4271 219 50
81	3939	0.0	3	9 3704 190 36
82	3691	0.0	3	5 3463 176 47
83	3142	0.0	3	8 2944 155 35
84	2953	0.0	3	7 2771 143 32
85	2760	0.0	3	4 2591 135 30
86	2435	0.0	3	5 2305 96 29
87	2236	0.0	3	2 2116 92 26
88	2103	0.0	3	4 1978 98 23
89	1935	0.0	3	2 1827 78 28
90	1729	0.0	3	4 1621 85 19
91	1539	0.0	3	2 1443 75 19
92	1466	0.0	3	1 1381 72 12
93	1265	0.0	3	1 1170 65 29
94	1113	0.0	3	1 1041 48 23
95	1098	0.0	3	1 1019 57 21
96	957	0.0	3	1 877 51 28
97	957	0.0	3	2 873 59 23
98	847	0.0	3	0 786 46 15
99	729	0.0	3	0 669 39 21
100	707	0.0	3	0 637 45 25
101	651	0.0	3	0 588 44 19
102	566	0.0	3	1 515 36 14
103	525	0.0	3	0 473 34 18
104	449	0.0	3	1 398 34 16
105	419	0.0	3	1 378 24 16
106	447	0.0	3	1 406 32 8
107	399	0.0	3	0 352 30 17
108	343	0.0	3	1 304 28 10
109	297	0.0	3	0 271 14 12
110	322	0.0	3	0 289 21 12
111	272	0.0	3	0 244 22 6
112	293	0.0	3	0 249 40 4
113	257	0.0	3	1 226 23 7
114	270	0.0	3	1 229 26 14
115	240	0.0	3	0 205 23 12
116	244	0.0	3	0 204 31 9
117	193	0.0	3	0 162 18 13
118	180	0.0	3	1 142 20 17
119	156	0.0	3	0 125 19 12
120	180	0.0	3	0 152 20 8
121	152	0.0	3	0 135 11 6
122	178	0.0	3	0 146 24 8
123	146	0.0	3	0 119 19 8
124	182	0.0	3	0 149 16 17
125	204	0.0	3	0 170 21 13
126	166	0.0	3	0 150 10 6
127	169	0.0	3	0 157 8 4
128	202	0.0	3	0 182 14 6
129	234	0.0	3	0 205 20 9
130	258	0.0	3	0 231 18 9
131	260	0.0	3	1 235 19 5
132	334	0.0	3	0 300 29 5
133	328	0.0	3	0 286 37 5
134	365	0.0	3	0 329 33 3
135	516	0.0	3	0 479 31 6
136	589	0.0	3	2 541 41 5
137	533	0.0	3	1 472 53 7
138	495	0.0	3	0 441 44 10
139	517	0.0	3	0 469 42 6
140	723	0.0	3	0 647 67 9
141	837	0.0	3	0 738 94 5
142	535	0.0	3	0 434 91 10
143	665	0.0	3	0 554 105 6
144	692	0.0	3	0 522 156 14
145	845	0.0	3	0 655 175 15
146	1230	0.0	3	0 898 309 23
147	1523	0.0	3	0 915 571 37
148	1995	0.0	3	0 250 1644 101
149	8631	0.0	3	0 250 7902 479
150	31069	0.0	3	0 910 28352 1807
