This is cutadapt 2.9 with Python 3.5.2
Command line parameters: --nextseq-trim 10 --minimum-length 25 --cores 4 -a AGATCGGAAGAGCACACGTCTGAACTCCAGTCAC -A AGATCGGAAGAGCGTCGTGTAGGGAAAGAGTGTA -o Mcapitata_ATAC_TP3_1628_R1_TrimmingRound1.fastq.gz -p Mcapitata_ATAC_TP3_1628_R2_TrimmingRound1.fastq.gz Mcapitata_ATAC_TP3_1628_R1.fastq.gz Mcapitata_ATAC_TP3_1628_R2.fastq.gz
Processing reads on 4 cores in paired-end mode ...
Finished in 820.94 s (38 us/read; 1.58 M reads/minute).

=== Summary ===

Total read pairs processed:         21,647,915
  Read 1 with adapter:               8,268,035 (38.2%)
  Read 2 with adapter:               8,405,776 (38.8%)
Pairs written (passing filters):    21,586,709 (99.7%)

Total basepairs processed: 6,494,374,500 bp
  Read 1: 3,247,187,250 bp
  Read 2: 3,247,187,250 bp
Quality-trimmed:              13,243,748 bp (0.2%)
  Read 1:     5,819,391 bp
  Read 2:     7,424,357 bp
Total written (filtered):  5,812,428,135 bp (89.5%)
  Read 1: 2,906,352,633 bp
  Read 2: 2,906,075,502 bp

=== First read: Adapter 1 ===

Sequence: AGATCGGAAGAGCACACGTCTGAACTCCAGTCAC; Type: regular 3'; Length: 34; Trimmed: 8268035 times

No. of allowed errors:
0-9 bp: 0; 10-19 bp: 1; 20-29 bp: 2; 30-34 bp: 3

Bases preceding removed adapters:
  A: 18.8%
  C: 27.6%
  G: 35.6%
  T: 17.9%
  none/other: 0.1%

Overview of removed sequences
length	count	expect	max.err	error counts
3	399169	338248.7	0	399169
4	162366	84562.2	0	162366
5	304082	21140.5	0	304082
8	96855	330.3	0	96855
9	195237	82.6	0	195237
10	715	20.6	1	0 715
11	200825	5.2	1	196512 4313
12	592	1.3	1	0 592
13	101058	0.3	1	98112 2946
14	101472	0.1	1	98447 3025
15	101476	0.0	1	98182 3294
16	101874	0.0	1	98374 3500
17	201490	0.0	1	195040 6450
18	775	0.0	1	0 688 87
19	102398	0.0	1	98387 3868 143
20	102959	0.0	2	97814 4819 326
21	205636	0.0	2	196942 7963 731
22	1057	0.0	2	0 957 100
23	104236	0.0	2	99000 4705 531
24	104593	0.0	2	99262 4845 486
25	104452	0.0	2	99003 5034 415
26	104082	0.0	2	98436 5205 441
27	104079	0.0	2	98364 5133 582
28	105066	0.0	2	98502 6049 441 74
29	205343	0.0	2	194610 9689 908 136
30	1687	0.0	3	0 1039 210 438
31	105211	0.0	3	98542 5950 582 137
32	105480	0.0	3	98328 6351 627 174
33	105369	0.0	3	97929 6644 679 117
34	108012	0.0	3	98982 8230 671 129
35	313209	0.0	3	294557 16938 1420 294
36	1046	0.0	3	191 714 95 46
37	1151	0.0	3	103 883 125 40
38	104840	0.0	3	97779 6418 518 125
39	104070	0.0	3	96827 6541 610 92
40	106035	0.0	3	98009 7373 529 124
41	209340	0.0	3	196919 11300 931 190
42	1540	0.0	3	87 1288 132 33
43	106204	0.0	3	99141 6450 499 114
44	106728	0.0	3	99466 6580 549 133
45	107945	0.0	3	100446 6837 568 94
46	105074	0.0	3	97188 7332 448 106
47	206747	0.0	3	194762 11051 763 171
48	1645	0.0	3	190 1249 154 52
49	102861	0.0	3	96214 6044 519 84
50	103214	0.0	3	95756 6970 390 98
51	202245	0.0	3	190911 10468 712 154
52	1720	0.0	3	226 1278 201 15
53	102690	0.0	3	95291 6873 419 107
54	202968	0.0	3	191374 10719 732 143
55	1604	0.0	3	220 1208 142 34
56	100034	0.0	3	93476 6040 433 85
57	98939	0.0	3	92171 6250 425 93
58	97178	0.0	3	90557 6117 403 101
59	96466	0.0	3	89729 6198 470 69
60	95309	0.0	3	88243 6610 378 78
61	184636	0.0	3	174090 9839 576 131
62	1494	0.0	3	204 1108 129 53
63	91465	0.0	3	85436 5547 416 66
64	92068	0.0	3	85081 6530 390 67
65	174859	0.0	3	164860 9236 657 106
66	1365	0.0	3	185 1028 130 22
67	85053	0.0	3	79324 5277 393 59
68	83040	0.0	3	77412 5205 349 74
69	79491	0.0	3	74343 4737 345 66
70	76651	0.0	3	71607 4661 322 61
71	74783	0.0	3	69810 4592 325 56
72	91341	0.0	3	85700 5208 358 75
73	69444	0.0	3	64928 4171 293 52
74	69036	0.0	3	64708 4018 245 65
75	65072	0.0	3	60845 3901 280 46
76	63093	0.0	3	59150 3670 226 47
77	58963	0.0	3	55280 3412 227 44
78	50697	0.0	3	47419 3041 203 34
79	48022	0.0	3	44919 2898 161 44
80	44316	0.0	3	41387 2747 155 27
81	41940	0.0	3	39283 2477 147 33
82	38269	0.0	3	35831 2297 123 18
83	34013	0.0	3	31844 2035 118 16
84	31014	0.0	3	28986 1886 119 23
85	27043	0.0	3	25362 1572 89 20
86	24712	0.0	3	23198 1410 84 20
87	22732	0.0	3	21224 1403 90 15
88	21286	0.0	3	19937 1262 76 11
89	18170	0.0	3	17071 1028 58 13
90	15658	0.0	3	14722 874 54 8
91	14233	0.0	3	13379 805 42 7
92	12379	0.0	3	11626 700 43 10
93	9897	0.0	3	9262 589 40 6
94	8642	0.0	3	8105 500 33 4
95	7804	0.0	3	7336 438 23 7
96	6204	0.0	3	5801 373 24 6
97	5775	0.0	3	5414 343 18
98	5251	0.0	3	4962 269 17 3
99	4592	0.0	3	4331 237 18 6
100	4062	0.0	3	3821 228 8 5
101	3519	0.0	3	3318 185 13 3
102	3043	0.0	3	2902 131 6 4
103	2440	0.0	3	2280 141 16 3
104	2103	0.0	3	1967 125 10 1
105	1937	0.0	3	1817 107 9 4
106	1576	0.0	3	1484 87 3 2
107	1401	0.0	3	1299 93 8 1
108	1322	0.0	3	1237 77 8
109	1294	0.0	3	1211 71 9 3
110	1122	0.0	3	1038 78 4 2
111	1104	0.0	3	1022 73 6 3
112	997	0.0	3	927 65 5
113	1086	0.0	3	1018 65 1 2
114	802	0.0	3	744 51 5 2
115	757	0.0	3	700 55 2
116	723	0.0	3	669 53 1
117	733	0.0	3	676 54 0 3
118	717	0.0	3	663 53 1
119	691	0.0	3	642 42 6 1
120	742	0.0	3	690 46 4 2
121	663	0.0	3	625 33 5
122	680	0.0	3	626 51 3
123	642	0.0	3	583 53 5 1
124	679	0.0	3	621 54 4
125	659	0.0	3	620 34 4 1
126	650	0.0	3	611 35 4
127	731	0.0	3	658 69 4
128	727	0.0	3	673 49 4 1
129	708	0.0	3	658 47 3
130	855	0.0	3	800 50 5
131	881	0.0	3	809 64 6 2
132	960	0.0	3	886 69 5
133	1065	0.0	3	976 85 4
134	1162	0.0	3	1074 82 6
135	1340	0.0	3	1218 115 7
136	1469	0.0	3	1335 125 9
137	1436	0.0	3	1313 119 3 1
138	1468	0.0	3	1324 137 7
139	1415	0.0	3	1270 131 12 2
140	1737	0.0	3	1560 169 8
141	1799	0.0	3	1615 170 14
142	1231	0.0	3	1040 182 7 2
143	1217	0.0	3	1006 196 15
144	1341	0.0	3	1035 288 17 1
145	1495	0.0	3	1170 303 20 2
146	1873	0.0	3	1343 499 30 1
147	2493	0.0	3	1318 1085 84 6
148	3234	0.0	3	386 2658 183 7
149	8307	0.0	3	319 7433 532 23
150	19996	0.0	3	887 17823 1225 61


=== Second read: Adapter 2 ===

Sequence: AGATCGGAAGAGCGTCGTGTAGGGAAAGAGTGTA; Type: regular 3'; Length: 34; Trimmed: 8405776 times

No. of allowed errors:
0-9 bp: 0; 10-19 bp: 1; 20-29 bp: 2; 30-34 bp: 3

Bases preceding removed adapters:
  A: 18.0%
  C: 26.6%
  G: 44.5%
  T: 10.8%
  none/other: 0.2%

Overview of removed sequences
length	count	expect	max.err	error counts
3	522835	338248.7	0	522835
4	192187	84562.2	0	192187
5	306632	21140.5	0	306632
8	97181	330.3	0	97181
9	195742	82.6	0	195742
10	804	20.6	1	0 804
11	200764	5.2	1	197318 3446
12	630	1.3	1	0 630
13	202117	0.3	1	198013 4104
14	542	0.1	1	0 542
15	101120	0.0	1	98462 2658
16	202701	0.0	1	197459 5242
17	834	0.0	1	0 834
18	200653	0.0	1	195321 5148 184
19	857	0.0	1	0 562 295
20	103305	0.0	2	98196 4644 465
21	411489	0.0	2	396694 13120 1675
22	1036	0.0	2	0 915 121
23	467	0.0	2	0 112 355
24	804	0.0	2	0 681 123
25	103977	0.0	2	98833 4491 653
26	104392	0.0	2	98598 5189 605
27	206124	0.0	2	196910 7778 1436
28	1815	0.0	2	0 1639 127 49
29	205601	0.0	2	195694 8540 1335 32
30	1927	0.0	3	0 1748 119 60
31	207943	0.0	3	197434 8731 1241 537
32	1363	0.0	3	0 1040 217 106
33	104765	0.0	3	98230 4910 1306 319
34	105699	0.0	3	14 99387 5550 748
35	106512	0.0	3	26 99269 5295 1922
36	208161	0.0	3	12 111 196644 11394
37	1892	0.0	3	4 9 144 1735
38	206328	0.0	3	40 123 195487 10678
39	1320	0.0	3	6 9 115 1190
40	105259	0.0	3	15 100 98433 6711
41	209517	0.0	3	32 136 197926 11423
42	2047	0.0	3	0 7 268 1772
43	209695	0.0	3	48 143 198827 10677
44	1578	0.0	3	1 3 356 1218
45	105981	0.0	3	50 120 99402 6409
46	208457	0.0	3	77 246 197751 10383
47	1521	0.0	3	0 5 315 1201
48	103304	0.0	3	16 132 97351 5805
49	102722	0.0	3	8 85 96575 6054
50	102121	0.0	3	17 57 96004 6043
51	102857	0.0	3	16 55 96026 6760
52	304356	0.0	3	108 261 289185 14802
53	1423	0.0	3	0 3 495 925
54	2151	0.0	3	4 9 229 1909
55	296594	0.0	3	154 578 282803 13059
56	1236	0.0	3	0 15 506 715
57	873	0.0	3	0 30 128 715
58	97320	0.0	3	6 83 91760 5471
59	188492	0.0	3	53 103 180187 8149
60	1392	0.0	3	3 5 332 1052
61	93703	0.0	3	29 61 88490 5123
62	183180	0.0	3	89 229 175312 7550
63	1262	0.0	3	3 4 290 965
64	90226	0.0	3	48 152 85995 4031
65	89584	0.0	3	5 164 85200 4215
66	86918	0.0	3	23 103 82567 4225
67	85156	0.0	3	2 45 81014 4095
68	82890	0.0	3	38 50 78894 3908
69	79324	0.0	3	15 63 75500 3746
70	76416	0.0	3	15 107 72716 3578
71	74390	0.0	3	10 68 70864 3448
72	71248	0.0	3	8 40 67707 3493
73	69167	0.0	3	14 39 65944 3170
74	66932	0.0	3	35 29 63837 3031
75	63267	0.0	3	22 75 60247 2923
76	71758	0.0	3	4 96 68308 3350
77	59843	0.0	3	17 72 57104 2650
78	53712	0.0	3	14 25 51295 2378
79	50341	0.0	3	10 24 48018 2289
80	48432	0.0	3	15 21 46349 2047
81	40869	0.0	3	3 33 39001 1832
82	38176	0.0	3	15 24 36483 1654
83	34073	0.0	3	13 16 32585 1459
84	31078	0.0	3	3 16 29779 1280
85	28897	0.0	3	8 46 27622 1221
86	25515	0.0	3	9 8 24377 1121
87	23354	0.0	3	3 21 22306 1024
88	20734	0.0	3	1 9 19854 870
89	19052	0.0	3	4 11 18225 812
90	16548	0.0	3	0 2 15822 724
91	14127	0.0	3	1 4 13513 609
92	12217	0.0	3	0 6 11667 544
93	10541	0.0	3	1 2 10090 448
94	8549	0.0	3	3 3 8178 365
95	7594	0.0	3	4 6 7272 312
96	6642	0.0	3	0 7 6368 267
97	5747	0.0	3	2 5 5471 269
98	5420	0.0	3	2 3 5184 231
99	4468	0.0	3	1 4 4274 189
100	4019	0.0	3	0 2 3813 204
101	3510	0.0	3	2 3 3354 151
102	2932	0.0	3	0 2 2795 135
103	2557	0.0	3	0 4 2434 119
104	2170	0.0	3	0 6 2053 111
105	2024	0.0	3	0 1 1920 103
106	1580	0.0	3	0 1 1496 83
107	1442	0.0	3	0 0 1355 87
108	1400	0.0	3	1 2 1323 74
109	1332	0.0	3	0 2 1269 61
110	1207	0.0	3	0 1 1132 74
111	1147	0.0	3	2 0 1088 57
112	1021	0.0	3	1 0 954 66
113	1075	0.0	3	0 0 1015 60
114	918	0.0	3	0 0 857 61
115	781	0.0	3	1 0 742 38
116	761	0.0	3	1 1 719 40
117	782	0.0	3	0 2 735 45
118	763	0.0	3	0 0 720 43
119	693	0.0	3	0 0 662 31
120	695	0.0	3	0 1 652 42
121	719	0.0	3	0 0 676 43
122	652	0.0	3	1 0 608 43
123	674	0.0	3	1 0 629 44
124	626	0.0	3	0 0 590 36
125	714	0.0	3	0 1 660 53
126	694	0.0	3	0 2 647 45
127	671	0.0	3	0 1 621 49
128	711	0.0	3	0 1 670 40
129	708	0.0	3	0 0 671 37
130	821	0.0	3	0 0 772 49
131	880	0.0	3	0 0 811 69
132	922	0.0	3	0 0 863 59
133	1024	0.0	3	2 0 979 43
134	1136	0.0	3	0 2 1067 67
135	1372	0.0	3	0 1 1288 83
136	1469	0.0	3	0 1 1377 91
137	1453	0.0	3	1 0 1354 98
138	1432	0.0	3	0 0 1347 85
139	1409	0.0	3	0 1 1296 112
140	1705	0.0	3	2 1 1584 118
141	1850	0.0	3	0 6 1705 139
142	1137	0.0	3	0 1 1009 127
143	1224	0.0	3	0 1 1083 140
144	1251	0.0	3	1 0 1062 188
145	1391	0.0	3	0 1 1190 200
146	1804	0.0	3	0 2 1438 364
147	2101	0.0	3	0 0 1456 645
148	2198	0.0	3	0 0 450 1748
149	7086	0.0	3	0 3 306 6777
150	22368	0.0	3	0 15 978 21375
