This is cutadapt 2.9 with Python 3.5.2
Command line parameters: --nextseq-trim 10 --minimum-length 25 --cores 4 -a AGATCGGAAGAGCACACGTCTGAACTCCAGTCAC -A AGATCGGAAGAGCGTCGTGTAGGGAAAGAGTGTA -o Mcapitata_ATHC_TP1_2068_R1_TrimmingRound1.fastq.gz -p Mcapitata_ATHC_TP1_2068_R2_TrimmingRound1.fastq.gz Mcapitata_ATHC_TP1_2068_R1.fastq.gz Mcapitata_ATHC_TP1_2068_R2.fastq.gz
Processing reads on 4 cores in paired-end mode ...
Finished in 629.76 s (36 us/read; 1.68 M reads/minute).

=== Summary ===

Total read pairs processed:         17,592,636
  Read 1 with adapter:               7,333,113 (41.7%)
  Read 2 with adapter:               7,147,449 (40.6%)
Pairs written (passing filters):    17,533,720 (99.7%)

Total basepairs processed: 5,277,790,800 bp
  Read 1: 2,638,895,400 bp
  Read 2: 2,638,895,400 bp
Quality-trimmed:              12,039,247 bp (0.2%)
  Read 1:     4,906,773 bp
  Read 2:     7,132,474 bp
Total written (filtered):  4,816,628,754 bp (91.3%)
  Read 1: 2,404,340,887 bp
  Read 2: 2,412,287,867 bp

=== First read: Adapter 1 ===

Sequence: AGATCGGAAGAGCACACGTCTGAACTCCAGTCAC; Type: regular 3'; Length: 34; Trimmed: 7333113 times

No. of allowed errors:
0-9 bp: 0; 10-19 bp: 1; 20-29 bp: 2; 30-34 bp: 3

Bases preceding removed adapters:
  A: 15.3%
  C: 32.3%
  G: 30.8%
  T: 21.5%
  none/other: 0.1%

Overview of removed sequences
length	count	expect	max.err	error counts
3	352125	274884.9	0	352125
4	160310	68721.2	0	160310
5	341975	17180.3	0	341975
8	110874	268.4	0	110874
9	221517	67.1	0	221517
10	597	16.8	1	0 597
11	265191	4.2	1	224359 40832
12	375	1.0	1	0 375
13	133886	0.3	1	112705 21181
14	135847	0.1	1	114053 21794
15	133806	0.0	1	111941 21865
16	134630	0.0	1	112635 21995
17	267195	0.0	1	223773 43422
18	879	0.0	1	0 777 102
19	132360	0.0	1	110225 21811 324
20	135712	0.0	2	111071 22908 1733
21	267430	0.0	2	220299 43864 3267
22	1394	0.0	2	0 1042 352
23	136854	0.0	2	112104 22769 1981
24	136034	0.0	2	110394 23616 2024
25	135335	0.0	2	109900 23149 2286
26	133853	0.0	2	108823 22972 2058
27	132090	0.0	2	106953 22809 2328
28	131991	0.0	2	106297 23414 2187 93
29	257902	0.0	2	210823 42918 3715 446
30	2184	0.0	3	0 1402 500 282
31	128227	0.0	3	103381 22037 2192 617
32	129214	0.0	3	103381 22689 2386 758
33	127172	0.0	3	101675 22425 2388 684
34	127460	0.0	3	101191 23005 2475 789
35	126203	0.0	3	100332 22537 2634 700
36	125817	0.0	3	99072 23376 2640 729
37	353408	0.0	3	285158 60354 5937 1959
38	2203	0.0	3	346 1252 503 102
39	2202	0.0	3	190 1575 351 86
40	223260	0.0	3	181635 37118 3445 1062
41	2128	0.0	3	154 1399 455 120
42	109637	0.0	3	88293 18876 1893 575
43	107371	0.0	3	86091 18832 1884 564
44	105177	0.0	3	84496 18330 1742 609
45	106851	0.0	3	85369 18449 2387 646
46	97373	0.0	3	78003 17349 1562 459
47	187544	0.0	3	152936 31253 2561 794
48	2010	0.0	3	258 1291 339 122
49	87419	0.0	3	70557 15093 1386 383
50	86437	0.0	3	68964 15593 1408 472
51	157001	0.0	3	128392 25790 2147 672
52	1774	0.0	3	279 1028 407 60
53	76401	0.0	3	61225 13621 1215 340
54	140085	0.0	3	114187 23290 2004 604
55	1448	0.0	3	223 889 273 63
56	64626	0.0	3	52264 11146 937 279
57	61865	0.0	3	49740 10868 970 287
58	57743	0.0	3	46520 10126 836 261
59	53713	0.0	3	43170 9423 878 242
60	50296	0.0	3	40160 9133 797 206
61	87503	0.0	3	71008 15026 1112 357
62	1037	0.0	3	161 617 199 60
63	40335	0.0	3	32495 7029 640 171
64	37728	0.0	3	30065 6882 634 147
65	65603	0.0	3	53178 11358 854 213
66	717	0.0	3	121 438 113 45
67	28594	0.0	3	23195 4856 408 135
68	26633	0.0	3	21353 4763 408 109
69	23561	0.0	3	18888 4206 357 110
70	20958	0.0	3	16665 3892 323 78
71	19160	0.0	3	15241 3507 334 78
72	21831	0.0	3	17676 3767 313 75
73	15356	0.0	3	12293 2782 216 65
74	14252	0.0	3	11423 2549 227 53
75	12837	0.0	3	10218 2367 196 56
76	11333	0.0	3	9138 1963 189 43
77	10426	0.0	3	8424 1816 148 38
78	9317	0.0	3	7591 1550 142 34
79	7629	0.0	3	6162 1316 123 28
80	6535	0.0	3	5195 1234 89 17
81	6130	0.0	3	4973 1072 71 14
82	4826	0.0	3	3904 841 66 15
83	4662	0.0	3	3681 879 88 14
84	4069	0.0	3	3292 700 57 20
85	3731	0.0	3	2953 708 62 8
86	3309	0.0	3	2636 612 46 15
87	2855	0.0	3	2326 477 43 9
88	2672	0.0	3	2162 465 37 8
89	2076	0.0	3	1676 359 36 5
90	1925	0.0	3	1547 341 31 6
91	1770	0.0	3	1416 335 15 4
92	1506	0.0	3	1216 247 33 10
93	1184	0.0	3	958 198 23 5
94	1067	0.0	3	855 197 10 5
95	937	0.0	3	770 151 11 5
96	752	0.0	3	604 133 12 3
97	771	0.0	3	612 146 10 3
98	662	0.0	3	554 96 10 2
99	663	0.0	3	543 106 12 2
100	481	0.0	3	381 90 10
101	480	0.0	3	374 94 10 2
102	370	0.0	3	296 63 9 2
103	277	0.0	3	212 60 4 1
104	236	0.0	3	178 58
105	222	0.0	3	177 43 2
106	213	0.0	3	177 29 5 2
107	168	0.0	3	126 37 3 2
108	138	0.0	3	97 33 6 2
109	129	0.0	3	96 28 5
110	102	0.0	3	77 18 4 3
111	91	0.0	3	69 17 4 1
112	57	0.0	3	39 17 1
113	72	0.0	3	54 14 3 1
114	39	0.0	3	29 9 1
115	37	0.0	3	31 4 1 1
116	28	0.0	3	21 3 3 1
117	32	0.0	3	20 11 0 1
118	22	0.0	3	12 4 5 1
119	15	0.0	3	8 5 2
120	12	0.0	3	7 2 2 1
121	15	0.0	3	9 3 2 1
122	19	0.0	3	11 2 6
123	17	0.0	3	9 3 5
124	11	0.0	3	4 2 4 1
125	18	0.0	3	4 2 12
126	11	0.0	3	4 2 5
127	9	0.0	3	1 1 6 1
128	17	0.0	3	2 2 13
129	10	0.0	3	4 0 6
130	17	0.0	3	2 0 15
131	15	0.0	3	4 1 9 1
132	25	0.0	3	3 1 20 1
133	24	0.0	3	4 1 19
134	25	0.0	3	6 1 17 1
135	29	0.0	3	2 0 26 1
136	48	0.0	3	2 2 44
137	40	0.0	3	2 7 30 1
138	49	0.0	3	1 0 44 4
139	64	0.0	3	2 0 59 3
140	92	0.0	3	4 3 81 4
141	104	0.0	3	5 2 93 4
142	145	0.0	3	4 1 135 5
143	229	0.0	3	4 3 217 5
144	338	0.0	3	4 9 311 14
145	311	0.0	3	7 7 283 14
146	710	0.0	3	5 12 673 20
147	1827	0.0	3	4 26 1724 73
148	5085	0.0	3	4 81 4817 183
149	14686	0.0	3	2 238 13900 546
150	34579	0.0	3	6 604 32657 1312


=== Second read: Adapter 2 ===

Sequence: AGATCGGAAGAGCGTCGTGTAGGGAAAGAGTGTA; Type: regular 3'; Length: 34; Trimmed: 7147449 times

No. of allowed errors:
0-9 bp: 0; 10-19 bp: 1; 20-29 bp: 2; 30-34 bp: 3

Bases preceding removed adapters:
  A: 14.4%
  C: 30.3%
  G: 44.1%
  T: 11.2%
  none/other: 0.1%

Overview of removed sequences
length	count	expect	max.err	error counts
3	473378	274884.9	0	473378
4	175857	68721.2	0	175857
5	314525	17180.3	0	314525
8	99384	268.4	0	99384
9	197167	67.1	0	197167
10	1223	16.8	1	0 1223
11	254013	4.2	1	198642 55371
12	885	1.0	1	0 885
13	260720	0.3	1	202894 57826
14	588	0.1	1	0 588
15	126016	0.0	1	97804 28212
16	257742	0.0	1	198988 58754
17	869	0.0	1	0 869
18	244254	0.0	1	189803 53772 679
19	1209	0.0	1	0 702 507
20	131485	0.0	2	96659 29742 5084
21	511036	0.0	2	381161 113465 16410
22	2704	0.0	2	0 1644 1060
23	1396	0.0	2	0 514 882
24	1114	0.0	2	0 667 447
25	127936	0.0	2	93920 29088 4928
26	128827	0.0	2	93794 29768 5265
27	248325	0.0	2	182947 55407 9971
28	2463	0.0	2	0 1495 827 141
29	247844	0.0	2	181623 56072 10037 112
30	2900	0.0	3	0 1742 801 357
31	240999	0.0	3	175141 52448 8695 4715
32	2201	0.0	3	0 1200 638 363
33	121561	0.0	3	85961 27969 5208 2423
34	122801	0.0	3	86452 28516 5331 2502
35	237348	0.0	3	169687 53349 9875 4437
36	2316	0.0	3	213 1215 576 312
37	115070	0.0	3	81982 26245 4608 2235
38	115658	0.0	3	81942 26353 4992 2371
39	117646	0.0	3	80971 28172 5740 2763
40	316307	0.0	3	228134 70846 11866 5461
41	2367	0.0	3	474 1010 585 298
42	2624	0.0	3	598 1245 540 241
43	198245	0.0	3	143459 44305 7373 3108
44	2218	0.0	3	398 1040 544 236
45	99868	0.0	3	70659 23282 4061 1866
46	186484	0.0	3	134407 41972 7008 3097
47	2199	0.0	3	451 1040 503 205
48	88734	0.0	3	63281 20317 3515 1621
49	84423	0.0	3	60505 19267 3182 1469
50	82446	0.0	3	58383 19138 3427 1498
51	79623	0.0	3	55966 18901 3305 1451
52	216606	0.0	3	156297 48765 7939 3605
53	1997	0.0	3	418 807 506 266
54	2457	0.0	3	579 1173 512 193
55	183833	0.0	3	134294 40837 6029 2673
56	1568	0.0	3	399 621 352 196
57	1059	0.0	3	258 420 268 113
58	55430	0.0	3	39863 12605 2056 906
59	97573	0.0	3	70694 22148 3259 1472
60	1159	0.0	3	215 562 277 105
61	44735	0.0	3	32044 10395 1638 658
62	80265	0.0	3	58116 18148 2749 1252
63	858	0.0	3	168 426 184 80
64	34721	0.0	3	25267 7798 1145 511
65	33504	0.0	3	24315 7504 1160 525
66	30661	0.0	3	22209 6941 1038 473
67	27803	0.0	3	20137 6257 970 439
68	25867	0.0	3	18614 5947 882 424
69	22797	0.0	3	16473 5168 794 362
70	20126	0.0	3	14415 4716 693 302
71	18366	0.0	3	13194 4249 634 289
72	16881	0.0	3	12256 3864 537 224
73	15067	0.0	3	10890 3416 505 256
74	13799	0.0	3	9983 3136 489 191
75	12583	0.0	3	8989 2950 438 206
76	14006	0.0	3	10093 3217 478 218
77	10345	0.0	3	7404 2424 377 140
78	8377	0.0	3	6060 1932 274 111
79	7851	0.0	3	5736 1764 241 110
80	7342	0.0	3	5498 1549 213 82
81	5511	0.0	3	3956 1301 176 78
82	5021	0.0	3	3623 1187 149 62
83	4404	0.0	3	3251 966 124 63
84	4002	0.0	3	2920 892 131 59
85	3718	0.0	3	2742 810 122 44
86	3382	0.0	3	2470 758 104 50
87	2841	0.0	3	2058 661 82 40
88	2404	0.0	3	1751 543 74 36
89	2308	0.0	3	1671 522 80 35
90	1924	0.0	3	1402 430 64 28
91	1616	0.0	3	1158 373 65 20
92	1368	0.0	3	964 332 48 24
93	1254	0.0	3	905 298 41 10
94	977	0.0	3	730 206 28 13
95	907	0.0	3	651 209 32 15
96	827	0.0	3	603 191 22 11
97	681	0.0	3	470 179 23 9
98	660	0.0	3	502 130 17 11
99	604	0.0	3	447 129 22 6
100	498	0.0	3	376 96 13 13
101	416	0.0	3	312 83 15 6
102	357	0.0	3	248 91 10 8
103	287	0.0	3	194 74 9 10
104	258	0.0	3	181 55 18 4
105	239	0.0	3	177 47 11 4
106	187	0.0	3	143 32 10 2
107	175	0.0	3	143 27 3 2
108	162	0.0	3	122 33 6 1
109	131	0.0	3	91 29 9 2
110	128	0.0	3	81 32 9 6
111	113	0.0	3	80 23 9 1
112	76	0.0	3	46 21 7 2
113	72	0.0	3	45 19 4 4
114	54	0.0	3	28 19 6 1
115	49	0.0	3	27 9 9 4
116	45	0.0	3	26 7 8 4
117	34	0.0	3	19 4 10 1
118	36	0.0	3	17 7 11 1
119	23	0.0	3	18 0 3 2
120	22	0.0	3	5 6 5 6
121	32	0.0	3	15 3 12 2
122	18	0.0	3	7 2 6 3
123	19	0.0	3	7 2 8 2
124	26	0.0	3	9 4 12 1
125	19	0.0	3	3 4 9 3
126	17	0.0	3	5 0 10 2
127	14	0.0	3	4 0 8 2
128	22	0.0	3	3 4 11 4
129	24	0.0	3	5 2 13 4
130	26	0.0	3	3 0 21 2
131	23	0.0	3	2 3 15 3
132	27	0.0	3	4 3 19 1
133	27	0.0	3	4 0 22 1
134	27	0.0	3	3 1 20 3
135	39	0.0	3	3 3 29 4
136	37	0.0	3	0 2 32 3
137	53	0.0	3	2 6 41 4
138	57	0.0	3	1 2 48 6
139	81	0.0	3	3 2 70 6
140	88	0.0	3	2 2 76 8
141	125	0.0	3	4 6 99 16
142	169	0.0	3	6 4 144 15
143	292	0.0	3	2 9 253 28
144	401	0.0	3	2 10 354 35
145	409	0.0	3	3 12 360 34
146	618	0.0	3	5 12 542 59
147	1444	0.0	3	5 24 1294 121
148	3712	0.0	3	3 67 3377 265
149	13055	0.0	3	2 209 11967 877
150	36143	0.0	3	3 613 33300 2227
