This is cutadapt 2.9 with Python 3.5.2
Command line parameters: --nextseq-trim 10 --minimum-length 25 --cores 4 -a AGATCGGAAGAGCACACGTCTGAACTCCAGTCAC -A AGATCGGAAGAGCGTCGTGTAGGGAAAGAGTGTA -o Mcapitata_HTAC_TP8_1235_R1_TrimmingRound1.fastq.gz -p Mcapitata_HTAC_TP8_1235_R2_TrimmingRound1.fastq.gz Mcapitata_HTAC_TP8_1235_R1.fastq.gz Mcapitata_HTAC_TP8_1235_R2.fastq.gz
Processing reads on 4 cores in paired-end mode ...
Finished in 655.62 s (36 us/read; 1.66 M reads/minute).

=== Summary ===

Total read pairs processed:         18,109,230
  Read 1 with adapter:               8,775,143 (48.5%)
  Read 2 with adapter:               8,331,494 (46.0%)
Pairs written (passing filters):    18,012,486 (99.5%)

Total basepairs processed: 5,432,769,000 bp
  Read 1: 2,716,384,500 bp
  Read 2: 2,716,384,500 bp
Quality-trimmed:              32,122,032 bp (0.6%)
  Read 1:     5,409,700 bp
  Read 2:    26,712,332 bp
Total written (filtered):  4,860,813,909 bp (89.5%)
  Read 1: 2,423,039,591 bp
  Read 2: 2,437,774,318 bp

=== First read: Adapter 1 ===

Sequence: AGATCGGAAGAGCACACGTCTGAACTCCAGTCAC; Type: regular 3'; Length: 34; Trimmed: 8775143 times

No. of allowed errors:
0-9 bp: 0; 10-19 bp: 1; 20-29 bp: 2; 30-34 bp: 3

Bases preceding removed adapters:
  A: 16.0%
  C: 41.6%
  G: 19.8%
  T: 22.5%
  none/other: 0.0%

Overview of removed sequences
length	count	expect	max.err	error counts
3	316308	282956.7	0	316308
4	159912	70739.2	0	159912
5	364031	17684.8	0	364031
8	119688	276.3	0	119688
9	237533	69.1	0	237533
10	791	17.3	1	0 791
11	301497	4.3	1	240306 61191
12	793	1.1	1	0 793
13	155598	0.3	1	123811 31787
14	159445	0.1	1	126418 33027
15	156512	0.0	1	124368 32144
16	163600	0.0	1	128637 34963
17	312288	0.0	1	248584 63704
18	1317	0.0	1	0 1133 184
19	159804	0.0	1	125866 33292 646
20	158813	0.0	2	123392 32976 2445
21	322166	0.0	2	251064 66080 5022
22	2016	0.0	2	0 1280 736
23	163383	0.0	2	126533 34005 2845
24	167077	0.0	2	128266 35446 3365
25	166679	0.0	2	128274 35026 3379
26	166465	0.0	2	127220 35760 3485
27	165705	0.0	2	126510 35462 3733
28	167308	0.0	2	126791 36634 3796 87
29	317973	0.0	2	245441 66599 5703 230
30	3163	0.0	3	0 1900 834 429
31	164288	0.0	3	124730 34694 3555 1309
32	158503	0.0	3	119591 34286 3456 1170
33	162309	0.0	3	122782 34972 3368 1187
34	161947	0.0	3	122043 35088 3540 1276
35	160705	0.0	3	121049 34872 3494 1290
36	161458	0.0	3	121645 34941 3588 1284
37	159353	0.0	3	119571 34940 3562 1280
38	155739	0.0	3	116637 34442 3462 1198
39	294648	0.0	3	224999 62264 5317 2068
40	3182	0.0	3	299 1877 814 192
41	142890	0.0	3	108388 30669 2831 1002
42	142020	0.0	3	107387 30691 2878 1064
43	140503	0.0	3	106225 30486 2810 982
44	135892	0.0	3	102917 29309 2661 1005
45	145311	0.0	3	109882 31318 3064 1047
46	126698	0.0	3	95477 27900 2511 810
47	249881	0.0	3	191066 53110 4162 1543
48	3001	0.0	3	529 1603 674 195
49	116490	0.0	3	88750 24944 2105 691
50	112044	0.0	3	84238 24908 2175 723
51	203333	0.0	3	156324 42886 3019 1104
52	4036	0.0	3	1436 1735 673 192
53	98758	0.0	3	74762 21586 1807 603
54	186857	0.0	3	142479 40204 3068 1106
55	2302	0.0	3	372 1359 443 128
56	81948	0.0	3	62767 17545 1213 423
57	82032	0.0	3	62299 17901 1372 460
58	73627	0.0	3	56372 15732 1162 361
59	69547	0.0	3	52520 15374 1271 382
60	64804	0.0	3	48769 14579 1098 358
61	109543	0.0	3	84271 23227 1509 536
62	1599	0.0	3	400 806 296 97
63	50344	0.0	3	38294 10941 848 261
64	45918	0.0	3	34595 10385 721 217
65	79977	0.0	3	61558 17121 984 314
66	1139	0.0	3	283 610 193 53
67	36167	0.0	3	27461 7990 524 192
68	32397	0.0	3	24550 7111 563 173
69	30302	0.0	3	22635 6930 575 162
70	64658	0.0	3	50373 13639 504 142
71	29407	0.0	3	22018 6785 444 160
72	21733	0.0	3	16327 4827 427 152
73	12739	0.0	3	9309 3087 253 90
74	10768	0.0	3	8023 2462 203 80
75	9537	0.0	3	7059 2234 179 65
76	9167	0.0	3	6900 2060 158 49
77	7799	0.0	3	5821 1804 127 47
78	5891	0.0	3	4459 1316 88 28
79	5141	0.0	3	3888 1146 86 21
80	4476	0.0	3	3344 1029 78 25
81	3724	0.0	3	2789 829 78 28
82	3101	0.0	3	2322 702 54 23
83	2600	0.0	3	1997 561 34 8
84	2279	0.0	3	1727 499 37 16
85	2034	0.0	3	1524 455 38 17
86	1776	0.0	3	1320 416 27 13
87	1711	0.0	3	1259 419 29 4
88	1441	0.0	3	1057 344 30 10
89	1118	0.0	3	832 255 24 7
90	1008	0.0	3	761 230 13 4
91	843	0.0	3	632 190 16 5
92	670	0.0	3	495 158 12 5
93	552	0.0	3	414 124 12 2
94	479	0.0	3	361 112 4 2
95	429	0.0	3	324 101 3 1
96	376	0.0	3	287 79 10
97	252	0.0	3	170 75 4 3
98	223	0.0	3	174 41 7 1
99	241	0.0	3	169 64 7 1
100	188	0.0	3	140 45 2 1
101	162	0.0	3	120 35 4 3
102	130	0.0	3	92 37 0 1
103	103	0.0	3	75 26 1 1
104	82	0.0	3	58 19 3 2
105	97	0.0	3	64 28 3 2
106	50	0.0	3	35 13 2
107	52	0.0	3	38 9 4 1
108	46	0.0	3	26 12 8
109	43	0.0	3	22 11 7 3
110	24	0.0	3	15 4 4 1
111	32	0.0	3	19 8 5
112	17	0.0	3	8 3 5 1
113	22	0.0	3	9 6 7
114	23	0.0	3	8 5 8 2
115	20	0.0	3	6 3 11
116	22	0.0	3	9 3 9 1
117	26	0.0	3	10 3 13
118	21	0.0	3	5 6 7 3
119	19	0.0	3	7 3 8 1
120	19	0.0	3	2 2 15
121	23	0.0	3	7 1 15
122	14	0.0	3	2 0 11 1
123	17	0.0	3	2 1 14
124	20	0.0	3	7 1 12
125	21	0.0	3	1 1 19
126	22	0.0	3	4 1 17
127	23	0.0	3	6 1 15 1
128	34	0.0	3	4 4 25 1
129	26	0.0	3	7 2 17
130	35	0.0	3	6 2 27
131	32	0.0	3	3 2 27
132	32	0.0	3	7 1 23 1
133	35	0.0	3	6 1 28
134	38	0.0	3	7 2 29
135	41	0.0	3	5 2 34
136	41	0.0	3	3 1 35 2
137	61	0.0	3	2 1 56 2
138	68	0.0	3	2 4 59 3
139	59	0.0	3	4 2 52 1
140	71	0.0	3	2 2 65 2
141	96	0.0	3	4 0 91 1
142	101	0.0	3	2 2 93 4
143	148	0.0	3	4 2 139 3
144	153	0.0	3	2 2 148 1
145	180	0.0	3	5 4 165 6
146	183	0.0	3	4 2 174 3
147	257	0.0	3	1 6 240 10
148	441	0.0	3	0 9 422 10
149	1212	0.0	3	0 24 1154 34
150	2931	0.0	3	4 62 2773 92


=== Second read: Adapter 2 ===

Sequence: AGATCGGAAGAGCGTCGTGTAGGGAAAGAGTGTA; Type: regular 3'; Length: 34; Trimmed: 8331494 times

No. of allowed errors:
0-9 bp: 0; 10-19 bp: 1; 20-29 bp: 2; 30-34 bp: 3

Bases preceding removed adapters:
  A: 14.2%
  C: 42.3%
  G: 30.4%
  T: 13.1%
  none/other: 0.0%

Overview of removed sequences
length	count	expect	max.err	error counts
3	444415	282956.7	0	444415
4	176891	70739.2	0	176891
5	344932	17684.8	0	344932
8	111560	276.3	0	111560
9	221099	69.1	0	221099
10	900	17.3	1	0 900
11	281372	4.3	1	224171 57201
12	726	1.1	1	0 726
13	304864	0.3	1	239966 64898
14	497	0.1	1	0 497
15	144671	0.0	1	115027 29644
16	305277	0.0	1	241336 63941
17	594	0.0	1	0 594
18	273496	0.0	1	219039 54085 372
19	1010	0.0	1	0 673 337
20	150561	0.0	2	115231 31861 3469
21	600997	0.0	2	461896 127108 11993
22	2271	0.0	2	0 1449 822
23	683	0.0	2	0 296 387
24	877	0.0	2	0 568 309
25	153700	0.0	2	118255 32133 3312
26	155307	0.0	2	116627 34509 4171
27	304487	0.0	2	231201 65951 7335
28	2816	0.0	2	0 1949 753 114
29	298427	0.0	2	223900 66544 7880 103
30	2915	0.0	3	0 1957 739 219
31	295106	0.0	3	220902 63781 6994 3429
32	2264	0.0	3	0 1336 657 271
33	152130	0.0	3	111741 34478 4262 1649
34	453265	0.0	3	335631 100492 12259 4883
35	3131	0.0	3	609 1470 696 356
36	1520	0.0	3	198 778 374 170
37	145777	0.0	3	108407 32259 3665 1446
38	137792	0.0	3	102069 30680 3670 1373
39	142524	0.0	3	105135 31801 3993 1595
40	137268	0.0	3	100708 31071 4048 1441
41	287232	0.0	3	215524 61432 7432 2844
42	4568	0.0	3	972 2384 875 337
43	308193	0.0	3	237335 61448 6864 2546
44	3002	0.0	3	549 1566 632 255
45	136360	0.0	3	102327 29413 3352 1268
46	261916	0.0	3	200237 53877 5628 2174
47	8174	0.0	3	5130 2036 706 302
48	113643	0.0	3	84451 25176 2864 1152
49	158401	0.0	3	124686 28950 3450 1315
50	91830	0.0	3	66200 21936 2595 1099
51	141837	0.0	3	111104 26139 3280 1314
52	259249	0.0	3	192555 57439 6427 2828
53	2077	0.0	3	524 883 424 246
54	1590	0.0	3	248 878 369 95
55	177068	0.0	3	127804 44235 3709 1320
56	1302	0.0	3	355 546 289 112
57	592	0.0	3	65 336 151 40
58	59367	0.0	3	43252 14148 1446 521
59	89770	0.0	3	64494 22722 1859 695
60	852	0.0	3	127 466 206 53
61	42664	0.0	3	30026 11202 1079 357
62	77279	0.0	3	56122 18829 1664 664
63	582	0.0	3	78 316 146 42
64	29875	0.0	3	21536 7629 544 166
65	30372	0.0	3	22181 7417 555 219
66	31402	0.0	3	23096 7422 632 252
67	26842	0.0	3	19465 6574 572 231
68	26222	0.0	3	19191 6236 572 223
69	22499	0.0	3	16575 5246 512 166
70	21921	0.0	3	16330 5027 406 158
71	18162	0.0	3	13300 4339 384 139
72	16780	0.0	3	12364 3907 343 166
73	15822	0.0	3	11807 3529 334 152
74	14443	0.0	3	10876 3191 266 110
75	14453	0.0	3	11142 2893 292 126
76	14466	0.0	3	11249 2823 268 126
77	9099	0.0	3	6645 2161 182 111
78	7092	0.0	3	5103 1774 160 55
79	6271	0.0	3	4491 1627 99 54
80	5537	0.0	3	3887 1510 102 38
81	4634	0.0	3	3295 1219 84 36
82	3715	0.0	3	2584 1040 72 19
83	3113	0.0	3	2263 759 58 33
84	2745	0.0	3	1965 707 52 21
85	2525	0.0	3	1811 645 49 20
86	2135	0.0	3	1524 548 46 17
87	1830	0.0	3	1306 475 34 15
88	1578	0.0	3	1078 439 49 12
89	1246	0.0	3	856 349 28 13
90	1080	0.0	3	750 285 27 18
91	807	0.0	3	549 230 17 11
92	715	0.0	3	482 206 20 7
93	586	0.0	3	391 178 10 7
94	504	0.0	3	339 134 16 15
95	416	0.0	3	278 119 13 6
96	400	0.0	3	266 118 11 5
97	245	0.0	3	173 61 7 4
98	235	0.0	3	161 66 4 4
99	220	0.0	3	154 51 13 2
100	172	0.0	3	113 43 12 4
101	165	0.0	3	104 55 4 2
102	134	0.0	3	81 42 9 2
103	117	0.0	3	74 36 4 3
104	97	0.0	3	64 26 3 4
105	100	0.0	3	64 31 3 2
106	67	0.0	3	39 21 5 2
107	70	0.0	3	48 15 4 3
108	52	0.0	3	31 16 4 1
109	56	0.0	3	42 10 3 1
110	47	0.0	3	30 9 5 3
111	37	0.0	3	29 6 1 1
112	34	0.0	3	21 9 3 1
113	27	0.0	3	9 10 4 4
114	21	0.0	3	14 4 0 3
115	22	0.0	3	13 6 0 3
116	17	0.0	3	10 3 1 3
117	18	0.0	3	7 5 3 3
118	23	0.0	3	6 8 5 4
119	27	0.0	3	11 9 4 3
120	17	0.0	3	8 5 2 2
121	16	0.0	3	6 2 4 4
122	12	0.0	3	7 3 1 1
123	17	0.0	3	7 4 4 2
124	21	0.0	3	7 5 8 1
125	17	0.0	3	4 3 6 4
126	18	0.0	3	6 5 7
127	13	0.0	3	3 1 6 3
128	29	0.0	3	5 4 14 6
129	25	0.0	3	8 4 13
130	22	0.0	3	8 0 14
131	30	0.0	3	2 1 24 3
132	37	0.0	3	6 0 30 1
133	36	0.0	3	6 2 26 2
134	47	0.0	3	6 3 35 3
135	42	0.0	3	3 1 35 3
136	53	0.0	3	4 5 42 2
137	53	0.0	3	2 1 49 1
138	68	0.0	3	2 0 62 4
139	77	0.0	3	3 4 65 5
140	69	0.0	3	2 3 60 4
141	84	0.0	3	2 1 75 6
142	87	0.0	3	1 1 81 4
143	120	0.0	3	4 2 112 2
144	135	0.0	3	2 4 122 7
145	172	0.0	3	4 4 156 8
146	189	0.0	3	3 3 175 8
147	264	0.0	3	3 3 252 6
148	380	0.0	3	0 11 349 20
149	1083	0.0	3	1 30 989 63
150	3301	0.0	3	2 59 3067 173
