This is cutadapt 2.9 with Python 3.5.2
Command line parameters: --nextseq-trim 10 --minimum-length 25 --cores 4 -a AGATCGGAAGAGCACACGTCTGAACTCCAGTCAC -A AGATCGGAAGAGCGTCGTGTAGGGAAAGAGTGTA -o Mcapitata_HTAC_TP1_2153_R1_TrimmingRound1.fastq.gz -p Mcapitata_HTAC_TP1_2153_R2_TrimmingRound1.fastq.gz Mcapitata_HTAC_TP1_2153_R1.fastq.gz Mcapitata_HTAC_TP1_2153_R2.fastq.gz
Processing reads on 4 cores in paired-end mode ...
Finished in 870.73 s (36 us/read; 1.67 M reads/minute).

=== Summary ===

Total read pairs processed:         24,251,198
  Read 1 with adapter:               6,120,223 (25.2%)
  Read 2 with adapter:               6,396,935 (26.4%)
Pairs written (passing filters):    24,175,684 (99.7%)

Total basepairs processed: 7,275,359,400 bp
  Read 1: 3,637,679,700 bp
  Read 2: 3,637,679,700 bp
Quality-trimmed:              14,716,034 bp (0.2%)
  Read 1:     6,460,030 bp
  Read 2:     8,256,004 bp
Total written (filtered):  6,909,031,411 bp (95.0%)
  Read 1: 3,455,798,862 bp
  Read 2: 3,453,232,549 bp

=== First read: Adapter 1 ===

Sequence: AGATCGGAAGAGCACACGTCTGAACTCCAGTCAC; Type: regular 3'; Length: 34; Trimmed: 6120223 times

No. of allowed errors:
0-9 bp: 0; 10-19 bp: 1; 20-29 bp: 2; 30-34 bp: 3

Bases preceding removed adapters:
  A: 18.6%
  C: 30.5%
  G: 33.0%
  T: 17.7%
  none/other: 0.2%

Overview of removed sequences
length	count	expect	max.err	error counts
3	504595	378925.0	0	504595
4	204031	94731.2	0	204031
5	356523	23682.8	0	356523
8	112644	370.0	0	112644
9	224881	92.5	0	224881
10	913	23.1	1	0 913
11	229251	5.8	1	224376 4875
12	619	1.4	1	0 619
13	114718	0.4	1	111718 3000
14	113973	0.1	1	110855 3118
15	113098	0.0	1	110030 3068
16	112765	0.0	1	109066 3699
17	224454	0.0	1	218743 5711
18	910	0.0	1	0 847 63
19	113489	0.0	1	109640 3719 130
20	114327	0.0	2	109437 4339 551
21	223604	0.0	2	216310 6266 1028
22	1476	0.0	2	0 1318 158
23	111949	0.0	2	107267 4019 663
24	110457	0.0	2	105668 4256 533
25	109212	0.0	2	104138 4463 611
26	107734	0.0	2	102586 4541 607
27	107070	0.0	2	101864 4481 725
28	106627	0.0	2	100142 5867 555 63
29	206627	0.0	2	198231 7145 1013 238
30	2348	0.0	3	0 1646 192 510
31	102794	0.0	3	96852 5003 663 276
32	101693	0.0	3	95303 5385 669 336
33	100916	0.0	3	94515 5449 684 268
34	99903	0.0	3	92125 6880 609 289
35	187528	0.0	3	178342 7687 1067 432
36	3644	0.0	3	326 2922 327 69
37	178262	0.0	3	169808 6755 911 788
38	2427	0.0	3	286 1793 271 77
39	87458	0.0	3	82140 4281 658 379
40	86640	0.0	3	80108 5464 706 362
41	160907	0.0	3	153111 6317 815 664
42	2498	0.0	3	507 1640 262 89
43	77982	0.0	3	73339 3755 523 365
44	75830	0.0	3	70819 4014 606 391
45	74129	0.0	3	69198 3895 654 382
46	69902	0.0	3	64588 4399 562 353
47	127335	0.0	3	121217 4806 723 589
48	1825	0.0	3	314 1250 174 87
49	59821	0.0	3	56043 2914 565 299
50	57928	0.0	3	53491 3589 499 349
51	104487	0.0	3	99141 4262 573 511
52	1705	0.0	3	321 1090 233 61
53	49533	0.0	3	45811 3015 416 291
54	88802	0.0	3	84291 3530 558 423
55	1352	0.0	3	283 866 161 42
56	40667	0.0	3	38100 1974 358 235
57	38008	0.0	3	35441 2013 274 280
58	34896	0.0	3	32680 1759 226 231
59	32232	0.0	3	30119 1642 246 225
60	30753	0.0	3	28470 1892 224 167
61	53152	0.0	3	50680 1974 276 222
62	775	0.0	3	180 509 60 26
63	24389	0.0	3	22892 1191 206 100
64	22766	0.0	3	21073 1387 170 136
65	38668	0.0	3	36815 1471 200 182
66	551	0.0	3	145 346 47 13
67	16883	0.0	3	15922 791 103 67
68	15664	0.0	3	14685 816 101 62
69	14142	0.0	3	13249 749 97 47
70	13058	0.0	3	12194 723 84 57
71	11903	0.0	3	11131 617 104 51
72	13226	0.0	3	12489 608 80 49
73	9939	0.0	3	9270 552 83 34
74	9299	0.0	3	8710 477 77 35
75	8288	0.0	3	7796 410 57 25
76	7796	0.0	3	7333 384 56 23
77	6720	0.0	3	6323 324 53 20
78	6327	0.0	3	5965 302 40 20
79	5381	0.0	3	5035 282 41 23
80	5031	0.0	3	4698 262 33 38
81	4484	0.0	3	4194 236 34 20
82	4265	0.0	3	4018 206 26 15
83	3626	0.0	3	3417 162 21 26
84	3316	0.0	3	3123 159 24 10
85	3184	0.0	3	3013 151 7 13
86	2775	0.0	3	2616 131 25 3
87	2608	0.0	3	2442 141 14 11
88	2524	0.0	3	2365 125 22 12
89	2255	0.0	3	2122 104 20 9
90	2053	0.0	3	1907 127 13 6
91	1783	0.0	3	1670 93 10 10
92	1673	0.0	3	1573 81 9 10
93	1351	0.0	3	1270 52 18 11
94	1325	0.0	3	1227 79 12 7
95	1338	0.0	3	1266 59 9 4
96	1057	0.0	3	991 52 8 6
97	1094	0.0	3	1018 64 2 10
98	988	0.0	3	915 57 10 6
99	927	0.0	3	869 50 5 3
100	775	0.0	3	728 39 8
101	813	0.0	3	762 41 8 2
102	701	0.0	3	653 37 6 5
103	567	0.0	3	521 30 7 9
104	528	0.0	3	490 30 4 4
105	511	0.0	3	467 35 5 4
106	488	0.0	3	448 28 8 4
107	420	0.0	3	391 22 6 1
108	419	0.0	3	384 27 4 4
109	406	0.0	3	372 28 4 2
110	332	0.0	3	301 19 5 7
111	319	0.0	3	295 22 1 1
112	303	0.0	3	279 20 2 2
113	281	0.0	3	256 16 6 3
114	230	0.0	3	211 17 1 1
115	209	0.0	3	197 7 2 3
116	203	0.0	3	191 11 1
117	223	0.0	3	205 13 3 2
118	181	0.0	3	165 13 0 3
119	197	0.0	3	178 17 1 1
120	202	0.0	3	183 14 4 1
121	187	0.0	3	165 18 4
122	192	0.0	3	164 22 2 4
123	189	0.0	3	168 17 3 1
124	233	0.0	3	212 14 6 1
125	246	0.0	3	223 18 4 1
126	248	0.0	3	225 18 4 1
127	280	0.0	3	252 25 2 1
128	301	0.0	3	274 22 5
129	350	0.0	3	328 19 3
130	388	0.0	3	360 25 2 1
131	401	0.0	3	372 27 1 1
132	479	0.0	3	437 39 3
133	558	0.0	3	504 49 4 1
134	582	0.0	3	534 42 4 2
135	733	0.0	3	685 43 5
136	796	0.0	3	730 60 4 2
137	715	0.0	3	647 54 11 3
138	723	0.0	3	638 82 2 1
139	769	0.0	3	672 89 7 1
140	966	0.0	3	858 92 13 3
141	1068	0.0	3	904 147 7 10
142	701	0.0	3	553 139 7 2
143	881	0.0	3	678 184 16 3
144	1020	0.0	3	721 281 15 3
145	1154	0.0	3	874 264 13 3
146	1746	0.0	3	1075 621 36 14
147	2501	0.0	3	925 1483 85 8
148	4871	0.0	3	442 4111 291 27
149	14978	0.0	3	812 13081 1006 79
150	36923	0.0	3	2092 31870 2773 188


=== Second read: Adapter 2 ===

Sequence: AGATCGGAAGAGCGTCGTGTAGGGAAAGAGTGTA; Type: regular 3'; Length: 34; Trimmed: 6396935 times

No. of allowed errors:
0-9 bp: 0; 10-19 bp: 1; 20-29 bp: 2; 30-34 bp: 3

Bases preceding removed adapters:
  A: 19.0%
  C: 30.4%
  G: 40.8%
  T: 9.8%
  none/other: 0.1%

Overview of removed sequences
length	count	expect	max.err	error counts
3	705901	378925.0	0	705901
4	249543	94731.2	0	249543
5	360679	23682.8	0	360679
8	112947	370.0	0	112947
9	224979	92.5	0	224979
10	1265	23.1	1	0 1265
11	230593	5.8	1	224904 5689
12	1131	1.4	1	0 1131
13	229816	0.4	1	224004 5812
14	970	0.1	1	0 970
15	113627	0.0	1	110031 3596
16	226451	0.0	1	219945 6506
17	1262	0.0	1	0 1262
18	225163	0.0	1	219216 5723 224
19	1245	0.0	1	0 1009 236
20	115729	0.0	2	109917 5158 654
21	446202	0.0	2	430858 13252 2092
22	1989	0.0	2	0 1755 234
23	810	0.0	2	0 291 519
24	1020	0.0	2	0 771 249
25	109837	0.0	2	104811 4237 789
26	109362	0.0	2	103562 5124 676
27	212182	0.0	2	203196 7317 1669
28	2321	0.0	2	0 2047 192 82
29	209237	0.0	2	200610 6873 1695 59
30	2616	0.0	3	0 2338 180 98
31	203333	0.0	3	193932 6954 1657 790
32	1858	0.0	3	0 1434 226 198
33	101332	0.0	3	95647 4465 871 349
34	99285	0.0	3	93245 4751 956 333
35	97479	0.0	3	91785 4562 825 307
36	94600	0.0	3	89226 4266 836 272
37	92802	0.0	3	87594 4111 772 325
38	90192	0.0	3	85143 3975 765 309
39	88347	0.0	3	83340 3872 855 280
40	86643	0.0	3	81573 4136 606 328
41	162744	0.0	3	156123 5079 1026 516
42	2108	0.0	3	220 1712 121 55
43	152113	0.0	3	146597 4107 962 447
44	1579	0.0	3	215 1112 208 44
45	73599	0.0	3	69796 3105 437 261
46	134946	0.0	3	129745 3979 797 425
47	1408	0.0	3	205 1035 127 41
48	62611	0.0	3	59919 2069 433 190
49	59966	0.0	3	57194 2160 396 216
50	57158	0.0	3	54373 2121 474 190
51	54935	0.0	3	51744 2713 303 175
52	146041	0.0	3	140772 4162 699 408
53	965	0.0	3	276 528 135 26
54	1173	0.0	3	110 1000 39 24
55	120100	0.0	3	115692 3374 674 360
56	810	0.0	3	308 404 63 35
57	518	0.0	3	61 336 92 29
58	34789	0.0	3	33034 1387 225 143
59	61574	0.0	3	59186 1777 388 223
60	655	0.0	3	95 446 79 35
61	28129	0.0	3	26575 1253 187 114
62	50012	0.0	3	48157 1385 309 161
63	480	0.0	3	93 313 44 30
64	22220	0.0	3	21279 705 140 96
65	20593	0.0	3	19583 779 130 101
66	18853	0.0	3	17928 714 140 71
67	17011	0.0	3	16154 661 118 78
68	15668	0.0	3	14841 645 114 68
69	14163	0.0	3	13438 563 101 61
70	13063	0.0	3	12332 555 112 64
71	11937	0.0	3	11307 480 95 55
72	11009	0.0	3	10407 462 89 51
73	10174	0.0	3	9650 402 76 46
74	9306	0.0	3	8749 416 76 65
75	8381	0.0	3	7934 337 60 50
76	8465	0.0	3	7952 385 78 50
77	7205	0.0	3	6787 315 62 41
78	6406	0.0	3	6035 289 50 32
79	5825	0.0	3	5497 248 46 34
80	5486	0.0	3	5205 208 42 31
81	4612	0.0	3	4318 223 41 30
82	4280	0.0	3	4032 190 34 24
83	3717	0.0	3	3480 167 40 30
84	3498	0.0	3	3311 127 34 26
85	3355	0.0	3	3148 140 43 24
86	3027	0.0	3	2835 142 37 13
87	2784	0.0	3	2622 106 27 29
88	2597	0.0	3	2403 123 33 38
89	2422	0.0	3	2287 85 29 21
90	2257	0.0	3	2084 110 31 32
91	1912	0.0	3	1768 89 35 20
92	1778	0.0	3	1645 86 26 21
93	1570	0.0	3	1454 67 31 18
94	1403	0.0	3	1268 87 32 16
95	1368	0.0	3	1250 75 28 15
96	1293	0.0	3	1197 60 20 16
97	1190	0.0	3	1081 76 22 11
98	1092	0.0	3	987 53 28 24
99	1055	0.0	3	950 53 27 25
100	883	0.0	3	798 50 22 13
101	893	0.0	3	799 46 31 17
102	745	0.0	3	653 57 21 14
103	723	0.0	3	651 45 11 16
104	673	0.0	3	596 48 12 17
105	575	0.0	3	504 37 16 18
106	541	0.0	3	474 33 19 15
107	534	0.0	3	458 37 26 13
108	510	0.0	3	441 40 15 14
109	479	0.0	3	428 23 18 10
110	465	0.0	3	396 39 14 16
111	413	0.0	3	361 29 16 7
112	388	0.0	3	336 32 10 10
113	350	0.0	3	293 28 18 11
114	332	0.0	3	272 31 15 14
115	334	0.0	3	277 24 19 14
116	279	0.0	3	227 30 12 10
117	327	0.0	3	261 31 21 14
118	265	0.0	3	209 30 18 8
119	250	0.0	3	205 23 9 13
120	282	0.0	3	240 17 14 11
121	276	0.0	3	224 26 17 9
122	247	0.0	3	191 31 13 12
123	284	0.0	3	230 30 14 10
124	275	0.0	3	239 18 9 9
125	282	0.0	3	248 19 4 11
126	322	0.0	3	269 30 14 9
127	285	0.0	3	253 14 7 11
128	336	0.0	3	291 30 9 6
129	364	0.0	3	311 42 6 5
130	409	0.0	3	371 30 6 2
131	422	0.0	3	390 23 3 6
132	470	0.0	3	429 33 2 6
133	568	0.0	3	512 43 7 6
134	581	0.0	3	522 42 11 6
135	753	0.0	3	691 46 12 4
136	818	0.0	3	744 58 7 9
137	752	0.0	3	669 69 8 6
138	740	0.0	3	679 49 6 6
139	722	0.0	3	654 58 8 2
140	952	0.0	3	861 80 6 5
141	1094	0.0	3	975 111 5 3
142	693	0.0	3	575 110 7 1
143	791	0.0	3	659 119 10 3
144	930	0.0	3	696 210 17 7
145	1108	0.0	3	865 221 13 9
146	1453	0.0	3	1052 364 29 8
147	1841	0.0	3	1095 681 53 12
148	2680	0.0	3	368 2152 132 28
149	11415	0.0	3	664 10045 644 62
150	42695	0.0	3	2469 37528 2475 223
