This is cutadapt 2.9 with Python 3.5.2
Command line parameters: --nextseq-trim 10 --minimum-length 25 --cores 4 -a AGATCGGAAGAGCACACGTCTGAACTCCAGTCAC -A AGATCGGAAGAGCGTCGTGTAGGGAAAGAGTGTA -o Mcapitata_ATHC_TP4_1221_R1_TrimmingRound1.fastq.gz -p Mcapitata_ATHC_TP4_1221_R2_TrimmingRound1.fastq.gz Mcapitata_ATHC_TP4_1221_R1.fastq.gz Mcapitata_ATHC_TP4_1221_R2.fastq.gz
Processing reads on 4 cores in paired-end mode ...
Finished in 766.73 s (37 us/read; 1.63 M reads/minute).

=== Summary ===

Total read pairs processed:         20,844,099
  Read 1 with adapter:               8,135,345 (39.0%)
  Read 2 with adapter:               8,288,118 (39.8%)
Pairs written (passing filters):    20,774,636 (99.7%)

Total basepairs processed: 6,253,229,700 bp
  Read 1: 3,126,614,850 bp
  Read 2: 3,126,614,850 bp
Quality-trimmed:              13,270,878 bp (0.2%)
  Read 1:     5,820,428 bp
  Read 2:     7,450,450 bp
Total written (filtered):  5,568,770,097 bp (89.1%)
  Read 1: 2,784,637,443 bp
  Read 2: 2,784,132,654 bp

=== First read: Adapter 1 ===

Sequence: AGATCGGAAGAGCACACGTCTGAACTCCAGTCAC; Type: regular 3'; Length: 34; Trimmed: 8135345 times

No. of allowed errors:
0-9 bp: 0; 10-19 bp: 1; 20-29 bp: 2; 30-34 bp: 3

Bases preceding removed adapters:
  A: 17.7%
  C: 28.2%
  G: 37.0%
  T: 17.0%
  none/other: 0.1%

Overview of removed sequences
length	count	expect	max.err	error counts
3	366947	325689.0	0	366947
4	151898	81422.3	0	151898
5	282770	20355.6	0	282770
8	90119	318.1	0	90119
9	180148	79.5	0	180148
10	716	19.9	1	0 716
11	187258	5.0	1	183217 4041
12	617	1.2	1	0 617
13	94359	0.3	1	91605 2754
14	95691	0.1	1	92864 2827
15	95722	0.0	1	92590 3132
16	96436	0.0	1	92906 3530
17	191873	0.0	1	185850 6023
18	708	0.0	1	0 628 80
19	97040	0.0	1	93243 3653 144
20	98705	0.0	2	93868 4522 315
21	196032	0.0	2	187884 7453 695
22	965	0.0	2	0 874 91
23	100709	0.0	2	95782 4491 436
24	100071	0.0	2	94879 4760 432
25	100325	0.0	2	94935 4941 449
26	100744	0.0	2	95307 5012 425
27	100688	0.0	2	95124 4976 588
28	102307	0.0	2	95712 6058 449 88
29	201700	0.0	2	191242 9400 900 158
30	1656	0.0	3	0 1033 199 424
31	103256	0.0	3	96749 5815 582 110
32	103651	0.0	3	96744 6172 556 179
33	104344	0.0	3	97114 6486 653 91
34	107007	0.0	3	98023 8271 617 96
35	308980	0.0	3	290970 16434 1294 282
36	986	0.0	3	170 647 124 45
37	1144	0.0	3	109 873 125 37
38	105537	0.0	3	98328 6517 560 132
39	104972	0.0	3	97678 6596 605 93
40	106576	0.0	3	98540 7420 493 123
41	208678	0.0	3	196468 11110 897 203
42	1587	0.0	3	66 1301 175 45
43	106089	0.0	3	98897 6542 534 116
44	106425	0.0	3	99301 6463 553 108
45	107441	0.0	3	100207 6608 536 90
46	105430	0.0	3	97459 7434 433 104
47	207469	0.0	3	195497 10994 802 176
48	1641	0.0	3	173 1297 124 47
49	103957	0.0	3	97082 6236 556 83
50	105596	0.0	3	97631 7450 423 92
51	205240	0.0	3	193659 10718 691 172
52	1684	0.0	3	234 1223 206 21
53	104469	0.0	3	97143 6823 418 85
54	205682	0.0	3	193960 10847 693 182
55	1569	0.0	3	170 1234 134 31
56	101759	0.0	3	95172 6100 399 88
57	101174	0.0	3	94411 6269 415 79
58	100006	0.0	3	93344 6147 419 96
59	98408	0.0	3	91827 6003 501 77
60	98165	0.0	3	90913 6803 376 73
61	188857	0.0	3	178142 10005 596 114
62	1559	0.0	3	233 1139 134 53
63	94204	0.0	3	87878 5796 474 56
64	94128	0.0	3	87051 6639 359 79
65	178757	0.0	3	168334 9728 604 91
66	1441	0.0	3	164 1112 128 37
67	86826	0.0	3	81156 5212 389 69
68	85248	0.0	3	79499 5294 388 67
69	81859	0.0	3	76595 4849 355 60
70	79579	0.0	3	74286 4894 347 52
71	76851	0.0	3	71583 4864 349 55
72	93277	0.0	3	87437 5368 392 80
73	71712	0.0	3	67150 4224 289 49
74	69637	0.0	3	65229 4060 305 43
75	66508	0.0	3	62202 3989 278 39
76	64566	0.0	3	60490 3794 245 37
77	59580	0.0	3	55786 3520 244 30
78	50983	0.0	3	47723 3074 161 25
79	49172	0.0	3	46072 2905 149 46
80	44987	0.0	3	42139 2659 157 32
81	42245	0.0	3	39513 2562 143 27
82	39029	0.0	3	36512 2342 148 27
83	33948	0.0	3	31753 2041 129 25
84	30822	0.0	3	28821 1859 117 25
85	27650	0.0	3	25908 1630 92 20
86	25227	0.0	3	23649 1471 92 15
87	22509	0.0	3	20973 1446 70 20
88	21024	0.0	3	19705 1239 68 12
89	17624	0.0	3	16482 1070 60 12
90	15484	0.0	3	14520 896 55 13
91	13807	0.0	3	12944 793 60 10
92	11695	0.0	3	10984 661 41 9
93	9383	0.0	3	8790 554 32 7
94	8196	0.0	3	7687 484 19 6
95	7284	0.0	3	6858 404 20 2
96	5799	0.0	3	5467 303 20 9
97	5418	0.0	3	5091 302 19 6
98	4778	0.0	3	4490 256 27 5
99	4219	0.0	3	3988 220 8 3
100	3510	0.0	3	3268 223 15 4
101	2881	0.0	3	2702 166 10 3
102	2544	0.0	3	2375 152 14 3
103	1913	0.0	3	1757 146 7 3
104	1636	0.0	3	1517 105 10 4
105	1367	0.0	3	1283 76 6 2
106	1231	0.0	3	1151 71 7 2
107	1030	0.0	3	967 55 7 1
108	967	0.0	3	901 59 4 3
109	882	0.0	3	834 45 3
110	750	0.0	3	707 38 3 2
111	726	0.0	3	668 54 2 2
112	566	0.0	3	521 42 2 1
113	588	0.0	3	540 43 3 2
114	517	0.0	3	470 40 6 1
115	500	0.0	3	465 34 0 1
116	508	0.0	3	474 31 2 1
117	442	0.0	3	391 45 3 3
118	431	0.0	3	397 34
119	488	0.0	3	448 35 3 2
120	456	0.0	3	417 36 2 1
121	517	0.0	3	479 33 4 1
122	502	0.0	3	457 43 2
123	514	0.0	3	473 36 3 2
124	550	0.0	3	510 39 0 1
125	696	0.0	3	639 55 2
126	716	0.0	3	669 43 1 3
127	747	0.0	3	677 67 2 1
128	752	0.0	3	682 66 4
129	839	0.0	3	779 55 4 1
130	990	0.0	3	926 64
131	1016	0.0	3	933 79 4
132	1106	0.0	3	1010 90 5 1
133	1358	0.0	3	1254 97 6 1
134	1491	0.0	3	1369 117 4 1
135	1654	0.0	3	1524 123 5 2
136	1825	0.0	3	1696 118 10 1
137	1858	0.0	3	1679 162 14 3
138	1784	0.0	3	1632 139 12 1
139	1862	0.0	3	1682 170 10
140	2122	0.0	3	1943 169 8 2
141	2308	0.0	3	2076 219 13
142	1474	0.0	3	1303 164 7
143	1524	0.0	3	1299 211 12 2
144	1701	0.0	3	1374 303 24
145	1752	0.0	3	1450 282 20
146	2242	0.0	3	1719 490 30 3
147	2706	0.0	3	1572 1040 91 3
148	3366	0.0	3	439 2721 194 12
149	8971	0.0	3	260 8069 613 29
150	21471	0.0	3	531 19469 1407 64


=== Second read: Adapter 2 ===

Sequence: AGATCGGAAGAGCGTCGTGTAGGGAAAGAGTGTA; Type: regular 3'; Length: 34; Trimmed: 8288118 times

No. of allowed errors:
0-9 bp: 0; 10-19 bp: 1; 20-29 bp: 2; 30-34 bp: 3

Bases preceding removed adapters:
  A: 17.2%
  C: 27.2%
  G: 45.4%
  T: 9.9%
  none/other: 0.3%

Overview of removed sequences
length	count	expect	max.err	error counts
3	496937	325689.0	0	496937
4	185242	81422.3	0	185242
5	287575	20355.6	0	287575
8	90521	318.1	0	90521
9	180796	79.5	0	180796
10	730	19.9	1	0 730
11	187118	5.0	1	183947 3171
12	675	1.2	1	0 675
13	189974	0.3	1	186144 3830
14	440	0.1	1	0 440
15	95282	0.0	1	92903 2379
16	192050	0.0	1	187078 4972
17	700	0.0	1	0 700
18	191329	0.0	1	186489 4649 191
19	681	0.0	1	0 474 207
20	99104	0.0	2	94410 4269 425
21	394485	0.0	2	380597 12353 1535
22	862	0.0	2	0 755 107
23	380	0.0	2	0 109 271
24	659	0.0	2	0 523 136
25	99883	0.0	2	95254 4027 602
26	101041	0.0	2	95867 4633 541
27	200455	0.0	2	191743 7359 1353
28	1497	0.0	2	0 1311 111 75
29	202515	0.0	2	193347 7906 1223 39
30	1541	0.0	3	0 1346 108 87
31	204568	0.0	3	194506 8183 1275 604
32	1536	0.0	3	0 1318 173 45
33	207130	0.0	3	196271 9151 1243 465
34	987	0.0	3	14 343 532 98
35	103481	0.0	3	36 97552 5170 723
36	104776	0.0	3	7 98283 4972 1514
37	207344	0.0	3	33 120 8174 199017
38	1021	0.0	3	4 7 772 238
39	104561	0.0	3	42 104 4392 100023
40	105811	0.0	3	16 97 4790 100908
41	209258	0.0	3	35 236 7758 201229
42	1388	0.0	3	1 5 1142 240
43	210224	0.0	3	62 189 7542 202431
44	1180	0.0	3	0 4 776 400
45	105566	0.0	3	37 129 4766 100634
46	209935	0.0	3	84 291 7821 201739
47	1105	0.0	3	1 0 765 339
48	103443	0.0	3	15 171 4239 99018
49	103867	0.0	3	9 123 4218 99517
50	104426	0.0	3	21 110 4223 100072
51	103847	0.0	3	20 80 4761 98986
52	309356	0.0	3	109 291 10711 298245
53	987	0.0	3	1 0 458 528
54	1678	0.0	3	1 1 1300 376
55	303303	0.0	3	144 501 9864 292794
56	913	0.0	3	0 14 484 415
57	755	0.0	3	0 11 487 257
58	100054	0.0	3	14 272 3746 96022
59	193632	0.0	3	56 159 5683 187734
60	1128	0.0	3	0 6 704 418
61	95920	0.0	3	11 93 3582 92234
62	188257	0.0	3	105 268 5486 182398
63	970	0.0	3	9 4 640 317
64	92336	0.0	3	35 154 2960 89187
65	91573	0.0	3	12 167 3133 88261
66	89057	0.0	3	19 159 3142 85737
67	86930	0.0	3	5 133 2940 83852
68	85169	0.0	3	29 39 2997 82104
69	81671	0.0	3	31 113 2826 78701
70	79330	0.0	3	10 54 2661 76605
71	76434	0.0	3	9 108 2535 73782
72	73088	0.0	3	4 65 2330 70689
73	71533	0.0	3	18 38 2282 69195
74	67647	0.0	3	28 70 2188 65361
75	64853	0.0	3	23 45 2203 62582
76	74003	0.0	3	10 105 2418 71470
77	59369	0.0	3	14 88 1962 57305
78	54215	0.0	3	8 74 1644 52489
79	51801	0.0	3	6 25 1620 50150
80	48858	0.0	3	21 37 1487 47313
81	41528	0.0	3	2 29 1294 40203
82	38771	0.0	3	15 26 1121 37609
83	34279	0.0	3	17 29 1102 33131
84	31237	0.0	3	4 36 955 30242
85	29492	0.0	3	8 23 845 28616
86	25757	0.0	3	7 39 788 24923
87	23133	0.0	3	1 27 732 22373
88	20402	0.0	3	1 14 661 19726
89	18877	0.0	3	3 26 601 18247
90	16181	0.0	3	0 9 540 15632
91	13844	0.0	3	4 7 433 13400
92	11513	0.0	3	1 4 365 11143
93	9842	0.0	3	2 4 325 9511
94	8234	0.0	3	2 2 289 7941
95	6993	0.0	3	4 6 224 6759
96	6209	0.0	3	1 5 180 6023
97	5401	0.0	3	3 7 173 5218
98	4867	0.0	3	1 3 127 4736
99	4136	0.0	3	2 8 124 4002
100	3499	0.0	3	0 4 112 3383
101	3005	0.0	3	0 4 98 2903
102	2510	0.0	3	1 3 100 2406
103	1983	0.0	3	0 2 69 1912
104	1669	0.0	3	1 3 55 1610
105	1436	0.0	3	0 0 53 1383
106	1243	0.0	3	0 2 60 1181
107	1135	0.0	3	1 2 41 1091
108	1035	0.0	3	1 1 42 991
109	911	0.0	3	1 0 40 870
110	808	0.0	3	1 0 38 769
111	754	0.0	3	0 0 40 714
112	644	0.0	3	0 0 41 603
113	622	0.0	3	0 1 20 601
114	526	0.0	3	0 0 24 502
115	536	0.0	3	0 0 29 507
116	555	0.0	3	0 0 35 520
117	486	0.0	3	0 1 13 472
118	491	0.0	3	0 1 23 467
119	500	0.0	3	0 1 20 479
120	486	0.0	3	1 2 27 456
121	495	0.0	3	0 0 35 460
122	534	0.0	3	0 0 24 510
123	566	0.0	3	0 2 34 530
124	596	0.0	3	0 1 25 570
125	631	0.0	3	0 0 36 595
126	740	0.0	3	1 2 34 703
127	685	0.0	3	1 0 41 643
128	776	0.0	3	0 1 31 744
129	837	0.0	3	0 0 42 795
130	939	0.0	3	0 1 50 888
131	1010	0.0	3	0 2 41 967
132	1122	0.0	3	0 1 44 1077
133	1401	0.0	3	0 1 61 1339
134	1361	0.0	3	0 3 61 1297
135	1665	0.0	3	0 1 74 1590
136	1861	0.0	3	0 2 81 1778
137	1845	0.0	3	0 0 85 1760
138	1693	0.0	3	0 2 81 1610
139	1774	0.0	3	0 2 108 1664
140	2088	0.0	3	2 1 113 1972
141	2417	0.0	3	0 0 118 2299
142	1440	0.0	3	1 1 139 1299
143	1516	0.0	3	0 1 161 1354
144	1635	0.0	3	0 0 192 1443
145	1714	0.0	3	0 0 217 1497
146	2206	0.0	3	0 1 353 1852
147	2406	0.0	3	0 2 624 1780
148	2385	0.0	3	0 2 1797 586
149	7491	0.0	3	0 1 6993 497
150	24013	0.0	3	0 11 22363 1639
