This is cutadapt 2.9 with Python 3.5.2
Command line parameters: --nextseq-trim 10 --minimum-length 25 --cores 4 -a AGATCGGAAGAGCACACGTCTGAACTCCAGTCAC -A AGATCGGAAGAGCGTCGTGTAGGGAAAGAGTGTA -o Mcapitata_HTAC_TP12_2007_R1_TrimmingRound1.fastq.gz -p Mcapitata_HTAC_TP12_2007_R2_TrimmingRound1.fastq.gz Mcapitata_HTAC_TP12_2007_R1.fastq.gz Mcapitata_HTAC_TP12_2007_R2.fastq.gz
Processing reads on 4 cores in paired-end mode ...
Finished in 704.26 s (36 us/read; 1.68 M reads/minute).

=== Summary ===

Total read pairs processed:         19,767,395
  Read 1 with adapter:               7,825,316 (39.6%)
  Read 2 with adapter:               7,971,156 (40.3%)
Pairs written (passing filters):    19,712,265 (99.7%)

Total basepairs processed: 5,930,218,500 bp
  Read 1: 2,965,109,250 bp
  Read 2: 2,965,109,250 bp
Quality-trimmed:              12,130,636 bp (0.2%)
  Read 1:     5,225,710 bp
  Read 2:     6,904,926 bp
Total written (filtered):  5,275,230,708 bp (89.0%)
  Read 1: 2,637,797,214 bp
  Read 2: 2,637,433,494 bp

=== First read: Adapter 1 ===

Sequence: AGATCGGAAGAGCACACGTCTGAACTCCAGTCAC; Type: regular 3'; Length: 34; Trimmed: 7825316 times

No. of allowed errors:
0-9 bp: 0; 10-19 bp: 1; 20-29 bp: 2; 30-34 bp: 3

Bases preceding removed adapters:
  A: 17.8%
  C: 28.1%
  G: 37.2%
  T: 16.8%
  none/other: 0.1%

Overview of removed sequences
length	count	expect	max.err	error counts
3	351861	308865.5	0	351861
4	144661	77216.4	0	144661
5	273587	19304.1	0	273587
8	87255	301.6	0	87255
9	177281	75.4	0	177281
10	644	18.9	1	0 644
11	180873	4.7	1	177225 3648
12	507	1.2	1	0 507
13	91482	0.3	1	89132 2350
14	92876	0.1	1	90286 2590
15	92220	0.0	1	89494 2726
16	93090	0.0	1	89974 3116
17	185670	0.0	1	180393 5277
18	738	0.0	1	0 679 59
19	94579	0.0	1	91298 3187 94
20	95282	0.0	2	91228 3813 241
21	189972	0.0	2	183138 6233 601
22	1074	0.0	2	0 995 79
23	96858	0.0	2	92624 3855 379
24	97059	0.0	2	92553 4150 356
25	96833	0.0	2	92156 4276 401
26	97498	0.0	2	92683 4461 354
27	96891	0.0	2	91945 4443 503
28	99273	0.0	2	93141 5702 370 60
29	194191	0.0	2	185320 7940 786 145
30	1806	0.0	3	0 1279 178 349
31	99372	0.0	3	93396 5337 510 129
32	99343	0.0	3	93110 5589 537 107
33	99624	0.0	3	93153 5902 460 109
34	100303	0.0	3	93773 5864 554 112
35	101812	0.0	3	95258 5860 568 126
36	100625	0.0	3	93883 6022 606 114
37	102046	0.0	3	94474 6912 515 145
38	198388	0.0	3	187841 9447 931 169
39	2846	0.0	3	108 2553 142 43
40	199206	0.0	3	188911 9301 801 193
41	1868	0.0	3	65 1622 155 26
42	101587	0.0	3	95154 5830 503 100
43	102883	0.0	3	96145 6137 498 103
44	101531	0.0	3	95005 5936 474 116
45	103420	0.0	3	96722 6076 527 95
46	101118	0.0	3	93810 6764 436 108
47	198954	0.0	3	188989 9129 695 141
48	2027	0.0	3	268 1581 141 37
49	99640	0.0	3	93689 5391 473 87
50	101014	0.0	3	93887 6612 407 108
51	196187	0.0	3	186612 8825 585 165
52	2131	0.0	3	354 1555 202 20
53	101335	0.0	3	94317 6546 375 97
54	197468	0.0	3	187448 9231 638 151
55	1963	0.0	3	290 1500 146 27
56	97424	0.0	3	91522 5467 371 64
57	96590	0.0	3	90483 5622 384 101
58	95680	0.0	3	89559 5671 368 82
59	94863	0.0	3	88782 5589 426 66
60	94625	0.0	3	87648 6564 330 83
61	181481	0.0	3	172160 8718 518 85
62	1943	0.0	3	307 1463 124 49
63	89714	0.0	3	84326 4950 386 52
64	90562	0.0	3	83963 6200 325 74
65	172275	0.0	3	163593 8061 520 101
66	1721	0.0	3	241 1350 114 16
67	84103	0.0	3	79107 4573 359 64
68	81152	0.0	3	75918 4826 343 65
69	78731	0.0	3	73964 4367 327 73
70	76264	0.0	3	71692 4270 257 45
71	73852	0.0	3	69230 4297 273 52
72	86299	0.0	3	81238 4666 353 42
73	69819	0.0	3	65600 3887 275 57
74	67859	0.0	3	63830 3688 287 54
75	63775	0.0	3	59917 3536 276 46
76	60192	0.0	3	56636 3297 226 33
77	57685	0.0	3	54192 3249 206 38
78	51603	0.0	3	48503 2887 172 41
79	49585	0.0	3	46611 2780 158 36
80	43230	0.0	3	40691 2359 157 23
81	40970	0.0	3	38554 2256 130 30
82	35069	0.0	3	32964 1955 120 30
83	33003	0.0	3	31103 1782 98 20
84	29820	0.0	3	28079 1630 82 29
85	27517	0.0	3	25930 1492 85 10
86	24914	0.0	3	23478 1353 69 14
87	21768	0.0	3	20436 1256 62 14
88	20453	0.0	3	19275 1114 53 11
89	16669	0.0	3	15715 883 52 19
90	15044	0.0	3	14249 752 31 12
91	13541	0.0	3	12810 699 26 6
92	11568	0.0	3	10923 595 35 15
93	9393	0.0	3	8856 508 21 8
94	7882	0.0	3	7439 414 20 9
95	6997	0.0	3	6652 324 20 1
96	5539	0.0	3	5219 296 18 6
97	5240	0.0	3	4957 259 22 2
98	4470	0.0	3	4197 252 18 3
99	3950	0.0	3	3732 201 13 4
100	3477	0.0	3	3302 163 10 2
101	2875	0.0	3	2745 119 9 2
102	2505	0.0	3	2378 116 9 2
103	1855	0.0	3	1739 103 11 2
104	1655	0.0	3	1561 88 5 1
105	1387	0.0	3	1300 81 2 4
106	1226	0.0	3	1154 67 3 2
107	1043	0.0	3	972 62 6 3
108	851	0.0	3	801 44 4 2
109	845	0.0	3	809 32 3 1
110	693	0.0	3	658 32 2 1
111	668	0.0	3	626 39 2 1
112	602	0.0	3	567 29 5 1
113	556	0.0	3	523 32 0 1
114	492	0.0	3	463 24 1 4
115	423	0.0	3	401 20 2
116	431	0.0	3	399 29 2 1
117	415	0.0	3	384 30 1
118	435	0.0	3	409 25 0 1
119	462	0.0	3	431 30 0 1
120	489	0.0	3	460 27 2
121	442	0.0	3	418 23 1
122	481	0.0	3	453 25 3
123	506	0.0	3	468 36 1 1
124	585	0.0	3	554 28 2 1
125	623	0.0	3	590 31 2
126	672	0.0	3	636 33 3
127	700	0.0	3	641 57 2
128	717	0.0	3	669 46 2
129	801	0.0	3	743 58
130	944	0.0	3	888 53 3
131	1048	0.0	3	995 51 1 1
132	1105	0.0	3	1027 69 8 1
133	1274	0.0	3	1197 72 4 1
134	1320	0.0	3	1228 85 7
135	1460	0.0	3	1365 92 3
136	1617	0.0	3	1512 96 9
137	1624	0.0	3	1516 105 3
138	1621	0.0	3	1513 100 8
139	1601	0.0	3	1473 126 2
140	1929	0.0	3	1799 123 6 1
141	2088	0.0	3	1916 168 4
142	1235	0.0	3	1105 124 6
143	1289	0.0	3	1130 149 10
144	1383	0.0	3	1161 212 9 1
145	1586	0.0	3	1353 216 16 1
146	1998	0.0	3	1617 360 21
147	2198	0.0	3	1375 782 37 4
148	2370	0.0	3	385 1866 118 1
149	6120	0.0	3	209 5556 339 16
150	15008	0.0	3	451 13647 853 57


=== Second read: Adapter 2 ===

Sequence: AGATCGGAAGAGCGTCGTGTAGGGAAAGAGTGTA; Type: regular 3'; Length: 34; Trimmed: 7971156 times

No. of allowed errors:
0-9 bp: 0; 10-19 bp: 1; 20-29 bp: 2; 30-34 bp: 3

Bases preceding removed adapters:
  A: 17.2%
  C: 27.0%
  G: 45.7%
  T: 10.0%
  none/other: 0.1%

Overview of removed sequences
length	count	expect	max.err	error counts
3	478640	308865.5	0	478640
4	176331	77216.4	0	176331
5	277708	19304.1	0	277708
8	87400	301.6	0	87400
9	177655	75.4	0	177655
10	755	18.9	1	0 755
11	180908	4.7	1	177862 3046
12	571	1.2	1	0 571
13	184205	0.3	1	180630 3575
14	489	0.1	1	0 489
15	91771	0.0	1	89317 2454
16	186134	0.0	1	181247 4887
17	777	0.0	1	0 777
18	185256	0.0	1	180402 4642 212
19	823	0.0	1	0 585 238
20	95628	0.0	2	91066 4164 398
21	381322	0.0	2	367299 12471 1552
22	882	0.0	2	0 769 113
23	391	0.0	2	0 127 264
24	683	0.0	2	0 555 128
25	96327	0.0	2	91711 4026 590
26	97796	0.0	2	92543 4705 548
27	193357	0.0	2	184737 7343 1277
28	1667	0.0	2	0 1511 99 57
29	195441	0.0	2	186175 7961 1265 40
30	1749	0.0	3	0 1583 109 57
31	195529	0.0	3	185526 8038 1232 733
32	1165	0.0	3	0 908 148 109
33	99108	0.0	3	92863 4667 1265 313
34	99810	0.0	3	15 93729 5272 794
35	101975	0.0	3	19 95176 6068 712
36	198911	0.0	3	12 187734 9829 1336
37	1176	0.0	3	1 35 969 171
38	99925	0.0	3	19 94019 5125 762
39	100386	0.0	3	13 93954 5674 745
40	100743	0.0	3	9 94044 5988 702
41	200853	0.0	3	18 189954 9503 1378
42	1726	0.0	3	0 70 1567 89
43	201805	0.0	3	36 190726 9731 1312
44	1307	0.0	3	0 129 1000 178
45	101683	0.0	3	23 95077 5914 669
46	200909	0.0	3	50 190357 9273 1229
47	1255	0.0	3	1 144 956 154
48	99701	0.0	3	12 93935 5065 689
49	99700	0.0	3	14 93932 5125 629
50	99706	0.0	3	9 93775 5182 740
51	100311	0.0	3	8 93482 6229 592
52	297246	0.0	3	84 282255 13247 1660
53	1042	0.0	3	0 264 559 219
54	2065	0.0	3	0 95 1880 90
55	289992	0.0	3	93 276724 11724 1451
56	889	0.0	3	0 245 523 121
57	847	0.0	3	0 86 613 148
58	95891	0.0	3	8 90511 4887 485
59	186073	0.0	3	44 177919 7248 862
60	1233	0.0	3	0 175 899 159
61	93174	0.0	3	11 88045 4658 460
62	179513	0.0	3	47 172088 6560 818
63	1117	0.0	3	3 133 886 95
64	88766	0.0	3	26 84613 3633 494
65	88466	0.0	3	10 84049 3972 435
66	85974	0.0	3	14 81819 3711 430
67	84354	0.0	3	6 80378 3587 383
68	81020	0.0	3	22 77051 3558 389
69	78562	0.0	3	12 74845 3386 319
70	76022	0.0	3	9 72418 3249 346
71	73494	0.0	3	6 69971 3198 319
72	70019	0.0	3	6 66708 2996 309
73	68353	0.0	3	12 65424 2673 244
74	65668	0.0	3	19 62620 2745 284
75	62621	0.0	3	11 59699 2642 269
76	70781	0.0	3	5 67515 2950 311
77	57928	0.0	3	11 55354 2338 225
78	52319	0.0	3	4 50069 2074 172
79	49243	0.0	3	4 47035 2030 174
80	46960	0.0	3	6 44983 1815 156
81	40197	0.0	3	4 38548 1501 144
82	37554	0.0	3	4 35953 1457 140
83	33276	0.0	3	8 31828 1318 122
84	30262	0.0	3	3 28974 1174 111
85	28112	0.0	3	5 26911 1103 93
86	24544	0.0	3	3 23547 903 91
87	22589	0.0	3	5 21675 835 74
88	19833	0.0	3	2 18974 769 88
89	18097	0.0	3	8 17318 690 81
90	15690	0.0	3	1 15030 601 58
91	13551	0.0	3	1 12926 554 70
92	11475	0.0	3	2 10929 493 51
93	9706	0.0	3	0 9271 383 52
94	8002	0.0	3	1 7671 294 36
95	6897	0.0	3	2 6636 234 25
96	5853	0.0	3	0 5598 232 23
97	5089	0.0	3	2 4856 209 22
98	4554	0.0	3	0 4343 171 40
99	3876	0.0	3	0 3694 162 20
100	3461	0.0	3	0 3308 139 14
101	2941	0.0	3	0 2826 97 18
102	2441	0.0	3	0 2325 96 20
103	1972	0.0	3	1 1890 69 12
104	1679	0.0	3	1 1606 61 11
105	1442	0.0	3	0 1368 66 8
106	1245	0.0	3	2 1175 64 4
107	1096	0.0	3	1 1036 53 6
108	928	0.0	3	1 868 49 10
109	837	0.0	3	0 800 29 8
110	773	0.0	3	0 735 28 10
111	680	0.0	3	0 636 33 11
112	685	0.0	3	1 634 33 17
113	545	0.0	3	0 509 29 7
114	527	0.0	3	0 494 27 6
115	453	0.0	3	0 428 22 3
116	476	0.0	3	0 448 25 3
117	430	0.0	3	0 397 21 12
118	484	0.0	3	0 448 27 9
119	443	0.0	3	0 417 25 1
120	482	0.0	3	0 446 27 9
121	445	0.0	3	0 416 22 7
122	528	0.0	3	1 495 26 6
123	530	0.0	3	0 491 28 11
124	575	0.0	3	0 531 32 12
125	623	0.0	3	0 592 28 3
126	682	0.0	3	0 639 36 7
127	690	0.0	3	1 643 43 3
128	706	0.0	3	0 655 45 6
129	786	0.0	3	0 739 41 6
130	910	0.0	3	0 869 37 4
131	1045	0.0	3	0 984 57 4
132	1100	0.0	3	0 1037 53 10
133	1214	0.0	3	0 1152 59 3
134	1317	0.0	3	0 1239 68 10
135	1521	0.0	3	0 1446 69 6
136	1626	0.0	3	1 1557 65 3
137	1679	0.0	3	0 1592 81 6
138	1552	0.0	3	0 1470 81 1
139	1564	0.0	3	0 1487 72 5
140	1889	0.0	3	0 1804 78 7
141	2187	0.0	3	1 2072 108 6
142	1259	0.0	3	0 1157 100 2
143	1248	0.0	3	0 1138 104 6
144	1335	0.0	3	0 1177 152 6
145	1538	0.0	3	0 1368 167 3
146	1989	0.0	3	0 1733 250 6
147	2056	0.0	3	0 1584 455 17
148	1660	0.0	3	0 412 1203 45
149	5014	0.0	3	0 176 4671 167
150	16729	0.0	3	2 556 15643 528
