This is cutadapt 2.9 with Python 3.5.2
Command line parameters: --nextseq-trim 10 --minimum-length 25 --cores 4 -a AGATCGGAAGAGCACACGTCTGAACTCCAGTCAC -A AGATCGGAAGAGCGTCGTGTAGGGAAAGAGTGTA -o Mcapitata_ATAC_TP11_1644_R1_TrimmingRound1.fastq.gz -p Mcapitata_ATAC_TP11_1644_R2_TrimmingRound1.fastq.gz Mcapitata_ATAC_TP11_1644_R1.fastq.gz Mcapitata_ATAC_TP11_1644_R2.fastq.gz
Processing reads on 4 cores in paired-end mode ...
Finished in 640.62 s (37 us/read; 1.63 M reads/minute).

=== Summary ===

Total read pairs processed:         17,358,555
  Read 1 with adapter:               8,443,687 (48.6%)
  Read 2 with adapter:               7,728,829 (44.5%)
Pairs written (passing filters):    17,212,808 (99.2%)

Total basepairs processed: 5,207,566,500 bp
  Read 1: 2,603,783,250 bp
  Read 2: 2,603,783,250 bp
Quality-trimmed:              46,401,718 bp (0.9%)
  Read 1:     6,626,522 bp
  Read 2:    39,775,196 bp
Total written (filtered):  4,610,229,714 bp (88.5%)
  Read 1: 2,292,419,764 bp
  Read 2: 2,317,809,950 bp

=== First read: Adapter 1 ===

Sequence: AGATCGGAAGAGCACACGTCTGAACTCCAGTCAC; Type: regular 3'; Length: 34; Trimmed: 8443687 times

No. of allowed errors:
0-9 bp: 0; 10-19 bp: 1; 20-29 bp: 2; 30-34 bp: 3

Bases preceding removed adapters:
  A: 18.4%
  C: 38.2%
  G: 20.4%
  T: 23.0%
  none/other: 0.0%

Overview of removed sequences
length	count	expect	max.err	error counts
3	281771	271227.4	0	281771
4	135139	67806.9	0	135139
5	289356	16951.7	0	289356
8	94808	264.9	0	94808
9	188141	66.2	0	188141
10	581	16.6	1	0 581
11	257404	4.1	1	189150 68254
12	586	1.0	1	0 586
13	132830	0.3	1	97442 35388
14	137407	0.1	1	100952 36455
15	134731	0.0	1	98556 36175
16	142182	0.0	1	103567 38615
17	271557	0.0	1	199561 71996
18	1106	0.0	1	0 947 159
19	138561	0.0	1	100760 37265 536
20	138676	0.0	2	98849 37387 2440
21	280762	0.0	2	201095 74852 4815
22	1744	0.0	2	0 1147 597
23	143527	0.0	2	102007 38773 2747
24	146343	0.0	2	103599 39573 3171
25	146869	0.0	2	104484 39266 3119
26	148486	0.0	2	104853 40254 3379
27	149636	0.0	2	105988 40117 3531
28	149524	0.0	2	104639 41035 3759 91
29	289617	0.0	2	206705 76948 5720 244
30	2871	0.0	3	0 1592 881 398
31	147897	0.0	3	103598 39517 3489 1293
32	145188	0.0	3	101143 39301 3454 1290
33	147055	0.0	3	102143 40138 3643 1131
34	148578	0.0	3	101962 40985 4182 1449
35	148924	0.0	3	102828 40751 4132 1213
36	159895	0.0	3	107357 45243 5467 1828
37	447262	0.0	3	313011 120354 10131 3766
38	3074	0.0	3	338 1559 885 292
39	2459	0.0	3	112 1596 614 137
40	265381	0.0	3	188557 70497 4729 1598
41	2494	0.0	3	81 1605 683 125
42	131000	0.0	3	92241 35192 2678 889
43	136809	0.0	3	95231 37221 3260 1097
44	136661	0.0	3	94746 37569 3237 1109
45	147238	0.0	3	102116 40082 3766 1274
46	124554	0.0	3	85758 34915 2970 911
47	279348	0.0	3	197176 74745 5438 1989
48	3031	0.0	3	418 1604 766 243
49	108422	0.0	3	75663 29319 2592 848
50	115652	0.0	3	79936 32108 2767 841
51	219362	0.0	3	154312 59489 4091 1470
52	24831	0.0	3	16100 7279 1117 335
53	98291	0.0	3	67730 27401 2418 742
54	226863	0.0	3	160026 60964 4373 1500
55	5375	0.0	3	2134 2192 833 216
56	85314	0.0	3	59889 23247 1617 561
57	96649	0.0	3	67869 26203 1985 592
58	82148	0.0	3	57469 22535 1625 519
59	99849	0.0	3	70115 27287 1909 538
60	80005	0.0	3	55476 22305 1720 504
61	133665	0.0	3	94734 36092 2163 676
62	3651	0.0	3	1494 1503 500 154
63	62062	0.0	3	43427 17067 1203 365
64	52228	0.0	3	35982 14702 1191 353
65	101303	0.0	3	71863 27398 1565 477
66	3731	0.0	3	1915 1397 324 95
67	44794	0.0	3	31514 12176 824 280
68	45553	0.0	3	31860 12471 924 298
69	43100	0.0	3	29536 12407 902 255
70	71978	0.0	3	51011 19690 1036 241
71	66424	0.0	3	46812 18382 962 268
72	43826	0.0	3	30329 12420 828 249
73	21220	0.0	3	14349 6175 527 169
74	15941	0.0	3	10812 4591 408 130
75	14314	0.0	3	9744 4115 353 102
76	13058	0.0	3	9035 3655 274 94
77	11795	0.0	3	8088 3369 266 72
78	8905	0.0	3	6186 2505 165 49
79	7340	0.0	3	5016 2125 147 52
80	6002	0.0	3	4149 1692 121 40
81	5495	0.0	3	3719 1635 105 36
82	4402	0.0	3	2992 1283 96 31
83	3792	0.0	3	2600 1100 77 15
84	3371	0.0	3	2307 965 72 27
85	3094	0.0	3	2161 853 64 16
86	2614	0.0	3	1798 743 64 9
87	2246	0.0	3	1501 682 54 9
88	2007	0.0	3	1369 597 33 8
89	1435	0.0	3	986 404 31 14
90	1383	0.0	3	954 388 33 8
91	1196	0.0	3	766 383 39 8
92	1011	0.0	3	716 271 20 4
93	848	0.0	3	580 250 15 3
94	731	0.0	3	484 221 20 6
95	662	0.0	3	455 191 11 5
96	523	0.0	3	350 157 13 3
97	492	0.0	3	329 146 14 3
98	389	0.0	3	247 130 9 3
99	343	0.0	3	226 101 12 4
100	296	0.0	3	189 92 12 3
101	265	0.0	3	169 84 10 2
102	212	0.0	3	143 61 6 2
103	165	0.0	3	114 44 6 1
104	129	0.0	3	92 33 4
105	120	0.0	3	81 31 7 1
106	100	0.0	3	61 30 6 3
107	89	0.0	3	58 22 7 2
108	69	0.0	3	41 21 5 2
109	58	0.0	3	32 19 7
110	55	0.0	3	29 14 12
111	48	0.0	3	24 12 10 2
112	47	0.0	3	20 14 12 1
113	42	0.0	3	17 9 16
114	38	0.0	3	16 5 17
115	39	0.0	3	11 4 23 1
116	37	0.0	3	13 5 18 1
117	33	0.0	3	2 6 25
118	44	0.0	3	8 7 27 2
119	41	0.0	3	4 8 29
120	27	0.0	3	3 2 22
121	37	0.0	3	7 4 26
122	39	0.0	3	7 4 28
123	36	0.0	3	4 2 29 1
124	43	0.0	3	4 2 35 2
125	41	0.0	3	7 1 33
126	36	0.0	3	1 2 30 3
127	46	0.0	3	3 5 38
128	49	0.0	3	6 2 39 2
129	61	0.0	3	8 0 53
130	64	0.0	3	5 2 56 1
131	76	0.0	3	3 1 68 4
132	71	0.0	3	6 1 62 2
133	104	0.0	3	2 2 95 5
134	96	0.0	3	2 2 89 3
135	105	0.0	3	2 1 93 9
136	112	0.0	3	7 2 98 5
137	100	0.0	3	3 0 93 4
138	156	0.0	3	3 2 145 6
139	126	0.0	3	3 9 113 1
140	144	0.0	3	1 3 138 2
141	165	0.0	3	5 2 157 1
142	211	0.0	3	0 5 201 5
143	271	0.0	3	1 2 256 12
144	287	0.0	3	4 2 273 8
145	303	0.0	3	4 5 287 7
146	359	0.0	3	6 4 343 6
147	441	0.0	3	5 11 409 16
148	805	0.0	3	2 15 769 19
149	2051	0.0	3	1 26 1957 67
150	4550	0.0	3	2 73 4318 157


=== Second read: Adapter 2 ===

Sequence: AGATCGGAAGAGCGTCGTGTAGGGAAAGAGTGTA; Type: regular 3'; Length: 34; Trimmed: 7728829 times

No. of allowed errors:
0-9 bp: 0; 10-19 bp: 1; 20-29 bp: 2; 30-34 bp: 3

Bases preceding removed adapters:
  A: 15.8%
  C: 38.8%
  G: 30.8%
  T: 14.6%
  none/other: 0.0%

Overview of removed sequences
length	count	expect	max.err	error counts
3	440026	271227.4	0	440026
4	152662	67806.9	0	152662
5	275283	16951.7	0	275283
8	88880	264.9	0	88880
9	175625	66.2	0	175625
10	725	16.6	1	0 725
11	230236	4.1	1	177312 52924
12	626	1.0	1	0 626
13	250163	0.3	1	190415 59748
14	407	0.1	1	0 407
15	119473	0.0	1	91824 27649
16	253076	0.0	1	193458 59618
17	479	0.0	1	0 479
18	230029	0.0	1	178606 51100 323
19	813	0.0	1	0 539 274
20	125954	0.0	2	93298 29415 3241
21	503553	0.0	2	374554 118203 10796
22	2122	0.0	2	0 1291 831
23	623	0.0	2	0 263 360
24	823	0.0	2	0 528 295
25	129751	0.0	2	95768 30640 3343
26	132926	0.0	2	95841 33162 3923
27	261549	0.0	2	191294 63257 6998
28	2557	0.0	2	0 1633 792 132
29	259084	0.0	2	188093 63526 7355 110
30	2750	0.0	3	0 1756 746 248
31	256249	0.0	3	184913 61286 6824 3226
32	2177	0.0	3	0 1290 563 324
33	130788	0.0	3	93439 31489 4238 1622
34	130226	0.0	3	30 93874 32169 4153
35	131974	0.0	3	24 94435 31989 5526
36	261245	0.0	3	33 1267 190067 69878
37	3340	0.0	3	3 135 494 2708
38	257695	0.0	3	50 1411 187233 69001
39	2629	0.0	3	6 79 431 2113
40	126226	0.0	3	33 813 90195 35185
41	278001	0.0	3	74 1965 201345 74617
42	7436	0.0	3	3 554 998 5881
43	791186	0.0	3	121 4379 668608 118078
44	3644	0.0	3	0 57 367 3220
45	99678	0.0	3	20 590 70569 28499
46	161045	0.0	3	29 679 107766 52571
47	2133	0.0	3	5 50 599 1479
48	81516	0.0	3	23 369 54879 26245
49	89680	0.0	3	19 546 62638 26477
50	73408	0.0	3	26 349 48222 24811
51	90971	0.0	3	23 547 63908 26493
52	217854	0.0	3	62 915 147971 68906
53	1974	0.0	3	1 48 660 1265
54	1770	0.0	3	5 32 384 1349
55	171614	0.0	3	28 574 115035 55977
56	1379	0.0	3	1 23 465 890
57	784	0.0	3	2 21 236 525
58	59969	0.0	3	12 250 41053 18654
59	95194	0.0	3	25 249 64055 30865
60	1059	0.0	3	4 15 244 796
61	44925	0.0	3	10 176 30004 14735
62	82562	0.0	3	24 280 55305 26953
63	659	0.0	3	0 17 134 508
64	33698	0.0	3	12 105 22661 10920
65	33564	0.0	3	31 147 22730 10656
66	34882	0.0	3	4 148 24104 10626
67	31018	0.0	3	10 147 21146 9715
68	30652	0.0	3	11 130 21228 9283
69	26893	0.0	3	10 99 18184 8600
70	25025	0.0	3	21 101 17441 7462
71	22562	0.0	3	3 103 15516 6940
72	20242	0.0	3	4 98 13884 6256
73	18969	0.0	3	7 97 13171 5694
74	16824	0.0	3	2 79 11728 5015
75	15924	0.0	3	4 74 11248 4598
76	16099	0.0	3	5 51 11394 4649
77	12728	0.0	3	1 57 8846 3824
78	10561	0.0	3	7 54 7289 3211
79	9784	0.0	3	3 46 6713 3022
80	9293	0.0	3	0 44 6376 2873
81	7500	0.0	3	0 30 5118 2352
82	6090	0.0	3	2 12 4196 1880
83	5281	0.0	3	0 20 3715 1546
84	4640	0.0	3	0 20 3264 1356
85	4249	0.0	3	1 22 2972 1254
86	3378	0.0	3	2 14 2343 1019
87	2873	0.0	3	1 9 1913 950
88	2403	0.0	3	0 12 1670 721
89	1851	0.0	3	1 10 1205 635
90	1569	0.0	3	0 5 1038 526
91	1307	0.0	3	0 1 859 447
92	1014	0.0	3	1 0 666 347
93	950	0.0	3	0 1 611 338
94	770	0.0	3	0 2 512 256
95	684	0.0	3	0 1 416 267
96	581	0.0	3	0 0 378 203
97	509	0.0	3	1 0 327 181
98	411	0.0	3	0 1 271 139
99	336	0.0	3	0 2 210 124
100	250	0.0	3	0 0 154 96
101	266	0.0	3	0 1 167 98
102	191	0.0	3	0 0 113 78
103	168	0.0	3	0 2 102 64
104	159	0.0	3	0 0 109 50
105	129	0.0	3	0 1 78 50
106	113	0.0	3	0 0 68 45
107	109	0.0	3	0 1 76 32
108	58	0.0	3	0 0 42 16
109	58	0.0	3	0 0 38 20
110	69	0.0	3	0 1 33 35
111	36	0.0	3	0 0 16 20
112	58	0.0	3	0 0 34 24
113	38	0.0	3	0 1 22 15
114	36	0.0	3	0 0 22 14
115	26	0.0	3	0 0 14 12
116	22	0.0	3	0 0 13 9
117	19	0.0	3	0 0 14 5
118	22	0.0	3	0 0 12 10
119	22	0.0	3	0 0 8 14
120	23	0.0	3	0 0 9 14
121	10	0.0	3	0 0 5 5
122	17	0.0	3	0 0 8 9
123	17	0.0	3	0 0 5 12
124	12	0.0	3	0 0 2 10
125	22	0.0	3	0 0 7 15
126	26	0.0	3	0 0 6 20
127	31	0.0	3	0 0 6 25
128	32	0.0	3	0 0 5 27
129	43	0.0	3	0 0 8 35
130	50	0.0	3	0 0 5 45
131	56	0.0	3	0 0 4 52
132	58	0.0	3	0 0 5 53
133	62	0.0	3	0 0 8 54
134	73	0.0	3	0 0 3 70
135	94	0.0	3	0 0 2 92
136	99	0.0	3	0 1 5 93
137	111	0.0	3	0 0 3 108
138	119	0.0	3	0 0 1 118
139	142	0.0	3	0 1 3 138
140	142	0.0	3	0 0 4 138
141	154	0.0	3	0 0 2 152
142	159	0.0	3	0 0 3 156
143	196	0.0	3	0 0 0 196
144	268	0.0	3	0 0 1 267
145	278	0.0	3	0 0 2 276
146	361	0.0	3	0 0 2 359
147	411	0.0	3	0 0 3 408
148	731	0.0	3	0 0 1 730
149	1680	0.0	3	0 0 1 1679
150	5204	0.0	3	0 0 2 5202
