This is cutadapt 2.9 with Python 3.5.2
Command line parameters: --nextseq-trim 10 --minimum-length 25 --cores 4 -a AGATCGGAAGAGCACACGTCTGAACTCCAGTCAC -A AGATCGGAAGAGCGTCGTGTAGGGAAAGAGTGTA -o Mcapitata_HTHC_TP6_1164_R1_TrimmingRound1.fastq.gz -p Mcapitata_HTHC_TP6_1164_R2_TrimmingRound1.fastq.gz Mcapitata_HTHC_TP6_1164_R1.fastq.gz Mcapitata_HTHC_TP6_1164_R2.fastq.gz
Processing reads on 4 cores in paired-end mode ...
Finished in 482.37 s (37 us/read; 1.60 M reads/minute).

=== Summary ===

Total read pairs processed:         12,882,994
  Read 1 with adapter:               5,282,802 (41.0%)
  Read 2 with adapter:               4,615,472 (35.8%)
Pairs written (passing filters):    12,756,978 (99.0%)

Total basepairs processed: 3,864,898,200 bp
  Read 1: 1,932,449,100 bp
  Read 2: 1,932,449,100 bp
Quality-trimmed:              29,916,326 bp (0.8%)
  Read 1:     4,267,746 bp
  Read 2:    25,648,580 bp
Total written (filtered):  3,537,321,642 bp (91.5%)
  Read 1: 1,756,504,459 bp
  Read 2: 1,780,817,183 bp

=== First read: Adapter 1 ===

Sequence: AGATCGGAAGAGCACACGTCTGAACTCCAGTCAC; Type: regular 3'; Length: 34; Trimmed: 5282802 times

No. of allowed errors:
0-9 bp: 0; 10-19 bp: 1; 20-29 bp: 2; 30-34 bp: 3

Bases preceding removed adapters:
  A: 16.6%
  C: 37.1%
  G: 22.2%
  T: 24.0%
  none/other: 0.0%

Overview of removed sequences
length	count	expect	max.err	error counts
3	243470	201296.8	0	243470
4	115512	50324.2	0	115512
5	243335	12581.0	0	243335
8	78857	196.6	0	78857
9	156337	49.1	0	156337
10	451	12.3	1	0 451
11	203445	3.1	1	158154 45291
12	459	0.8	1	0 459
13	102177	0.2	1	79169 23008
14	103962	0.0	1	80325 23637
15	104591	0.0	1	80960 23631
16	104664	0.0	1	80502 24162
17	207698	0.0	1	161182 46516
18	891	0.0	1	0 694 197
19	103333	0.0	1	79683 23165 485
20	104617	0.0	2	79315 24203 1099
21	205532	0.0	2	157832 45626 2074
22	1329	0.0	2	0 919 410
23	103404	0.0	2	78973 23272 1159
24	104713	0.0	2	79311 24185 1217
25	103638	0.0	2	78753 23693 1192
26	104393	0.0	2	78908 24122 1363
27	103566	0.0	2	78191 23862 1513
28	102219	0.0	2	76608 24100 1482 29
29	197034	0.0	2	149955 44823 2151 105
30	1953	0.0	3	0 1183 500 270
31	97726	0.0	3	73544 22310 1338 534
32	97635	0.0	3	72989 22665 1455 526
33	97053	0.0	3	72744 22427 1448 434
34	96338	0.0	3	71646 22794 1451 447
35	187859	0.0	3	142286 42764 2119 690
36	2483	0.0	3	65 1760 560 98
37	180045	0.0	3	136785 40554 1863 843
38	1725	0.0	3	37 1152 433 103
39	86703	0.0	3	64882 20223 1187 411
40	84795	0.0	3	63075 20166 1156 398
41	160345	0.0	3	121852 36267 1616 610
42	1574	0.0	3	84 990 424 76
43	77905	0.0	3	58864 17763 913 365
44	76652	0.0	3	57264 18000 1013 375
45	83816	0.0	3	62701 19587 1138 390
46	64456	0.0	3	47934 15422 873 227
47	134962	0.0	3	102076 31112 1234 540
48	1332	0.0	3	85 857 320 70
49	62663	0.0	3	47095 14561 741 266
50	59637	0.0	3	44460 14104 811 262
51	107007	0.0	3	80957 24791 911 348
52	1558	0.0	3	307 822 344 85
53	51029	0.0	3	38121 12066 632 210
54	93067	0.0	3	70777 21114 840 336
55	957	0.0	3	57 614 240 46
56	43168	0.0	3	32294 10190 499 185
57	40476	0.0	3	30220 9616 461 179
58	37649	0.0	3	28113 8940 437 159
59	33941	0.0	3	25282 8092 429 138
60	32330	0.0	3	23973 7828 406 123
61	53285	0.0	3	40338 12377 415 155
62	570	0.0	3	52 349 143 26
63	24359	0.0	3	18203 5766 305 85
64	22468	0.0	3	16763 5353 278 74
65	38015	0.0	3	28719 8874 315 107
66	431	0.0	3	50 255 97 29
67	16971	0.0	3	12755 3948 193 75
68	15821	0.0	3	11768 3763 231 59
69	16493	0.0	3	11831 4342 265 55
70	71761	0.0	3	54161 17197 326 77
71	15465	0.0	3	11236 3895 241 93
72	6693	0.0	3	4698 1745 177 73
73	1232	0.0	3	781 346 65 40
74	444	0.0	3	250 144 36 14
75	159	0.0	3	78 50 19 12
76	73	0.0	3	37 18 10 8
77	27	0.0	3	13 7 3 4
78	10	0.0	3	5 2 2 1
79	12	0.0	3	5 3 3 1
80	9	0.0	3	2 4 1 2
81	4	0.0	3	1 1 1 1
82	6	0.0	3	2 4
83	2	0.0	3	1 1
84	6	0.0	3	1 1 4
85	2	0.0	3	0 1 1
87	1	0.0	3	0 0 0 1
88	5	0.0	3	2 2 1
89	1	0.0	3	0 1
90	1	0.0	3	0 1
92	2	0.0	3	2
93	1	0.0	3	1
97	2	0.0	3	2
99	2	0.0	3	1 0 1
103	1	0.0	3	0 0 1
104	1	0.0	3	0 0 1
109	1	0.0	3	0 0 1


=== Second read: Adapter 2 ===

Sequence: AGATCGGAAGAGCGTCGTGTAGGGAAAGAGTGTA; Type: regular 3'; Length: 34; Trimmed: 4615472 times

No. of allowed errors:
0-9 bp: 0; 10-19 bp: 1; 20-29 bp: 2; 30-34 bp: 3

Bases preceding removed adapters:
  A: 9.9%
  C: 41.2%
  G: 36.5%
  T: 12.4%
  none/other: 0.0%

Overview of removed sequences
length	count	expect	max.err	error counts
3	374933	201296.8	0	374933
4	133820	50324.2	0	133820
5	243382	12581.0	0	243382
8	78552	196.6	0	78552
9	155228	49.1	0	155228
10	416	12.3	1	0 416
11	168553	3.1	1	157319 11234
12	249	0.8	1	0 249
13	170206	0.2	1	158546 11660
14	214	0.0	1	0 214
15	86163	0.0	1	80282 5881
16	173581	0.0	1	161456 12125
17	466	0.0	1	0 466
18	168509	0.0	1	156913 11525 71
19	521	0.0	1	0 423 98
20	85905	0.0	2	77818 7144 943
21	338719	0.0	2	309584 25935 3200
22	1304	0.0	2	0 934 370
23	204	0.0	2	0 92 112
24	426	0.0	2	0 373 53
25	84905	0.0	2	76915 7037 953
26	86116	0.0	2	77163 7883 1070
27	166795	0.0	2	151032 13871 1892
28	1772	0.0	2	0 1325 351 96
29	161649	0.0	2	145683 14007 1930 29
30	1615	0.0	3	0 1328 176 111
31	158823	0.0	3	142340 13385 1999 1099
32	1838	0.0	3	0 1491 221 126
33	155816	0.0	3	140118 13108 1763 827
34	1322	0.0	3	0 524 624 174
35	77725	0.0	3	1 69395 7301 1028
36	77015	0.0	3	2 68561 7253 1199
37	74696	0.0	3	0 66371 7051 1274
38	74120	0.0	3	0 65751 6993 1376
39	69745	0.0	3	0 62187 6397 1161
40	69748	0.0	3	1 61349 7191 1207
41	130313	0.0	3	3 117215 11102 1993
42	1944	0.0	3	0 293 1340 311
43	123423	0.0	3	0 111656 10041 1726
44	1232	0.0	3	0 125 853 254
45	61083	0.0	3	1 54264 5811 1007
46	116459	0.0	3	1 105193 9561 1704
47	1739	0.0	3	0 500 933 306
48	53208	0.0	3	0 47698 4620 890
49	53304	0.0	3	0 47459 4865 980
50	47814	0.0	3	0 42694 4265 855
51	50355	0.0	3	0 43991 5398 966
52	178615	0.0	3	2 161125 14630 2858
53	716	0.0	3	0 112 465 139
54	637	0.0	3	0 25 534 78
55	76684	0.0	3	0 70466 5422 796
56	394	0.0	3	0 83 239 72
57	282	0.0	3	0 18 217 47
58	26357	0.0	3	0 23728 2232 397
59	40321	0.0	3	1 36893 2954 473
60	316	0.0	3	0 29 236 51
61	18830	0.0	3	1 17018 1581 230
62	36159	0.0	3	0 32857 2730 572
63	211	0.0	3	0 13 165 33
64	10617	0.0	3	0 9618 868 131
65	14175	0.0	3	0 12770 1180 225
66	13027	0.0	3	0 11735 1078 214
67	12496	0.0	3	0 11294 1032 170
68	13482	0.0	3	0 12141 1137 204
69	9781	0.0	3	0 8769 859 153
70	9033	0.0	3	0 8050 822 161
71	8223	0.0	3	0 7383 695 145
72	7384	0.0	3	0 6607 671 106
73	8135	0.0	3	0 7300 697 138
74	10262	0.0	3	1 9177 956 128
75	17276	0.0	3	0 15770 1330 176
76	8930	0.0	3	0 8052 698 180
77	1998	0.0	3	1 1762 163 72
78	1185	0.0	3	0 1053 95 37
79	746	0.0	3	0 650 71 25
80	559	0.0	3	0 512 36 11
81	493	0.0	3	0 446 31 16
82	440	0.0	3	0 392 36 12
83	456	0.0	3	0 408 42 6
84	319	0.0	3	0 282 31 6
85	334	0.0	3	0 296 30 8
86	177	0.0	3	0 159 16 2
87	119	0.0	3	0 103 11 5
88	127	0.0	3	0 120 5 2
89	62	0.0	3	0 52 7 3
90	28	0.0	3	0 22 3 3
91	26	0.0	3	0 22 4
92	21	0.0	3	0 20 1
93	18	0.0	3	0 12 5 1
94	17	0.0	3	0 15 1 1
95	15	0.0	3	0 9 4 2
96	14	0.0	3	0 12 1 1
97	16	0.0	3	0 16
98	1	0.0	3	0 1
99	5	0.0	3	0 3 2
100	4	0.0	3	0 2 1 1
101	4	0.0	3	0 3 0 1
102	4	0.0	3	0 3 1
103	2	0.0	3	0 2
104	5	0.0	3	0 4 1
105	1	0.0	3	0 1
106	2	0.0	3	0 2
108	1	0.0	3	0 1
109	1	0.0	3	0 1
110	1	0.0	3	0 0 1
112	1	0.0	3	0 0 0 1
115	1	0.0	3	0 0 1
136	1	0.0	3	1
