This is cutadapt 2.9 with Python 3.5.2
Command line parameters: --nextseq-trim 10 --minimum-length 25 --cores 4 -a AGATCGGAAGAGCACACGTCTGAACTCCAGTCAC -A AGATCGGAAGAGCGTCGTGTAGGGAAAGAGTGTA -o Mcapitata_HTAC_TP6_1496_R1_TrimmingRound1.fastq.gz -p Mcapitata_HTAC_TP6_1496_R2_TrimmingRound1.fastq.gz Mcapitata_HTAC_TP6_1496_R1.fastq.gz Mcapitata_HTAC_TP6_1496_R2.fastq.gz
Processing reads on 4 cores in paired-end mode ...
Finished in 666.94 s (38 us/read; 1.56 M reads/minute).

=== Summary ===

Total read pairs processed:         17,329,432
  Read 1 with adapter:               8,320,824 (48.0%)
  Read 2 with adapter:               7,846,915 (45.3%)
Pairs written (passing filters):    17,241,054 (99.5%)

Total basepairs processed: 5,198,829,600 bp
  Read 1: 2,599,414,800 bp
  Read 2: 2,599,414,800 bp
Quality-trimmed:              29,644,781 bp (0.6%)
  Read 1:     5,761,027 bp
  Read 2:    23,883,754 bp
Total written (filtered):  4,640,543,025 bp (89.3%)
  Read 1: 2,311,278,069 bp
  Read 2: 2,329,264,956 bp

=== First read: Adapter 1 ===

Sequence: AGATCGGAAGAGCACACGTCTGAACTCCAGTCAC; Type: regular 3'; Length: 34; Trimmed: 8320824 times

No. of allowed errors:
0-9 bp: 0; 10-19 bp: 1; 20-29 bp: 2; 30-34 bp: 3

Bases preceding removed adapters:
  A: 15.3%
  C: 38.5%
  G: 22.7%
  T: 23.4%
  none/other: 0.0%

Overview of removed sequences
length	count	expect	max.err	error counts
3	298022	270772.4	0	298022
4	148334	67693.1	0	148334
5	323924	16923.3	0	323924
8	106323	264.4	0	106323
9	212428	66.1	0	212428
10	536	16.5	1	0 536
11	266766	4.1	1	213179 53587
12	616	1.0	1	0 616
13	137252	0.3	1	108778 28474
14	142267	0.1	1	112987 29280
15	138366	0.0	1	109960 28406
16	145682	0.0	1	114709 30973
17	278497	0.0	1	221656 56841
18	1195	0.0	1	0 1026 169
19	143918	0.0	1	113322 30067 529
20	142179	0.0	2	110049 29901 2229
21	288744	0.0	2	224456 59743 4545
22	1791	0.0	2	0 1287 504
23	147062	0.0	2	113641 30926 2495
24	150312	0.0	2	114818 32657 2837
25	150204	0.0	2	115310 31860 3034
26	151329	0.0	2	115696 32520 3113
27	150721	0.0	2	114974 32571 3176
28	150403	0.0	2	113832 33074 3384 113
29	293534	0.0	2	225899 62091 5290 254
30	2870	0.0	3	0 1753 726 391
31	149962	0.0	3	112821 32502 3370 1269
32	146146	0.0	3	110158 31722 3124 1142
33	148771	0.0	3	112099 32286 3296 1090
34	149795	0.0	3	112292 32916 3373 1214
35	148366	0.0	3	111574 32388 3180 1224
36	149836	0.0	3	112226 32731 3546 1333
37	148786	0.0	3	110998 33146 3392 1250
38	289217	0.0	3	218702 61838 6197 2480
39	3799	0.0	3	279 2561 762 197
40	273061	0.0	3	208711 57520 4841 1989
41	2496	0.0	3	118 1597 628 153
42	139717	0.0	3	105673 30037 2923 1084
43	143788	0.0	3	108623 31290 2876 999
44	119941	0.0	3	91707 25369 2118 747
45	148446	0.0	3	112449 31979 2937 1081
46	111826	0.0	3	83975 24918 2182 751
47	243971	0.0	3	186725 51812 4010 1424
48	2510	0.0	3	306 1495 528 181
49	115468	0.0	3	87493 25121 2137 717
50	112199	0.0	3	84463 24897 2079 760
51	206674	0.0	3	158676 43682 3135 1181
52	3234	0.0	3	794 1617 620 203
53	101414	0.0	3	76822 21983 1930 679
54	195122	0.0	3	148646 41890 3341 1245
55	2080	0.0	3	247 1250 459 124
56	85074	0.0	3	65053 18185 1351 485
57	85653	0.0	3	65096 18622 1438 497
58	76161	0.0	3	57961 16559 1263 378
59	73615	0.0	3	55775 16145 1305 390
60	70976	0.0	3	53316 16003 1259 398
61	118439	0.0	3	90745 25484 1645 565
62	1423	0.0	3	266 801 275 81
63	55842	0.0	3	42303 12266 955 318
64	51763	0.0	3	39170 11480 842 271
65	89908	0.0	3	69024 19295 1201 388
66	1047	0.0	3	223 561 208 55
67	40276	0.0	3	30637 8872 566 201
68	37403	0.0	3	28203 8330 669 201
69	36034	0.0	3	27062 8119 677 176
70	91268	0.0	3	71050 19372 660 186
71	35423	0.0	3	26818 7847 588 170
72	25209	0.0	3	18864 5706 489 150
73	14249	0.0	3	10527 3268 343 111
74	12300	0.0	3	9156 2847 208 89
75	11665	0.0	3	8666 2654 269 76
76	10491	0.0	3	7836 2404 197 54
77	9455	0.0	3	7099 2140 162 54
78	7016	0.0	3	5243 1600 131 42
79	6094	0.0	3	4537 1405 110 42
80	4863	0.0	3	3619 1118 99 27
81	4415	0.0	3	3284 1027 72 32
82	3385	0.0	3	2556 753 54 22
83	2882	0.0	3	2149 682 35 16
84	2797	0.0	3	2084 643 54 16
85	2278	0.0	3	1708 531 32 7
86	2092	0.0	3	1588 451 33 20
87	1774	0.0	3	1336 398 35 5
88	1636	0.0	3	1227 369 28 12
89	1253	0.0	3	955 272 19 7
90	1140	0.0	3	845 275 17 3
91	1002	0.0	3	746 233 18 5
92	823	0.0	3	630 176 11 6
93	610	0.0	3	476 122 10 2
94	636	0.0	3	472 153 6 5
95	530	0.0	3	407 108 10 5
96	415	0.0	3	303 102 7 3
97	385	0.0	3	282 90 10 3
98	336	0.0	3	249 77 9 1
99	306	0.0	3	226 70 7 3
100	238	0.0	3	174 55 8 1
101	220	0.0	3	159 54 5 2
102	200	0.0	3	148 45 6 1
103	152	0.0	3	106 43 3
104	133	0.0	3	92 34 5 2
105	125	0.0	3	83 35 7
106	98	0.0	3	72 21 4 1
107	74	0.0	3	45 21 8
108	70	0.0	3	44 14 11 1
109	78	0.0	3	55 11 10 2
110	48	0.0	3	28 8 12
111	65	0.0	3	37 13 15
112	40	0.0	3	19 9 10 2
113	38	0.0	3	23 7 6 2
114	38	0.0	3	16 8 14
115	33	0.0	3	14 2 16 1
116	41	0.0	3	11 3 24 3
117	21	0.0	3	9 2 10
118	30	0.0	3	10 1 19
119	41	0.0	3	11 5 25
120	28	0.0	3	10 2 16
121	25	0.0	3	2 2 20 1
122	34	0.0	3	9 1 24
123	43	0.0	3	6 2 35
124	36	0.0	3	7 4 23 2
125	37	0.0	3	5 0 30 2
126	34	0.0	3	7 1 25 1
127	37	0.0	3	7 1 29
128	53	0.0	3	7 2 43 1
129	37	0.0	3	4 1 32
130	34	0.0	3	3 2 28 1
131	52	0.0	3	3 4 43 2
132	65	0.0	3	2 2 59 2
133	71	0.0	3	1 1 66 3
134	59	0.0	3	5 1 51 2
135	74	0.0	3	6 4 62 2
136	85	0.0	3	3 1 78 3
137	93	0.0	3	4 5 80 4
138	111	0.0	3	8 4 95 4
139	98	0.0	3	3 1 92 2
140	128	0.0	3	3 3 116 6
141	134	0.0	3	3 1 128 2
142	142	0.0	3	1 2 134 5
143	206	0.0	3	5 3 193 5
144	250	0.0	3	3 6 236 5
145	247	0.0	3	5 7 228 7
146	280	0.0	3	3 7 259 11
147	385	0.0	3	2 4 364 15
148	637	0.0	3	1 11 606 19
149	1655	0.0	3	1 19 1573 62
150	3629	0.0	3	2 35 3456 136


=== Second read: Adapter 2 ===

Sequence: AGATCGGAAGAGCGTCGTGTAGGGAAAGAGTGTA; Type: regular 3'; Length: 34; Trimmed: 7846915 times

No. of allowed errors:
0-9 bp: 0; 10-19 bp: 1; 20-29 bp: 2; 30-34 bp: 3

Bases preceding removed adapters:
  A: 12.9%
  C: 39.6%
  G: 34.9%
  T: 12.5%
  none/other: 0.0%

Overview of removed sequences
length	count	expect	max.err	error counts
3	434266	270772.4	0	434266
4	168590	67693.1	0	168590
5	312725	16923.3	0	312725
8	100534	264.4	0	100534
9	200420	66.1	0	200420
10	769	16.5	1	0 769
11	247349	4.1	1	201076 46273
12	678	1.0	1	0 678
13	267281	0.3	1	215250 52031
14	453	0.1	1	0 453
15	127342	0.0	1	103170 24172
16	267500	0.0	1	215587 51913
17	509	0.0	1	0 509
18	247877	0.0	1	202369 45140 368
19	902	0.0	1	0 617 285
20	133742	0.0	2	104947 25775 3020
21	535365	0.0	2	421280 103804 10281
22	2236	0.0	2	0 1491 745
23	661	0.0	2	0 274 387
24	847	0.0	2	0 578 269
25	137288	0.0	2	107258 26998 3032
26	140111	0.0	2	106922 29242 3947
27	272682	0.0	2	210090 55793 6799
28	2327	0.0	2	0 1530 667 130
29	272993	0.0	2	208405 56993 7503 92
30	2746	0.0	3	0 1832 665 249
31	269690	0.0	3	205107 54242 6919 3422
32	2658	0.0	3	0 1820 594 244
33	270802	0.0	3	206173 55141 6807 2681
34	2282	0.0	3	27 910 906 439
35	134737	0.0	3	22 102155 28755 3805
36	137159	0.0	3	20 102921 28684 5534
37	264299	0.0	3	72 263 53417 210547
38	2077	0.0	3	12 65 1130 870
39	128380	0.0	3	29 293 26014 102044
40	128473	0.0	3	25 298 26630 101520
41	253961	0.0	3	81 528 51236 202116
42	2854	0.0	3	1 38 1732 1083
43	295865	0.0	3	61 561 54806 240437
44	2119	0.0	3	1 79 1178 861
45	120354	0.0	3	21 324 24815 95194
46	234141	0.0	3	49 504 46177 187411
47	4787	0.0	3	0 57 1458 3272
48	107507	0.0	3	19 211 22519 84758
49	142733	0.0	3	22 224 25247 117240
50	98238	0.0	3	20 235 20983 77000
51	147083	0.0	3	19 213 24872 121979
52	317805	0.0	3	55 570 59266 257914
53	2304	0.0	3	2 73 1032 1197
54	1516	0.0	3	2 17 725 772
55	181298	0.0	3	25 285 41806 139182
56	1245	0.0	3	1 33 564 647
57	564	0.0	3	0 10 253 301
58	61609	0.0	3	12 101 13720 47776
59	94829	0.0	3	27 158 21729 72915
60	789	0.0	3	5 16 381 387
61	45516	0.0	3	7 90 10594 34825
62	87238	0.0	3	37 158 19278 67765
63	621	0.0	3	1 8 346 266
64	32292	0.0	3	10 71 7480 24731
65	34069	0.0	3	28 52 7755 26234
66	35695	0.0	3	8 100 7767 27820
67	30538	0.0	3	8 51 6906 23573
68	31954	0.0	3	4 77 6898 24975
69	26924	0.0	3	6 44 5874 21000
70	25888	0.0	3	9 55 5372 20452
71	22111	0.0	3	2 22 4793 17294
72	20563	0.0	3	14 44 4325 16180
73	19371	0.0	3	1 38 3865 15467
74	19087	0.0	3	1 33 3698 15355
75	22397	0.0	3	2 28 3727 18640
76	20660	0.0	3	4 36 3568 17052
77	11902	0.0	3	3 21 2516 9362
78	8850	0.0	3	5 18 2061 6766
79	7564	0.0	3	2 15 1809 5738
80	7216	0.0	3	0 10 1792 5414
81	5501	0.0	3	0 10 1308 4183
82	4654	0.0	3	0 2 1115 3537
83	3989	0.0	3	1 4 935 3049
84	3604	0.0	3	2 6 859 2737
85	3363	0.0	3	0 9 789 2565
86	2677	0.0	3	0 4 703 1970
87	2186	0.0	3	0 3 562 1621
88	1887	0.0	3	0 0 475 1412
89	1527	0.0	3	1 0 385 1141
90	1274	0.0	3	0 2 368 904
91	989	0.0	3	0 2 273 714
92	867	0.0	3	0 0 230 637
93	773	0.0	3	0 2 202 569
94	633	0.0	3	0 0 170 463
95	561	0.0	3	0 1 165 395
96	477	0.0	3	1 0 121 355
97	336	0.0	3	0 0 81 255
98	308	0.0	3	0 0 73 235
99	272	0.0	3	0 0 67 205
100	265	0.0	3	0 1 74 190
101	219	0.0	3	0 0 53 166
102	165	0.0	3	0 0 35 130
103	170	0.0	3	0 0 53 117
104	155	0.0	3	0 0 39 116
105	111	0.0	3	0 0 31 80
106	93	0.0	3	0 0 23 70
107	105	0.0	3	0 0 27 78
108	72	0.0	3	1 0 25 46
109	69	0.0	3	0 0 17 52
110	51	0.0	3	0 0 16 35
111	60	0.0	3	0 0 17 43
112	37	0.0	3	0 0 6 31
113	32	0.0	3	0 0 12 20
114	26	0.0	3	0 0 6 20
115	25	0.0	3	0 0 5 20
116	19	0.0	3	0 0 5 14
117	24	0.0	3	1 0 5 18
118	14	0.0	3	0 0 3 11
119	22	0.0	3	0 0 4 18
120	18	0.0	3	0 0 8 10
121	9	0.0	3	0 0 3 6
122	17	0.0	3	0 0 3 14
123	15	0.0	3	0 0 2 13
124	19	0.0	3	0 0 1 18
125	17	0.0	3	0 0 3 14
126	20	0.0	3	0 0 2 18
127	25	0.0	3	0 0 3 22
128	24	0.0	3	0 0 3 21
129	26	0.0	3	0 0 4 22
130	39	0.0	3	0 0 0 39
131	53	0.0	3	0 0 0 53
132	47	0.0	3	0 0 2 45
133	46	0.0	3	0 0 0 46
134	85	0.0	3	0 0 3 82
135	80	0.0	3	0 0 1 79
136	82	0.0	3	0 0 0 82
137	95	0.0	3	0 0 5 90
138	97	0.0	3	0 0 2 95
139	113	0.0	3	0 0 1 112
140	121	0.0	3	0 0 6 115
141	149	0.0	3	0 0 3 146
142	133	0.0	3	0 0 3 130
143	177	0.0	3	0 0 1 176
144	198	0.0	3	0 0 1 197
145	233	0.0	3	0 0 10 223
146	262	0.0	3	0 0 4 258
147	375	0.0	3	0 0 7 368
148	523	0.0	3	0 0 11 512
149	1345	0.0	3	0 0 22 1323
150	4053	0.0	3	0 0 50 4003
