This is cutadapt 2.9 with Python 3.5.2
Command line parameters: --nextseq-trim 10 --minimum-length 25 --cores 4 -a AGATCGGAAGAGCACACGTCTGAACTCCAGTCAC -A AGATCGGAAGAGCGTCGTGTAGGGAAAGAGTGTA -o Mcapitata_ATAC_TP6_1611_R1_TrimmingRound1.fastq.gz -p Mcapitata_ATAC_TP6_1611_R2_TrimmingRound1.fastq.gz Mcapitata_ATAC_TP6_1611_R1.fastq.gz Mcapitata_ATAC_TP6_1611_R2.fastq.gz
Processing reads on 4 cores in paired-end mode ...
Finished in 904.88 s (39 us/read; 1.54 M reads/minute).

=== Summary ===

Total read pairs processed:         23,277,666
  Read 1 with adapter:               8,584,780 (36.9%)
  Read 2 with adapter:               8,759,564 (37.6%)
Pairs written (passing filters):    23,171,852 (99.5%)

Total basepairs processed: 6,983,299,800 bp
  Read 1: 3,491,649,900 bp
  Read 2: 3,491,649,900 bp
Quality-trimmed:              14,226,107 bp (0.2%)
  Read 1:     6,100,405 bp
  Read 2:     8,125,702 bp
Total written (filtered):  6,278,612,132 bp (89.9%)
  Read 1: 3,139,696,277 bp
  Read 2: 3,138,915,855 bp

=== First read: Adapter 1 ===

Sequence: AGATCGGAAGAGCACACGTCTGAACTCCAGTCAC; Type: regular 3'; Length: 34; Trimmed: 8584780 times

No. of allowed errors:
0-9 bp: 0; 10-19 bp: 1; 20-29 bp: 2; 30-34 bp: 3

Bases preceding removed adapters:
  A: 18.2%
  C: 28.4%
  G: 36.5%
  T: 16.6%
  none/other: 0.3%

Overview of removed sequences
length	count	expect	max.err	error counts
3	424812	363713.5	0	424812
4	172920	90928.4	0	172920
5	318383	22732.1	0	318383
8	101488	355.2	0	101488
9	202683	88.8	0	202683
10	627	22.2	1	0 627
11	208931	5.5	1	205210 3721
12	495	1.4	1	0 495
13	105870	0.3	1	103356 2514
14	106666	0.1	1	104088 2578
15	106767	0.0	1	104002 2765
16	107245	0.0	1	103992 3253
17	211976	0.0	1	206589 5387
18	732	0.0	1	0 643 89
19	107692	0.0	1	104440 3090 162
20	109133	0.0	2	105007 3865 261
21	215943	0.0	2	209056 6222 665
22	911	0.0	2	0 835 76
23	110221	0.0	2	106109 3683 429
24	110286	0.0	2	105871 4040 375
25	110459	0.0	2	105892 4124 443
26	110050	0.0	2	105258 4383 409
27	109909	0.0	2	105092 4252 565
28	110522	0.0	2	104693 5344 398 87
29	219435	0.0	2	210562 7822 898 153
30	1476	0.0	3	0 1053 172 251
31	111159	0.0	3	105529 4972 545 113
32	111869	0.0	3	105792 5338 609 130
33	111686	0.0	3	105493 5615 479 99
34	112596	0.0	3	106319 5632 525 120
35	112003	0.0	3	105674 5677 530 122
36	111679	0.0	3	105528 5547 501 103
37	111717	0.0	3	105393 5698 512 114
38	111460	0.0	3	105096 5654 561 149
39	110779	0.0	3	104469 5651 550 109
40	111996	0.0	3	105010 6418 443 125
41	220291	0.0	3	209759 9510 831 191
42	1464	0.0	3	105 1183 137 39
43	111740	0.0	3	105787 5391 449 113
44	111770	0.0	3	105419 5759 469 123
45	112895	0.0	3	106730 5593 477 95
46	110939	0.0	3	104121 6307 391 120
47	218283	0.0	3	208344 9100 693 146
48	1620	0.0	3	165 1224 153 78
49	108798	0.0	3	103209 5054 453 82
50	109528	0.0	3	102934 6170 326 98
51	213004	0.0	3	203635 8627 568 174
52	1574	0.0	3	234 1155 170 15
53	108085	0.0	3	101772 5889 329 95
54	212214	0.0	3	202476 9003 599 136
55	1483	0.0	3	181 1130 135 37
56	104964	0.0	3	99526 5026 311 101
57	103549	0.0	3	97858 5229 366 96
58	101312	0.0	3	95739 5135 338 100
59	100314	0.0	3	94828 5011 413 62
60	99415	0.0	3	93370 5690 285 70
61	190902	0.0	3	182241 8072 483 106
62	1387	0.0	3	184 1056 103 44
63	94141	0.0	3	89144 4540 397 60
64	93932	0.0	3	88227 5373 255 77
65	177751	0.0	3	169561 7610 487 93
66	1250	0.0	3	148 973 104 25
67	86111	0.0	3	81626 4112 316 57
68	83118	0.0	3	78591 4150 325 52
69	80725	0.0	3	76453 3896 306 70
70	77350	0.0	3	73227 3773 287 63
71	73902	0.0	3	69882 3706 265 49
72	88961	0.0	3	84438 4115 339 69
73	67486	0.0	3	63909 3242 273 62
74	65921	0.0	3	62467 3197 212 45
75	61882	0.0	3	58657 2958 223 44
76	59378	0.0	3	56397 2765 170 46
77	55556	0.0	3	52736 2610 181 29
78	49078	0.0	3	46505 2410 131 32
79	45913	0.0	3	43566 2172 140 35
80	41697	0.0	3	39584 1964 129 20
81	37884	0.0	3	35963 1788 108 25
82	34994	0.0	3	33200 1686 78 30
83	29768	0.0	3	28287 1375 86 20
84	27225	0.0	3	25850 1286 72 17
85	24982	0.0	3	23746 1151 73 12
86	22282	0.0	3	21148 1048 68 18
87	20031	0.0	3	19024 957 36 14
88	18572	0.0	3	17653 860 52 7
89	15641	0.0	3	14923 669 38 11
90	13356	0.0	3	12724 588 30 14
91	11778	0.0	3	11206 540 26 6
92	10296	0.0	3	9783 477 22 14
93	8149	0.0	3	7702 415 28 4
94	7132	0.0	3	6792 317 21 2
95	6293	0.0	3	6002 269 18 4
96	4986	0.0	3	4749 220 12 5
97	4543	0.0	3	4322 205 14 2
98	4079	0.0	3	3867 195 15 2
99	3585	0.0	3	3419 157 8 1
100	2971	0.0	3	2817 134 15 5
101	2599	0.0	3	2470 116 13
102	2118	0.0	3	2016 92 6 4
103	1610	0.0	3	1509 93 5 3
104	1411	0.0	3	1335 67 6 3
105	1179	0.0	3	1112 58 7 2
106	1095	0.0	3	1036 54 4 1
107	969	0.0	3	916 46 2 5
108	837	0.0	3	782 51 3 1
109	776	0.0	3	731 39 5 1
110	660	0.0	3	615 37 5 3
111	661	0.0	3	610 45 5 1
112	533	0.0	3	499 29 3 2
113	547	0.0	3	500 41 4 2
114	469	0.0	3	436 29 3 1
115	417	0.0	3	377 36 4
116	411	0.0	3	374 32 1 4
117	396	0.0	3	369 23 2 2
118	400	0.0	3	359 36 1 4
119	445	0.0	3	406 37 2
120	442	0.0	3	406 34 2
121	456	0.0	3	411 38 7
122	482	0.0	3	419 59 2 2
123	554	0.0	3	490 59 5
124	545	0.0	3	496 49
125	617	0.0	3	556 59 2
126	659	0.0	3	600 57 2
127	668	0.0	3	606 56 4 2
128	732	0.0	3	661 67 3 1
129	836	0.0	3	757 73 5 1
130	902	0.0	3	827 71 4
131	983	0.0	3	886 93 4
132	1089	0.0	3	989 95 4 1
133	1191	0.0	3	1074 109 7 1
134	1338	0.0	3	1211 120 5 2
135	1534	0.0	3	1383 142 6 3
136	1613	0.0	3	1448 154 11
137	1692	0.0	3	1497 185 9 1
138	1585	0.0	3	1408 164 12 1
139	1546	0.0	3	1334 199 13
140	1934	0.0	3	1666 248 20
141	2020	0.0	3	1724 275 20 1
142	1217	0.0	3	904 298 15
143	1320	0.0	3	907 385 28
144	1566	0.0	3	903 624 37 2
145	1684	0.0	3	1068 568 47 1
146	2220	0.0	3	1224 931 61 4
147	3507	0.0	3	1157 2193 149 8
148	6604	0.0	3	370 5768 438 28
149	18781	0.0	3	301 17226 1206 48
150	46124	0.0	3	730 42339 2914 141


=== Second read: Adapter 2 ===

Sequence: AGATCGGAAGAGCGTCGTGTAGGGAAAGAGTGTA; Type: regular 3'; Length: 34; Trimmed: 8759564 times

No. of allowed errors:
0-9 bp: 0; 10-19 bp: 1; 20-29 bp: 2; 30-34 bp: 3

Bases preceding removed adapters:
  A: 17.8%
  C: 26.8%
  G: 44.8%
  T: 10.3%
  none/other: 0.3%

Overview of removed sequences
length	count	expect	max.err	error counts
3	574662	363713.5	0	574662
4	209660	90928.4	0	209660
5	322267	22732.1	0	322267
8	101329	355.2	0	101329
9	202553	88.8	0	202553
10	869	22.2	1	0 869
11	208619	5.5	1	204865 3754
12	805	1.4	1	0 805
13	212064	0.3	1	207596 4468
14	523	0.1	1	0 523
15	106212	0.0	1	103387 2825
16	212693	0.0	1	206936 5757
17	934	0.0	1	0 934
18	211732	0.0	1	205989 5524 219
19	950	0.0	1	0 690 260
20	110046	0.0	2	104533 5054 459
21	433228	0.0	2	417957 13818 1453
22	1031	0.0	2	0 893 138
23	479	0.0	2	0 134 345
24	827	0.0	2	0 667 160
25	110074	0.0	2	104912 4529 633
26	110511	0.0	2	104446 5472 593
27	217512	0.0	2	207766 8384 1362
28	1845	0.0	2	0 1611 148 86
29	219606	0.0	2	209255 9065 1257 29
30	2012	0.0	3	0 1834 105 73
31	220349	0.0	3	209586 9026 1222 515
32	1355	0.0	3	0 1031 180 144
33	111250	0.0	3	104449 5159 1324 318
34	112249	0.0	3	35 105725 5790 699
35	111567	0.0	3	39 104544 6154 830
36	111965	0.0	3	19 104470 6638 838
37	220434	0.0	3	51 208395 10415 1573
38	1342	0.0	3	5 113 1062 162
39	110327	0.0	3	51 103655 5706 915
40	112029	0.0	3	28 104715 6504 782
41	219748	0.0	3	53 208202 9946 1547
42	1930	0.0	3	0 123 1698 109
43	220484	0.0	3	83 209005 9925 1471
44	1608	0.0	3	0 275 1098 235
45	111223	0.0	3	54 104105 6290 774
46	220207	0.0	3	97 208729 9866 1515
47	1477	0.0	3	0 239 1093 145
48	108911	0.0	3	23 102593 5539 756
49	108718	0.0	3	23 102348 5503 844
50	108466	0.0	3	34 101958 5555 919
51	108828	0.0	3	26 101376 6698 728
52	318911	0.0	3	166 302903 13674 2168
53	1205	0.0	3	1 400 518 286
54	2277	0.0	3	3 129 2014 131
55	311147	0.0	3	218 296915 12423 1591
56	1096	0.0	3	0 465 499 132
57	965	0.0	3	0 95 696 174
58	101607	0.0	3	8 95826 5139 634
59	196388	0.0	3	72 187636 7606 1074
60	1389	0.0	3	1 255 966 167
61	97569	0.0	3	21 91975 4986 587
62	188323	0.0	3	130 180345 6798 1050
63	1226	0.0	3	7 223 890 106
64	92295	0.0	3	41 87939 3812 503
65	90905	0.0	3	10 86289 4055 551
66	88434	0.0	3	33 84022 3864 515
67	86232	0.0	3	10 81878 3792 552
68	83060	0.0	3	46 79022 3527 465
69	80577	0.0	3	39 76654 3437 447
70	77114	0.0	3	14 73360 3337 403
71	73549	0.0	3	10 69976 3165 398
72	70560	0.0	3	15 67210 2987 348
73	67750	0.0	3	23 64599 2762 366
74	64668	0.0	3	31 61489 2798 350
75	61516	0.0	3	21 58578 2637 280
76	69323	0.0	3	10 65949 3017 347
77	55796	0.0	3	8 53160 2379 249
78	50966	0.0	3	3 48517 2182 264
79	47442	0.0	3	11 45280 1936 215
80	44692	0.0	3	11 42650 1805 226
81	37699	0.0	3	4 36010 1495 190
82	34783	0.0	3	12 33251 1359 161
83	30462	0.0	3	18 29015 1284 145
84	27862	0.0	3	6 26620 1093 143
85	25665	0.0	3	10 24515 1023 117
86	22656	0.0	3	11 21675 853 117
87	20460	0.0	3	4 19569 802 85
88	17819	0.0	3	2 17027 704 86
89	16427	0.0	3	6 15658 676 87
90	13852	0.0	3	0 13268 524 60
91	11871	0.0	3	1 11291 508 71
92	10129	0.0	3	0 9656 420 53
93	8512	0.0	3	1 8106 360 45
94	6990	0.0	3	0 6643 296 51
95	6036	0.0	3	1 5769 230 36
96	5474	0.0	3	0 5206 242 26
97	4515	0.0	3	0 4279 207 29
98	4092	0.0	3	4 3891 172 25
99	3598	0.0	3	1 3430 137 30
100	2998	0.0	3	2 2833 139 24
101	2602	0.0	3	1 2457 119 25
102	2126	0.0	3	0 2007 105 14
103	1712	0.0	3	0 1621 77 14
104	1469	0.0	3	0 1374 71 24
105	1262	0.0	3	0 1172 69 21
106	1091	0.0	3	0 1010 66 15
107	1060	0.0	3	0 993 58 9
108	928	0.0	3	0 862 52 14
109	840	0.0	3	0 777 47 16
110	753	0.0	3	0 704 41 8
111	667	0.0	3	0 625 30 12
112	619	0.0	3	0 567 38 14
113	591	0.0	3	0 545 34 12
114	498	0.0	3	0 442 32 24
115	477	0.0	3	0 427 37 13
116	430	0.0	3	0 393 31 6
117	436	0.0	3	0 393 25 18
118	450	0.0	3	3 403 34 10
119	445	0.0	3	0 404 30 11
120	458	0.0	3	0 409 37 12
121	521	0.0	3	0 467 39 15
122	507	0.0	3	1 467 29 10
123	484	0.0	3	0 437 39 8
124	586	0.0	3	1 529 40 16
125	627	0.0	3	0 562 55 10
126	674	0.0	3	0 617 47 10
127	651	0.0	3	0 591 51 9
128	738	0.0	3	1 664 62 11
129	785	0.0	3	1 707 69 8
130	912	0.0	3	0 823 82 7
131	932	0.0	3	0 852 74 6
132	1058	0.0	3	0 970 77 11
133	1170	0.0	3	1 1088 74 7
134	1260	0.0	3	1 1141 105 13
135	1485	0.0	3	1 1368 102 14
136	1636	0.0	3	0 1511 117 8
137	1641	0.0	3	0 1482 146 13
138	1527	0.0	3	0 1413 104 10
139	1484	0.0	3	0 1340 134 10
140	1796	0.0	3	1 1608 176 11
141	2072	0.0	3	0 1855 199 18
142	1175	0.0	3	0 946 224 5
143	1285	0.0	3	1 966 300 18
144	1353	0.0	3	0 916 417 20
145	1423	0.0	3	0 1032 367 24
146	1873	0.0	3	0 1200 641 32
147	2723	0.0	3	0 1292 1379 52
148	4324	0.0	3	0 361 3828 135
149	15592	0.0	3	0 248 14773 571
150	51964	0.0	3	0 834 49197 1933
