This is cutadapt 2.9 with Python 3.5.2
Command line parameters: --nextseq-trim 10 --minimum-length 25 --cores 4 -a AGATCGGAAGAGCACACGTCTGAACTCCAGTCAC -A AGATCGGAAGAGCGTCGTGTAGGGAAAGAGTGTA -o Mcapitata_HTAC_TP11_1562_R1_TrimmingRound1.fastq.gz -p Mcapitata_HTAC_TP11_1562_R2_TrimmingRound1.fastq.gz Mcapitata_HTAC_TP11_1562_R1.fastq.gz Mcapitata_HTAC_TP11_1562_R2.fastq.gz
Processing reads on 4 cores in paired-end mode ...
Finished in 738.05 s (38 us/read; 1.57 M reads/minute).

=== Summary ===

Total read pairs processed:         19,268,269
  Read 1 with adapter:               7,555,313 (39.2%)
  Read 2 with adapter:               7,699,816 (40.0%)
Pairs written (passing filters):    19,218,042 (99.7%)

Total basepairs processed: 5,780,480,700 bp
  Read 1: 2,890,240,350 bp
  Read 2: 2,890,240,350 bp
Quality-trimmed:              11,355,227 bp (0.2%)
  Read 1:     4,790,394 bp
  Read 2:     6,564,833 bp
Total written (filtered):  5,173,388,233 bp (89.5%)
  Read 1: 2,586,907,464 bp
  Read 2: 2,586,480,769 bp

=== First read: Adapter 1 ===

Sequence: AGATCGGAAGAGCACACGTCTGAACTCCAGTCAC; Type: regular 3'; Length: 34; Trimmed: 7555313 times

No. of allowed errors:
0-9 bp: 0; 10-19 bp: 1; 20-29 bp: 2; 30-34 bp: 3

Bases preceding removed adapters:
  A: 18.3%
  C: 27.8%
  G: 36.0%
  T: 17.8%
  none/other: 0.2%

Overview of removed sequences
length	count	expect	max.err	error counts
3	359434	301066.7	0	359434
4	148804	75266.7	0	148804
5	282664	18816.7	0	282664
8	90824	294.0	0	90824
9	181629	73.5	0	181629
10	1271	18.4	1	0 1271
11	187992	4.6	1	185038 2954
12	878	1.1	1	0 878
13	95261	0.3	1	92781 2480
14	96131	0.1	1	93439 2692
15	95911	0.0	1	93031 2880
16	96516	0.0	1	92744 3772
17	188762	0.0	1	184531 4231
18	1415	0.0	1	0 1312 103
19	95827	0.0	1	92416 3183 228
20	98376	0.0	2	93528 4608 240
21	192111	0.0	2	186622 4928 561
22	1826	0.0	2	0 1678 148
23	98897	0.0	2	94540 3900 457
24	98809	0.0	2	94364 4041 404
25	98387	0.0	2	93771 4205 411
26	98087	0.0	2	93403 4281 403
27	97928	0.0	2	92952 4342 634
28	100226	0.0	2	93559 6235 349 83
29	194251	0.0	2	187292 6086 772 101
30	2467	0.0	3	0 1977 266 224
31	99870	0.0	3	94391 4825 535 119
32	99689	0.0	3	93796 5141 621 131
33	100132	0.0	3	93954 5483 571 124
34	101087	0.0	3	95021 5379 553 134
35	100493	0.0	3	94257 5537 575 124
36	100505	0.0	3	94041 5695 617 152
37	99999	0.0	3	93755 5390 726 128
38	101372	0.0	3	93684 7053 479 156
39	194968	0.0	3	186907 7188 701 172
40	2771	0.0	3	74 2386 236 75
41	99571	0.0	3	93679 5207 544 141
42	99828	0.0	3	93764 5388 513 163
43	99997	0.0	3	93792 5550 536 119
44	100642	0.0	3	94528 5417 518 179
45	101520	0.0	3	95456 5292 651 121
46	100719	0.0	3	93166 6975 406 172
47	191893	0.0	3	184465 6639 615 174
48	3083	0.0	3	489 2296 224 74
49	96926	0.0	3	91402 4841 576 107
50	98556	0.0	3	91536 6534 330 156
51	186095	0.0	3	179015 6368 546 166
52	3205	0.0	3	518 2295 353 39
53	97237	0.0	3	90481 6284 322 150
54	185689	0.0	3	178446 6550 548 145
55	2952	0.0	3	464 2195 217 76
56	92904	0.0	3	87711 4724 367 102
57	91907	0.0	3	86353 5052 392 110
58	89469	0.0	3	84049 4945 357 118
59	88473	0.0	3	83082 4761 528 102
60	88017	0.0	3	81494 6128 297 98
61	165436	0.0	3	158801 6062 467 106
62	2757	0.0	3	486 1975 221 75
63	82993	0.0	3	78157 4298 453 85
64	83734	0.0	3	77586 5766 264 118
65	154411	0.0	3	148240 5653 431 87
66	2443	0.0	3	398 1820 176 49
67	75520	0.0	3	71308 3792 343 77
68	72090	0.0	3	67868 3831 320 71
69	69774	0.0	3	65771 3609 310 84
70	66710	0.0	3	62769 3546 320 75
71	64381	0.0	3	60341 3650 309 81
72	75794	0.0	3	71809 3571 329 85
73	58116	0.0	3	54706 3086 269 55
74	57159	0.0	3	53987 2867 249 56
75	53532	0.0	3	50550 2704 217 61
76	51071	0.0	3	48256 2590 179 46
77	48094	0.0	3	45441 2412 185 56
78	42982	0.0	3	40488 2294 158 42
79	39307	0.0	3	37041 2078 144 44
80	36467	0.0	3	34517 1788 128 34
81	31461	0.0	3	29714 1614 104 29
82	28915	0.0	3	27294 1489 100 32
83	26714	0.0	3	25294 1315 81 24
84	23667	0.0	3	22386 1188 78 15
85	21436	0.0	3	20280 1056 84 16
86	18888	0.0	3	17867 927 69 25
87	17783	0.0	3	16796 894 63 30
88	15502	0.0	3	14657 778 49 18
89	13041	0.0	3	12295 693 35 18
90	11942	0.0	3	11330 567 35 10
91	10203	0.0	3	9656 510 28 9
92	8594	0.0	3	8152 396 37 9
93	6861	0.0	3	6509 318 27 7
94	5938	0.0	3	5594 305 30 9
95	5164	0.0	3	4934 208 17 5
96	4086	0.0	3	3866 198 17 5
97	3760	0.0	3	3570 169 14 7
98	3397	0.0	3	3198 180 14 5
99	3026	0.0	3	2898 119 6 3
100	2488	0.0	3	2336 137 10 5
101	2129	0.0	3	1998 117 8 6
102	1760	0.0	3	1669 85 4 2
103	1297	0.0	3	1223 62 9 3
104	1189	0.0	3	1112 67 9 1
105	908	0.0	3	849 52 7
106	852	0.0	3	813 32 7
107	704	0.0	3	660 34 6 4
108	676	0.0	3	631 39 5 1
109	620	0.0	3	585 31 2 2
110	512	0.0	3	480 24 4 4
111	448	0.0	3	425 21 2
112	445	0.0	3	420 19 2 4
113	394	0.0	3	374 18 2
114	351	0.0	3	323 26 1 1
115	365	0.0	3	346 13 5 1
116	311	0.0	3	286 20 5
117	335	0.0	3	318 16 1
118	348	0.0	3	331 13 4
119	358	0.0	3	335 19 4
120	348	0.0	3	318 27 2 1
121	350	0.0	3	332 17 1
122	381	0.0	3	366 12 1 2
123	413	0.0	3	384 25 3 1
124	453	0.0	3	429 19 4 1
125	478	0.0	3	455 22 1
126	534	0.0	3	492 37 5
127	583	0.0	3	540 35 7 1
128	644	0.0	3	604 35 4 1
129	664	0.0	3	619 40 3 2
130	698	0.0	3	653 41 4
131	792	0.0	3	745 45 1 1
132	859	0.0	3	808 43 7 1
133	989	0.0	3	928 58 2 1
134	1034	0.0	3	969 57 8
135	1269	0.0	3	1182 82 4 1
136	1299	0.0	3	1202 89 7 1
137	1276	0.0	3	1202 71 3
138	1258	0.0	3	1166 86 5 1
139	1240	0.0	3	1148 90 2
140	1466	0.0	3	1333 121 10 2
141	1586	0.0	3	1473 108 5
142	933	0.0	3	831 97 4 1
143	989	0.0	3	828 154 5 2
144	1073	0.0	3	853 209 11
145	1186	0.0	3	949 226 8 3
146	1480	0.0	3	1097 365 14 4
147	1832	0.0	3	1022 757 53
148	2461	0.0	3	297 2048 109 7
149	6675	0.0	3	182 6135 342 16
150	16178	0.0	3	483 14801 846 48


=== Second read: Adapter 2 ===

Sequence: AGATCGGAAGAGCGTCGTGTAGGGAAAGAGTGTA; Type: regular 3'; Length: 34; Trimmed: 7699816 times

No. of allowed errors:
0-9 bp: 0; 10-19 bp: 1; 20-29 bp: 2; 30-34 bp: 3

Bases preceding removed adapters:
  A: 17.9%
  C: 26.7%
  G: 44.9%
  T: 10.4%
  none/other: 0.1%

Overview of removed sequences
length	count	expect	max.err	error counts
3	486099	301066.7	0	486099
4	178537	75266.7	0	178537
5	285348	18816.7	0	285348
8	90737	294.0	0	90737
9	182051	73.5	0	182051
10	683	18.4	1	0 683
11	188712	4.6	1	185632 3080
12	604	1.1	1	0 604
13	191212	0.3	1	187592 3620
14	452	0.1	1	0 452
15	95579	0.0	1	93257 2322
16	190602	0.0	1	185840 4762
17	789	0.0	1	0 789
18	189405	0.0	1	184704 4513 188
19	751	0.0	1	0 533 218
20	98147	0.0	2	93571 4179 397
21	388764	0.0	2	375412 11912 1440
22	789	0.0	2	0 683 106
23	377	0.0	2	0 123 254
24	733	0.0	2	0 608 125
25	97952	0.0	2	93527 3869 556
26	98424	0.0	2	93408 4534 482
27	194737	0.0	2	186552 6987 1198
28	1638	0.0	2	0 1487 99 52
29	196787	0.0	2	187920 7669 1167 31
30	1720	0.0	3	0 1571 96 53
31	196659	0.0	3	187298 7588 1120 653
32	1158	0.0	3	0 908 138 112
33	99753	0.0	3	93663 4541 1261 288
34	100649	0.0	3	16 94751 5082 800
35	100665	0.0	3	19 94004 5992 650
36	197871	0.0	3	16 187304 9249 1302
37	1194	0.0	3	1 37 1037 119
38	99208	0.0	3	6 93548 4975 679
39	98733	0.0	3	14 92782 5220 717
40	100388	0.0	3	14 93964 5738 672
41	197532	0.0	3	24 187362 8906 1240
42	1728	0.0	3	1 70 1552 105
43	198013	0.0	3	39 188132 8696 1146
44	1287	0.0	3	0 111 968 208
45	100092	0.0	3	19 93944 5547 582
46	196640	0.0	3	50 187103 8441 1046
47	1258	0.0	3	0 127 1005 126
48	97372	0.0	3	13 91955 4761 643
49	96933	0.0	3	10 91479 4864 580
50	96473	0.0	3	9 91005 4763 696
51	96329	0.0	3	12 89909 5896 512
52	283023	0.0	3	84 269598 11893 1448
53	1014	0.0	3	0 251 540 223
54	1905	0.0	3	1 80 1741 83
55	276488	0.0	3	80 264678 10502 1228
56	855	0.0	3	0 233 514 108
57	789	0.0	3	0 91 558 140
58	89688	0.0	3	8 84932 4329 419
59	172678	0.0	3	51 165592 6302 733
60	1102	0.0	3	0 129 820 153
61	86179	0.0	3	13 81614 4174 378
62	165375	0.0	3	52 158750 5888 685
63	1014	0.0	3	2 140 778 94
64	81465	0.0	3	31 77709 3327 398
65	80279	0.0	3	4 76459 3468 348
66	77727	0.0	3	17 74195 3176 339
67	75767	0.0	3	5 72233 3204 325
68	72020	0.0	3	19 68611 3073 317
69	69569	0.0	3	14 66340 2934 281
70	66591	0.0	3	3 63561 2758 269
71	63880	0.0	3	4 61012 2628 236
72	61168	0.0	3	7 58444 2463 254
73	58426	0.0	3	7 56068 2142 209
74	55776	0.0	3	20 53339 2188 229
75	53194	0.0	3	10 50887 2081 216
76	59298	0.0	3	5 56673 2378 242
77	47725	0.0	3	2 45762 1807 154
78	44572	0.0	3	4 42716 1704 148
79	40457	0.0	3	5 38753 1565 134
80	37934	0.0	3	5 36331 1467 131
81	32772	0.0	3	1 31416 1249 106
82	29714	0.0	3	2 28517 1089 106
83	26566	0.0	3	5 25452 1001 108
84	24010	0.0	3	7 23007 918 78
85	21898	0.0	3	5 21044 777 72
86	18950	0.0	3	4 18186 690 70
87	17373	0.0	3	3 16650 645 75
88	15579	0.0	3	2 14941 566 70
89	13996	0.0	3	4 13415 513 64
90	12202	0.0	3	0 11725 428 49
91	10328	0.0	3	0 9889 403 36
92	8368	0.0	3	1 8011 316 40
93	7177	0.0	3	0 6884 261 32
94	5791	0.0	3	1 5555 208 27
95	5033	0.0	3	3 4817 197 16
96	4231	0.0	3	0 4047 166 18
97	3817	0.0	3	2 3663 136 16
98	3419	0.0	3	0 3285 118 16
99	2943	0.0	3	0 2803 117 23
100	2496	0.0	3	0 2369 113 14
101	2214	0.0	3	1 2112 84 17
102	1707	0.0	3	0 1626 65 16
103	1403	0.0	3	2 1335 56 10
104	1233	0.0	3	0 1151 66 16
105	971	0.0	3	0 906 51 14
106	853	0.0	3	0 795 45 13
107	791	0.0	3	1 742 41 7
108	655	0.0	3	0 618 31 6
109	643	0.0	3	0 604 32 7
110	568	0.0	3	0 529 32 7
111	526	0.0	3	0 485 29 12
112	424	0.0	3	0 390 25 9
113	441	0.0	3	0 411 24 6
114	394	0.0	3	0 360 23 11
115	370	0.0	3	0 349 14 7
116	348	0.0	3	0 320 17 11
117	381	0.0	3	0 346 25 10
118	374	0.0	3	1 343 29 1
119	367	0.0	3	0 330 33 4
120	351	0.0	3	0 330 17 4
121	376	0.0	3	0 343 23 10
122	384	0.0	3	0 356 21 7
123	399	0.0	3	0 369 24 6
124	473	0.0	3	0 446 25 2
125	475	0.0	3	0 451 21 3
126	506	0.0	3	0 479 22 5
127	580	0.0	3	0 544 34 2
128	638	0.0	3	0 596 37 5
129	646	0.0	3	1 609 32 4
130	730	0.0	3	0 672 54 4
131	755	0.0	3	1 709 36 9
132	826	0.0	3	0 787 36 3
133	979	0.0	3	0 919 55 5
134	1039	0.0	3	1 991 44 3
135	1238	0.0	3	0 1174 57 7
136	1319	0.0	3	0 1241 73 5
137	1274	0.0	3	1 1214 53 6
138	1270	0.0	3	0 1200 61 9
139	1206	0.0	3	0 1144 60 2
140	1492	0.0	3	0 1426 62 4
141	1693	0.0	3	0 1580 110 3
142	919	0.0	3	0 823 87 9
143	947	0.0	3	0 835 107 5
144	972	0.0	3	0 843 123 6
145	1126	0.0	3	0 973 147 6
146	1387	0.0	3	0 1117 261 9
147	1642	0.0	3	0 1147 476 19
148	1632	0.0	3	0 301 1285 46
149	5483	0.0	3	0 170 5131 182
150	18211	0.0	3	0 577 17019 615
