This is cutadapt 2.9 with Python 3.5.2
Command line parameters: --nextseq-trim 10 --minimum-length 25 --cores 4 -a AGATCGGAAGAGCACACGTCTGAACTCCAGTCAC -A AGATCGGAAGAGCGTCGTGTAGGGAAAGAGTGTA -o Mcapitata_HTHC_TP9_1078_R1_TrimmingRound1.fastq.gz -p Mcapitata_HTHC_TP9_1078_R2_TrimmingRound1.fastq.gz Mcapitata_HTHC_TP9_1078_R1.fastq.gz Mcapitata_HTHC_TP9_1078_R2.fastq.gz
Processing reads on 4 cores in paired-end mode ...
Finished in 811.59 s (34 us/read; 1.78 M reads/minute).

=== Summary ===

Total read pairs processed:         24,084,854
  Read 1 with adapter:               9,590,771 (39.8%)
  Read 2 with adapter:               9,757,168 (40.5%)
Pairs written (passing filters):    23,908,593 (99.3%)

Total basepairs processed: 7,225,456,200 bp
  Read 1: 3,612,728,100 bp
  Read 2: 3,612,728,100 bp
Quality-trimmed:              15,189,339 bp (0.2%)
  Read 1:     6,460,853 bp
  Read 2:     8,728,486 bp
Total written (filtered):  6,398,416,741 bp (88.6%)
  Read 1: 3,199,596,170 bp
  Read 2: 3,198,820,571 bp

=== First read: Adapter 1 ===

Sequence: AGATCGGAAGAGCACACGTCTGAACTCCAGTCAC; Type: regular 3'; Length: 34; Trimmed: 9590771 times

No. of allowed errors:
0-9 bp: 0; 10-19 bp: 1; 20-29 bp: 2; 30-34 bp: 3

Bases preceding removed adapters:
  A: 17.7%
  C: 27.5%
  G: 37.8%
  T: 16.8%
  none/other: 0.3%

Overview of removed sequences
length	count	expect	max.err	error counts
3	433226	376325.8	0	433226
4	174951	94081.5	0	174951
5	330423	23520.4	0	330423
8	105416	367.5	0	105416
9	211367	91.9	0	211367
10	803	23.0	1	0 803
11	217286	5.7	1	212635 4651
12	617	1.4	1	0 617
13	109854	0.4	1	106799 3055
14	110723	0.1	1	107517 3206
15	111926	0.0	1	108470 3456
16	112337	0.0	1	108440 3897
17	222015	0.0	1	215621 6394
18	951	0.0	1	0 871 80
19	112891	0.0	1	108862 3892 137
20	115148	0.0	2	109998 4848 302
21	229924	0.0	2	221553 7659 712
22	1341	0.0	2	0 1235 106
23	116388	0.0	2	111211 4689 488
24	117197	0.0	2	111548 5182 467
25	117972	0.0	2	112272 5202 498
26	117834	0.0	2	111932 5440 462
27	116940	0.0	2	110852 5483 605
28	119550	0.0	2	112042 6905 514 89
29	234666	0.0	2	224010 9451 968 237
30	2357	0.0	3	0 1651 217 489
31	119403	0.0	3	112234 6361 667 141
32	120355	0.0	3	112592 6835 736 192
33	120868	0.0	3	112682 7429 616 141
34	121911	0.0	3	113521 7571 667 152
35	122481	0.0	3	114177 7502 654 148
36	121890	0.0	3	113453 7319 936 182
37	124390	0.0	3	114752 8709 751 178
38	239844	0.0	3	226567 11508 1476 293
39	3917	0.0	3	141 3547 186 43
40	240862	0.0	3	228248 11199 1198 217
41	2512	0.0	3	97 2161 210 44
42	122670	0.0	3	114941 6825 739 165
43	124132	0.0	3	115738 7505 736 153
44	123181	0.0	3	114895 7338 754 194
45	125723	0.0	3	117335 7481 758 149
46	123555	0.0	3	114170 8532 710 143
47	242574	0.0	3	229889 11281 1158 246
48	3014	0.0	3	556 2214 186 58
49	121962	0.0	3	114303 6744 793 122
50	123039	0.0	3	113816 8496 601 126
51	239471	0.0	3	227391 10870 963 247
52	3072	0.0	3	608 2136 299 29
53	122303	0.0	3	113608 7960 605 130
54	240480	0.0	3	227963 11276 1034 207
55	3117	0.0	3	655 2249 172 41
56	118488	0.0	3	111036 6767 559 126
57	118600	0.0	3	110736 7124 622 118
58	116675	0.0	3	109080 6896 564 135
59	115426	0.0	3	107825 6887 608 106
60	114663	0.0	3	106038 7956 541 128
61	220805	0.0	3	209422 10283 925 175
62	2880	0.0	3	609 2030 180 61
63	110312	0.0	3	103267 6326 634 85
64	111656	0.0	3	103202 7828 534 92
65	210294	0.0	3	199318 9866 954 156
66	2552	0.0	3	553 1797 169 33
67	101471	0.0	3	95190 5580 598 103
68	99499	0.0	3	93054 5681 658 106
69	95525	0.0	3	89518 5448 458 101
70	92942	0.0	3	87037 5327 496 82
71	90419	0.0	3	84435 5374 519 91
72	105554	0.0	3	99156 5747 560 91
73	85114	0.0	3	79906 4736 414 58
74	81406	0.0	3	76401 4543 396 66
75	77819	0.0	3	72982 4313 417 107
76	73300	0.0	3	68749 4150 336 65
77	69895	0.0	3	65545 3913 355 82
78	63221	0.0	3	59346 3542 288 45
79	59531	0.0	3	55939 3320 234 38
80	51777	0.0	3	48497 2993 240 47
81	48914	0.0	3	45978 2705 193 38
82	43099	0.0	3	40441 2428 204 26
83	39532	0.0	3	37089 2211 194 38
84	35703	0.0	3	33574 1943 156 30
85	32797	0.0	3	30780 1841 140 36
86	29765	0.0	3	27971 1623 142 29
87	26431	0.0	3	24723 1574 113 21
88	24178	0.0	3	22734 1305 118 21
89	19770	0.0	3	18500 1147 97 26
90	18081	0.0	3	16978 1019 73 11
91	15883	0.0	3	14968 838 66 11
92	13439	0.0	3	12602 769 61 7
93	10907	0.0	3	10289 547 60 11
94	9388	0.0	3	8840 493 47 8
95	8281	0.0	3	7792 445 41 3
96	6763	0.0	3	6353 367 37 6
97	6158	0.0	3	5815 307 27 9
98	5395	0.0	3	5110 261 20 4
99	4784	0.0	3	4486 276 21 1
100	4100	0.0	3	3873 202 19 6
101	3440	0.0	3	3233 187 18 2
102	2828	0.0	3	2633 175 15 5
103	2093	0.0	3	1950 124 16 3
104	1797	0.0	3	1680 104 13
105	1523	0.0	3	1426 90 5 2
106	1402	0.0	3	1311 77 12 2
107	1142	0.0	3	1058 75 6 3
108	1085	0.0	3	1001 74 8 2
109	963	0.0	3	892 64 7
110	802	0.0	3	744 52 2 4
111	723	0.0	3	665 49 9
112	602	0.0	3	554 43 3 2
113	578	0.0	3	530 43 4 1
114	488	0.0	3	435 49 3 1
115	508	0.0	3	458 43 7
116	481	0.0	3	420 49 10 2
117	441	0.0	3	402 31 6 2
118	426	0.0	3	369 48 8 1
119	431	0.0	3	386 35 5 5
120	428	0.0	3	372 51 5
121	452	0.0	3	394 49 5 4
122	395	0.0	3	335 54 4 2
123	393	0.0	3	336 53 3 1
124	421	0.0	3	354 61 4 2
125	500	0.0	3	434 59 6 1
126	496	0.0	3	418 66 9 3
127	530	0.0	3	442 78 9 1
128	552	0.0	3	462 80 9 1
129	561	0.0	3	465 91 4 1
130	605	0.0	3	514 86 5
131	669	0.0	3	539 125 5
132	741	0.0	3	612 120 9
133	749	0.0	3	609 127 11 2
134	854	0.0	3	687 161 6
135	1003	0.0	3	800 188 13 2
136	1029	0.0	3	827 190 11 1
137	1030	0.0	3	811 204 13 2
138	1114	0.0	3	848 245 20 1
139	1145	0.0	3	819 294 28 4
140	1315	0.0	3	955 336 23 1
141	1507	0.0	3	1084 388 35
142	1110	0.0	3	590 485 32 3
143	1317	0.0	3	612 648 55 2
144	1690	0.0	3	613 998 73 6
145	1767	0.0	3	676 1002 84 5
146	2819	0.0	3	913 1771 122 13
147	5506	0.0	3	894 4258 335 19
148	12452	0.0	3	343 11099 943 67
149	37001	0.0	3	389 33751 2673 188
150	94846	0.0	3	1011 86251 7080 504


=== Second read: Adapter 2 ===

Sequence: AGATCGGAAGAGCGTCGTGTAGGGAAAGAGTGTA; Type: regular 3'; Length: 34; Trimmed: 9757168 times

No. of allowed errors:
0-9 bp: 0; 10-19 bp: 1; 20-29 bp: 2; 30-34 bp: 3

Bases preceding removed adapters:
  A: 16.9%
  C: 26.1%
  G: 46.1%
  T: 10.3%
  none/other: 0.6%

Overview of removed sequences
length	count	expect	max.err	error counts
3	582212	376325.8	0	582212
4	211019	94081.5	0	211019
5	333372	23520.4	0	333372
8	105491	367.5	0	105491
9	208124	91.9	0	208124
10	4781	23.0	1	0 4781
11	212171	5.7	1	208705 3466
12	5930	1.4	1	0 5930
13	213989	0.4	1	209769 4220
14	4142	0.1	1	0 4142
15	113669	0.0	1	105483 8186
16	216129	0.0	1	209940 6189
17	8490	0.0	1	0 8490
18	212488	0.0	1	206913 5073 502
19	7138	0.0	1	0 5608 1530
20	126425	0.0	2	105466 19964 995
21	440534	0.0	2	423896 14593 2045
22	4105	0.0	2	0 3896 209
23	762	0.0	2	0 151 611
24	5426	0.0	2	0 4819 607
25	116785	0.0	2	106568 8654 1563
26	121984	0.0	2	106901 14120 963
27	223310	0.0	2	212346 8685 2279
28	12488	0.0	2	0 11858 493 137
29	225239	0.0	2	214435 8490 2249 65
30	12946	0.0	3	0 12283 517 146
31	225299	0.0	3	213909 8654 1845 891
32	9305	0.0	3	0 7511 1638 156
33	129258	0.0	3	107681 19809 1385 383
34	344894	0.0	3	325430 16485 2223 756
35	4810	0.0	3	160 3805 706 139
36	5936	0.0	3	59 5024 708 145
37	121539	0.0	3	109260 10511 1411 357
38	120894	0.0	3	107887 11170 1439 398
39	122053	0.0	3	108398 11370 1961 324
40	126812	0.0	3	109024 16133 1247 408
41	232739	0.0	3	218438 11499 2322 480
42	13716	0.0	3	96 12855 598 167
43	232564	0.0	3	220031 10245 1757 531
44	9292	0.0	3	249 7723 1232 88
45	126911	0.0	3	110189 15225 1148 349
46	234461	0.0	3	221077 11025 1845 514
47	9011	0.0	3	247 7793 838 133
48	121178	0.0	3	109625 9925 1324 304
49	122395	0.0	3	109414 11225 1395 361
50	122286	0.0	3	108775 10843 2334 334
51	131157	0.0	3	108947 20641 1228 341
52	345424	0.0	3	326724 15860 2071 769
53	5889	0.0	3	422 3891 1484 92
54	15796	0.0	3	64 15014 626 92
55	337149	0.0	3	321831 13054 1722 542
56	4838	0.0	3	479 3658 567 134
57	6239	0.0	3	107 4982 1089 61
58	119820	0.0	3	105269 13392 898 261
59	216391	0.0	3	205723 8884 1377 407
60	8431	0.0	3	270 6975 1118 68
61	115997	0.0	3	101997 12908 861 231
62	211265	0.0	3	200852 8564 1467 382
63	7722	0.0	3	264 6753 619 86
64	108246	0.0	3	99110 7882 1031 223
65	108286	0.0	3	98183 8890 1022 191
66	105264	0.0	3	95299 8726 1024 215
67	101974	0.0	3	92148 8656 992 178
68	99441	0.0	3	89896 8391 952 202
69	95356	0.0	3	86477 7812 873 194
70	92798	0.0	3	84086 7727 852 133
71	89913	0.0	3	81567 7402 782 162
72	85783	0.0	3	77922 6938 756 167
73	83160	0.0	3	75614 6727 692 127
74	79243	0.0	3	71931 6446 712 154
75	76335	0.0	3	68700 6830 672 133
76	86313	0.0	3	78791 6724 651 147
77	69785	0.0	3	63416 5724 545 100
78	64361	0.0	3	58492 5232 529 108
79	59778	0.0	3	54335 4866 465 112
80	56998	0.0	3	52085 4437 391 85
81	48388	0.0	3	44048 3896 368 76
82	45130	0.0	3	41202 3487 359 82
83	39824	0.0	3	36111 3309 337 67
84	36367	0.0	3	33163 2865 277 62
85	33673	0.0	3	30838 2517 262 56
86	29650	0.0	3	26979 2366 250 55
87	26859	0.0	3	24485 2093 233 48
88	23335	0.0	3	21263 1818 196 58
89	21632	0.0	3	19678 1713 194 47
90	18686	0.0	3	17006 1476 164 40
91	15808	0.0	3	14375 1263 140 30
92	13537	0.0	3	12370 1030 113 24
93	11410	0.0	3	10386 882 121 21
94	9272	0.0	3	8352 807 86 27
95	8129	0.0	3	7356 675 73 25
96	7076	0.0	3	6405 569 80 22
97	6129	0.0	3	5563 500 54 12
98	5598	0.0	3	5101 423 59 15
99	4538	0.0	3	4147 342 37 12
100	4048	0.0	3	3654 334 44 16
101	3449	0.0	3	3135 267 36 11
102	2731	0.0	3	2466 212 40 13
103	2340	0.0	3	2114 203 8 15
104	1804	0.0	3	1638 149 12 5
105	1597	0.0	3	1437 130 21 9
106	1428	0.0	3	1261 137 19 11
107	1243	0.0	3	1110 108 14 11
108	1066	0.0	3	959 86 13 8
109	1020	0.0	3	922 77 17 4
110	856	0.0	3	747 90 11 8
111	808	0.0	3	690 100 9 9
112	661	0.0	3	580 62 15 4
113	583	0.0	3	495 64 14 10
114	572	0.0	3	492 60 12 8
115	501	0.0	3	433 43 13 12
116	512	0.0	3	435 59 10 8
117	493	0.0	3	422 60 6 5
118	455	0.0	3	374 61 10 10
119	435	0.0	3	358 60 12 5
120	399	0.0	3	330 57 7 5
121	459	0.0	3	372 67 12 8
122	405	0.0	3	324 73 5 3
123	423	0.0	3	327 80 12 4
124	463	0.0	3	374 74 8 7
125	484	0.0	3	404 63 10 7
126	508	0.0	3	399 86 17 6
127	483	0.0	3	383 84 8 8
128	567	0.0	3	459 85 15 8
129	587	0.0	3	474 101 9 3
130	598	0.0	3	473 113 6 6
131	680	0.0	3	538 132 8 2
132	680	0.0	3	531 132 9 8
133	753	0.0	3	599 142 8 4
134	834	0.0	3	662 152 17 3
135	944	0.0	3	768 156 18 2
136	959	0.0	3	765 178 11 5
137	1044	0.0	3	819 209 14 2
138	1028	0.0	3	816 191 19 2
139	989	0.0	3	703 265 18 3
140	1251	0.0	3	926 296 26 3
141	1477	0.0	3	1104 345 25 3
142	1001	0.0	3	560 399 36 6
143	1205	0.0	3	604 550 49 2
144	1363	0.0	3	567 727 65 4
145	1493	0.0	3	644 777 64 8
146	2458	0.0	3	888 1450 113 7
147	3967	0.0	3	931 2828 198 10
148	8568	0.0	3	278 7674 576 40
149	32115	0.0	3	330 29406 2261 118
150	103686	0.0	3	1069 95109 7058 450
