This is cutadapt 2.9 with Python 3.5.2
Command line parameters: --nextseq-trim 10 --minimum-length 25 --cores 4 -a AGATCGGAAGAGCACACGTCTGAACTCCAGTCAC -A AGATCGGAAGAGCGTCGTGTAGGGAAAGAGTGTA -o Mcapitata_HTAC_TP5_1583_R1_TrimmingRound1.fastq.gz -p Mcapitata_HTAC_TP5_1583_R2_TrimmingRound1.fastq.gz Mcapitata_HTAC_TP5_1583_R1.fastq.gz Mcapitata_HTAC_TP5_1583_R2.fastq.gz
Processing reads on 4 cores in paired-end mode ...
Finished in 765.59 s (35 us/read; 1.70 M reads/minute).

=== Summary ===

Total read pairs processed:         21,715,152
  Read 1 with adapter:               8,213,595 (37.8%)
  Read 2 with adapter:               8,385,632 (38.6%)
Pairs written (passing filters):    21,661,125 (99.8%)

Total basepairs processed: 6,514,545,600 bp
  Read 1: 3,257,272,800 bp
  Read 2: 3,257,272,800 bp
Quality-trimmed:              13,625,011 bp (0.2%)
  Read 1:     5,795,085 bp
  Read 2:     7,829,926 bp
Total written (filtered):  5,836,105,005 bp (89.6%)
  Read 1: 2,918,554,990 bp
  Read 2: 2,917,550,015 bp

=== First read: Adapter 1 ===

Sequence: AGATCGGAAGAGCACACGTCTGAACTCCAGTCAC; Type: regular 3'; Length: 34; Trimmed: 8213595 times

No. of allowed errors:
0-9 bp: 0; 10-19 bp: 1; 20-29 bp: 2; 30-34 bp: 3

Bases preceding removed adapters:
  A: 17.5%
  C: 27.9%
  G: 38.0%
  T: 16.6%
  none/other: 0.0%

Overview of removed sequences
length	count	expect	max.err	error counts
3	389275	339299.2	0	389275
4	159136	84824.8	0	159136
5	293803	21206.2	0	293803
8	93785	331.3	0	93785
9	186462	82.8	0	186462
10	577	20.7	1	0 577
11	192783	5.2	1	189248 3535
12	497	1.3	1	0 497
13	98188	0.3	1	95862 2326
14	98560	0.1	1	95947 2613
15	99346	0.0	1	96645 2701
16	100031	0.0	1	96964 3067
17	196712	0.0	1	191615 5097
18	759	0.0	1	0 693 66
19	99573	0.0	1	96323 3141 109
20	101756	0.0	2	97699 3816 241
21	201765	0.0	2	195372 5877 516
22	1029	0.0	2	0 963 66
23	102738	0.0	2	98750 3577 411
24	103542	0.0	2	99242 3931 369
25	103993	0.0	2	99491 4122 380
26	104007	0.0	2	99321 4307 379
27	103508	0.0	2	98814 4181 513
28	104776	0.0	2	98656 5669 391 60
29	205570	0.0	2	197336 7392 703 139
30	1931	0.0	3	0 1424 164 343
31	104668	0.0	3	98976 5086 495 111
32	105477	0.0	3	99385 5405 553 134
33	106332	0.0	3	99937 5844 444 107
34	106291	0.0	3	99870 5746 544 131
35	106677	0.0	3	100152 5863 561 101
36	108299	0.0	3	100581 6948 627 143
37	210098	0.0	3	200341 8582 990 185
38	3185	0.0	3	89 2952 110 34
39	209119	0.0	3	199690 8267 972 190
40	2048	0.0	3	79 1798 152 19
41	107266	0.0	3	101115 5518 527 106
42	107602	0.0	3	101286 5629 573 114
43	107248	0.0	3	100934 5599 594 121
44	108106	0.0	3	101514 5877 552 163
45	108959	0.0	3	102450 5862 546 101
46	106647	0.0	3	99128 6878 515 126
47	210843	0.0	3	201302 8542 807 192
48	2393	0.0	3	347 1874 130 42
49	104871	0.0	3	98943 5188 617 123
50	105953	0.0	3	98829 6616 410 98
51	206028	0.0	3	197012 8142 693 181
52	2361	0.0	3	378 1761 208 14
53	105703	0.0	3	98847 6359 400 97
54	205351	0.0	3	196059 8393 734 165
55	2270	0.0	3	364 1738 142 26
56	103026	0.0	3	97305 5245 396 80
57	101221	0.0	3	95194 5460 491 76
58	99798	0.0	3	93903 5422 390 83
59	98461	0.0	3	92686 5247 445 83
60	97939	0.0	3	91206 6262 387 84
61	187672	0.0	3	179177 7746 622 127
62	2074	0.0	3	333 1561 132 48
63	93218	0.0	3	88015 4715 427 61
64	94163	0.0	3	87693 6033 371 66
65	176103	0.0	3	168091 7270 627 115
66	1950	0.0	3	328 1476 123 23
67	85806	0.0	3	80979 4347 416 64
68	84311	0.0	3	79255 4477 504 75
69	80916	0.0	3	76183 4320 354 59
70	77850	0.0	3	73420 4044 342 44
71	75520	0.0	3	71073 4059 334 54
72	91496	0.0	3	86621 4385 426 64
73	69049	0.0	3	65148 3535 310 56
74	68231	0.0	3	64513 3388 272 58
75	64671	0.0	3	61049 3267 280 75
76	61233	0.0	3	57741 3197 241 54
77	58508	0.0	3	55300 2954 201 53
78	52418	0.0	3	49533 2655 196 34
79	46070	0.0	3	43513 2360 174 23
80	44443	0.0	3	42053 2203 158 29
81	37571	0.0	3	35441 1940 159 31
82	35607	0.0	3	33684 1755 149 19
83	32447	0.0	3	30640 1676 110 21
84	29507	0.0	3	27904 1480 107 16
85	27205	0.0	3	25716 1365 108 16
86	23532	0.0	3	22249 1184 87 12
87	21759	0.0	3	20591 1067 89 12
88	19124	0.0	3	18098 920 96 10
89	15847	0.0	3	15001 773 65 8
90	14449	0.0	3	13716 674 53 6
91	12740	0.0	3	12078 619 40 3
92	10991	0.0	3	10415 533 37 6
93	8734	0.0	3	8266 433 32 3
94	7823	0.0	3	7426 369 24 4
95	6943	0.0	3	6622 292 25 4
96	5320	0.0	3	5048 252 17 3
97	4846	0.0	3	4591 234 17 4
98	4294	0.0	3	4072 197 21 4
99	3788	0.0	3	3606 166 15 1
100	3161	0.0	3	2999 150 6 6
101	2720	0.0	3	2599 106 13 2
102	2293	0.0	3	2184 101 6 2
103	1649	0.0	3	1570 68 7 4
104	1490	0.0	3	1411 76 2 1
105	1295	0.0	3	1217 70 5 3
106	1101	0.0	3	1038 55 6 2
107	962	0.0	3	900 49 8 5
108	872	0.0	3	828 39 4 1
109	813	0.0	3	763 42 6 2
110	668	0.0	3	627 35 4 2
111	607	0.0	3	576 26 4 1
112	556	0.0	3	533 21 1 1
113	518	0.0	3	486 29 2 1
114	486	0.0	3	455 27 3 1
115	433	0.0	3	415 15 2 1
116	431	0.0	3	404 23 3 1
117	407	0.0	3	381 25 0 1
118	436	0.0	3	409 25 1 1
119	453	0.0	3	420 28 3 2
120	486	0.0	3	457 22 7
121	455	0.0	3	418 34 1 2
122	502	0.0	3	470 27 3 2
123	516	0.0	3	482 32 2
124	599	0.0	3	557 38 1 3
125	638	0.0	3	604 32 2
126	700	0.0	3	660 37 1 2
127	709	0.0	3	655 48 5 1
128	821	0.0	3	777 43 1
129	811	0.0	3	758 51 2
130	987	0.0	3	932 51 4
131	1049	0.0	3	983 63 3
132	1177	0.0	3	1108 62 5 2
133	1370	0.0	3	1272 92 5 1
134	1513	0.0	3	1418 91 4
135	1760	0.0	3	1651 103 6
136	1933	0.0	3	1829 101 3
137	1754	0.0	3	1661 92 1
138	1779	0.0	3	1661 113 5
139	1692	0.0	3	1576 106 10
140	2125	0.0	3	1988 129 8
141	2421	0.0	3	2246 161 12 2
142	1362	0.0	3	1244 107 10 1
143	1435	0.0	3	1267 159 9
144	1566	0.0	3	1332 215 19
145	1684	0.0	3	1454 212 17 1
146	2100	0.0	3	1728 345 27
147	2205	0.0	3	1463 707 32 3
148	2104	0.0	3	423 1584 88 9
149	5282	0.0	3	193 4816 259 14
150	12138	0.0	3	366 11131 602 39


=== Second read: Adapter 2 ===

Sequence: AGATCGGAAGAGCGTCGTGTAGGGAAAGAGTGTA; Type: regular 3'; Length: 34; Trimmed: 8385632 times

No. of allowed errors:
0-9 bp: 0; 10-19 bp: 1; 20-29 bp: 2; 30-34 bp: 3

Bases preceding removed adapters:
  A: 16.8%
  C: 26.7%
  G: 46.6%
  T: 9.9%
  none/other: 0.1%

Overview of removed sequences
length	count	expect	max.err	error counts
3	529541	339299.2	0	529541
4	194498	84824.8	0	194498
5	297817	21206.2	0	297817
8	93759	331.3	0	93759
9	186391	82.8	0	186391
10	806	20.7	1	0 806
11	192616	5.2	1	189311 3305
12	653	1.3	1	0 653
13	196436	0.3	1	192414 4022
14	473	0.1	1	0 473
15	98962	0.0	1	96353 2609
16	198597	0.0	1	193563 5034
17	892	0.0	1	0 892
18	195391	0.0	1	190193 5000 198
19	908	0.0	1	0 604 304
20	102394	0.0	2	97265 4690 439
21	405110	0.0	2	390563 13003 1544
22	1042	0.0	2	0 909 133
23	471	0.0	2	0 138 333
24	826	0.0	2	0 685 141
25	103590	0.0	2	98562 4340 688
26	104376	0.0	2	98781 5050 545
27	205033	0.0	2	195965 7704 1364
28	1890	0.0	2	0 1682 124 84
29	206242	0.0	2	196654 8273 1291 24
30	2150	0.0	3	0 1967 124 59
31	207238	0.0	3	197062 8489 1127 560
32	1523	0.0	3	0 1136 268 119
33	106039	0.0	3	99652 5372 807 208
34	106770	0.0	3	99259 6565 692 254
35	211374	0.0	3	199627 10037 1291 419
36	1386	0.0	3	38 1133 168 47
37	106110	0.0	3	99427 5751 662 270
38	106629	0.0	3	99672 5862 903 192
39	107921	0.0	3	99408 7506 770 237
40	317422	0.0	3	300670 14545 1607 600
41	1076	0.0	3	127 680 249 20
42	2011	0.0	3	304 1560 96 51
43	211730	0.0	3	200492 9749 1081 408
44	1829	0.0	3	347 1219 236 27
45	107613	0.0	3	100457 6340 632 184
46	212282	0.0	3	201249 9499 1196 338
47	1762	0.0	3	346 1212 159 45
48	105751	0.0	3	99499 5404 671 177
49	105157	0.0	3	98695 5600 613 249
50	104630	0.0	3	98239 5449 784 158
51	105935	0.0	3	98440 6726 617 152
52	310846	0.0	3	294894 13857 1582 513
53	1391	0.0	3	416 624 325 26
54	2896	0.0	3	446 2308 125 17
55	303491	0.0	3	289664 12188 1261 378
56	1290	0.0	3	421 638 137 94
57	1175	0.0	3	249 698 206 22
58	100264	0.0	3	94561 5133 443 127
59	192608	0.0	3	184035 7529 761 283
60	1584	0.0	3	333 1002 227 22
61	96607	0.0	3	90927 5050 476 154
62	186293	0.0	3	178116 7134 817 226
63	1482	0.0	3	318 1018 116 30
64	92027	0.0	3	87623 3855 433 116
65	90767	0.0	3	86143 4081 413 130
66	88180	0.0	3	83650 3981 419 130
67	86123	0.0	3	81701 3916 387 119
68	84267	0.0	3	80020 3752 383 112
69	80875	0.0	3	76962 3463 344 106
70	77759	0.0	3	73893 3440 335 91
71	75131	0.0	3	71382 3321 333 95
72	71966	0.0	3	68585 2991 301 89
73	69114	0.0	3	65852 2928 242 92
74	66624	0.0	3	63435 2863 240 86
75	63606	0.0	3	60566 2730 231 79
76	72543	0.0	3	69107 3089 269 78
77	58478	0.0	3	55801 2410 212 55
78	52797	0.0	3	50335 2208 179 75
79	50237	0.0	3	47980 2033 176 48
80	45825	0.0	3	43658 1941 166 60
81	39895	0.0	3	38089 1618 146 42
82	36575	0.0	3	34863 1537 126 49
83	32080	0.0	3	30624 1317 98 41
84	29587	0.0	3	28258 1180 111 38
85	27397	0.0	3	26171 1098 102 26
86	23959	0.0	3	22896 935 83 45
87	21785	0.0	3	20746 922 89 28
88	18985	0.0	3	18182 716 58 29
89	17056	0.0	3	16333 637 61 25
90	14840	0.0	3	14210 559 56 15
91	12892	0.0	3	12317 502 58 15
92	10929	0.0	3	10369 504 47 9
93	9071	0.0	3	8606 411 40 14
94	7789	0.0	3	7429 307 36 17
95	6718	0.0	3	6436 225 43 14
96	5736	0.0	3	5453 234 33 16
97	4928	0.0	3	4688 209 20 11
98	4365	0.0	3	4146 187 22 10
99	3793	0.0	3	3622 139 21 11
100	3154	0.0	3	2996 136 13 9
101	2768	0.0	3	2622 129 11 6
102	2220	0.0	3	2098 90 24 8
103	1834	0.0	3	1743 71 15 5
104	1493	0.0	3	1405 71 11 6
105	1311	0.0	3	1243 53 11 4
106	1143	0.0	3	1070 58 11 4
107	1067	0.0	3	998 42 16 11
108	971	0.0	3	917 38 9 7
109	888	0.0	3	824 41 15 8
110	700	0.0	3	641 43 9 7
111	660	0.0	3	602 30 16 12
112	603	0.0	3	554 33 9 7
113	583	0.0	3	544 23 11 5
114	486	0.0	3	452 25 5 4
115	506	0.0	3	457 33 10 6
116	462	0.0	3	419 28 7 8
117	448	0.0	3	405 26 12 5
118	474	0.0	3	436 28 4 6
119	483	0.0	3	427 34 9 13
120	514	0.0	3	476 28 4 6
121	442	0.0	3	394 37 7 4
122	528	0.0	3	485 29 10 4
123	543	0.0	3	504 29 6 4
124	622	0.0	3	577 32 8 5
125	633	0.0	3	596 25 6 6
126	708	0.0	3	659 35 6 8
127	726	0.0	3	671 47 4 4
128	828	0.0	3	771 43 6 8
129	835	0.0	3	799 33 3
130	1000	0.0	3	943 48 5 4
131	1035	0.0	3	973 54 6 2
132	1226	0.0	3	1159 62 2 3
133	1311	0.0	3	1234 68 6 3
134	1520	0.0	3	1449 65 5 1
135	1704	0.0	3	1613 85 4 2
136	1839	0.0	3	1764 63 12
137	1867	0.0	3	1758 100 7 2
138	1759	0.0	3	1648 103 5 3
139	1679	0.0	3	1596 79 2 2
140	2095	0.0	3	1984 103 7 1
141	2555	0.0	3	2399 145 6 5
142	1320	0.0	3	1233 84 2 1
143	1384	0.0	3	1279 98 4 3
144	1485	0.0	3	1328 147 10
145	1676	0.0	3	1507 164 3 2
146	2028	0.0	3	1784 229 14 1
147	2142	0.0	3	1687 439 14 2
148	1556	0.0	3	431 1080 42 3
149	4255	0.0	3	158 3908 181 8
150	13885	0.0	3	450 12927 482 26
