This is cutadapt 2.9 with Python 3.5.2
Command line parameters: --nextseq-trim 10 --minimum-length 25 --cores 4 -a AGATCGGAAGAGCACACGTCTGAACTCCAGTCAC -A AGATCGGAAGAGCGTCGTGTAGGGAAAGAGTGTA -o Mcapitata_ATHC_TP9_2862_R1_TrimmingRound1.fastq.gz -p Mcapitata_ATHC_TP9_2862_R2_TrimmingRound1.fastq.gz Mcapitata_ATHC_TP9_2862_R1.fastq.gz Mcapitata_ATHC_TP9_2862_R2.fastq.gz
Processing reads on 4 cores in paired-end mode ...
Finished in 671.98 s (35 us/read; 1.71 M reads/minute).

=== Summary ===

Total read pairs processed:         19,197,110
  Read 1 with adapter:              10,825,113 (56.4%)
  Read 2 with adapter:              10,214,913 (53.2%)
Pairs written (passing filters):    19,065,565 (99.3%)

Total basepairs processed: 5,759,133,000 bp
  Read 1: 2,879,566,500 bp
  Read 2: 2,879,566,500 bp
Quality-trimmed:              33,694,214 bp (0.6%)
  Read 1:     5,889,270 bp
  Read 2:    27,804,944 bp
Total written (filtered):  4,998,000,554 bp (86.8%)
  Read 1: 2,488,031,594 bp
  Read 2: 2,509,968,960 bp

=== First read: Adapter 1 ===

Sequence: AGATCGGAAGAGCACACGTCTGAACTCCAGTCAC; Type: regular 3'; Length: 34; Trimmed: 10825113 times

No. of allowed errors:
0-9 bp: 0; 10-19 bp: 1; 20-29 bp: 2; 30-34 bp: 3

Bases preceding removed adapters:
  A: 17.8%
  C: 39.8%
  G: 19.5%
  T: 22.8%
  none/other: 0.1%

Overview of removed sequences
length	count	expect	max.err	error counts
3	298257	299954.8	0	298257
4	159152	74988.7	0	159152
5	379355	18747.2	0	379355
8	123228	292.9	0	123228
9	242071	73.2	0	242071
10	717	18.3	1	0 717
11	312884	4.6	1	244273 68611
12	752	1.1	1	0 752
13	164785	0.3	1	128367 36418
14	174009	0.1	1	134796 39213
15	172703	0.0	1	134275 38428
16	185213	0.0	1	142966 42247
17	351406	0.0	1	273038 78368
18	1272	0.0	1	0 1099 173
19	179484	0.0	1	137686 41207 591
20	173728	0.0	2	130688 40017 3023
21	352244	0.0	2	265796 80442 6006
22	2062	0.0	2	0 1455 607
23	182365	0.0	2	137328 41735 3302
24	189691	0.0	2	141879 43788 4024
25	194728	0.0	2	145670 44880 4178
26	198977	0.0	2	148192 46426 4359
27	198054	0.0	2	147279 46131 4644
28	199623	0.0	2	147009 47663 4820 131
29	378740	0.0	2	282439 88407 7643 251
30	3349	0.0	3	0 1932 919 498
31	191003	0.0	3	139371 45408 4552 1672
32	183663	0.0	3	134521 43439 4216 1487
33	187705	0.0	3	137653 44432 4215 1405
34	193073	0.0	3	140174 46518 4756 1625
35	196936	0.0	3	143835 46883 4640 1578
36	202973	0.0	3	148629 47863 4802 1679
37	203119	0.0	3	148404 48167 4919 1629
38	201592	0.0	3	146363 48572 5009 1648
39	375468	0.0	3	276765 88459 7553 2691
40	3974	0.0	3	403 2310 935 326
41	179955	0.0	3	131734 42812 4011 1398
42	177306	0.0	3	129282 42565 4062 1397
43	176185	0.0	3	128742 42210 3842 1391
44	176838	0.0	3	129581 42057 3801 1399
45	188809	0.0	3	137949 45007 4333 1520
46	172520	0.0	3	125655 41739 3790 1336
47	347486	0.0	3	257160 81530 6451 2345
48	3909	0.0	3	677 2074 887 271
49	163071	0.0	3	119825 38907 3262 1077
50	156443	0.0	3	113401 38544 3351 1147
51	282574	0.0	3	208730 67409 4738 1697
52	5244	0.0	3	1736 2327 914 267
53	136597	0.0	3	99284 33503 2820 990
54	269457	0.0	3	198492 64104 5023 1838
55	3298	0.0	3	643 1786 680 189
56	121689	0.0	3	89736 29204 2069 680
57	125125	0.0	3	92009 30142 2259 715
58	113251	0.0	3	83179 27465 1957 650
59	109885	0.0	3	80435 26797 1996 657
60	103154	0.0	3	74973 25571 1966 644
61	170699	0.0	3	125924 41381 2529 865
62	2303	0.0	3	573 1129 457 144
63	79515	0.0	3	58242 19343 1486 444
64	73450	0.0	3	53470 18167 1415 398
65	131021	0.0	3	97083 31512 1843 583
66	1890	0.0	3	492 925 377 96
67	61026	0.0	3	44938 14815 948 325
68	57728	0.0	3	42207 14164 1031 326
69	54164	0.0	3	39157 13759 954 294
70	100669	0.0	3	74937 24436 1035 261
71	51508	0.0	3	37433 13007 819 249
72	40447	0.0	3	29357 10067 759 264
73	24542	0.0	3	17497 6346 533 166
74	21742	0.0	3	15641 5531 435 135
75	20193	0.0	3	14463 5230 398 102
76	18937	0.0	3	13730 4760 348 99
77	17035	0.0	3	12411 4238 302 84
78	13032	0.0	3	9389 3324 238 81
79	11653	0.0	3	8516 2865 205 67
80	9974	0.0	3	7292 2460 158 64
81	7890	0.0	3	5668 2053 126 43
82	6883	0.0	3	4909 1815 120 39
83	5834	0.0	3	4212 1491 109 22
84	5055	0.0	3	3636 1311 81 27
85	4490	0.0	3	3240 1134 90 26
86	3883	0.0	3	2806 1002 55 20
87	3519	0.0	3	2558 889 57 15
88	2939	0.0	3	2092 772 55 20
89	2498	0.0	3	1817 628 44 9
90	2197	0.0	3	1560 597 34 6
91	1907	0.0	3	1396 481 24 6
92	1632	0.0	3	1202 389 34 7
93	1273	0.0	3	924 321 20 8
94	1204	0.0	3	876 293 31 4
95	1015	0.0	3	741 252 16 6
96	860	0.0	3	624 219 16 1
97	638	0.0	3	444 174 13 7
98	582	0.0	3	431 134 14 3
99	475	0.0	3	332 124 15 4
100	433	0.0	3	309 113 10 1
101	370	0.0	3	240 108 19 3
102	329	0.0	3	237 77 12 3
103	248	0.0	3	152 81 13 2
104	216	0.0	3	151 60 5
105	149	0.0	3	100 39 7 3
106	123	0.0	3	84 32 6 1
107	108	0.0	3	64 35 8 1
108	102	0.0	3	58 25 17 2
109	92	0.0	3	55 22 14 1
110	74	0.0	3	34 16 22 2
111	65	0.0	3	24 10 31
112	92	0.0	3	42 20 28 2
113	56	0.0	3	12 11 32 1
114	55	0.0	3	15 7 31 2
115	71	0.0	3	19 6 45 1
116	65	0.0	3	9 8 46 2
117	55	0.0	3	13 3 36 3
118	62	0.0	3	7 5 50
119	62	0.0	3	4 3 52 3
120	59	0.0	3	7 4 47 1
121	80	0.0	3	6 5 67 2
122	78	0.0	3	5 1 68 4
123	103	0.0	3	5 9 88 1
124	95	0.0	3	7 4 82 2
125	112	0.0	3	10 8 92 2
126	101	0.0	3	4 0 96 1
127	115	0.0	3	8 4 99 4
128	127	0.0	3	1 4 118 4
129	159	0.0	3	5 6 146 2
130	160	0.0	3	9 5 143 3
131	182	0.0	3	7 2 169 4
132	200	0.0	3	7 5 183 5
133	205	0.0	3	4 8 187 6
134	238	0.0	3	6 8 216 8
135	265	0.0	3	7 7 243 8
136	271	0.0	3	8 7 252 4
137	325	0.0	3	2 2 309 12
138	383	0.0	3	5 5 365 8
139	390	0.0	3	4 7 370 9
140	405	0.0	3	5 11 375 14
141	456	0.0	3	5 6 435 10
142	534	0.0	3	4 15 500 15
143	761	0.0	3	5 13 722 21
144	896	0.0	3	2 18 846 30
145	950	0.0	3	7 31 882 30
146	1060	0.0	3	1 16 1016 27
147	1428	0.0	3	3 28 1357 40
148	2624	0.0	3	1 41 2515 67
149	6638	0.0	3	1 118 6323 196
150	15433	0.0	3	2 277 14679 475


=== Second read: Adapter 2 ===

Sequence: AGATCGGAAGAGCGTCGTGTAGGGAAAGAGTGTA; Type: regular 3'; Length: 34; Trimmed: 10214913 times

No. of allowed errors:
0-9 bp: 0; 10-19 bp: 1; 20-29 bp: 2; 30-34 bp: 3

Bases preceding removed adapters:
  A: 16.3%
  C: 39.8%
  G: 28.8%
  T: 15.2%
  none/other: 0.0%

Overview of removed sequences
length	count	expect	max.err	error counts
3	423405	299954.8	0	423405
4	175412	74988.7	0	175412
5	364601	18747.2	0	364601
8	116362	292.9	0	116362
9	227226	73.2	0	227226
10	911	18.3	1	0 911
11	293101	4.6	1	229808 63293
12	868	1.1	1	0 868
13	327917	0.3	1	254915 73002
14	575	0.1	1	0 575
15	162227	0.0	1	126890 35337
16	340829	0.0	1	265409 75420
17	608	0.0	1	0 608
18	312110	0.0	1	245033 66571 506
19	1139	0.0	1	0 724 415
20	166110	0.0	2	124309 37698 4103
21	668586	0.0	2	505053 150078 13455
22	2654	0.0	2	0 1659 995
23	921	0.0	2	0 370 551
24	1051	0.0	2	0 654 397
25	179867	0.0	2	135227 40443 4197
26	186282	0.0	2	137501 43655 5126
27	364642	0.0	2	271356 84019 9267
28	3156	0.0	2	0 2036 940 180
29	356085	0.0	2	260551 85628 9763 143
30	3448	0.0	3	0 2161 943 344
31	344095	0.0	3	250481 80122 8918 4574
32	3415	0.0	3	0 2193 847 375
33	350301	0.0	3	254925 82517 9251 3608
34	2875	0.0	3	69 1120 1157 529
35	180596	0.0	3	43 131787 43567 5199
36	188414	0.0	3	34 136296 44375 7709
37	367555	0.0	3	98 339 85270 281848
38	2819	0.0	3	10 70 1549 1190
39	176881	0.0	3	38 324 41756 134763
40	173327	0.0	3	41 372 41792 131122
41	332850	0.0	3	116 670 78764 253300
42	3468	0.0	3	1 34 2007 1426
43	369822	0.0	3	111 780 81176 287755
44	2861	0.0	3	2 73 1549 1237
45	167268	0.0	3	35 444 39587 127202
46	331976	0.0	3	65 657 76232 255022
47	5609	0.0	3	0 50 1812 3747
48	154816	0.0	3	30 297 37038 117451
49	186345	0.0	3	32 354 39876 146083
50	138109	0.0	3	31 301 34435 103342
51	184828	0.0	3	37 298 38284 146209
52	414135	0.0	3	90 755 95012 318278
53	2850	0.0	3	2 72 1293 1483
54	2198	0.0	3	1 15 1015 1167
55	293239	0.0	3	69 475 75369 217326
56	1970	0.0	3	3 22 907 1038
57	792	0.0	3	1 10 327 454
58	100251	0.0	3	27 179 25563 74482
59	157746	0.0	3	43 226 41899 115578
60	1259	0.0	3	10 22 615 612
61	73127	0.0	3	23 137 19462 53505
62	133359	0.0	3	56 250 34242 98811
63	838	0.0	3	1 14 449 374
64	52806	0.0	3	11 96 14276 38423
65	53808	0.0	3	63 110 14098 39537
66	55644	0.0	3	11 171 13762 41700
67	50467	0.0	3	13 82 13372 37000
68	50845	0.0	3	16 146 12605 38078
69	43602	0.0	3	15 56 11268 32263
70	40996	0.0	3	17 77 10025 30877
71	34943	0.0	3	5 59 8886 25993
72	31598	0.0	3	16 66 7896 23620
73	28879	0.0	3	6 61 7154 21658
74	27053	0.0	3	3 32 6373 20645
75	28857	0.0	3	1 54 6415 22387
76	28146	0.0	3	8 42 6257 21839
77	18916	0.0	3	3 27 4810 14076
78	15060	0.0	3	9 25 3977 11049
79	13328	0.0	3	1 24 3710 9593
80	12538	0.0	3	2 18 3563 8955
81	9508	0.0	3	3 22 2625 6858
82	7965	0.0	3	2 7 2268 5688
83	6676	0.0	3	1 11 1912 4752
84	5955	0.0	3	2 7 1618 4328
85	5393	0.0	3	0 10 1549 3834
86	4464	0.0	3	1 5 1345 3113
87	3691	0.0	3	0 1 1023 2667
88	3146	0.0	3	0 5 843 2298
89	2791	0.0	3	1 5 813 1972
90	2219	0.0	3	0 5 652 1562
91	1859	0.0	3	1 3 560 1295
92	1561	0.0	3	1 4 467 1089
93	1397	0.0	3	0 0 420 977
94	1139	0.0	3	0 0 366 773
95	936	0.0	3	0 1 259 676
96	813	0.0	3	0 0 259 554
97	650	0.0	3	1 0 191 458
98	538	0.0	3	0 1 155 382
99	475	0.0	3	0 1 117 357
100	368	0.0	3	0 0 107 261
101	349	0.0	3	0 2 101 246
102	283	0.0	3	0 0 88 195
103	251	0.0	3	0 0 72 179
104	214	0.0	3	0 1 74 139
105	151	0.0	3	0 1 54 96
106	136	0.0	3	0 0 45 91
107	122	0.0	3	0 0 33 89
108	99	0.0	3	0 0 29 70
109	124	0.0	3	0 0 29 95
110	61	0.0	3	0 0 19 42
111	66	0.0	3	0 0 25 41
112	59	0.0	3	0 1 9 49
113	35	0.0	3	0 0 14 21
114	46	0.0	3	0 0 9 37
115	38	0.0	3	0 0 11 27
116	18	0.0	3	0 0 3 15
117	17	0.0	3	0 0 1 16
118	29	0.0	3	0 0 7 22
119	26	0.0	3	0 0 6 20
120	23	0.0	3	0 0 3 20
121	29	0.0	3	0 0 4 25
122	35	0.0	3	0 0 7 28
123	30	0.0	3	0 0 4 26
124	25	0.0	3	0 0 1 24
125	38	0.0	3	0 0 7 31
126	51	0.0	3	0 0 3 48
127	47	0.0	3	0 0 2 45
128	68	0.0	3	0 0 3 65
129	100	0.0	3	0 0 0 100
130	128	0.0	3	0 0 3 125
131	141	0.0	3	0 0 4 137
132	180	0.0	3	0 0 4 176
133	172	0.0	3	0 0 6 166
134	204	0.0	3	0 0 6 198
135	226	0.0	3	0 0 6 220
136	221	0.0	3	0 0 2 219
137	284	0.0	3	0 0 7 277
138	346	0.0	3	0 0 8 338
139	378	0.0	3	0 0 7 371
140	371	0.0	3	0 0 7 364
141	463	0.0	3	0 0 14 449
142	498	0.0	3	0 0 8 490
143	622	0.0	3	0 0 10 612
144	733	0.0	3	0 0 19 714
145	918	0.0	3	0 0 19 899
146	1021	0.0	3	0 0 22 999
147	1295	0.0	3	0 0 27 1268
148	2127	0.0	3	0 0 43 2084
149	5534	0.0	3	0 0 122 5412
150	17364	0.0	3	0 0 313 17051
