This is cutadapt 2.9 with Python 3.5.2
Command line parameters: --nextseq-trim 10 --minimum-length 25 --cores 4 -a AGATCGGAAGAGCACACGTCTGAACTCCAGTCAC -A AGATCGGAAGAGCGTCGTGTAGGGAAAGAGTGTA -o Mcapitata_ATAC_TP5_1776_R1_TrimmingRound1.fastq.gz -p Mcapitata_ATAC_TP5_1776_R2_TrimmingRound1.fastq.gz Mcapitata_ATAC_TP5_1776_R1.fastq.gz Mcapitata_ATAC_TP5_1776_R2.fastq.gz
Processing reads on 4 cores in paired-end mode ...
Finished in 626.04 s (38 us/read; 1.58 M reads/minute).

=== Summary ===

Total read pairs processed:         16,500,888
  Read 1 with adapter:               9,047,855 (54.8%)
  Read 2 with adapter:               8,173,746 (49.5%)
Pairs written (passing filters):    16,324,844 (98.9%)

Total basepairs processed: 4,950,266,400 bp
  Read 1: 2,475,133,200 bp
  Read 2: 2,475,133,200 bp
Quality-trimmed:              39,139,410 bp (0.8%)
  Read 1:     6,562,167 bp
  Read 2:    32,577,243 bp
Total written (filtered):  4,304,746,483 bp (87.0%)
  Read 1: 2,136,325,113 bp
  Read 2: 2,168,421,370 bp

=== First read: Adapter 1 ===

Sequence: AGATCGGAAGAGCACACGTCTGAACTCCAGTCAC; Type: regular 3'; Length: 34; Trimmed: 9047855 times

No. of allowed errors:
0-9 bp: 0; 10-19 bp: 1; 20-29 bp: 2; 30-34 bp: 3

Bases preceding removed adapters:
  A: 18.1%
  C: 39.5%
  G: 19.1%
  T: 23.3%
  none/other: 0.1%

Overview of removed sequences
length	count	expect	max.err	error counts
3	253630	257826.4	0	253630
4	128418	64456.6	0	128418
5	305024	16114.1	0	305024
8	99724	251.8	0	99724
9	196813	62.9	0	196813
10	864	15.7	1	0 864
11	257844	3.9	1	196597 61247
12	764	1.0	1	0 764
13	135714	0.2	1	103266 32448
14	141975	0.1	1	108286 33689
15	141599	0.0	1	107912 33687
16	152558	0.0	1	114611 37947
17	290119	0.0	1	220414 69705
18	1347	0.0	1	0 1140 207
19	147079	0.0	1	110276 36173 630
20	145127	0.0	2	105620 36721 2786
21	291968	0.0	2	215789 71295 4884
22	2251	0.0	2	0 1458 793
23	151154	0.0	2	111422 36875 2857
24	156128	0.0	2	113779 39064 3285
25	159918	0.0	2	116939 39557 3422
26	162090	0.0	2	117938 40464 3688
27	163377	0.0	2	118531 40861 3985
28	163691	0.0	2	117034 42545 4029 83
29	313405	0.0	2	228878 78292 5992 243
30	3642	0.0	3	0 1998 1157 487
31	159161	0.0	3	113495 40320 3843 1503
32	154037	0.0	3	109469 39612 3567 1389
33	158266	0.0	3	112510 40274 4166 1316
34	169840	0.0	3	117904 44962 5334 1640
35	488297	0.0	3	354761 121510 8860 3166
36	4076	0.0	3	535 2058 1037 446
37	2241	0.0	3	106 1263 664 208
38	168899	0.0	3	120132 43283 4055 1429
39	160512	0.0	3	114909 40992 3583 1028
40	154047	0.0	3	109138 40355 3535 1019
41	295597	0.0	3	213702 74756 5224 1915
42	3770	0.0	3	272 2163 1063 272
43	148920	0.0	3	106819 37815 3235 1051
44	149145	0.0	3	106429 38248 3300 1168
45	168183	0.0	3	119574 43411 3901 1297
46	138225	0.0	3	97237 36717 3314 957
47	290342	0.0	3	209866 73802 4936 1738
48	3729	0.0	3	371 2196 929 233
49	136116	0.0	3	97542 34900 2773 901
50	132644	0.0	3	93820 35118 2874 832
51	237711	0.0	3	171724 60760 3869 1358
52	6509	0.0	3	2461 2634 1124 290
53	116572	0.0	3	82422 31005 2361 784
54	229400	0.0	3	164860 59048 4095 1397
55	3161	0.0	3	462 1649 872 178
56	103889	0.0	3	74025 27466 1849 549
57	106605	0.0	3	76079 28005 1994 527
58	96283	0.0	3	68907 25115 1720 541
59	94297	0.0	3	66646 25158 1876 617
60	91032	0.0	3	64148 24540 1835 509
61	144353	0.0	3	103884 37611 2153 705
62	2376	0.0	3	509 1188 517 162
63	70021	0.0	3	49835 18518 1306 362
64	62604	0.0	3	43923 17103 1252 326
65	112823	0.0	3	81190 29620 1523 490
66	2063	0.0	3	528 1023 419 93
67	51740	0.0	3	36859 13725 847 309
68	49328	0.0	3	34867 13071 1083 307
69	48890	0.0	3	33571 14026 1036 257
70	130724	0.0	3	94460 34835 1157 272
71	56921	0.0	3	40048 15570 998 305
72	33695	0.0	3	23473 9227 751 244
73	16081	0.0	3	10983 4475 483 140
74	13061	0.0	3	9002 3639 317 103
75	11882	0.0	3	8161 3366 266 89
76	11625	0.0	3	8099 3213 236 77
77	9863	0.0	3	6835 2758 209 61
78	7091	0.0	3	4870 2030 151 40
79	6152	0.0	3	4311 1664 140 37
80	5082	0.0	3	3527 1427 104 24
81	4625	0.0	3	3264 1259 79 23
82	3845	0.0	3	2631 1111 84 19
83	3083	0.0	3	2143 854 70 16
84	2801	0.0	3	1942 788 55 16
85	2395	0.0	3	1641 701 44 9
86	2232	0.0	3	1508 667 43 14
87	1933	0.0	3	1322 563 32 16
88	1737	0.0	3	1212 468 49 8
89	1379	0.0	3	958 394 23 4
90	1215	0.0	3	848 327 32 8
91	1039	0.0	3	765 251 19 4
92	903	0.0	3	625 247 22 9
93	698	0.0	3	487 193 13 5
94	614	0.0	3	427 162 19 6
95	602	0.0	3	412 174 16
96	424	0.0	3	277 132 11 4
97	376	0.0	3	253 105 14 4
98	321	0.0	3	225 76 20
99	305	0.0	3	196 88 18 3
100	252	0.0	3	175 55 20 2
101	208	0.0	3	127 67 11 3
102	179	0.0	3	113 49 16 1
103	170	0.0	3	109 50 10 1
104	118	0.0	3	70 33 15
105	111	0.0	3	55 39 17
106	98	0.0	3	57 36 4 1
107	69	0.0	3	34 19 16
108	64	0.0	3	41 11 12
109	63	0.0	3	36 12 15
110	59	0.0	3	16 12 29 2
111	60	0.0	3	16 10 33 1
112	61	0.0	3	14 7 40
113	53	0.0	3	16 1 35 1
114	66	0.0	3	8 4 52 2
115	72	0.0	3	5 13 51 3
116	72	0.0	3	10 7 52 3
117	68	0.0	3	6 4 58
118	96	0.0	3	6 2 82 6
119	78	0.0	3	2 0 71 5
120	89	0.0	3	1 2 84 2
121	101	0.0	3	3 1 93 4
122	79	0.0	3	6 1 69 3
123	94	0.0	3	4 4 85 1
124	104	0.0	3	3 1 96 4
125	107	0.0	3	1 2 99 5
126	121	0.0	3	1 1 111 8
127	135	0.0	3	0 4 129 2
128	124	0.0	3	1 5 113 5
129	133	0.0	3	4 1 123 5
130	155	0.0	3	3 1 149 2
131	193	0.0	3	3 4 179 7
132	183	0.0	3	2 3 169 9
133	257	0.0	3	1 5 239 12
134	253	0.0	3	3 5 239 6
135	292	0.0	3	4 1 279 8
136	291	0.0	3	2 6 272 11
137	341	0.0	3	0 4 329 8
138	365	0.0	3	3 5 348 9
139	397	0.0	3	4 4 371 18
140	422	0.0	3	1 4 400 17
141	463	0.0	3	0 7 443 13
142	611	0.0	3	2 9 572 28
143	746	0.0	3	2 8 707 29
144	827	0.0	3	0 5 795 27
145	856	0.0	3	0 7 822 27
146	1036	0.0	3	5 15 984 32
147	1322	0.0	3	2 15 1258 47
148	2265	0.0	3	0 13 2189 63
149	5860	0.0	3	0 60 5599 201
150	12985	0.0	3	0 146 12362 477


=== Second read: Adapter 2 ===

Sequence: AGATCGGAAGAGCGTCGTGTAGGGAAAGAGTGTA; Type: regular 3'; Length: 34; Trimmed: 8173746 times

No. of allowed errors:
0-9 bp: 0; 10-19 bp: 1; 20-29 bp: 2; 30-34 bp: 3

Bases preceding removed adapters:
  A: 15.4%
  C: 40.7%
  G: 29.3%
  T: 14.7%
  none/other: 0.1%

Overview of removed sequences
length	count	expect	max.err	error counts
3	388025	257826.4	0	388025
4	146756	64456.6	0	146756
5	296002	16114.1	0	296002
8	95492	251.8	0	95492
9	187424	62.9	0	187424
10	738	15.7	1	0 738
11	229317	3.9	1	187885 41432
12	640	1.0	1	0 640
13	253768	0.2	1	205607 48161
14	415	0.1	1	0 415
15	124682	0.0	1	102040 22642
16	263116	0.0	1	213555 49561
17	676	0.0	1	0 676
18	248585	0.0	1	203590 44685 310
19	1012	0.0	1	0 656 356
20	131356	0.0	2	102478 25703 3175
21	527224	0.0	2	419528 98436 9260
22	2992	0.0	2	0 1902 1090
23	726	0.0	2	0 300 426
24	824	0.0	2	0 550 274
25	140395	0.0	2	111042 26450 2903
26	144093	0.0	2	111520 29071 3502
27	283556	0.0	2	221599 55608 6349
28	2843	0.0	2	0 1888 789 166
29	278443	0.0	2	215468 56228 6653 94
30	2873	0.0	3	0 1937 671 265
31	271883	0.0	3	209628 53285 5883 3087
32	2451	0.0	3	0 1571 527 353
33	138022	0.0	3	105269 27364 3807 1582
34	140336	0.0	3	422 108089 28281 3544
35	143095	0.0	3	418 109785 29223 3669
36	147746	0.0	3	440 112198 30831 4277
37	289403	0.0	3	861 218868 58477 11197
38	2804	0.0	3	10 347 1671 776
39	140981	0.0	3	408 106588 28637 5348
40	150678	0.0	3	496 110089 32455 7638
41	252083	0.0	3	658 191348 51334 8743
42	2867	0.0	3	14 262 1995 596
43	249657	0.0	3	766 191395 49480 8016
44	2638	0.0	3	28 435 1487 688
45	130887	0.0	3	400 98346 27273 4868
46	259785	0.0	3	755 197866 51708 9456
47	4101	0.0	3	66 1159 1859 1017
48	126375	0.0	3	422 95072 25973 4908
49	125831	0.0	3	600 94382 25762 5087
50	115967	0.0	3	427 86396 24462 4682
51	117919	0.0	3	490 86957 24973 5499
52	393115	0.0	3	1352 305322 71020 15421
53	2446	0.0	3	14 489 1316 627
54	2069	0.0	3	4 268 1328 469
55	232233	0.0	3	537 174351 50885 6460
56	1637	0.0	3	17 431 791 398
57	814	0.0	3	2 91 474 247
58	81386	0.0	3	202 60306 17979 2899
59	129949	0.0	3	212 97448 28909 3380
60	1254	0.0	3	5 170 747 332
61	61656	0.0	3	95 45484 14170 1907
62	119005	0.0	3	245 89896 25264 3600
63	873	0.0	3	2 115 530 226
64	41849	0.0	3	88 30925 9764 1072
65	46987	0.0	3	105 35357 10147 1378
66	46290	0.0	3	119 34611 10000 1560
67	43499	0.0	3	90 32509 9601 1299
68	44210	0.0	3	124 33511 9086 1489
69	36423	0.0	3	88 27278 7898 1159
70	33180	0.0	3	103 24947 7079 1051
71	29109	0.0	3	77 21777 6321 934
72	26381	0.0	3	71 19763 5726 821
73	24830	0.0	3	62 18839 5143 786
74	26681	0.0	3	76 20733 5063 809
75	41099	0.0	3	130 33991 5633 1345
76	28906	0.0	3	99 23008 4724 1075
77	13300	0.0	3	44 9574 3170 512
78	9889	0.0	3	25 6963 2591 310
79	8462	0.0	3	20 5868 2360 214
80	7947	0.0	3	9 5377 2340 221
81	6329	0.0	3	6 4307 1850 166
82	4975	0.0	3	13 3469 1367 126
83	4475	0.0	3	8 3142 1217 108
84	3865	0.0	3	7 2710 1061 87
85	3615	0.0	3	8 2577 934 96
86	2889	0.0	3	3 1983 834 69
87	2426	0.0	3	4 1643 709 70
88	1958	0.0	3	2 1307 597 52
89	1618	0.0	3	1 1082 494 41
90	1411	0.0	3	1 923 440 47
91	1030	0.0	3	0 693 311 26
92	903	0.0	3	2 584 291 26
93	832	0.0	3	0 561 250 21
94	627	0.0	3	0 411 192 24
95	569	0.0	3	2 383 170 14
96	498	0.0	3	0 301 183 14
97	425	0.0	3	0 279 141 5
98	323	0.0	3	0 206 108 9
99	287	0.0	3	0 178 99 10
100	212	0.0	3	0 140 63 9
101	194	0.0	3	0 134 56 4
102	177	0.0	3	0 117 57 3
103	160	0.0	3	0 105 49 6
104	127	0.0	3	0 81 42 4
105	92	0.0	3	0 54 34 4
106	92	0.0	3	0 66 25 1
107	63	0.0	3	0 39 20 4
108	54	0.0	3	0 29 22 3
109	46	0.0	3	0 25 16 5
110	59	0.0	3	0 37 17 5
111	37	0.0	3	0 19 13 5
112	33	0.0	3	0 15 10 8
113	32	0.0	3	0 12 10 10
114	23	0.0	3	0 8 6 9
115	23	0.0	3	0 15 4 4
116	18	0.0	3	0 10 5 3
117	23	0.0	3	0 11 3 9
118	17	0.0	3	0 7 1 9
119	13	0.0	3	0 1 2 10
120	14	0.0	3	0 5 2 7
121	15	0.0	3	0 6 3 6
122	20	0.0	3	0 3 3 14
123	22	0.0	3	0 5 0 17
124	27	0.0	3	0 5 1 21
125	30	0.0	3	0 1 1 28
126	31	0.0	3	0 3 2 26
127	68	0.0	3	0 3 1 64
128	93	0.0	3	0 4 2 87
129	93	0.0	3	0 3 1 89
130	112	0.0	3	0 3 4 105
131	128	0.0	3	0 2 1 125
132	179	0.0	3	0 3 3 173
133	189	0.0	3	0 2 1 186
134	199	0.0	3	0 3 1 195
135	228	0.0	3	0 7 4 217
136	265	0.0	3	0 1 6 258
137	301	0.0	3	0 2 0 299
138	354	0.0	3	0 2 4 348
139	370	0.0	3	0 1 6 363
140	369	0.0	3	0 2 2 365
141	420	0.0	3	0 1 4 415
142	473	0.0	3	0 0 5 468
143	621	0.0	3	0 1 8 612
144	723	0.0	3	0 1 9 713
145	876	0.0	3	0 2 9 865
146	988	0.0	3	0 1 10 977
147	1200	0.0	3	0 1 16 1183
148	1940	0.0	3	0 0 28 1912
149	4819	0.0	3	0 0 52 4767
150	15068	0.0	3	0 0 174 14894
