This is cutadapt 2.9 with Python 3.5.2
Command line parameters: --nextseq-trim 10 --minimum-length 25 --cores 4 -a AGATCGGAAGAGCACACGTCTGAACTCCAGTCAC -A AGATCGGAAGAGCGTCGTGTAGGGAAAGAGTGTA -o Mcapitata_ATHC_TP5_1229_R1_TrimmingRound1.fastq.gz -p Mcapitata_ATHC_TP5_1229_R2_TrimmingRound1.fastq.gz Mcapitata_ATHC_TP5_1229_R1.fastq.gz Mcapitata_ATHC_TP5_1229_R2.fastq.gz
Processing reads on 4 cores in paired-end mode ...
Finished in 671.81 s (36 us/read; 1.69 M reads/minute).

=== Summary ===

Total read pairs processed:         18,883,990
  Read 1 with adapter:               5,223,416 (27.7%)
  Read 2 with adapter:               5,420,813 (28.7%)
Pairs written (passing filters):    18,837,525 (99.8%)

Total basepairs processed: 5,665,197,000 bp
  Read 1: 2,832,598,500 bp
  Read 2: 2,832,598,500 bp
Quality-trimmed:              11,702,256 bp (0.2%)
  Read 1:     5,028,542 bp
  Read 2:     6,673,714 bp
Total written (filtered):  5,357,342,819 bp (94.6%)
  Read 1: 2,679,575,064 bp
  Read 2: 2,677,767,755 bp

=== First read: Adapter 1 ===

Sequence: AGATCGGAAGAGCACACGTCTGAACTCCAGTCAC; Type: regular 3'; Length: 34; Trimmed: 5223416 times

No. of allowed errors:
0-9 bp: 0; 10-19 bp: 1; 20-29 bp: 2; 30-34 bp: 3

Bases preceding removed adapters:
  A: 18.6%
  C: 30.9%
  G: 33.5%
  T: 16.9%
  none/other: 0.1%

Overview of removed sequences
length	count	expect	max.err	error counts
3	394987	295062.3	0	394987
4	165334	73765.6	0	165334
5	307064	18441.4	0	307064
8	98158	288.1	0	98158
9	195222	72.0	0	195222
10	611	18.0	1	0 611
11	199131	4.5	1	195166 3965
12	494	1.1	1	0 494
13	100071	0.3	1	97712 2359
14	99427	0.1	1	96890 2537
15	98134	0.0	1	95574 2560
16	99590	0.0	1	96654 2936
17	194479	0.0	1	189694 4785
18	630	0.0	1	0 584 46
19	97562	0.0	1	94652 2811 99
20	98676	0.0	2	94591 3615 470
21	193896	0.0	2	187705 5300 891
22	940	0.0	2	0 855 85
23	97686	0.0	2	93747 3330 609
24	95904	0.0	2	91968 3481 455
25	95008	0.0	2	90924 3517 567
26	94038	0.0	2	89957 3553 528
27	92862	0.0	2	88643 3575 644
28	92865	0.0	2	87359 4972 496 38
29	180149	0.0	2	172792 6189 971 197
30	1617	0.0	3	0 1175 139 303
31	89476	0.0	3	84585 4070 553 268
32	89007	0.0	3	83657 4485 589 276
33	87306	0.0	3	81817 4649 581 259
34	86413	0.0	3	81015 4591 531 276
35	84334	0.0	3	79029 4491 571 243
36	83638	0.0	3	77630 5181 577 250
37	156204	0.0	3	148480 6313 992 419
38	2507	0.0	3	219 2103 120 65
39	147445	0.0	3	140532 5687 797 429
40	1622	0.0	3	207 1237 129 49
41	72453	0.0	3	68130 3605 513 205
42	70125	0.0	3	65841 3585 486 213
43	68404	0.0	3	64231 3454 485 234
44	66206	0.0	3	62168 3313 488 237
45	64402	0.0	3	60284 3319 533 266
46	60646	0.0	3	56248 3756 416 226
47	111216	0.0	3	105852 4284 718 362
48	1397	0.0	3	341 895 96 65
49	51868	0.0	3	48740 2542 397 189
50	50282	0.0	3	46555 3071 409 247
51	89843	0.0	3	85272 3635 609 327
52	1194	0.0	3	337 725 93 39
53	42828	0.0	3	39736 2563 354 175
54	76782	0.0	3	72891 3079 506 306
55	1002	0.0	3	258 634 72 38
56	34963	0.0	3	32838 1745 267 113
57	32737	0.0	3	30594 1736 247 160
58	29871	0.0	3	28031 1486 242 112
59	28515	0.0	3	26740 1416 258 101
60	26235	0.0	3	24368 1569 199 99
61	44968	0.0	3	42883 1686 260 139
62	601	0.0	3	178 384 27 12
63	20351	0.0	3	19137 1015 143 56
64	19106	0.0	3	17718 1186 135 67
65	32835	0.0	3	31348 1231 175 81
66	416	0.0	3	115 260 24 17
67	14583	0.0	3	13717 751 72 43
68	13128	0.0	3	12348 666 65 49
69	12025	0.0	3	11324 596 77 28
70	10873	0.0	3	10234 539 82 18
71	9968	0.0	3	9371 525 53 19
72	10726	0.0	3	10104 520 78 24
73	8070	0.0	3	7568 426 58 18
74	7624	0.0	3	7197 364 48 15
75	6847	0.0	3	6399 384 50 14
76	6017	0.0	3	5678 293 30 16
77	5658	0.0	3	5346 264 33 15
78	4845	0.0	3	4576 227 23 19
79	4186	0.0	3	3922 223 31 10
80	3979	0.0	3	3756 184 32 7
81	3367	0.0	3	3174 158 25 10
82	3172	0.0	3	3002 145 18 7
83	2982	0.0	3	2815 146 13 8
84	2495	0.0	3	2374 101 13 7
85	2315	0.0	3	2189 104 12 10
86	2184	0.0	3	2044 121 14 5
87	2034	0.0	3	1913 106 12 3
88	1829	0.0	3	1721 95 9 4
89	1609	0.0	3	1490 90 19 10
90	1440	0.0	3	1350 78 10 2
91	1345	0.0	3	1264 66 11 4
92	1206	0.0	3	1121 69 14 2
93	1022	0.0	3	955 54 9 4
94	971	0.0	3	917 45 3 6
95	889	0.0	3	833 47 7 2
96	743	0.0	3	702 34 4 3
97	700	0.0	3	668 25 5 2
98	659	0.0	3	601 47 5 6
99	622	0.0	3	574 43 4 1
100	547	0.0	3	512 29 5 1
101	573	0.0	3	541 28 4
102	469	0.0	3	444 23 1 1
103	351	0.0	3	325 21 1 4
104	344	0.0	3	324 17 3
105	309	0.0	3	281 22 5 1
106	353	0.0	3	329 18 6
107	267	0.0	3	249 16 1 1
108	254	0.0	3	235 11 6 2
109	266	0.0	3	249 15 2
110	198	0.0	3	178 13 6 1
111	180	0.0	3	167 11 1 1
112	194	0.0	3	173 16 4 1
113	174	0.0	3	161 10 0 3
114	163	0.0	3	148 11 4
115	140	0.0	3	127 10 2 1
116	132	0.0	3	122 6 1 3
117	124	0.0	3	112 7 4 1
118	120	0.0	3	109 10 1
119	143	0.0	3	126 14 2 1
120	108	0.0	3	92 14 2
121	103	0.0	3	91 9 3
122	109	0.0	3	94 13 1 1
123	111	0.0	3	102 7 2
124	115	0.0	3	104 8 2 1
125	141	0.0	3	124 13 2 2
126	118	0.0	3	106 11 1
127	118	0.0	3	113 4 1
128	151	0.0	3	143 8
129	193	0.0	3	168 25
130	204	0.0	3	186 15 2 1
131	238	0.0	3	217 17 2 2
132	238	0.0	3	214 22 2
133	262	0.0	3	234 25 1 2
134	290	0.0	3	268 21 1
135	400	0.0	3	374 23 2 1
136	405	0.0	3	366 36 3
137	411	0.0	3	359 49 3
138	396	0.0	3	356 36 3 1
139	430	0.0	3	372 53 5
140	556	0.0	3	484 67 4 1
141	596	0.0	3	522 71 3
142	406	0.0	3	325 76 5
143	503	0.0	3	396 95 10 2
144	664	0.0	3	470 180 11 3
145	706	0.0	3	534 160 10 2
146	1102	0.0	3	695 379 25 3
147	1697	0.0	3	709 919 63 6
148	3135	0.0	3	252 2695 171 17
149	9186	0.0	3	216 8290 641 39
150	23177	0.0	3	482 20820 1737 138


=== Second read: Adapter 2 ===

Sequence: AGATCGGAAGAGCGTCGTGTAGGGAAAGAGTGTA; Type: regular 3'; Length: 34; Trimmed: 5420813 times

No. of allowed errors:
0-9 bp: 0; 10-19 bp: 1; 20-29 bp: 2; 30-34 bp: 3

Bases preceding removed adapters:
  A: 18.7%
  C: 30.5%
  G: 41.1%
  T: 9.6%
  none/other: 0.1%

Overview of removed sequences
length	count	expect	max.err	error counts
3	535329	295062.3	0	535329
4	199472	73765.6	0	199472
5	310917	18441.4	0	310917
8	98312	288.1	0	98312
9	194674	72.0	0	194674
10	1015	18.0	1	0 1015
11	200066	4.5	1	194791 5275
12	1037	1.1	1	0 1037
13	200614	0.3	1	195138 5476
14	867	0.1	1	0 867
15	98456	0.0	1	95083 3373
16	198642	0.0	1	192332 6310
17	1144	0.0	1	0 1144
18	193345	0.0	1	187487 5650 208
19	1099	0.0	1	0 864 235
20	99952	0.0	2	94432 4877 643
21	387248	0.0	2	372812 12439 1997
22	1731	0.0	2	0 1510 221
23	719	0.0	2	0 237 482
24	823	0.0	2	0 622 201
25	95554	0.0	2	90757 4063 734
26	95461	0.0	2	90098 4701 662
27	184454	0.0	2	175802 7061 1591
28	2087	0.0	2	0 1825 186 76
29	182076	0.0	2	173480 7058 1488 50
30	2318	0.0	3	0 2071 146 101
31	177112	0.0	3	168282 6577 1494 759
32	1746	0.0	3	0 1302 291 153
33	88434	0.0	3	82487 4855 733 359
34	169432	0.0	3	160171 7262 1454 545
35	1804	0.0	3	196 1348 194 66
36	82995	0.0	3	78005 3937 750 303
37	80920	0.0	3	75912 3966 756 286
38	78448	0.0	3	73595 3867 686 300
39	76317	0.0	3	71476 3792 774 275
40	75114	0.0	3	70096 4160 564 294
41	141359	0.0	3	134860 5035 1001 463
42	2020	0.0	3	231 1615 129 45
43	132721	0.0	3	127220 4187 884 430
44	1407	0.0	3	237 968 161 41
45	63559	0.0	3	59984 2893 429 253
46	117463	0.0	3	112593 3779 737 354
47	1219	0.0	3	204 880 99 36
48	54640	0.0	3	51894 2114 427 205
49	52004	0.0	3	49326 2117 360 201
50	49578	0.0	3	46995 2007 386 190
51	47469	0.0	3	44482 2528 299 160
52	125041	0.0	3	119948 4082 608 403
53	868	0.0	3	261 457 132 18
54	1121	0.0	3	142 913 44 22
55	103343	0.0	3	99276 3204 574 289
56	732	0.0	3	237 397 60 38
57	432	0.0	3	83 244 84 21
58	29779	0.0	3	28036 1439 195 109
59	53251	0.0	3	51055 1705 338 153
60	640	0.0	3	102 451 59 28
61	23778	0.0	3	22453 1078 158 89
62	41892	0.0	3	40061 1391 270 170
63	441	0.0	3	67 313 36 25
64	18675	0.0	3	17806 657 127 85
65	17617	0.0	3	16650 777 108 82
66	15724	0.0	3	14906 655 92 71
67	14632	0.0	3	13765 673 120 74
68	13117	0.0	3	12365 594 95 63
69	12055	0.0	3	11406 519 70 60
70	10861	0.0	3	10236 482 85 58
71	9927	0.0	3	9420 392 71 44
72	8895	0.0	3	8394 393 67 41
73	8167	0.0	3	7687 359 76 45
74	7706	0.0	3	7199 392 71 44
75	6838	0.0	3	6411 331 56 40
76	7046	0.0	3	6644 309 55 38
77	5721	0.0	3	5363 286 45 27
78	4938	0.0	3	4621 229 56 32
79	4545	0.0	3	4256 218 43 28
80	4179	0.0	3	3926 185 39 29
81	3637	0.0	3	3400 178 32 27
82	3328	0.0	3	3127 136 43 22
83	2969	0.0	3	2778 141 26 24
84	2609	0.0	3	2453 111 30 15
85	2434	0.0	3	2282 100 30 22
86	2244	0.0	3	2098 96 25 25
87	2081	0.0	3	1934 97 29 21
88	1889	0.0	3	1759 83 27 20
89	1800	0.0	3	1683 76 18 23
90	1576	0.0	3	1455 76 26 19
91	1386	0.0	3	1281 72 23 10
92	1295	0.0	3	1208 57 15 15
93	1096	0.0	3	1017 55 13 11
94	1061	0.0	3	990 44 12 15
95	924	0.0	3	835 57 22 10
96	836	0.0	3	749 50 18 19
97	764	0.0	3	700 40 12 12
98	721	0.0	3	642 46 19 14
99	659	0.0	3	603 36 11 9
100	613	0.0	3	541 46 13 13
101	638	0.0	3	570 35 17 16
102	489	0.0	3	435 36 7 11
103	459	0.0	3	407 35 12 5
104	430	0.0	3	373 30 15 12
105	371	0.0	3	322 28 11 10
106	397	0.0	3	346 26 15 10
107	342	0.0	3	290 31 15 6
108	336	0.0	3	284 30 13 9
109	305	0.0	3	271 13 13 8
110	283	0.0	3	238 28 8 9
111	249	0.0	3	196 22 16 15
112	245	0.0	3	211 16 10 8
113	239	0.0	3	200 14 12 13
114	202	0.0	3	168 16 9 9
115	187	0.0	3	147 24 9 7
116	188	0.0	3	156 18 8 6
117	155	0.0	3	123 14 9 9
118	157	0.0	3	134 15 6 2
119	175	0.0	3	144 20 6 5
120	145	0.0	3	116 13 7 9
121	157	0.0	3	133 8 8 8
122	154	0.0	3	120 21 7 6
123	134	0.0	3	103 16 7 8
124	158	0.0	3	133 12 9 4
125	160	0.0	3	138 9 8 5
126	128	0.0	3	109 11 4 4
127	167	0.0	3	142 13 8 4
128	159	0.0	3	135 18 3 3
129	196	0.0	3	174 12 4 6
130	220	0.0	3	199 14 5 2
131	240	0.0	3	214 16 3 7
132	262	0.0	3	229 28 0 5
133	278	0.0	3	239 30 4 5
134	303	0.0	3	261 34 5 3
135	388	0.0	3	343 37 5 3
136	445	0.0	3	406 35 3 1
137	413	0.0	3	371 34 6 2
138	408	0.0	3	370 32 4 2
139	403	0.0	3	367 28 5 3
140	535	0.0	3	473 53 6 3
141	606	0.0	3	533 66 3 4
142	395	0.0	3	322 69 4
143	475	0.0	3	384 84 5 2
144	584	0.0	3	439 134 6 5
145	655	0.0	3	508 133 9 5
146	1002	0.0	3	721 252 23 6
147	1318	0.0	3	763 515 29 11
148	1795	0.0	3	233 1442 107 13
149	7587	0.0	3	144 6895 481 67
150	26040	0.0	3	609 23694 1560 177
