This is cutadapt 2.9 with Python 3.5.2
Command line parameters: --nextseq-trim 10 --minimum-length 25 --cores 4 -a AGATCGGAAGAGCACACGTCTGAACTCCAGTCAC -A AGATCGGAAGAGCGTCGTGTAGGGAAAGAGTGTA -o Mcapitata_ATAC_TP1_1037_R1_TrimmingRound1.fastq.gz -p Mcapitata_ATAC_TP1_1037_R2_TrimmingRound1.fastq.gz Mcapitata_ATAC_TP1_1037_R1.fastq.gz Mcapitata_ATAC_TP1_1037_R2.fastq.gz
Processing reads on 4 cores in paired-end mode ...
Finished in 736.20 s (37 us/read; 1.60 M reads/minute).

=== Summary ===

Total read pairs processed:         19,669,636
  Read 1 with adapter:               7,378,902 (37.5%)
  Read 2 with adapter:               7,516,428 (38.2%)
Pairs written (passing filters):    19,614,015 (99.7%)

Total basepairs processed: 5,900,890,800 bp
  Read 1: 2,950,445,400 bp
  Read 2: 2,950,445,400 bp
Quality-trimmed:              12,464,861 bp (0.2%)
  Read 1:     4,991,559 bp
  Read 2:     7,473,302 bp
Total written (filtered):  5,300,940,208 bp (89.8%)
  Read 1: 2,650,809,209 bp
  Read 2: 2,650,130,999 bp

=== First read: Adapter 1 ===

Sequence: AGATCGGAAGAGCACACGTCTGAACTCCAGTCAC; Type: regular 3'; Length: 34; Trimmed: 7378902 times

No. of allowed errors:
0-9 bp: 0; 10-19 bp: 1; 20-29 bp: 2; 30-34 bp: 3

Bases preceding removed adapters:
  A: 18.5%
  C: 28.1%
  G: 35.8%
  T: 17.5%
  none/other: 0.1%

Overview of removed sequences
length	count	expect	max.err	error counts
3	365328	307338.1	0	365328
4	146725	76834.5	0	146725
5	273675	19208.6	0	273675
8	87400	300.1	0	87400
9	175920	75.0	0	175920
10	550	18.8	1	0 550
11	180507	4.7	1	177323 3184
12	501	1.2	1	0 501
13	90616	0.3	1	88606 2010
14	91713	0.1	1	89491 2222
15	91590	0.0	1	89178 2412
16	91812	0.0	1	89033 2779
17	183021	0.0	1	178331 4690
18	685	0.0	1	0 620 65
19	92009	0.0	1	89181 2690 138
20	93646	0.0	2	90157 3254 235
21	186823	0.0	2	180793 5526 504
22	994	0.0	2	0 905 89
23	94749	0.0	2	91236 3152 361
24	94688	0.0	2	90840 3525 323
25	94113	0.0	2	90140 3648 325
26	95090	0.0	2	91072 3677 341
27	93257	0.0	2	89154 3590 513
28	94693	0.0	2	89711 4568 344 70
29	187553	0.0	2	179930 6785 705 133
30	1546	0.0	3	0 1111 175 260
31	94919	0.0	3	90093 4243 466 117
32	95693	0.0	3	90501 4545 494 153
33	95824	0.0	3	90442 4809 494 79
34	97780	0.0	3	91369 5814 474 123
35	190042	0.0	3	181006 8132 731 173
36	1541	0.0	3	78 1300 120 43
37	96464	0.0	3	91186 4730 438 110
38	95765	0.0	3	90400 4831 430 104
39	95011	0.0	3	89592 4861 452 106
40	95949	0.0	3	90601 4879 378 91
41	95985	0.0	3	90675 4787 415 108
42	96354	0.0	3	90960 4864 404 126
43	96023	0.0	3	90699 4829 390 105
44	96750	0.0	3	91329 4886 407 128
45	97265	0.0	3	91688 4954 496 127
46	95751	0.0	3	89744 5537 372 98
47	188679	0.0	3	180070 7868 587 154
48	1779	0.0	3	268 1329 122 60
49	93178	0.0	3	88271 4457 369 81
50	93581	0.0	3	87791 5400 316 74
51	182658	0.0	3	174831 7184 510 133
52	1745	0.0	3	324 1231 176 14
53	92586	0.0	3	87182 5015 289 100
54	182849	0.0	3	174727 7496 489 137
55	1654	0.0	3	265 1238 113 38
56	90233	0.0	3	85509 4348 294 82
57	89446	0.0	3	84370 4676 320 80
58	87599	0.0	3	82669 4551 307 72
59	86029	0.0	3	81276 4303 396 54
60	85353	0.0	3	79976 5001 282 94
61	165284	0.0	3	157538 7184 464 98
62	1613	0.0	3	269 1203 97 44
63	81667	0.0	3	77421 3894 304 48
64	81439	0.0	3	76375 4747 251 66
65	155184	0.0	3	148073 6566 456 89
66	1482	0.0	3	235 1097 117 33
67	74649	0.0	3	70895 3405 287 62
68	73265	0.0	3	69275 3659 269 62
69	70125	0.0	3	66277 3502 281 65
70	67565	0.0	3	63992 3298 227 48
71	64654	0.0	3	60946 3419 237 52
72	75886	0.0	3	72028 3508 273 77
73	59057	0.0	3	55944 2857 207 49
74	58588	0.0	3	55585 2756 207 40
75	55000	0.0	3	52015 2745 201 39
76	53304	0.0	3	50459 2616 191 38
77	47699	0.0	3	45132 2350 179 38
78	43637	0.0	3	41300 2170 132 35
79	40293	0.0	3	38141 2013 108 31
80	36271	0.0	3	34336 1800 105 30
81	34271	0.0	3	32523 1630 91 27
82	30433	0.0	3	28919 1403 96 15
83	27772	0.0	3	26319 1353 79 21
84	24592	0.0	3	23339 1163 78 12
85	21931	0.0	3	20793 1058 60 20
86	19935	0.0	3	18904 958 64 9
87	17932	0.0	3	17022 856 46 8
88	16725	0.0	3	15900 775 41 9
89	13675	0.0	3	12984 639 38 14
90	12345	0.0	3	11731 571 36 7
91	10797	0.0	3	10213 539 37 8
92	9247	0.0	3	8803 416 22 6
93	7007	0.0	3	6671 305 21 10
94	6222	0.0	3	5887 319 14 2
95	5701	0.0	3	5426 247 23 5
96	4399	0.0	3	4164 218 14 3
97	4192	0.0	3	3983 190 14 5
98	3539	0.0	3	3358 173 7 1
99	3114	0.0	3	2969 128 12 5
100	2639	0.0	3	2523 104 9 3
101	2368	0.0	3	2262 95 7 4
102	1892	0.0	3	1790 93 7 2
103	1400	0.0	3	1333 59 5 3
104	1208	0.0	3	1151 50 6 1
105	1034	0.0	3	978 52 4
106	920	0.0	3	868 48 1 3
107	819	0.0	3	773 40 4 2
108	712	0.0	3	681 31
109	639	0.0	3	603 33 2 1
110	500	0.0	3	475 23 2
111	490	0.0	3	464 21 3 2
112	453	0.0	3	423 26 4
113	463	0.0	3	432 25 6
114	374	0.0	3	348 23 1 2
115	382	0.0	3	355 21 6
116	365	0.0	3	341 18 4 2
117	351	0.0	3	326 24 1
118	380	0.0	3	364 13 2 1
119	385	0.0	3	359 24 2
120	380	0.0	3	353 27
121	410	0.0	3	388 21 1
122	424	0.0	3	389 33 2
123	429	0.0	3	397 28 2 2
124	481	0.0	3	456 22 3
125	558	0.0	3	507 45 6
126	567	0.0	3	532 32 1 2
127	595	0.0	3	566 28 1
128	652	0.0	3	610 41 1
129	652	0.0	3	606 42 4
130	797	0.0	3	758 38 1
131	866	0.0	3	819 41 6
132	897	0.0	3	828 65 4
133	987	0.0	3	917 68 2
134	1034	0.0	3	965 66 3
135	1217	0.0	3	1141 72 4
136	1316	0.0	3	1244 71 1
137	1242	0.0	3	1149 89 3 1
138	1237	0.0	3	1135 100 1 1
139	1182	0.0	3	1075 101 5 1
140	1395	0.0	3	1275 116 2 2
141	1521	0.0	3	1377 137 7
142	941	0.0	3	821 113 7
143	963	0.0	3	776 173 14
144	1069	0.0	3	799 259 10 1
145	1197	0.0	3	938 239 19 1
146	1540	0.0	3	1132 389 19
147	1967	0.0	3	992 929 45 1
148	2824	0.0	3	256 2434 124 10
149	8050	0.0	3	204 7334 485 27
150	19558	0.0	3	526 17945 1034 53


=== Second read: Adapter 2 ===

Sequence: AGATCGGAAGAGCGTCGTGTAGGGAAAGAGTGTA; Type: regular 3'; Length: 34; Trimmed: 7516428 times

No. of allowed errors:
0-9 bp: 0; 10-19 bp: 1; 20-29 bp: 2; 30-34 bp: 3

Bases preceding removed adapters:
  A: 17.7%
  C: 27.1%
  G: 44.6%
  T: 10.5%
  none/other: 0.1%

Overview of removed sequences
length	count	expect	max.err	error counts
3	483232	307338.1	0	483232
4	174136	76834.5	0	174136
5	276751	19208.6	0	276751
8	87341	300.1	0	87341
9	176079	75.0	0	176079
10	673	18.8	1	0 673
11	180348	4.7	1	177371 2977
12	626	1.2	1	0 626
13	182181	0.3	1	178584 3597
14	422	0.1	1	0 422
15	91144	0.0	1	88844 2300
16	183514	0.0	1	178757 4757
17	759	0.0	1	0 759
18	181155	0.0	1	176523 4469 163
19	797	0.0	1	0 528 269
20	94110	0.0	2	89526 4171 413
21	373400	0.0	2	359667 12193 1540
22	909	0.0	2	0 825 84
23	457	0.0	2	0 118 339
24	760	0.0	2	0 627 133
25	93653	0.0	2	89301 3771 581
26	95340	0.0	2	90165 4596 579
27	185369	0.0	2	177074 7026 1269
28	1561	0.0	2	0 1413 103 45
29	188532	0.0	2	179432 7756 1309 35
30	1711	0.0	3	0 1548 104 59
31	187395	0.0	3	177682 7733 1215 765
32	1354	0.0	3	0 942 366 46
33	96573	0.0	3	89126 6404 798 245
34	285504	0.0	3	268710 14255 1891 648
35	818	0.0	3	109 538 127 44
36	865	0.0	3	23 621 140 81
37	96170	0.0	3	89444 5475 965 286
38	97696	0.0	3	89316 7257 787 336
39	378699	0.0	3	356779 18426 2456 1038
40	1044	0.0	3	133 772 75 64
41	386	0.0	3	120 73 167 26
42	1647	0.0	3	212 1295 88 52
43	190013	0.0	3	179201 9066 1235 511
44	1383	0.0	3	236 933 183 31
45	96246	0.0	3	89556 5769 617 304
46	190029	0.0	3	179038 9153 1249 589
47	1383	0.0	3	235 965 139 44
48	94181	0.0	3	88266 4986 672 257
49	93362	0.0	3	87500 4948 638 276
50	92726	0.0	3	86576 5084 809 257
51	93250	0.0	3	86411 5959 657 223
52	274749	0.0	3	259494 12785 1647 823
53	1172	0.0	3	337 559 238 38
54	2330	0.0	3	344 1833 119 34
55	267842	0.0	3	254616 11126 1348 752
56	967	0.0	3	330 508 89 40
57	934	0.0	3	151 613 149 21
58	87980	0.0	3	82765 4624 436 155
59	168474	0.0	3	160292 6871 878 433
60	1289	0.0	3	255 849 160 25
61	84681	0.0	3	79631 4371 478 201
62	163384	0.0	3	155843 6321 778 442
63	1171	0.0	3	234 816 90 31
64	80020	0.0	3	76016 3374 438 192
65	79644	0.0	3	75517 3577 395 155
66	77396	0.0	3	73388 3471 357 180
67	74870	0.0	3	70845 3506 359 160
68	73240	0.0	3	69388 3308 365 179
69	70022	0.0	3	66456 3064 358 144
70	67453	0.0	3	64101 2912 318 122
71	64390	0.0	3	61193 2771 292 134
72	61280	0.0	3	58226 2685 261 108
73	59043	0.0	3	56106 2522 254 161
74	57273	0.0	3	54418 2430 276 149
75	53813	0.0	3	51037 2385 246 145
76	63562	0.0	3	60439 2728 281 114
77	48723	0.0	3	46406 2031 188 98
78	46356	0.0	3	44229 1893 167 67
79	42425	0.0	3	40415 1772 167 71
80	38806	0.0	3	37040 1531 162 73
81	33472	0.0	3	31879 1418 120 55
82	30748	0.0	3	29304 1263 123 58
83	26669	0.0	3	25359 1138 106 66
84	24907	0.0	3	23764 987 103 53
85	22549	0.0	3	21542 872 86 49
86	20000	0.0	3	19049 802 98 51
87	18148	0.0	3	17333 701 76 38
88	15939	0.0	3	15202 643 58 36
89	14438	0.0	3	13771 577 54 36
90	12588	0.0	3	12051 460 51 26
91	10700	0.0	3	10168 459 57 16
92	8811	0.0	3	8364 385 42 20
93	7342	0.0	3	7004 284 35 19
94	6138	0.0	3	5859 232 28 19
95	5210	0.0	3	4956 208 34 12
96	4624	0.0	3	4396 201 16 11
97	4017	0.0	3	3837 154 19 7
98	3637	0.0	3	3436 163 20 18
99	2994	0.0	3	2845 125 16 8
100	2569	0.0	3	2430 112 9 18
101	2279	0.0	3	2155 97 19 8
102	1841	0.0	3	1744 72 13 12
103	1561	0.0	3	1461 81 10 9
104	1219	0.0	3	1149 59 8 3
105	1074	0.0	3	1010 52 5 7
106	895	0.0	3	845 33 13 4
107	892	0.0	3	827 45 8 12
108	761	0.0	3	700 37 17 7
109	663	0.0	3	618 31 9 5
110	575	0.0	3	535 30 4 6
111	499	0.0	3	456 28 8 7
112	496	0.0	3	446 36 6 8
113	450	0.0	3	411 26 6 7
114	419	0.0	3	375 30 3 11
115	410	0.0	3	383 19 6 2
116	404	0.0	3	362 32 7 3
117	388	0.0	3	361 19 5 3
118	417	0.0	3	382 22 7 6
119	383	0.0	3	348 23 9 3
120	373	0.0	3	352 16 3 2
121	458	0.0	3	420 27 6 5
122	418	0.0	3	395 19 2 2
123	444	0.0	3	410 25 6 3
124	475	0.0	3	439 30 2 4
125	536	0.0	3	496 32 4 4
126	584	0.0	3	558 21 1 4
127	594	0.0	3	552 33 8 1
128	626	0.0	3	596 22 5 3
129	704	0.0	3	666 30 6 2
130	790	0.0	3	741 43 5 1
131	869	0.0	3	822 43 4
132	880	0.0	3	828 38 6 8
133	991	0.0	3	930 60 0 1
134	1016	0.0	3	935 71 5 5
135	1208	0.0	3	1135 67 5 1
136	1319	0.0	3	1236 75 6 2
137	1263	0.0	3	1179 75 5 4
138	1207	0.0	3	1133 70 2 2
139	1156	0.0	3	1070 75 8 3
140	1462	0.0	3	1338 117 6 1
141	1520	0.0	3	1399 110 8 3
142	926	0.0	3	806 112 8
143	922	0.0	3	783 137 2
144	1022	0.0	3	831 184 5 2
145	1090	0.0	3	895 184 10 1
146	1469	0.0	3	1163 293 11 2
147	1778	0.0	3	1111 646 18 3
148	1943	0.0	3	282 1599 57 5
149	6871	0.0	3	186 6446 224 15
150	21415	0.0	3	571 20031 766 47
