This is cutadapt 2.9 with Python 3.5.2
Command line parameters: --nextseq-trim 10 --minimum-length 25 --cores 4 -a AGATCGGAAGAGCACACGTCTGAACTCCAGTCAC -A AGATCGGAAGAGCGTCGTGTAGGGAAAGAGTGTA -o Mcapitata_ATAC_TP9_1121_R1_TrimmingRound1.fastq.gz -p Mcapitata_ATAC_TP9_1121_R2_TrimmingRound1.fastq.gz Mcapitata_ATAC_TP9_1121_R1.fastq.gz Mcapitata_ATAC_TP9_1121_R2.fastq.gz
Processing reads on 4 cores in paired-end mode ...
Finished in 1099.13 s (41 us/read; 1.48 M reads/minute).

=== Summary ===

Total read pairs processed:         27,083,306
  Read 1 with adapter:              10,643,823 (39.3%)
  Read 2 with adapter:              10,843,224 (40.0%)
Pairs written (passing filters):    27,015,388 (99.7%)

Total basepairs processed: 8,124,991,800 bp
  Read 1: 4,062,495,900 bp
  Read 2: 4,062,495,900 bp
Quality-trimmed:              16,838,140 bp (0.2%)
  Read 1:     7,357,317 bp
  Read 2:     9,480,823 bp
Total written (filtered):  7,252,632,164 bp (89.3%)
  Read 1: 3,626,676,963 bp
  Read 2: 3,625,955,201 bp

=== First read: Adapter 1 ===

Sequence: AGATCGGAAGAGCACACGTCTGAACTCCAGTCAC; Type: regular 3'; Length: 34; Trimmed: 10643823 times

No. of allowed errors:
0-9 bp: 0; 10-19 bp: 1; 20-29 bp: 2; 30-34 bp: 3

Bases preceding removed adapters:
  A: 18.3%
  C: 28.2%
  G: 36.5%
  T: 17.0%
  none/other: 0.0%

Overview of removed sequences
length	count	expect	max.err	error counts
3	491690	423176.7	0	491690
4	204246	105794.2	0	204246
5	392848	26448.5	0	392848
8	125849	413.3	0	125849
9	252769	103.3	0	252769
10	987	25.8	1	0 987
11	258011	6.5	1	252879 5132
12	719	1.6	1	0 719
13	131522	0.4	1	128026 3496
14	131845	0.1	1	128287 3558
15	131853	0.0	1	127992 3861
16	131967	0.0	1	127635 4332
17	262599	0.0	1	255683 6916
18	1110	0.0	1	0 1030 80
19	132911	0.0	1	128341 4398 172
20	134978	0.0	2	129154 5501 323
21	267232	0.0	2	258394 8155 683
22	1644	0.0	2	0 1516 128
23	135240	0.0	2	129585 5173 482
24	135192	0.0	2	129160 5514 518
25	135391	0.0	2	129260 5594 537
26	135490	0.0	2	129193 5818 479
27	135117	0.0	2	128613 5788 716
28	137126	0.0	2	128635 7909 492 90
29	268563	0.0	2	257698 9659 972 234
30	3034	0.0	3	0 2133 292 609
31	136725	0.0	3	128912 6991 666 156
32	138330	0.0	3	129870 7610 676 174
33	138512	0.0	3	129866 7768 769 109
34	140653	0.0	3	129920 9879 673 181
35	271870	0.0	3	258573 11864 1242 191
36	5047	0.0	3	80 4441 465 61
37	270806	0.0	3	258412 10516 970 908
38	3329	0.0	3	88 2771 384 86
39	136232	0.0	3	127956 6925 891 460
40	140000	0.0	3	129366 9417 806 411
41	272589	0.0	3	259884 10888 929 888
42	3270	0.0	3	90 2701 393 86
43	138511	0.0	3	130293 7067 738 413
44	138032	0.0	3	129390 7348 761 533
45	139816	0.0	3	131284 7212 841 479
46	136953	0.0	3	126722 8939 790 502
47	266403	0.0	3	254226 10441 808 928
48	3653	0.0	3	483 2670 390 110
49	133508	0.0	3	125767 6549 789 403
50	136312	0.0	3	126660 8683 672 297
51	262739	0.0	3	251347 10173 717 502
52	3729	0.0	3	531 2723 437 38
53	134949	0.0	3	125647 8295 723 284
54	260618	0.0	3	248951 10495 648 524
55	3523	0.0	3	493 2601 378 51
56	129832	0.0	3	122394 6579 564 295
57	128686	0.0	3	120687 7105 612 282
58	126572	0.0	3	118816 6907 603 246
59	124141	0.0	3	116521 6687 703 230
60	124353	0.0	3	114998 8404 672 279
61	237365	0.0	3	226770 9536 570 489
62	3246	0.0	3	469 2348 342 87
63	118414	0.0	3	111447 6107 647 213
64	118848	0.0	3	110036 7870 647 295
65	224192	0.0	3	214008 8821 692 671
66	2947	0.0	3	394 2162 338 53
67	109008	0.0	3	102666 5438 539 365
68	106026	0.0	3	99800 5346 528 352
69	101650	0.0	3	95495 5297 529 329
70	98063	0.0	3	92139 5123 482 319
71	95558	0.0	3	89534 5212 484 328
72	116501	0.0	3	110155 5466 559 321
73	87938	0.0	3	82549 4666 476 247
74	87556	0.0	3	82611 4357 389 199
75	82532	0.0	3	77756 4178 375 223
76	80722	0.0	3	76176 3979 345 222
77	72837	0.0	3	68691 3613 346 187
78	67376	0.0	3	63641 3330 270 135
79	59017	0.0	3	55540 3110 251 116
80	55966	0.0	3	52800 2799 244 123
81	51643	0.0	3	48523 2763 235 122
82	48391	0.0	3	45707 2383 183 118
83	42515	0.0	3	40052 2188 172 103
84	37905	0.0	3	35707 1938 155 105
85	35017	0.0	3	33094 1680 131 112
86	30950	0.0	3	29188 1514 136 112
87	28474	0.0	3	26854 1364 151 105
88	26307	0.0	3	24962 1171 107 67
89	22145	0.0	3	20926 1070 97 52
90	19256	0.0	3	18236 898 77 45
91	17560	0.0	3	16624 826 65 45
92	15054	0.0	3	14237 719 53 45
93	11874	0.0	3	11252 543 50 29
94	10308	0.0	3	9759 482 42 25
95	9103	0.0	3	8586 442 42 33
96	7206	0.0	3	6806 329 40 31
97	6769	0.0	3	6367 351 27 24
98	5854	0.0	3	5529 288 19 18
99	5171	0.0	3	4892 245 19 15
100	4369	0.0	3	4119 216 18 16
101	3663	0.0	3	3437 202 16 8
102	3041	0.0	3	2873 157 8 3
103	2268	0.0	3	2111 138 10 9
104	1952	0.0	3	1837 103 10 2
105	1744	0.0	3	1638 94 7 5
106	1410	0.0	3	1339 54 8 9
107	1217	0.0	3	1145 58 5 9
108	1095	0.0	3	1040 46 4 5
109	984	0.0	3	928 52 4
110	860	0.0	3	817 35 5 3
111	729	0.0	3	681 37 8 3
112	702	0.0	3	650 44 7 1
113	599	0.0	3	565 27 4 3
114	541	0.0	3	505 28 8
115	515	0.0	3	479 30 4 2
116	533	0.0	3	498 30 3 2
117	469	0.0	3	433 32 4
118	460	0.0	3	429 27 3 1
119	461	0.0	3	430 26 2 3
120	471	0.0	3	427 37 2 5
121	498	0.0	3	465 30 3
122	525	0.0	3	491 27 3 4
123	546	0.0	3	514 26 4 2
124	568	0.0	3	529 35 4
125	587	0.0	3	554 25 5 3
126	704	0.0	3	658 37 5 4
127	698	0.0	3	643 48 3 4
128	772	0.0	3	713 52 6 1
129	828	0.0	3	772 47 7 2
130	932	0.0	3	839 82 10 1
131	982	0.0	3	908 69 3 2
132	1096	0.0	3	1013 75 3 5
133	1239	0.0	3	1139 92 5 3
134	1405	0.0	3	1287 111 3 4
135	1579	0.0	3	1474 100 4 1
136	1729	0.0	3	1586 133 7 3
137	1749	0.0	3	1637 106 4 2
138	1852	0.0	3	1707 138 6 1
139	1770	0.0	3	1637 129 2 2
140	2029	0.0	3	1863 155 8 3
141	2277	0.0	3	2061 205 5 6
142	1416	0.0	3	1232 171 10 3
143	1632	0.0	3	1367 253 8 4
144	1670	0.0	3	1374 272 17 7
145	1820	0.0	3	1514 288 14 4
146	2304	0.0	3	1755 508 36 5
147	2825	0.0	3	1631 1117 72 5
148	3340	0.0	3	440 2725 159 16
149	8683	0.0	3	194 8002 451 36
150	20795	0.0	3	436 19111 1167 81


=== Second read: Adapter 2 ===

Sequence: AGATCGGAAGAGCGTCGTGTAGGGAAAGAGTGTA; Type: regular 3'; Length: 34; Trimmed: 10843224 times

No. of allowed errors:
0-9 bp: 0; 10-19 bp: 1; 20-29 bp: 2; 30-34 bp: 3

Bases preceding removed adapters:
  A: 17.6%
  C: 27.4%
  G: 45.1%
  T: 9.9%
  none/other: 0.1%

Overview of removed sequences
length	count	expect	max.err	error counts
3	664102	423176.7	0	664102
4	246532	105794.2	0	246532
5	396515	26448.5	0	396515
8	125990	413.3	0	125990
9	252805	103.3	0	252805
10	1057	25.8	1	0 1057
11	257925	6.5	1	253232 4693
12	893	1.6	1	0 893
13	262791	0.4	1	257231 5560
14	658	0.1	1	0 658
15	131282	0.0	1	127753 3529
16	262792	0.0	1	255684 7108
17	1169	0.0	1	0 1169
18	261622	0.0	1	254659 6675 288
19	1169	0.0	1	0 813 356
20	135591	0.0	2	128988 6054 549
21	534510	0.0	2	515849 16918 1743
22	1292	0.0	2	0 1123 169
23	590	0.0	2	0 185 405
24	1029	0.0	2	0 835 194
25	134878	0.0	2	128627 5459 792
26	136002	0.0	2	128771 6571 660
27	267934	0.0	2	255940 10305 1689
28	2297	0.0	2	0 2053 141 103
29	270177	0.0	2	257821 10841 1481 34
30	2404	0.0	3	0 2170 146 88
31	271892	0.0	3	258411 11368 1508 605
32	1757	0.0	3	0 1343 242 172
33	137816	0.0	3	129576 6295 1564 381
34	138389	0.0	3	39 130450 7087 813
35	137584	0.0	3	42 129103 7499 940
36	138545	0.0	3	19 129439 8066 1021
37	272480	0.0	3	62 257941 12589 1888
38	1692	0.0	3	6 126 1352 208
39	136328	0.0	3	64 128148 7079 1037
40	139306	0.0	3	33 129961 8300 1012
41	273881	0.0	3	44 259700 12215 1922
42	2409	0.0	3	0 151 2130 128
43	273163	0.0	3	92 259102 12182 1787
44	1826	0.0	3	0 291 1246 289
45	137606	0.0	3	46 128894 7724 942
46	270770	0.0	3	141 256983 11817 1829
47	1699	0.0	3	2 327 1189 181
48	134064	0.0	3	26 126431 6652 955
49	133768	0.0	3	21 126138 6592 1017
50	134354	0.0	3	34 126406 6797 1117
51	134662	0.0	3	40 125519 8225 878
52	396689	0.0	3	171 377239 16629 2650
53	1546	0.0	3	0 565 644 337
54	2747	0.0	3	1 127 2457 162
55	386033	0.0	3	230 368393 15343 2067
56	1323	0.0	3	1 553 615 154
57	1244	0.0	3	0 120 912 212
58	126871	0.0	3	12 119778 6281 800
59	243751	0.0	3	68 233068 9288 1327
60	1635	0.0	3	0 303 1124 208
61	121623	0.0	3	37 114831 6007 748
62	237335	0.0	3	129 227223 8619 1364
63	1516	0.0	3	7 275 1105 129
64	116072	0.0	3	53 110688 4739 592
65	116059	0.0	3	15 110229 5053 762
66	112008	0.0	3	33 106478 4842 655
67	109428	0.0	3	15 103985 4774 654
68	105866	0.0	3	65 100635 4610 556
69	101442	0.0	3	28 96829 4076 509
70	97874	0.0	3	18 93293 4106 457
71	94914	0.0	3	16 90510 3907 481
72	91489	0.0	3	12 87001 3989 487
73	87738	0.0	3	35 83717 3551 435
74	85109	0.0	3	44 81293 3358 414
75	81431	0.0	3	29 77753 3273 376
76	90732	0.0	3	17 86392 3832 491
77	74004	0.0	3	14 70574 3068 348
78	67930	0.0	3	9 64777 2841 303
79	63898	0.0	3	8 61111 2497 282
80	60278	0.0	3	14 57722 2297 245
81	52289	0.0	3	8 49974 2085 222
82	47742	0.0	3	14 45638 1877 213
83	43071	0.0	3	23 41149 1719 180
84	38891	0.0	3	9 37184 1536 162
85	35878	0.0	3	14 34336 1333 195
86	32123	0.0	3	12 30781 1183 147
87	29084	0.0	3	5 27848 1097 134
88	25949	0.0	3	3 24764 1057 125
89	23354	0.0	3	8 22306 928 112
90	20290	0.0	3	2 19453 735 100
91	17594	0.0	3	6 16812 681 95
92	14796	0.0	3	1 14135 586 74
93	12808	0.0	3	3 12209 545 51
94	10394	0.0	3	4 9937 402 51
95	8946	0.0	3	6 8534 348 58
96	7830	0.0	3	1 7451 329 49
97	6657	0.0	3	3 6368 246 40
98	5984	0.0	3	1 5690 250 43
99	5128	0.0	3	0 4906 196 26
100	4476	0.0	3	0 4258 184 34
101	3822	0.0	3	1 3637 160 24
102	2919	0.0	3	0 2765 132 22
103	2492	0.0	3	1 2353 125 13
104	2028	0.0	3	0 1910 93 25
105	1768	0.0	3	0 1681 74 13
106	1454	0.0	3	1 1372 73 8
107	1359	0.0	3	1 1269 71 18
108	1211	0.0	3	0 1134 58 19
109	1018	0.0	3	1 938 63 16
110	941	0.0	3	0 880 49 12
111	787	0.0	3	0 740 37 10
112	749	0.0	3	0 706 38 5
113	636	0.0	3	0 584 42 10
114	573	0.0	3	0 503 51 19
115	560	0.0	3	0 518 32 10
116	582	0.0	3	1 538 30 13
117	510	0.0	3	0 470 27 13
118	489	0.0	3	0 448 27 14
119	497	0.0	3	0 452 33 12
120	455	0.0	3	2 415 28 10
121	543	0.0	3	2 494 37 10
122	531	0.0	3	2 481 39 9
123	561	0.0	3	0 520 35 6
124	596	0.0	3	0 553 34 9
125	643	0.0	3	0 590 41 12
126	687	0.0	3	0 644 33 10
127	753	0.0	3	0 699 40 14
128	745	0.0	3	1 700 32 12
129	805	0.0	3	1 750 45 9
130	864	0.0	3	1 812 42 9
131	972	0.0	3	0 910 56 6
132	1092	0.0	3	1 1017 66 8
133	1198	0.0	3	0 1131 62 5
134	1311	0.0	3	0 1231 75 5
135	1606	0.0	3	0 1522 77 7
136	1725	0.0	3	0 1624 97 4
137	1718	0.0	3	0 1620 91 7
138	1751	0.0	3	0 1644 102 5
139	1732	0.0	3	1 1617 107 7
140	2023	0.0	3	0 1895 120 8
141	2450	0.0	3	1 2284 155 10
142	1373	0.0	3	0 1223 139 11
143	1497	0.0	3	0 1342 148 7
144	1600	0.0	3	0 1398 195 7
145	1803	0.0	3	2 1569 224 8
146	2284	0.0	3	0 1901 359 24
147	2490	0.0	3	0 1800 663 27
148	2241	0.0	3	0 495 1686 60
149	7186	0.0	3	0 185 6740 261
150	23728	0.0	3	1 487 22394 846
