This is cutadapt 2.9 with Python 3.5.2
Command line parameters: --nextseq-trim 10 --minimum-length 25 --cores 4 -a AGATCGGAAGAGCACACGTCTGAACTCCAGTCAC -A AGATCGGAAGAGCGTCGTGTAGGGAAAGAGTGTA -o Mcapitata_HTHC_TP5_1345_R1_TrimmingRound1.fastq.gz -p Mcapitata_HTHC_TP5_1345_R2_TrimmingRound1.fastq.gz Mcapitata_HTHC_TP5_1345_R1.fastq.gz Mcapitata_HTHC_TP5_1345_R2.fastq.gz
Processing reads on 4 cores in paired-end mode ...
Finished in 642.27 s (38 us/read; 1.59 M reads/minute).

=== Summary ===

Total read pairs processed:         16,983,685
  Read 1 with adapter:               8,913,813 (52.5%)
  Read 2 with adapter:               8,286,172 (48.8%)
Pairs written (passing filters):    16,874,041 (99.4%)

Total basepairs processed: 5,095,105,500 bp
  Read 1: 2,547,552,750 bp
  Read 2: 2,547,552,750 bp
Quality-trimmed:              34,962,081 bp (0.7%)
  Read 1:     5,567,268 bp
  Read 2:    29,394,813 bp
Total written (filtered):  4,494,108,656 bp (88.2%)
  Read 1: 2,235,482,584 bp
  Read 2: 2,258,626,072 bp

=== First read: Adapter 1 ===

Sequence: AGATCGGAAGAGCACACGTCTGAACTCCAGTCAC; Type: regular 3'; Length: 34; Trimmed: 8913813 times

No. of allowed errors:
0-9 bp: 0; 10-19 bp: 1; 20-29 bp: 2; 30-34 bp: 3

Bases preceding removed adapters:
  A: 16.7%
  C: 39.4%
  G: 19.9%
  T: 24.0%
  none/other: 0.0%

Overview of removed sequences
length	count	expect	max.err	error counts
3	279267	265370.1	0	279267
4	144202	66342.5	0	144202
5	336751	16585.6	0	336751
8	109662	259.2	0	109662
9	215955	64.8	0	215955
10	573	16.2	1	0 573
11	283690	4.0	1	218772 64918
12	629	1.0	1	0 629
13	146311	0.3	1	112309 34002
14	153409	0.1	1	117336 36073
15	151501	0.0	1	116762 34739
16	161391	0.0	1	123221 38170
17	306179	0.0	1	235420 70759
18	1227	0.0	1	0 1075 152
19	154782	0.0	1	117299 36925 558
20	152461	0.0	2	113471 36429 2561
21	309112	0.0	2	232208 71737 5167
22	1859	0.0	2	0 1296 563
23	157935	0.0	2	118258 36874 2803
24	163083	0.0	2	120456 39227 3400
25	165482	0.0	2	122590 39376 3516
26	167182	0.0	2	123813 39903 3466
27	167949	0.0	2	123991 40054 3904
28	167733	0.0	2	122344 41441 3851 97
29	319738	0.0	2	237625 75705 6189 219
30	3114	0.0	3	0 1838 856 420
31	161054	0.0	3	116903 38929 3817 1405
32	156728	0.0	3	114513 37464 3473 1278
33	160645	0.0	3	116782 38869 3751 1243
34	163134	0.0	3	118200 39466 4056 1412
35	162506	0.0	3	117909 39433 3863 1301
36	172384	0.0	3	123204 42589 4711 1880
37	320338	0.0	3	235159 76064 6594 2521
38	4480	0.0	3	298 2939 983 260
39	304967	0.0	3	224794 72426 5640 2107
40	2789	0.0	3	109 1796 724 160
41	143153	0.0	3	105169 34316 2711 957
42	141991	0.0	3	103742 34517 2823 909
43	142879	0.0	3	103751 34903 3097 1128
44	142226	0.0	3	103509 34549 3058 1110
45	153611	0.0	3	111802 37095 3471 1243
46	130715	0.0	3	94468 32314 2949 984
47	270808	0.0	3	199970 64141 4830 1867
48	3209	0.0	3	534 1748 730 197
49	125097	0.0	3	91481 30291 2462 863
50	122606	0.0	3	88566 30669 2543 828
51	219172	0.0	3	161497 52624 3666 1385
52	4660	0.0	3	1620 2032 800 208
53	107862	0.0	3	78089 26802 2228 743
54	206129	0.0	3	150833 50290 3726 1280
55	2692	0.0	3	561 1376 625 130
56	91911	0.0	3	67203 22640 1504 564
57	92880	0.0	3	67703 22908 1708 561
58	82845	0.0	3	60582 20367 1413 483
59	80821	0.0	3	58993 19793 1559 476
60	76603	0.0	3	55285 19320 1498 500
61	124559	0.0	3	91580 30531 1820 628
62	1901	0.0	3	464 962 376 99
63	59170	0.0	3	43042 14783 1003 342
64	53938	0.0	3	38821 13781 1061 275
65	94738	0.0	3	69839 23111 1301 487
66	1475	0.0	3	395 740 265 75
67	42997	0.0	3	31309 10703 697 288
68	40909	0.0	3	29599 10297 756 257
69	38712	0.0	3	27662 10125 739 186
70	88061	0.0	3	65511 21615 732 203
71	40694	0.0	3	29267 10561 677 189
72	28308	0.0	3	20461 7122 560 165
73	15497	0.0	3	11011 3990 389 107
74	13136	0.0	3	9300 3474 269 93
75	12414	0.0	3	8753 3319 260 82
76	11551	0.0	3	8314 2948 235 54
77	10224	0.0	3	7371 2584 206 63
78	7937	0.0	3	5665 2055 158 59
79	6606	0.0	3	4780 1671 123 32
80	5495	0.0	3	3995 1389 77 34
81	4486	0.0	3	3185 1177 85 39
82	3928	0.0	3	2812 1008 82 26
83	3400	0.0	3	2488 839 53 20
84	2932	0.0	3	2041 811 61 19
85	2646	0.0	3	1857 732 43 14
86	2341	0.0	3	1669 616 46 10
87	2036	0.0	3	1453 542 26 15
88	1722	0.0	3	1252 424 33 13
89	1392	0.0	3	1020 340 24 8
90	1205	0.0	3	860 314 20 11
91	1080	0.0	3	748 308 19 5
92	919	0.0	3	642 254 21 2
93	761	0.0	3	549 197 11 4
94	686	0.0	3	493 177 11 5
95	596	0.0	3	431 151 9 5
96	438	0.0	3	314 110 12 2
97	431	0.0	3	307 111 10 3
98	409	0.0	3	297 100 8 4
99	347	0.0	3	249 90 5 3
100	282	0.0	3	175 98 6 3
101	247	0.0	3	176 60 11
102	186	0.0	3	129 50 6 1
103	161	0.0	3	107 45 8 1
104	120	0.0	3	85 31 4
105	112	0.0	3	77 32 3
106	97	0.0	3	57 35 4 1
107	79	0.0	3	56 19 4
108	62	0.0	3	31 23 6 2
109	58	0.0	3	36 16 5 1
110	63	0.0	3	40 10 12 1
111	41	0.0	3	24 13 4
112	45	0.0	3	22 8 14 1
113	23	0.0	3	8 4 8 3
114	27	0.0	3	11 3 13
115	38	0.0	3	10 7 16 5
116	34	0.0	3	10 4 19 1
117	30	0.0	3	10 4 13 3
118	26	0.0	3	7 4 15
119	22	0.0	3	8 2 11 1
120	28	0.0	3	3 3 21 1
121	28	0.0	3	4 3 20 1
122	28	0.0	3	5 0 23
123	33	0.0	3	7 3 22 1
124	43	0.0	3	6 1 35 1
125	30	0.0	3	5 2 23
126	45	0.0	3	8 3 33 1
127	37	0.0	3	2 1 34
128	46	0.0	3	8 2 36
129	49	0.0	3	4 4 40 1
130	50	0.0	3	4 1 43 2
131	56	0.0	3	3 2 49 2
132	48	0.0	3	5 1 40 2
133	66	0.0	3	3 2 60 1
134	70	0.0	3	3 1 64 2
135	72	0.0	3	5 4 61 2
136	105	0.0	3	14 4 83 4
137	77	0.0	3	3 1 73
138	119	0.0	3	4 1 111 3
139	101	0.0	3	2 6 91 2
140	128	0.0	3	6 2 120
141	112	0.0	3	1 4 103 4
142	167	0.0	3	3 2 159 3
143	226	0.0	3	7 2 211 6
144	284	0.0	3	4 2 263 15
145	223	0.0	3	3 3 210 7
146	330	0.0	3	8 6 301 15
147	465	0.0	3	3 3 430 29
148	772	0.0	3	4 7 728 33
149	1814	0.0	3	2 11 1743 58
150	4259	0.0	3	2 26 4094 137


=== Second read: Adapter 2 ===

Sequence: AGATCGGAAGAGCGTCGTGTAGGGAAAGAGTGTA; Type: regular 3'; Length: 34; Trimmed: 8286172 times

No. of allowed errors:
0-9 bp: 0; 10-19 bp: 1; 20-29 bp: 2; 30-34 bp: 3

Bases preceding removed adapters:
  A: 14.2%
  C: 41.4%
  G: 31.1%
  T: 13.2%
  none/other: 0.0%

Overview of removed sequences
length	count	expect	max.err	error counts
3	401828	265370.1	0	401828
4	163364	66342.5	0	163364
5	322281	16585.6	0	322281
8	103375	259.2	0	103375
9	203179	64.8	0	203179
10	803	16.2	1	0 803
11	260438	4.0	1	206617 53821
12	688	1.0	1	0 688
13	284756	0.3	1	222832 61924
14	514	0.1	1	0 514
15	138396	0.0	1	109497 28899
16	296295	0.0	1	231498 64797
17	579	0.0	1	0 579
18	262291	0.0	1	208523 53413 355
19	862	0.0	1	0 584 278
20	141617	0.0	2	107004 31275 3338
21	570258	0.0	2	433413 125097 11748
22	2205	0.0	2	0 1421 784
23	660	0.0	2	0 267 393
24	751	0.0	2	0 494 257
25	149526	0.0	2	113343 32674 3509
26	153190	0.0	2	113465 35325 4400
27	301389	0.0	2	225274 68325 7790
28	2555	0.0	2	0 1710 725 120
29	295134	0.0	2	217890 68739 8383 122
30	2725	0.0	3	0 1820 685 220
31	284188	0.0	3	209331 63994 7190 3673
32	2212	0.0	3	0 1430 561 221
33	145210	0.0	3	105502 33363 4559 1786
34	146204	0.0	3	92 107159 34408 4545
35	147820	0.0	3	103 106989 35861 4867
36	292465	0.0	3	34 214873 68944 8614
37	2833	0.0	3	45 357 1643 788
38	145185	0.0	3	83 106149 34435 4518
39	141773	0.0	3	76 103177 33926 4594
40	138856	0.0	3	95 100277 33857 4627
41	279831	0.0	3	70 205636 65331 8794
42	5551	0.0	3	285 857 3403 1006
43	525374	0.0	3	92 423446 90640 11196
44	3808	0.0	3	23 537 2421 827
45	139791	0.0	3	63 104649 31275 3804
46	221629	0.0	3	54 161010 54363 6202
47	5714	0.0	3	29 3163 1797 725
48	106374	0.0	3	61 76455 26718 3140
49	140001	0.0	3	40 107182 29114 3665
50	85507	0.0	3	77 58199 24250 2981
51	139956	0.0	3	76 108329 27937 3614
52	244717	0.0	3	78 173892 63291 7456
53	2440	0.0	3	10 878 1020 532
54	1805	0.0	3	22 338 1047 398
55	186280	0.0	3	39 130284 51271 4686
56	1441	0.0	3	1 439 672 329
57	690	0.0	3	9 157 336 188
58	64583	0.0	3	15 45659 17073 1836
59	96835	0.0	3	33 66850 27557 2395
60	965	0.0	3	8 186 524 247
61	44881	0.0	3	13 30611 12923 1334
62	79705	0.0	3	31 55255 22390 2029
63	612	0.0	3	2 108 347 155
64	33045	0.0	3	11 22850 9473 711
65	32563	0.0	3	29 22520 9239 775
66	34520	0.0	3	10 24398 9204 908
67	29663	0.0	3	12 20598 8271 782
68	29490	0.0	3	12 20963 7754 761
69	25857	0.0	3	9 18063 7115 670
70	24118	0.0	3	21 17501 6084 512
71	20970	0.0	3	7 14858 5597 508
72	19124	0.0	3	15 13616 5015 478
73	17508	0.0	3	11 12578 4534 385
74	15898	0.0	3	11 11433 4073 381
75	15471	0.0	3	12 11298 3804 357
76	15910	0.0	3	7 11719 3815 369
77	11665	0.0	3	2 8392 3000 271
78	9405	0.0	3	6 6686 2493 220
79	8233	0.0	3	4 5717 2306 206
80	7365	0.0	3	3 5092 2106 164
81	5992	0.0	3	0 4179 1671 142
82	5046	0.0	3	1 3511 1409 125
83	4560	0.0	3	1 3175 1263 121
84	3831	0.0	3	2 2669 1080 80
85	3540	0.0	3	0 2456 1002 82
86	2804	0.0	3	1 1925 818 60
87	2396	0.0	3	0 1649 695 52
88	2018	0.0	3	0 1368 619 31
89	1764	0.0	3	0 1197 525 42
90	1398	0.0	3	0 906 458 34
91	1136	0.0	3	0 740 366 30
92	965	0.0	3	0 646 305 14
93	860	0.0	3	0 575 261 24
94	717	0.0	3	1 456 240 20
95	602	0.0	3	1 393 187 21
96	480	0.0	3	0 302 160 18
97	413	0.0	3	2 276 126 9
98	428	0.0	3	0 277 135 16
99	307	0.0	3	1 189 108 9
100	272	0.0	3	0 179 88 5
101	209	0.0	3	0 143 62 4
102	211	0.0	3	0 144 58 9
103	160	0.0	3	0 105 47 8
104	143	0.0	3	0 95 41 7
105	115	0.0	3	0 72 38 5
106	91	0.0	3	0 56 30 5
107	88	0.0	3	0 50 32 6
108	73	0.0	3	0 39 32 2
109	66	0.0	3	0 48 13 5
110	66	0.0	3	0 39 22 5
111	50	0.0	3	0 28 19 3
112	37	0.0	3	0 20 11 6
113	20	0.0	3	0 13 6 1
114	24	0.0	3	0 17 6 1
115	27	0.0	3	0 15 10 2
116	22	0.0	3	0 11 6 5
117	22	0.0	3	0 13 5 4
118	19	0.0	3	0 12 3 4
119	15	0.0	3	0 8 3 4
120	18	0.0	3	0 8 5 5
121	19	0.0	3	0 13 1 5
122	7	0.0	3	0 1 1 5
123	15	0.0	3	0 7 3 5
124	13	0.0	3	0 8 1 4
125	17	0.0	3	0 8 1 8
126	21	0.0	3	0 8 3 10
127	14	0.0	3	0 5 0 9
128	30	0.0	3	0 4 0 26
129	30	0.0	3	0 6 1 23
130	36	0.0	3	0 4 2 30
131	35	0.0	3	0 9 0 26
132	57	0.0	3	0 6 0 51
133	61	0.0	3	0 6 0 55
134	60	0.0	3	0 2 4 54
135	58	0.0	3	0 3 1 54
136	82	0.0	3	0 11 3 68
137	88	0.0	3	0 4 4 80
138	99	0.0	3	0 5 4 90
139	110	0.0	3	0 5 2 103
140	116	0.0	3	0 4 1 111
141	121	0.0	3	0 2 4 115
142	125	0.0	3	0 3 0 122
143	182	0.0	3	0 4 7 171
144	207	0.0	3	0 2 2 203
145	273	0.0	3	0 1 5 267
146	316	0.0	3	0 3 3 310
147	368	0.0	3	0 2 6 360
148	622	0.0	3	0 1 5 616
149	1555	0.0	3	0 0 9 1546
150	4730	0.0	3	0 3 43 4684
