This is cutadapt 2.9 with Python 3.5.2
Command line parameters: --nextseq-trim 10 --minimum-length 25 --cores 4 -a AGATCGGAAGAGCACACGTCTGAACTCCAGTCAC -A AGATCGGAAGAGCGTCGTGTAGGGAAAGAGTGTA -o Mcapitata_ATHC_TP7_2860_R1_TrimmingRound1.fastq.gz -p Mcapitata_ATHC_TP7_2860_R2_TrimmingRound1.fastq.gz Mcapitata_ATHC_TP7_2860_R1.fastq.gz Mcapitata_ATHC_TP7_2860_R2.fastq.gz
Processing reads on 4 cores in paired-end mode ...
Finished in 672.12 s (35 us/read; 1.70 M reads/minute).

=== Summary ===

Total read pairs processed:         19,014,592
  Read 1 with adapter:               8,148,441 (42.9%)
  Read 2 with adapter:               8,011,069 (42.1%)
Pairs written (passing filters):    18,991,450 (99.9%)

Total basepairs processed: 5,704,377,600 bp
  Read 1: 2,852,188,800 bp
  Read 2: 2,852,188,800 bp
Quality-trimmed:              12,747,844 bp (0.2%)
  Read 1:     5,167,158 bp
  Read 2:     7,580,686 bp
Total written (filtered):  5,198,393,591 bp (91.1%)
  Read 1: 2,595,394,312 bp
  Read 2: 2,602,999,279 bp

=== First read: Adapter 1 ===

Sequence: AGATCGGAAGAGCACACGTCTGAACTCCAGTCAC; Type: regular 3'; Length: 34; Trimmed: 8148441 times

No. of allowed errors:
0-9 bp: 0; 10-19 bp: 1; 20-29 bp: 2; 30-34 bp: 3

Bases preceding removed adapters:
  A: 15.2%
  C: 30.0%
  G: 35.0%
  T: 19.7%
  none/other: 0.0%

Overview of removed sequences
length	count	expect	max.err	error counts
3	388769	297103.0	0	388769
4	181519	74275.8	0	181519
5	392661	18568.9	0	392661
8	128215	290.1	0	128215
9	257753	72.5	0	257753
10	587	18.1	1	0 587
11	291671	4.5	1	261529 30142
12	479	1.1	1	0 479
13	147589	0.3	1	131569 16020
14	147868	0.1	1	131821 16047
15	145909	0.0	1	129617 16292
16	145058	0.0	1	128640 16418
17	288566	0.0	1	255853 32713
18	955	0.0	1	0 837 118
19	145918	0.0	1	128880 16654 384
20	148960	0.0	2	129316 18067 1577
21	295584	0.0	2	258807 33691 3086
22	1523	0.0	2	0 1214 309
23	149516	0.0	2	130387 17332 1797
24	147969	0.0	2	127582 18552 1835
25	146824	0.0	2	126499 18293 2032
26	145616	0.0	2	125980 17791 1845
27	143788	0.0	2	123835 17860 2093
28	143836	0.0	2	123153 18665 1918 100
29	283376	0.0	2	245523 33808 3576 469
30	2445	0.0	3	0 1700 445 300
31	141601	0.0	3	121302 17726 1965 608
32	142791	0.0	3	121479 18291 2276 745
33	141084	0.0	3	119790 18389 2220 685
34	140967	0.0	3	119217 18479 2414 857
35	138407	0.0	3	117269 17981 2502 655
36	138252	0.0	3	115547 19546 2430 729
37	388911	0.0	3	334633 46834 5569 1875
38	2268	0.0	3	406 1298 448 116
39	2555	0.0	3	256 1879 323 97
40	247860	0.0	3	214513 29182 3117 1048
41	2375	0.0	3	177 1714 382 102
42	122226	0.0	3	104750 15152 1797 527
43	121198	0.0	3	103451 15220 1910 617
44	119735	0.0	3	102403 15085 1617 630
45	120383	0.0	3	102463 14843 2390 687
46	109076	0.0	3	93292 13871 1444 469
47	210732	0.0	3	182704 24666 2546 816
48	2298	0.0	3	315 1527 323 133
49	99525	0.0	3	85807 11837 1463 418
50	98809	0.0	3	84211 12761 1338 499
51	180392	0.0	3	157172 20521 1932 767
52	2132	0.0	3	365 1339 369 59
53	88375	0.0	3	75742 11157 1147 329
54	163395	0.0	3	142415 18443 1955 582
55	1625	0.0	3	249 1083 224 69
56	76149	0.0	3	66001 8974 915 259
57	71441	0.0	3	61393 8806 958 284
58	66957	0.0	3	57717 8217 761 262
59	62800	0.0	3	53968 7872 741 219
60	59136	0.0	3	50512 7668 754 202
61	103453	0.0	3	89804 12213 1100 336
62	1126	0.0	3	190 714 163 59
63	47676	0.0	3	41010 5809 678 179
64	44746	0.0	3	38181 5875 533 157
65	76849	0.0	3	66532 9250 834 233
66	798	0.0	3	135 529 108 26
67	33992	0.0	3	29209 4231 450 102
68	31246	0.0	3	26688 4038 413 107
69	27613	0.0	3	23777 3391 342 103
70	24981	0.0	3	21401 3164 323 93
71	22514	0.0	3	19325 2824 301 64
72	25270	0.0	3	21743 3179 278 70
73	17743	0.0	3	15202 2264 229 48
74	16551	0.0	3	14224 2082 197 48
75	14518	0.0	3	12421 1871 177 49
76	12984	0.0	3	11122 1686 131 45
77	11621	0.0	3	9935 1494 147 45
78	10131	0.0	3	8784 1231 87 29
79	8574	0.0	3	7361 1088 97 28
80	7230	0.0	3	6237 892 81 20
81	6546	0.0	3	5572 873 84 17
82	5387	0.0	3	4649 668 54 16
83	4873	0.0	3	4185 616 47 25
84	4213	0.0	3	3601 533 67 12
85	3874	0.0	3	3362 460 41 11
86	3455	0.0	3	2945 462 39 9
87	3074	0.0	3	2666 362 32 14
88	2726	0.0	3	2374 315 30 7
89	2074	0.0	3	1748 286 29 11
90	1899	0.0	3	1625 239 30 5
91	1696	0.0	3	1462 210 18 6
92	1471	0.0	3	1248 200 15 8
93	1088	0.0	3	945 127 13 3
94	981	0.0	3	848 122 7 4
95	916	0.0	3	798 105 9 4
96	707	0.0	3	610 86 10 1
97	658	0.0	3	564 84 8 2
98	660	0.0	3	562 88 9 1
99	547	0.0	3	480 61 4 2
100	456	0.0	3	392 57 5 2
101	356	0.0	3	307 37 10 2
102	325	0.0	3	273 47 4 1
103	228	0.0	3	191 30 4 3
104	210	0.0	3	175 27 6 2
105	170	0.0	3	153 14 3
106	162	0.0	3	144 15 1 2
107	116	0.0	3	102 10 4
108	109	0.0	3	90 15 4
109	99	0.0	3	82 14 1 2
110	84	0.0	3	65 16 3
111	65	0.0	3	54 9 1 1
112	47	0.0	3	38 8 1
113	42	0.0	3	34 6 0 2
114	28	0.0	3	22 5 1
115	31	0.0	3	19 8 2 2
116	16	0.0	3	13 1 1 1
117	22	0.0	3	12 7 2 1
118	14	0.0	3	12 1 1
119	10	0.0	3	7 0 2 1
120	13	0.0	3	9 3 1
121	4	0.0	3	4
122	12	0.0	3	9 1 2
123	7	0.0	3	6 0 1
124	8	0.0	3	6 0 2
125	7	0.0	3	4 0 2 1
126	10	0.0	3	6 0 4
127	8	0.0	3	2 2 4
128	9	0.0	3	5 0 3 1
129	11	0.0	3	5 2 4
130	8	0.0	3	3 0 5
131	14	0.0	3	6 2 6
132	11	0.0	3	7 1 2 1
133	8	0.0	3	3 0 5
134	13	0.0	3	6 1 6
135	17	0.0	3	8 0 9
136	23	0.0	3	3 1 18 1
137	18	0.0	3	4 1 11 2
138	30	0.0	3	6 0 24
139	27	0.0	3	6 0 20 1
140	32	0.0	3	5 1 26
141	50	0.0	3	6 1 42 1
142	43	0.0	3	5 1 37
143	96	0.0	3	5 0 89 2
144	140	0.0	3	4 1 132 3
145	129	0.0	3	12 1 114 2
146	289	0.0	3	6 4 265 14
147	679	0.0	3	10 4 638 27
148	1902	0.0	3	5 7 1814 76
149	5658	0.0	3	3 23 5412 220
150	13705	0.0	3	1 44 13109 551


=== Second read: Adapter 2 ===

Sequence: AGATCGGAAGAGCGTCGTGTAGGGAAAGAGTGTA; Type: regular 3'; Length: 34; Trimmed: 8011069 times

No. of allowed errors:
0-9 bp: 0; 10-19 bp: 1; 20-29 bp: 2; 30-34 bp: 3

Bases preceding removed adapters:
  A: 13.0%
  C: 27.7%
  G: 49.3%
  T: 10.0%
  none/other: 0.0%

Overview of removed sequences
length	count	expect	max.err	error counts
3	535964	297103.0	0	535964
4	200719	74275.8	0	200719
5	369589	18568.9	0	369589
8	117893	290.1	0	117893
9	236495	72.5	0	236495
10	1311	18.1	1	0 1311
11	281465	4.5	1	238108 43357
12	976	1.1	1	0 976
13	287738	0.3	1	241855 45883
14	678	0.1	1	0 678
15	137812	0.0	1	115748 22064
16	281283	0.0	1	233736 47547
17	914	0.0	1	0 914
18	269644	0.0	1	225969 42916 759
19	1165	0.0	1	0 725 440
20	144722	0.0	2	114886 24896 4940
21	564569	0.0	2	455250 92770 16549
22	2804	0.0	2	0 1744 1060
23	1395	0.0	2	0 494 901
24	1118	0.0	2	0 692 426
25	139838	0.0	2	110996 24064 4778
26	140864	0.0	2	110756 24938 5170
27	272098	0.0	2	216594 45526 9978
28	2386	0.0	2	0 1619 622 145
29	274953	0.0	2	217353 47437 10061 102
30	2839	0.0	3	0 1840 655 344
31	268031	0.0	3	210801 43299 8819 5112
32	2233	0.0	3	0 1283 616 334
33	137362	0.0	3	104421 24992 5354 2595
34	394069	0.0	3	306498 66810 14070 6691
35	2660	0.0	3	518 1197 588 357
36	1616	0.0	3	245 766 348 257
37	128165	0.0	3	98394 22278 5023 2470
38	126297	0.0	3	97199 22269 4678 2151
39	124536	0.0	3	95362 21988 4898 2288
40	122078	0.0	3	93756 21630 4508 2184
41	237804	0.0	3	184757 40395 8507 4145
42	2731	0.0	3	303 1676 486 266
43	228820	0.0	3	178614 38820 7786 3600
44	2155	0.0	3	298 1199 423 235
45	112540	0.0	3	86762 19729 4193 1856
46	210697	0.0	3	164244 35572 7468 3413
47	2064	0.0	3	333 1108 418 205
48	101211	0.0	3	78446 17552 3519 1694
49	96483	0.0	3	74676 16804 3339 1664
50	94573	0.0	3	73057 16554 3314 1648
51	90959	0.0	3	69715 16472 3269 1503
52	253391	0.0	3	198290 42770 8308 4023
53	1889	0.0	3	434 780 415 260
54	2177	0.0	3	361 1210 413 193
55	216399	0.0	3	171346 35684 6412 2957
56	1652	0.0	3	444 721 294 193
57	870	0.0	3	159 387 208 116
58	64559	0.0	3	50355 11126 2097 981
59	115545	0.0	3	91108 19461 3457 1519
60	1089	0.0	3	166 572 233 118
61	53066	0.0	3	41387 9085 1751 843
62	95174	0.0	3	75011 15858 2920 1385
63	828	0.0	3	145 449 156 78
64	41790	0.0	3	33152 6913 1215 510
65	39387	0.0	3	31017 6574 1227 569
66	36088	0.0	3	28523 6056 1033 476
67	33300	0.0	3	26097 5668 1082 453
68	30418	0.0	3	23921 5209 875 413
69	26736	0.0	3	21091 4452 795 398
70	24142	0.0	3	19112 3987 716 327
71	21820	0.0	3	17178 3637 681 324
72	19407	0.0	3	15349 3189 596 273
73	17921	0.0	3	14062 3094 548 217
74	16161	0.0	3	12828 2674 442 217
75	14308	0.0	3	11283 2427 380 218
76	15552	0.0	3	12206 2656 475 215
77	11769	0.0	3	9295 1999 323 152
78	9455	0.0	3	7442 1625 264 124
79	8601	0.0	3	6927 1355 223 96
80	8125	0.0	3	6515 1295 196 119
81	6093	0.0	3	4810 1023 190 70
82	5569	0.0	3	4433 942 137 57
83	4736	0.0	3	3788 783 112 53
84	4165	0.0	3	3333 671 125 36
85	3870	0.0	3	3138 589 94 49
86	3496	0.0	3	2831 523 100 42
87	3001	0.0	3	2385 504 79 33
88	2466	0.0	3	1996 368 69 33
89	2409	0.0	3	1915 388 61 45
90	1850	0.0	3	1479 307 48 16
91	1505	0.0	3	1227 235 26 17
92	1378	0.0	3	1074 246 36 22
93	1148	0.0	3	934 176 21 17
94	920	0.0	3	720 156 32 12
95	901	0.0	3	732 147 11 11
96	768	0.0	3	630 105 16 17
97	660	0.0	3	533 96 19 12
98	576	0.0	3	452 100 18 6
99	513	0.0	3	410 91 5 7
100	443	0.0	3	360 64 11 8
101	362	0.0	3	292 52 11 7
102	305	0.0	3	245 46 6 8
103	258	0.0	3	200 42 11 5
104	211	0.0	3	165 34 9 3
105	197	0.0	3	164 26 6 1
106	146	0.0	3	110 25 6 5
107	139	0.0	3	112 18 6 3
108	131	0.0	3	103 22 4 2
109	114	0.0	3	83 20 6 5
110	90	0.0	3	67 14 7 2
111	76	0.0	3	53 16 5 2
112	52	0.0	3	45 4 1 2
113	45	0.0	3	32 5 4 4
114	41	0.0	3	31 4 5 1
115	33	0.0	3	24 4 5
116	22	0.0	3	13 6 2 1
117	19	0.0	3	11 3 4 1
118	25	0.0	3	16 4 2 3
119	21	0.0	3	9 5 5 2
120	22	0.0	3	8 5 6 3
121	16	0.0	3	10 1 4 1
122	14	0.0	3	6 2 4 2
123	13	0.0	3	4 2 5 2
124	20	0.0	3	10 1 6 3
125	14	0.0	3	3 3 7 1
126	10	0.0	3	5 1 3 1
127	19	0.0	3	9 1 8 1
128	15	0.0	3	7 1 4 3
129	13	0.0	3	3 2 8
130	16	0.0	3	2 1 10 3
131	13	0.0	3	6 0 6 1
132	17	0.0	3	6 2 8 1
133	14	0.0	3	2 4 4 4
134	20	0.0	3	9 1 10
135	24	0.0	3	6 1 14 3
136	25	0.0	3	3 2 17 3
137	25	0.0	3	5 0 15 5
138	26	0.0	3	5 0 17 4
139	32	0.0	3	4 2 20 6
140	29	0.0	3	3 2 22 2
141	39	0.0	3	3 0 32 4
142	59	0.0	3	2 1 53 3
143	113	0.0	3	7 1 89 16
144	150	0.0	3	2 3 131 14
145	147	0.0	3	7 1 126 13
146	267	0.0	3	2 4 242 19
147	596	0.0	3	9 8 527 52
148	1480	0.0	3	5 7 1331 137
149	4951	0.0	3	2 26 4587 336
150	14181	0.0	3	2 45 13164 970
