This is cutadapt 2.9 with Python 3.5.2
Command line parameters: --nextseq-trim 10 --minimum-length 25 --cores 4 -a AGATCGGAAGAGCACACGTCTGAACTCCAGTCAC -A AGATCGGAAGAGCGTCGTGTAGGGAAAGAGTGTA -o Mcapitata_ATHC_TP11_1237_R1_TrimmingRound1.fastq.gz -p Mcapitata_ATHC_TP11_1237_R2_TrimmingRound1.fastq.gz Mcapitata_ATHC_TP11_1237_R1.fastq.gz Mcapitata_ATHC_TP11_1237_R2.fastq.gz
Processing reads on 4 cores in paired-end mode ...
Finished in 733.10 s (40 us/read; 1.52 M reads/minute).

=== Summary ===

Total read pairs processed:         18,548,121
  Read 1 with adapter:               7,293,040 (39.3%)
  Read 2 with adapter:               7,427,668 (40.0%)
Pairs written (passing filters):    18,453,595 (99.5%)

Total basepairs processed: 5,564,436,300 bp
  Read 1: 2,782,218,150 bp
  Read 2: 2,782,218,150 bp
Quality-trimmed:              11,061,009 bp (0.2%)
  Read 1:     4,654,787 bp
  Read 2:     6,406,222 bp
Total written (filtered):  4,957,073,414 bp (89.1%)
  Read 1: 2,478,747,305 bp
  Read 2: 2,478,326,109 bp

=== First read: Adapter 1 ===

Sequence: AGATCGGAAGAGCACACGTCTGAACTCCAGTCAC; Type: regular 3'; Length: 34; Trimmed: 7293040 times

No. of allowed errors:
0-9 bp: 0; 10-19 bp: 1; 20-29 bp: 2; 30-34 bp: 3

Bases preceding removed adapters:
  A: 18.4%
  C: 28.0%
  G: 35.7%
  T: 17.7%
  none/other: 0.2%

Overview of removed sequences
length	count	expect	max.err	error counts
3	339390	289814.4	0	339390
4	138842	72453.6	0	138842
5	263652	18113.4	0	263652
8	84416	283.0	0	84416
9	168908	70.8	0	168908
10	1097	17.7	1	0 1097
11	173724	4.4	1	170972 2752
12	838	1.1	1	0 838
13	88341	0.3	1	86092 2249
14	89058	0.1	1	86489 2569
15	89156	0.0	1	86514 2642
16	90136	0.0	1	86652 3484
17	175783	0.0	1	171759 4024
18	1283	0.0	1	0 1175 108
19	90193	0.0	1	86928 3046 219
20	91314	0.0	2	86817 4233 264
21	180764	0.0	2	175674 4561 529
22	1679	0.0	2	0 1550 129
23	92110	0.0	2	88317 3382 411
24	92528	0.0	2	88433 3709 386
25	91959	0.0	2	87642 3876 441
26	92287	0.0	2	87738 4125 424
27	92159	0.0	2	87459 4090 610
28	93459	0.0	2	87207 5791 391 70
29	182523	0.0	2	175882 5713 814 114
30	2393	0.0	3	0 1970 243 180
31	93305	0.0	3	88095 4613 504 93
32	94270	0.0	3	88648 4918 571 133
33	94292	0.0	3	88689 4999 479 125
34	94633	0.0	3	88692 5267 567 107
35	94235	0.0	3	88370 5187 570 108
36	94598	0.0	3	88647 5256 545 150
37	95016	0.0	3	89143 5088 665 120
38	95506	0.0	3	88148 6766 431 161
39	184476	0.0	3	176875 6723 700 178
40	2587	0.0	3	86 2208 239 54
41	94351	0.0	3	88845 4852 545 109
42	94099	0.0	3	88392 5116 467 124
43	95230	0.0	3	89403 5194 493 140
44	95293	0.0	3	89440 5234 459 160
45	95483	0.0	3	89727 5062 577 117
46	95092	0.0	3	87996 6564 373 159
47	182669	0.0	3	175360 6436 704 169
48	2975	0.0	3	435 2234 212 94
49	92604	0.0	3	87317 4615 550 122
50	93476	0.0	3	86927 6091 321 137
51	177763	0.0	3	170961 6094 571 137
52	3058	0.0	3	520 2128 354 56
53	93145	0.0	3	86608 6091 305 141
54	178933	0.0	3	171831 6372 583 147
55	2842	0.0	3	472 2089 235 46
56	89995	0.0	3	85088 4426 372 109
57	88799	0.0	3	83574 4741 381 103
58	86932	0.0	3	81689 4740 385 118
59	86304	0.0	3	81074 4639 510 81
60	85738	0.0	3	79211 6094 293 140
61	162649	0.0	3	156108 6010 416 115
62	2704	0.0	3	440 1984 214 66
63	81409	0.0	3	76820 4036 492 61
64	82083	0.0	3	76106 5576 284 117
65	152514	0.0	3	146284 5601 531 98
66	2416	0.0	3	412 1789 182 33
67	74891	0.0	3	70682 3767 364 78
68	73180	0.0	3	68971 3830 316 63
69	70610	0.0	3	66761 3437 334 78
70	67697	0.0	3	63789 3511 329 68
71	65540	0.0	3	61483 3677 295 85
72	77832	0.0	3	73756 3690 317 69
73	59591	0.0	3	56291 2984 247 69
74	58633	0.0	3	55357 2960 254 62
75	55201	0.0	3	52205 2677 255 64
76	52418	0.0	3	49541 2606 222 49
77	49823	0.0	3	47072 2508 201 42
78	45158	0.0	3	42582 2349 176 51
79	41383	0.0	3	39088 2108 152 35
80	39072	0.0	3	36898 1986 144 44
81	32846	0.0	3	30989 1700 120 37
82	30824	0.0	3	29154 1504 129 37
83	28334	0.0	3	26803 1402 97 32
84	25987	0.0	3	24568 1315 85 19
85	23353	0.0	3	22092 1171 70 20
86	20699	0.0	3	19523 1072 82 22
87	18863	0.0	3	17871 914 60 18
88	16870	0.0	3	16001 785 66 18
89	14045	0.0	3	13237 732 64 12
90	12484	0.0	3	11818 617 43 6
91	11288	0.0	3	10652 592 33 11
92	9540	0.0	3	9007 482 40 11
93	7579	0.0	3	7164 374 31 10
94	6594	0.0	3	6233 337 16 8
95	5851	0.0	3	5547 279 16 9
96	4531	0.0	3	4284 221 22 4
97	4222	0.0	3	3994 206 18 4
98	3726	0.0	3	3514 192 14 6
99	3288	0.0	3	3123 148 10 7
100	2772	0.0	3	2634 127 9 2
101	2427	0.0	3	2294 124 7 2
102	2029	0.0	3	1935 87 4 3
103	1459	0.0	3	1377 73 5 4
104	1200	0.0	3	1123 68 5 4
105	1031	0.0	3	975 50 4 2
106	929	0.0	3	874 50 2 3
107	831	0.0	3	777 48 5 1
108	716	0.0	3	651 57 4 4
109	673	0.0	3	643 27 2 1
110	512	0.0	3	475 35 2
111	459	0.0	3	431 25 2 1
112	411	0.0	3	373 33 5
113	364	0.0	3	338 23 1 2
114	302	0.0	3	270 25 4 3
115	265	0.0	3	250 15
116	226	0.0	3	202 21 2 1
117	292	0.0	3	262 27 2 1
118	282	0.0	3	256 22 3 1
119	245	0.0	3	216 27 2
120	245	0.0	3	213 30 1 1
121	244	0.0	3	214 28 2
122	272	0.0	3	236 34 2
123	259	0.0	3	232 23 4
124	274	0.0	3	244 27 2 1
125	299	0.0	3	246 47 5 1
126	320	0.0	3	274 42 2 2
127	317	0.0	3	261 51 4 1
128	355	0.0	3	304 47 2 2
129	357	0.0	3	304 51 2
130	428	0.0	3	383 42 3
131	464	0.0	3	395 66 2 1
132	483	0.0	3	411 71 1
133	521	0.0	3	441 74 5 1
134	586	0.0	3	497 83 6
135	701	0.0	3	594 98 7 2
136	820	0.0	3	678 130 10 2
137	770	0.0	3	645 117 8
138	814	0.0	3	678 126 8 2
139	730	0.0	3	569 151 10
140	878	0.0	3	676 191 11
141	958	0.0	3	731 211 16
142	654	0.0	3	382 243 26 3
143	887	0.0	3	485 372 28 2
144	989	0.0	3	401 546 37 5
145	1034	0.0	3	469 524 36 5
146	1586	0.0	3	577 930 73 6
147	2970	0.0	3	563 2249 149 9
148	6543	0.0	3	224 5858 433 28
149	19285	0.0	3	218 17601 1367 99
150	49153	0.0	3	530 45089 3327 207


=== Second read: Adapter 2 ===

Sequence: AGATCGGAAGAGCGTCGTGTAGGGAAAGAGTGTA; Type: regular 3'; Length: 34; Trimmed: 7427668 times

No. of allowed errors:
0-9 bp: 0; 10-19 bp: 1; 20-29 bp: 2; 30-34 bp: 3

Bases preceding removed adapters:
  A: 18.0%
  C: 26.9%
  G: 44.4%
  T: 10.4%
  none/other: 0.3%

Overview of removed sequences
length	count	expect	max.err	error counts
3	460136	289814.4	0	460136
4	166562	72453.6	0	166562
5	265556	18113.4	0	265556
8	84218	283.0	0	84218
9	169202	70.8	0	169202
10	650	17.7	1	0 650
11	174378	4.4	1	171345 3033
12	587	1.1	1	0 587
13	177243	0.3	1	173652 3591
14	433	0.1	1	0 433
15	88761	0.0	1	86473 2288
16	178016	0.0	1	173550 4466
17	704	0.0	1	0 704
18	176868	0.0	1	172550 4156 162
19	664	0.0	1	0 471 193
20	91101	0.0	2	86873 3865 363
21	364377	0.0	2	351829 11166 1382
22	792	0.0	2	0 670 122
23	384	0.0	2	0 103 281
24	661	0.0	2	0 521 140
25	91505	0.0	2	87360 3618 527
26	92574	0.0	2	87948 4179 447
27	182356	0.0	2	174752 6455 1149
28	1381	0.0	2	0 1235 85 61
29	184865	0.0	2	176818 6915 1111 21
30	1395	0.0	3	0 1260 79 56
31	185622	0.0	3	176811 7189 1129 493
32	1434	0.0	3	0 1237 147 50
33	187017	0.0	3	177501 8053 1031 432
34	926	0.0	3	13 335 493 85
35	93652	0.0	3	32 88355 4631 634
36	94679	0.0	3	10 88791 4542 1336
37	186947	0.0	3	29 120 7203 179595
38	911	0.0	3	4 12 676 219
39	93420	0.0	3	30 96 3858 89436
40	94668	0.0	3	13 106 4387 90162
41	186965	0.0	3	28 196 6994 179747
42	1276	0.0	3	0 10 1008 258
43	188231	0.0	3	61 178 6880 181112
44	1097	0.0	3	0 6 729 362
45	93936	0.0	3	34 104 4145 89653
46	186776	0.0	3	79 253 6817 179627
47	1099	0.0	3	0 4 734 361
48	92637	0.0	3	14 130 3798 88695
49	92598	0.0	3	17 102 3705 88774
50	91497	0.0	3	24 102 3643 87728
51	91712	0.0	3	11 74 4238 87389
52	272076	0.0	3	112 274 9098 262592
53	864	0.0	3	0 4 394 466
54	1603	0.0	3	2 8 1243 350
55	267326	0.0	3	153 446 8718 258009
56	838	0.0	3	1 11 460 366
57	590	0.0	3	1 7 364 218
58	86972	0.0	3	14 219 3367 83372
59	168443	0.0	3	55 140 4818 163430
60	938	0.0	3	0 1 590 347
61	84578	0.0	3	18 93 3222 81245
62	162864	0.0	3	102 191 4793 157778
63	829	0.0	3	6 4 563 256
64	79888	0.0	3	45 125 2488 77230
65	78762	0.0	3	12 146 2683 75921
66	77230	0.0	3	25 126 2582 74497
67	75094	0.0	3	7 117 2553 72417
68	73134	0.0	3	34 42 2466 70592
69	70483	0.0	3	22 103 2410 67948
70	67502	0.0	3	15 51 2230 65206
71	65055	0.0	3	13 102 2041 62899
72	62035	0.0	3	8 72 1992 59963
73	60079	0.0	3	28 51 1887 58113
74	57432	0.0	3	40 48 1843 55501
75	54706	0.0	3	13 53 1807 52833
76	62247	0.0	3	13 90 1959 60185
77	49290	0.0	3	11 74 1507 47698
78	46251	0.0	3	2 66 1501 44682
79	42934	0.0	3	11 18 1340 41565
80	40324	0.0	3	4 33 1274 39013
81	34516	0.0	3	7 19 983 33507
82	31667	0.0	3	7 18 929 30713
83	28270	0.0	3	13 32 837 27388
84	26098	0.0	3	5 34 770 25289
85	23908	0.0	3	5 18 669 23216
86	20500	0.0	3	6 32 611 19851
87	18779	0.0	3	5 18 549 18207
88	16601	0.0	3	0 13 500 16088
89	14987	0.0	3	4 17 485 14481
90	12791	0.0	3	1 9 411 12370
91	11145	0.0	3	1 6 344 10794
92	9359	0.0	3	1 2 280 9076
93	7768	0.0	3	1 2 247 7518
94	6591	0.0	3	3 5 212 6371
95	5619	0.0	3	2 10 187 5420
96	4801	0.0	3	1 6 141 4653
97	4234	0.0	3	0 0 131 4103
98	3748	0.0	3	3 7 109 3629
99	3217	0.0	3	1 5 97 3114
100	2791	0.0	3	0 2 99 2690
101	2460	0.0	3	0 3 86 2371
102	1931	0.0	3	0 0 60 1871
103	1568	0.0	3	1 0 61 1506
104	1312	0.0	3	0 2 41 1269
105	1088	0.0	3	0 1 45 1042
106	915	0.0	3	0 2 38 875
107	937	0.0	3	1 1 37 898
108	783	0.0	3	0 0 34 749
109	633	0.0	3	1 0 25 607
110	562	0.0	3	0 1 24 537
111	490	0.0	3	1 1 26 462
112	418	0.0	3	0 0 28 390
113	368	0.0	3	0 2 18 348
114	358	0.0	3	0 0 18 340
115	311	0.0	3	0 2 19 290
116	272	0.0	3	1 2 14 255
117	282	0.0	3	2 0 19 261
118	265	0.0	3	4 1 18 242
119	280	0.0	3	0 2 23 255
120	253	0.0	3	0 0 21 232
121	277	0.0	3	1 0 26 250
122	256	0.0	3	0 1 16 239
123	269	0.0	3	0 1 29 239
124	278	0.0	3	0 0 37 241
125	318	0.0	3	0 0 31 287
126	328	0.0	3	0 0 35 293
127	308	0.0	3	0 0 37 271
128	342	0.0	3	0 1 45 296
129	375	0.0	3	0 0 25 350
130	402	0.0	3	0 0 42 360
131	432	0.0	3	1 0 51 380
132	477	0.0	3	0 0 63 414
133	521	0.0	3	0 0 60 461
134	565	0.0	3	0 0 72 493
135	681	0.0	3	0 0 72 609
136	756	0.0	3	0 1 87 668
137	731	0.0	3	0 0 86 645
138	746	0.0	3	0 1 88 657
139	702	0.0	3	0 3 107 592
140	813	0.0	3	1 1 128 683
141	906	0.0	3	1 1 137 767
142	636	0.0	3	0 0 199 437
143	749	0.0	3	0 0 245 504
144	749	0.0	3	0 0 365 384
145	922	0.0	3	0 0 416 506
146	1301	0.0	3	0 1 706 594
147	2042	0.0	3	0 1 1369 672
148	4187	0.0	3	0 0 3847 340
149	16294	0.0	3	0 9 15568 717
150	54593	0.0	3	1 11 52089 2492
