This is cutadapt 2.9 with Python 3.5.2
Command line parameters: --nextseq-trim 10 --minimum-length 25 --cores 4 -a AGATCGGAAGAGCACACGTCTGAACTCCAGTCAC -A AGATCGGAAGAGCGTCGTGTAGGGAAAGAGTGTA -o Mcapitata_ATAC_TP12_1120_R1_TrimmingRound1.fastq.gz -p Mcapitata_ATAC_TP12_1120_R2_TrimmingRound1.fastq.gz Mcapitata_ATAC_TP12_1120_R1.fastq.gz Mcapitata_ATAC_TP12_1120_R2.fastq.gz
Processing reads on 4 cores in paired-end mode ...
Finished in 817.82 s (38 us/read; 1.57 M reads/minute).

=== Summary ===

Total read pairs processed:         21,440,198
  Read 1 with adapter:               6,586,576 (30.7%)
  Read 2 with adapter:               6,773,824 (31.6%)
Pairs written (passing filters):    21,366,431 (99.7%)

Total basepairs processed: 6,432,059,400 bp
  Read 1: 3,216,029,700 bp
  Read 2: 3,216,029,700 bp
Quality-trimmed:              13,717,988 bp (0.2%)
  Read 1:     5,864,816 bp
  Read 2:     7,853,172 bp
Total written (filtered):  6,024,539,123 bp (93.7%)
  Read 1: 3,012,912,405 bp
  Read 2: 3,011,626,718 bp

=== First read: Adapter 1 ===

Sequence: AGATCGGAAGAGCACACGTCTGAACTCCAGTCAC; Type: regular 3'; Length: 34; Trimmed: 6586576 times

No. of allowed errors:
0-9 bp: 0; 10-19 bp: 1; 20-29 bp: 2; 30-34 bp: 3

Bases preceding removed adapters:
  A: 18.6%
  C: 31.0%
  G: 33.4%
  T: 16.8%
  none/other: 0.1%

Overview of removed sequences
length	count	expect	max.err	error counts
3	444586	335003.1	0	444586
4	194614	83750.8	0	194614
5	365258	20937.7	0	365258
8	117256	327.2	0	117256
9	233600	81.8	0	233600
10	859	20.4	1	0 859
11	240395	5.1	1	235315 5080
12	760	1.3	1	0 760
13	119699	0.3	1	116584 3115
14	120161	0.1	1	116846 3315
15	119230	0.0	1	115857 3373
16	118912	0.0	1	115097 3815
17	234025	0.0	1	227852 6173
18	999	0.0	1	0 917 82
19	118137	0.0	1	114079 3899 159
20	119341	0.0	2	114056 4705 580
21	235204	0.0	2	227375 6783 1046
22	1490	0.0	2	0 1374 116
23	118376	0.0	2	113304 4320 752
24	117213	0.0	2	111982 4605 626
25	115449	0.0	2	110052 4725 672
26	115584	0.0	2	109998 4940 646
27	114011	0.0	2	108251 4911 849
28	113701	0.0	2	106490 6556 589 66
29	220539	0.0	2	211210 7985 1093 251
30	2633	0.0	3	0 1826 257 550
31	110835	0.0	3	104483 5407 641 304
32	110487	0.0	3	103460 5940 765 322
33	109436	0.0	3	102078 6299 796 263
34	110535	0.0	3	101642 7843 695 355
35	205930	0.0	3	195762 8555 1153 460
36	4306	0.0	3	388 3426 391 101
37	198239	0.0	3	188840 7535 985 879
38	2731	0.0	3	339 1954 342 96
39	98121	0.0	3	91925 4990 768 438
40	97366	0.0	3	89786 6386 766 428
41	183191	0.0	3	174085 7400 923 783
42	2772	0.0	3	518 1856 313 85
43	89676	0.0	3	84180 4421 660 415
44	87907	0.0	3	81978 4817 673 439
45	86626	0.0	3	80715 4668 801 442
46	82315	0.0	3	75935 5356 646 378
47	151319	0.0	3	143868 5921 834 696
48	2348	0.0	3	409 1576 269 94
49	71852	0.0	3	66984 3864 623 381
50	70452	0.0	3	64796 4616 651 389
51	126584	0.0	3	120044 5200 698 642
52	2068	0.0	3	389 1316 291 72
53	60552	0.0	3	55901 3826 510 315
54	109607	0.0	3	104125 4378 576 528
55	1720	0.0	3	370 1100 186 64
56	50729	0.0	3	47425 2651 375 278
57	47647	0.0	3	44426 2515 387 319
58	44344	0.0	3	41370 2334 334 306
59	41183	0.0	3	38486 2095 345 257
60	38868	0.0	3	35991 2377 318 182
61	67333	0.0	3	64164 2565 327 277
62	1068	0.0	3	241 680 120 27
63	30609	0.0	3	28825 1438 220 126
64	28649	0.0	3	26530 1796 191 132
65	49313	0.0	3	47039 1886 205 183
66	727	0.0	3	174 478 66 9
67	21795	0.0	3	20543 1023 137 92
68	19951	0.0	3	18739 1005 136 71
69	18217	0.0	3	17083 934 114 86
70	16527	0.0	3	15487 857 120 63
71	14803	0.0	3	13873 785 90 55
72	16003	0.0	3	15029 793 106 75
73	11898	0.0	3	11163 635 64 36
74	11372	0.0	3	10625 638 69 40
75	10122	0.0	3	9460 570 58 34
76	9541	0.0	3	8961 494 50 36
77	8163	0.0	3	7610 457 52 44
78	7405	0.0	3	6958 379 46 22
79	6240	0.0	3	5866 307 42 25
80	5857	0.0	3	5449 333 41 34
81	5246	0.0	3	4908 275 40 23
82	5003	0.0	3	4716 229 36 22
83	4154	0.0	3	3885 224 27 18
84	3772	0.0	3	3549 182 22 19
85	3494	0.0	3	3274 185 26 9
86	3091	0.0	3	2870 182 27 12
87	3012	0.0	3	2821 162 18 11
88	2834	0.0	3	2658 144 16 16
89	2457	0.0	3	2302 125 18 12
90	2307	0.0	3	2185 106 10 6
91	2076	0.0	3	1927 123 17 9
92	1911	0.0	3	1792 97 14 8
93	1531	0.0	3	1424 72 18 17
94	1425	0.0	3	1328 75 15 7
95	1270	0.0	3	1188 66 11 5
96	1094	0.0	3	1010 69 8 7
97	1078	0.0	3	994 66 9 9
98	988	0.0	3	919 56 6 7
99	959	0.0	3	883 59 11 6
100	903	0.0	3	843 51 7 2
101	814	0.0	3	753 41 13 7
102	769	0.0	3	717 41 6 5
103	570	0.0	3	516 44 9 1
104	559	0.0	3	512 40 5 2
105	453	0.0	3	418 27 5 3
106	444	0.0	3	410 28 4 2
107	393	0.0	3	360 22 2 9
108	407	0.0	3	369 31 4 3
109	351	0.0	3	318 20 7 6
110	309	0.0	3	283 16 5 5
111	282	0.0	3	269 7 5 1
112	272	0.0	3	249 17 3 3
113	270	0.0	3	249 14 4 3
114	210	0.0	3	192 12 1 5
115	182	0.0	3	167 10 5
116	188	0.0	3	167 13 5 3
117	173	0.0	3	163 8 0 2
118	170	0.0	3	155 10 4 1
119	139	0.0	3	123 10 6
120	142	0.0	3	134 8
121	127	0.0	3	108 16 2 1
122	121	0.0	3	111 8 1 1
123	127	0.0	3	111 13 1 2
124	125	0.0	3	113 11 0 1
125	162	0.0	3	142 16 3 1
126	141	0.0	3	122 15 4
127	141	0.0	3	122 15 1 3
128	144	0.0	3	124 18 2
129	180	0.0	3	153 24 3
130	177	0.0	3	159 16 2
131	182	0.0	3	166 16
132	240	0.0	3	211 29
133	254	0.0	3	223 28 2 1
134	310	0.0	3	284 24 2
135	362	0.0	3	328 34
136	384	0.0	3	336 44 4
137	373	0.0	3	343 22 6 2
138	390	0.0	3	342 42 5 1
139	421	0.0	3	349 67 4 1
140	544	0.0	3	446 91 6 1
141	620	0.0	3	509 100 7 4
142	410	0.0	3	297 103 7 3
143	554	0.0	3	370 170 14
144	638	0.0	3	369 254 14 1
145	710	0.0	3	444 249 16 1
146	1212	0.0	3	588 575 44 5
147	2215	0.0	3	521 1571 114 9
148	5002	0.0	3	186 4472 318 26
149	16050	0.0	3	225 14549 1191 85
150	41187	0.0	3	538 37211 3178 260


=== Second read: Adapter 2 ===

Sequence: AGATCGGAAGAGCGTCGTGTAGGGAAAGAGTGTA; Type: regular 3'; Length: 34; Trimmed: 6773824 times

No. of allowed errors:
0-9 bp: 0; 10-19 bp: 1; 20-29 bp: 2; 30-34 bp: 3

Bases preceding removed adapters:
  A: 18.4%
  C: 31.6%
  G: 40.6%
  T: 9.3%
  none/other: 0.1%

Overview of removed sequences
length	count	expect	max.err	error counts
3	586937	335003.1	0	586937
4	224892	83750.8	0	224892
5	369633	20937.7	0	369633
8	117718	327.2	0	117718
9	233549	81.8	0	233549
10	1181	20.4	1	0 1181
11	241615	5.1	1	235967 5648
12	1262	1.3	1	0 1262
13	240886	0.3	1	234891 5995
14	933	0.1	1	0 933
15	119728	0.0	1	115965 3763
16	237713	0.0	1	230882 6831
17	1390	0.0	1	0 1390
18	233960	0.0	1	227461 6231 268
19	1307	0.0	1	0 1023 284
20	120881	0.0	2	114732 5455 694
21	471210	0.0	2	455291 13693 2226
22	1975	0.0	2	0 1732 243
23	790	0.0	2	0 292 498
24	1151	0.0	2	0 877 274
25	115960	0.0	2	110621 4465 874
26	117361	0.0	2	111039 5583 739
27	225636	0.0	2	215780 7954 1902
28	2722	0.0	2	0 2424 196 102
29	223729	0.0	2	213858 8019 1778 74
30	2844	0.0	3	0 2539 204 101
31	219452	0.0	3	208891 7691 1893 977
32	1945	0.0	3	0 1547 156 242
33	109741	0.0	3	103224 4230 1755 532
34	110313	0.0	3	122 103326 5869 996
35	207673	0.0	3	173 197916 7876 1708
36	1985	0.0	3	47 124 1538 276
37	102254	0.0	3	83 96798 4427 946
38	100341	0.0	3	91 94458 4601 1191
39	100042	0.0	3	270 93177 5788 807
40	278379	0.0	3	281 266879 9087 2132
41	1924	0.0	3	127 485 1067 245
42	2241	0.0	3	5 578 1528 130
43	174460	0.0	3	150 167908 5206 1196
44	1906	0.0	3	1 406 1267 232
45	85572	0.0	3	70 81177 3632 693
46	158187	0.0	3	191 152424 4593 979
47	1736	0.0	3	4 391 1191 150
48	74780	0.0	3	58 71401 2772 549
49	71803	0.0	3	81 68593 2607 522
50	69052	0.0	3	80 65901 2564 507
51	67050	0.0	3	59 63264 3348 379
52	176467	0.0	3	126 170270 5190 881
53	1158	0.0	3	4 325 671 158
54	1903	0.0	3	3 484 1357 59
55	148724	0.0	3	85 143689 4158 792
56	919	0.0	3	5 304 526 84
57	723	0.0	3	1 196 415 111
58	44096	0.0	3	34 41899 1898 265
59	77525	0.0	3	93 74748 2254 430
60	903	0.0	3	3 191 598 111
61	35734	0.0	3	33 33921 1569 211
62	62400	0.0	3	60 60112 1840 388
63	642	0.0	3	1 157 426 58
64	27819	0.0	3	21 26675 930 193
65	26061	0.0	3	20 24937 919 185
66	23934	0.0	3	21 22834 926 153
67	21800	0.0	3	23 20743 895 139
68	19856	0.0	3	18 18938 761 139
69	18090	0.0	3	20 17207 740 123
70	16350	0.0	3	16 15562 672 100
71	14734	0.0	3	8 14025 584 117
72	13152	0.0	3	16 12485 533 118
73	12039	0.0	3	11 11451 488 89
74	11352	0.0	3	11 10795 462 84
75	10135	0.0	3	12 9636 404 83
76	10633	0.0	3	11 10061 473 88
77	8501	0.0	3	17 8035 367 82
78	7353	0.0	3	6 6997 288 62
79	6830	0.0	3	9 6487 271 63
80	6227	0.0	3	5 5894 266 62
81	5287	0.0	3	6 4988 241 52
82	4952	0.0	3	3 4711 205 33
83	4226	0.0	3	0 3987 199 40
84	3817	0.0	3	5 3616 162 34
85	3659	0.0	3	5 3480 139 35
86	3247	0.0	3	8 3054 140 45
87	3139	0.0	3	4 2957 133 45
88	2685	0.0	3	7 2529 116 33
89	2669	0.0	3	2 2521 108 38
90	2415	0.0	3	5 2259 126 25
91	2127	0.0	3	1 2000 91 35
92	1906	0.0	3	1 1775 106 24
93	1700	0.0	3	1 1599 78 22
94	1441	0.0	3	1 1342 70 28
95	1315	0.0	3	2 1221 65 27
96	1213	0.0	3	1 1133 60 19
97	1135	0.0	3	3 1064 55 13
98	1045	0.0	3	2 972 53 18
99	962	0.0	3	3 889 52 18
100	942	0.0	3	1 888 34 19
101	887	0.0	3	3 813 52 19
102	761	0.0	3	1 695 51 14
103	661	0.0	3	2 608 37 14
104	626	0.0	3	0 560 53 13
105	522	0.0	3	0 479 31 12
106	492	0.0	3	2 435 42 13
107	515	0.0	3	0 463 34 18
108	444	0.0	3	1 394 31 18
109	422	0.0	3	0 367 40 15
110	391	0.0	3	0 346 27 18
111	358	0.0	3	0 306 39 13
112	304	0.0	3	0 258 34 12
113	288	0.0	3	0 247 30 11
114	262	0.0	3	0 232 20 10
115	257	0.0	3	0 215 26 16
116	209	0.0	3	0 183 15 11
117	225	0.0	3	0 192 23 10
118	218	0.0	3	0 195 15 8
119	202	0.0	3	0 170 18 14
120	188	0.0	3	0 166 14 8
121	168	0.0	3	0 131 24 13
122	159	0.0	3	2 129 19 9
123	163	0.0	3	0 136 16 11
124	159	0.0	3	0 137 13 9
125	186	0.0	3	0 155 19 12
126	155	0.0	3	0 136 11 8
127	158	0.0	3	0 141 13 4
128	180	0.0	3	0 154 20 6
129	180	0.0	3	0 152 23 5
130	200	0.0	3	0 170 22 8
131	201	0.0	3	0 177 19 5
132	228	0.0	3	0 188 37 3
133	274	0.0	3	0 234 33 7
134	337	0.0	3	1 292 38 6
135	383	0.0	3	0 338 41 4
136	391	0.0	3	0 344 44 3
137	393	0.0	3	0 329 53 11
138	392	0.0	3	0 347 42 3
139	422	0.0	3	0 362 55 5
140	517	0.0	3	0 454 58 5
141	597	0.0	3	0 512 80 5
142	411	0.0	3	0 307 96 8
143	516	0.0	3	0 355 148 13
144	581	0.0	3	0 338 233 10
145	701	0.0	3	1 475 214 11
146	1027	0.0	3	0 585 415 27
147	1434	0.0	3	0 589 786 59
148	2865	0.0	3	0 173 2545 147
149	12583	0.0	3	0 175 11685 723
150	45890	0.0	3	0 632 42484 2774
