This is cutadapt 2.9 with Python 3.5.2
Command line parameters: --nextseq-trim 10 --minimum-length 25 --cores 4 -a AGATCGGAAGAGCACACGTCTGAACTCCAGTCAC -A AGATCGGAAGAGCGTCGTGTAGGGAAAGAGTGTA -o Mcapitata_HTAC_TP10_1478_R1_TrimmingRound1.fastq.gz -p Mcapitata_HTAC_TP10_1478_R2_TrimmingRound1.fastq.gz Mcapitata_HTAC_TP10_1478_R1.fastq.gz Mcapitata_HTAC_TP10_1478_R2.fastq.gz
Processing reads on 4 cores in paired-end mode ...
Finished in 562.37 s (34 us/read; 1.76 M reads/minute).

=== Summary ===

Total read pairs processed:         16,452,292
  Read 1 with adapter:              10,079,372 (61.3%)
  Read 2 with adapter:               9,201,473 (55.9%)
Pairs written (passing filters):    16,300,305 (99.1%)

Total basepairs processed: 4,935,687,600 bp
  Read 1: 2,467,843,800 bp
  Read 2: 2,467,843,800 bp
Quality-trimmed:              37,573,689 bp (0.8%)
  Read 1:     5,988,555 bp
  Read 2:    31,585,134 bp
Total written (filtered):  4,224,020,090 bp (85.6%)
  Read 1: 2,096,173,200 bp
  Read 2: 2,127,846,890 bp

=== First read: Adapter 1 ===

Sequence: AGATCGGAAGAGCACACGTCTGAACTCCAGTCAC; Type: regular 3'; Length: 34; Trimmed: 10079372 times

No. of allowed errors:
0-9 bp: 0; 10-19 bp: 1; 20-29 bp: 2; 30-34 bp: 3

Bases preceding removed adapters:
  A: 17.4%
  C: 41.5%
  G: 18.5%
  T: 22.6%
  none/other: 0.0%

Overview of removed sequences
length	count	expect	max.err	error counts
3	237673	257067.1	0	237673
4	131599	64266.8	0	131599
5	329271	16066.7	0	329271
8	108869	251.0	0	108869
9	212567	62.8	0	212567
10	658	15.7	1	0 658
11	279372	3.9	1	216859 62513
12	646	1.0	1	0 646
13	146988	0.2	1	114135 32853
14	156364	0.1	1	121488 34876
15	158913	0.0	1	123484 35429
16	169154	0.0	1	129906 39248
17	326899	0.0	1	252119 74780
18	1313	0.0	1	0 1102 211
19	165591	0.0	1	126756 38172 663
20	162027	0.0	2	121100 38302 2625
21	326234	0.0	2	246815 74210 5209
22	2101	0.0	2	0 1436 665
23	168522	0.0	2	127115 38563 2844
24	177265	0.0	2	132866 41049 3350
25	184334	0.0	2	138350 42352 3632
26	189090	0.0	2	140993 44212 3885
27	191789	0.0	2	142613 44924 4252
28	190416	0.0	2	139912 46144 4235 125
29	361352	0.0	2	270337 84435 6333 247
30	3684	0.0	3	0 2126 1026 532
31	179527	0.0	3	131630 42534 3855 1508
32	176823	0.0	3	130230 41570 3754 1269
33	181738	0.0	3	134134 42499 3748 1357
34	188012	0.0	3	137315 44932 4305 1460
35	191118	0.0	3	140241 45479 4063 1335
36	387866	0.0	3	289849 88841 6712 2464
37	4508	0.0	3	219 2661 1352 276
38	197451	0.0	3	144053 47935 4102 1361
39	364889	0.0	3	270759 85958 6039 2133
40	4357	0.0	3	364 2702 1029 262
41	175585	0.0	3	128814 42155 3439 1177
42	170801	0.0	3	125842 40682 3183 1094
43	170335	0.0	3	125012 40755 3433 1135
44	170871	0.0	3	125372 40919 3370 1210
45	189518	0.0	3	139554 44939 3817 1208
46	158672	0.0	3	116924 37737 3051 960
47	338593	0.0	3	252799 78636 5264 1894
48	3796	0.0	3	335 2292 908 261
49	160095	0.0	3	118355 37967 2807 966
50	152684	0.0	3	110914 37858 3025 887
51	268966	0.0	3	199766 63865 3998 1337
52	4481	0.0	3	1005 2213 998 265
53	128790	0.0	3	94221 31436 2339 794
54	252882	0.0	3	188187 59393 3892 1410
55	2896	0.0	3	271 1761 695 169
56	116874	0.0	3	86517 27988 1806 563
57	117002	0.0	3	86323 28138 1936 605
58	108179	0.0	3	79898 26044 1661 576
59	102406	0.0	3	75395 24694 1764 553
60	96536	0.0	3	69758 24671 1610 497
61	157152	0.0	3	116358 37958 2112 724
62	1947	0.0	3	302 1076 444 125
63	72262	0.0	3	53036 17635 1219 372
64	67316	0.0	3	49182 16663 1116 355
65	118248	0.0	3	88102 28199 1467 480
66	1621	0.0	3	289 929 331 72
67	55250	0.0	3	40724 13460 760 306
68	52341	0.0	3	38159 12927 970 285
69	51451	0.0	3	37022 13216 994 219
70	137270	0.0	3	102771 33109 1091 299
71	49714	0.0	3	36141 12522 819 232
72	32161	0.0	3	23063 8230 631 237
73	16195	0.0	3	11396 4275 405 119
74	13667	0.0	3	9715 3575 278 99
75	12513	0.0	3	8862 3313 251 87
76	11982	0.0	3	8668 3049 197 68
77	10722	0.0	3	7684 2791 193 54
78	7518	0.0	3	5402 1927 152 37
79	6779	0.0	3	4891 1711 141 36
80	5877	0.0	3	4265 1455 110 47
81	4672	0.0	3	3355 1208 88 21
82	3978	0.0	3	2846 1045 66 21
83	3284	0.0	3	2381 830 51 22
84	3104	0.0	3	2206 824 54 20
85	2581	0.0	3	1847 670 44 20
86	2242	0.0	3	1582 607 42 11
87	2000	0.0	3	1458 494 38 10
88	1789	0.0	3	1250 497 35 7
89	1454	0.0	3	1078 345 26 5
90	1266	0.0	3	924 316 20 6
91	1096	0.0	3	792 270 27 7
92	945	0.0	3	672 252 14 7
93	772	0.0	3	550 206 12 4
94	684	0.0	3	510 162 7 5
95	652	0.0	3	449 190 9 4
96	469	0.0	3	320 134 12 3
97	426	0.0	3	311 105 8 2
98	361	0.0	3	268 88 4 1
99	329	0.0	3	236 81 8 4
100	293	0.0	3	209 77 7
101	219	0.0	3	152 62 2 3
102	186	0.0	3	127 49 9 1
103	124	0.0	3	90 32 2
104	127	0.0	3	84 38 5
105	89	0.0	3	57 26 6
106	84	0.0	3	53 26 5
107	68	0.0	3	47 18 3
108	49	0.0	3	33 5 10 1
109	44	0.0	3	22 12 8 2
110	51	0.0	3	21 19 11
111	51	0.0	3	21 15 15
112	48	0.0	3	12 12 21 3
113	31	0.0	3	16 4 10 1
114	29	0.0	3	8 2 18 1
115	34	0.0	3	11 1 22
116	27	0.0	3	8 0 18 1
117	29	0.0	3	5 4 19 1
118	40	0.0	3	5 2 33
119	41	0.0	3	5 2 33 1
120	37	0.0	3	4 2 30 1
121	24	0.0	3	3 2 18 1
122	54	0.0	3	4 2 47 1
123	54	0.0	3	2 0 52
124	42	0.0	3	1 3 37 1
125	45	0.0	3	6 1 38
126	54	0.0	3	2 4 46 2
127	66	0.0	3	3 1 60 2
128	50	0.0	3	1 3 45 1
129	61	0.0	3	2 2 57
130	84	0.0	3	5 0 75 4
131	79	0.0	3	2 3 71 3
132	107	0.0	3	2 1 99 5
133	112	0.0	3	4 4 102 2
134	123	0.0	3	3 7 111 2
135	120	0.0	3	2 2 113 3
136	137	0.0	3	2 4 125 6
137	150	0.0	3	0 2 143 5
138	151	0.0	3	6 2 140 3
139	191	0.0	3	6 6 173 6
140	183	0.0	3	2 3 176 2
141	187	0.0	3	1 3 180 3
142	257	0.0	3	0 4 247 6
143	339	0.0	3	1 9 320 9
144	368	0.0	3	0 3 348 17
145	382	0.0	3	0 7 359 16
146	478	0.0	3	1 6 459 12
147	613	0.0	3	2 16 582 13
148	1079	0.0	3	2 12 1028 37
149	2952	0.0	3	0 41 2805 106
150	6097	0.0	3	1 121 5792 183


=== Second read: Adapter 2 ===

Sequence: AGATCGGAAGAGCGTCGTGTAGGGAAAGAGTGTA; Type: regular 3'; Length: 34; Trimmed: 9201473 times

No. of allowed errors:
0-9 bp: 0; 10-19 bp: 1; 20-29 bp: 2; 30-34 bp: 3

Bases preceding removed adapters:
  A: 14.9%
  C: 43.0%
  G: 26.9%
  T: 15.2%
  none/other: 0.0%

Overview of removed sequences
length	count	expect	max.err	error counts
3	359903	257067.1	0	359903
4	147757	64266.8	0	147757
5	321912	16066.7	0	321912
8	105482	251.0	0	105482
9	204843	62.8	0	204843
10	685	15.7	1	0 685
11	251466	3.9	1	208802 42664
12	619	1.0	1	0 619
13	280575	0.2	1	232060 48515
14	445	0.1	1	0 445
15	141854	0.0	1	118272 23582
16	298492	0.0	1	246609 51883
17	658	0.0	1	0 658
18	283661	0.0	1	235572 47693 396
19	1097	0.0	1	0 744 353
20	148513	0.0	2	118195 27014 3304
21	599192	0.0	2	486542 102847 9803
22	3137	0.0	2	0 2052 1085
23	859	0.0	2	0 365 494
24	915	0.0	2	0 624 291
25	164059	0.0	2	132725 28187 3147
26	170509	0.0	2	135118 31466 3925
27	336837	0.0	2	269460 60598 6779
28	3083	0.0	2	0 2123 788 172
29	325279	0.0	2	257723 60497 6967 92
30	3313	0.0	3	0 2282 755 276
31	315035	0.0	3	247707 57441 6518 3369
32	2682	0.0	3	0 1735 625 322
33	161718	0.0	3	126712 29246 4041 1719
34	164676	0.0	3	506 130104 30349 3717
35	169371	0.0	3	501 133186 31791 3893
36	175809	0.0	3	453 136744 33748 4864
37	347351	0.0	3	956 269610 64139 12646
38	3214	0.0	3	20 447 2003 744
39	167864	0.0	3	441 129944 31451 6028
40	177676	0.0	3	526 133704 35288 8158
41	294384	0.0	3	666 228936 55214 9568
42	3164	0.0	3	6 319 2278 561
43	289419	0.0	3	838 227903 52089 8589
44	2910	0.0	3	19 495 1693 703
45	152868	0.0	3	425 117707 29253 5483
46	305377	0.0	3	738 238774 55589 10276
47	4490	0.0	3	68 1301 2120 1001
48	150530	0.0	3	403 116428 28243 5456
49	147676	0.0	3	625 113732 27978 5341
50	135116	0.0	3	457 103496 26074 5089
51	134035	0.0	3	529 101515 26350 5641
52	436829	0.0	3	1317 346930 72494 16088
53	2734	0.0	3	14 609 1454 657
54	2413	0.0	3	3 300 1638 472
55	268162	0.0	3	560 207806 52763 7033
56	1767	0.0	3	13 514 822 418
57	918	0.0	3	2 112 558 246
58	91888	0.0	3	222 70043 18507 3116
59	147143	0.0	3	262 113524 29664 3693
60	1380	0.0	3	7 220 852 301
61	67967	0.0	3	137 51461 14321 2048
62	128269	0.0	3	291 99881 24490 3607
63	956	0.0	3	2 123 633 198
64	44011	0.0	3	66 33562 9331 1052
65	50021	0.0	3	116 38790 9732 1383
66	49559	0.0	3	118 38367 9643 1431
67	46483	0.0	3	97 35966 9151 1269
68	47609	0.0	3	122 36942 9056 1489
69	39581	0.0	3	89 30496 7918 1078
70	35045	0.0	3	99 27001 6910 1035
71	30616	0.0	3	88 23495 6124 909
72	27329	0.0	3	65 21120 5322 822
73	25511	0.0	3	62 19683 4946 820
74	27069	0.0	3	60 21386 4806 817
75	41469	0.0	3	89 35102 5072 1206
76	29722	0.0	3	115 24076 4519 1012
77	13769	0.0	3	44 10298 2953 474
78	10280	0.0	3	21 7423 2543 293
79	8861	0.0	3	16 6357 2276 212
80	8300	0.0	3	11 5826 2244 219
81	6571	0.0	3	11 4601 1799 160
82	5093	0.0	3	12 3609 1346 126
83	4402	0.0	3	9 3186 1108 99
84	3848	0.0	3	9 2721 1018 100
85	3582	0.0	3	3 2574 901 104
86	2770	0.0	3	3 1898 797 72
87	2315	0.0	3	1 1619 654 41
88	2027	0.0	3	3 1433 542 49
89	1744	0.0	3	3 1238 478 25
90	1478	0.0	3	1 1007 447 23
91	1098	0.0	3	1 747 326 24
92	945	0.0	3	1 634 285 25
93	852	0.0	3	0 585 250 17
94	686	0.0	3	1 460 207 18
95	608	0.0	3	1 409 191 7
96	523	0.0	3	0 365 146 12
97	386	0.0	3	0 276 101 9
98	335	0.0	3	0 219 107 9
99	316	0.0	3	0 218 91 7
100	270	0.0	3	0 179 82 9
101	222	0.0	3	0 156 60 6
102	182	0.0	3	2 120 52 8
103	133	0.0	3	0 93 37 3
104	130	0.0	3	0 86 38 6
105	93	0.0	3	0 60 31 2
106	89	0.0	3	0 63 25 1
107	71	0.0	3	1 53 15 2
108	71	0.0	3	1 50 18 2
109	40	0.0	3	0 26 11 3
110	47	0.0	3	0 31 11 5
111	37	0.0	3	0 21 12 4
112	34	0.0	3	0 22 10 2
113	29	0.0	3	0 18 10 1
114	20	0.0	3	0 15 1 4
115	22	0.0	3	0 14 4 4
116	16	0.0	3	0 10 4 2
117	19	0.0	3	0 8 6 5
118	18	0.0	3	0 9 2 7
119	15	0.0	3	0 5 2 8
120	12	0.0	3	0 4 2 6
121	14	0.0	3	0 3 1 10
122	16	0.0	3	0 5 4 7
123	15	0.0	3	0 3 3 9
124	11	0.0	3	0 2 1 8
125	17	0.0	3	0 5 1 11
126	28	0.0	3	0 2 4 22
127	35	0.0	3	0 2 3 30
128	31	0.0	3	0 0 0 31
129	40	0.0	3	0 5 3 32
130	59	0.0	3	0 7 2 50
131	64	0.0	3	0 1 1 62
132	85	0.0	3	0 3 0 82
133	89	0.0	3	0 2 2 85
134	97	0.0	3	0 2 2 93
135	138	0.0	3	0 3 1 134
136	128	0.0	3	0 0 1 127
137	125	0.0	3	0 2 3 120
138	175	0.0	3	0 2 5 168
139	196	0.0	3	0 4 3 189
140	194	0.0	3	0 3 6 185
141	188	0.0	3	0 0 9 179
142	209	0.0	3	0 1 9 199
143	294	0.0	3	0 0 3 291
144	350	0.0	3	0 0 7 343
145	410	0.0	3	0 1 10 399
146	457	0.0	3	0 0 9 448
147	551	0.0	3	0 1 8 542
148	888	0.0	3	0 0 22 866
149	2273	0.0	3	0 0 35 2238
150	6976	0.0	3	0 1 125 6850
