This is cutadapt 2.9 with Python 3.5.2
Command line parameters: --nextseq-trim 10 --minimum-length 25 --cores 4 -a AGATCGGAAGAGCACACGTCTGAACTCCAGTCAC -A AGATCGGAAGAGCGTCGTGTAGGGAAAGAGTGTA -o Mcapitata_ATHC_TP9_1148_R1_TrimmingRound1.fastq.gz -p Mcapitata_ATHC_TP9_1148_R2_TrimmingRound1.fastq.gz Mcapitata_ATHC_TP9_1148_R1.fastq.gz Mcapitata_ATHC_TP9_1148_R2.fastq.gz
Processing reads on 4 cores in paired-end mode ...
Finished in 607.89 s (34 us/read; 1.75 M reads/minute).

=== Summary ===

Total read pairs processed:         17,733,835
  Read 1 with adapter:              10,365,759 (58.5%)
  Read 2 with adapter:               9,757,737 (55.0%)
Pairs written (passing filters):    17,594,628 (99.2%)

Total basepairs processed: 5,320,150,500 bp
  Read 1: 2,660,075,250 bp
  Read 2: 2,660,075,250 bp
Quality-trimmed:              32,165,092 bp (0.6%)
  Read 1:     5,798,447 bp
  Read 2:    26,366,645 bp
Total written (filtered):  4,570,114,997 bp (85.9%)
  Read 1: 2,273,962,702 bp
  Read 2: 2,296,152,295 bp

=== First read: Adapter 1 ===

Sequence: AGATCGGAAGAGCACACGTCTGAACTCCAGTCAC; Type: regular 3'; Length: 34; Trimmed: 10365759 times

No. of allowed errors:
0-9 bp: 0; 10-19 bp: 1; 20-29 bp: 2; 30-34 bp: 3

Bases preceding removed adapters:
  A: 17.2%
  C: 41.5%
  G: 19.2%
  T: 22.0%
  none/other: 0.1%

Overview of removed sequences
length	count	expect	max.err	error counts
3	258858	277091.2	0	258858
4	141803	69272.8	0	141803
5	338547	17318.2	0	338547
8	109502	270.6	0	109502
9	213413	67.6	0	213413
10	633	16.9	1	0 633
11	277402	4.2	1	217216 60186
12	683	1.1	1	0 683
13	148019	0.3	1	115299 32720
14	157265	0.1	1	122155 35110
15	156741	0.0	1	122369 34372
16	168832	0.0	1	130696 38136
17	322441	0.0	1	250508 71933
18	1178	0.0	1	0 1028 150
19	163572	0.0	1	125274 37721 577
20	158549	0.0	2	118966 36854 2729
21	321633	0.0	2	243034 73189 5410
22	1941	0.0	2	0 1344 597
23	167401	0.0	2	125879 38496 3026
24	174983	0.0	2	130154 41128 3701
25	182430	0.0	2	136518 42046 3866
26	186885	0.0	2	139307 43517 4061
27	188920	0.0	2	139853 44516 4551
28	188729	0.0	2	138059 45918 4632 120
29	358660	0.0	2	266216 85018 7172 254
30	3372	0.0	3	0 2006 867 499
31	181071	0.0	3	131755 43337 4366 1613
32	175096	0.0	3	127420 42352 3923 1401
33	179478	0.0	3	130144 43817 4125 1392
34	184952	0.0	3	134019 44923 4451 1559
35	190594	0.0	3	138362 46041 4614 1577
36	196247	0.0	3	142437 47452 4737 1621
37	198460	0.0	3	144031 48021 4791 1617
38	195843	0.0	3	140901 48661 4719 1562
39	367714	0.0	3	268520 89376 7235 2583
40	3805	0.0	3	372 2191 965 277
41	175951	0.0	3	127200 43526 3880 1345
42	172167	0.0	3	123852 43041 3911 1363
43	172665	0.0	3	124238 43172 3895 1360
44	172807	0.0	3	124813 42719 3888 1387
45	185550	0.0	3	134038 45710 4345 1457
46	172176	0.0	3	124454 42612 3852 1258
47	346800	0.0	3	253797 84318 6406 2279
48	4162	0.0	3	679 2307 887 289
49	164039	0.0	3	119071 40487 3402 1079
50	157084	0.0	3	112652 40083 3322 1027
51	281800	0.0	3	205315 70004 4753 1728
52	5146	0.0	3	1654 2258 983 251
53	135560	0.0	3	96800 34871 2914 975
54	268131	0.0	3	193955 67266 5089 1821
55	3073	0.0	3	556 1638 707 172
56	122365	0.0	3	89062 30452 2146 705
57	125641	0.0	3	91040 31544 2308 749
58	115347	0.0	3	83846 28864 1999 638
59	111570	0.0	3	80547 28191 2158 674
60	104260	0.0	3	74337 27226 2053 644
61	173811	0.0	3	125851 44337 2704 919
62	2255	0.0	3	517 1121 486 131
63	80558	0.0	3	57749 20858 1472 479
64	74420	0.0	3	53130 19485 1395 410
65	133304	0.0	3	96565 34188 1946 605
66	1929	0.0	3	486 943 396 104
67	62391	0.0	3	45130 15913 1001 347
68	59964	0.0	3	42839 15683 1037 405
69	56719	0.0	3	40123 15240 1040 316
70	114658	0.0	3	83594 29616 1147 301
71	55550	0.0	3	39501 14796 978 275
72	41790	0.0	3	29557 11111 859 263
73	24488	0.0	3	16925 6905 494 164
74	21864	0.0	3	15366 5898 451 149
75	20205	0.0	3	14202 5437 426 140
76	19320	0.0	3	13664 5169 366 121
77	17688	0.0	3	12533 4699 338 118
78	13543	0.0	3	9567 3631 269 76
79	11870	0.0	3	8434 3147 224 65
80	10266	0.0	3	7276 2743 190 57
81	8239	0.0	3	5812 2248 138 41
82	7263	0.0	3	5118 1956 149 40
83	6196	0.0	3	4377 1675 107 37
84	5338	0.0	3	3751 1470 82 35
85	4800	0.0	3	3377 1305 99 19
86	4403	0.0	3	3116 1195 70 22
87	3983	0.0	3	2764 1113 79 27
88	3465	0.0	3	2487 912 51 15
89	2610	0.0	3	1831 734 31 14
90	2327	0.0	3	1682 592 38 15
91	2180	0.0	3	1561 580 27 12
92	1854	0.0	3	1302 506 35 11
93	1544	0.0	3	1125 384 27 8
94	1349	0.0	3	976 347 19 7
95	1160	0.0	3	808 325 21 6
96	892	0.0	3	623 247 18 4
97	820	0.0	3	576 225 16 3
98	705	0.0	3	489 195 16 5
99	674	0.0	3	470 185 16 3
100	555	0.0	3	395 133 25 2
101	459	0.0	3	304 137 16 2
102	422	0.0	3	279 125 12 6
103	323	0.0	3	220 80 18 5
104	280	0.0	3	196 68 15 1
105	247	0.0	3	163 72 11 1
106	216	0.0	3	151 46 17 2
107	121	0.0	3	79 33 9
108	137	0.0	3	85 32 19 1
109	124	0.0	3	77 29 16 2
110	108	0.0	3	44 31 29 4
111	107	0.0	3	51 16 39 1
112	101	0.0	3	42 17 41 1
113	86	0.0	3	34 7 43 2
114	85	0.0	3	29 12 43 1
115	84	0.0	3	25 12 46 1
116	75	0.0	3	7 6 62
117	72	0.0	3	14 6 51 1
118	91	0.0	3	9 4 72 6
119	94	0.0	3	11 6 72 5
120	101	0.0	3	10 3 85 3
121	113	0.0	3	9 4 95 5
122	97	0.0	3	11 1 85
123	118	0.0	3	8 3 101 6
124	135	0.0	3	7 3 120 5
125	131	0.0	3	11 4 114 2
126	136	0.0	3	10 1 123 2
127	147	0.0	3	1 4 141 1
128	188	0.0	3	3 6 174 5
129	193	0.0	3	8 5 176 4
130	198	0.0	3	8 5 180 5
131	196	0.0	3	5 4 184 3
132	220	0.0	3	7 4 204 5
133	271	0.0	3	6 4 252 9
134	285	0.0	3	11 6 258 10
135	350	0.0	3	4 2 335 9
136	358	0.0	3	5 9 335 9
137	413	0.0	3	7 8 389 9
138	450	0.0	3	9 8 423 10
139	492	0.0	3	9 7 462 14
140	521	0.0	3	7 4 488 22
141	558	0.0	3	6 15 526 11
142	769	0.0	3	1 8 736 24
143	993	0.0	3	4 22 931 36
144	1125	0.0	3	5 19 1066 35
145	1150	0.0	3	2 17 1081 50
146	1394	0.0	3	4 25 1323 42
147	1867	0.0	3	12 36 1768 51
148	3129	0.0	3	2 40 2977 110
149	8302	0.0	3	1 119 7947 235
150	19231	0.0	3	3 262 18367 599


=== Second read: Adapter 2 ===

Sequence: AGATCGGAAGAGCGTCGTGTAGGGAAAGAGTGTA; Type: regular 3'; Length: 34; Trimmed: 9757737 times

No. of allowed errors:
0-9 bp: 0; 10-19 bp: 1; 20-29 bp: 2; 30-34 bp: 3

Bases preceding removed adapters:
  A: 15.8%
  C: 41.1%
  G: 27.3%
  T: 15.8%
  none/other: 0.0%

Overview of removed sequences
length	count	expect	max.err	error counts
3	370038	277091.2	0	370038
4	158201	69272.8	0	158201
5	330100	17318.2	0	330100
8	104802	270.6	0	104802
9	203502	67.6	0	203502
10	749	16.9	1	0 749
11	259199	4.2	1	207310 51889
12	701	1.1	1	0 701
13	295096	0.3	1	233682 61414
14	485	0.1	1	0 485
15	145857	0.0	1	116705 29152
16	311455	0.0	1	247044 64411
17	625	0.0	1	0 625
18	281630	0.0	1	225031 56151 448
19	1008	0.0	1	0 643 365
20	151336	0.0	2	114812 32667 3857
21	609617	0.0	2	470011 127656 11950
22	2480	0.0	2	0 1592 888
23	881	0.0	2	0 402 479
24	1036	0.0	2	0 674 362
25	167997	0.0	2	128772 35350 3875
26	174065	0.0	2	131189 38371 4505
27	344108	0.0	2	260937 75152 8019
28	3203	0.0	2	0 2080 917 206
29	334115	0.0	2	250848 74563 8574 130
30	3523	0.0	3	0 2276 913 334
31	323445	0.0	3	241011 71261 7421 3752
32	2758	0.0	3	0 1627 743 388
33	166074	0.0	3	121666 37783 4712 1913
34	172933	0.0	3	125321 39980 5478 2154
35	354133	0.0	3	262454 78900 9103 3676
36	3297	0.0	3	240 1919 821 317
37	181701	0.0	3	133636 41304 4804 1957
38	185684	0.0	3	133781 43115 6205 2583
39	195265	0.0	3	136272 47823 7752 3418
40	489585	0.0	3	364627 110094 10737 4127
41	2825	0.0	3	417 1366 719 323
42	2960	0.0	3	519 1710 545 186
43	290585	0.0	3	215476 67023 5837 2249
44	3056	0.0	3	474 1657 688 237
45	161783	0.0	3	118054 37895 4153 1681
46	332222	0.0	3	247226 74487 7524 2985
47	4641	0.0	3	1398 2070 823 350
48	157310	0.0	3	114649 37164 3890 1607
49	167781	0.0	3	124112 37807 4119 1743
50	143864	0.0	3	103628 34495 4098 1643
51	161234	0.0	3	118211 36888 4400 1735
52	455767	0.0	3	343114 97361 10674 4618
53	3185	0.0	3	595 1489 765 336
54	3246	0.0	3	643 1842 639 122
55	300075	0.0	3	216767 75097 6008 2203
56	2065	0.0	3	471 927 451 216
57	1232	0.0	3	217 583 357 75
58	104276	0.0	3	74627 26208 2516 925
59	164134	0.0	3	117496 42226 3205 1207
60	1723	0.0	3	292 930 388 113
61	78119	0.0	3	54560 20884 1984 691
62	141083	0.0	3	101343 35512 2976 1252
63	1095	0.0	3	150 639 238 68
64	54418	0.0	3	38575 14410 1061 372
65	56255	0.0	3	40473 14230 1143 409
66	58175	0.0	3	41971 14507 1237 460
67	54077	0.0	3	38755 13722 1183 417
68	54795	0.0	3	39921 13283 1160 431
69	46977	0.0	3	33834 11708 1020 415
70	42886	0.0	3	31089 10596 858 343
71	37142	0.0	3	26740 9336 761 305
72	32969	0.0	3	23830 8256 624 259
73	31116	0.0	3	22749 7530 594 243
74	31151	0.0	3	23314 7064 573 200
75	36812	0.0	3	29156 6929 522 205
76	30394	0.0	3	22909 6664 557 264
77	18757	0.0	3	13191 5016 382 168
78	15339	0.0	3	10708 4163 345 123
79	14154	0.0	3	9680 4073 281 120
80	13169	0.0	3	8978 3850 243 98
81	10299	0.0	3	6945 3059 211 84
82	8319	0.0	3	5659 2450 155 55
83	7064	0.0	3	4890 1994 128 52
84	6225	0.0	3	4195 1876 104 50
85	5793	0.0	3	3922 1701 116 54
86	4959	0.0	3	3382 1418 110 49
87	4175	0.0	3	2773 1289 83 30
88	3611	0.0	3	2448 1080 53 30
89	2971	0.0	3	1970 929 52 20
90	2563	0.0	3	1714 777 53 19
91	2124	0.0	3	1429 646 42 7
92	1798	0.0	3	1186 560 46 6
93	1629	0.0	3	1089 499 30 11
94	1301	0.0	3	895 371 20 15
95	1072	0.0	3	705 345 17 5
96	949	0.0	3	645 264 25 15
97	747	0.0	3	503 221 13 10
98	656	0.0	3	432 194 22 8
99	570	0.0	3	368 174 19 9
100	487	0.0	3	308 162 14 3
101	436	0.0	3	287 134 10 5
102	381	0.0	3	241 130 10
103	327	0.0	3	211 99 11 6
104	338	0.0	3	211 116 8 3
105	235	0.0	3	138 79 13 5
106	182	0.0	3	112 57 12 1
107	159	0.0	3	94 46 10 9
108	156	0.0	3	99 46 7 4
109	125	0.0	3	73 40 8 4
110	121	0.0	3	64 37 15 5
111	92	0.0	3	51 30 8 3
112	89	0.0	3	50 33 4 2
113	67	0.0	3	34 21 8 4
114	55	0.0	3	31 17 6 1
115	50	0.0	3	26 16 7 1
116	42	0.0	3	18 13 8 3
117	28	0.0	3	14 6 6 2
118	38	0.0	3	12 7 14 5
119	40	0.0	3	15 12 12 1
120	29	0.0	3	13 1 15
121	29	0.0	3	10 3 15 1
122	34	0.0	3	7 5 20 2
123	34	0.0	3	12 6 15 1
124	39	0.0	3	12 2 20 5
125	33	0.0	3	3 3 27
126	68	0.0	3	6 5 54 3
127	87	0.0	3	5 1 77 4
128	94	0.0	3	15 3 72 4
129	120	0.0	3	6 4 104 6
130	155	0.0	3	11 1 133 10
131	187	0.0	3	6 3 170 8
132	241	0.0	3	9 4 219 9
133	222	0.0	3	11 4 198 9
134	262	0.0	3	7 6 238 11
135	326	0.0	3	2 7 303 14
136	349	0.0	3	6 6 321 16
137	337	0.0	3	6 9 302 20
138	469	0.0	3	3 6 448 12
139	478	0.0	3	4 8 453 13
140	519	0.0	3	6 11 488 14
141	581	0.0	3	4 7 548 22
142	640	0.0	3	4 12 602 22
143	824	0.0	3	3 15 782 24
144	1030	0.0	3	2 24 974 30
145	1080	0.0	3	4 17 1020 39
146	1392	0.0	3	2 23 1316 51
147	1744	0.0	3	7 21 1649 67
148	2861	0.0	3	0 43 2713 105
149	7246	0.0	3	1 95 6872 278
150	22423	0.0	3	1 332 21217 873
