This is cutadapt 2.9 with Python 3.5.2
Command line parameters: --nextseq-trim 10 --minimum-length 25 --cores 4 -a AGATCGGAAGAGCACACGTCTGAACTCCAGTCAC -A AGATCGGAAGAGCGTCGTGTAGGGAAAGAGTGTA -o Mcapitata_HTAC_TP7_1278_R1_TrimmingRound1.fastq.gz -p Mcapitata_HTAC_TP7_1278_R2_TrimmingRound1.fastq.gz Mcapitata_HTAC_TP7_1278_R1.fastq.gz Mcapitata_HTAC_TP7_1278_R2.fastq.gz
Processing reads on 4 cores in paired-end mode ...
Finished in 616.05 s (39 us/read; 1.55 M reads/minute).

=== Summary ===

Total read pairs processed:         15,926,140
  Read 1 with adapter:               5,792,461 (36.4%)
  Read 2 with adapter:               5,669,887 (35.6%)
Pairs written (passing filters):    15,888,464 (99.8%)

Total basepairs processed: 4,777,842,000 bp
  Read 1: 2,388,921,000 bp
  Read 2: 2,388,921,000 bp
Quality-trimmed:              10,521,687 bp (0.2%)
  Read 1:     4,274,830 bp
  Read 2:     6,246,857 bp
Total written (filtered):  4,436,008,260 bp (92.8%)
  Read 1: 2,214,594,616 bp
  Read 2: 2,221,413,644 bp

=== First read: Adapter 1 ===

Sequence: AGATCGGAAGAGCACACGTCTGAACTCCAGTCAC; Type: regular 3'; Length: 34; Trimmed: 5792461 times

No. of allowed errors:
0-9 bp: 0; 10-19 bp: 1; 20-29 bp: 2; 30-34 bp: 3

Bases preceding removed adapters:
  A: 15.1%
  C: 32.9%
  G: 31.7%
  T: 20.2%
  none/other: 0.1%

Overview of removed sequences
length	count	expect	max.err	error counts
3	327842	248845.9	0	327842
4	151854	62211.5	0	151854
5	311495	15552.9	0	311495
8	99614	243.0	0	99614
9	198197	60.8	0	198197
10	459	15.2	1	0 459
11	232036	3.8	1	199315 32721
12	375	0.9	1	0 375
13	116300	0.2	1	99476 16824
14	115853	0.1	1	99224 16629
15	113754	0.0	1	96813 16941
16	113153	0.0	1	96350 16803
17	223536	0.0	1	190776 32760
18	819	0.0	1	0 722 97
19	110746	0.0	1	94080 16382 284
20	113592	0.0	2	94747 17522 1323
21	222072	0.0	2	186690 32912 2470
22	1335	0.0	2	0 1029 306
23	111831	0.0	2	93386 16889 1556
24	110634	0.0	2	91579 17471 1584
25	108703	0.0	2	90266 16757 1680
26	107586	0.0	2	88894 17164 1528
27	105112	0.0	2	86516 16797 1799
28	104244	0.0	2	85627 16973 1568 76
29	201125	0.0	2	167436 30740 2687 262
30	1869	0.0	3	0 1180 403 286
31	100685	0.0	3	82970 15659 1629 427
32	100910	0.0	3	82322 16222 1825 541
33	99587	0.0	3	81267 16003 1831 486
34	98699	0.0	3	80034 16374 1823 468
35	185775	0.0	3	153455 28872 2704 744
36	1955	0.0	3	160 1301 381 113
37	90659	0.0	3	74089 14656 1446 468
38	87992	0.0	3	71790 14293 1504 405
39	85676	0.0	3	69995 13900 1406 375
40	83560	0.0	3	68404 13507 1273 376
41	82906	0.0	3	67869 13432 1243 362
42	79606	0.0	3	65058 12933 1256 359
43	78546	0.0	3	64383 12579 1247 337
44	76861	0.0	3	63282 12086 1154 339
45	75078	0.0	3	61270 12230 1288 290
46	70162	0.0	3	57545 11366 985 266
47	130867	0.0	3	109402 19438 1591 436
48	1489	0.0	3	229 935 245 80
49	61167	0.0	3	50592 9485 884 206
50	60219	0.0	3	49169 9967 860 223
51	108617	0.0	3	90731 16317 1198 371
52	1382	0.0	3	202 855 270 55
53	52209	0.0	3	43112 8217 682 198
54	95514	0.0	3	79913 14192 1107 302
55	1105	0.0	3	163 725 175 42
56	44126	0.0	3	36625 6799 545 157
57	40937	0.0	3	33717 6495 570 155
58	38104	0.0	3	31489 6012 487 116
59	35547	0.0	3	29388 5579 473 107
60	33597	0.0	3	27343 5651 485 118
61	57905	0.0	3	48341 8800 594 170
62	670	0.0	3	117 395 108 50
63	26788	0.0	3	22184 4143 386 75
64	25224	0.0	3	20666 4131 347 80
65	43609	0.0	3	36366 6631 489 123
66	462	0.0	3	79 282 80 21
67	19200	0.0	3	15922 2981 238 59
68	17688	0.0	3	14535 2858 245 50
69	15706	0.0	3	12945 2500 210 51
70	14047	0.0	3	11509 2294 211 33
71	12821	0.0	3	10481 2108 191 41
72	14351	0.0	3	11805 2333 176 37
73	10292	0.0	3	8425 1672 163 32
74	9948	0.0	3	8201 1593 132 22
75	8836	0.0	3	7226 1430 143 37
76	8226	0.0	3	6803 1306 91 26
77	6941	0.0	3	5656 1177 93 15
78	6059	0.0	3	4961 988 96 14
79	5488	0.0	3	4486 927 62 13
80	4730	0.0	3	3841 803 72 14
81	4293	0.0	3	3537 704 46 6
82	3867	0.0	3	3195 603 56 13
83	3436	0.0	3	2823 564 42 7
84	3035	0.0	3	2534 453 37 11
85	2765	0.0	3	2306 417 39 3
86	2447	0.0	3	2021 383 36 7
87	2236	0.0	3	1861 348 24 3
88	2211	0.0	3	1844 340 25 2
89	1719	0.0	3	1429 260 24 6
90	1553	0.0	3	1270 253 24 6
91	1430	0.0	3	1179 228 18 5
92	1264	0.0	3	1025 219 13 7
93	954	0.0	3	787 148 14 5
94	848	0.0	3	711 127 9 1
95	865	0.0	3	736 118 8 3
96	617	0.0	3	504 101 12
97	650	0.0	3	546 89 10 5
98	622	0.0	3	520 94 7 1
99	544	0.0	3	455 83 5 1
100	446	0.0	3	380 58 7 1
101	365	0.0	3	312 47 5 1
102	341	0.0	3	268 67 5 1
103	260	0.0	3	206 51 3
104	227	0.0	3	181 40 4 2
105	199	0.0	3	170 28 1
106	196	0.0	3	159 37
107	132	0.0	3	109 23
108	143	0.0	3	118 24 1
109	115	0.0	3	91 22 2
110	101	0.0	3	85 13 3
111	77	0.0	3	63 10 3 1
112	78	0.0	3	54 19 5
113	52	0.0	3	45 4 3
114	53	0.0	3	37 10 4 2
115	33	0.0	3	26 4 2 1
116	32	0.0	3	23 5 3 1
117	27	0.0	3	21 4 2
118	25	0.0	3	17 0 6 2
119	23	0.0	3	15 4 4
120	18	0.0	3	11 4 3
121	9	0.0	3	6 1 1 1
122	11	0.0	3	6 0 4 1
123	10	0.0	3	9 0 1
124	10	0.0	3	2 1 7
125	11	0.0	3	4 2 3 2
126	6	0.0	3	3 2 1
127	10	0.0	3	5 1 4
128	9	0.0	3	2 2 5
129	12	0.0	3	5 1 6
130	10	0.0	3	4 1 5
131	15	0.0	3	8 1 6
132	9	0.0	3	2 0 7
133	15	0.0	3	5 0 10
134	15	0.0	3	4 0 11
135	28	0.0	3	8 1 17 2
136	33	0.0	3	8 1 22 2
137	28	0.0	3	3 0 23 2
138	37	0.0	3	4 0 33
139	60	0.0	3	11 1 46 2
140	44	0.0	3	4 2 36 2
141	67	0.0	3	8 1 57 1
142	78	0.0	3	4 1 69 4
143	127	0.0	3	6 2 118 1
144	197	0.0	3	3 3 184 7
145	159	0.0	3	8 2 144 5
146	420	0.0	3	9 4 391 16
147	1041	0.0	3	6 8 992 35
148	3006	0.0	3	5 20 2866 115
149	9222	0.0	3	3 42 8873 304
150	22799	0.0	3	1 87 21840 871


=== Second read: Adapter 2 ===

Sequence: AGATCGGAAGAGCGTCGTGTAGGGAAAGAGTGTA; Type: regular 3'; Length: 34; Trimmed: 5669887 times

No. of allowed errors:
0-9 bp: 0; 10-19 bp: 1; 20-29 bp: 2; 30-34 bp: 3

Bases preceding removed adapters:
  A: 14.2%
  C: 30.8%
  G: 44.7%
  T: 10.1%
  none/other: 0.1%

Overview of removed sequences
length	count	expect	max.err	error counts
3	456217	248845.9	0	456217
4	176047	62211.5	0	176047
5	288624	15552.9	0	288624
8	89929	243.0	0	89929
9	177886	60.8	0	177886
10	1054	15.2	1	0 1054
11	223414	3.8	1	178394 45020
12	818	0.9	1	0 818
13	225761	0.2	1	179435 46326
14	528	0.1	1	0 528
15	107053	0.0	1	84703 22350
16	218410	0.0	1	171443 46967
17	740	0.0	1	0 740
18	205425	0.0	1	162585 42277 563
19	1003	0.0	1	0 613 390
20	109540	0.0	2	82242 23307 3991
21	423472	0.0	2	321124 88809 13539
22	2090	0.0	2	0 1342 748
23	989	0.0	2	0 358 631
24	788	0.0	2	0 492 296
25	103280	0.0	2	77488 21926 3866
26	103764	0.0	2	76674 22897 4193
27	197546	0.0	2	147317 42148 8081
28	1743	0.0	2	0 1151 505 87
29	195898	0.0	2	145576 42327 7912 83
30	2061	0.0	3	0 1343 495 223
31	188085	0.0	3	138810 38582 6764 3929
32	1483	0.0	3	0 900 332 251
33	94556	0.0	3	68050 20297 4278 1931
34	91565	0.0	3	13 67207 20367 3978
35	91591	0.0	3	47 66509 20829 4206
36	170623	0.0	3	61 125335 37713 7514
37	1423	0.0	3	1 109 940 373
38	83404	0.0	3	35 60596 18865 3908
39	80545	0.0	3	19 58448 18379 3699
40	79319	0.0	3	30 57742 17973 3574
41	152380	0.0	3	37 112025 33837 6481
42	1845	0.0	3	1 260 1159 425
43	144692	0.0	3	45 107182 31706 5759
44	1416	0.0	3	0 221 835 360
45	69429	0.0	3	24 50619 15736 3050
46	130673	0.0	3	34 96345 28836 5458
47	1279	0.0	3	2 195 766 316
48	60839	0.0	3	13 44518 13782 2526
49	58155	0.0	3	14 42739 12936 2466
50	56597	0.0	3	62 41331 12707 2497
51	53949	0.0	3	14 39070 12476 2389
52	147652	0.0	3	55 109542 32317 5738
53	1058	0.0	3	0 220 514 324
54	1137	0.0	3	2 201 699 235
55	123006	0.0	3	51 92157 26374 4424
56	938	0.0	3	1 250 487 200
57	471	0.0	3	0 101 226 144
58	36139	0.0	3	21 26640 8058 1420
59	64309	0.0	3	28 47558 14353 2370
60	570	0.0	3	0 89 338 143
61	29094	0.0	3	4 21357 6566 1167
62	52725	0.0	3	18 39222 11505 1980
63	420	0.0	3	1 75 247 97
64	23314	0.0	3	12 17438 5066 798
65	22232	0.0	3	5 16366 5032 829
66	19957	0.0	3	15 14901 4395 646
67	18492	0.0	3	5 13790 4033 664
68	16980	0.0	3	6 12514 3811 649
69	15037	0.0	3	2 11165 3348 522
70	13383	0.0	3	9 9939 2982 453
71	12214	0.0	3	2 9040 2684 488
72	11065	0.0	3	3 8251 2414 397
73	10046	0.0	3	3 7486 2183 374
74	9413	0.0	3	1 6964 2088 360
75	8497	0.0	3	3 6281 1888 325
76	9301	0.0	3	6 6895 2035 365
77	7237	0.0	3	2 5462 1531 242
78	5882	0.0	3	4 4404 1284 190
79	5413	0.0	3	2 4134 1107 170
80	5055	0.0	3	0 3768 1120 167
81	3985	0.0	3	1 2985 866 133
82	3637	0.0	3	0 2790 740 107
83	3287	0.0	3	1 2479 693 114
84	2995	0.0	3	1 2249 652 93
85	2751	0.0	3	1 2060 605 85
86	2623	0.0	3	1 1981 563 78
87	2203	0.0	3	1 1624 499 79
88	1982	0.0	3	0 1483 429 70
89	1814	0.0	3	1 1392 366 55
90	1491	0.0	3	0 1121 321 49
91	1274	0.0	3	0 960 273 41
92	1150	0.0	3	0 874 234 42
93	1019	0.0	3	0 766 223 30
94	795	0.0	3	0 585 187 23
95	778	0.0	3	1 562 187 28
96	708	0.0	3	2 526 156 24
97	583	0.0	3	0 431 123 29
98	580	0.0	3	1 433 131 15
99	525	0.0	3	0 411 95 19
100	430	0.0	3	0 324 89 17
101	366	0.0	3	0 271 86 9
102	298	0.0	3	0 200 84 14
103	256	0.0	3	0 177 69 10
104	238	0.0	3	0 159 63 16
105	216	0.0	3	0 148 56 12
106	179	0.0	3	0 130 40 9
107	157	0.0	3	0 113 36 8
108	125	0.0	3	0 101 19 5
109	137	0.0	3	0 100 29 8
110	130	0.0	3	0 86 33 11
111	85	0.0	3	0 55 23 7
112	74	0.0	3	0 53 16 5
113	69	0.0	3	0 42 20 7
114	61	0.0	3	0 42 13 6
115	41	0.0	3	0 21 13 7
116	38	0.0	3	0 19 10 9
117	31	0.0	3	0 15 11 5
118	34	0.0	3	0 20 6 8
119	21	0.0	3	0 14 4 3
120	30	0.0	3	1 14 9 6
121	21	0.0	3	0 10 2 9
122	22	0.0	3	0 9 2 11
123	14	0.0	3	0 4 6 4
124	18	0.0	3	0 6 2 10
125	17	0.0	3	0 5 1 11
126	12	0.0	3	0 5 2 5
127	13	0.0	3	0 4 0 9
128	18	0.0	3	0 9 2 7
129	9	0.0	3	0 4 1 4
130	17	0.0	3	0 7 2 8
131	17	0.0	3	0 7 1 9
132	14	0.0	3	0 2 1 11
133	21	0.0	3	0 7 1 13
134	19	0.0	3	0 5 0 14
135	32	0.0	3	0 8 1 23
136	24	0.0	3	0 2 2 20
137	31	0.0	3	0 6 2 23
138	28	0.0	3	0 5 1 22
139	53	0.0	3	0 6 3 44
140	50	0.0	3	0 4 2 44
141	59	0.0	3	0 7 1 51
142	88	0.0	3	0 2 1 85
143	138	0.0	3	0 4 8 126
144	206	0.0	3	0 3 3 200
145	202	0.0	3	0 5 3 194
146	350	0.0	3	0 8 9 333
147	807	0.0	3	0 6 6 795
148	2120	0.0	3	0 2 16 2102
149	7572	0.0	3	0 0 37 7535
150	21734	0.0	3	0 1 97 21636
