This is cutadapt 2.9 with Python 3.5.2
Command line parameters: --nextseq-trim 10 --minimum-length 25 --cores 4 -a AGATCGGAAGAGCACACGTCTGAACTCCAGTCAC -A AGATCGGAAGAGCGTCGTGTAGGGAAAGAGTGTA -o Mcapitata_ATHC_TP11_2188_R1_TrimmingRound1.fastq.gz -p Mcapitata_ATHC_TP11_2188_R2_TrimmingRound1.fastq.gz Mcapitata_ATHC_TP11_2188_R1.fastq.gz Mcapitata_ATHC_TP11_2188_R2.fastq.gz
Processing reads on 4 cores in paired-end mode ...
Finished in 767.70 s (39 us/read; 1.52 M reads/minute).

=== Summary ===

Total read pairs processed:         19,473,224
  Read 1 with adapter:               7,525,966 (38.6%)
  Read 2 with adapter:               7,677,961 (39.4%)
Pairs written (passing filters):    19,419,488 (99.7%)

Total basepairs processed: 5,841,967,200 bp
  Read 1: 2,920,983,600 bp
  Read 2: 2,920,983,600 bp
Quality-trimmed:              12,015,658 bp (0.2%)
  Read 1:     5,172,777 bp
  Read 2:     6,842,881 bp
Total written (filtered):  5,220,455,269 bp (89.4%)
  Read 1: 2,610,543,619 bp
  Read 2: 2,609,911,650 bp

=== First read: Adapter 1 ===

Sequence: AGATCGGAAGAGCACACGTCTGAACTCCAGTCAC; Type: regular 3'; Length: 34; Trimmed: 7525966 times

No. of allowed errors:
0-9 bp: 0; 10-19 bp: 1; 20-29 bp: 2; 30-34 bp: 3

Bases preceding removed adapters:
  A: 17.5%
  C: 28.8%
  G: 36.7%
  T: 16.9%
  none/other: 0.1%

Overview of removed sequences
length	count	expect	max.err	error counts
3	346381	304269.1	0	346381
4	145254	76067.3	0	145254
5	273240	19016.8	0	273240
8	86321	297.1	0	86321
9	173901	74.3	0	173901
10	556	18.6	1	0 556
11	179684	4.6	1	176402 3282
12	429	1.2	1	0 429
13	90681	0.3	1	88566 2115
14	91728	0.1	1	89419 2309
15	90603	0.0	1	88313 2290
16	91299	0.0	1	88543 2756
17	181637	0.0	1	177067 4570
18	611	0.0	1	0 550 61
19	92282	0.0	1	89394 2766 122
20	94037	0.0	2	90385 3407 245
21	186940	0.0	2	180985 5417 538
22	883	0.0	2	0 807 76
23	94827	0.0	2	91094 3376 357
24	95415	0.0	2	91476 3610 329
25	95136	0.0	2	91044 3733 359
26	94476	0.0	2	90345 3800 331
27	93902	0.0	2	89609 3833 460
28	96046	0.0	2	90721 4942 320 63
29	189807	0.0	2	182202 6802 693 110
30	1557	0.0	3	0 1118 154 285
31	96561	0.0	3	91521 4501 417 122
32	97294	0.0	3	91840 4820 546 88
33	98108	0.0	3	91732 5908 382 86
34	193675	0.0	3	184505 8206 793 171
35	1511	0.0	3	70 1278 125 38
36	97223	0.0	3	92001 4661 471 90
37	97212	0.0	3	91711 4987 410 104
38	97490	0.0	3	91928 4970 491 101
39	97760	0.0	3	91337 5937 397 89
40	194267	0.0	3	185399 8085 623 160
41	1515	0.0	3	68 1288 123 36
42	98075	0.0	3	92684 4903 398 90
43	98735	0.0	3	93004 5211 416 104
44	98426	0.0	3	92988 4921 422 95
45	99761	0.0	3	94249 5005 427 80
46	97316	0.0	3	91186 5704 335 91
47	192079	0.0	3	183462 7908 567 142
48	1612	0.0	3	194 1252 123 43
49	96131	0.0	3	90953 4720 392 66
50	96931	0.0	3	90839 5674 312 106
51	188279	0.0	3	180049 7575 497 158
52	1750	0.0	3	220 1337 183 10
53	95819	0.0	3	90129 5307 307 76
54	188518	0.0	3	180236 7656 514 112
55	1631	0.0	3	207 1283 117 24
56	92590	0.0	3	87741 4451 315 83
57	92570	0.0	3	87424 4763 302 81
58	90989	0.0	3	86019 4625 279 66
59	90075	0.0	3	85099 4578 343 55
60	89042	0.0	3	83353 5332 289 68
61	171696	0.0	3	164106 7076 420 94
62	1506	0.0	3	247 1120 104 35
63	85146	0.0	3	80770 4001 334 41
64	85575	0.0	3	80206 5024 283 62
65	162151	0.0	3	154993 6617 442 99
66	1366	0.0	3	197 1024 110 35
67	79028	0.0	3	74865 3817 294 52
68	75862	0.0	3	71813 3700 308 41
69	73755	0.0	3	69904 3534 263 54
70	70840	0.0	3	67098 3458 226 58
71	68427	0.0	3	64634 3502 246 45
72	80355	0.0	3	76371 3646 287 51
73	64313	0.0	3	60943 3090 239 41
74	62744	0.0	3	59430 3060 218 36
75	60289	0.0	3	57352 2734 175 28
76	54275	0.0	3	51476 2582 175 42
77	52624	0.0	3	49952 2486 165 21
78	47040	0.0	3	44623 2256 132 29
79	43690	0.0	3	41464 2066 126 34
80	39976	0.0	3	37938 1933 85 20
81	37812	0.0	3	35882 1797 108 25
82	32656	0.0	3	31042 1509 84 21
83	29073	0.0	3	27647 1325 90 11
84	26857	0.0	3	25495 1280 72 10
85	24005	0.0	3	22838 1088 63 16
86	22063	0.0	3	20871 1113 64 15
87	19919	0.0	3	18865 998 47 9
88	18659	0.0	3	17796 796 53 14
89	14997	0.0	3	14265 667 44 21
90	13609	0.0	3	12986 589 26 8
91	11975	0.0	3	11393 538 37 7
92	10008	0.0	3	9479 488 34 7
93	7912	0.0	3	7503 383 22 4
94	7105	0.0	3	6760 310 26 9
95	6258	0.0	3	5948 295 9 6
96	4987	0.0	3	4712 252 18 5
97	4606	0.0	3	4383 204 16 3
98	4055	0.0	3	3847 195 10 3
99	3710	0.0	3	3518 173 14 5
100	2975	0.0	3	2842 118 13 2
101	2622	0.0	3	2491 113 15 3
102	2101	0.0	3	1997 98 3 3
103	1613	0.0	3	1538 64 6 5
104	1279	0.0	3	1208 62 5 4
105	1154	0.0	3	1085 64 5
106	996	0.0	3	936 53 5 2
107	877	0.0	3	826 43 6 2
108	805	0.0	3	757 45 2 1
109	729	0.0	3	693 30 6
110	603	0.0	3	564 38 1
111	534	0.0	3	502 29 2 1
112	458	0.0	3	436 20 1 1
113	447	0.0	3	425 16 4 2
114	428	0.0	3	402 23 3
115	382	0.0	3	360 16 6
116	368	0.0	3	343 23 1 1
117	410	0.0	3	387 22 1
118	362	0.0	3	333 28 1
119	378	0.0	3	353 21 2 2
120	381	0.0	3	359 20 2
121	406	0.0	3	374 28 3 1
122	429	0.0	3	404 23 1 1
123	373	0.0	3	342 28 2 1
124	450	0.0	3	413 34 3
125	477	0.0	3	451 25 0 1
126	532	0.0	3	508 24
127	574	0.0	3	550 24
128	645	0.0	3	613 29 3
129	633	0.0	3	598 30 4 1
130	701	0.0	3	654 44 3
131	810	0.0	3	765 44 0 1
132	873	0.0	3	817 52 3 1
133	958	0.0	3	907 46 4 1
134	1117	0.0	3	1041 73 3
135	1270	0.0	3	1196 72 2
136	1331	0.0	3	1236 91 4
137	1394	0.0	3	1302 88 4
138	1343	0.0	3	1258 77 4 4
139	1310	0.0	3	1208 94 7 1
140	1421	0.0	3	1316 102 3
141	1571	0.0	3	1425 137 8 1
142	994	0.0	3	854 134 6
143	1072	0.0	3	929 135 8
144	1146	0.0	3	919 217 7 3
145	1272	0.0	3	1041 216 14 1
146	1574	0.0	3	1184 369 19 2
147	1836	0.0	3	966 841 26 3
148	2667	0.0	3	271 2258 129 9
149	7425	0.0	3	188 6872 344 21
150	17958	0.0	3	544 16557 806 51


=== Second read: Adapter 2 ===

Sequence: AGATCGGAAGAGCGTCGTGTAGGGAAAGAGTGTA; Type: regular 3'; Length: 34; Trimmed: 7677961 times

No. of allowed errors:
0-9 bp: 0; 10-19 bp: 1; 20-29 bp: 2; 30-34 bp: 3

Bases preceding removed adapters:
  A: 17.0%
  C: 27.5%
  G: 45.5%
  T: 9.7%
  none/other: 0.3%

Overview of removed sequences
length	count	expect	max.err	error counts
3	474493	304269.1	0	474493
4	177838	76067.3	0	177838
5	277079	19016.8	0	277079
8	86362	297.1	0	86362
9	174090	74.3	0	174090
10	665	18.6	1	0 665
11	179629	4.6	1	176733 2896
12	625	1.2	1	0 625
13	182261	0.3	1	178807 3454
14	403	0.1	1	0 403
15	90233	0.0	1	87995 2238
16	182059	0.0	1	177533 4526
17	766	0.0	1	0 766
18	181176	0.0	1	176540 4461 175
19	720	0.0	1	0 511 209
20	94605	0.0	2	90061 4160 384
21	374823	0.0	2	361770 11680 1373
22	776	0.0	2	0 679 97
23	347	0.0	2	0 96 251
24	679	0.0	2	0 556 123
25	94736	0.0	2	90387 3801 548
26	94868	0.0	2	89986 4410 472
27	187258	0.0	2	179110 6908 1240
28	1590	0.0	2	0 1410 111 69
29	191024	0.0	2	182394 7415 1175 40
30	1553	0.0	3	0 1429 74 50
31	190886	0.0	3	181479 7634 1144 629
32	1191	0.0	3	0 969 107 115
33	96814	0.0	3	90986 4347 1179 302
34	97679	0.0	3	18 91820 5093 748
35	98152	0.0	3	21 91746 5693 692
36	192306	0.0	3	19 182150 8984 1153
37	1078	0.0	3	2 37 901 138
38	96971	0.0	3	18 91412 4858 683
39	96612	0.0	3	17 90667 5270 658
40	98193	0.0	3	7 92022 5538 626
41	194780	0.0	3	30 184621 8952 1177
42	1701	0.0	3	1 58 1561 81
43	194597	0.0	3	25 184735 8728 1109
44	1280	0.0	3	0 141 947 192
45	98503	0.0	3	14 92473 5415 601
46	193591	0.0	3	47 184016 8448 1080
47	1304	0.0	3	0 137 1052 115
48	95686	0.0	3	16 90474 4617 579
49	96135	0.0	3	9 90752 4815 559
50	95816	0.0	3	14 90218 4915 669
51	96232	0.0	3	11 89727 5929 565
52	283059	0.0	3	61 269516 12081 1401
53	981	0.0	3	0 246 529 206
54	1992	0.0	3	2 86 1811 93
55	276796	0.0	3	102 264759 10757 1178
56	829	0.0	3	0 220 493 116
57	817	0.0	3	1 76 587 153
58	91236	0.0	3	7 86371 4435 423
59	176118	0.0	3	39 168783 6558 738
60	1112	0.0	3	0 139 834 139
61	87736	0.0	3	11 83038 4275 412
62	170233	0.0	3	38 163338 6178 679
63	1049	0.0	3	2 143 812 92
64	83960	0.0	3	31 80189 3337 403
65	82826	0.0	3	6 78835 3612 373
66	81176	0.0	3	9 77440 3349 378
67	79168	0.0	3	4 75500 3329 335
68	75797	0.0	3	17 72290 3148 342
69	73610	0.0	3	13 70287 3025 285
70	70696	0.0	3	4 67332 3047 313
71	68062	0.0	3	5 65016 2776 265
72	65377	0.0	3	3 62478 2653 243
73	63461	0.0	3	11 60815 2425 210
74	60507	0.0	3	19 57903 2361 224
75	57914	0.0	3	10 55311 2360 233
76	65127	0.0	3	5 62246 2598 278
77	52561	0.0	3	9 50326 2054 172
78	48315	0.0	3	4 46166 1979 166
79	44848	0.0	3	1 43005 1698 144
80	42773	0.0	3	6 41024 1604 139
81	36643	0.0	3	3 35158 1371 111
82	33866	0.0	3	3 32455 1295 113
83	29849	0.0	3	6 28613 1126 104
84	26934	0.0	3	4 25842 984 104
85	25231	0.0	3	4 24212 923 92
86	22320	0.0	3	5 21442 790 83
87	20368	0.0	3	0 19564 727 77
88	18010	0.0	3	2 17287 651 70
89	16138	0.0	3	4 15411 646 77
90	14053	0.0	3	3 13472 510 68
91	12140	0.0	3	1 11657 428 54
92	10023	0.0	3	1 9611 374 37
93	8259	0.0	3	1 7919 308 31
94	7162	0.0	3	1 6837 293 31
95	6123	0.0	3	1 5830 257 35
96	5297	0.0	3	0 5064 208 25
97	4545	0.0	3	1 4350 173 21
98	4228	0.0	3	0 4054 153 21
99	3585	0.0	3	0 3434 130 21
100	3040	0.0	3	0 2898 122 20
101	2625	0.0	3	0 2502 106 17
102	2059	0.0	3	0 1961 74 24
103	1726	0.0	3	1 1648 61 16
104	1344	0.0	3	1 1280 56 7
105	1173	0.0	3	0 1106 53 14
106	1051	0.0	3	0 990 47 14
107	970	0.0	3	0 916 47 7
108	855	0.0	3	0 802 40 13
109	760	0.0	3	0 703 42 15
110	672	0.0	3	1 611 47 13
111	562	0.0	3	0 527 26 9
112	527	0.0	3	0 487 35 5
113	489	0.0	3	0 435 40 14
114	492	0.0	3	1 453 27 11
115	447	0.0	3	0 404 23 20
116	389	0.0	3	0 356 22 11
117	446	0.0	3	0 415 21 10
118	398	0.0	3	0 357 25 16
119	404	0.0	3	0 373 20 11
120	396	0.0	3	0 361 26 9
121	420	0.0	3	0 393 20 7
122	441	0.0	3	0 413 24 4
123	448	0.0	3	0 420 21 7
124	466	0.0	3	0 436 22 8
125	482	0.0	3	1 445 30 6
126	586	0.0	3	0 539 36 11
127	539	0.0	3	0 499 33 7
128	659	0.0	3	0 618 35 6
129	623	0.0	3	0 587 32 4
130	685	0.0	3	1 641 38 5
131	787	0.0	3	0 739 38 10
132	867	0.0	3	0 818 45 4
133	988	0.0	3	0 941 42 5
134	1069	0.0	3	0 1002 61 6
135	1259	0.0	3	0 1195 60 4
136	1338	0.0	3	0 1273 57 8
137	1375	0.0	3	0 1302 70 3
138	1362	0.0	3	0 1275 81 6
139	1253	0.0	3	0 1172 72 9
140	1458	0.0	3	0 1376 80 2
141	1652	0.0	3	0 1542 102 8
142	984	0.0	3	0 869 111 4
143	983	0.0	3	0 883 97 3
144	1047	0.0	3	0 892 153 2
145	1223	0.0	3	0 1060 158 5
146	1527	0.0	3	0 1223 289 15
147	1608	0.0	3	0 1074 506 28
148	1758	0.0	3	0 304 1405 49
149	6036	0.0	3	0 177 5648 211
150	20138	0.0	3	0 606 18890 642
