This is cutadapt 2.9 with Python 3.5.2
Command line parameters: --nextseq-trim 10 --minimum-length 25 --cores 4 -a AGATCGGAAGAGCACACGTCTGAACTCCAGTCAC -A AGATCGGAAGAGCGTCGTGTAGGGAAAGAGTGTA -o Mcapitata_HTAC_TP7_1722_R1_TrimmingRound1.fastq.gz -p Mcapitata_HTAC_TP7_1722_R2_TrimmingRound1.fastq.gz Mcapitata_HTAC_TP7_1722_R1.fastq.gz Mcapitata_HTAC_TP7_1722_R2.fastq.gz
Processing reads on 4 cores in paired-end mode ...
Finished in 811.69 s (35 us/read; 1.70 M reads/minute).

=== Summary ===

Total read pairs processed:         22,952,076
  Read 1 with adapter:               8,768,305 (38.2%)
  Read 2 with adapter:               8,938,154 (38.9%)
Pairs written (passing filters):    22,900,097 (99.8%)

Total basepairs processed: 6,885,622,800 bp
  Read 1: 3,442,811,400 bp
  Read 2: 3,442,811,400 bp
Quality-trimmed:              14,428,893 bp (0.2%)
  Read 1:     6,248,358 bp
  Read 2:     8,180,535 bp
Total written (filtered):  6,164,444,266 bp (89.5%)
  Read 1: 3,082,515,499 bp
  Read 2: 3,081,928,767 bp

=== First read: Adapter 1 ===

Sequence: AGATCGGAAGAGCACACGTCTGAACTCCAGTCAC; Type: regular 3'; Length: 34; Trimmed: 8768305 times

No. of allowed errors:
0-9 bp: 0; 10-19 bp: 1; 20-29 bp: 2; 30-34 bp: 3

Bases preceding removed adapters:
  A: 17.6%
  C: 28.6%
  G: 37.4%
  T: 16.2%
  none/other: 0.1%

Overview of removed sequences
length	count	expect	max.err	error counts
3	409536	358626.2	0	409536
4	170349	89656.5	0	170349
5	322546	22414.1	0	322546
8	102015	350.2	0	102015
9	204677	87.6	0	204677
10	797	21.9	1	0 797
11	210895	5.5	1	206482 4413
12	614	1.4	1	0 614
13	106503	0.3	1	103633 2870
14	106955	0.1	1	103933 3022
15	107380	0.0	1	104145 3235
16	107730	0.0	1	104102 3628
17	214212	0.0	1	208103 6109
18	903	0.0	1	0 823 80
19	107813	0.0	1	103973 3721 119
20	110255	0.0	2	105433 4545 277
21	218672	0.0	2	211046 7012 614
22	1260	0.0	2	0 1155 105
23	111035	0.0	2	106227 4364 444
24	111276	0.0	2	106143 4689 444
25	110060	0.0	2	104787 4836 437
26	110804	0.0	2	105355 5001 448
27	110574	0.0	2	105138 4871 565
28	112671	0.0	2	105584 6572 448 67
29	220417	0.0	2	210626 8682 905 204
30	2093	0.0	3	0 1455 178 460
31	111602	0.0	3	105215 5682 580 125
32	112662	0.0	3	105483 6347 692 140
33	112327	0.0	3	104976 6675 518 158
34	114523	0.0	3	107038 6686 656 143
35	114153	0.0	3	106409 6972 645 127
36	113223	0.0	3	105590 6657 841 135
37	114418	0.0	3	105679 7875 684 180
38	221839	0.0	3	209839 10460 1333 207
39	3620	0.0	3	108 3295 174 43
40	222901	0.0	3	211456 10108 1111 226
41	2294	0.0	3	87 1986 183 38
42	112266	0.0	3	104956 6468 722 120
43	114899	0.0	3	107409 6672 690 128
44	113247	0.0	3	105976 6465 628 178
45	115395	0.0	3	107966 6576 745 108
46	112315	0.0	3	103864 7667 653 131
47	220072	0.0	3	208844 10013 1005 210
48	2729	0.0	3	505 2004 151 69
49	110460	0.0	3	103835 5817 693 115
50	111523	0.0	3	103411 7470 536 106
51	217512	0.0	3	206706 9734 886 186
52	2837	0.0	3	617 1965 235 20
53	110080	0.0	3	102144 7281 530 125
54	216104	0.0	3	205280 9747 897 180
55	2663	0.0	3	527 1939 165 32
56	107530	0.0	3	100986 5970 475 99
57	106232	0.0	3	99345 6235 562 90
58	104504	0.0	3	97634 6264 492 114
59	104135	0.0	3	97341 6172 537 85
60	103028	0.0	3	95288 7158 487 95
61	196708	0.0	3	186748 9063 776 121
62	2489	0.0	3	528 1783 140 38
63	98218	0.0	3	92286 5370 483 79
64	99024	0.0	3	91620 6853 453 98
65	186560	0.0	3	177053 8622 758 127
66	2273	0.0	3	457 1652 138 26
67	90582	0.0	3	85022 4986 491 83
68	88734	0.0	3	83090 4979 580 85
69	84865	0.0	3	79706 4674 425 60
70	82524	0.0	3	77407 4622 422 73
71	79664	0.0	3	74706 4503 394 61
72	94316	0.0	3	88630 5066 539 81
73	75784	0.0	3	71092 4224 393 75
74	73705	0.0	3	69366 3926 344 69
75	69561	0.0	3	65409 3763 310 79
76	65413	0.0	3	61475 3603 289 46
77	62906	0.0	3	59163 3400 279 64
78	56239	0.0	3	52854 3127 223 35
79	53431	0.0	3	50285 2902 208 36
80	46342	0.0	3	43551 2576 185 30
81	44377	0.0	3	41750 2419 180 28
82	37522	0.0	3	35289 2048 151 34
83	35465	0.0	3	33393 1904 139 29
84	32413	0.0	3	30437 1820 136 20
85	29511	0.0	3	27737 1628 127 19
86	27037	0.0	3	25532 1391 93 21
87	23388	0.0	3	22001 1273 99 15
88	22007	0.0	3	20745 1149 99 14
89	18129	0.0	3	17085 953 78 13
90	16413	0.0	3	15501 848 46 18
91	14408	0.0	3	13501 828 66 13
92	12354	0.0	3	11651 649 42 12
93	9885	0.0	3	9312 529 39 5
94	8728	0.0	3	8225 458 35 10
95	7510	0.0	3	7091 377 35 7
96	6099	0.0	3	5731 330 32 6
97	5485	0.0	3	5202 259 22 2
98	4984	0.0	3	4720 237 20 7
99	4339	0.0	3	4089 218 29 3
100	3511	0.0	3	3332 160 15 4
101	3104	0.0	3	2931 153 14 6
102	2497	0.0	3	2352 135 5 5
103	1877	0.0	3	1768 99 8 2
104	1647	0.0	3	1547 82 14 4
105	1355	0.0	3	1291 54 8 2
106	1227	0.0	3	1145 75 6 1
107	977	0.0	3	926 45 6
108	894	0.0	3	836 54 2 2
109	784	0.0	3	748 33 3
110	682	0.0	3	635 41 4 2
111	608	0.0	3	569 34 4 1
112	543	0.0	3	495 41 5 2
113	556	0.0	3	518 32 3 3
114	477	0.0	3	442 25 7 3
115	409	0.0	3	384 22 1 2
116	379	0.0	3	353 23 3
117	369	0.0	3	343 25 1
118	401	0.0	3	374 26 1
119	380	0.0	3	353 22 4 1
120	373	0.0	3	359 14
121	409	0.0	3	375 33 1
122	413	0.0	3	378 31 3 1
123	419	0.0	3	382 34 3
124	417	0.0	3	386 29 1 1
125	474	0.0	3	435 37 2
126	566	0.0	3	524 41 1
127	596	0.0	3	550 43 3
128	636	0.0	3	601 33 2
129	658	0.0	3	614 43 1
130	769	0.0	3	719 45 5
131	807	0.0	3	747 60
132	877	0.0	3	816 55 6
133	918	0.0	3	850 66 1 1
134	1092	0.0	3	1013 76 3
135	1251	0.0	3	1168 80 3
136	1272	0.0	3	1185 85 2
137	1379	0.0	3	1268 99 12
138	1312	0.0	3	1211 95 6
139	1295	0.0	3	1178 112 5
140	1547	0.0	3	1402 133 11 1
141	1663	0.0	3	1515 131 15 2
142	1067	0.0	3	919 141 6 1
143	1147	0.0	3	967 169 10 1
144	1172	0.0	3	913 243 14 2
145	1357	0.0	3	1068 264 23 2
146	1704	0.0	3	1227 451 24 2
147	2039	0.0	3	1140 850 46 3
148	2595	0.0	3	317 2123 146 9
149	6734	0.0	3	181 6168 362 23
150	16143	0.0	3	416 14764 892 71


=== Second read: Adapter 2 ===

Sequence: AGATCGGAAGAGCGTCGTGTAGGGAAAGAGTGTA; Type: regular 3'; Length: 34; Trimmed: 8938154 times

No. of allowed errors:
0-9 bp: 0; 10-19 bp: 1; 20-29 bp: 2; 30-34 bp: 3

Bases preceding removed adapters:
  A: 17.0%
  C: 27.5%
  G: 46.0%
  T: 9.5%
  none/other: 0.1%

Overview of removed sequences
length	count	expect	max.err	error counts
3	553700	358626.2	0	553700
4	208831	89656.5	0	208831
5	326948	22414.1	0	326948
8	102229	350.2	0	102229
9	204691	87.6	0	204691
10	923	21.9	1	0 923
11	210788	5.5	1	206786 4002
12	787	1.4	1	0 787
13	213165	0.3	1	208403 4762
14	486	0.1	1	0 486
15	106748	0.0	1	103782 2966
16	214178	0.0	1	208144 6034
17	934	0.0	1	0 934
18	213118	0.0	1	207038 5827 253
19	877	0.0	1	0 626 251
20	110891	0.0	2	105283 5070 538
21	438123	0.0	2	421914 14654 1555
22	1026	0.0	2	0 876 150
23	503	0.0	2	0 155 348
24	829	0.0	2	0 704 125
25	109554	0.0	2	104119 4814 621
26	111264	0.0	2	104947 5728 589
27	219615	0.0	2	209334 8821 1460
28	1881	0.0	2	0 1692 119 70
29	221434	0.0	2	210684 9363 1358 29
30	1973	0.0	3	0 1794 113 66
31	221617	0.0	3	209753 9828 1413 623
32	1407	0.0	3	0 1065 199 143
33	111800	0.0	3	104770 5303 1371 356
34	114106	0.0	3	30 107037 6218 821
35	113829	0.0	3	34 106504 6408 883
36	113298	0.0	3	33 105470 6915 880
37	223057	0.0	3	50 210371 10870 1766
38	1315	0.0	3	4 91 1069 151
39	112102	0.0	3	31 104989 6069 1013
40	114499	0.0	3	19 106601 6998 881
41	222467	0.0	3	44 210232 10510 1681
42	2022	0.0	3	0 132 1756 134
43	224689	0.0	3	79 212465 10393 1752
44	1540	0.0	3	0 244 1061 235
45	113360	0.0	3	50 105927 6549 834
46	222536	0.0	3	103 210559 10308 1566
47	1449	0.0	3	0 275 1033 141
48	110864	0.0	3	26 104343 5638 857
49	110757	0.0	3	17 104059 5786 895
50	110019	0.0	3	30 103255 5712 1022
51	111076	0.0	3	15 103265 6992 804
52	326875	0.0	3	137 309809 14483 2446
53	1301	0.0	3	2 464 561 274
54	2319	0.0	3	2 115 2068 134
55	318975	0.0	3	175 303821 13101 1878
56	1098	0.0	3	0 468 498 132
57	1020	0.0	3	1 92 741 186
58	104732	0.0	3	14 98670 5352 696
59	203388	0.0	3	64 194043 8126 1155
60	1339	0.0	3	0 261 909 169
61	100709	0.0	3	27 94810 5236 636
62	196460	0.0	3	99 187699 7432 1230
63	1246	0.0	3	3 239 878 126
64	96777	0.0	3	47 91993 4156 581
65	95877	0.0	3	10 90851 4341 675
66	93355	0.0	3	21 88484 4258 592
67	91022	0.0	3	11 86404 4013 594
68	88663	0.0	3	38 84199 3915 511
69	84636	0.0	3	21 80490 3683 442
70	82330	0.0	3	29 78151 3705 445
71	79281	0.0	3	13 75268 3553 447
72	75795	0.0	3	7 72140 3207 441
73	73907	0.0	3	22 70367 3100 418
74	71023	0.0	3	29 67525 3061 408
75	67849	0.0	3	17 64434 3050 348
76	77331	0.0	3	8 73627 3286 410
77	62925	0.0	3	17 59945 2640 323
78	57399	0.0	3	10 54642 2462 285
79	53620	0.0	3	8 51184 2175 253
80	51169	0.0	3	14 48855 2062 238
81	43600	0.0	3	17 41673 1714 196
82	40124	0.0	3	8 38252 1637 227
83	35269	0.0	3	15 33666 1428 160
84	33078	0.0	3	5 31629 1303 141
85	30415	0.0	3	13 29111 1148 143
86	26752	0.0	3	6 25556 1055 135
87	24045	0.0	3	6 22973 945 121
88	21305	0.0	3	4 20362 835 104
89	19730	0.0	3	3 18882 764 81
90	16932	0.0	3	2 16169 680 81
91	14616	0.0	3	2 13918 626 70
92	12217	0.0	3	2 11627 514 74
93	10378	0.0	3	2 9900 407 69
94	8676	0.0	3	3 8263 356 54
95	7428	0.0	3	2 7067 315 44
96	6513	0.0	3	1 6174 304 34
97	5565	0.0	3	1 5304 227 33
98	4979	0.0	3	1 4746 203 29
99	4216	0.0	3	2 4014 171 29
100	3691	0.0	3	0 3514 146 31
101	3202	0.0	3	1 3056 126 19
102	2399	0.0	3	1 2267 113 18
103	2017	0.0	3	1 1918 79 19
104	1721	0.0	3	0 1636 73 12
105	1404	0.0	3	0 1322 65 17
106	1252	0.0	3	2 1172 58 20
107	1075	0.0	3	1 1016 50 8
108	918	0.0	3	0 866 44 8
109	852	0.0	3	0 797 45 10
110	792	0.0	3	0 747 38 7
111	661	0.0	3	0 614 36 11
112	583	0.0	3	1 535 34 13
113	553	0.0	3	0 497 45 11
114	535	0.0	3	0 491 24 20
115	481	0.0	3	0 442 29 10
116	413	0.0	3	0 382 26 5
117	413	0.0	3	0 379 24 10
118	415	0.0	3	0 378 26 11
119	401	0.0	3	1 373 24 3
120	365	0.0	3	0 329 20 16
121	428	0.0	3	0 392 25 11
122	443	0.0	3	1 412 20 10
123	416	0.0	3	0 382 27 7
124	503	0.0	3	0 467 22 14
125	450	0.0	3	0 411 31 8
126	567	0.0	3	0 541 19 7
127	601	0.0	3	0 562 36 3
128	631	0.0	3	1 586 38 6
129	621	0.0	3	0 573 44 4
130	741	0.0	3	0 692 41 8
131	782	0.0	3	0 742 32 8
132	907	0.0	3	0 842 59 6
133	925	0.0	3	0 869 54 2
134	1065	0.0	3	0 984 80 1
135	1218	0.0	3	0 1139 71 8
136	1323	0.0	3	0 1240 78 5
137	1355	0.0	3	0 1271 82 2
138	1277	0.0	3	0 1194 75 8
139	1316	0.0	3	0 1219 85 12
140	1498	0.0	3	0 1389 102 7
141	1728	0.0	3	0 1613 110 5
142	1051	0.0	3	0 920 123 8
143	1081	0.0	3	1 949 124 7
144	1133	0.0	3	1 964 161 7
145	1284	0.0	3	0 1109 164 11
146	1586	0.0	3	0 1279 294 13
147	1794	0.0	3	0 1262 513 19
148	1798	0.0	3	0 328 1411 59
149	5752	0.0	3	0 170 5355 227
150	18173	0.0	3	0 507 17015 651
