This is cutadapt 2.9 with Python 3.5.2
Command line parameters: --nextseq-trim 10 --minimum-length 25 --cores 4 -a AGATCGGAAGAGCACACGTCTGAACTCCAGTCAC -A AGATCGGAAGAGCGTCGTGTAGGGAAAGAGTGTA -o Mcapitata_HTAC_TP12_1632_R1_TrimmingRound1.fastq.gz -p Mcapitata_HTAC_TP12_1632_R2_TrimmingRound1.fastq.gz Mcapitata_HTAC_TP12_1632_R1.fastq.gz Mcapitata_HTAC_TP12_1632_R2.fastq.gz
Processing reads on 4 cores in paired-end mode ...
Finished in 759.25 s (34 us/read; 1.78 M reads/minute).

=== Summary ===

Total read pairs processed:         22,570,439
  Read 1 with adapter:               8,617,846 (38.2%)
  Read 2 with adapter:               8,787,937 (38.9%)
Pairs written (passing filters):    22,507,205 (99.7%)

Total basepairs processed: 6,771,131,700 bp
  Read 1: 3,385,565,850 bp
  Read 2: 3,385,565,850 bp
Quality-trimmed:              13,898,948 bp (0.2%)
  Read 1:     5,997,184 bp
  Read 2:     7,901,764 bp
Total written (filtered):  6,073,542,565 bp (89.7%)
  Read 1: 3,037,029,073 bp
  Read 2: 3,036,513,492 bp

=== First read: Adapter 1 ===

Sequence: AGATCGGAAGAGCACACGTCTGAACTCCAGTCAC; Type: regular 3'; Length: 34; Trimmed: 8617846 times

No. of allowed errors:
0-9 bp: 0; 10-19 bp: 1; 20-29 bp: 2; 30-34 bp: 3

Bases preceding removed adapters:
  A: 17.8%
  C: 27.7%
  G: 37.6%
  T: 16.8%
  none/other: 0.1%

Overview of removed sequences
length	count	expect	max.err	error counts
3	411363	352663.1	0	411363
4	171452	88165.8	0	171452
5	322163	22041.4	0	322163
8	102234	344.4	0	102234
9	206031	86.1	0	206031
10	692	21.5	1	0 692
11	212381	5.4	1	208124 4257
12	590	1.3	1	0 590
13	108325	0.3	1	105622 2703
14	108041	0.1	1	105142 2899
15	108218	0.0	1	105093 3125
16	108742	0.0	1	105261 3481
17	214319	0.0	1	208142 6177
18	761	0.0	1	0 707 54
19	109155	0.0	1	105440 3591 124
20	110664	0.0	2	105872 4475 317
21	219822	0.0	2	212386 6815 621
22	1110	0.0	2	0 1028 82
23	112402	0.0	2	107651 4309 442
24	112196	0.0	2	107142 4650 404
25	111605	0.0	2	106443 4720 442
26	111867	0.0	2	106491 4970 406
27	112165	0.0	2	106542 5012 611
28	113540	0.0	2	106777 6273 401 89
29	222321	0.0	2	212438 8863 846 174
30	2008	0.0	3	0 1461 194 353
31	113089	0.0	3	106701 5741 544 103
32	114109	0.0	3	107089 6223 648 149
33	114018	0.0	3	106643 6773 520 82
34	113926	0.0	3	106601 6548 651 126
35	114399	0.0	3	107052 6622 597 128
36	113074	0.0	3	105707 6565 695 107
37	114618	0.0	3	106453 7495 548 122
38	222684	0.0	3	211085 10454 952 193
39	3108	0.0	3	132 2808 129 39
40	222681	0.0	3	211455 10225 813 188
41	1984	0.0	3	89 1696 175 24
42	113603	0.0	3	106565 6388 542 108
43	114292	0.0	3	107196 6476 509 111
44	113158	0.0	3	106069 6495 489 105
45	114685	0.0	3	107524 6447 609 105
46	112610	0.0	3	104800 7239 474 97
47	219117	0.0	3	208178 10080 698 161
48	2141	0.0	3	287 1675 130 49
49	109839	0.0	3	103381 5893 496 69
50	110663	0.0	3	102976 7154 430 103
51	213460	0.0	3	202991 9646 656 167
52	2201	0.0	3	364 1618 201 18
53	108639	0.0	3	101364 6783 394 98
54	211193	0.0	3	200822 9587 620 164
55	2085	0.0	3	276 1651 136 22
56	105091	0.0	3	98953 5700 376 62
57	103447	0.0	3	96889 6068 412 78
58	101293	0.0	3	95084 5752 365 92
59	100338	0.0	3	94234 5599 446 59
60	99421	0.0	3	92342 6654 358 67
61	189851	0.0	3	180371 8853 519 108
62	2005	0.0	3	301 1525 133 46
63	93686	0.0	3	88160 5087 380 59
64	94638	0.0	3	87925 6326 300 87
65	178009	0.0	3	168994 8343 569 103
66	1766	0.0	3	253 1383 114 16
67	85861	0.0	3	80841 4623 350 47
68	83611	0.0	3	78460 4754 348 49
69	80357	0.0	3	75545 4421 337 54
70	77259	0.0	3	72624 4278 299 58
71	73586	0.0	3	69079 4174 279 54
72	87618	0.0	3	82514 4671 373 60
73	69209	0.0	3	65136 3757 266 50
74	66852	0.0	3	62780 3788 239 45
75	62950	0.0	3	59293 3361 261 35
76	58740	0.0	3	55278 3217 204 41
77	56350	0.0	3	53036 3101 169 44
78	50764	0.0	3	47805 2788 136 35
79	47154	0.0	3	44451 2551 141 11
80	41189	0.0	3	38659 2396 115 19
81	39508	0.0	3	37289 2101 104 14
82	33683	0.0	3	31723 1843 95 22
83	31365	0.0	3	29576 1674 101 14
84	28377	0.0	3	26720 1555 89 13
85	25633	0.0	3	24198 1350 71 14
86	23367	0.0	3	22054 1240 60 13
87	20142	0.0	3	18952 1111 65 14
88	19023	0.0	3	18013 958 44 8
89	15136	0.0	3	14269 804 48 15
90	13570	0.0	3	12773 734 53 10
91	11987	0.0	3	11310 636 34 7
92	10471	0.0	3	9874 555 33 9
93	8397	0.0	3	7922 448 21 6
94	7242	0.0	3	6860 354 21 7
95	6348	0.0	3	5998 330 13 7
96	5124	0.0	3	4853 248 20 3
97	4651	0.0	3	4388 242 17 4
98	4161	0.0	3	3941 206 11 3
99	3527	0.0	3	3337 174 11 5
100	3018	0.0	3	2830 175 9 4
101	2546	0.0	3	2411 132 1 2
102	2147	0.0	3	2017 122 6 2
103	1555	0.0	3	1479 73 2 1
104	1355	0.0	3	1283 64 5 3
105	1206	0.0	3	1139 58 6 3
106	1065	0.0	3	1012 50 2 1
107	894	0.0	3	840 52 2
108	896	0.0	3	850 44 1 1
109	739	0.0	3	696 39 2 2
110	708	0.0	3	664 38 6
111	587	0.0	3	549 35 3
112	583	0.0	3	545 35 2 1
113	527	0.0	3	495 29 2 1
114	445	0.0	3	418 27
115	479	0.0	3	442 32 5
116	460	0.0	3	433 22 4 1
117	456	0.0	3	425 28 3
118	470	0.0	3	434 32 4
119	479	0.0	3	446 32 0 1
120	482	0.0	3	455 26 1
121	491	0.0	3	452 37 2
122	499	0.0	3	463 34 1 1
123	553	0.0	3	508 42 2 1
124	619	0.0	3	571 41 6 1
125	652	0.0	3	607 41 4
126	768	0.0	3	723 42 1 2
127	802	0.0	3	756 44 1 1
128	859	0.0	3	802 55 0 2
129	938	0.0	3	877 59 2
130	1051	0.0	3	979 71 0 1
131	1109	0.0	3	1027 76 4 2
132	1245	0.0	3	1168 73 3 1
133	1373	0.0	3	1300 68 5
134	1536	0.0	3	1429 99 6 2
135	1807	0.0	3	1689 112 6
136	1903	0.0	3	1790 105 8
137	1942	0.0	3	1812 124 6
138	1949	0.0	3	1806 134 9
139	1935	0.0	3	1792 137 6
140	2370	0.0	3	2196 165 8 1
141	2566	0.0	3	2363 190 13
142	1561	0.0	3	1374 177 9 1
143	1636	0.0	3	1437 187 11 1
144	1709	0.0	3	1414 273 22
145	1936	0.0	3	1656 266 11 3
146	2408	0.0	3	1946 433 26 3
147	2826	0.0	3	1855 898 66 7
148	2711	0.0	3	542 2031 133 5
149	6799	0.0	3	197 6157 424 21
150	15896	0.0	3	495 14405 944 52


=== Second read: Adapter 2 ===

Sequence: AGATCGGAAGAGCGTCGTGTAGGGAAAGAGTGTA; Type: regular 3'; Length: 34; Trimmed: 8787937 times

No. of allowed errors:
0-9 bp: 0; 10-19 bp: 1; 20-29 bp: 2; 30-34 bp: 3

Bases preceding removed adapters:
  A: 17.2%
  C: 26.7%
  G: 45.9%
  T: 10.1%
  none/other: 0.1%

Overview of removed sequences
length	count	expect	max.err	error counts
3	560092	352663.1	0	560092
4	206821	88165.8	0	206821
5	325953	22041.4	0	325953
8	102217	344.4	0	102217
9	206278	86.1	0	206278
10	899	21.5	1	0 899
11	212185	5.4	1	208477 3708
12	775	1.3	1	0 775
13	216096	0.3	1	211627 4469
14	618	0.1	1	0 618
15	107637	0.0	1	104771 2866
16	215207	0.0	1	209313 5894
17	1019	0.0	1	0 1019
18	214185	0.0	1	208363 5634 188
19	981	0.0	1	0 746 235
20	111055	0.0	2	105460 5095 500
21	440928	0.0	2	424500 14642 1786
22	1347	0.0	2	0 1194 153
23	497	0.0	2	0 135 362
24	807	0.0	2	0 677 130
25	111178	0.0	2	105788 4745 645
26	112172	0.0	2	106270 5299 603
27	222291	0.0	2	212324 8528 1439
28	2025	0.0	2	0 1811 151 63
29	223300	0.0	2	212777 9126 1359 38
30	2141	0.0	3	0 1924 140 77
31	224188	0.0	3	212779 9276 1444 689
32	2220	0.0	3	0 1929 229 62
33	225112	0.0	3	212879 10400 1317 516
34	1352	0.0	3	15 522 715 100
35	113778	0.0	3	30 107050 5911 787
36	113060	0.0	3	17 105937 6245 861
37	112458	0.0	3	11 105524 6172 751
38	113460	0.0	3	28 106353 6227 852
39	111284	0.0	3	48 104473 5950 813
40	113238	0.0	3	18 105946 6529 745
41	223889	0.0	3	31 211823 10540 1495
42	2118	0.0	3	1 137 1857 123
43	224379	0.0	3	80 212584 10337 1378
44	1713	0.0	3	1 236 1246 230
45	112834	0.0	3	44 105887 6209 694
46	222226	0.0	3	102 210953 9807 1364
47	1673	0.0	3	1 255 1270 147
48	109639	0.0	3	18 103312 5580 729
49	109817	0.0	3	11 103398 5708 700
50	109242	0.0	3	18 102921 5484 819
51	108969	0.0	3	18 101623 6669 659
52	319838	0.0	3	144 303918 13986 1790
53	1389	0.0	3	1 391 766 231
54	2016	0.0	3	1 108 1800 107
55	311161	0.0	3	182 296962 12562 1455
56	1300	0.0	3	0 417 768 115
57	871	0.0	3	1 107 602 161
58	101467	0.0	3	10 95899 4968 590
59	196151	0.0	3	64 187825 7425 837
60	1427	0.0	3	0 232 1041 154
61	97005	0.0	3	17 91650 4849 489
62	188203	0.0	3	129 180114 7107 853
63	1261	0.0	3	5 216 953 87
64	92571	0.0	3	42 88540 3575 414
65	91137	0.0	3	6 86641 3994 496
66	89109	0.0	3	17 84709 3888 495
67	86050	0.0	3	9 81857 3743 441
68	83467	0.0	3	51 79431 3608 377
69	80184	0.0	3	29 76485 3333 337
70	77056	0.0	3	18 73442 3300 296
71	73194	0.0	3	11 69690 3130 363
72	70709	0.0	3	9 67411 3005 284
73	68013	0.0	3	11 64959 2794 249
74	65033	0.0	3	29 62138 2587 279
75	61819	0.0	3	19 59019 2544 237
76	69045	0.0	3	8 65870 2873 294
77	56274	0.0	3	11 53851 2205 207
78	51267	0.0	3	9 48925 2130 203
79	47697	0.0	3	5 45659 1843 190
80	45294	0.0	3	12 43415 1696 171
81	38803	0.0	3	8 37169 1488 138
82	35878	0.0	3	7 34405 1352 114
83	31405	0.0	3	16 30050 1246 93
84	28681	0.0	3	8 27484 1086 103
85	26293	0.0	3	7 25164 1031 91
86	23476	0.0	3	6 22535 839 96
87	20672	0.0	3	3 19782 798 89
88	18315	0.0	3	2 17560 679 74
89	16501	0.0	3	10 15780 646 65
90	14027	0.0	3	0 13436 527 64
91	11951	0.0	3	0 11470 428 53
92	10527	0.0	3	3 10076 405 43
93	8814	0.0	3	2 8451 330 31
94	7270	0.0	3	2 6940 299 29
95	6219	0.0	3	3 5944 233 39
96	5521	0.0	3	0 5286 209 26
97	4631	0.0	3	4 4412 196 19
98	4273	0.0	3	2 4099 151 21
99	3560	0.0	3	4 3397 135 24
100	3018	0.0	3	2 2893 110 13
101	2536	0.0	3	1 2428 89 18
102	2096	0.0	3	0 2009 73 14
103	1715	0.0	3	0 1622 88 5
104	1415	0.0	3	0 1349 51 15
105	1292	0.0	3	0 1221 59 12
106	1076	0.0	3	1 1011 53 11
107	980	0.0	3	0 924 48 8
108	909	0.0	3	0 848 55 6
109	791	0.0	3	0 739 40 12
110	713	0.0	3	0 671 35 7
111	654	0.0	3	0 604 39 11
112	612	0.0	3	0 582 24 6
113	567	0.0	3	0 524 35 8
114	513	0.0	3	0 479 26 8
115	493	0.0	3	0 453 29 11
116	501	0.0	3	0 458 34 9
117	491	0.0	3	0 458 26 7
118	492	0.0	3	0 444 36 12
119	502	0.0	3	0 459 35 8
120	516	0.0	3	0 477 30 9
121	465	0.0	3	0 430 30 5
122	534	0.0	3	1 498 28 7
123	528	0.0	3	0 494 28 6
124	642	0.0	3	0 596 36 10
125	689	0.0	3	0 649 31 9
126	732	0.0	3	0 684 40 8
127	811	0.0	3	0 757 42 12
128	832	0.0	3	1 798 28 5
129	913	0.0	3	0 858 50 5
130	992	0.0	3	0 938 43 11
131	1099	0.0	3	0 1029 69 1
132	1207	0.0	3	0 1158 43 6
133	1374	0.0	3	0 1291 80 3
134	1553	0.0	3	1 1481 65 6
135	1807	0.0	3	0 1715 81 11
136	1898	0.0	3	0 1800 95 3
137	1967	0.0	3	0 1869 91 7
138	1898	0.0	3	3 1794 95 6
139	1897	0.0	3	0 1801 91 5
140	2346	0.0	3	0 2251 87 8
141	2679	0.0	3	1 2526 147 5
142	1471	0.0	3	0 1353 115 3
143	1581	0.0	3	0 1436 140 5
144	1690	0.0	3	0 1513 170 7
145	1823	0.0	3	1 1627 186 9
146	2424	0.0	3	0 2113 301 10
147	2526	0.0	3	0 2007 502 17
148	1953	0.0	3	0 574 1333 46
149	5497	0.0	3	1 215 5107 174
150	18049	0.0	3	0 540 16889 620
