This is cutadapt 2.9 with Python 3.5.2
Command line parameters: --nextseq-trim 10 --minimum-length 25 --cores 4 -a AGATCGGAAGAGCACACGTCTGAACTCCAGTCAC -A AGATCGGAAGAGCGTCGTGTAGGGAAAGAGTGTA -o Mcapitata_ATHC_TP7_2875_R1_TrimmingRound1.fastq.gz -p Mcapitata_ATHC_TP7_2875_R2_TrimmingRound1.fastq.gz Mcapitata_ATHC_TP7_2875_R1.fastq.gz Mcapitata_ATHC_TP7_2875_R2.fastq.gz
Processing reads on 4 cores in paired-end mode ...
Finished in 877.56 s (36 us/read; 1.65 M reads/minute).

=== Summary ===

Total read pairs processed:         24,128,886
  Read 1 with adapter:               8,282,812 (34.3%)
  Read 2 with adapter:               8,171,956 (33.9%)
Pairs written (passing filters):    24,089,116 (99.8%)

Total basepairs processed: 7,238,665,800 bp
  Read 1: 3,619,332,900 bp
  Read 2: 3,619,332,900 bp
Quality-trimmed:              15,259,709 bp (0.2%)
  Read 1:     6,219,793 bp
  Read 2:     9,039,916 bp
Total written (filtered):  6,773,759,392 bp (93.6%)
  Read 1: 3,382,888,173 bp
  Read 2: 3,390,871,219 bp

=== First read: Adapter 1 ===

Sequence: AGATCGGAAGAGCACACGTCTGAACTCCAGTCAC; Type: regular 3'; Length: 34; Trimmed: 8282812 times

No. of allowed errors:
0-9 bp: 0; 10-19 bp: 1; 20-29 bp: 2; 30-34 bp: 3

Bases preceding removed adapters:
  A: 15.5%
  C: 28.3%
  G: 35.6%
  T: 20.5%
  none/other: 0.1%

Overview of removed sequences
length	count	expect	max.err	error counts
3	536281	377013.8	0	536281
4	237377	94253.5	0	237377
5	476265	23563.4	0	476265
8	152860	368.2	0	152860
9	307065	92.0	0	307065
10	704	23.0	1	0 704
11	346432	5.8	1	305998 40434
12	626	1.4	1	0 626
13	173518	0.4	1	152458 21060
14	172584	0.1	1	150988 21596
15	168799	0.0	1	147298 21501
16	167402	0.0	1	146184 21218
17	328454	0.0	1	286911 41543
18	1129	0.0	1	0 1023 106
19	162670	0.0	1	141843 20446 381
20	166465	0.0	2	142032 22505 1928
21	325721	0.0	2	280740 41460 3521
22	1708	0.0	2	0 1376 332
23	162970	0.0	2	139341 21468 2161
24	162387	0.0	2	138021 22147 2219
25	158455	0.0	2	134222 21940 2293
26	156062	0.0	2	132273 21593 2196
27	150799	0.0	2	127501 20840 2458
28	150121	0.0	2	126113 21733 2189 86
29	289445	0.0	2	246476 38611 3970 388
30	2634	0.0	3	0 1809 530 295
31	143563	0.0	3	120732 19922 2222 687
32	143170	0.0	3	119309 20553 2514 794
33	140256	0.0	3	117140 20018 2423 675
34	138924	0.0	3	115689 20179 2375 681
35	135132	0.0	3	112824 19358 2301 649
36	131013	0.0	3	109400 19000 1982 631
37	126026	0.0	3	105389 18029 1999 609
38	122428	0.0	3	102334 17502 1964 628
39	120352	0.0	3	100515 17166 2028 643
40	116521	0.0	3	97092 17140 1775 514
41	222007	0.0	3	188444 29767 2915 881
42	2284	0.0	3	267 1537 377 103
43	107450	0.0	3	90839 14565 1619 427
44	104320	0.0	3	87942 14393 1570 415
45	102404	0.0	3	85736 14488 1765 415
46	95354	0.0	3	79966 13706 1308 374
47	177059	0.0	3	151232 23055 2151 621
48	1774	0.0	3	193 1189 289 103
49	82877	0.0	3	70190 11131 1206 350
50	79460	0.0	3	66556 11432 1141 331
51	143294	0.0	3	122731 18466 1587 510
52	1619	0.0	3	255 993 322 49
53	69102	0.0	3	58153 9822 875 252
54	126108	0.0	3	107796 16428 1460 424
55	1200	0.0	3	150 818 179 53
56	57553	0.0	3	48941 7751 693 168
57	54086	0.0	3	45789 7422 665 210
58	49275	0.0	3	41689 6792 614 180
59	45711	0.0	3	38840 6148 593 130
60	41892	0.0	3	35068 6129 536 159
61	73193	0.0	3	62661 9576 737 219
62	799	0.0	3	103 534 118 44
63	33364	0.0	3	28204 4630 447 83
64	31523	0.0	3	26385 4664 375 99
65	52966	0.0	3	45198 7047 578 143
66	576	0.0	3	70 398 85 23
67	23030	0.0	3	19487 3214 278 51
68	20789	0.0	3	17497 2928 289 75
69	18632	0.0	3	15793 2519 248 72
70	16566	0.0	3	14013 2264 230 59
71	14901	0.0	3	12576 2093 174 58
72	16199	0.0	3	13749 2204 208 38
73	11571	0.0	3	9839 1575 124 33
74	10669	0.0	3	9100 1413 125 31
75	9547	0.0	3	8121 1291 106 29
76	8516	0.0	3	7268 1115 103 30
77	7655	0.0	3	6527 1031 72 25
78	6473	0.0	3	5481 891 82 19
79	5768	0.0	3	4869 817 73 9
80	4764	0.0	3	4049 650 47 18
81	4329	0.0	3	3677 582 58 12
82	3872	0.0	3	3259 559 39 15
83	2981	0.0	3	2521 425 28 7
84	2955	0.0	3	2505 392 44 14
85	2499	0.0	3	2129 333 28 9
86	2332	0.0	3	1971 320 33 8
87	2111	0.0	3	1780 296 24 11
88	1933	0.0	3	1631 270 21 11
89	1566	0.0	3	1344 191 22 9
90	1351	0.0	3	1161 170 16 4
91	1232	0.0	3	1039 178 9 6
92	1029	0.0	3	861 156 10 2
93	799	0.0	3	687 101 8 3
94	750	0.0	3	640 102 7 1
95	723	0.0	3	620 92 9 2
96	492	0.0	3	412 71 7 2
97	501	0.0	3	445 47 7 2
98	453	0.0	3	377 65 9 2
99	433	0.0	3	363 60 9 1
100	374	0.0	3	314 56 3 1
101	296	0.0	3	254 36 5 1
102	279	0.0	3	238 38 3
103	229	0.0	3	199 25 3 2
104	158	0.0	3	136 20 2
105	138	0.0	3	115 21 0 2
106	119	0.0	3	102 13 2 2
107	102	0.0	3	84 17 1
108	92	0.0	3	78 12 2
109	85	0.0	3	71 14
110	73	0.0	3	61 10 1 1
111	58	0.0	3	52 4 1 1
112	41	0.0	3	34 5 2
113	42	0.0	3	29 7 5 1
114	31	0.0	3	25 3 2 1
115	28	0.0	3	20 4 4
116	18	0.0	3	14 2 2
117	27	0.0	3	21 4 1 1
118	22	0.0	3	16 3 3
119	17	0.0	3	11 3 2 1
120	9	0.0	3	6 1 1 1
121	8	0.0	3	6 2
122	14	0.0	3	9 4 1
123	9	0.0	3	7 1 1
124	9	0.0	3	2 1 6
125	14	0.0	3	6 2 5 1
126	14	0.0	3	3 0 11
127	11	0.0	3	3 1 6 1
128	15	0.0	3	6 2 6 1
129	11	0.0	3	5 0 6
130	9	0.0	3	4 0 3 2
131	11	0.0	3	2 0 9
132	21	0.0	3	7 0 13 1
133	22	0.0	3	5 1 14 2
134	26	0.0	3	6 1 19
135	31	0.0	3	4 1 25 1
136	42	0.0	3	7 1 34
137	30	0.0	3	7 2 19 2
138	34	0.0	3	8 1 25
139	48	0.0	3	6 1 38 3
140	50	0.0	3	5 0 41 4
141	83	0.0	3	7 1 71 4
142	78	0.0	3	3 0 72 3
143	145	0.0	3	2 2 138 3
144	185	0.0	3	5 0 169 11
145	206	0.0	3	8 0 188 10
146	478	0.0	3	2 3 460 13
147	1141	0.0	3	15 7 1081 38
148	3388	0.0	3	3 10 3264 111
149	9804	0.0	3	6 15 9371 412
150	23648	0.0	3	5 64 22644 935


=== Second read: Adapter 2 ===

Sequence: AGATCGGAAGAGCGTCGTGTAGGGAAAGAGTGTA; Type: regular 3'; Length: 34; Trimmed: 8171956 times

No. of allowed errors:
0-9 bp: 0; 10-19 bp: 1; 20-29 bp: 2; 30-34 bp: 3

Bases preceding removed adapters:
  A: 13.7%
  C: 25.7%
  G: 50.5%
  T: 10.0%
  none/other: 0.0%

Overview of removed sequences
length	count	expect	max.err	error counts
3	745201	377013.8	0	745201
4	265062	94253.5	0	265062
5	445066	23563.4	0	445066
8	139768	368.2	0	139768
9	279852	92.0	0	279852
10	1619	23.0	1	0 1619
11	334625	5.8	1	277454 57171
12	1204	1.4	1	0 1204
13	336974	0.4	1	277634 59340
14	874	0.1	1	0 874
15	159649	0.0	1	131095 28554
16	321828	0.0	1	262174 59654
17	1071	0.0	1	0 1071
18	303856	0.0	1	248849 54074 933
19	1494	0.0	1	0 895 599
20	161387	0.0	2	125710 30405 5272
21	620467	0.0	2	491471 111325 17671
22	3158	0.0	2	0 2013 1145
23	1578	0.0	2	0 583 995
24	1226	0.0	2	0 770 456
25	151899	0.0	2	118339 28456 5104
26	151070	0.0	2	116821 28935 5314
27	285350	0.0	2	222916 52231 10203
28	2748	0.0	2	0 1842 737 169
29	281483	0.0	2	219273 52110 10003 97
30	3083	0.0	3	0 1987 730 366
31	271778	0.0	3	209859 47926 8884 5109
32	2978	0.0	3	0 1879 699 400
33	264829	0.0	3	202519 48955 9223 4132
34	2224	0.0	3	86 820 908 410
35	127724	0.0	3	142 98319 24430 4833
36	125677	0.0	3	95 96588 23988 5006
37	118356	0.0	3	120 91091 22777 4368
38	117307	0.0	3	112 89501 23032 4662
39	113087	0.0	3	68 86962 21863 4194
40	111437	0.0	3	108 85016 21784 4529
41	211151	0.0	3	90 163701 39789 7571
42	2329	0.0	3	0 310 1525 494
43	199298	0.0	3	179 155277 36831 7011
44	1772	0.0	3	1 355 973 443
45	95263	0.0	3	71 72947 18731 3514
46	178463	0.0	3	108 138505 33494 6356
47	1548	0.0	3	7 290 913 338
48	82861	0.0	3	54 63861 15868 3078
49	79267	0.0	3	33 61347 15030 2857
50	75250	0.0	3	146 57913 14288 2903
51	71635	0.0	3	35 54839 13991 2770
52	195249	0.0	3	137 152208 36256 6648
53	1430	0.0	3	3 420 655 352
54	1464	0.0	3	0 259 863 342
55	162878	0.0	3	145 127854 29740 5139
56	1197	0.0	3	2 332 579 284
57	674	0.0	3	2 149 336 187
58	46891	0.0	3	32 36345 8904 1610
59	82070	0.0	3	42 64224 15196 2608
60	799	0.0	3	2 167 446 184
61	37216	0.0	3	12 28846 7094 1264
62	66133	0.0	3	44 51724 12205 2160
63	584	0.0	3	2 102 360 120
64	29099	0.0	3	33 22742 5423 901
65	26938	0.0	3	12 20913 5096 917
66	24634	0.0	3	22 19228 4670 714
67	22285	0.0	3	14 17298 4220 753
68	20043	0.0	3	18 15624 3764 637
69	17871	0.0	3	12 14047 3255 557
70	15861	0.0	3	13 12461 2920 467
71	14284	0.0	3	12 11160 2639 473
72	12432	0.0	3	8 9650 2381 393
73	11546	0.0	3	7 9062 2099 378
74	10357	0.0	3	1 8021 1996 339
75	9409	0.0	3	3 7410 1697 299
76	10079	0.0	3	15 7860 1880 324
77	7731	0.0	3	1 6120 1391 219
78	6106	0.0	3	2 4819 1109 176
79	5699	0.0	3	2 4503 1049 145
80	5101	0.0	3	1 4069 884 147
81	4037	0.0	3	0 3146 759 132
82	3622	0.0	3	4 2868 657 93
83	3077	0.0	3	3 2406 565 103
84	2857	0.0	3	2 2254 526 75
85	2637	0.0	3	2 2077 471 87
86	2447	0.0	3	1 1928 457 61
87	1980	0.0	3	0 1583 346 51
88	1706	0.0	3	0 1354 308 44
89	1679	0.0	3	0 1352 282 45
90	1380	0.0	3	0 1105 238 37
91	1102	0.0	3	0 857 211 34
92	908	0.0	3	0 726 162 20
93	890	0.0	3	0 688 172 30
94	677	0.0	3	0 533 125 19
95	626	0.0	3	0 475 137 14
96	592	0.0	3	0 474 98 20
97	447	0.0	3	0 347 85 15
98	446	0.0	3	0 348 84 14
99	396	0.0	3	2 311 72 11
100	385	0.0	3	0 286 82 17
101	319	0.0	3	0 259 48 12
102	248	0.0	3	0 185 48 15
103	241	0.0	3	0 183 46 12
104	181	0.0	3	0 132 37 12
105	144	0.0	3	0 103 30 11
106	137	0.0	3	1 98 28 10
107	100	0.0	3	0 78 17 5
108	110	0.0	3	0 88 12 10
109	95	0.0	3	0 69 17 9
110	87	0.0	3	0 58 22 7
111	65	0.0	3	0 47 13 5
112	64	0.0	3	0 45 8 11
113	66	0.0	3	0 53 9 4
114	43	0.0	3	0 27 8 8
115	32	0.0	3	0 21 7 4
116	31	0.0	3	0 15 5 11
117	38	0.0	3	0 23 7 8
118	23	0.0	3	0 12 6 5
119	27	0.0	3	0 10 8 9
120	24	0.0	3	0 12 4 8
121	19	0.0	3	0 7 5 7
122	19	0.0	3	0 7 4 8
123	22	0.0	3	0 9 3 10
124	15	0.0	3	0 9 1 5
125	15	0.0	3	0 6 2 7
126	17	0.0	3	0 5 2 10
127	19	0.0	3	0 5 5 9
128	17	0.0	3	0 6 3 8
129	19	0.0	3	0 8 1 10
130	22	0.0	3	0 6 0 16
131	11	0.0	3	0 3 3 5
132	15	0.0	3	0 4 1 10
133	16	0.0	3	0 2 2 12
134	18	0.0	3	0 5 1 12
135	24	0.0	3	0 3 2 19
136	29	0.0	3	0 2 2 25
137	30	0.0	3	0 2 5 23
138	45	0.0	3	0 9 3 33
139	46	0.0	3	0 5 1 40
140	48	0.0	3	0 5 3 40
141	68	0.0	3	0 3 0 65
142	114	0.0	3	0 2 3 109
143	169	0.0	3	0 2 1 166
144	222	0.0	3	0 1 4 217
145	219	0.0	3	0 8 1 210
146	400	0.0	3	0 5 5 390
147	909	0.0	3	0 3 11 895
148	2343	0.0	3	0 2 9 2332
149	8248	0.0	3	0 3 20 8225
150	22946	0.0	3	0 6 72 22868
