This is cutadapt 2.9 with Python 3.5.2
Command line parameters: --nextseq-trim 10 --minimum-length 25 --cores 4 -a AGATCGGAAGAGCACACGTCTGAACTCCAGTCAC -A AGATCGGAAGAGCGTCGTGTAGGGAAAGAGTGTA -o Mcapitata_ATHC_TP4_2561_R1_TrimmingRound1.fastq.gz -p Mcapitata_ATHC_TP4_2561_R2_TrimmingRound1.fastq.gz Mcapitata_ATHC_TP4_2561_R1.fastq.gz Mcapitata_ATHC_TP4_2561_R2.fastq.gz
Processing reads on 4 cores in paired-end mode ...
Finished in 692.74 s (38 us/read; 1.59 M reads/minute).

=== Summary ===

Total read pairs processed:         18,366,576
  Read 1 with adapter:              10,840,332 (59.0%)
  Read 2 with adapter:               9,947,362 (54.2%)
Pairs written (passing filters):    18,162,565 (98.9%)

Total basepairs processed: 5,509,972,800 bp
  Read 1: 2,754,986,400 bp
  Read 2: 2,754,986,400 bp
Quality-trimmed:              40,333,092 bp (0.7%)
  Read 1:     6,306,891 bp
  Read 2:    34,026,201 bp
Total written (filtered):  4,705,731,723 bp (85.4%)
  Read 1: 2,336,701,458 bp
  Read 2: 2,369,030,265 bp

=== First read: Adapter 1 ===

Sequence: AGATCGGAAGAGCACACGTCTGAACTCCAGTCAC; Type: regular 3'; Length: 34; Trimmed: 10840332 times

No. of allowed errors:
0-9 bp: 0; 10-19 bp: 1; 20-29 bp: 2; 30-34 bp: 3

Bases preceding removed adapters:
  A: 19.6%
  C: 41.9%
  G: 17.3%
  T: 21.0%
  none/other: 0.1%

Overview of removed sequences
length	count	expect	max.err	error counts
3	248728	286977.8	0	248728
4	133066	71744.4	0	133066
5	316195	17936.1	0	316195
8	101454	280.3	0	101454
9	199826	70.1	0	199826
10	603	17.5	1	0 603
11	281305	4.4	1	203098 78207
12	503	1.1	1	0 503
13	149111	0.3	1	107519 41592
14	158234	0.1	1	113719 44515
15	160132	0.0	1	115336 44796
16	173741	0.0	1	123877 49864
17	333460	0.0	1	238830 94630
18	1138	0.0	1	0 935 203
19	169294	0.0	1	119866 48847 581
20	163221	0.0	2	112651 47332 3238
21	329351	0.0	2	229414 93619 6318
22	1846	0.0	2	0 1224 622
23	172918	0.0	2	120094 49390 3434
24	181725	0.0	2	125268 52227 4230
25	188905	0.0	2	130074 54237 4594
26	195661	0.0	2	134091 56729 4841
27	198251	0.0	2	135737 57413 5101
28	196978	0.0	2	132126 59219 5495 138
29	375097	0.0	2	254959 111165 8661 312
30	3396	0.0	3	0 1795 1110 491
31	186998	0.0	3	124541 55598 5070 1789
32	180854	0.0	3	120906 53588 4691 1669
33	185363	0.0	3	123908 55132 4805 1518
34	194096	0.0	3	129789 57292 5320 1695
35	201055	0.0	3	134027 59788 5420 1820
36	208284	0.0	3	139851 61020 5494 1919
37	210328	0.0	3	139956 62547 5854 1971
38	209753	0.0	3	137946 63960 5954 1893
39	389088	0.0	3	260334 116910 8690 3154
40	3866	0.0	3	370 2106 1036 354
41	185345	0.0	3	123278 55947 4586 1534
42	181004	0.0	3	119844 55016 4617 1527
43	180075	0.0	3	119154 54686 4642 1593
44	181347	0.0	3	120604 54599 4545 1599
45	198736	0.0	3	131940 59774 5259 1763
46	182566	0.0	3	121068 55353 4687 1458
47	376595	0.0	3	253671 112096 8139 2689
48	4405	0.0	3	690 2277 1134 304
49	178098	0.0	3	118419 54186 4166 1327
50	170112	0.0	3	111875 52788 4174 1275
51	302015	0.0	3	201050 92862 6105 1998
52	5778	0.0	3	1766 2483 1200 329
53	143961	0.0	3	94512 44966 3436 1047
54	287680	0.0	3	191220 87943 6373 2144
55	3447	0.0	3	562 1835 831 219
56	133432	0.0	3	89535 40380 2630 887
57	139041	0.0	3	92327 42906 2914 894
58	128390	0.0	3	85721 39428 2495 746
59	124200	0.0	3	81844 38889 2643 824
60	116198	0.0	3	75874 36958 2619 747
61	189224	0.0	3	125795 59055 3327 1047
62	2505	0.0	3	513 1214 592 186
63	86945	0.0	3	57114 27383 1865 583
64	81170	0.0	3	52947 25879 1803 541
65	145671	0.0	3	97079 45282 2530 780
66	2009	0.0	3	437 986 474 112
67	69425	0.0	3	45869 21818 1312 426
68	66209	0.0	3	43420 20958 1419 412
69	63467	0.0	3	40863 20796 1413 395
70	124048	0.0	3	83116 39095 1445 392
71	61616	0.0	3	40053 20007 1197 359
72	45966	0.0	3	29507 15057 1071 331
73	27031	0.0	3	17208 8930 677 216
74	23632	0.0	3	15116 7747 586 183
75	22127	0.0	3	14338 7182 482 125
76	21148	0.0	3	13745 6812 458 133
77	18998	0.0	3	12283 6223 391 101
78	14959	0.0	3	9681 4885 310 83
79	13308	0.0	3	8602 4323 293 90
80	11270	0.0	3	7185 3767 250 68
81	8831	0.0	3	5603 2957 208 63
82	7741	0.0	3	5011 2509 167 54
83	6245	0.0	3	4014 2067 126 38
84	5533	0.0	3	3563 1807 133 30
85	4872	0.0	3	3129 1588 127 28
86	4585	0.0	3	2864 1589 100 32
87	4212	0.0	3	2573 1538 79 22
88	3530	0.0	3	2240 1192 76 22
89	2891	0.0	3	1859 967 55 10
90	2492	0.0	3	1580 842 58 12
91	2072	0.0	3	1339 682 41 10
92	1761	0.0	3	1131 586 35 9
93	1444	0.0	3	918 481 37 8
94	1282	0.0	3	828 416 30 8
95	1136	0.0	3	753 357 22 4
96	872	0.0	3	582 270 16 4
97	848	0.0	3	559 264 21 4
98	651	0.0	3	429 190 31 1
99	602	0.0	3	382 190 29 1
100	485	0.0	3	293 163 26 3
101	395	0.0	3	247 120 27 1
102	388	0.0	3	225 135 22 6
103	255	0.0	3	153 80 19 3
104	245	0.0	3	150 76 19
105	178	0.0	3	99 64 10 5
106	164	0.0	3	84 64 16
107	126	0.0	3	74 29 21 2
108	110	0.0	3	56 35 18 1
109	109	0.0	3	52 24 29 4
110	114	0.0	3	52 18 44
111	103	0.0	3	39 15 44 5
112	94	0.0	3	26 16 46 6
113	98	0.0	3	30 14 50 4
114	89	0.0	3	15 16 57 1
115	88	0.0	3	16 11 59 2
116	109	0.0	3	15 9 81 4
117	103	0.0	3	10 6 85 2
118	118	0.0	3	10 6 98 4
119	108	0.0	3	13 6 86 3
120	138	0.0	3	10 5 117 6
121	123	0.0	3	4 3 113 3
122	147	0.0	3	3 3 140 1
123	145	0.0	3	11 5 125 4
124	164	0.0	3	8 4 143 9
125	172	0.0	3	2 3 162 5
126	207	0.0	3	8 5 186 8
127	196	0.0	3	8 2 184 2
128	218	0.0	3	7 2 201 8
129	239	0.0	3	10 3 220 6
130	267	0.0	3	8 3 242 14
131	290	0.0	3	7 6 264 13
132	313	0.0	3	1 4 300 8
133	390	0.0	3	7 6 369 8
134	389	0.0	3	6 4 369 10
135	433	0.0	3	7 7 403 16
136	514	0.0	3	6 7 489 12
137	533	0.0	3	2 4 510 17
138	632	0.0	3	6 4 609 13
139	641	0.0	3	5 6 609 21
140	682	0.0	3	2 4 652 24
141	812	0.0	3	3 8 776 25
142	984	0.0	3	3 10 941 30
143	1263	0.0	3	5 12 1216 30
144	1474	0.0	3	2 13 1414 45
145	1515	0.0	3	1 17 1439 58
146	1817	0.0	3	4 18 1723 72
147	2435	0.0	3	2 27 2327 79
148	4235	0.0	3	3 35 4050 147
149	11166	0.0	3	3 98 10703 362
150	25742	0.0	3	3 238 24663 838


=== Second read: Adapter 2 ===

Sequence: AGATCGGAAGAGCGTCGTGTAGGGAAAGAGTGTA; Type: regular 3'; Length: 34; Trimmed: 9947362 times

No. of allowed errors:
0-9 bp: 0; 10-19 bp: 1; 20-29 bp: 2; 30-34 bp: 3

Bases preceding removed adapters:
  A: 18.3%
  C: 41.6%
  G: 24.8%
  T: 15.3%
  none/other: 0.0%

Overview of removed sequences
length	count	expect	max.err	error counts
3	377207	286977.8	0	377207
4	150898	71744.4	0	150898
5	304776	17936.1	0	304776
8	95843	280.3	0	95843
9	187917	70.1	0	187917
10	744	17.5	1	0 744
11	256071	4.4	1	190038 66033
12	691	1.1	1	0 691
13	290400	0.3	1	214427 75973
14	451	0.1	1	0 451
15	143879	0.0	1	107605 36274
16	310302	0.0	1	229280 81022
17	557	0.0	1	0 557
18	287783	0.0	1	213753 73602 428
19	1165	0.0	1	0 735 430
20	152821	0.0	2	106958 41228 4635
21	616111	0.0	2	442484 160022 13605
22	3067	0.0	2	0 1796 1271
23	990	0.0	2	0 364 626
24	1057	0.0	2	0 636 421
25	169666	0.0	2	121331 44063 4272
26	178199	0.0	2	125006 47812 5381
27	351844	0.0	2	248399 94163 9282
28	3230	0.0	2	0 1946 1125 159
29	340710	0.0	2	237070 93717 9799 124
30	3561	0.0	3	0 2202 1010 349
31	327475	0.0	3	226049 88559 8666 4201
32	2951	0.0	3	0 1690 839 422
33	166907	0.0	3	114090 45118 5351 2348
34	173619	0.0	3	399 119905 48013 5302
35	179467	0.0	3	415 124193 49249 5610
36	188182	0.0	3	374 128721 52461 6626
37	372625	0.0	3	821 254967 102716 14121
38	3464	0.0	3	18 462 1908 1076
39	179069	0.0	3	369 121084 50500 7116
40	190293	0.0	3	499 124990 54791 10013
41	313973	0.0	3	554 214320 88628 10471
42	3419	0.0	3	4 345 2231 839
43	307694	0.0	3	614 212232 84969 9879
44	3059	0.0	3	8 489 1666 896
45	166498	0.0	3	403 112293 47410 6392
46	339391	0.0	3	642 233030 93697 12022
47	4343	0.0	3	41 1055 2030 1217
48	167334	0.0	3	336 113812 46947 6239
49	164554	0.0	3	467 110882 46617 6588
50	151794	0.0	3	391 101082 44186 6135
51	150472	0.0	3	428 99723 43280 7041
52	455723	0.0	3	1107 317294 119032 18290
53	3063	0.0	3	19 686 1493 865
54	3058	0.0	3	6 458 1815 779
55	333210	0.0	3	563 224733 98310 9604
56	2299	0.0	3	17 636 1068 578
57	1136	0.0	3	5 145 638 348
58	116316	0.0	3	215 77267 34727 4107
59	187209	0.0	3	244 124925 56860 5180
60	1786	0.0	3	4 287 970 525
61	86443	0.0	3	156 56627 26757 2903
62	156338	0.0	3	316 104940 46219 4863
63	1147	0.0	3	4 171 637 335
64	59785	0.0	3	75 39409 18840 1461
65	61788	0.0	3	132 41512 18386 1758
66	63313	0.0	3	104 42421 18792 1996
67	60870	0.0	3	112 40817 18150 1791
68	59729	0.0	3	108 40369 17255 1997
69	52110	0.0	3	109 34723 15645 1633
70	47232	0.0	3	97 31902 13815 1418
71	41452	0.0	3	97 27326 12697 1332
72	35622	0.0	3	69 23656 10818 1079
73	32543	0.0	3	72 21965 9490 1016
74	32456	0.0	3	81 22654 8681 1040
75	41205	0.0	3	114 30907 8856 1328
76	32728	0.0	3	92 23194 8288 1154
77	20014	0.0	3	52 12883 6373 706
78	16510	0.0	3	30 10487 5532 461
79	15216	0.0	3	28 9457 5333 398
80	13870	0.0	3	25 8583 4875 387
81	10956	0.0	3	13 6764 3881 298
82	8700	0.0	3	8 5402 3030 260
83	7158	0.0	3	10 4438 2524 186
84	6228	0.0	3	13 3852 2202 161
85	5451	0.0	3	4 3378 1918 151
86	5028	0.0	3	9 3129 1769 121
87	4219	0.0	3	6 2611 1501 101
88	3639	0.0	3	6 2240 1286 107
89	3138	0.0	3	0 1940 1106 92
90	2589	0.0	3	2 1637 894 56
91	1980	0.0	3	2 1187 731 60
92	1705	0.0	3	0 1041 621 43
93	1479	0.0	3	0 880 552 47
94	1278	0.0	3	1 775 466 36
95	1036	0.0	3	2 613 394 27
96	877	0.0	3	0 522 332 23
97	692	0.0	3	1 417 255 19
98	656	0.0	3	0 407 235 14
99	516	0.0	3	0 305 198 13
100	423	0.0	3	1 239 169 14
101	370	0.0	3	1 231 131 7
102	350	0.0	3	1 195 140 14
103	282	0.0	3	0 170 99 13
104	231	0.0	3	0 120 107 4
105	182	0.0	3	0 101 69 12
106	171	0.0	3	0 99 66 6
107	136	0.0	3	0 77 51 8
108	115	0.0	3	0 57 48 10
109	87	0.0	3	0 38 43 6
110	94	0.0	3	0 52 36 6
111	72	0.0	3	0 37 29 6
112	66	0.0	3	0 37 24 5
113	56	0.0	3	0 26 20 10
114	45	0.0	3	0 22 15 8
115	40	0.0	3	0 20 8 12
116	48	0.0	3	0 19 12 17
117	31	0.0	3	0 15 8 8
118	29	0.0	3	0 13 3 13
119	36	0.0	3	0 15 5 16
120	37	0.0	3	0 16 3 18
121	30	0.0	3	0 5 9 16
122	37	0.0	3	0 6 4 27
123	30	0.0	3	0 10 5 15
124	37	0.0	3	0 9 2 26
125	57	0.0	3	0 10 3 44
126	68	0.0	3	0 4 5 59
127	97	0.0	3	0 9 4 84
128	110	0.0	3	0 5 5 100
129	161	0.0	3	0 2 4 155
130	173	0.0	3	0 5 2 166
131	208	0.0	3	0 9 6 193
132	278	0.0	3	0 5 2 271
133	325	0.0	3	0 6 6 313
134	343	0.0	3	0 8 5 330
135	373	0.0	3	0 9 4 360
136	457	0.0	3	0 4 6 447
137	492	0.0	3	0 1 8 483
138	576	0.0	3	0 5 4 567
139	620	0.0	3	0 4 8 608
140	666	0.0	3	0 3 9 654
141	773	0.0	3	0 6 2 765
142	820	0.0	3	0 3 10 807
143	1066	0.0	3	0 5 12 1049
144	1333	0.0	3	0 1 16 1316
145	1526	0.0	3	0 1 17 1508
146	1816	0.0	3	0 2 23 1791
147	2148	0.0	3	0 3 20 2125
148	3644	0.0	3	0 1 41 3602
149	9154	0.0	3	0 1 89 9064
150	29024	0.0	3	0 1 281 28742
