This is cutadapt 2.9 with Python 3.5.2
Command line parameters: --nextseq-trim 10 --minimum-length 25 --cores 4 -a AGATCGGAAGAGCACACGTCTGAACTCCAGTCAC -A AGATCGGAAGAGCGTCGTGTAGGGAAAGAGTGTA -o Mcapitata_HTAC_TP6_1705_R1_TrimmingRound1.fastq.gz -p Mcapitata_HTAC_TP6_1705_R2_TrimmingRound1.fastq.gz Mcapitata_HTAC_TP6_1705_R1.fastq.gz Mcapitata_HTAC_TP6_1705_R2.fastq.gz
Processing reads on 4 cores in paired-end mode ...
Finished in 646.46 s (38 us/read; 1.59 M reads/minute).

=== Summary ===

Total read pairs processed:         17,112,471
  Read 1 with adapter:               7,668,411 (44.8%)
  Read 2 with adapter:               7,159,007 (41.8%)
Pairs written (passing filters):    17,025,352 (99.5%)

Total basepairs processed: 5,133,741,300 bp
  Read 1: 2,566,870,650 bp
  Read 2: 2,566,870,650 bp
Quality-trimmed:              29,019,835 bp (0.6%)
  Read 1:     5,412,804 bp
  Read 2:    23,607,031 bp
Total written (filtered):  4,640,633,361 bp (90.4%)
  Read 1: 2,310,685,962 bp
  Read 2: 2,329,947,399 bp

=== First read: Adapter 1 ===

Sequence: AGATCGGAAGAGCACACGTCTGAACTCCAGTCAC; Type: regular 3'; Length: 34; Trimmed: 7668411 times

No. of allowed errors:
0-9 bp: 0; 10-19 bp: 1; 20-29 bp: 2; 30-34 bp: 3

Bases preceding removed adapters:
  A: 17.6%
  C: 36.6%
  G: 21.5%
  T: 24.2%
  none/other: 0.0%

Overview of removed sequences
length	count	expect	max.err	error counts
3	307113	267382.4	0	307113
4	146921	66845.6	0	146921
5	316671	16711.4	0	316671
8	102720	261.1	0	102720
9	204506	65.3	0	204506
10	767	16.3	1	0 767
11	268429	4.1	1	204506 63923
12	758	1.0	1	0 758
13	137538	0.3	1	104158 33380
14	142976	0.1	1	107999 34977
15	138229	0.0	1	104242 33987
16	146234	0.0	1	109629 36605
17	274599	0.0	1	208120 66479
18	1235	0.0	1	0 1052 183
19	141669	0.0	1	105994 35129 546
20	139513	0.0	2	102658 34329 2526
21	281081	0.0	2	208054 68139 4888
22	2018	0.0	2	0 1385 633
23	142925	0.0	2	104801 35381 2743
24	145445	0.0	2	105770 36516 3159
25	145019	0.0	2	105609 36195 3215
26	145351	0.0	2	105744 36236 3371
27	144396	0.0	2	104509 36347 3540
28	144380	0.0	2	103524 36949 3802 105
29	277601	0.0	2	203413 68227 5700 261
30	2975	0.0	3	0 1726 893 356
31	141860	0.0	3	101550 35393 3581 1336
32	135814	0.0	3	97305 34097 3193 1219
33	137427	0.0	3	98212 34652 3400 1163
34	139020	0.0	3	98813 35243 3643 1321
35	137236	0.0	3	98066 34597 3392 1181
36	137317	0.0	3	97968 34469 3592 1288
37	135728	0.0	3	96106 34899 3455 1268
38	263781	0.0	3	189774 65186 6290 2531
39	3778	0.0	3	235 2508 845 190
40	245539	0.0	3	178540 60188 4860 1951
41	2424	0.0	3	92 1514 652 166
42	123372	0.0	3	88322 31009 2912 1129
43	126058	0.0	3	90818 31496 2828 916
44	105180	0.0	3	75658 26649 2083 790
45	128029	0.0	3	91787 32161 3008 1073
46	98621	0.0	3	70410 25192 2284 735
47	209824	0.0	3	152287 52316 3803 1418
48	2369	0.0	3	219 1415 576 159
49	99840	0.0	3	72211 24898 2027 704
50	95782	0.0	3	68724 24367 2000 691
51	175112	0.0	3	127483 43416 3084 1129
52	2873	0.0	3	686 1388 641 158
53	84402	0.0	3	60233 21727 1835 607
54	162203	0.0	3	117277 40590 3166 1170
55	1904	0.0	3	218 1097 473 116
56	70131	0.0	3	50565 17907 1228 431
57	69613	0.0	3	50244 17582 1368 419
58	62611	0.0	3	45247 15833 1154 377
59	60438	0.0	3	43647 15212 1204 375
60	56970	0.0	3	40638 14814 1137 381
61	95681	0.0	3	69846 23823 1485 527
62	1267	0.0	3	232 688 260 87
63	44869	0.0	3	32225 11478 849 317
64	41061	0.0	3	29311 10680 825 245
65	71339	0.0	3	51998 17988 1029 324
66	934	0.0	3	162 515 218 39
67	31274	0.0	3	22617 7968 524 165
68	29679	0.0	3	21242 7679 575 183
69	28186	0.0	3	19948 7516 570 152
70	65319	0.0	3	48277 16332 540 170
71	26977	0.0	3	19352 7031 458 136
72	19685	0.0	3	14092 5060 393 140
73	11491	0.0	3	8125 3019 259 88
74	9998	0.0	3	7038 2648 237 75
75	9126	0.0	3	6461 2387 219 59
76	8404	0.0	3	5921 2260 162 61
77	7429	0.0	3	5311 1919 136 63
78	5652	0.0	3	4019 1481 114 38
79	4974	0.0	3	3539 1276 130 29
80	4073	0.0	3	2838 1127 82 26
81	3471	0.0	3	2440 957 52 22
82	2763	0.0	3	1938 751 55 19
83	2444	0.0	3	1689 673 55 27
84	2102	0.0	3	1482 561 44 15
85	1812	0.0	3	1275 478 47 12
86	1658	0.0	3	1136 492 22 8
87	1426	0.0	3	1046 347 26 7
88	1379	0.0	3	975 367 28 9
89	978	0.0	3	717 242 12 7
90	927	0.0	3	687 226 13 1
91	754	0.0	3	536 193 19 6
92	670	0.0	3	488 171 10 1
93	559	0.0	3	391 153 13 2
94	456	0.0	3	344 103 7 2
95	459	0.0	3	325 126 6 2
96	344	0.0	3	245 86 9 4
97	293	0.0	3	207 81 5
98	244	0.0	3	174 63 6 1
99	236	0.0	3	159 66 8 3
100	187	0.0	3	126 48 11 2
101	179	0.0	3	129 44 6
102	135	0.0	3	96 33 5 1
103	126	0.0	3	82 29 14 1
104	105	0.0	3	76 21 8
105	73	0.0	3	44 22 7
106	66	0.0	3	41 22 3
107	64	0.0	3	45 11 8
108	56	0.0	3	40 12 3 1
109	49	0.0	3	28 15 3 3
110	36	0.0	3	19 7 9 1
111	47	0.0	3	26 11 10
112	38	0.0	3	15 12 10 1
113	33	0.0	3	12 12 9
114	20	0.0	3	7 2 11
115	32	0.0	3	10 7 13 2
116	33	0.0	3	7 4 19 3
117	26	0.0	3	7 0 19
118	30	0.0	3	5 6 18 1
119	21	0.0	3	3 1 17
120	27	0.0	3	5 1 20 1
121	24	0.0	3	1 5 18
122	28	0.0	3	3 0 25
123	29	0.0	3	4 1 23 1
124	26	0.0	3	3 1 22
125	40	0.0	3	5 2 32 1
126	26	0.0	3	1 2 21 2
127	39	0.0	3	4 2 32 1
128	38	0.0	3	2 1 34 1
129	41	0.0	3	3 0 36 2
130	63	0.0	3	6 2 48 7
131	55	0.0	3	4 2 48 1
132	51	0.0	3	2 1 46 2
133	77	0.0	3	4 1 69 3
134	66	0.0	3	3 0 60 3
135	75	0.0	3	4 1 69 1
136	90	0.0	3	2 2 83 3
137	101	0.0	3	1 1 98 1
138	98	0.0	3	2 0 92 4
139	117	0.0	3	3 4 104 6
140	108	0.0	3	3 1 101 3
141	155	0.0	3	1 3 144 7
142	181	0.0	3	1 4 171 5
143	214	0.0	3	1 5 202 6
144	284	0.0	3	1 3 272 8
145	295	0.0	3	2 2 285 6
146	289	0.0	3	1 3 280 5
147	436	0.0	3	7 8 404 17
148	764	0.0	3	1 12 730 21
149	2020	0.0	3	1 16 1939 64
150	4480	0.0	3	2 39 4307 132


=== Second read: Adapter 2 ===

Sequence: AGATCGGAAGAGCGTCGTGTAGGGAAAGAGTGTA; Type: regular 3'; Length: 34; Trimmed: 7159007 times

No. of allowed errors:
0-9 bp: 0; 10-19 bp: 1; 20-29 bp: 2; 30-34 bp: 3

Bases preceding removed adapters:
  A: 15.4%
  C: 37.7%
  G: 33.0%
  T: 13.8%
  none/other: 0.0%

Overview of removed sequences
length	count	expect	max.err	error counts
3	434110	267382.4	0	434110
4	165949	66845.6	0	165949
5	300180	16711.4	0	300180
8	95944	261.1	0	95944
9	190923	65.3	0	190923
10	862	16.3	1	0 862
11	246665	4.1	1	190833 55832
12	820	1.0	1	0 820
13	266977	0.3	1	203890 63087
14	470	0.1	1	0 470
15	125897	0.0	1	97218 28679
16	266750	0.0	1	204062 62688
17	589	0.0	1	0 589
18	236266	0.0	1	183959 51921 386
19	877	0.0	1	0 590 287
20	129824	0.0	2	96228 30356 3240
21	514873	0.0	2	383319 120360 11194
22	2097	0.0	2	0 1362 735
23	607	0.0	2	0 255 352
24	756	0.0	2	0 476 280
25	130864	0.0	2	96564 30973 3327
26	133109	0.0	2	95949 33068 4092
27	258201	0.0	2	188729 62279 7193
28	2473	0.0	2	0 1673 695 105
29	256796	0.0	2	186043 63079 7568 106
30	2605	0.0	3	0 1682 696 227
31	247640	0.0	3	178917 58825 6712 3186
32	2046	0.0	3	0 1317 484 245
33	124172	0.0	3	88557 29808 4157 1650
34	124169	0.0	3	58 88846 31114 4151
35	124652	0.0	3	78 88644 31465 4465
36	241541	0.0	3	33 173650 60008 7850
37	2296	0.0	3	28 275 1328 665
38	119896	0.0	3	77 86150 29654 4015
39	116356	0.0	3	72 83295 29041 3948
40	115697	0.0	3	95 82273 29393 3936
41	231527	0.0	3	72 167375 56633 7447
42	4622	0.0	3	207 633 2861 921
43	408387	0.0	3	78 325383 73998 8928
44	3097	0.0	3	30 424 1972 671
45	109630	0.0	3	53 79987 26328 3262
46	174529	0.0	3	44 123434 45583 5468
47	4343	0.0	3	22 2271 1425 625
48	83770	0.0	3	37 58928 22267 2538
49	109013	0.0	3	23 81725 24238 3027
50	69187	0.0	3	41 46873 19716 2557
51	110113	0.0	3	52 84002 23003 3056
52	197517	0.0	3	49 138598 52313 6557
53	1952	0.0	3	1 626 837 488
54	1433	0.0	3	6 270 777 380
55	143519	0.0	3	32 97997 41570 3920
56	1133	0.0	3	1 334 540 258
57	565	0.0	3	5 94 298 168
58	48395	0.0	3	13 33360 13506 1516
59	73847	0.0	3	26 50059 21745 2017
60	779	0.0	3	4 141 420 214
61	34750	0.0	3	15 23354 10261 1120
62	61705	0.0	3	18 41992 17946 1749
63	514	0.0	3	3 63 303 145
64	25417	0.0	3	9 17395 7394 619
65	25452	0.0	3	30 17422 7340 660
66	25915	0.0	3	11 17920 7278 706
67	22143	0.0	3	12 14988 6551 592
68	21700	0.0	3	9 15080 6013 598
69	19129	0.0	3	7 13099 5510 513
70	17912	0.0	3	13 12695 4718 486
71	15698	0.0	3	7 10953 4350 388
72	14009	0.0	3	12 9889 3773 335
73	13078	0.0	3	7 9216 3474 381
74	11878	0.0	3	5 8494 3101 278
75	11228	0.0	3	4 7977 2964 283
76	11643	0.0	3	3 8529 2837 274
77	8444	0.0	3	7 5910 2313 214
78	6458	0.0	3	6 4509 1771 172
79	5930	0.0	3	1 4050 1748 131
80	5462	0.0	3	3 3762 1573 124
81	4140	0.0	3	1 2811 1231 97
82	3652	0.0	3	1 2499 1073 79
83	3245	0.0	3	0 2204 961 80
84	2783	0.0	3	4 1970 754 55
85	2484	0.0	3	1 1708 721 54
86	2119	0.0	3	0 1414 654 51
87	1678	0.0	3	0 1134 504 40
88	1423	0.0	3	0 942 450 31
89	1215	0.0	3	0 829 352 34
90	1020	0.0	3	0 663 333 24
91	829	0.0	3	0 545 257 27
92	668	0.0	3	0 448 206 14
93	692	0.0	3	0 452 224 16
94	519	0.0	3	1 337 162 19
95	452	0.0	3	0 301 142 9
96	379	0.0	3	0 244 126 9
97	298	0.0	3	0 187 106 5
98	234	0.0	3	0 160 70 4
99	236	0.0	3	0 171 58 7
100	189	0.0	3	0 133 53 3
101	172	0.0	3	0 126 43 3
102	136	0.0	3	0 77 55 4
103	124	0.0	3	0 81 38 5
104	124	0.0	3	0 75 43 6
105	78	0.0	3	1 44 29 4
106	86	0.0	3	0 58 26 2
107	78	0.0	3	0 48 27 3
108	75	0.0	3	0 50 19 6
109	53	0.0	3	0 36 15 2
110	39	0.0	3	0 23 16
111	39	0.0	3	0 27 9 3
112	43	0.0	3	0 23 16 4
113	37	0.0	3	0 18 14 5
114	20	0.0	3	0 10 10
115	21	0.0	3	0 9 10 2
116	17	0.0	3	0 10 4 3
117	17	0.0	3	0 9 5 3
118	15	0.0	3	0 9 3 3
119	12	0.0	3	0 5 0 7
120	10	0.0	3	0 5 3 2
121	10	0.0	3	0 4 1 5
122	9	0.0	3	0 4 1 4
123	15	0.0	3	0 4 2 9
124	16	0.0	3	0 5 3 8
125	14	0.0	3	0 5 4 5
126	13	0.0	3	0 4 3 6
127	20	0.0	3	0 3 0 17
128	32	0.0	3	0 3 4 25
129	30	0.0	3	0 3 0 27
130	38	0.0	3	0 2 2 34
131	39	0.0	3	0 2 1 36
132	52	0.0	3	0 4 3 45
133	60	0.0	3	0 5 2 53
134	58	0.0	3	0 4 4 50
135	80	0.0	3	0 3 1 76
136	79	0.0	3	0 2 2 75
137	79	0.0	3	0 1 1 77
138	96	0.0	3	0 1 6 89
139	94	0.0	3	0 1 2 91
140	125	0.0	3	0 4 3 118
141	132	0.0	3	0 6 1 125
142	145	0.0	3	0 0 3 142
143	194	0.0	3	0 1 1 192
144	219	0.0	3	0 0 1 218
145	279	0.0	3	0 1 6 272
146	285	0.0	3	0 2 1 282
147	368	0.0	3	0 2 10 356
148	611	0.0	3	0 2 7 602
149	1665	0.0	3	0 0 22 1643
150	4927	0.0	3	0 1 46 4880
