This is cutadapt 2.9 with Python 3.5.2
Command line parameters: --nextseq-trim 10 --minimum-length 25 --cores 4 -a AGATCGGAAGAGCACACGTCTGAACTCCAGTCAC -A AGATCGGAAGAGCGTCGTGTAGGGAAAGAGTGTA -o Mcapitata_HTHC_TP10_1074_R1_TrimmingRound1.fastq.gz -p Mcapitata_HTHC_TP10_1074_R2_TrimmingRound1.fastq.gz Mcapitata_HTHC_TP10_1074_R1.fastq.gz Mcapitata_HTHC_TP10_1074_R2.fastq.gz
Processing reads on 4 cores in paired-end mode ...
Finished in 730.50 s (37 us/read; 1.63 M reads/minute).

=== Summary ===

Total read pairs processed:         19,877,996
  Read 1 with adapter:              11,682,360 (58.8%)
  Read 2 with adapter:              10,880,340 (54.7%)
Pairs written (passing filters):    19,716,761 (99.2%)

Total basepairs processed: 5,963,398,800 bp
  Read 1: 2,981,699,400 bp
  Read 2: 2,981,699,400 bp
Quality-trimmed:              33,773,031 bp (0.6%)
  Read 1:     6,441,054 bp
  Read 2:    27,331,977 bp
Total written (filtered):  5,143,377,737 bp (86.2%)
  Read 1: 2,556,754,539 bp
  Read 2: 2,586,623,198 bp

=== First read: Adapter 1 ===

Sequence: AGATCGGAAGAGCACACGTCTGAACTCCAGTCAC; Type: regular 3'; Length: 34; Trimmed: 11682360 times

No. of allowed errors:
0-9 bp: 0; 10-19 bp: 1; 20-29 bp: 2; 30-34 bp: 3

Bases preceding removed adapters:
  A: 19.7%
  C: 40.5%
  G: 17.7%
  T: 22.0%
  none/other: 0.0%

Overview of removed sequences
length	count	expect	max.err	error counts
3	292238	310593.7	0	292238
4	163302	77648.4	0	163302
5	390073	19412.1	0	390073
8	123775	303.3	0	123775
9	241276	75.8	0	241276
10	698	19.0	1	0 698
11	331819	4.7	1	245679 86140
12	720	1.2	1	0 720
13	177478	0.3	1	130888 46590
14	192182	0.1	1	141902 50280
15	190750	0.0	1	141374 49376
16	203723	0.0	1	149713 54010
17	379694	0.0	1	281057 98637
18	1404	0.0	1	0 1234 170
19	189822	0.0	1	138481 50649 692
20	184666	0.0	2	131533 49523 3610
21	380051	0.0	2	271664 100879 7508
22	2514	0.0	2	0 1675 839
23	198798	0.0	2	141437 53180 4181
24	210190	0.0	2	148062 56894 5234
25	216075	0.0	2	152506 58413 5156
26	222120	0.0	2	156544 59975 5601
27	222919	0.0	2	157216 59756 5947
28	218794	0.0	2	151618 61062 5992 122
29	409470	0.0	2	288668 111443 9070 289
30	4340	0.0	3	0 2417 1311 612
31	208483	0.0	3	143129 57318 5865 2171
32	198174	0.0	3	136345 54962 5149 1718
33	208988	0.0	3	142144 58951 5969 1924
34	433593	0.0	3	300418 118501 10850 3824
35	6405	0.0	3	385 4078 1614 328
36	447304	0.0	3	313101 120693 10107 3403
37	4791	0.0	3	325 2849 1268 349
38	220324	0.0	3	152060 61006 5451 1807
39	212632	0.0	3	146370 59152 5269 1841
40	202363	0.0	3	138868 56470 5335 1690
41	195981	0.0	3	133773 55286 5196 1726
42	192221	0.0	3	131577 54231 4819 1594
43	191406	0.0	3	130566 54292 4902 1646
44	194072	0.0	3	132563 54716 5065 1728
45	222608	0.0	3	151771 62837 6047 1953
46	184721	0.0	3	125733 53055 4605 1328
47	385145	0.0	3	269558 105449 7543 2595
48	4554	0.0	3	599 2451 1177 327
49	179498	0.0	3	124418 49834 4011 1235
50	169723	0.0	3	116043 48431 4039 1210
51	300655	0.0	3	208235 84618 5864 1938
52	4861	0.0	3	1062 2379 1132 288
53	146512	0.0	3	99617 42187 3583 1125
54	291962	0.0	3	201284 82406 6232 2040
55	3419	0.0	3	391 1900 900 228
56	131955	0.0	3	90966 37635 2592 762
57	136334	0.0	3	93591 39109 2828 806
58	122725	0.0	3	84522 34989 2457 757
59	117307	0.0	3	80342 33689 2545 731
60	109468	0.0	3	74473 31861 2433 701
61	178928	0.0	3	123833 50985 3139 971
62	2390	0.0	3	429 1226 592 143
63	81979	0.0	3	56137 23655 1702 485
64	76370	0.0	3	51662 22553 1688 467
65	136327	0.0	3	94243 39126 2262 696
66	1794	0.0	3	350 963 384 97
67	63828	0.0	3	44095 18223 1146 364
68	60150	0.0	3	40787 17700 1261 402
69	56085	0.0	3	37871 16750 1181 283
70	99633	0.0	3	69393 28729 1197 314
71	48664	0.0	3	33144 14322 953 245
72	39387	0.0	3	26453 11865 823 246
73	24657	0.0	3	16442 7431 624 160
74	22057	0.0	3	14929 6544 457 127
75	20954	0.0	3	14124 6267 407 156
76	19060	0.0	3	12949 5643 374 94
77	18081	0.0	3	12137 5519 336 89
78	12868	0.0	3	8703 3843 247 75
79	11372	0.0	3	7679 3395 234 64
80	9453	0.0	3	6332 2872 198 51
81	8110	0.0	3	5535 2399 135 41
82	6874	0.0	3	4588 2106 142 38
83	5438	0.0	3	3656 1665 89 28
84	4996	0.0	3	3393 1486 86 31
85	4121	0.0	3	2762 1255 78 26
86	3723	0.0	3	2522 1115 64 22
87	3301	0.0	3	2235 987 62 17
88	2928	0.0	3	1962 880 65 21
89	2519	0.0	3	1688 765 48 18
90	2050	0.0	3	1426 570 41 13
91	1736	0.0	3	1165 527 40 4
92	1484	0.0	3	1036 414 29 5
93	1175	0.0	3	806 330 32 7
94	1024	0.0	3	703 294 20 7
95	957	0.0	3	645 283 26 3
96	762	0.0	3	512 222 22 6
97	656	0.0	3	433 197 21 5
98	531	0.0	3	344 155 27 5
99	451	0.0	3	294 133 20 4
100	422	0.0	3	254 128 39 1
101	391	0.0	3	246 121 24
102	283	0.0	3	168 90 24 1
103	232	0.0	3	143 64 21 4
104	198	0.0	3	135 43 19 1
105	150	0.0	3	99 37 14
106	142	0.0	3	78 45 16 3
107	127	0.0	3	69 26 32
108	85	0.0	3	39 17 26 3
109	84	0.0	3	37 10 37
110	96	0.0	3	29 15 49 3
111	107	0.0	3	27 14 64 2
112	115	0.0	3	24 11 75 5
113	101	0.0	3	19 8 73 1
114	109	0.0	3	13 9 86 1
115	111	0.0	3	10 10 90 1
116	129	0.0	3	7 9 109 4
117	127	0.0	3	7 4 110 6
118	131	0.0	3	5 3 119 4
119	159	0.0	3	6 8 143 2
120	154	0.0	3	8 4 133 9
121	163	0.0	3	4 5 145 9
122	169	0.0	3	4 4 161
123	165	0.0	3	3 4 158
124	197	0.0	3	4 3 183 7
125	189	0.0	3	5 2 178 4
126	184	0.0	3	4 3 176 1
127	208	0.0	3	3 2 197 6
128	238	0.0	3	3 3 227 5
129	272	0.0	3	4 4 254 10
130	310	0.0	3	3 8 289 10
131	357	0.0	3	3 6 344 4
132	378	0.0	3	6 5 356 11
133	433	0.0	3	1 5 418 9
134	436	0.0	3	4 3 417 12
135	512	0.0	3	4 5 487 16
136	605	0.0	3	2 2 578 23
137	649	0.0	3	0 7 626 16
138	671	0.0	3	2 11 645 13
139	677	0.0	3	3 10 644 20
140	820	0.0	3	2 5 784 29
141	886	0.0	3	2 12 843 29
142	1109	0.0	3	4 18 1052 35
143	1466	0.0	3	2 17 1399 48
144	1637	0.0	3	1 20 1578 38
145	1730	0.0	3	1 18 1651 60
146	2050	0.0	3	0 17 1966 67
147	2745	0.0	3	2 41 2590 112
148	4872	0.0	3	1 55 4675 141
149	12628	0.0	3	2 139 12109 378
150	28203	0.0	3	3 310 26975 915


=== Second read: Adapter 2 ===

Sequence: AGATCGGAAGAGCGTCGTGTAGGGAAAGAGTGTA; Type: regular 3'; Length: 34; Trimmed: 10880340 times

No. of allowed errors:
0-9 bp: 0; 10-19 bp: 1; 20-29 bp: 2; 30-34 bp: 3

Bases preceding removed adapters:
  A: 17.3%
  C: 41.6%
  G: 26.5%
  T: 14.6%
  none/other: 0.1%

Overview of removed sequences
length	count	expect	max.err	error counts
3	413318	310593.7	0	413318
4	178194	77648.4	0	178194
5	375839	19412.1	0	375839
8	117350	303.3	0	117350
9	228325	75.8	0	228325
10	950	19.0	1	0 950
11	307691	4.7	1	231603 76088
12	883	1.2	1	0 883
13	355839	0.3	1	265313 90526
14	586	0.1	1	0 586
15	176814	0.0	1	133291 43523
16	370053	0.0	1	277765 92288
17	689	0.0	1	0 689
18	327348	0.0	1	247398 79369 581
19	1253	0.0	1	0 772 481
20	175136	0.0	2	125557 44725 4854
21	719931	0.0	2	521295 182539 16097
22	2761	0.0	2	0 1659 1102
23	985	0.0	2	0 398 587
24	1100	0.0	2	0 656 444
25	197287	0.0	2	142145 50140 5002
26	205589	0.0	2	145580 53576 6433
27	399753	0.0	2	285343 103581 10829
28	3425	0.0	2	0 2151 1133 141
29	381972	0.0	2	268117 102224 11468 163
30	3650	0.0	3	0 2271 1009 370
31	367957	0.0	3	256068 96453 10361 5075
32	3530	0.0	3	0 2197 979 354
33	381081	0.0	3	264786 101151 10886 4258
34	3202	0.0	3	50 1182 1321 649
35	200346	0.0	3	44 139652 54374 6276
36	208944	0.0	3	38 144245 55428 9233
37	403372	0.0	3	96 342 105224 297710
38	3201	0.0	3	13 68 1634 1486
39	193043	0.0	3	47 395 51477 141124
40	185541	0.0	3	40 449 49925 135127
41	354411	0.0	3	155 729 94804 258723
42	3613	0.0	3	0 32 1989 1592
43	390453	0.0	3	114 814 97592 291933
44	2981	0.0	3	2 80 1545 1354
45	182097	0.0	3	39 515 49312 132231
46	364844	0.0	3	81 783 95905 268075
47	5600	0.0	3	3 45 1836 3716
48	170833	0.0	3	32 304 46627 123870
49	196570	0.0	3	38 336 48030 148166
50	148505	0.0	3	18 295 42080 106112
51	187063	0.0	3	27 296 44238 142502
52	439132	0.0	3	116 817 114489 323710
53	3088	0.0	3	2 51 1333 1702
54	2346	0.0	3	4 11 1094 1237
55	318014	0.0	3	61 490 94735 222728
56	2057	0.0	3	4 23 902 1128
57	863	0.0	3	2 12 370 479
58	107089	0.0	3	23 206 31095 75765
59	168670	0.0	3	41 273 50961 117395
60	1333	0.0	3	6 25 652 650
61	76332	0.0	3	20 133 23294 52885
62	139492	0.0	3	49 233 41088 98122
63	894	0.0	3	0 16 462 416
64	54406	0.0	3	16 107 16850 37433
65	55273	0.0	3	61 121 16604 38487
66	57935	0.0	3	10 176 16974 40775
67	52581	0.0	3	14 111 15883 36573
68	52265	0.0	3	8 144 14576 37537
69	44956	0.0	3	12 73 13289 31582
70	41313	0.0	3	20 73 11806 29414
71	35106	0.0	3	4 61 10204 24837
72	30687	0.0	3	9 60 8669 21949
73	28345	0.0	3	8 78 7920 20339
74	26251	0.0	3	3 37 7113 19098
75	27882	0.0	3	2 38 6800 21042
76	28031	0.0	3	8 45 7055 20923
77	18492	0.0	3	3 35 5372 13082
78	15020	0.0	3	8 28 4556 10428
79	13597	0.0	3	2 32 4351 9212
80	11919	0.0	3	1 18 3848 8052
81	9682	0.0	3	3 19 3079 6581
82	7686	0.0	3	3 17 2391 5275
83	6198	0.0	3	0 9 1975 4214
84	5339	0.0	3	2 6 1687 3644
85	4800	0.0	3	0 5 1490 3305
86	4048	0.0	3	3 6 1283 2756
87	3566	0.0	3	0 5 1144 2417
88	3050	0.0	3	0 1 954 2095
89	2651	0.0	3	0 3 871 1777
90	2211	0.0	3	0 1 732 1478
91	1673	0.0	3	0 2 605 1066
92	1399	0.0	3	1 2 464 932
93	1214	0.0	3	0 1 416 797
94	1029	0.0	3	0 0 339 690
95	867	0.0	3	0 0 320 547
96	763	0.0	3	0 0 277 486
97	609	0.0	3	0 2 218 389
98	541	0.0	3	0 1 188 352
99	428	0.0	3	0 1 147 280
100	394	0.0	3	0 0 131 263
101	306	0.0	3	0 0 120 186
102	261	0.0	3	0 1 73 187
103	193	0.0	3	0 0 64 129
104	208	0.0	3	0 0 66 142
105	154	0.0	3	1 2 53 98
106	110	0.0	3	0 0 34 76
107	93	0.0	3	0 0 29 64
108	79	0.0	3	0 0 27 52
109	79	0.0	3	0 0 23 56
110	54	0.0	3	0 0 17 37
111	45	0.0	3	0 0 16 29
112	51	0.0	3	0 0 14 37
113	38	0.0	3	1 0 12 25
114	35	0.0	3	0 0 11 24
115	33	0.0	3	0 0 9 24
116	34	0.0	3	0 0 8 26
117	30	0.0	3	0 0 5 25
118	37	0.0	3	0 0 5 32
119	38	0.0	3	0 0 8 30
120	34	0.0	3	0 1 6 27
121	28	0.0	3	0 0 1 27
122	46	0.0	3	0 0 3 43
123	37	0.0	3	0 0 4 33
124	40	0.0	3	0 0 2 38
125	64	0.0	3	0 0 0 64
126	94	0.0	3	0 0 2 92
127	96	0.0	3	0 1 1 94
128	168	0.0	3	0 0 4 164
129	166	0.0	3	0 0 0 166
130	214	0.0	3	0 0 1 213
131	289	0.0	3	0 0 4 285
132	342	0.0	3	0 0 7 335
133	352	0.0	3	0 0 2 350
134	352	0.0	3	0 0 4 348
135	500	0.0	3	0 0 4 496
136	556	0.0	3	0 0 7 549
137	540	0.0	3	0 0 8 532
138	668	0.0	3	0 0 6 662
139	734	0.0	3	0 0 6 728
140	792	0.0	3	0 0 12 780
141	906	0.0	3	0 0 13 893
142	956	0.0	3	0 0 17 939
143	1226	0.0	3	0 0 10 1216
144	1470	0.0	3	0 0 22 1448
145	1709	0.0	3	0 0 25 1684
146	1965	0.0	3	0 0 27 1938
147	2550	0.0	3	0 0 31 2519
148	3943	0.0	3	0 0 45 3898
149	10360	0.0	3	0 0 137 10223
150	31840	0.0	3	0 0 363 31477
