This is cutadapt 2.9 with Python 3.5.2
Command line parameters: --nextseq-trim 10 --minimum-length 25 --cores 4 -a AGATCGGAAGAGCACACGTCTGAACTCCAGTCAC -A AGATCGGAAGAGCGTCGTGTAGGGAAAGAGTGTA -o Mcapitata_HTHC_TP1_1323_R1_TrimmingRound1.fastq.gz -p Mcapitata_HTHC_TP1_1323_R2_TrimmingRound1.fastq.gz Mcapitata_HTHC_TP1_1323_R1.fastq.gz Mcapitata_HTHC_TP1_1323_R2.fastq.gz
Processing reads on 4 cores in paired-end mode ...
Finished in 631.58 s (38 us/read; 1.57 M reads/minute).

=== Summary ===

Total read pairs processed:         16,500,520
  Read 1 with adapter:               6,530,776 (39.6%)
  Read 2 with adapter:               6,384,941 (38.7%)
Pairs written (passing filters):    16,484,374 (99.9%)

Total basepairs processed: 4,950,156,000 bp
  Read 1: 2,475,078,000 bp
  Read 2: 2,475,078,000 bp
Quality-trimmed:              11,010,662 bp (0.2%)
  Read 1:     4,593,723 bp
  Read 2:     6,416,939 bp
Total written (filtered):  4,567,232,145 bp (92.3%)
  Read 1: 2,279,698,784 bp
  Read 2: 2,287,533,361 bp

=== First read: Adapter 1 ===

Sequence: AGATCGGAAGAGCACACGTCTGAACTCCAGTCAC; Type: regular 3'; Length: 34; Trimmed: 6530776 times

No. of allowed errors:
0-9 bp: 0; 10-19 bp: 1; 20-29 bp: 2; 30-34 bp: 3

Bases preceding removed adapters:
  A: 15.2%
  C: 32.9%
  G: 31.5%
  T: 20.4%
  none/other: 0.0%

Overview of removed sequences
length	count	expect	max.err	error counts
3	338515	257820.6	0	338515
4	158984	64455.2	0	158984
5	334052	16113.8	0	334052
8	108235	251.8	0	108235
9	217709	62.9	0	217709
10	457	15.7	1	0 457
11	253444	3.9	1	220518 32926
12	402	1.0	1	0 402
13	128322	0.2	1	110950 17372
14	127412	0.1	1	110012 17400
15	126402	0.0	1	108840 17562
16	124507	0.0	1	107034 17473
17	246765	0.0	1	212381 34384
18	842	0.0	1	0 741 101
19	124068	0.0	1	106137 17626 305
20	127095	0.0	2	106850 18785 1460
21	252375	0.0	2	214265 35378 2732
22	1379	0.0	2	0 1087 292
23	127354	0.0	2	107493 18117 1744
24	126182	0.0	2	106008 18499 1675
25	124483	0.0	2	104162 18384 1937
26	123067	0.0	2	103004 18367 1696
27	120360	0.0	2	100329 18095 1936
28	120315	0.0	2	99898 18543 1792 82
29	235671	0.0	2	198311 33775 3194 391
30	2139	0.0	3	0 1428 447 264
31	117574	0.0	3	97864 17337 1812 561
32	118322	0.0	3	97671 17932 2042 677
33	115708	0.0	3	95159 17906 2056 587
34	116444	0.0	3	95636 17980 2118 710
35	113140	0.0	3	92765 17620 2173 582
36	112456	0.0	3	90946 18699 2193 618
37	310728	0.0	3	258571 45803 4772 1582
38	1868	0.0	3	305 1084 376 103
39	1968	0.0	3	176 1427 296 69
40	194410	0.0	3	162828 27975 2763 844
41	1917	0.0	3	154 1314 345 104
42	95438	0.0	3	78997 14398 1577 466
43	95160	0.0	3	78666 14350 1634 510
44	92018	0.0	3	76302 13834 1379 503
45	90837	0.0	3	74818 13542 1953 524
46	83722	0.0	3	69126 12991 1220 385
47	156217	0.0	3	131392 22104 2058 663
48	1707	0.0	3	259 1059 279 110
49	73145	0.0	3	61169 10589 1090 297
50	70900	0.0	3	58505 10943 1083 369
51	128856	0.0	3	108570 18125 1619 542
52	1506	0.0	3	240 907 301 58
53	62374	0.0	3	51810 9390 899 275
54	113568	0.0	3	95662 15993 1477 436
55	1183	0.0	3	194 745 190 54
56	52347	0.0	3	43831 7637 687 192
57	48687	0.0	3	40451 7378 659 199
58	44995	0.0	3	37376 6790 632 197
59	41231	0.0	3	34394 6077 610 150
60	38423	0.0	3	31751 5977 552 143
61	66976	0.0	3	56176 9753 822 225
62	827	0.0	3	142 493 137 55
63	30421	0.0	3	25245 4566 484 126
64	28338	0.0	3	23342 4496 395 105
65	48471	0.0	3	40610 7113 581 167
66	515	0.0	3	84 326 80 25
67	21118	0.0	3	17518 3208 321 71
68	19163	0.0	3	15828 2986 275 74
69	16715	0.0	3	13848 2558 247 62
70	14860	0.0	3	12335 2270 196 59
71	13386	0.0	3	11102 2062 177 45
72	15170	0.0	3	12688 2207 199 76
73	10745	0.0	3	8965 1588 154 38
74	9959	0.0	3	8258 1547 120 34
75	8697	0.0	3	7233 1293 135 36
76	7909	0.0	3	6564 1197 113 35
77	7032	0.0	3	5867 1049 94 22
78	6032	0.0	3	5024 909 79 20
79	5141	0.0	3	4266 773 80 22
80	4322	0.0	3	3591 631 73 27
81	4151	0.0	3	3408 686 42 15
82	3310	0.0	3	2736 536 28 10
83	2989	0.0	3	2464 468 45 12
84	2637	0.0	3	2174 411 38 14
85	2389	0.0	3	1994 359 30 6
86	2086	0.0	3	1778 275 22 11
87	1889	0.0	3	1609 256 17 7
88	1789	0.0	3	1503 262 16 8
89	1351	0.0	3	1126 198 20 7
90	1310	0.0	3	1110 179 17 4
91	1107	0.0	3	919 171 17
92	1007	0.0	3	828 159 15 5
93	722	0.0	3	620 92 6 4
94	631	0.0	3	504 116 8 3
95	617	0.0	3	520 90 5 2
96	453	0.0	3	390 58 5
97	443	0.0	3	363 74 4 2
98	450	0.0	3	393 48 6 3
99	389	0.0	3	330 53 5 1
100	363	0.0	3	312 48 3
101	267	0.0	3	220 39 6 2
102	215	0.0	3	178 36 1
103	159	0.0	3	135 21 0 3
104	140	0.0	3	111 24 4 1
105	99	0.0	3	73 23 2 1
106	89	0.0	3	74 15
107	84	0.0	3	75 9
108	66	0.0	3	57 7 1 1
109	61	0.0	3	48 12 0 1
110	65	0.0	3	50 15
111	47	0.0	3	39 7 1
112	44	0.0	3	34 7 1 2
113	17	0.0	3	10 4 3
114	19	0.0	3	17 2
115	20	0.0	3	17 2 1
116	14	0.0	3	9 2 3
117	14	0.0	3	10 2 1 1
118	12	0.0	3	7 4 1
119	14	0.0	3	9 1 3 1
120	5	0.0	3	2 0 2 1
121	13	0.0	3	12 1
122	13	0.0	3	9 3 1
123	7	0.0	3	6 1
124	4	0.0	3	2 0 2
125	8	0.0	3	3 2 2 1
126	10	0.0	3	6 2 1 1
127	5	0.0	3	2 0 3
128	8	0.0	3	3 0 5
129	4	0.0	3	2 0 2
130	6	0.0	3	4 0 1 1
131	9	0.0	3	4 1 4
132	12	0.0	3	4 0 8
133	11	0.0	3	6 0 5
134	10	0.0	3	3 0 5 2
135	9	0.0	3	2 0 7
136	8	0.0	3	2 0 6
137	20	0.0	3	3 3 14
138	15	0.0	3	3 0 12
139	25	0.0	3	5 2 18
140	23	0.0	3	3 0 19 1
141	34	0.0	3	4 1 28 1
142	34	0.0	3	1 1 31 1
143	57	0.0	3	3 2 47 5
144	69	0.0	3	4 0 62 3
145	87	0.0	3	8 1 75 3
146	197	0.0	3	4 2 185 6
147	474	0.0	3	7 3 439 25
148	1351	0.0	3	6 7 1290 48
149	4003	0.0	3	3 32 3808 160
150	9534	0.0	3	2 81 9054 397


=== Second read: Adapter 2 ===

Sequence: AGATCGGAAGAGCGTCGTGTAGGGAAAGAGTGTA; Type: regular 3'; Length: 34; Trimmed: 6384941 times

No. of allowed errors:
0-9 bp: 0; 10-19 bp: 1; 20-29 bp: 2; 30-34 bp: 3

Bases preceding removed adapters:
  A: 14.0%
  C: 30.7%
  G: 44.7%
  T: 10.6%
  none/other: 0.0%

Overview of removed sequences
length	count	expect	max.err	error counts
3	470755	257820.6	0	470755
4	181745	64455.2	0	181745
5	311200	16113.8	0	311200
8	98711	251.8	0	98711
9	196876	62.9	0	196876
10	1070	15.7	1	0 1070
11	244261	3.9	1	198827 45434
12	901	1.0	1	0 901
13	248768	0.2	1	201334 47434
14	578	0.1	1	0 578
15	119313	0.0	1	96415 22898
16	241378	0.0	1	192608 48770
17	708	0.0	1	0 708
18	228870	0.0	1	184109 44159 602
19	1024	0.0	1	0 646 378
20	122985	0.0	2	94155 24617 4213
21	481467	0.0	2	372069 94521 14877
22	2316	0.0	2	0 1428 888
23	1177	0.0	2	0 422 755
24	929	0.0	2	0 543 386
25	118231	0.0	2	90365 23629 4237
26	118759	0.0	2	89221 24842 4696
27	227352	0.0	2	172906 45507 8939
28	1962	0.0	2	0 1303 571 88
29	229469	0.0	2	173670 46780 8915 104
30	2304	0.0	3	0 1471 570 263
31	220493	0.0	3	166117 42211 7652 4513
32	1659	0.0	3	0 990 400 269
33	110346	0.0	3	81012 22231 4899 2204
34	108931	0.0	3	32 81666 22602 4631
35	107738	0.0	3	63 79398 23509 4768
36	203886	0.0	3	57 152887 42451 8491
37	1571	0.0	3	3 139 1002 427
38	99338	0.0	3	39 73995 21122 4182
39	96772	0.0	3	19 71800 20632 4321
40	94477	0.0	3	37 69896 20290 4254
41	182137	0.0	3	50 136556 37961 7570
42	2091	0.0	3	1 293 1322 475
43	175034	0.0	3	53 132162 35980 6839
44	1684	0.0	3	0 300 980 404
45	83284	0.0	3	23 61833 17854 3574
46	156839	0.0	3	54 118138 32534 6113
47	1475	0.0	3	2 287 837 349
48	73001	0.0	3	21 54734 15324 2922
49	69839	0.0	3	19 52374 14629 2817
50	66560	0.0	3	54 49793 13958 2755
51	63825	0.0	3	8 47148 13983 2686
52	175520	0.0	3	64 132609 36098 6749
53	1257	0.0	3	1 343 578 335
54	1396	0.0	3	0 246 824 326
55	146808	0.0	3	68 111911 29733 5096
56	1000	0.0	3	1 253 522 224
57	506	0.0	3	0 96 258 152
58	42543	0.0	3	16 32034 8898 1595
59	74456	0.0	3	40 56597 15190 2629
60	636	0.0	3	1 110 380 145
61	33840	0.0	3	7 25422 7122 1289
62	60246	0.0	3	24 45746 12275 2201
63	498	0.0	3	0 91 279 128
64	26038	0.0	3	19 19877 5303 839
65	24777	0.0	3	5 18671 5197 904
66	22209	0.0	3	16 16792 4681 720
67	20357	0.0	3	6 15505 4139 707
68	18407	0.0	3	7 13936 3835 629
69	15992	0.0	3	4 12116 3320 552
70	14171	0.0	3	10 10663 2978 520
71	12772	0.0	3	2 9708 2623 439
72	11564	0.0	3	1 8766 2416 381
73	10676	0.0	3	6 8071 2210 389
74	9582	0.0	3	2 7266 1988 326
75	8385	0.0	3	0 6343 1747 295
76	9281	0.0	3	5 7002 1905 369
77	6964	0.0	3	3 5299 1438 224
78	5609	0.0	3	1 4216 1181 211
79	5049	0.0	3	3 3834 1047 165
80	4868	0.0	3	0 3715 1007 146
81	3718	0.0	3	0 2803 778 137
82	3430	0.0	3	1 2643 689 97
83	2930	0.0	3	3 2230 597 100
84	2622	0.0	3	1 2014 526 81
85	2406	0.0	3	2 1864 479 61
86	2160	0.0	3	2 1667 422 69
87	1798	0.0	3	0 1381 367 50
88	1632	0.0	3	1 1255 338 38
89	1500	0.0	3	1 1148 301 50
90	1295	0.0	3	0 1002 253 40
91	978	0.0	3	0 734 218 26
92	970	0.0	3	0 714 224 32
93	766	0.0	3	0 578 160 28
94	572	0.0	3	0 440 123 9
95	596	0.0	3	0 469 111 16
96	509	0.0	3	0 393 94 22
97	405	0.0	3	0 314 78 13
98	425	0.0	3	0 331 78 16
99	338	0.0	3	0 264 65 9
100	334	0.0	3	0 257 66 11
101	283	0.0	3	1 225 47 10
102	204	0.0	3	0 142 54 8
103	183	0.0	3	0 140 34 9
104	142	0.0	3	0 109 26 7
105	98	0.0	3	0 69 25 4
106	105	0.0	3	0 78 18 9
107	98	0.0	3	0 77 20 1
108	77	0.0	3	0 57 15 5
109	69	0.0	3	0 47 19 3
110	70	0.0	3	0 54 12 4
111	53	0.0	3	0 36 12 5
112	47	0.0	3	0 30 14 3
113	26	0.0	3	0 17 2 7
114	30	0.0	3	0 16 11 3
115	22	0.0	3	0 12 8 2
116	20	0.0	3	0 16 3 1
117	19	0.0	3	0 11 5 3
118	15	0.0	3	0 9 3 3
119	14	0.0	3	0 10 2 2
120	18	0.0	3	0 6 6 6
121	20	0.0	3	0 10 6 4
122	11	0.0	3	0 2 6 3
123	17	0.0	3	0 8 4 5
124	14	0.0	3	0 10 1 3
125	5	0.0	3	0 1 0 4
126	14	0.0	3	0 12 1 1
127	7	0.0	3	0 2 1 4
128	8	0.0	3	0 4 2 2
129	10	0.0	3	0 5 2 3
130	8	0.0	3	0 4 3 1
131	13	0.0	3	0 7 1 5
132	11	0.0	3	0 4 0 7
133	7	0.0	3	0 2 0 5
134	8	0.0	3	0 2 0 6
135	12	0.0	3	0 4 2 6
136	10	0.0	3	0 1 0 9
137	13	0.0	3	0 3 0 10
138	16	0.0	3	0 4 1 11
139	18	0.0	3	0 1 3 14
140	21	0.0	3	0 5 0 16
141	31	0.0	3	0 2 2 27
142	43	0.0	3	0 2 1 40
143	58	0.0	3	0 2 4 52
144	103	0.0	3	0 4 2 97
145	92	0.0	3	0 6 0 86
146	154	0.0	3	0 2 3 149
147	367	0.0	3	0 5 7 355
148	938	0.0	3	0 2 10 926
149	3172	0.0	3	0 1 25 3146
150	9267	0.0	3	0 4 84 9179
