This is cutadapt 2.9 with Python 3.5.2
Command line parameters: --nextseq-trim 10 --minimum-length 25 --cores 4 -a AGATCGGAAGAGCACACGTCTGAACTCCAGTCAC -A AGATCGGAAGAGCGTCGTGTAGGGAAAGAGTGTA -o Mcapitata_HTHC_TP8_1082_R1_TrimmingRound1.fastq.gz -p Mcapitata_HTHC_TP8_1082_R2_TrimmingRound1.fastq.gz Mcapitata_HTHC_TP8_1082_R1.fastq.gz Mcapitata_HTHC_TP8_1082_R2.fastq.gz
Processing reads on 4 cores in paired-end mode ...
Finished in 717.30 s (37 us/read; 1.61 M reads/minute).

=== Summary ===

Total read pairs processed:         19,248,053
  Read 1 with adapter:               7,119,982 (37.0%)
  Read 2 with adapter:               7,261,781 (37.7%)
Pairs written (passing filters):    19,178,002 (99.6%)

Total basepairs processed: 5,774,415,900 bp
  Read 1: 2,887,207,950 bp
  Read 2: 2,887,207,950 bp
Quality-trimmed:              11,609,299 bp (0.2%)
  Read 1:     4,936,726 bp
  Read 2:     6,672,573 bp
Total written (filtered):  5,189,770,692 bp (89.9%)
  Read 1: 2,595,164,328 bp
  Read 2: 2,594,606,364 bp

=== First read: Adapter 1 ===

Sequence: AGATCGGAAGAGCACACGTCTGAACTCCAGTCAC; Type: regular 3'; Length: 34; Trimmed: 7119982 times

No. of allowed errors:
0-9 bp: 0; 10-19 bp: 1; 20-29 bp: 2; 30-34 bp: 3

Bases preceding removed adapters:
  A: 18.5%
  C: 28.1%
  G: 36.2%
  T: 17.1%
  none/other: 0.1%

Overview of removed sequences
length	count	expect	max.err	error counts
3	356531	300750.8	0	356531
4	143404	75187.7	0	143404
5	261045	18796.9	0	261045
8	83119	293.7	0	83119
9	166318	73.4	0	166318
10	509	18.4	1	0 509
11	171430	4.6	1	168392 3038
12	361	1.1	1	0 361
13	86261	0.3	1	84185 2076
14	87220	0.1	1	85137 2083
15	87326	0.0	1	85169 2157
16	87602	0.0	1	84980 2622
17	173381	0.0	1	169049 4332
18	551	0.0	1	0 488 63
19	88095	0.0	1	85330 2635 130
20	89369	0.0	2	85974 3171 224
21	178049	0.0	2	172274 5233 542
22	744	0.0	2	0 674 70
23	90533	0.0	2	87047 3097 389
24	90008	0.0	2	86378 3256 374
25	90379	0.0	2	86493 3487 399
26	90330	0.0	2	86308 3663 359
27	90042	0.0	2	86004 3552 486
28	91192	0.0	2	86312 4467 348 65
29	179902	0.0	2	172608 6462 698 134
30	1278	0.0	3	0 910 151 217
31	91370	0.0	3	86548 4273 423 126
32	90742	0.0	3	85689 4469 461 123
33	92271	0.0	3	86966 4768 432 105
34	92742	0.0	3	87279 4862 486 115
35	92232	0.0	3	86831 4861 432 108
36	91409	0.0	3	86138 4688 463 120
37	92598	0.0	3	87504 4582 422 90
38	91486	0.0	3	86233 4692 440 121
39	91907	0.0	3	86706 4615 497 89
40	92539	0.0	3	86644 5437 355 103
41	183082	0.0	3	174214 7979 720 169
42	1234	0.0	3	68 1028 106 32
43	92598	0.0	3	87468 4584 437 109
44	93646	0.0	3	88419 4696 429 102
45	93609	0.0	3	88440 4655 425 89
46	92040	0.0	3	86248 5361 354 77
47	181202	0.0	3	172778 7657 604 163
48	1352	0.0	3	138 1052 116 46
49	90199	0.0	3	85394 4339 406 60
50	90245	0.0	3	84796 5076 279 94
51	176332	0.0	3	168381 7283 476 192
52	1420	0.0	3	196 1026 183 15
53	89295	0.0	3	84028 4879 310 78
54	177196	0.0	3	169033 7492 531 140
55	1256	0.0	3	180 946 96 34
56	87547	0.0	3	82898 4262 311 76
57	86253	0.0	3	81354 4485 324 90
58	84537	0.0	3	79766 4412 279 80
59	84264	0.0	3	79545 4295 355 69
60	82521	0.0	3	77273 4894 273 81
61	159000	0.0	3	151407 7069 436 88
62	1207	0.0	3	171 906 91 39
63	78572	0.0	3	74332 3865 314 61
64	79387	0.0	3	74466 4588 268 65
65	149872	0.0	3	142947 6398 438 89
66	1081	0.0	3	139 835 90 17
67	73115	0.0	3	69123 3640 304 48
68	71037	0.0	3	67197 3516 275 49
69	68404	0.0	3	64756 3327 262 59
70	65642	0.0	3	62056 3292 244 50
71	63019	0.0	3	59400 3350 222 47
72	75680	0.0	3	71737 3596 299 48
73	57846	0.0	3	54822 2747 227 50
74	56491	0.0	3	53537 2699 216 39
75	52956	0.0	3	50227 2454 215 60
76	50558	0.0	3	47990 2376 149 43
77	47989	0.0	3	45528 2257 176 28
78	42476	0.0	3	40243 2092 106 35
79	39314	0.0	3	37264 1917 99 34
80	35590	0.0	3	33723 1752 98 17
81	32613	0.0	3	30874 1633 85 21
82	30368	0.0	3	28749 1519 79 21
83	26448	0.0	3	25078 1273 76 21
84	23952	0.0	3	22686 1172 83 11
85	21565	0.0	3	20456 1039 62 8
86	19585	0.0	3	18502 1015 53 15
87	17625	0.0	3	16699 866 46 14
88	16280	0.0	3	15442 787 38 13
89	13789	0.0	3	13050 675 55 9
90	11845	0.0	3	11268 538 35 4
91	10545	0.0	3	10006 501 31 7
92	9056	0.0	3	8604 423 21 8
93	7165	0.0	3	6775 359 26 5
94	6227	0.0	3	5910 302 10 5
95	5686	0.0	3	5404 258 18 6
96	4364	0.0	3	4149 201 10 4
97	4034	0.0	3	3832 184 13 5
98	3570	0.0	3	3391 159 16 4
99	3275	0.0	3	3082 172 16 5
100	2627	0.0	3	2487 130 8 2
101	2254	0.0	3	2134 107 8 5
102	1902	0.0	3	1802 89 7 4
103	1528	0.0	3	1453 65 8 2
104	1292	0.0	3	1225 57 6 4
105	1048	0.0	3	989 53 4 2
106	950	0.0	3	902 43 4 1
107	772	0.0	3	733 37 2
108	716	0.0	3	690 24 2
109	623	0.0	3	587 33 2 1
110	589	0.0	3	563 21 5
111	518	0.0	3	485 28 4 1
112	495	0.0	3	452 40 1 2
113	430	0.0	3	409 18 2 1
114	361	0.0	3	344 16 1
115	384	0.0	3	350 31 3
116	335	0.0	3	307 25 2 1
117	347	0.0	3	319 28
118	349	0.0	3	324 21 2 2
119	307	0.0	3	284 21 2
120	367	0.0	3	343 22 2
121	330	0.0	3	297 31 2
122	422	0.0	3	380 34 5 3
123	415	0.0	3	386 27 0 2
124	458	0.0	3	426 30 2
125	528	0.0	3	490 35 3
126	512	0.0	3	462 46 4
127	514	0.0	3	463 47 4
128	558	0.0	3	523 33 2
129	592	0.0	3	541 49 1 1
130	668	0.0	3	610 56 2
131	728	0.0	3	679 46 3
132	781	0.0	3	706 72 2 1
133	833	0.0	3	755 71 6 1
134	952	0.0	3	871 75 4 2
135	1155	0.0	3	1060 89 4 2
136	1218	0.0	3	1117 95 5 1
137	1176	0.0	3	1065 107 4
138	1152	0.0	3	1014 130 8
139	1170	0.0	3	1033 131 6
140	1304	0.0	3	1146 152 6
141	1397	0.0	3	1199 181 17
142	890	0.0	3	710 164 16
143	1026	0.0	3	731 276 18 1
144	1072	0.0	3	696 354 20 2
145	1202	0.0	3	783 394 22 3
146	1516	0.0	3	856 604 50 6
147	2374	0.0	3	876 1406 89 3
148	4262	0.0	3	264 3755 230 13
149	11942	0.0	3	248 10928 743 23
150	29310	0.0	3	549 26873 1790 98


=== Second read: Adapter 2 ===

Sequence: AGATCGGAAGAGCGTCGTGTAGGGAAAGAGTGTA; Type: regular 3'; Length: 34; Trimmed: 7261781 times

No. of allowed errors:
0-9 bp: 0; 10-19 bp: 1; 20-29 bp: 2; 30-34 bp: 3

Bases preceding removed adapters:
  A: 18.1%
  C: 27.0%
  G: 43.9%
  T: 10.6%
  none/other: 0.3%

Overview of removed sequences
length	count	expect	max.err	error counts
3	480800	300750.8	0	480800
4	171614	75187.7	0	171614
5	263095	18796.9	0	263095
8	83104	293.7	0	83104
9	166330	73.4	0	166330
10	716	18.4	1	0 716
11	171259	4.6	1	168366 2893
12	654	1.1	1	0 654
13	173098	0.3	1	169621 3477
14	450	0.1	1	0 450
15	86989	0.0	1	84764 2225
16	174369	0.0	1	169868 4501
17	718	0.0	1	0 718
18	172759	0.0	1	168094 4521 144
19	742	0.0	1	0 471 271
20	89838	0.0	2	85472 4032 334
21	355847	0.0	2	342706 11775 1366
22	966	0.0	2	0 849 117
23	452	0.0	2	0 114 338
24	661	0.0	2	0 555 106
25	89988	0.0	2	85550 3881 557
26	90647	0.0	2	85695 4441 511
27	178797	0.0	2	170729 6838 1230
28	1600	0.0	2	0 1444 102 54
29	179964	0.0	2	171303 7555 1078 28
30	1673	0.0	3	0 1502 114 57
31	179674	0.0	3	170552 7677 1006 439
32	1235	0.0	3	0 942 194 99
33	91924	0.0	3	86253 4270 1148 253
34	92475	0.0	3	11 86786 5011 667
35	92406	0.0	3	16 86110 4594 1686
36	181898	0.0	3	11 113 172000 9774
37	1695	0.0	3	0 10 145 1540
38	180946	0.0	3	42 105 171187 9612
39	1207	0.0	3	6 13 100 1088
40	91916	0.0	3	7 84 86033 5792
41	183136	0.0	3	21 110 173260 9745
42	1770	0.0	3	1 10 215 1544
43	183549	0.0	3	52 123 173944 9430
44	1401	0.0	3	0 1 300 1100
45	92062	0.0	3	19 96 86197 5750
46	182083	0.0	3	72 209 172748 9054
47	1351	0.0	3	0 1 284 1066
48	91001	0.0	3	9 96 85772 5124
49	90151	0.0	3	10 74 84926 5141
50	89433	0.0	3	13 56 84029 5335
51	90049	0.0	3	18 52 83771 6208
52	264471	0.0	3	111 233 251068 13059
53	1190	0.0	3	0 3 452 735
54	1843	0.0	3	4 4 181 1654
55	259521	0.0	3	140 489 247079 11813
56	1107	0.0	3	0 9 469 629
57	829	0.0	3	0 20 134 675
58	84629	0.0	3	5 78 79856 4690
59	164025	0.0	3	54 86 156696 7189
60	1271	0.0	3	0 4 293 974
61	80935	0.0	3	16 55 76385 4479
62	157183	0.0	3	91 152 150311 6629
63	1113	0.0	3	4 2 268 839
64	77860	0.0	3	43 152 73997 3668
65	76875	0.0	3	8 130 72855 3882
66	74496	0.0	3	14 91 70744 3647
67	73158	0.0	3	10 30 69543 3575
68	71004	0.0	3	24 43 67449 3488
69	68293	0.0	3	22 64 64891 3316
70	65439	0.0	3	14 115 62143 3167
71	62729	0.0	3	9 63 59694 2963
72	60000	0.0	3	5 38 57073 2884
73	57831	0.0	3	21 29 55254 2527
74	55393	0.0	3	30 19 52790 2554
75	52632	0.0	3	16 71 50062 2483
76	59602	0.0	3	7 71 56729 2795
77	48741	0.0	3	11 51 46526 2153
78	43530	0.0	3	6 9 41541 1974
79	40545	0.0	3	9 24 38700 1812
80	38398	0.0	3	13 14 36678 1693
81	32422	0.0	3	6 11 30897 1508
82	30204	0.0	3	6 29 28836 1333
83	27024	0.0	3	15 17 25761 1231
84	24330	0.0	3	4 24 23271 1031
85	22265	0.0	3	7 34 21201 1023
86	19691	0.0	3	10 15 18773 893
87	17899	0.0	3	1 8 17029 861
88	15637	0.0	3	0 19 14902 716
89	14474	0.0	3	3 12 13763 696
90	12102	0.0	3	1 3 11542 556
91	10694	0.0	3	0 3 10194 497
92	8940	0.0	3	0 4 8508 428
93	7476	0.0	3	0 1 7156 319
94	6235	0.0	3	0 3 5950 282
95	5305	0.0	3	0 5 5049 251
96	4671	0.0	3	2 3 4444 222
97	3987	0.0	3	1 2 3776 208
98	3662	0.0	3	0 1 3474 187
99	3128	0.0	3	0 3 2961 164
100	2667	0.0	3	0 1 2540 126
101	2332	0.0	3	2 5 2233 92
102	1835	0.0	3	0 0 1746 89
103	1659	0.0	3	2 3 1562 92
104	1325	0.0	3	0 0 1260 65
105	1117	0.0	3	0 1 1055 61
106	924	0.0	3	0 0 865 59
107	919	0.0	3	0 1 851 67
108	730	0.0	3	0 0 701 29
109	678	0.0	3	0 0 632 46
110	623	0.0	3	0 2 575 46
111	562	0.0	3	0 1 533 28
112	525	0.0	3	0 3 483 39
113	440	0.0	3	1 0 399 40
114	406	0.0	3	0 0 378 28
115	394	0.0	3	1 0 358 35
116	400	0.0	3	0 1 364 35
117	375	0.0	3	0 1 324 50
118	367	0.0	3	1 1 314 51
119	354	0.0	3	0 0 307 47
120	365	0.0	3	0 0 326 39
121	363	0.0	3	0 0 338 25
122	400	0.0	3	0 2 365 33
123	433	0.0	3	0 1 393 39
124	468	0.0	3	1 1 429 37
125	511	0.0	3	0 0 476 35
126	535	0.0	3	0 0 484 51
127	500	0.0	3	0 2 463 35
128	556	0.0	3	0 0 511 45
129	590	0.0	3	0 0 538 52
130	654	0.0	3	0 0 603 51
131	714	0.0	3	0 0 652 62
132	746	0.0	3	0 0 684 62
133	840	0.0	3	0 1 783 56
134	967	0.0	3	0 1 880 86
135	1134	0.0	3	0 0 1059 75
136	1209	0.0	3	1 0 1113 95
137	1200	0.0	3	0 0 1090 110
138	1103	0.0	3	0 1 1016 86
139	1082	0.0	3	0 0 979 103
140	1322	0.0	3	1 1 1187 133
141	1461	0.0	3	1 0 1332 128
142	848	0.0	3	1 2 697 148
143	919	0.0	3	0 0 718 201
144	949	0.0	3	0 0 682 267
145	1063	0.0	3	0 1 783 279
146	1421	0.0	3	0 3 955 463
147	1835	0.0	3	0 0 922 913
148	2761	0.0	3	0 0 280 2481
149	10025	0.0	3	0 4 216 9805
150	32894	0.0	3	0 11 649 32234
