This is cutadapt 2.9 with Python 3.5.2
Command line parameters: --nextseq-trim 10 --minimum-length 25 --cores 4 -a AGATCGGAAGAGCACACGTCTGAACTCCAGTCAC -A AGATCGGAAGAGCGTCGTGTAGGGAAAGAGTGTA -o Mcapitata_HTHC_TP4_2204_R1_TrimmingRound1.fastq.gz -p Mcapitata_HTHC_TP4_2204_R2_TrimmingRound1.fastq.gz Mcapitata_HTHC_TP4_2204_R1.fastq.gz Mcapitata_HTHC_TP4_2204_R2.fastq.gz
Processing reads on 4 cores in paired-end mode ...
Finished in 756.54 s (39 us/read; 1.54 M reads/minute).

=== Summary ===

Total read pairs processed:         19,434,518
  Read 1 with adapter:               7,499,652 (38.6%)
  Read 2 with adapter:               7,369,891 (37.9%)
Pairs written (passing filters):    19,414,995 (99.9%)

Total basepairs processed: 5,830,355,400 bp
  Read 1: 2,915,177,700 bp
  Read 2: 2,915,177,700 bp
Quality-trimmed:              12,490,718 bp (0.2%)
  Read 1:     5,038,422 bp
  Read 2:     7,452,296 bp
Total written (filtered):  5,386,720,249 bp (92.4%)
  Read 1: 2,689,389,218 bp
  Read 2: 2,697,331,031 bp

=== First read: Adapter 1 ===

Sequence: AGATCGGAAGAGCACACGTCTGAACTCCAGTCAC; Type: regular 3'; Length: 34; Trimmed: 7499652 times

No. of allowed errors:
0-9 bp: 0; 10-19 bp: 1; 20-29 bp: 2; 30-34 bp: 3

Bases preceding removed adapters:
  A: 15.3%
  C: 31.8%
  G: 33.9%
  T: 19.0%
  none/other: 0.0%

Overview of removed sequences
length	count	expect	max.err	error counts
3	410463	303664.3	0	410463
4	186744	75916.1	0	186744
5	392769	18979.0	0	392769
8	126940	296.5	0	126940
9	254878	74.1	0	254878
10	588	18.5	1	0 588
11	285633	4.6	1	256205 29428
12	648	1.2	1	0 648
13	143221	0.3	1	127811 15410
14	143002	0.1	1	127427 15575
15	141643	0.0	1	125751 15892
16	141451	0.0	1	125057 16394
17	278618	0.0	1	247331 31287
18	1091	0.0	1	0 982 109
19	138821	0.0	1	122693 15776 352
20	142415	0.0	2	123308 17502 1605
21	282079	0.0	2	246553 32531 2995
22	1633	0.0	2	0 1335 298
23	141771	0.0	2	123324 16553 1894
24	139782	0.0	2	120207 17688 1887
25	139476	0.0	2	119775 17581 2120
26	137182	0.0	2	117860 17512 1810
27	135039	0.0	2	115860 17123 2056
28	135025	0.0	2	115263 17768 1928 66
29	262210	0.0	2	226400 31821 3586 403
30	2488	0.0	3	0 1715 455 318
31	131856	0.0	3	112716 16471 2048 621
32	131331	0.0	3	111244 17286 2159 642
33	129888	0.0	3	110311 16799 2088 690
34	128617	0.0	3	108735 17111 2160 611
35	125759	0.0	3	106419 16562 2154 624
36	123842	0.0	3	105029 16338 1920 555
37	121048	0.0	3	102882 15689 1878 599
38	117964	0.0	3	100066 15467 1845 586
39	115143	0.0	3	97646 15171 1829 497
40	113948	0.0	3	96453 15252 1761 482
41	218456	0.0	3	188156 26597 2817 886
42	2437	0.0	3	314 1652 358 113
43	107254	0.0	3	91863 13284 1644 463
44	104451	0.0	3	89421 13114 1477 439
45	104024	0.0	3	88390 13574 1600 460
46	96424	0.0	3	82454 12273 1297 400
47	181613	0.0	3	157272 21534 2146 661
48	1985	0.0	3	235 1348 305 97
49	85631	0.0	3	73809 10327 1165 330
50	83311	0.0	3	70862 11037 1099 313
51	153318	0.0	3	133235 17881 1696 506
52	1844	0.0	3	283 1194 307 60
53	73397	0.0	3	62791 9469 877 260
54	135559	0.0	3	118168 15480 1447 464
55	1420	0.0	3	196 937 234 53
56	61858	0.0	3	53538 7379 735 206
57	58681	0.0	3	50453 7290 736 202
58	54606	0.0	3	46898 6843 647 218
59	50487	0.0	3	43491 6197 635 164
60	46734	0.0	3	39781 6224 564 165
61	82535	0.0	3	71651 9742 909 233
62	872	0.0	3	147 544 130 51
63	37380	0.0	3	32036 4739 492 113
64	35655	0.0	3	30367 4719 461 108
65	60353	0.0	3	52154 7363 659 177
66	638	0.0	3	76 451 90 21
67	26472	0.0	3	22795 3262 332 83
68	23807	0.0	3	20333 3069 321 84
69	21233	0.0	3	18196 2753 218 66
70	18710	0.0	3	16035 2385 226 64
71	16963	0.0	3	14474 2219 209 61
72	18680	0.0	3	16051 2377 201 51
73	12920	0.0	3	10998 1733 149 40
74	12105	0.0	3	10373 1538 161 33
75	10513	0.0	3	9106 1252 119 36
76	9561	0.0	3	8232 1212 94 23
77	8463	0.0	3	7259 1063 105 36
78	7126	0.0	3	6146 866 90 24
79	6369	0.0	3	5468 818 66 17
80	5439	0.0	3	4631 730 62 16
81	4678	0.0	3	3988 622 47 21
82	4142	0.0	3	3527 551 51 13
83	3306	0.0	3	2807 441 53 5
84	3061	0.0	3	2663 363 29 6
85	2774	0.0	3	2372 368 24 10
86	2424	0.0	3	2098 290 27 9
87	2299	0.0	3	1976 292 26 5
88	2013	0.0	3	1745 253 11 4
89	1628	0.0	3	1397 203 20 8
90	1363	0.0	3	1158 179 20 6
91	1209	0.0	3	1018 172 15 4
92	1021	0.0	3	878 130 13
93	773	0.0	3	680 83 7 3
94	717	0.0	3	632 77 7 1
95	665	0.0	3	575 77 9 4
96	513	0.0	3	446 60 5 2
97	498	0.0	3	437 56 4 1
98	443	0.0	3	392 47 3 1
99	380	0.0	3	339 32 6 3
100	339	0.0	3	284 49 3 3
101	279	0.0	3	241 35 3
102	248	0.0	3	211 35 2
103	169	0.0	3	147 20 1 1
104	145	0.0	3	119 23 3
105	142	0.0	3	117 21 1 3
106	124	0.0	3	103 19 1 1
107	96	0.0	3	80 15 1
108	78	0.0	3	68 8 2
109	76	0.0	3	68 6 1 1
110	48	0.0	3	45 2 1
111	62	0.0	3	49 13
112	43	0.0	3	34 6 1 2
113	42	0.0	3	34 7 1
114	30	0.0	3	26 4
115	25	0.0	3	16 7 2
116	17	0.0	3	8 6 2 1
117	20	0.0	3	16 1 3
118	11	0.0	3	8 3
119	19	0.0	3	11 6 2
120	17	0.0	3	12 1 4
121	3	0.0	3	1 0 1 1
122	7	0.0	3	4 2 0 1
123	8	0.0	3	5 3
124	14	0.0	3	8 2 3 1
125	7	0.0	3	4 2 1
126	11	0.0	3	6 1 4
127	6	0.0	3	5 0 1
128	8	0.0	3	2 0 6
129	10	0.0	3	6 0 4
130	8	0.0	3	6 0 2
131	12	0.0	3	5 1 5 1
132	10	0.0	3	5 1 4
133	10	0.0	3	5 0 4 1
134	12	0.0	3	0 2 9 1
135	10	0.0	3	3 2 5
136	11	0.0	3	4 1 5 1
137	16	0.0	3	4 1 11
138	13	0.0	3	4 1 8
139	17	0.0	3	3 1 12 1
140	22	0.0	3	2 1 19
141	32	0.0	3	3 0 28 1
142	53	0.0	3	5 3 43 2
143	71	0.0	3	5 1 64 1
144	106	0.0	3	2 1 101 2
145	104	0.0	3	8 4 88 4
146	220	0.0	3	7 3 201 9
147	562	0.0	3	3 2 535 22
148	1648	0.0	3	3 12 1594 39
149	4723	0.0	3	1 27 4523 172
150	11691	0.0	3	1 65 11193 432


=== Second read: Adapter 2 ===

Sequence: AGATCGGAAGAGCGTCGTGTAGGGAAAGAGTGTA; Type: regular 3'; Length: 34; Trimmed: 7369891 times

No. of allowed errors:
0-9 bp: 0; 10-19 bp: 1; 20-29 bp: 2; 30-34 bp: 3

Bases preceding removed adapters:
  A: 13.2%
  C: 29.5%
  G: 47.4%
  T: 9.8%
  none/other: 0.0%

Overview of removed sequences
length	count	expect	max.err	error counts
3	557035	303664.3	0	557035
4	214406	75916.1	0	214406
5	370728	18979.0	0	370728
8	117399	296.5	0	117399
9	234163	74.1	0	234163
10	1332	18.5	1	0 1332
11	276798	4.6	1	234301 42497
12	1013	1.2	1	0 1013
13	279608	0.3	1	235747 43861
14	685	0.1	1	0 685
15	134640	0.0	1	113065 21575
16	274104	0.0	1	228544 45560
17	875	0.0	1	0 875
18	258983	0.0	1	217549 40721 713
19	1212	0.0	1	0 767 445
20	138207	0.0	2	110320 23457 4430
21	539254	0.0	2	435147 89114 14993
22	2782	0.0	2	0 1893 889
23	1254	0.0	2	0 481 773
24	1003	0.0	2	0 625 378
25	133059	0.0	2	106172 22616 4271
26	133065	0.0	2	104622 23751 4692
27	256599	0.0	2	204156 43125 9318
28	2378	0.0	2	0 1671 567 140
29	256617	0.0	2	203081 44357 9073 106
30	2747	0.0	3	0 1868 570 309
31	247289	0.0	3	194601 39908 7851 4929
32	2002	0.0	3	0 1304 391 307
33	124079	0.0	3	95237 21467 5054 2321
34	121499	0.0	3	37 95043 21664 4755
35	120394	0.0	3	76 92934 22408 4976
36	230293	0.0	3	66 180577 40795 8855
37	1913	0.0	3	1 173 1294 445
38	112126	0.0	3	47 87320 20314 4445
39	109439	0.0	3	32 84970 19981 4456
40	108282	0.0	3	47 83850 20029 4356
41	208940	0.0	3	37 164173 36757 7973
42	2500	0.0	3	1 341 1655 503
43	199317	0.0	3	78 156891 35072 7276
44	1892	0.0	3	1 337 1107 447
45	96773	0.0	3	28 75330 17769 3646
46	181428	0.0	3	52 143208 31760 6408
47	1753	0.0	3	3 323 1037 390
48	85480	0.0	3	29 66944 15362 3145
49	81994	0.0	3	24 64631 14352 2987
50	78861	0.0	3	89 61586 14252 2934
51	76601	0.0	3	16 59231 14450 2904
52	208543	0.0	3	62 164740 36579 7162
53	1631	0.0	3	2 401 881 347
54	1677	0.0	3	4 320 1023 330
55	176350	0.0	3	72 140378 30453 5447
56	1317	0.0	3	0 344 699 274
57	731	0.0	3	2 159 396 174
58	52130	0.0	3	31 40851 9400 1848
59	91236	0.0	3	26 72605 15725 2880
60	814	0.0	3	1 156 481 176
61	41909	0.0	3	6 32808 7609 1486
62	74196	0.0	3	22 58961 12808 2405
63	663	0.0	3	1 132 381 149
64	33109	0.0	3	18 26459 5665 967
65	30775	0.0	3	10 24453 5295 1017
66	27947	0.0	3	10 21898 5158 881
67	25612	0.0	3	11 20296 4466 839
68	22910	0.0	3	8 18129 4045 728
69	20410	0.0	3	3 16079 3648 680
70	17951	0.0	3	10 14280 3119 542
71	16258	0.0	3	5 12899 2824 530
72	14404	0.0	3	3 11421 2530 450
73	12914	0.0	3	5 10289 2193 427
74	11719	0.0	3	3 9347 1999 370
75	10425	0.0	3	2 8243 1885 295
76	11391	0.0	3	12 8996 2025 358
77	8512	0.0	3	5 6784 1480 243
78	6895	0.0	3	2 5461 1231 201
79	6137	0.0	3	1 4914 1026 196
80	5769	0.0	3	1 4619 988 161
81	4221	0.0	3	2 3392 710 117
82	4008	0.0	3	1 3199 705 103
83	3295	0.0	3	0 2570 625 100
84	3062	0.0	3	2 2453 522 85
85	2804	0.0	3	1 2234 484 85
86	2499	0.0	3	0 2010 430 59
87	2253	0.0	3	1 1799 388 65
88	1746	0.0	3	0 1378 316 52
89	1733	0.0	3	1 1395 284 53
90	1291	0.0	3	0 1049 206 36
91	1126	0.0	3	0 914 184 28
92	971	0.0	3	0 784 144 43
93	822	0.0	3	0 661 136 25
94	619	0.0	3	0 487 113 19
95	629	0.0	3	0 475 138 16
96	559	0.0	3	0 451 92 16
97	455	0.0	3	0 359 80 16
98	412	0.0	3	1 327 68 16
99	374	0.0	3	0 291 73 10
100	346	0.0	3	0 273 61 12
101	271	0.0	3	0 218 43 10
102	242	0.0	3	1 190 45 6
103	173	0.0	3	0 131 33 9
104	175	0.0	3	1 128 32 14
105	158	0.0	3	0 116 33 9
106	109	0.0	3	0 79 23 7
107	119	0.0	3	0 98 16 5
108	88	0.0	3	0 72 5 11
109	106	0.0	3	0 78 20 8
110	73	0.0	3	0 52 15 6
111	72	0.0	3	0 59 8 5
112	64	0.0	3	0 45 9 10
113	36	0.0	3	0 25 7 4
114	45	0.0	3	0 25 12 8
115	26	0.0	3	0 17 6 3
116	24	0.0	3	0 14 6 4
117	28	0.0	3	0 18 5 5
118	26	0.0	3	0 15 5 6
119	28	0.0	3	0 19 8 1
120	15	0.0	3	0 11 2 2
121	17	0.0	3	0 8 4 5
122	16	0.0	3	0 6 5 5
123	21	0.0	3	0 14 4 3
124	10	0.0	3	0 4 4 2
125	10	0.0	3	0 9 0 1
126	17	0.0	3	0 10 2 5
127	12	0.0	3	0 6 1 5
128	8	0.0	3	0 2 0 6
129	14	0.0	3	0 6 2 6
130	10	0.0	3	0 4 2 4
131	18	0.0	3	0 8 4 6
132	11	0.0	3	0 2 3 6
133	12	0.0	3	0 4 0 8
134	8	0.0	3	0 1 1 6
135	10	0.0	3	0 4 1 5
136	13	0.0	3	0 1 0 12
137	14	0.0	3	0 4 1 9
138	16	0.0	3	0 6 1 9
139	20	0.0	3	0 2 1 17
140	20	0.0	3	0 1 2 17
141	41	0.0	3	0 3 2 36
142	57	0.0	3	0 5 2 50
143	86	0.0	3	0 4 5 77
144	99	0.0	3	0 3 2 94
145	120	0.0	3	0 2 5 113
146	199	0.0	3	0 3 7 189
147	391	0.0	3	0 2 6 383
148	1041	0.0	3	0 0 7 1034
149	3947	0.0	3	0 1 30 3916
150	11394	0.0	3	0 1 67 11326
