This is cutadapt 2.9 with Python 3.5.2
Command line parameters: --nextseq-trim 10 --minimum-length 25 --cores 4 -a AGATCGGAAGAGCACACGTCTGAACTCCAGTCAC -A AGATCGGAAGAGCGTCGTGTAGGGAAAGAGTGTA -o Mcapitata_ATHC_TP4_2734_R1_TrimmingRound1.fastq.gz -p Mcapitata_ATHC_TP4_2734_R2_TrimmingRound1.fastq.gz Mcapitata_ATHC_TP4_2734_R1.fastq.gz Mcapitata_ATHC_TP4_2734_R2.fastq.gz
Processing reads on 4 cores in paired-end mode ...
Finished in 799.69 s (37 us/read; 1.63 M reads/minute).

=== Summary ===

Total read pairs processed:         21,777,933
  Read 1 with adapter:               7,921,435 (36.4%)
  Read 2 with adapter:               8,083,092 (37.1%)
Pairs written (passing filters):    21,686,731 (99.6%)

Total basepairs processed: 6,533,379,900 bp
  Read 1: 3,266,689,950 bp
  Read 2: 3,266,689,950 bp
Quality-trimmed:              12,990,141 bp (0.2%)
  Read 1:     5,544,459 bp
  Read 2:     7,445,682 bp
Total written (filtered):  5,902,784,714 bp (90.3%)
  Read 1: 2,951,716,187 bp
  Read 2: 2,951,068,527 bp

=== First read: Adapter 1 ===

Sequence: AGATCGGAAGAGCACACGTCTGAACTCCAGTCAC; Type: regular 3'; Length: 34; Trimmed: 7921435 times

No. of allowed errors:
0-9 bp: 0; 10-19 bp: 1; 20-29 bp: 2; 30-34 bp: 3

Bases preceding removed adapters:
  A: 18.8%
  C: 28.0%
  G: 35.6%
  T: 17.4%
  none/other: 0.1%

Overview of removed sequences
length	count	expect	max.err	error counts
3	411478	340280.2	0	411478
4	168007	85070.1	0	168007
5	309474	21267.5	0	309474
8	98995	332.3	0	98995
9	198794	83.1	0	198794
10	624	20.8	1	0 624
11	202656	5.2	1	199105 3551
12	475	1.3	1	0 475
13	102989	0.3	1	100598 2391
14	102823	0.1	1	100311 2512
15	102676	0.0	1	100160 2516
16	103329	0.0	1	100240 3089
17	204752	0.0	1	199773 4979
18	621	0.0	1	0 553 68
19	104430	0.0	1	101227 3059 144
20	104586	0.0	2	100567 3760 259
21	208051	0.0	2	201364 6087 600
22	861	0.0	2	0 772 89
23	105485	0.0	2	101482 3598 405
24	104862	0.0	2	100602 3857 403
25	105491	0.0	2	100968 4085 438
26	104119	0.0	2	99548 4214 357
27	104631	0.0	2	99970 4120 541
28	105427	0.0	2	99776 5165 395 91
29	208186	0.0	2	199760 7508 781 137
30	1452	0.0	3	0 1007 155 290
31	105247	0.0	3	100085 4606 444 112
32	105430	0.0	3	99769 4937 575 149
33	105834	0.0	3	99842 5387 475 130
34	106426	0.0	3	100435 5321 529 141
35	105683	0.0	3	99467 5555 531 130
36	104334	0.0	3	98500 5206 512 116
37	105883	0.0	3	99839 5428 499 117
38	103991	0.0	3	98124 5267 460 140
39	104116	0.0	3	98174 5328 529 85
40	105495	0.0	3	98873 6102 389 131
41	206299	0.0	3	196525 8852 747 175
42	1382	0.0	3	79 1149 118 36
43	103523	0.0	3	97754 5222 429 118
44	103448	0.0	3	97709 5205 419 115
45	104856	0.0	3	98875 5416 483 82
46	102670	0.0	3	96206 5965 383 116
47	200506	0.0	3	191341 8403 612 150
48	1405	0.0	3	160 1077 116 52
49	100035	0.0	3	94710 4841 411 73
50	99006	0.0	3	93055 5587 283 81
51	192380	0.0	3	183771 7894 538 177
52	1495	0.0	3	219 1099 167 10
53	97824	0.0	3	92050 5384 286 104
54	191440	0.0	3	182549 8179 584 128
55	1370	0.0	3	183 1047 109 31
56	94485	0.0	3	89524 4605 283 73
57	92968	0.0	3	87723 4811 348 86
58	90872	0.0	3	85786 4699 289 98
59	88934	0.0	3	84161 4356 364 53
60	87478	0.0	3	81947 5144 296 91
61	168972	0.0	3	161120 7295 463 94
62	1254	0.0	3	194 910 105 45
63	83486	0.0	3	79203 3939 291 53
64	82815	0.0	3	77754 4733 250 78
65	155546	0.0	3	148301 6707 450 88
66	1096	0.0	3	142 848 74 32
67	74248	0.0	3	70286 3592 303 67
68	72372	0.0	3	68471 3568 285 48
69	68246	0.0	3	64610 3292 289 55
70	66454	0.0	3	62977 3186 249 42
71	62866	0.0	3	59435 3188 202 41
72	74262	0.0	3	70544 3387 272 59
73	56846	0.0	3	53917 2679 208 42
74	56007	0.0	3	53154 2645 164 44
75	51671	0.0	3	49042 2410 182 37
76	48941	0.0	3	46404 2355 151 31
77	46224	0.0	3	43854 2164 169 37
78	40820	0.0	3	38695 1962 122 41
79	38298	0.0	3	36295 1886 102 15
80	34333	0.0	3	32602 1608 93 30
81	30943	0.0	3	29374 1464 87 18
82	28846	0.0	3	27394 1351 80 21
83	24505	0.0	3	23259 1156 63 27
84	22572	0.0	3	21492 1017 54 9
85	20020	0.0	3	18964 983 52 21
86	18015	0.0	3	17077 880 46 12
87	16124	0.0	3	15260 815 38 11
88	15309	0.0	3	14537 722 38 12
89	12697	0.0	3	12081 564 40 12
90	10978	0.0	3	10434 500 38 6
91	9591	0.0	3	9114 447 23 7
92	8314	0.0	3	7934 356 17 7
93	6476	0.0	3	6143 314 13 6
94	5522	0.0	3	5242 250 28 2
95	4972	0.0	3	4743 203 18 8
96	3972	0.0	3	3738 211 15 8
97	3623	0.0	3	3429 178 9 7
98	3195	0.0	3	3021 158 14 2
99	2895	0.0	3	2742 136 15 2
100	2396	0.0	3	2275 110 8 3
101	2088	0.0	3	1988 95 3 2
102	1683	0.0	3	1585 89 8 1
103	1261	0.0	3	1188 70 3
104	1085	0.0	3	1027 48 8 2
105	878	0.0	3	821 48 7 2
106	847	0.0	3	800 44 2 1
107	704	0.0	3	663 37 2 2
108	675	0.0	3	634 36 4 1
109	591	0.0	3	557 33 0 1
110	506	0.0	3	469 32 3 2
111	470	0.0	3	444 23 1 2
112	448	0.0	3	420 25 3
113	468	0.0	3	429 35 2 2
114	401	0.0	3	365 36
115	339	0.0	3	323 16
116	338	0.0	3	301 31 1 5
117	332	0.0	3	301 21 4 6
118	366	0.0	3	338 22 3 3
119	347	0.0	3	317 30
120	351	0.0	3	325 26
121	394	0.0	3	361 33
122	397	0.0	3	362 32 3
123	447	0.0	3	409 29 5 4
124	502	0.0	3	455 43 2 2
125	524	0.0	3	483 35 5 1
126	576	0.0	3	513 60 3
127	555	0.0	3	510 42 3
128	633	0.0	3	578 53 2
129	698	0.0	3	642 52 4
130	763	0.0	3	709 49 5
131	807	0.0	3	751 52 4
132	890	0.0	3	806 81 3
133	1071	0.0	3	962 104 4 1
134	1112	0.0	3	998 106 8
135	1336	0.0	3	1219 107 10
136	1371	0.0	3	1245 119 7
137	1278	0.0	3	1148 123 7
138	1264	0.0	3	1121 130 12 1
139	1341	0.0	3	1162 168 9 2
140	1443	0.0	3	1283 151 9
141	1625	0.0	3	1390 225 9 1
142	1018	0.0	3	772 237 8 1
143	1087	0.0	3	752 314 21
144	1174	0.0	3	703 453 15 3
145	1284	0.0	3	804 448 31 1
146	1731	0.0	3	891 794 43 3
147	2763	0.0	3	832 1796 128 7
148	5532	0.0	3	259 4914 345 14
149	16428	0.0	3	224 15139 1010 55
150	41402	0.0	3	545 38172 2550 135


=== Second read: Adapter 2 ===

Sequence: AGATCGGAAGAGCGTCGTGTAGGGAAAGAGTGTA; Type: regular 3'; Length: 34; Trimmed: 8083092 times

No. of allowed errors:
0-9 bp: 0; 10-19 bp: 1; 20-29 bp: 2; 30-34 bp: 3

Bases preceding removed adapters:
  A: 18.3%
  C: 26.7%
  G: 44.0%
  T: 10.5%
  none/other: 0.5%

Overview of removed sequences
length	count	expect	max.err	error counts
3	552035	340280.2	0	552035
4	200369	85070.1	0	200369
5	312587	21267.5	0	312587
8	99026	332.3	0	99026
9	199004	83.1	0	199004
10	773	20.8	1	0 773
11	202660	5.2	1	199427 3233
12	641	1.3	1	0 641
13	205627	0.3	1	201694 3933
14	472	0.1	1	0 472
15	102303	0.0	1	99753 2550
16	205658	0.0	1	200479 5179
17	915	0.0	1	0 915
18	204595	0.0	1	199595 4802 198
19	847	0.0	1	0 581 266
20	105224	0.0	2	100296 4484 444
21	415226	0.0	2	400946 12777 1503
22	987	0.0	2	0 860 127
23	418	0.0	2	0 112 306
24	778	0.0	2	0 608 170
25	105057	0.0	2	100257 4187 613
26	104476	0.0	2	99041 4915 520
27	207268	0.0	2	198447 7468 1353
28	1846	0.0	2	0 1677 109 60
29	208901	0.0	2	199542 8037 1283 39
30	1856	0.0	3	0 1685 107 64
31	207604	0.0	3	197449 8243 1179 733
32	1203	0.0	3	0 956 142 105
33	105401	0.0	3	99109 4642 1328 322
34	105948	0.0	3	14 99663 5468 803
35	105842	0.0	3	14 98939 6180 709
36	207676	0.0	3	15 196433 9919 1309
37	1269	0.0	3	3 42 1076 148
38	103480	0.0	3	16 97441 5324 699
39	103714	0.0	3	18 97308 5657 731
40	104881	0.0	3	12 98294 5919 656
41	206005	0.0	3	26 195280 9440 1259
42	1829	0.0	3	0 49 1668 112
43	204505	0.0	3	39 194043 9228 1195
44	1387	0.0	3	0 124 1057 206
45	103457	0.0	3	26 96978 5859 594
46	203221	0.0	3	53 193099 8939 1130
47	1268	0.0	3	1 140 1000 127
48	99759	0.0	3	12 94096 5035 616
49	99930	0.0	3	12 94335 4970 613
50	98031	0.0	3	13 92414 4888 716
51	98061	0.0	3	10 91606 5886 559
52	288717	0.0	3	80 274830 12294 1513
53	1028	0.0	3	0 249 540 239
54	2130	0.0	3	0 105 1930 95
55	279714	0.0	3	107 267584 10842 1181
56	874	0.0	3	0 247 520 107
57	821	0.0	3	0 85 606 130
58	91160	0.0	3	16 86273 4437 434
59	173597	0.0	3	41 166519 6306 731
60	1145	0.0	3	0 146 852 147
61	86220	0.0	3	20 81578 4227 395
62	166801	0.0	3	51 160117 5971 662
63	1033	0.0	3	2 128 834 69
64	81568	0.0	3	25 77822 3318 403
65	79854	0.0	3	4 75897 3543 410
66	77136	0.0	3	14 73615 3158 349
67	74303	0.0	3	5 70846 3130 322
68	72329	0.0	3	25 69029 2985 290
69	68132	0.0	3	5 65067 2793 267
70	66309	0.0	3	9 63215 2812 273
71	62575	0.0	3	9 59723 2585 258
72	59483	0.0	3	8 56833 2391 251
73	57378	0.0	3	9 54907 2255 207
74	54638	0.0	3	23 52140 2247 228
75	51633	0.0	3	14 49361 2063 195
76	57140	0.0	3	7 54609 2301 223
77	46329	0.0	3	7 44384 1775 163
78	42111	0.0	3	3 40221 1729 158
79	39310	0.0	3	4 37708 1473 125
80	36716	0.0	3	7 35240 1318 151
81	30812	0.0	3	5 29519 1167 121
82	28802	0.0	3	3 27665 1042 92
83	24958	0.0	3	8 23900 949 101
84	22948	0.0	3	1 21974 894 79
85	20757	0.0	3	3 19948 728 78
86	18391	0.0	3	3 17639 669 80
87	16458	0.0	3	2 15762 616 78
88	14613	0.0	3	4 13992 543 74
89	13331	0.0	3	6 12760 508 57
90	11340	0.0	3	0 10867 427 46
91	9711	0.0	3	0 9317 355 39
92	8307	0.0	3	0 7954 311 42
93	6675	0.0	3	2 6398 242 33
94	5461	0.0	3	0 5222 215 24
95	4814	0.0	3	3 4585 198 28
96	4249	0.0	3	0 4060 161 28
97	3670	0.0	3	1 3507 142 20
98	3202	0.0	3	0 3022 155 25
99	2790	0.0	3	1 2644 118 27
100	2446	0.0	3	0 2317 112 17
101	2142	0.0	3	1 2017 107 17
102	1667	0.0	3	0 1570 76 21
103	1365	0.0	3	1 1270 73 21
104	1145	0.0	3	0 1067 57 21
105	959	0.0	3	1 891 54 13
106	871	0.0	3	1 807 49 14
107	739	0.0	3	0 684 41 14
108	724	0.0	3	1 667 40 16
109	639	0.0	3	0 588 36 15
110	524	0.0	3	0 485 28 11
111	524	0.0	3	0 489 26 9
112	501	0.0	3	0 465 31 5
113	470	0.0	3	0 435 30 5
114	417	0.0	3	0 374 34 9
115	409	0.0	3	0 366 33 10
116	376	0.0	3	0 332 36 8
117	352	0.0	3	0 307 38 7
118	421	0.0	3	1 364 42 14
119	369	0.0	3	1 325 34 9
120	399	0.0	3	0 360 26 13
121	430	0.0	3	1 384 33 12
122	422	0.0	3	1 372 39 10
123	431	0.0	3	0 390 34 7
124	505	0.0	3	0 451 47 7
125	567	0.0	3	0 507 57 3
126	528	0.0	3	0 483 41 4
127	565	0.0	3	0 515 41 9
128	624	0.0	3	1 578 39 6
129	703	0.0	3	0 638 52 13
130	765	0.0	3	0 702 54 9
131	827	0.0	3	0 765 56 6
132	920	0.0	3	0 832 80 8
133	1036	0.0	3	0 958 70 8
134	1065	0.0	3	0 975 83 7
135	1329	0.0	3	0 1223 98 8
136	1361	0.0	3	0 1262 89 10
137	1307	0.0	3	0 1202 100 5
138	1245	0.0	3	0 1133 103 9
139	1221	0.0	3	0 1095 111 15
140	1482	0.0	3	0 1339 129 14
141	1639	0.0	3	0 1462 168 9
142	977	0.0	3	0 802 168 7
143	972	0.0	3	0 737 224 11
144	1025	0.0	3	0 707 310 8
145	1163	0.0	3	0 826 321 16
146	1533	0.0	3	0 913 598 22
147	2116	0.0	3	0 933 1137 46
148	3605	0.0	3	0 227 3251 127
149	13613	0.0	3	0 185 12906 522
150	46164	0.0	3	0 644 43952 1568
