This is cutadapt 2.9 with Python 3.5.2
Command line parameters: --nextseq-trim 10 --minimum-length 25 --cores 4 -a AGATCGGAAGAGCACACGTCTGAACTCCAGTCAC -A AGATCGGAAGAGCGTCGTGTAGGGAAAGAGTGTA -o Mcapitata_HTAC_TP12_1729_R1_TrimmingRound1.fastq.gz -p Mcapitata_HTAC_TP12_1729_R2_TrimmingRound1.fastq.gz Mcapitata_HTAC_TP12_1729_R1.fastq.gz Mcapitata_HTAC_TP12_1729_R2.fastq.gz
Processing reads on 4 cores in paired-end mode ...
Finished in 673.90 s (33 us/read; 1.80 M reads/minute).

=== Summary ===

Total read pairs processed:         20,230,262
  Read 1 with adapter:               7,967,696 (39.4%)
  Read 2 with adapter:               8,115,254 (40.1%)
Pairs written (passing filters):    20,167,276 (99.7%)

Total basepairs processed: 6,069,078,600 bp
  Read 1: 3,034,539,300 bp
  Read 2: 3,034,539,300 bp
Quality-trimmed:              12,292,764 bp (0.2%)
  Read 1:     5,307,788 bp
  Read 2:     6,984,976 bp
Total written (filtered):  5,403,947,504 bp (89.0%)
  Read 1: 2,702,172,393 bp
  Read 2: 2,701,775,111 bp

=== First read: Adapter 1 ===

Sequence: AGATCGGAAGAGCACACGTCTGAACTCCAGTCAC; Type: regular 3'; Length: 34; Trimmed: 7967696 times

No. of allowed errors:
0-9 bp: 0; 10-19 bp: 1; 20-29 bp: 2; 30-34 bp: 3

Bases preceding removed adapters:
  A: 18.3%
  C: 27.9%
  G: 36.5%
  T: 17.2%
  none/other: 0.1%

Overview of removed sequences
length	count	expect	max.err	error counts
3	363731	316097.8	0	363731
4	150090	79024.5	0	150090
5	282428	19756.1	0	282428
8	90526	308.7	0	90526
9	181036	77.2	0	181036
10	609	19.3	1	0 609
11	187313	4.8	1	183660 3653
12	573	1.2	1	0 573
13	94619	0.3	1	92132 2487
14	95187	0.1	1	92530 2657
15	95291	0.0	1	92555 2736
16	96020	0.0	1	92904 3116
17	190630	0.0	1	185270 5360
18	716	0.0	1	0 644 72
19	96752	0.0	1	93396 3255 101
20	97870	0.0	2	93586 4020 264
21	194808	0.0	2	188043 6239 526
22	1059	0.0	2	0 967 92
23	99504	0.0	2	95324 3792 388
24	99547	0.0	2	94955 4216 376
25	99372	0.0	2	94598 4391 383
26	99492	0.0	2	94592 4516 384
27	99103	0.0	2	94174 4388 541
28	100209	0.0	2	93785 5951 423 50
29	199260	0.0	2	190406 7904 807 143
30	1864	0.0	3	0 1335 176 353
31	101093	0.0	3	95361 5150 487 95
32	101967	0.0	3	95790 5533 540 104
33	102442	0.0	3	95971 5891 481 99
34	102877	0.0	3	96192 6013 548 124
35	102347	0.0	3	95733 5969 530 115
36	102379	0.0	3	95829 5854 599 97
37	103335	0.0	3	95760 6935 517 123
38	201113	0.0	3	190540 9554 844 175
39	2962	0.0	3	120 2676 138 28
40	202830	0.0	3	192419 9426 820 165
41	1929	0.0	3	85 1655 153 36
42	103334	0.0	3	97023 5750 461 100
43	103700	0.0	3	97125 6015 471 89
44	103181	0.0	3	96702 5915 457 107
45	104811	0.0	3	98235 5986 500 90
46	102990	0.0	3	95711 6761 418 100
47	201645	0.0	3	191578 9163 743 161
48	2018	0.0	3	271 1562 140 45
49	101456	0.0	3	95353 5527 490 86
50	101751	0.0	3	94676 6578 395 102
51	197441	0.0	3	187978 8661 628 174
52	2127	0.0	3	320 1589 197 21
53	101006	0.0	3	94030 6528 366 82
54	197806	0.0	3	187921 9146 603 136
55	2013	0.0	3	267 1595 133 18
56	98210	0.0	3	92457 5353 331 69
57	97989	0.0	3	91859 5673 373 84
58	96012	0.0	3	90033 5527 367 85
59	95082	0.0	3	89171 5420 423 68
60	95290	0.0	3	88450 6381 391 68
61	181103	0.0	3	172092 8371 534 106
62	1986	0.0	3	315 1499 126 46
63	90586	0.0	3	85201 4935 375 75
64	90498	0.0	3	83964 6116 347 71
65	171994	0.0	3	163430 7986 492 86
66	1728	0.0	3	251 1337 114 26
67	84514	0.0	3	79424 4667 354 69
68	82174	0.0	3	77185 4617 315 57
69	78957	0.0	3	74148 4422 331 56
70	76971	0.0	3	72483 4144 281 63
71	74483	0.0	3	69902 4261 272 48
72	88148	0.0	3	83171 4595 312 70
73	69970	0.0	3	65797 3878 236 59
74	68184	0.0	3	64239 3675 226 44
75	64196	0.0	3	60503 3391 246 56
76	60051	0.0	3	56609 3191 208 43
77	58113	0.0	3	54784 3064 222 43
78	52335	0.0	3	49271 2860 172 32
79	49760	0.0	3	46903 2681 153 23
80	43083	0.0	3	40654 2277 124 28
81	41694	0.0	3	39224 2305 135 30
82	35768	0.0	3	33658 1983 99 28
83	33333	0.0	3	31405 1818 94 16
84	30162	0.0	3	28387 1651 100 24
85	27501	0.0	3	25920 1479 89 13
86	25459	0.0	3	24067 1301 81 10
87	22212	0.0	3	20966 1177 65 4
88	21089	0.0	3	19956 1052 74 7
89	16798	0.0	3	15840 899 42 17
90	15373	0.0	3	14524 800 43 6
91	13545	0.0	3	12805 688 44 8
92	11766	0.0	3	11146 588 25 7
93	9353	0.0	3	8825 500 23 5
94	8104	0.0	3	7674 408 21 1
95	7395	0.0	3	7001 373 17 4
96	5834	0.0	3	5489 324 13 8
97	5332	0.0	3	5034 281 15 2
98	4705	0.0	3	4462 231 7 5
99	4122	0.0	3	3885 215 17 5
100	3422	0.0	3	3208 193 12 9
101	2931	0.0	3	2770 148 10 3
102	2664	0.0	3	2502 148 11 3
103	1909	0.0	3	1779 122 7 1
104	1717	0.0	3	1613 95 7 2
105	1369	0.0	3	1289 74 5 1
106	1287	0.0	3	1230 53 4
107	1044	0.0	3	973 69 2
108	970	0.0	3	922 43 5
109	872	0.0	3	824 43 3 2
110	753	0.0	3	711 38 4
111	695	0.0	3	656 36 2 1
112	609	0.0	3	575 33 0 1
113	620	0.0	3	583 35 2
114	525	0.0	3	484 35 5 1
115	531	0.0	3	494 34 3
116	540	0.0	3	507 29 4
117	488	0.0	3	458 27 3
118	463	0.0	3	436 26 1
119	477	0.0	3	441 33 3
120	489	0.0	3	460 25 4
121	497	0.0	3	470 24 2 1
122	535	0.0	3	499 33 3
123	533	0.0	3	497 34 2
124	596	0.0	3	556 40
125	699	0.0	3	666 31 2
126	777	0.0	3	726 47 4
127	756	0.0	3	702 51 2 1
128	836	0.0	3	777 55 4
129	880	0.0	3	816 58 4 2
130	1003	0.0	3	926 74 3
131	1131	0.0	3	1059 66 4 2
132	1254	0.0	3	1178 73 2 1
133	1425	0.0	3	1342 79 4
134	1535	0.0	3	1430 100 5
135	1767	0.0	3	1648 113 6
136	1948	0.0	3	1818 120 9 1
137	1838	0.0	3	1702 130 6
138	1887	0.0	3	1749 131 5 2
139	1818	0.0	3	1693 118 7
140	2280	0.0	3	2097 170 12 1
141	2425	0.0	3	2229 178 18
142	1455	0.0	3	1286 162 6 1
143	1524	0.0	3	1311 197 13 3
144	1594	0.0	3	1325 253 15 1
145	1767	0.0	3	1493 259 15
146	2199	0.0	3	1764 413 22
147	2581	0.0	3	1586 933 59 3
148	2756	0.0	3	432 2191 126 7
149	7018	0.0	3	188 6391 425 14
150	16883	0.0	3	448 15436 959 40


=== Second read: Adapter 2 ===

Sequence: AGATCGGAAGAGCGTCGTGTAGGGAAAGAGTGTA; Type: regular 3'; Length: 34; Trimmed: 8115254 times

No. of allowed errors:
0-9 bp: 0; 10-19 bp: 1; 20-29 bp: 2; 30-34 bp: 3

Bases preceding removed adapters:
  A: 17.5%
  C: 27.0%
  G: 45.3%
  T: 10.1%
  none/other: 0.1%

Overview of removed sequences
length	count	expect	max.err	error counts
3	493981	316097.8	0	493981
4	180053	79024.5	0	180053
5	286461	19756.1	0	286461
8	90652	308.7	0	90652
9	180941	77.2	0	180941
10	784	19.3	1	0 784
11	187174	4.8	1	183716 3458
12	663	1.2	1	0 663
13	189403	0.3	1	185328 4075
14	523	0.1	1	0 523
15	94817	0.0	1	92195 2622
16	190654	0.0	1	185265 5389
17	776	0.0	1	0 776
18	190321	0.0	1	184894 5212 215
19	819	0.0	1	0 567 252
20	98468	0.0	2	93384 4642 442
21	391203	0.0	2	376974 12807 1422
22	908	0.0	2	0 788 120
23	488	0.0	2	0 142 346
24	753	0.0	2	0 608 145
25	98972	0.0	2	94292 4153 527
26	99780	0.0	2	94384 4903 493
27	196357	0.0	2	187419 7652 1286
28	1709	0.0	2	0 1521 105 83
29	199919	0.0	2	190372 8358 1164 25
30	1740	0.0	3	0 1551 111 78
31	200645	0.0	3	190456 8543 1194 452
32	1245	0.0	3	0 976 154 115
33	102023	0.0	3	95891 4685 1167 280
34	102426	0.0	3	27 96243 5454 702
35	102012	0.0	3	47 95632 5588 745
36	102515	0.0	3	18 95514 6141 842
37	201803	0.0	3	53 190643 9615 1492
38	1202	0.0	3	2 84 955 161
39	101367	0.0	3	47 95154 5321 845
40	102624	0.0	3	23 95938 5893 770
41	204948	0.0	3	41 194191 9289 1427
42	1807	0.0	3	0 107 1607 93
43	203765	0.0	3	79 192880 9449 1357
44	1409	0.0	3	0 232 946 231
45	103082	0.0	3	48 96618 5648 768
46	203892	0.0	3	96 193253 9091 1452
47	1280	0.0	3	0 205 921 154
48	101276	0.0	3	24 95270 5190 792
49	101552	0.0	3	20 95582 5182 768
50	100474	0.0	3	27 94185 5378 884
51	101224	0.0	3	22 94151 6344 707
52	297586	0.0	3	149 282483 12853 2101
53	1130	0.0	3	0 413 462 255
54	2183	0.0	3	2 115 1921 145
55	292084	0.0	3	159 278305 11984 1636
56	1004	0.0	3	0 465 432 107
57	921	0.0	3	0 99 669 153
58	96287	0.0	3	12 90692 4900 683
59	186942	0.0	3	55 178481 7316 1090
60	1270	0.0	3	0 241 853 176
61	92314	0.0	3	19 87065 4653 577
62	180977	0.0	3	122 173046 6747 1062
63	1120	0.0	3	6 207 820 87
64	88560	0.0	3	53 84235 3726 546
65	88363	0.0	3	15 83819 3983 546
66	85774	0.0	3	22 81520 3717 515
67	84753	0.0	3	10 80551 3668 524
68	82121	0.0	3	40 78119 3507 455
69	78766	0.0	3	29 74815 3479 443
70	76714	0.0	3	20 72914 3379 401
71	74087	0.0	3	13 70448 3240 386
72	70964	0.0	3	12 67508 3067 377
73	68745	0.0	3	29 65605 2730 381
74	65870	0.0	3	29 62749 2751 341
75	63040	0.0	3	18 59998 2722 302
76	71173	0.0	3	7 67697 3129 340
77	57969	0.0	3	10 55328 2368 263
78	52613	0.0	3	5 50189 2160 259
79	50254	0.0	3	7 47990 2027 230
80	47354	0.0	3	9 45234 1914 197
81	40987	0.0	3	9 39166 1612 200
82	37968	0.0	3	15 36208 1553 192
83	33372	0.0	3	20 31882 1297 173
84	30724	0.0	3	9 29335 1240 140
85	28098	0.0	3	7 26842 1078 171
86	25313	0.0	3	11 24234 946 122
87	22836	0.0	3	2 21824 919 91
88	20129	0.0	3	1 19275 752 101
89	18429	0.0	3	6 17642 705 76
90	15669	0.0	3	1 14955 637 76
91	13718	0.0	3	1 13159 495 63
92	11746	0.0	3	0 11244 445 57
93	9805	0.0	3	1 9361 401 42
94	8063	0.0	3	4 7722 302 35
95	7242	0.0	3	2 6897 304 39
96	6250	0.0	3	0 5967 243 40
97	5284	0.0	3	1 5025 224 34
98	4859	0.0	3	1 4637 194 27
99	4058	0.0	3	1 3864 161 32
100	3408	0.0	3	1 3235 145 27
101	3055	0.0	3	2 2918 115 20
102	2500	0.0	3	0 2361 128 11
103	2087	0.0	3	0 1999 72 16
104	1758	0.0	3	0 1674 72 12
105	1459	0.0	3	0 1390 56 13
106	1278	0.0	3	1 1214 52 11
107	1149	0.0	3	0 1087 52 10
108	995	0.0	3	0 944 46 5
109	921	0.0	3	0 853 55 13
110	816	0.0	3	0 774 35 7
111	724	0.0	3	0 674 43 7
112	650	0.0	3	0 600 40 10
113	666	0.0	3	0 628 30 8
114	531	0.0	3	1 492 29 9
115	554	0.0	3	0 513 27 14
116	601	0.0	3	1 559 36 5
117	504	0.0	3	1 469 28 6
118	498	0.0	3	0 460 30 8
119	496	0.0	3	0 453 36 7
120	459	0.0	3	1 436 20 2
121	477	0.0	3	0 443 26 8
122	552	0.0	3	0 515 31 6
123	518	0.0	3	0 476 37 5
124	606	0.0	3	0 569 32 5
125	691	0.0	3	0 643 37 11
126	776	0.0	3	0 732 41 3
127	784	0.0	3	0 731 46 7
128	824	0.0	3	0 778 40 6
129	857	0.0	3	0 802 48 7
130	954	0.0	3	0 896 53 5
131	1057	0.0	3	0 997 56 4
132	1258	0.0	3	0 1187 66 5
133	1379	0.0	3	0 1310 68 1
134	1517	0.0	3	0 1453 61 3
135	1770	0.0	3	2 1676 85 7
136	1968	0.0	3	0 1861 96 11
137	1860	0.0	3	1 1755 97 7
138	1815	0.0	3	0 1701 105 9
139	1813	0.0	3	0 1715 92 6
140	2248	0.0	3	0 2105 127 16
141	2548	0.0	3	0 2378 157 13
142	1385	0.0	3	0 1275 103 7
143	1523	0.0	3	0 1383 135 5
144	1538	0.0	3	0 1326 205 7
145	1668	0.0	3	0 1463 194 11
146	2176	0.0	3	0 1852 309 15
147	2415	0.0	3	0 1774 616 25
148	1927	0.0	3	0 473 1404 50
149	5751	0.0	3	0 179 5334 238
150	19112	0.0	3	0 529 17905 678
