This is cutadapt 2.9 with Python 3.5.2
Command line parameters: --nextseq-trim 10 --minimum-length 25 --cores 4 -a AGATCGGAAGAGCACACGTCTGAACTCCAGTCAC -A AGATCGGAAGAGCGTCGTGTAGGGAAAGAGTGTA -o Mcapitata_HTHC_TP9_1331_R1_TrimmingRound1.fastq.gz -p Mcapitata_HTHC_TP9_1331_R2_TrimmingRound1.fastq.gz Mcapitata_HTHC_TP9_1331_R1.fastq.gz Mcapitata_HTHC_TP9_1331_R2.fastq.gz
Processing reads on 4 cores in paired-end mode ...
Finished in 610.23 s (37 us/read; 1.63 M reads/minute).

=== Summary ===

Total read pairs processed:         16,606,063
  Read 1 with adapter:               7,730,801 (46.6%)
  Read 2 with adapter:               7,083,959 (42.7%)
Pairs written (passing filters):    16,494,897 (99.3%)

Total basepairs processed: 4,981,818,900 bp
  Read 1: 2,490,909,450 bp
  Read 2: 2,490,909,450 bp
Quality-trimmed:              30,952,766 bp (0.6%)
  Read 1:     5,368,263 bp
  Read 2:    25,584,503 bp
Total written (filtered):  4,478,673,600 bp (89.9%)
  Read 1: 2,227,972,745 bp
  Read 2: 2,250,700,855 bp

=== First read: Adapter 1 ===

Sequence: AGATCGGAAGAGCACACGTCTGAACTCCAGTCAC; Type: regular 3'; Length: 34; Trimmed: 7730801 times

No. of allowed errors:
0-9 bp: 0; 10-19 bp: 1; 20-29 bp: 2; 30-34 bp: 3

Bases preceding removed adapters:
  A: 17.9%
  C: 35.5%
  G: 23.3%
  T: 23.3%
  none/other: 0.0%

Overview of removed sequences
length	count	expect	max.err	error counts
3	287878	259469.7	0	287878
4	139674	64867.4	0	139674
5	302654	16216.9	0	302654
8	98207	253.4	0	98207
9	197059	63.3	0	197059
10	511	15.8	1	0 511
11	269351	4.0	1	199657 69694
12	467	1.0	1	0 467
13	138039	0.2	1	101975 36064
14	142387	0.1	1	104337 38050
15	139545	0.0	1	102744 36801
16	144039	0.0	1	105442 38597
17	278100	0.0	1	205607 72493
18	992	0.0	1	0 836 156
19	143286	0.0	1	104739 38047 500
20	141586	0.0	2	101777 37392 2417
21	287316	0.0	2	207593 75026 4697
22	1639	0.0	2	0 1110 529
23	144575	0.0	2	103770 38191 2614
24	146949	0.0	2	104723 39309 2917
25	146117	0.0	2	104624 38468 3025
26	146714	0.0	2	104572 38988 3154
27	147205	0.0	2	104703 39132 3370
28	146239	0.0	2	102941 39711 3481 106
29	284354	0.0	2	203739 74989 5442 184
30	2660	0.0	3	0 1495 771 394
31	144061	0.0	3	101933 37737 3235 1156
32	141008	0.0	3	99240 37725 3034 1009
33	143432	0.0	3	101151 38114 3140 1027
34	144076	0.0	3	100922 38489 3515 1150
35	141936	0.0	3	99194 38263 3448 1031
36	277138	0.0	3	197325 72853 5150 1810
37	2890	0.0	3	149 1646 897 198
38	137516	0.0	3	96498 37103 2955 960
39	257680	0.0	3	183630 67851 4628 1571
40	2828	0.0	3	225 1656 744 203
41	127149	0.0	3	90022 33682 2610 835
42	124712	0.0	3	88086 33299 2505 822
43	122946	0.0	3	86870 32540 2669 867
44	121733	0.0	3	85794 32665 2407 867
45	129802	0.0	3	91617 34532 2745 908
46	107835	0.0	3	75510 29448 2220 657
47	218919	0.0	3	156195 57763 3699 1262
48	2440	0.0	3	216 1418 618 188
49	101944	0.0	3	72390 26912 2010 632
50	99087	0.0	3	69349 27168 2021 549
51	179397	0.0	3	128807 47039 2644 907
52	2896	0.0	3	727 1366 623 180
53	87676	0.0	3	62119 23417 1641 499
54	164178	0.0	3	117203 43418 2643 914
55	1707	0.0	3	186 983 416 122
56	72467	0.0	3	51587 19366 1169 345
57	71680	0.0	3	50876 19211 1235 358
58	64117	0.0	3	45869 16919 1004 325
59	60684	0.0	3	42760 16499 1102 323
60	57615	0.0	3	40415 15818 1075 307
61	95438	0.0	3	68398 25296 1321 423
62	1178	0.0	3	199 629 277 73
63	44189	0.0	3	31439 11768 757 225
64	41334	0.0	3	28894 11521 742 177
65	71272	0.0	3	51084 19020 890 278
66	892	0.0	3	153 474 218 47
67	31611	0.0	3	22471 8477 512 151
68	29212	0.0	3	20535 7915 591 171
69	28340	0.0	3	19674 7963 580 123
70	74901	0.0	3	54509 19781 500 111
71	27286	0.0	3	19228 7471 470 117
72	18672	0.0	3	12977 5221 354 120
73	9695	0.0	3	6589 2792 241 73
74	8256	0.0	3	5713 2270 191 82
75	7756	0.0	3	5349 2196 166 45
76	7243	0.0	3	5033 2026 144 40
77	6249	0.0	3	4257 1853 99 40
78	4264	0.0	3	2930 1227 78 29
79	3872	0.0	3	2784 995 75 18
80	3326	0.0	3	2327 921 65 13
81	2801	0.0	3	1945 797 42 17
82	2399	0.0	3	1665 671 51 12
83	2095	0.0	3	1432 606 47 10
84	1791	0.0	3	1221 513 45 12
85	1413	0.0	3	951 426 31 5
86	1402	0.0	3	1001 366 27 8
87	1240	0.0	3	863 353 22 2
88	1049	0.0	3	734 286 22 7
89	881	0.0	3	619 241 19 2
90	740	0.0	3	494 236 8 2
91	674	0.0	3	455 201 17 1
92	602	0.0	3	409 183 10
93	411	0.0	3	277 126 6 2
94	401	0.0	3	288 104 5 4
95	372	0.0	3	257 109 3 3
96	291	0.0	3	183 101 6 1
97	260	0.0	3	156 91 13
98	223	0.0	3	157 57 8 1
99	210	0.0	3	145 53 11 1
100	172	0.0	3	125 47
101	142	0.0	3	101 33 6 2
102	136	0.0	3	86 45 2 3
103	99	0.0	3	62 34 2 1
104	88	0.0	3	63 24 1
105	73	0.0	3	43 27 1 2
106	55	0.0	3	31 20 4
107	49	0.0	3	31 12 6
108	46	0.0	3	29 15 2
109	45	0.0	3	27 11 7
110	43	0.0	3	23 12 7 1
111	47	0.0	3	25 15 6 1
112	29	0.0	3	13 8 8
113	33	0.0	3	23 5 5
114	20	0.0	3	8 2 9 1
115	24	0.0	3	12 4 6 2
116	21	0.0	3	6 1 13 1
117	23	0.0	3	11 3 9
118	20	0.0	3	3 3 13 1
119	20	0.0	3	5 5 10
120	18	0.0	3	4 2 10 2
121	25	0.0	3	8 3 13 1
122	16	0.0	3	2 2 12
123	20	0.0	3	5 2 13
124	20	0.0	3	2 1 17
125	25	0.0	3	6 0 18 1
126	28	0.0	3	4 3 21
127	30	0.0	3	2 1 26 1
128	26	0.0	3	6 1 19
129	22	0.0	3	1 0 20 1
130	26	0.0	3	5 1 19 1
131	47	0.0	3	2 5 38 2
132	41	0.0	3	2 2 37
133	45	0.0	3	2 4 37 2
134	66	0.0	3	2 2 60 2
135	44	0.0	3	4 3 36 1
136	64	0.0	3	1 2 57 4
137	73	0.0	3	5 3 64 1
138	64	0.0	3	3 0 60 1
139	77	0.0	3	1 1 72 3
140	107	0.0	3	2 2 102 1
141	75	0.0	3	5 2 65 3
142	85	0.0	3	4 1 77 3
143	140	0.0	3	3 3 128 6
144	175	0.0	3	5 4 161 5
145	137	0.0	3	4 3 124 6
146	220	0.0	3	3 3 205 9
147	249	0.0	3	1 1 246 1
148	442	0.0	3	1 6 421 14
149	1183	0.0	3	3 5 1134 41
150	2693	0.0	3	4 13 2586 90


=== Second read: Adapter 2 ===

Sequence: AGATCGGAAGAGCGTCGTGTAGGGAAAGAGTGTA; Type: regular 3'; Length: 34; Trimmed: 7083959 times

No. of allowed errors:
0-9 bp: 0; 10-19 bp: 1; 20-29 bp: 2; 30-34 bp: 3

Bases preceding removed adapters:
  A: 14.8%
  C: 36.0%
  G: 35.7%
  T: 13.5%
  none/other: 0.0%

Overview of removed sequences
length	count	expect	max.err	error counts
3	431643	259469.7	0	431643
4	158122	64867.4	0	158122
5	288146	16216.9	0	288146
8	92103	253.4	0	92103
9	183542	63.3	0	183542
10	747	15.8	1	0 747
11	240609	4.0	1	185460 55149
12	576	1.0	1	0 576
13	258430	0.2	1	197042 61388
14	400	0.1	1	0 400
15	122237	0.0	1	94735 27502
16	257738	0.0	1	197621 60117
17	478	0.0	1	0 478
18	236017	0.0	1	183804 51904 309
19	800	0.0	1	0 518 282
20	128366	0.0	2	95227 29814 3325
21	510286	0.0	2	382373 117086 10827
22	1985	0.0	2	0 1216 769
23	522	0.0	2	0 194 328
24	742	0.0	2	0 484 258
25	129550	0.0	2	96014 30196 3340
26	131209	0.0	2	96363 31164 3682
27	257128	0.0	2	190608 60192 6328
28	2459	0.0	2	0 1550 780 129
29	255268	0.0	2	188058 60342 6782 86
30	2479	0.0	3	0 1500 707 272
31	250153	0.0	3	183491 56983 6454 3225
32	2642	0.0	3	0 1679 666 297
33	253108	0.0	3	184490 58969 6863 2786
34	2143	0.0	3	37 775 899 432
35	124229	0.0	3	23 90492 30006 3708
36	128025	0.0	3	21 92627 31052 4325
37	118262	0.0	3	26 87131 27729 3376
38	122662	0.0	3	31 88944 29494 4193
39	112144	0.0	3	17 82684 26382 3061
40	115175	0.0	3	25 83488 27920 3742
41	219577	0.0	3	63 161282 51867 6365
42	2722	0.0	3	1 376 1640 705
43	211388	0.0	3	61 156727 48774 5826
44	1956	0.0	3	0 280 1170 506
45	105594	0.0	3	25 77219 25201 3149
46	201384	0.0	3	36 149267 46488 5593
47	2171	0.0	3	1 490 1141 539
48	95338	0.0	3	14 69720 22901 2703
49	92753	0.0	3	18 68164 21802 2769
50	86869	0.0	3	20 63520 20554 2775
51	88014	0.0	3	15 63942 21232 2825
52	280572	0.0	3	60 213180 59446 7886
53	1587	0.0	3	1 344 863 379
54	1403	0.0	3	1 179 887 336
55	169726	0.0	3	35 124007 41858 3826
56	998	0.0	3	2 232 507 257
57	568	0.0	3	2 71 336 159
58	54940	0.0	3	13 39974 13444 1509
59	89758	0.0	3	22 65866 21826 2044
60	761	0.0	3	3 121 450 187
61	41650	0.0	3	8 30308 10240 1094
62	76711	0.0	3	31 56366 18402 1912
63	474	0.0	3	0 54 315 105
64	28048	0.0	3	7 20274 7197 570
65	30627	0.0	3	25 22532 7430 640
66	28514	0.0	3	5 20752 7059 698
67	26998	0.0	3	6 19826 6516 650
68	26298	0.0	3	7 19478 6178 635
69	21984	0.0	3	4 16112 5335 533
70	19690	0.0	3	7 14532 4702 449
71	17629	0.0	3	1 12999 4202 427
72	15801	0.0	3	12 11682 3772 335
73	15213	0.0	3	0 11438 3455 320
74	16338	0.0	3	2 12823 3178 335
75	21793	0.0	3	1 17785 3591 416
76	14908	0.0	3	1 11570 2983 354
77	7405	0.0	3	2 5127 2046 230
78	5505	0.0	3	3 3778 1587 137
79	4849	0.0	3	1 3223 1489 136
80	4507	0.0	3	1 3026 1372 108
81	3774	0.0	3	0 2528 1139 107
82	3031	0.0	3	2 2015 951 63
83	2640	0.0	3	1 1803 774 62
84	2278	0.0	3	1 1536 685 56
85	2043	0.0	3	0 1374 621 48
86	1738	0.0	3	1 1140 550 47
87	1393	0.0	3	0 867 486 40
88	1223	0.0	3	1 812 387 23
89	1088	0.0	3	1 675 390 22
90	804	0.0	3	0 536 246 22
91	664	0.0	3	0 418 228 18
92	579	0.0	3	0 381 184 14
93	515	0.0	3	1 323 182 9
94	387	0.0	3	1 245 130 11
95	350	0.0	3	0 231 110 9
96	352	0.0	3	1 213 121 17
97	233	0.0	3	0 151 76 6
98	213	0.0	3	0 130 77 6
99	185	0.0	3	0 119 62 4
100	174	0.0	3	0 111 58 5
101	135	0.0	3	0 72 57 6
102	131	0.0	3	0 84 42 5
103	117	0.0	3	0 79 32 6
104	102	0.0	3	0 61 32 9
105	69	0.0	3	0 43 22 4
106	76	0.0	3	0 43 33
107	48	0.0	3	0 32 14 2
108	65	0.0	3	0 33 28 4
109	48	0.0	3	1 31 13 3
110	47	0.0	3	0 24 22 1
111	44	0.0	3	0 19 23 2
112	36	0.0	3	0 19 13 4
113	29	0.0	3	0 13 15 1
114	26	0.0	3	0 16 8 2
115	14	0.0	3	0 8 4 2
116	12	0.0	3	0 7 3 2
117	28	0.0	3	0 15 9 4
118	18	0.0	3	0 10 2 6
119	13	0.0	3	0 7 3 3
120	12	0.0	3	0 5 4 3
121	18	0.0	3	0 7 7 4
122	15	0.0	3	0 8 4 3
123	7	0.0	3	0 3 1 3
124	13	0.0	3	0 5 3 5
125	16	0.0	3	0 7 4 5
126	16	0.0	3	0 3 5 8
127	14	0.0	3	0 2 2 10
128	20	0.0	3	0 3 3 14
129	18	0.0	3	0 2 3 13
130	28	0.0	3	0 5 0 23
131	20	0.0	3	0 1 1 18
132	39	0.0	3	0 2 1 36
133	38	0.0	3	0 3 3 32
134	39	0.0	3	0 7 0 32
135	44	0.0	3	0 7 1 36
136	60	0.0	3	0 4 2 54
137	61	0.0	3	0 7 3 51
138	73	0.0	3	0 4 3 66
139	68	0.0	3	0 1 1 66
140	78	0.0	3	0 4 0 74
141	93	0.0	3	0 3 4 86
142	95	0.0	3	0 2 1 92
143	117	0.0	3	0 3 3 111
144	137	0.0	3	0 1 3 133
145	176	0.0	3	0 2 1 173
146	185	0.0	3	0 2 1 182
147	235	0.0	3	0 0 7 228
148	402	0.0	3	0 2 5 395
149	999	0.0	3	0 0 6 993
150	2955	0.0	3	0 1 28 2926
