This is cutadapt 2.9 with Python 3.5.2
Command line parameters: --nextseq-trim 10 --minimum-length 25 --cores 4 -a AGATCGGAAGAGCACACGTCTGAACTCCAGTCAC -A AGATCGGAAGAGCGTCGTGTAGGGAAAGAGTGTA -o Mcapitata_HTHC_TP8_1246_R1_TrimmingRound1.fastq.gz -p Mcapitata_HTHC_TP8_1246_R2_TrimmingRound1.fastq.gz Mcapitata_HTHC_TP8_1246_R1.fastq.gz Mcapitata_HTHC_TP8_1246_R2.fastq.gz
Processing reads on 4 cores in paired-end mode ...
Finished in 359.82 s (33 us/read; 1.80 M reads/minute).

=== Summary ===

Total read pairs processed:         10,799,607
  Read 1 with adapter:               4,368,964 (40.5%)
  Read 2 with adapter:               3,769,478 (34.9%)
Pairs written (passing filters):    10,676,197 (98.9%)

Total basepairs processed: 3,239,882,100 bp
  Read 1: 1,619,941,050 bp
  Read 2: 1,619,941,050 bp
Quality-trimmed:              31,199,937 bp (1.0%)
  Read 1:     3,625,350 bp
  Read 2:    27,574,587 bp
Total written (filtered):  2,959,101,910 bp (91.3%)
  Read 1: 1,468,885,765 bp
  Read 2: 1,490,216,145 bp

=== First read: Adapter 1 ===

Sequence: AGATCGGAAGAGCACACGTCTGAACTCCAGTCAC; Type: regular 3'; Length: 34; Trimmed: 4368964 times

No. of allowed errors:
0-9 bp: 0; 10-19 bp: 1; 20-29 bp: 2; 30-34 bp: 3

Bases preceding removed adapters:
  A: 17.2%
  C: 37.3%
  G: 21.4%
  T: 24.2%
  none/other: 0.0%

Overview of removed sequences
length	count	expect	max.err	error counts
3	202633	168743.9	0	202633
4	93548	42186.0	0	93548
5	192315	10546.5	0	192315
8	62164	164.8	0	62164
9	123646	41.2	0	123646
10	398	10.3	1	0 398
11	163718	2.6	1	124430 39288
12	370	0.6	1	0 370
13	83390	0.2	1	63466 19924
14	83193	0.0	1	62981 20212
15	83759	0.0	1	63666 20093
16	84219	0.0	1	63736 20483
17	166507	0.0	1	126467 40040
18	698	0.0	1	0 551 147
19	83034	0.0	1	62596 20103 335
20	84555	0.0	2	62899 20714 942
21	166915	0.0	2	124960 40167 1788
22	1065	0.0	2	0 729 336
23	84308	0.0	2	62962 20375 971
24	84595	0.0	2	62706 20838 1051
25	83881	0.0	2	62552 20286 1043
26	83852	0.0	2	61903 20758 1191
27	83261	0.0	2	61308 20704 1249
28	81917	0.0	2	60304 20364 1229 20
29	160259	0.0	2	119475 38847 1862 75
30	1564	0.0	3	0 928 440 196
31	79159	0.0	3	58344 19238 1143 434
32	78581	0.0	3	57409 19493 1214 465
33	78384	0.0	3	57403 19372 1224 385
34	78723	0.0	3	57372 19805 1171 375
35	152267	0.0	3	112927 36864 1848 628
36	1989	0.0	3	62 1356 500 71
37	145821	0.0	3	108105 35315 1636 765
38	1357	0.0	3	28 869 392 68
39	71675	0.0	3	52863 17451 1001 360
40	70192	0.0	3	51179 17710 975 328
41	134402	0.0	3	100600 31865 1376 561
42	1264	0.0	3	79 796 303 86
43	65266	0.0	3	48273 15848 854 291
44	64797	0.0	3	47821 15665 921 390
45	71956	0.0	3	52941 17733 946 336
46	52733	0.0	3	38457 13313 755 208
47	114589	0.0	3	85258 27746 1123 462
48	993	0.0	3	71 637 252 33
49	53205	0.0	3	39176 13094 678 257
50	51453	0.0	3	37487 13018 713 235
51	93916	0.0	3	70052 22631 908 325
52	1434	0.0	3	288 733 329 84
53	45084	0.0	3	32990 11363 549 182
54	83494	0.0	3	62254 20140 770 330
55	775	0.0	3	58 485 207 25
56	38081	0.0	3	28381 9114 425 161
57	35847	0.0	3	26287 9006 422 132
58	34253	0.0	3	24880 8795 433 145
59	31070	0.0	3	22674 7919 358 119
60	29575	0.0	3	21499 7611 357 108
61	48976	0.0	3	36505 11787 509 175
62	461	0.0	3	35 291 108 27
63	22878	0.0	3	16840 5675 274 89
64	21642	0.0	3	15648 5641 269 84
65	35649	0.0	3	26239 9020 291 99
66	350	0.0	3	52 214 70 14
67	15861	0.0	3	11631 3952 192 86
68	15153	0.0	3	10899 3931 243 80
69	15757	0.0	3	11006 4406 287 58
70	67444	0.0	3	50033 16976 347 88
71	14548	0.0	3	10495 3737 236 80
72	6149	0.0	3	4316 1610 156 67
73	1226	0.0	3	794 340 70 22
74	438	0.0	3	243 151 24 20
75	161	0.0	3	85 48 21 7
76	68	0.0	3	33 16 10 9
77	32	0.0	3	10 13 6 3
78	18	0.0	3	8 6 4
79	18	0.0	3	10 4 3 1
80	9	0.0	3	2 3 2 2
81	4	0.0	3	2 1 0 1
82	2	0.0	3	1 0 0 1
83	5	0.0	3	1 1 1 2
84	1	0.0	3	0 0 1
85	1	0.0	3	0 1
87	1	0.0	3	1
88	1	0.0	3	0 1
90	2	0.0	3	0 1 0 1
93	1	0.0	3	0 0 0 1
99	1	0.0	3	0 0 0 1
103	1	0.0	3	0 0 1
105	3	0.0	3	0 1 1 1
141	1	0.0	3	0 0 0 1
150	3	0.0	3	0 2 1


=== Second read: Adapter 2 ===

Sequence: AGATCGGAAGAGCGTCGTGTAGGGAAAGAGTGTA; Type: regular 3'; Length: 34; Trimmed: 3769478 times

No. of allowed errors:
0-9 bp: 0; 10-19 bp: 1; 20-29 bp: 2; 30-34 bp: 3

Bases preceding removed adapters:
  A: 10.2%
  C: 42.2%
  G: 35.2%
  T: 12.4%
  none/other: 0.0%

Overview of removed sequences
length	count	expect	max.err	error counts
3	313220	168743.9	0	313220
4	107763	42186.0	0	107763
5	190868	10546.5	0	190868
8	61792	164.8	0	61792
9	122327	41.2	0	122327
10	366	10.3	1	0 366
11	133001	2.6	1	123478 9523
12	223	0.6	1	0 223
13	135503	0.2	1	125310 10193
14	133	0.0	1	0 133
15	67992	0.0	1	62802 5190
16	137125	0.0	1	126639 10486
17	447	0.0	1	0 447
18	133396	0.0	1	123640 9679 77
19	429	0.0	1	0 336 93
20	67732	0.0	2	60981 5997 754
21	269326	0.0	2	242608 23557 3161
22	1018	0.0	2	0 721 297
23	135	0.0	2	0 63 72
24	346	0.0	2	0 284 62
25	67585	0.0	2	60449 6216 920
26	67765	0.0	2	59066 7605 1094
27	131530	0.0	2	116240 13299 1991
28	1205	0.0	2	0 940 204 61
29	129616	0.0	2	113706 13828 2068 14
30	1226	0.0	3	0 993 151 82
31	125703	0.0	3	109802 12909 1963 1029
32	930	0.0	3	0 658 207 65
33	63846	0.0	3	54692 7609 1101 444
34	189021	0.0	3	164432 20254 3031 1304
35	1975	0.0	3	468 866 337 304
36	530	0.0	3	27 391 73 39
37	62070	0.0	3	53648 7055 976 391
38	52971	0.0	3	46226 5647 745 353
39	58636	0.0	3	50750 6523 960 403
40	57040	0.0	3	48736 6839 1048 417
41	128926	0.0	3	111494 14478 2163 791
42	3395	0.0	3	1097 1700 369 229
43	166050	0.0	3	145063 17883 2315 789
44	1970	0.0	3	498 997 321 154
45	61596	0.0	3	53649 6763 849 335
46	122125	0.0	3	108495 11717 1387 526
47	8558	0.0	3	6256 1649 404 249
48	44771	0.0	3	38797 4933 716 325
49	104938	0.0	3	93092 10048 1301 497
50	27664	0.0	3	23352 3377 608 327
51	93041	0.0	3	82840 8696 983 522
52	92231	0.0	3	82440 7773 1222 796
53	1044	0.0	3	347 462 134 101
54	313	0.0	3	59 196 41 17
55	25415	0.0	3	23124 1919 246 126
56	390	0.0	3	195 133 35 27
57	157	0.0	3	44 78 28 7
58	12749	0.0	3	11449 1058 139 103
59	11793	0.0	3	10698 927 113 55
60	158	0.0	3	22 106 21 9
61	6322	0.0	3	5624 594 66 38
62	15254	0.0	3	13801 1197 163 93
63	142	0.0	3	35 74 22 11
64	3225	0.0	3	2899 273 33 20
65	5391	0.0	3	4799 487 70 35
66	8426	0.0	3	7592 699 84 51
67	4555	0.0	3	4039 416 61 39
68	7330	0.0	3	6525 641 100 64
69	5533	0.0	3	4864 552 82 35
70	7104	0.0	3	6345 639 72 48
71	5234	0.0	3	4633 476 89 36
72	5374	0.0	3	4762 510 71 31
73	5610	0.0	3	4962 521 78 49
74	5670	0.0	3	5033 521 80 36
75	7534	0.0	3	6711 674 93 56
76	6992	0.0	3	6287 552 91 62
77	2641	0.0	3	2292 248 51 50
78	1287	0.0	3	1126 118 21 22
79	773	0.0	3	675 75 16 7
80	603	0.0	3	532 47 9 15
81	488	0.0	3	430 45 9 4
82	394	0.0	3	344 31 12 7
83	403	0.0	3	352 34 11 6
84	300	0.0	3	270 14 10 6
85	279	0.0	3	246 25 6 2
86	168	0.0	3	144 16 7 1
87	95	0.0	3	83 10 1 1
88	101	0.0	3	88 6 2 5
89	33	0.0	3	28 2 2 1
90	28	0.0	3	22 3 2 1
91	26	0.0	3	24 2
92	9	0.0	3	8 0 0 1
93	12	0.0	3	9 2 0 1
94	21	0.0	3	19 0 1 1
95	14	0.0	3	12 1 1
96	5	0.0	3	4 0 0 1
97	3	0.0	3	2 0 0 1
98	4	0.0	3	1 1 1 1
99	2	0.0	3	2
100	4	0.0	3	3 0 1
101	6	0.0	3	5 1
102	1	0.0	3	1
105	1	0.0	3	0 0 1
106	1	0.0	3	1
107	1	0.0	3	0 0 0 1
108	1	0.0	3	1
109	1	0.0	3	0 0 1
113	1	0.0	3	1
122	1	0.0	3	1
