This is cutadapt 2.9 with Python 3.5.2
Command line parameters: --nextseq-trim 10 --minimum-length 25 --cores 4 -a AGATCGGAAGAGCACACGTCTGAACTCCAGTCAC -A AGATCGGAAGAGCGTCGTGTAGGGAAAGAGTGTA -o Mcapitata_HTAC_TP11_1248_R1_TrimmingRound1.fastq.gz -p Mcapitata_HTAC_TP11_1248_R2_TrimmingRound1.fastq.gz Mcapitata_HTAC_TP11_1248_R1.fastq.gz Mcapitata_HTAC_TP11_1248_R2.fastq.gz
Processing reads on 4 cores in paired-end mode ...
Finished in 777.41 s (38 us/read; 1.58 M reads/minute).

=== Summary ===

Total read pairs processed:         20,465,106
  Read 1 with adapter:               7,925,980 (38.7%)
  Read 2 with adapter:               8,085,265 (39.5%)
Pairs written (passing filters):    20,345,352 (99.4%)

Total basepairs processed: 6,139,531,800 bp
  Read 1: 3,069,765,900 bp
  Read 2: 3,069,765,900 bp
Quality-trimmed:              12,937,812 bp (0.2%)
  Read 1:     5,506,208 bp
  Read 2:     7,431,604 bp
Total written (filtered):  5,468,878,345 bp (89.1%)
  Read 1: 2,734,868,267 bp
  Read 2: 2,734,010,078 bp

=== First read: Adapter 1 ===

Sequence: AGATCGGAAGAGCACACGTCTGAACTCCAGTCAC; Type: regular 3'; Length: 34; Trimmed: 7925980 times

No. of allowed errors:
0-9 bp: 0; 10-19 bp: 1; 20-29 bp: 2; 30-34 bp: 3

Bases preceding removed adapters:
  A: 18.1%
  C: 29.2%
  G: 35.3%
  T: 17.2%
  none/other: 0.2%

Overview of removed sequences
length	count	expect	max.err	error counts
3	369113	319767.3	0	369113
4	152175	79941.8	0	152175
5	286966	19985.5	0	286966
8	90802	312.3	0	90802
9	183232	78.1	0	183232
10	615	19.5	1	0 615
11	188639	4.9	1	184693 3946
12	548	1.2	1	0 548
13	95105	0.3	1	92543 2562
14	95843	0.1	1	93090 2753
15	94847	0.0	1	92017 2830
16	95026	0.0	1	91876 3150
17	188620	0.0	1	182946 5674
18	648	0.0	1	0 568 80
19	96658	0.0	1	93256 3264 138
20	97294	0.0	2	93137 3860 297
21	194597	0.0	2	187617 6432 548
22	891	0.0	2	0 822 69
23	98968	0.0	2	94830 3767 371
24	98863	0.0	2	94394 4056 413
25	98642	0.0	2	93928 4324 390
26	98242	0.0	2	93494 4371 377
27	98129	0.0	2	93275 4302 552
28	98679	0.0	2	92841 5397 369 72
29	196535	0.0	2	187469 8203 769 94
30	1454	0.0	3	0 936 144 374
31	100494	0.0	3	94720 5162 497 115
32	100399	0.0	3	94339 5434 503 123
33	101282	0.0	3	95038 5696 444 104
34	101017	0.0	3	94693 5663 553 108
35	102058	0.0	3	94840 6660 467 91
36	198275	0.0	3	187572 9727 803 173
37	1350	0.0	3	66 1096 171 17
38	100979	0.0	3	94228 6171 473 107
39	198306	0.0	3	187865 9593 687 161
40	1347	0.0	3	106 1090 121 30
41	101770	0.0	3	95675 5539 461 95
42	100875	0.0	3	94620 5742 419 94
43	102298	0.0	3	95947 5820 420 111
44	101796	0.0	3	95395 5852 453 96
45	102752	0.0	3	96340 5860 476 76
46	100599	0.0	3	93522 6565 413 99
47	197700	0.0	3	187457 9448 654 141
48	1287	0.0	3	134 1021 94 38
49	99480	0.0	3	93659 5313 439 69
50	99604	0.0	3	93055 6144 315 90
51	194463	0.0	3	184701 9016 585 161
52	1482	0.0	3	161 1150 158 13
53	98845	0.0	3	92366 6026 360 93
54	195490	0.0	3	185636 9183 563 108
55	1359	0.0	3	150 1061 113 35
56	96686	0.0	3	90891 5396 323 76
57	95449	0.0	3	89713 5300 366 70
58	93381	0.0	3	87676 5280 337 88
59	92376	0.0	3	86810 5122 383 61
60	91448	0.0	3	85208 5873 296 71
61	177889	0.0	3	168655 8644 506 84
62	1214	0.0	3	167 912 92 43
63	89029	0.0	3	83781 4850 343 55
64	88766	0.0	3	82708 5662 325 71
65	169608	0.0	3	160980 8024 518 86
66	1159	0.0	3	137 927 74 21
67	82565	0.0	3	77900 4309 312 44
68	80121	0.0	3	75315 4448 299 59
69	76663	0.0	3	72161 4146 299 57
70	73838	0.0	3	69557 3948 284 49
71	71913	0.0	3	67610 4016 245 42
72	87060	0.0	3	82260 4451 284 65
73	66940	0.0	3	63128 3515 248 49
74	65857	0.0	3	62144 3462 223 28
75	62976	0.0	3	59309 3380 256 31
76	60662	0.0	3	57244 3210 166 42
77	58291	0.0	3	55038 3023 201 29
78	49213	0.0	3	46377 2646 152 38
79	47247	0.0	3	44589 2496 134 28
80	44039	0.0	3	41625 2259 128 27
81	38453	0.0	3	36200 2095 138 20
82	36122	0.0	3	34092 1894 114 22
83	32857	0.0	3	31052 1699 91 15
84	29788	0.0	3	28174 1509 89 16
85	26378	0.0	3	24843 1439 77 19
86	24138	0.0	3	22818 1249 58 13
87	22640	0.0	3	21393 1173 64 10
88	20632	0.0	3	19512 1053 59 8
89	17635	0.0	3	16658 912 52 13
90	15731	0.0	3	14882 806 37 6
91	13473	0.0	3	12776 646 39 12
92	11611	0.0	3	10993 578 34 6
93	8980	0.0	3	8473 471 32 4
94	7648	0.0	3	7262 356 20 10
95	7085	0.0	3	6717 333 26 9
96	5594	0.0	3	5256 307 23 8
97	5139	0.0	3	4836 280 14 9
98	4618	0.0	3	4369 232 16 1
99	4146	0.0	3	3910 211 21 4
100	3499	0.0	3	3298 183 12 6
101	2947	0.0	3	2779 151 15 2
102	2372	0.0	3	2244 114 11 3
103	1728	0.0	3	1609 107 10 2
104	1522	0.0	3	1425 86 4 7
105	1347	0.0	3	1265 77 2 3
106	1196	0.0	3	1137 53 2 4
107	1009	0.0	3	939 61 9
108	925	0.0	3	860 60 4 1
109	818	0.0	3	765 47 5 1
110	735	0.0	3	678 47 7 3
111	681	0.0	3	641 34 3 3
112	628	0.0	3	584 40 3 1
113	551	0.0	3	510 37 4
114	502	0.0	3	453 42 6 1
115	401	0.0	3	371 26 3 1
116	488	0.0	3	452 31 3 2
117	400	0.0	3	356 38 5 1
118	411	0.0	3	367 39 5
119	422	0.0	3	390 28 4
120	501	0.0	3	454 44 2 1
121	441	0.0	3	399 39 2 1
122	437	0.0	3	390 42 4 1
123	439	0.0	3	390 46 3
124	486	0.0	3	432 47 7
125	480	0.0	3	431 49
126	534	0.0	3	472 59 2 1
127	610	0.0	3	534 71 3 2
128	650	0.0	3	585 61 4
129	646	0.0	3	575 66 4 1
130	697	0.0	3	628 67 2
131	799	0.0	3	735 60 4
132	888	0.0	3	782 98 5 3
133	937	0.0	3	841 92 4
134	961	0.0	3	864 92 5
135	1164	0.0	3	1034 124 5 1
136	1192	0.0	3	1026 161 5
137	1250	0.0	3	1086 152 11 1
138	1237	0.0	3	1051 179 7
139	1202	0.0	3	973 219 8 2
140	1478	0.0	3	1229 228 21
141	1592	0.0	3	1292 282 16 2
142	1089	0.0	3	756 312 18 3
143	1289	0.0	3	815 448 22 4
144	1512	0.0	3	852 621 38 1
145	1600	0.0	3	912 645 43
146	2338	0.0	3	1063 1207 67 1
147	3811	0.0	3	923 2711 167 10
148	8104	0.0	3	443 7228 412 21
149	23655	0.0	3	698 21632 1274 51
150	57883	0.0	3	1922 52839 2986 136


=== Second read: Adapter 2 ===

Sequence: AGATCGGAAGAGCGTCGTGTAGGGAAAGAGTGTA; Type: regular 3'; Length: 34; Trimmed: 8085265 times

No. of allowed errors:
0-9 bp: 0; 10-19 bp: 1; 20-29 bp: 2; 30-34 bp: 3

Bases preceding removed adapters:
  A: 17.5%
  C: 28.1%
  G: 44.0%
  T: 10.0%
  none/other: 0.4%

Overview of removed sequences
length	count	expect	max.err	error counts
3	506919	319767.3	0	506919
4	186175	79941.8	0	186175
5	289137	19985.5	0	289137
8	90926	312.3	0	90926
9	180650	78.1	0	180650
10	4101	19.5	1	0 4101
11	184149	4.9	1	181155 2994
12	5114	1.2	1	0 5114
13	185424	0.3	1	181978 3446
14	3494	0.1	1	0 3494
15	96308	0.0	1	89404 6904
16	183431	0.0	1	178580 4851
17	7002	0.0	1	0 7002
18	181547	0.0	1	176819 4260 468
19	5834	0.0	1	0 4668 1166
20	106586	0.0	2	89408 16399 779
21	373440	0.0	2	360105 11752 1583
22	3389	0.0	2	0 3193 196
23	619	0.0	2	0 130 489
24	4498	0.0	2	0 3967 531
25	97768	0.0	2	89662 6876 1230
26	101709	0.0	2	89261 11628 820
27	186421	0.0	2	177515 7158 1748
28	10231	0.0	2	0 9742 389 100
29	188074	0.0	2	179487 6738 1793 56
30	10702	0.0	3	0 10147 423 132
31	188731	0.0	3	179750 6903 1452 626
32	7563	0.0	3	0 6057 1370 136
33	108186	0.0	3	90721 16107 1078 280
34	285268	0.0	3	269664 13163 1783 658
35	3746	0.0	3	116 3028 528 74
36	4740	0.0	3	51 4020 589 80
37	99109	0.0	3	89618 8080 1147 264
38	99896	0.0	3	89286 9161 1145 304
39	99734	0.0	3	89093 8992 1395 254
40	104561	0.0	3	90304 12976 933 348
41	192743	0.0	3	181306 9146 1900 391
42	10868	0.0	3	68 10195 498 107
43	192087	0.0	3	182289 7962 1399 437
44	7457	0.0	3	175 6182 1019 81
45	104070	0.0	3	90732 12155 904 279
46	190966	0.0	3	180412 8715 1456 383
47	7035	0.0	3	211 6161 586 77
48	97808	0.0	3	88793 7828 974 213
49	99560	0.0	3	89495 8756 1022 287
50	99279	0.0	3	88346 8885 1823 225
51	105262	0.0	3	87457 16517 1050 238
52	280430	0.0	3	266163 12201 1534 532
53	4731	0.0	3	352 3069 1253 57
54	12415	0.0	3	60 11814 468 73
55	272827	0.0	3	261370 9759 1330 368
56	3899	0.0	3	394 2940 472 93
57	4868	0.0	3	71 3938 812 47
58	95663	0.0	3	84464 10366 650 183
59	173510	0.0	3	165258 6875 1079 298
60	6638	0.0	3	222 5539 830 47
61	92794	0.0	3	81746 10218 651 179
62	169738	0.0	3	161950 6460 1086 242
63	6036	0.0	3	191 5293 483 69
64	86462	0.0	3	79382 6147 781 152
65	86735	0.0	3	78729 7118 743 145
66	84531	0.0	3	76649 6965 781 136
67	82679	0.0	3	75197 6576 738 168
68	80106	0.0	3	72852 6378 715 161
69	76590	0.0	3	69771 6036 631 152
70	73707	0.0	3	66782 6197 618 110
71	71574	0.0	3	65199 5637 619 119
72	68746	0.0	3	62627 5448 569 102
73	67038	0.0	3	61079 5303 536 120
74	64492	0.0	3	58827 5014 556 95
75	62066	0.0	3	56064 5357 538 107
76	70008	0.0	3	64120 5255 537 96
77	57197	0.0	3	52142 4546 424 85
78	52328	0.0	3	47694 4128 421 85
79	48759	0.0	3	44487 3859 349 64
80	46251	0.0	3	42374 3492 318 67
81	40178	0.0	3	36785 3016 314 63
82	36921	0.0	3	33698 2866 294 63
83	32564	0.0	3	29684 2580 254 46
84	29570	0.0	3	26987 2315 221 47
85	28055	0.0	3	25687 2109 215 44
86	24316	0.0	3	22262 1844 175 35
87	22449	0.0	3	20537 1694 182 36
88	20483	0.0	3	18755 1519 170 39
89	18904	0.0	3	17202 1497 161 44
90	16171	0.0	3	14789 1213 137 32
91	13678	0.0	3	12511 1025 112 30
92	11366	0.0	3	10390 852 102 22
93	9401	0.0	3	8575 711 94 21
94	7853	0.0	3	7169 595 70 19
95	6824	0.0	3	6267 480 60 17
96	5821	0.0	3	5305 456 51 9
97	5167	0.0	3	4690 414 49 14
98	4746	0.0	3	4327 371 34 14
99	4075	0.0	3	3701 321 40 13
100	3460	0.0	3	3125 293 33 9
101	3019	0.0	3	2741 244 25 9
102	2273	0.0	3	2051 180 31 11
103	1870	0.0	3	1694 149 20 7
104	1598	0.0	3	1435 138 22 3
105	1373	0.0	3	1234 108 17 14
106	1215	0.0	3	1091 92 18 14
107	1122	0.0	3	992 106 17 7
108	978	0.0	3	882 72 18 6
109	877	0.0	3	775 80 17 5
110	806	0.0	3	727 63 13 3
111	701	0.0	3	621 60 12 8
112	664	0.0	3	585 65 9 5
113	594	0.0	3	505 71 13 5
114	537	0.0	3	457 66 6 8
115	458	0.0	3	377 60 12 9
116	559	0.0	3	462 75 15 7
117	426	0.0	3	368 42 11 5
118	443	0.0	3	372 55 7 9
119	463	0.0	3	400 51 6 6
120	486	0.0	3	420 48 13 5
121	504	0.0	3	429 57 14 4
122	438	0.0	3	385 36 11 6
123	447	0.0	3	364 66 8 9
124	490	0.0	3	427 48 11 4
125	535	0.0	3	461 59 11 4
126	574	0.0	3	487 72 8 7
127	604	0.0	3	495 83 19 7
128	635	0.0	3	567 61 4 3
129	627	0.0	3	544 68 11 4
130	717	0.0	3	617 85 12 3
131	794	0.0	3	709 77 7 1
132	872	0.0	3	765 93 12 2
133	887	0.0	3	765 114 6 2
134	986	0.0	3	850 129 5 2
135	1127	0.0	3	980 123 19 5
136	1198	0.0	3	1043 134 17 4
137	1205	0.0	3	1027 158 17 3
138	1176	0.0	3	989 169 14 4
139	1160	0.0	3	956 184 16 4
140	1407	0.0	3	1143 243 18 3
141	1549	0.0	3	1281 256 10 2
142	1035	0.0	3	750 267 14 4
143	1148	0.0	3	804 322 19 3
144	1309	0.0	3	820 458 28 3
145	1428	0.0	3	902 488 32 6
146	1945	0.0	3	1024 861 57 3
147	2733	0.0	3	930 1680 115 8
148	5279	0.0	3	380 4553 328 18
149	19849	0.0	3	638 17819 1306 86
150	65008	0.0	3	2094 58565 4080 269
