This is cutadapt 2.9 with Python 3.5.2
Command line parameters: --nextseq-trim 10 --minimum-length 25 --cores 4 -a AGATCGGAAGAGCACACGTCTGAACTCCAGTCAC -A AGATCGGAAGAGCGTCGTGTAGGGAAAGAGTGTA -o Mcapitata_HTHC_TP7_1126_R1_TrimmingRound1.fastq.gz -p Mcapitata_HTHC_TP7_1126_R2_TrimmingRound1.fastq.gz Mcapitata_HTHC_TP7_1126_R1.fastq.gz Mcapitata_HTHC_TP7_1126_R2.fastq.gz
Processing reads on 4 cores in paired-end mode ...
Finished in 628.52 s (36 us/read; 1.66 M reads/minute).

=== Summary ===

Total read pairs processed:         17,390,696
  Read 1 with adapter:               6,971,117 (40.1%)
  Read 2 with adapter:               6,850,615 (39.4%)
Pairs written (passing filters):    17,362,256 (99.8%)

Total basepairs processed: 5,217,208,800 bp
  Read 1: 2,608,604,400 bp
  Read 2: 2,608,604,400 bp
Quality-trimmed:              11,784,356 bp (0.2%)
  Read 1:     4,871,588 bp
  Read 2:     6,912,768 bp
Total written (filtered):  4,799,016,168 bp (92.0%)
  Read 1: 2,395,670,530 bp
  Read 2: 2,403,345,638 bp

=== First read: Adapter 1 ===

Sequence: AGATCGGAAGAGCACACGTCTGAACTCCAGTCAC; Type: regular 3'; Length: 34; Trimmed: 6971117 times

No. of allowed errors:
0-9 bp: 0; 10-19 bp: 1; 20-29 bp: 2; 30-34 bp: 3

Bases preceding removed adapters:
  A: 14.6%
  C: 27.5%
  G: 38.6%
  T: 19.2%
  none/other: 0.0%

Overview of removed sequences
length	count	expect	max.err	error counts
3	366520	271729.6	0	366520
4	168753	67932.4	0	168753
5	356508	16983.1	0	356508
8	115828	265.4	0	115828
9	231678	66.3	0	231678
10	473	16.6	1	0 473
11	261311	4.1	1	235215 26096
12	407	1.0	1	0 407
13	131672	0.3	1	118112 13560
14	132568	0.1	1	118566 14002
15	129893	0.0	1	115834 14059
16	129901	0.0	1	115618 14283
17	257248	0.0	1	229234 28014
18	841	0.0	1	0 736 105
19	128390	0.0	1	114104 13955 331
20	131878	0.0	2	115220 15331 1327
21	259939	0.0	2	228750 28620 2569
22	1358	0.0	2	0 1066 292
23	131337	0.0	2	114675 15005 1657
24	130487	0.0	2	113320 15638 1529
25	129812	0.0	2	112604 15402 1806
26	128242	0.0	2	111471 15179 1592
27	125840	0.0	2	108621 15270 1949
28	126262	0.0	2	108550 15909 1724 79
29	245982	0.0	2	214338 28277 2968 399
30	2160	0.0	3	0 1456 402 302
31	122414	0.0	3	105805 14319 1733 557
32	124665	0.0	3	106417 15512 2071 665
33	120701	0.0	3	103308 14925 1874 594
34	121091	0.0	3	102941 15513 1974 663
35	118725	0.0	3	101238 14829 2061 597
36	118155	0.0	3	99228 16259 2038 630
37	328296	0.0	3	283631 38560 4539 1566
38	2023	0.0	3	330 1199 402 92
39	2026	0.0	3	195 1500 225 106
40	208521	0.0	3	181453 23529 2668 871
41	2053	0.0	3	179 1465 317 92
42	102026	0.0	3	87803 12265 1501 457
43	101140	0.0	3	86660 12314 1664 502
44	98745	0.0	3	84983 11869 1390 503
45	98494	0.0	3	84487 11547 1909 551
46	89145	0.0	3	76585 11031 1119 410
47	170905	0.0	3	149080 19128 2049 648
48	1798	0.0	3	274 1162 258 104
49	80467	0.0	3	69665 9330 1141 331
50	78682	0.0	3	67491 9741 1036 414
51	142264	0.0	3	124710 15412 1576 566
52	1596	0.0	3	268 1019 262 47
53	69504	0.0	3	59963 8410 866 265
54	126846	0.0	3	110853 14032 1482 479
55	1318	0.0	3	227 879 154 58
56	58926	0.0	3	51285 6745 661 235
57	54076	0.0	3	46807 6376 690 203
58	50951	0.0	3	44230 5941 578 202
59	47282	0.0	3	40999 5538 578 167
60	44143	0.0	3	37790 5587 587 179
61	76249	0.0	3	66828 8412 775 234
62	833	0.0	3	134 534 131 34
63	35278	0.0	3	30562 4157 445 114
64	33059	0.0	3	28284 4221 446 108
65	56799	0.0	3	49557 6474 574 194
66	569	0.0	3	87 390 76 16
67	24892	0.0	3	21658 2890 273 71
68	22459	0.0	3	19430 2719 246 64
69	19559	0.0	3	16919 2327 243 70
70	17674	0.0	3	15265 2092 249 68
71	16039	0.0	3	13813 1978 198 50
72	17971	0.0	3	15556 2140 210 65
73	12569	0.0	3	10847 1488 177 57
74	11934	0.0	3	10385 1378 132 39
75	10396	0.0	3	8987 1243 135 31
76	9197	0.0	3	7995 1074 106 22
77	8435	0.0	3	7295 1012 101 27
78	7428	0.0	3	6408 916 85 19
79	6066	0.0	3	5256 724 67 19
80	5187	0.0	3	4459 639 66 23
81	4921	0.0	3	4253 591 63 14
82	3882	0.0	3	3377 456 41 8
83	3562	0.0	3	3103 408 35 16
84	3194	0.0	3	2716 423 43 12
85	2964	0.0	3	2585 331 35 13
86	2571	0.0	3	2247 281 33 10
87	2245	0.0	3	1947 271 22 5
88	2160	0.0	3	1880 259 15 6
89	1592	0.0	3	1382 189 16 5
90	1478	0.0	3	1281 174 20 3
91	1311	0.0	3	1130 160 16 5
92	1159	0.0	3	1015 131 9 4
93	901	0.0	3	790 95 12 4
94	837	0.0	3	707 115 12 3
95	699	0.0	3	582 105 12
96	580	0.0	3	500 69 9 2
97	518	0.0	3	439 69 4 6
98	528	0.0	3	461 61 5 1
99	451	0.0	3	393 54 3 1
100	394	0.0	3	350 40 2 2
101	325	0.0	3	276 45 2 2
102	318	0.0	3	275 39 3 1
103	220	0.0	3	197 20 3
104	193	0.0	3	159 25 4 5
105	149	0.0	3	135 11 3
106	125	0.0	3	111 9 5
107	115	0.0	3	102 10 3
108	114	0.0	3	95 18 1
109	105	0.0	3	83 19 1 2
110	73	0.0	3	62 9 2
111	60	0.0	3	47 11 2
112	44	0.0	3	35 5 4
113	35	0.0	3	31 4
114	39	0.0	3	34 3 2
115	31	0.0	3	20 8 2 1
116	29	0.0	3	17 9 3
117	11	0.0	3	9 0 1 1
118	11	0.0	3	9 1 0 1
119	17	0.0	3	12 2 2 1
120	11	0.0	3	9 1 1
121	10	0.0	3	9 1
122	9	0.0	3	5 0 4
123	11	0.0	3	2 1 8
124	11	0.0	3	4 0 7
125	4	0.0	3	2 0 2
126	14	0.0	3	7 0 5 2
127	8	0.0	3	4 1 3
128	16	0.0	3	4 0 11 1
129	9	0.0	3	3 0 6
130	16	0.0	3	5 3 7 1
131	14	0.0	3	3 2 8 1
132	13	0.0	3	2 1 9 1
133	9	0.0	3	1 0 7 1
134	21	0.0	3	8 1 12
135	19	0.0	3	5 2 12
136	31	0.0	3	8 0 22 1
137	29	0.0	3	2 0 25 2
138	27	0.0	3	3 0 24
139	22	0.0	3	2 0 20
140	50	0.0	3	4 1 42 3
141	59	0.0	3	4 0 50 5
142	75	0.0	3	7 0 66 2
143	124	0.0	3	3 0 116 5
144	178	0.0	3	5 2 169 2
145	150	0.0	3	10 2 136 2
146	365	0.0	3	9 5 341 10
147	878	0.0	3	9 5 828 36
148	2452	0.0	3	2 13 2341 96
149	7004	0.0	3	2 31 6718 253
150	16658	0.0	3	2 72 15903 681


=== Second read: Adapter 2 ===

Sequence: AGATCGGAAGAGCGTCGTGTAGGGAAAGAGTGTA; Type: regular 3'; Length: 34; Trimmed: 6850615 times

No. of allowed errors:
0-9 bp: 0; 10-19 bp: 1; 20-29 bp: 2; 30-34 bp: 3

Bases preceding removed adapters:
  A: 12.3%
  C: 24.6%
  G: 53.4%
  T: 9.7%
  none/other: 0.0%

Overview of removed sequences
length	count	expect	max.err	error counts
3	519847	271729.6	0	519847
4	190605	67932.4	0	190605
5	335591	16983.1	0	335591
8	106320	265.4	0	106320
9	212429	66.3	0	212429
10	1228	16.6	1	0 1228
11	252364	4.1	1	214686 37678
12	875	1.0	1	0 875
13	257411	0.3	1	217902 39509
14	663	0.1	1	0 663
15	122859	0.0	1	103802 19057
16	251080	0.0	1	210037 41043
17	820	0.0	1	0 820
18	239085	0.0	1	201406 36985 694
19	1163	0.0	1	0 737 426
20	128084	0.0	2	102574 21344 4166
21	496977	0.0	2	403964 79023 13990
22	2569	0.0	2	0 1665 904
23	1338	0.0	2	0 499 839
24	1125	0.0	2	0 722 403
25	123726	0.0	2	98968 20463 4295
26	124107	0.0	2	98221 21371 4515
27	238246	0.0	2	190361 39062 8823
28	2337	0.0	2	0 1559 619 159
29	237678	0.0	2	189369 39620 8600 89
30	2589	0.0	3	0 1682 569 338
31	233580	0.0	3	185192 36596 7501 4291
32	1993	0.0	3	0 1229 408 356
33	115994	0.0	3	90148 18964 4697 2185
34	114477	0.0	3	20 90762 19332 4363
35	113318	0.0	3	106 88752 19045 5415
36	215696	0.0	3	96 504 172195 42901
37	2563	0.0	3	2 6 337 2218
38	205534	0.0	3	79 708 164382 40365
39	1838	0.0	3	3 17 272 1546
40	101576	0.0	3	54 364 79866 21292
41	197675	0.0	3	41 626 157193 39815
42	2200	0.0	3	0 8 376 1816
43	185988	0.0	3	85 492 149600 35811
44	1801	0.0	3	1 6 344 1450
45	90195	0.0	3	47 308 71450 18390
46	169907	0.0	3	50 478 136201 33178
47	1662	0.0	3	1 3 342 1316
48	80343	0.0	3	18 246 63985 16094
49	76954	0.0	3	15 201 61388 15350
50	74359	0.0	3	93 211 59354 14701
51	71133	0.0	3	9 219 56032 14873
52	196087	0.0	3	76 641 157835 37535
53	1500	0.0	3	2 5 413 1080
54	1665	0.0	3	2 8 386 1269
55	164566	0.0	3	100 475 133572 30419
56	1174	0.0	3	0 4 363 807
57	685	0.0	3	0 5 180 500
58	48465	0.0	3	36 142 38860 9427
59	85434	0.0	3	26 208 69397 15803
60	883	0.0	3	3 4 203 673
61	38674	0.0	3	8 94 30959 7613
62	69626	0.0	3	38 157 56228 13203
63	679	0.0	3	0 1 156 522
64	30456	0.0	3	17 73 24787 5579
65	28999	0.0	3	3 75 23440 5481
66	26139	0.0	3	17 85 21085 4952
67	24022	0.0	3	13 57 19433 4519
68	21665	0.0	3	11 75 17364 4215
69	18824	0.0	3	5 48 15207 3564
70	16886	0.0	3	10 50 13661 3165
71	15352	0.0	3	12 29 12545 2766
72	13714	0.0	3	5 48 11074 2587
73	12330	0.0	3	3 26 9919 2382
74	11406	0.0	3	3 28 9209 2166
75	10204	0.0	3	3 30 8243 1928
76	11180	0.0	3	9 26 8991 2154
77	8464	0.0	3	5 22 6861 1576
78	6676	0.0	3	6 24 5411 1235
79	6111	0.0	3	2 9 4967 1133
80	5909	0.0	3	1 18 4829 1061
81	4424	0.0	3	2 8 3653 761
82	4061	0.0	3	0 6 3305 750
83	3444	0.0	3	2 5 2845 592
84	3072	0.0	3	2 9 2513 548
85	2904	0.0	3	0 11 2356 537
86	2666	0.0	3	0 7 2168 491
87	2213	0.0	3	1 7 1821 384
88	1954	0.0	3	1 9 1618 326
89	1759	0.0	3	1 3 1435 320
90	1483	0.0	3	1 1 1223 258
91	1170	0.0	3	0 4 947 219
92	1082	0.0	3	1 2 882 197
93	966	0.0	3	0 1 780 185
94	734	0.0	3	1 4 592 137
95	699	0.0	3	0 2 546 151
96	628	0.0	3	0 0 497 131
97	496	0.0	3	1 1 398 96
98	491	0.0	3	0 2 393 96
99	426	0.0	3	0 0 353 73
100	374	0.0	3	0 0 313 61
101	335	0.0	3	0 0 270 65
102	312	0.0	3	0 4 246 62
103	224	0.0	3	0 1 175 48
104	199	0.0	3	1 0 163 35
105	160	0.0	3	0 0 130 30
106	134	0.0	3	0 0 111 23
107	130	0.0	3	0 0 105 25
108	120	0.0	3	0 0 92 28
109	113	0.0	3	0 0 82 31
110	85	0.0	3	0 0 63 22
111	57	0.0	3	0 0 47 10
112	52	0.0	3	0 0 41 11
113	30	0.0	3	0 0 20 10
114	51	0.0	3	0 0 38 13
115	35	0.0	3	0 0 24 11
116	39	0.0	3	0 0 22 17
117	20	0.0	3	0 0 12 8
118	22	0.0	3	0 1 13 8
119	15	0.0	3	0 0 8 7
120	19	0.0	3	0 0 9 10
121	17	0.0	3	0 0 12 5
122	11	0.0	3	0 0 5 6
123	12	0.0	3	0 1 5 6
124	11	0.0	3	0 0 5 6
125	14	0.0	3	0 0 5 9
126	15	0.0	3	0 0 8 7
127	8	0.0	3	0 0 2 6
128	17	0.0	3	0 0 5 12
129	11	0.0	3	1 0 5 5
130	16	0.0	3	0 0 4 12
131	3	0.0	3	0 0 2 1
132	19	0.0	3	0 0 7 12
133	12	0.0	3	0 0 1 11
134	19	0.0	3	0 0 7 12
135	13	0.0	3	0 0 5 8
136	18	0.0	3	0 0 7 11
137	26	0.0	3	0 0 4 22
138	20	0.0	3	0 0 2 18
139	34	0.0	3	0 0 6 28
140	47	0.0	3	0 0 3 44
141	53	0.0	3	0 0 4 49
142	79	0.0	3	0 0 2 77
143	125	0.0	3	0 0 2 123
144	156	0.0	3	0 0 4 152
145	197	0.0	3	0 0 8 189
146	274	0.0	3	0 0 4 270
147	669	0.0	3	0 0 6 663
148	1778	0.0	3	0 0 2 1776
149	5800	0.0	3	0 0 1 5799
150	16266	0.0	3	0 0 4 16262
