This is cutadapt 2.9 with Python 3.5.2
Command line parameters: --nextseq-trim 10 --minimum-length 25 --cores 4 -a AGATCGGAAGAGCACACGTCTGAACTCCAGTCAC -A AGATCGGAAGAGCGTCGTGTAGGGAAAGAGTGTA -o Mcapitata_HTAC_TP9_1306_R1_TrimmingRound1.fastq.gz -p Mcapitata_HTAC_TP9_1306_R2_TrimmingRound1.fastq.gz Mcapitata_HTAC_TP9_1306_R1.fastq.gz Mcapitata_HTAC_TP9_1306_R2.fastq.gz
Processing reads on 4 cores in paired-end mode ...
Finished in 616.16 s (35 us/read; 1.70 M reads/minute).

=== Summary ===

Total read pairs processed:         17,454,474
  Read 1 with adapter:              10,701,826 (61.3%)
  Read 2 with adapter:              10,087,818 (57.8%)
Pairs written (passing filters):    17,352,809 (99.4%)

Total basepairs processed: 5,236,342,200 bp
  Read 1: 2,618,171,100 bp
  Read 2: 2,618,171,100 bp
Quality-trimmed:              29,326,732 bp (0.6%)
  Read 1:     6,158,901 bp
  Read 2:    23,167,831 bp
Total written (filtered):  4,460,273,465 bp (85.2%)
  Read 1: 2,218,157,594 bp
  Read 2: 2,242,115,871 bp

=== First read: Adapter 1 ===

Sequence: AGATCGGAAGAGCACACGTCTGAACTCCAGTCAC; Type: regular 3'; Length: 34; Trimmed: 10701826 times

No. of allowed errors:
0-9 bp: 0; 10-19 bp: 1; 20-29 bp: 2; 30-34 bp: 3

Bases preceding removed adapters:
  A: 15.5%
  C: 43.9%
  G: 19.8%
  T: 20.7%
  none/other: 0.1%

Overview of removed sequences
length	count	expect	max.err	error counts
3	234286	272726.2	0	234286
4	133877	68181.5	0	133877
5	329621	17045.4	0	329621
8	107906	266.3	0	107906
9	209896	66.6	0	209896
10	565	16.6	1	0 565
11	269285	4.2	1	214584 54701
12	645	1.0	1	0 645
13	143218	0.3	1	113692 29526
14	154155	0.1	1	122597 31558
15	156759	0.0	1	124634 32125
16	169025	0.0	1	132687 36338
17	324931	0.0	1	256947 67984
18	1195	0.0	1	0 1061 134
19	164527	0.0	1	128234 35750 543
20	159381	0.0	2	121637 35010 2734
21	323316	0.0	2	249346 68684 5286
22	1824	0.0	2	0 1280 544
23	168801	0.0	2	129896 36033 2872
24	178236	0.0	2	135876 38876 3484
25	185819	0.0	2	141920 40147 3752
26	192569	0.0	2	146988 41649 3932
27	196825	0.0	2	149273 43263 4289
28	196086	0.0	2	146608 44808 4567 103
29	373395	0.0	2	282938 83236 6864 357
30	3203	0.0	3	0 1855 932 416
31	187554	0.0	3	139702 41922 4349 1581
32	180380	0.0	3	134577 40647 3840 1316
33	188210	0.0	3	139312 43150 4364 1384
34	387880	0.0	3	293030 84787 7411 2652
35	3896	0.0	3	274 2432 905 285
36	207066	0.0	3	155632 45610 4258 1566
37	210132	0.0	3	156571 47508 4386 1667
38	208347	0.0	3	154957 47117 4676 1597
39	204332	0.0	3	151039 47277 4470 1546
40	377052	0.0	3	282580 85032 6964 2476
41	3801	0.0	3	340 2288 917 256
42	182095	0.0	3	135757 41428 3621 1289
43	182169	0.0	3	135330 41639 3889 1311
44	184102	0.0	3	137068 41958 3778 1298
45	201238	0.0	3	149943 45706 4185 1404
46	179666	0.0	3	133340 41417 3717 1192
47	376042	0.0	3	283649 83799 6294 2300
48	4071	0.0	3	524 2355 924 268
49	177899	0.0	3	133102 40401 3303 1093
50	168623	0.0	3	124382 39891 3249 1101
51	303715	0.0	3	227052 70021 4926 1716
52	4619	0.0	3	1146 2272 933 268
53	143458	0.0	3	105895 33865 2823 875
54	287146	0.0	3	213997 66386 4975 1788
55	3030	0.0	3	380 1766 690 194
56	130534	0.0	3	97964 29766 2119 685
57	135206	0.0	3	101159 30968 2355 724
58	124129	0.0	3	93060 28498 1935 636
59	119240	0.0	3	88613 27867 2093 667
60	112991	0.0	3	83238 27114 2032 607
61	184633	0.0	3	137781 43321 2655 876
62	2249	0.0	3	389 1268 457 135
63	84581	0.0	3	62395 20250 1471 465
64	78774	0.0	3	57509 19396 1468 401
65	140176	0.0	3	104554 33180 1843 599
66	1749	0.0	3	354 959 351 85
67	65864	0.0	3	49136 15425 956 347
68	63329	0.0	3	46934 14948 1112 335
69	61222	0.0	3	44617 15196 1094 315
70	134737	0.0	3	101790 31471 1140 336
71	57240	0.0	3	42022 13982 968 268
72	42101	0.0	3	30654 10382 827 238
73	24930	0.0	3	17864 6359 518 189
74	21834	0.0	3	15884 5411 394 145
75	20803	0.0	3	15207 5095 363 138
76	18763	0.0	3	13619 4703 328 113
77	17497	0.0	3	12818 4285 303 91
78	13575	0.0	3	9909 3337 257 72
79	11876	0.0	3	8629 2965 209 73
80	10096	0.0	3	7322 2517 205 52
81	8758	0.0	3	6386 2186 154 32
82	7003	0.0	3	5123 1723 125 32
83	5901	0.0	3	4315 1464 91 31
84	5280	0.0	3	3868 1286 82 44
85	4632	0.0	3	3354 1181 74 23
86	4174	0.0	3	3022 1065 69 18
87	3690	0.0	3	2714 896 65 15
88	3409	0.0	3	2526 812 59 12
89	2811	0.0	3	2070 679 50 12
90	2399	0.0	3	1728 615 41 15
91	2024	0.0	3	1467 514 32 11
92	1827	0.0	3	1287 506 25 9
93	1416	0.0	3	1070 320 22 4
94	1318	0.0	3	950 333 29 6
95	1170	0.0	3	849 302 16 3
96	892	0.0	3	656 215 20 1
97	801	0.0	3	584 198 12 7
98	709	0.0	3	507 184 16 2
99	678	0.0	3	494 160 20 4
100	540	0.0	3	398 128 13 1
101	473	0.0	3	328 125 13 7
102	423	0.0	3	295 110 17 1
103	321	0.0	3	236 72 13
104	253	0.0	3	198 44 9 2
105	243	0.0	3	161 69 10 3
106	196	0.0	3	127 55 12 2
107	131	0.0	3	86 30 13 2
108	132	0.0	3	89 33 10
109	121	0.0	3	80 24 17
110	128	0.0	3	69 30 28 1
111	93	0.0	3	43 21 29
112	108	0.0	3	60 21 26 1
113	75	0.0	3	29 20 25 1
114	82	0.0	3	32 11 39
115	70	0.0	3	23 11 35 1
116	73	0.0	3	18 7 48
117	63	0.0	3	14 6 39 4
118	62	0.0	3	16 5 39 2
119	84	0.0	3	14 5 59 6
120	69	0.0	3	14 4 50 1
121	75	0.0	3	7 3 61 4
122	88	0.0	3	9 3 72 4
123	75	0.0	3	7 5 61 2
124	96	0.0	3	5 4 85 2
125	80	0.0	3	6 3 69 2
126	93	0.0	3	5 2 85 1
127	105	0.0	3	5 3 94 3
128	112	0.0	3	9 1 99 3
129	121	0.0	3	5 2 110 4
130	135	0.0	3	3 4 125 3
131	140	0.0	3	9 2 124 5
132	178	0.0	3	11 3 159 5
133	186	0.0	3	9 4 169 4
134	217	0.0	3	9 4 200 4
135	217	0.0	3	9 1 204 3
136	220	0.0	3	10 4 202 4
137	261	0.0	3	9 5 242 5
138	287	0.0	3	5 8 271 3
139	299	0.0	3	5 2 287 5
140	353	0.0	3	7 10 330 6
141	374	0.0	3	10 8 347 9
142	446	0.0	3	3 11 415 17
143	576	0.0	3	2 10 551 13
144	656	0.0	3	2 12 622 20
145	701	0.0	3	3 8 670 20
146	812	0.0	3	9 11 766 26
147	1045	0.0	3	9 19 990 27
148	1775	0.0	3	2 31 1703 39
149	4806	0.0	3	2 71 4593 140
150	10667	0.0	3	5 184 10140 338


=== Second read: Adapter 2 ===

Sequence: AGATCGGAAGAGCGTCGTGTAGGGAAAGAGTGTA; Type: regular 3'; Length: 34; Trimmed: 10087818 times

No. of allowed errors:
0-9 bp: 0; 10-19 bp: 1; 20-29 bp: 2; 30-34 bp: 3

Bases preceding removed adapters:
  A: 14.4%
  C: 42.9%
  G: 27.6%
  T: 15.0%
  none/other: 0.0%

Overview of removed sequences
length	count	expect	max.err	error counts
3	341659	272726.2	0	341659
4	151491	68181.5	0	151491
5	325168	17045.4	0	325168
8	104174	266.3	0	104174
9	202744	66.6	0	202744
10	709	16.6	1	0 709
11	251546	4.2	1	207556 43990
12	672	1.0	1	0 672
13	288266	0.3	1	236102 52164
14	532	0.1	1	0 532
15	145453	0.0	1	119917 25536
16	314360	0.0	1	256867 57493
17	652	0.0	1	0 652
18	283485	0.0	1	233364 49685 436
19	1031	0.0	1	0 690 341
20	152530	0.0	2	119700 29305 3525
21	617761	0.0	2	494101 112754 10906
22	2364	0.0	2	0 1578 786
23	741	0.0	2	0 325 416
24	1046	0.0	2	0 711 335
25	171210	0.0	2	136155 31389 3666
26	180191	0.0	2	140501 35282 4408
27	358084	0.0	2	281764 68528 7792
28	3477	0.0	2	0 2328 956 193
29	347890	0.0	2	270052 69388 8322 128
30	3821	0.0	3	0 2638 901 282
31	334743	0.0	3	258789 65011 7279 3664
32	2855	0.0	3	0 1774 762 319
33	172873	0.0	3	131697 34999 4407 1770
34	180510	0.0	3	136157 37018 5199 2136
35	373981	0.0	3	288123 73481 8726 3651
36	3588	0.0	3	261 2160 775 392
37	193330	0.0	3	147750 38817 4841 1922
38	199144	0.0	3	149464 41044 6120 2516
39	209128	0.0	3	152191 45902 7574 3461
40	521623	0.0	3	403055 103896 10476 4196
41	2869	0.0	3	419 1510 647 293
42	3106	0.0	3	627 1798 522 159
43	309588	0.0	3	239749 61907 5758 2174
44	3364	0.0	3	524 1854 767 219
45	172994	0.0	3	131403 35927 4089 1575
46	358507	0.0	3	278061 70169 7324 2953
47	5014	0.0	3	1523 2305 830 356
48	171798	0.0	3	130489 35696 3953 1660
49	182801	0.0	3	140628 36271 4138 1764
50	154842	0.0	3	116027 33258 3992 1565
51	177055	0.0	3	135586 35306 4365 1798
52	491257	0.0	3	384509 91660 10541 4547
53	3168	0.0	3	631 1544 684 309
54	3335	0.0	3	692 1869 640 134
55	309129	0.0	3	232928 68384 5661 2156
56	1967	0.0	3	481 892 408 186
57	1354	0.0	3	221 658 348 127
58	109306	0.0	3	82192 23948 2364 802
59	179483	0.0	3	135112 39957 3268 1146
60	1811	0.0	3	322 970 424 95
61	84555	0.0	3	62376 19653 1866 660
62	155939	0.0	3	118074 33501 3088 1276
63	1252	0.0	3	180 713 271 88
64	55671	0.0	3	41255 13135 937 344
65	58254	0.0	3	43724 13071 1049 410
66	60859	0.0	3	45989 13294 1174 402
67	56690	0.0	3	42610 12542 1138 400
68	58387	0.0	3	44519 12320 1079 469
69	49963	0.0	3	37658 10958 992 355
70	45939	0.0	3	34781 9939 864 355
71	39118	0.0	3	29227 8841 745 305
72	34663	0.0	3	26056 7665 649 293
73	32949	0.0	3	25187 6912 577 273
74	33883	0.0	3	26439 6671 532 241
75	41450	0.0	3	34216 6482 540 212
76	33302	0.0	3	26238 6264 537 263
77	19317	0.0	3	14168 4592 388 169
78	15889	0.0	3	11455 4015 301 118
79	14174	0.0	3	10012 3793 265 104
80	13482	0.0	3	9482 3636 263 101
81	10549	0.0	3	7501 2788 188 72
82	8484	0.0	3	5996 2271 155 62
83	7298	0.0	3	5291 1844 123 40
84	6262	0.0	3	4446 1647 117 52
85	5700	0.0	3	4082 1498 81 39
86	4887	0.0	3	3427 1339 91 30
87	4064	0.0	3	2850 1086 98 30
88	3714	0.0	3	2640 987 63 24
89	3136	0.0	3	2157 899 61 19
90	2589	0.0	3	1790 730 50 19
91	1950	0.0	3	1367 527 41 15
92	1789	0.0	3	1235 498 47 9
93	1518	0.0	3	1055 425 28 10
94	1285	0.0	3	882 367 23 13
95	1108	0.0	3	767 316 19 6
96	1006	0.0	3	676 300 17 13
97	766	0.0	3	532 206 20 8
98	650	0.0	3	451 179 11 9
99	655	0.0	3	461 173 15 6
100	513	0.0	3	354 139 14 6
101	484	0.0	3	334 133 13 4
102	387	0.0	3	248 124 11 4
103	344	0.0	3	224 103 13 4
104	285	0.0	3	191 87 3 4
105	243	0.0	3	152 82 7 2
106	194	0.0	3	132 52 6 4
107	161	0.0	3	114 42 4 1
108	156	0.0	3	94 52 6 4
109	114	0.0	3	68 38 4 4
110	120	0.0	3	72 37 7 4
111	103	0.0	3	67 25 9 2
112	87	0.0	3	58 22 6 1
113	66	0.0	3	44 14 7 1
114	54	0.0	3	32 12 7 3
115	46	0.0	3	23 12 10 1
116	43	0.0	3	30 8 4 1
117	32	0.0	3	19 8 4 1
118	24	0.0	3	14 7 3
119	31	0.0	3	20 3 7 1
120	38	0.0	3	18 2 16 2
121	23	0.0	3	11 3 9
122	35	0.0	3	12 7 15 1
123	16	0.0	3	8 2 6
124	24	0.0	3	11 0 11 2
125	36	0.0	3	9 6 19 2
126	38	0.0	3	6 3 28 1
127	47	0.0	3	8 1 33 5
128	66	0.0	3	10 4 52
129	80	0.0	3	5 4 67 4
130	111	0.0	3	5 4 95 7
131	111	0.0	3	7 5 94 5
132	149	0.0	3	6 9 125 9
133	160	0.0	3	10 4 134 12
134	169	0.0	3	9 4 150 6
135	219	0.0	3	8 6 195 10
136	229	0.0	3	6 3 207 13
137	240	0.0	3	6 8 220 6
138	259	0.0	3	1 4 238 16
139	299	0.0	3	5 6 277 11
140	344	0.0	3	6 13 316 9
141	355	0.0	3	7 10 325 13
142	409	0.0	3	5 12 385 7
143	518	0.0	3	4 12 488 14
144	585	0.0	3	5 10 548 22
145	670	0.0	3	1 13 626 30
146	840	0.0	3	6 15 785 34
147	1079	0.0	3	7 22 1000 50
148	1675	0.0	3	1 29 1574 71
149	4052	0.0	3	1 68 3808 175
150	12729	0.0	3	4 196 12019 510
