This is cutadapt 2.9 with Python 3.5.2
Command line parameters: --nextseq-trim 10 --minimum-length 25 --cores 4 -a AGATCGGAAGAGCACACGTCTGAACTCCAGTCAC -A AGATCGGAAGAGCGTCGTGTAGGGAAAGAGTGTA -o Mcapitata_ATAC_TP10_1095_R1_TrimmingRound1.fastq.gz -p Mcapitata_ATAC_TP10_1095_R2_TrimmingRound1.fastq.gz Mcapitata_ATAC_TP10_1095_R1.fastq.gz Mcapitata_ATAC_TP10_1095_R2.fastq.gz
Processing reads on 4 cores in paired-end mode ...
Finished in 735.71 s (41 us/read; 1.45 M reads/minute).

=== Summary ===

Total read pairs processed:         17,735,937
  Read 1 with adapter:              10,013,674 (56.5%)
  Read 2 with adapter:               9,455,808 (53.3%)
Pairs written (passing filters):    17,628,563 (99.4%)

Total basepairs processed: 5,320,781,100 bp
  Read 1: 2,660,390,550 bp
  Read 2: 2,660,390,550 bp
Quality-trimmed:              27,728,246 bp (0.5%)
  Read 1:     6,146,292 bp
  Read 2:    21,581,954 bp
Total written (filtered):  4,609,412,687 bp (86.6%)
  Read 1: 2,293,546,136 bp
  Read 2: 2,315,866,551 bp

=== First read: Adapter 1 ===

Sequence: AGATCGGAAGAGCACACGTCTGAACTCCAGTCAC; Type: regular 3'; Length: 34; Trimmed: 10013674 times

No. of allowed errors:
0-9 bp: 0; 10-19 bp: 1; 20-29 bp: 2; 30-34 bp: 3

Bases preceding removed adapters:
  A: 16.0%
  C: 44.1%
  G: 19.4%
  T: 20.4%
  none/other: 0.1%

Overview of removed sequences
length	count	expect	max.err	error counts
3	267038	277124.0	0	267038
4	147164	69281.0	0	147164
5	349307	17320.3	0	349307
8	112143	270.6	0	112143
9	217955	67.7	0	217955
10	629	16.9	1	0 629
11	275842	4.2	1	221609 54233
12	694	1.1	1	0 694
13	145555	0.3	1	116209 29346
14	155216	0.1	1	123572 31644
15	154506	0.0	1	122944 31562
16	165717	0.0	1	131000 34717
17	311842	0.0	1	247313 64529
18	1326	0.0	1	0 1150 176
19	157313	0.0	1	123073 33566 674
20	153122	0.0	2	117375 33181 2566
21	312418	0.0	2	240649 66691 5078
22	2222	0.0	2	0 1564 658
23	162715	0.0	2	124603 35162 2950
24	169581	0.0	2	128984 37097 3500
25	175159	0.0	2	132835 38654 3670
26	180104	0.0	2	135988 40222 3894
27	180797	0.0	2	135957 40595 4245
28	179802	0.0	2	133285 42100 4289 128
29	339869	0.0	2	256737 76379 6484 269
30	3760	0.0	3	0 2175 1040 545
31	173567	0.0	3	127089 40446 4428 1604
32	165667	0.0	3	122052 38525 3740 1350
33	173748	0.0	3	126692 41425 4177 1454
34	355995	0.0	3	263380 82088 7787 2740
35	5512	0.0	3	338 3714 1216 244
36	366386	0.0	3	272116 84450 7314 2506
37	4087	0.0	3	249 2563 993 282
38	183392	0.0	3	134447 43722 3875 1348
39	177557	0.0	3	129461 42744 4027 1325
40	172049	0.0	3	124803 41925 3968 1353
41	167151	0.0	3	121122 40809 3865 1355
42	163350	0.0	3	118366 40201 3582 1201
43	163023	0.0	3	117566 40335 3853 1269
44	164764	0.0	3	118831 40847 3830 1256
45	187738	0.0	3	134932 46539 4635 1632
46	154516	0.0	3	111423 38591 3436 1066
47	326605	0.0	3	239627 79248 5792 1938
48	3915	0.0	3	478 2297 852 288
49	155285	0.0	3	111841 39238 3201 1005
50	148472	0.0	3	105854 38478 3187 953
51	267610	0.0	3	194002 67152 4823 1633
52	4446	0.0	3	1003 2210 983 250
53	129738	0.0	3	91788 34106 2932 912
54	257869	0.0	3	185669 65554 4939 1707
55	3207	0.0	3	378 1857 758 214
56	117207	0.0	3	84576 29822 2103 706
57	120849	0.0	3	86383 31474 2315 677
58	110687	0.0	3	79441 28681 1967 598
59	106416	0.0	3	75997 27663 2116 640
60	101675	0.0	3	71543 27413 2136 583
61	167812	0.0	3	119904 44349 2711 848
62	2334	0.0	3	405 1239 542 148
63	77990	0.0	3	55026 20956 1573 435
64	72819	0.0	3	50916 20050 1467 386
65	129027	0.0	3	92390 33974 2006 657
66	1796	0.0	3	354 992 355 95
67	60794	0.0	3	43207 16231 1022 334
68	57608	0.0	3	40446 15746 1114 302
69	56174	0.0	3	38754 15977 1159 284
70	114803	0.0	3	81907 31397 1191 308
71	50640	0.0	3	35380 14029 980 251
72	39502	0.0	3	27305 11054 848 295
73	23647	0.0	3	16224 6689 576 158
74	21057	0.0	3	14518 5939 473 127
75	20508	0.0	3	14165 5797 407 139
76	18123	0.0	3	12516 5162 343 102
77	17304	0.0	3	12173 4735 313 83
78	12400	0.0	3	8537 3566 225 72
79	11082	0.0	3	7630 3166 228 58
80	9256	0.0	3	6439 2603 166 48
81	8072	0.0	3	5559 2307 165 41
82	6826	0.0	3	4665 1973 146 42
83	5606	0.0	3	3827 1648 99 32
84	4963	0.0	3	3448 1418 74 23
85	4200	0.0	3	2913 1189 80 18
86	3860	0.0	3	2643 1135 66 16
87	3262	0.0	3	2225 966 51 20
88	2908	0.0	3	2024 821 50 13
89	2485	0.0	3	1712 713 48 12
90	2131	0.0	3	1446 636 39 10
91	1900	0.0	3	1322 531 45 2
92	1643	0.0	3	1156 438 41 8
93	1283	0.0	3	886 368 19 10
94	1055	0.0	3	698 325 25 7
95	948	0.0	3	627 289 26 6
96	793	0.0	3	539 225 27 2
97	707	0.0	3	466 218 18 5
98	598	0.0	3	399 177 18 4
99	471	0.0	3	313 130 26 2
100	466	0.0	3	298 137 27 4
101	425	0.0	3	280 129 15 1
102	327	0.0	3	216 88 19 4
103	264	0.0	3	170 76 18
104	226	0.0	3	141 67 18
105	164	0.0	3	106 43 14 1
106	169	0.0	3	100 52 15 2
107	119	0.0	3	67 32 18 2
108	92	0.0	3	57 19 16
109	103	0.0	3	54 26 22 1
110	100	0.0	3	49 23 28
111	89	0.0	3	32 15 40 2
112	101	0.0	3	28 19 54
113	76	0.0	3	14 17 44 1
114	85	0.0	3	25 7 48 5
115	73	0.0	3	13 8 50 2
116	74	0.0	3	11 14 48 1
117	71	0.0	3	8 5 57 1
118	106	0.0	3	6 7 90 3
119	95	0.0	3	5 8 79 3
120	100	0.0	3	6 9 83 2
121	88	0.0	3	9 6 72 1
122	106	0.0	3	8 2 94 2
123	130	0.0	3	8 8 108 6
124	113	0.0	3	4 4 99 6
125	110	0.0	3	4 5 95 6
126	131	0.0	3	2 5 121 3
127	130	0.0	3	3 3 120 4
128	153	0.0	3	8 2 139 4
129	166	0.0	3	8 4 147 7
130	180	0.0	3	8 7 161 4
131	224	0.0	3	3 7 212 2
132	225	0.0	3	5 8 206 6
133	238	0.0	3	3 8 222 5
134	278	0.0	3	7 12 249 10
135	351	0.0	3	9 9 328 5
136	336	0.0	3	4 15 305 12
137	408	0.0	3	4 18 379 7
138	384	0.0	3	3 10 361 10
139	433	0.0	3	3 12 406 12
140	491	0.0	3	3 15 460 13
141	582	0.0	3	3 18 542 19
142	680	0.0	3	6 12 639 23
143	885	0.0	3	2 23 833 27
144	956	0.0	3	1 29 897 29
145	1059	0.0	3	3 41 985 30
146	1199	0.0	3	1 33 1135 30
147	1658	0.0	3	4 56 1547 51
148	2867	0.0	3	3 81 2697 86
149	7183	0.0	3	1 253 6711 218
150	15939	0.0	3	0 544 14929 466


=== Second read: Adapter 2 ===

Sequence: AGATCGGAAGAGCGTCGTGTAGGGAAAGAGTGTA; Type: regular 3'; Length: 34; Trimmed: 9455808 times

No. of allowed errors:
0-9 bp: 0; 10-19 bp: 1; 20-29 bp: 2; 30-34 bp: 3

Bases preceding removed adapters:
  A: 14.1%
  C: 43.8%
  G: 27.7%
  T: 14.3%
  none/other: 0.0%

Overview of removed sequences
length	count	expect	max.err	error counts
3	376783	277124.0	0	376783
4	166242	69281.0	0	166242
5	342346	17320.3	0	342346
8	108189	270.6	0	108189
9	209931	67.7	0	209931
10	756	16.9	1	0 756
11	258947	4.2	1	213102 45845
12	777	1.1	1	0 777
13	293097	0.3	1	237735 55362
14	501	0.1	1	0 501
15	144272	0.0	1	117608 26664
16	307491	0.0	1	248967 58524
17	654	0.0	1	0 654
18	272824	0.0	1	223237 49162 425
19	1003	0.0	1	0 664 339
20	147226	0.0	2	114208 29501 3517
21	595283	0.0	2	469556 114618 11109
22	2421	0.0	2	0 1602 819
23	773	0.0	2	0 326 447
24	993	0.0	2	0 637 356
25	161950	0.0	2	126563 31766 3621
26	167952	0.0	2	128487 35246 4219
27	329747	0.0	2	255119 67216 7412
28	3239	0.0	2	0 2196 897 146
29	318848	0.0	2	243552 67265 7900 131
30	3630	0.0	3	0 2451 880 299
31	308135	0.0	3	233764 63827 7036 3508
32	2721	0.0	3	0 1678 676 367
33	159218	0.0	3	118309 34761 4371 1777
34	165517	0.0	3	121584 36735 5042 2156
35	337868	0.0	3	253150 72709 8547 3462
36	3316	0.0	3	254 1988 737 337
37	171412	0.0	3	127732 37411 4459 1810
38	176722	0.0	3	128667 39660 5875 2520
39	184347	0.0	3	129640 44309 7212 3186
40	463116	0.0	3	348229 100941 10017 3929
41	2689	0.0	3	333 1363 730 263
42	2823	0.0	3	457 1665 563 138
43	274434	0.0	3	205847 61184 5312 2091
44	2985	0.0	3	435 1667 662 221
45	154815	0.0	3	113454 35791 3989 1581
46	314367	0.0	3	235082 69496 7013 2776
47	4455	0.0	3	1338 1989 793 335
48	149645	0.0	3	109199 35202 3827 1417
49	156476	0.0	3	115945 34967 3890 1674
50	136260	0.0	3	98359 32530 3832 1539
51	148997	0.0	3	108937 34268 4126 1666
52	441102	0.0	3	333194 93235 10230 4443
53	3136	0.0	3	619 1431 742 344
54	3135	0.0	3	603 1726 656 150
55	285772	0.0	3	205230 72557 5880 2105
56	2059	0.0	3	485 969 419 186
57	1242	0.0	3	207 613 322 100
58	98857	0.0	3	70477 25169 2379 832
59	159278	0.0	3	113532 41378 3152 1216
60	1719	0.0	3	294 871 429 125
61	75189	0.0	3	52393 20247 1864 685
62	138419	0.0	3	99124 35002 3110 1183
63	1163	0.0	3	182 645 276 60
64	52100	0.0	3	36591 14152 1004 353
65	54509	0.0	3	38974 14034 1101 400
66	56155	0.0	3	40062 14459 1176 458
67	52619	0.0	3	37251 13804 1142 422
68	52992	0.0	3	38171 13281 1110 430
69	45544	0.0	3	32233 11964 969 378
70	41498	0.0	3	29555 10700 908 335
71	35590	0.0	3	25480 9072 753 285
72	32521	0.0	3	22888 8696 698 239
73	30091	0.0	3	21795 7498 588 210
74	29806	0.0	3	22095 6937 570 204
75	36599	0.0	3	28662 7145 570 222
76	29547	0.0	3	21970 6707 607 263
77	17799	0.0	3	12022 5156 430 191
78	14496	0.0	3	9794 4255 315 132
79	13582	0.0	3	9012 4179 284 107
80	12249	0.0	3	8040 3834 288 87
81	9935	0.0	3	6513 3130 219 73
82	7771	0.0	3	5076 2477 158 60
83	6482	0.0	3	4400 1895 141 46
84	5532	0.0	3	3652 1705 138 37
85	5039	0.0	3	3374 1514 112 39
86	4143	0.0	3	2684 1322 102 35
87	3678	0.0	3	2382 1169 90 37
88	3103	0.0	3	2031 988 57 27
89	2676	0.0	3	1743 861 52 20
90	2265	0.0	3	1463 720 58 24
91	1831	0.0	3	1140 630 48 13
92	1567	0.0	3	973 532 46 16
93	1347	0.0	3	808 492 39 8
94	1094	0.0	3	701 354 33 6
95	907	0.0	3	571 303 23 10
96	799	0.0	3	518 259 17 5
97	672	0.0	3	417 223 23 9
98	581	0.0	3	359 205 9 8
99	483	0.0	3	321 144 16 2
100	396	0.0	3	254 129 8 5
101	357	0.0	3	227 113 9 8
102	325	0.0	3	209 106 8 2
103	267	0.0	3	153 106 7 1
104	213	0.0	3	128 69 11 5
105	179	0.0	3	104 64 7 4
106	167	0.0	3	88 70 5 4
107	122	0.0	3	80 34 6 2
108	100	0.0	3	57 29 10 4
109	105	0.0	3	62 32 9 2
110	77	0.0	3	36 38 2 1
111	63	0.0	3	35 22 5 1
112	51	0.0	3	27 19 5
113	56	0.0	3	27 20 7 2
114	39	0.0	3	23 7 7 2
115	35	0.0	3	19 9 6 1
116	43	0.0	3	18 8 15 2
117	30	0.0	3	12 5 11 2
118	34	0.0	3	12 5 13 4
119	29	0.0	3	10 9 10
120	19	0.0	3	5 4 8 2
121	36	0.0	3	9 7 18 2
122	19	0.0	3	6 2 11
123	36	0.0	3	9 3 23 1
124	45	0.0	3	7 1 30 7
125	44	0.0	3	7 3 33 1
126	56	0.0	3	4 4 47 1
127	76	0.0	3	7 3 63 3
128	108	0.0	3	3 12 87 6
129	112	0.0	3	6 6 93 7
130	142	0.0	3	3 7 130 2
131	186	0.0	3	4 12 162 8
132	205	0.0	3	10 3 184 8
133	234	0.0	3	2 9 212 11
134	242	0.0	3	2 7 223 10
135	331	0.0	3	8 7 301 15
136	334	0.0	3	6 12 299 17
137	362	0.0	3	4 18 329 11
138	439	0.0	3	3 18 403 15
139	452	0.0	3	3 12 427 10
140	502	0.0	3	2 17 464 19
141	527	0.0	3	2 16 490 19
142	549	0.0	3	3 21 506 19
143	784	0.0	3	3 24 727 30
144	916	0.0	3	1 31 852 32
145	1001	0.0	3	1 29 929 42
146	1197	0.0	3	2 51 1097 47
147	1521	0.0	3	3 63 1402 53
148	2509	0.0	3	1 67 2345 96
149	6149	0.0	3	0 197 5692 260
150	19121	0.0	3	0 642 17702 777
