This is cutadapt 2.9 with Python 3.5.2
Command line parameters: --nextseq-trim 10 --minimum-length 25 --cores 4 -a AGATCGGAAGAGCACACGTCTGAACTCCAGTCAC -A AGATCGGAAGAGCGTCGTGTAGGGAAAGAGTGTA -o Mcapitata_HTAC_TP4_1269_R1_TrimmingRound1.fastq.gz -p Mcapitata_HTAC_TP4_1269_R2_TrimmingRound1.fastq.gz Mcapitata_HTAC_TP4_1269_R1.fastq.gz Mcapitata_HTAC_TP4_1269_R2.fastq.gz
Processing reads on 4 cores in paired-end mode ...
Finished in 718.26 s (35 us/read; 1.73 M reads/minute).

=== Summary ===

Total read pairs processed:         20,698,496
  Read 1 with adapter:               8,111,287 (39.2%)
  Read 2 with adapter:               8,251,098 (39.9%)
Pairs written (passing filters):    20,641,287 (99.7%)

Total basepairs processed: 6,209,548,800 bp
  Read 1: 3,104,774,400 bp
  Read 2: 3,104,774,400 bp
Quality-trimmed:              12,748,332 bp (0.2%)
  Read 1:     5,450,900 bp
  Read 2:     7,297,432 bp
Total written (filtered):  5,539,343,064 bp (89.2%)
  Read 1: 2,769,799,689 bp
  Read 2: 2,769,543,375 bp

=== First read: Adapter 1 ===

Sequence: AGATCGGAAGAGCACACGTCTGAACTCCAGTCAC; Type: regular 3'; Length: 34; Trimmed: 8111287 times

No. of allowed errors:
0-9 bp: 0; 10-19 bp: 1; 20-29 bp: 2; 30-34 bp: 3

Bases preceding removed adapters:
  A: 18.1%
  C: 28.3%
  G: 36.2%
  T: 17.2%
  none/other: 0.2%

Overview of removed sequences
length	count	expect	max.err	error counts
3	376217	323414.0	0	376217
4	154102	80853.5	0	154102
5	291617	20213.4	0	291617
8	93598	315.8	0	93598
9	188167	79.0	0	188167
10	689	19.7	1	0 689
11	194226	4.9	1	190203 4023
12	515	1.2	1	0 515
13	98096	0.3	1	95489 2607
14	99575	0.1	1	96728 2847
15	99174	0.0	1	96138 3036
16	99053	0.0	1	95711 3342
17	196272	0.0	1	190676 5596
18	850	0.0	1	0 779 71
19	99850	0.0	1	96389 3331 130
20	100754	0.0	2	96257 4215 282
21	200138	0.0	2	193130 6384 624
22	1205	0.0	2	0 1122 83
23	102713	0.0	2	98352 3945 416
24	102327	0.0	2	97559 4357 411
25	101990	0.0	2	97215 4381 394
26	101753	0.0	2	96693 4657 403
27	101971	0.0	2	96800 4619 552
28	103360	0.0	2	96866 5968 436 90
29	203435	0.0	2	194436 7974 865 160
30	1938	0.0	3	0 1354 185 399
31	103687	0.0	3	97613 5370 590 114
32	103866	0.0	3	96997 6012 708 149
33	104668	0.0	3	97677 6317 560 114
34	104566	0.0	3	97410 6382 622 152
35	105158	0.0	3	98326 6107 585 140
36	103883	0.0	3	96868 6118 771 126
37	105315	0.0	3	97219 7278 648 170
38	204637	0.0	3	193450 9704 1255 228
39	3319	0.0	3	107 3042 138 32
40	206172	0.0	3	195361 9534 1047 230
41	2127	0.0	3	96 1831 166 34
42	105471	0.0	3	98790 5896 649 136
43	106710	0.0	3	99588 6331 656 135
44	104267	0.0	3	97435 6061 610 161
45	107209	0.0	3	100130 6241 702 136
46	104952	0.0	3	97155 7054 621 122
47	205111	0.0	3	194492 9462 937 220
48	2578	0.0	3	469 1905 151 53
49	102370	0.0	3	96052 5574 628 116
50	103124	0.0	3	95523 6997 485 119
51	200907	0.0	3	190876 8987 814 230
52	2569	0.0	3	517 1791 239 22
53	102879	0.0	3	95636 6672 481 90
54	202055	0.0	3	191877 9231 788 159
55	2518	0.0	3	478 1835 165 40
56	100579	0.0	3	94503 5527 470 79
57	99161	0.0	3	92671 5927 478 85
58	97214	0.0	3	90885 5746 475 108
59	96137	0.0	3	89908 5623 522 84
60	95538	0.0	3	88216 6756 464 102
61	183528	0.0	3	173945 8725 703 155
62	2308	0.0	3	510 1589 160 49
63	91544	0.0	3	85802 5191 477 74
64	92509	0.0	3	85587 6398 442 82
65	174138	0.0	3	164949 8261 805 123
66	2103	0.0	3	449 1505 123 26
67	84549	0.0	3	79288 4665 518 78
68	82759	0.0	3	77517 4662 503 77
69	79494	0.0	3	74536 4486 414 58
70	76099	0.0	3	71199 4412 432 56
71	74182	0.0	3	69283 4427 408 64
72	87442	0.0	3	82352 4541 457 92
73	70364	0.0	3	65964 3944 383 73
74	68629	0.0	3	64369 3843 349 68
75	64776	0.0	3	60725 3628 339 84
76	60832	0.0	3	57001 3507 262 62
77	58262	0.0	3	54656 3257 273 76
78	52293	0.0	3	49111 2926 208 48
79	49605	0.0	3	46698 2674 199 34
80	43107	0.0	3	40444 2449 183 31
81	40677	0.0	3	38291 2194 160 32
82	35173	0.0	3	33024 1980 135 34
83	32611	0.0	3	30663 1775 153 20
84	30069	0.0	3	28301 1607 134 27
85	26997	0.0	3	25411 1445 119 22
86	24854	0.0	3	23399 1341 95 19
87	21704	0.0	3	20379 1204 103 18
88	20583	0.0	3	19355 1103 112 13
89	16296	0.0	3	15296 907 83 10
90	14954	0.0	3	14093 792 59 10
91	13167	0.0	3	12415 686 54 12
92	11217	0.0	3	10567 602 38 10
93	9037	0.0	3	8522 466 42 7
94	7786	0.0	3	7334 396 48 8
95	6730	0.0	3	6350 347 30 3
96	5477	0.0	3	5155 292 26 4
97	5111	0.0	3	4815 270 23 3
98	4502	0.0	3	4212 270 15 5
99	3860	0.0	3	3640 201 17 2
100	3327	0.0	3	3145 168 10 4
101	2761	0.0	3	2588 153 15 5
102	2358	0.0	3	2206 139 10 3
103	1702	0.0	3	1604 86 10 2
104	1452	0.0	3	1372 78 1 1
105	1287	0.0	3	1204 75 5 3
106	1126	0.0	3	1059 63 3 1
107	975	0.0	3	921 51 2 1
108	861	0.0	3	805 49 5 2
109	771	0.0	3	718 46 7
110	664	0.0	3	631 30 3
111	582	0.0	3	550 28 4
112	504	0.0	3	476 24 4
113	478	0.0	3	460 14 3 1
114	411	0.0	3	387 21 3
115	437	0.0	3	410 23 3 1
116	403	0.0	3	373 28 2
117	401	0.0	3	377 22 2
118	402	0.0	3	374 23 4 1
119	398	0.0	3	373 21 3 1
120	381	0.0	3	354 22 4 1
121	387	0.0	3	360 25 1 1
122	418	0.0	3	381 36 1
123	400	0.0	3	373 25 2
124	450	0.0	3	414 32 2 2
125	564	0.0	3	518 45 1
126	550	0.0	3	511 38 1
127	552	0.0	3	509 41 2
128	646	0.0	3	594 48 4
129	617	0.0	3	569 45 3
130	674	0.0	3	627 43 2 2
131	773	0.0	3	724 49
132	808	0.0	3	742 63 3
133	953	0.0	3	876 74 3
134	1124	0.0	3	1040 77 6 1
135	1226	0.0	3	1134 85 7
136	1296	0.0	3	1201 86 8 1
137	1355	0.0	3	1236 111 8
138	1307	0.0	3	1194 108 5
139	1248	0.0	3	1116 125 7
140	1577	0.0	3	1453 117 7
141	1763	0.0	3	1610 143 9 1
142	1103	0.0	3	946 149 8
143	1245	0.0	3	1027 204 12 2
144	1278	0.0	3	979 277 20 2
145	1432	0.0	3	1158 257 15 2
146	1913	0.0	3	1397 487 27 2
147	2314	0.0	3	1249 1009 51 5
148	3029	0.0	3	375 2494 152 8
149	7944	0.0	3	256 7200 459 29
150	19000	0.0	3	591 17322 1039 48


=== Second read: Adapter 2 ===

Sequence: AGATCGGAAGAGCGTCGTGTAGGGAAAGAGTGTA; Type: regular 3'; Length: 34; Trimmed: 8251098 times

No. of allowed errors:
0-9 bp: 0; 10-19 bp: 1; 20-29 bp: 2; 30-34 bp: 3

Bases preceding removed adapters:
  A: 17.4%
  C: 27.4%
  G: 44.9%
  T: 10.1%
  none/other: 0.2%

Overview of removed sequences
length	count	expect	max.err	error counts
3	502937	323414.0	0	502937
4	183578	80853.5	0	183578
5	294961	20213.4	0	294961
8	93663	315.8	0	93663
9	188398	79.0	0	188398
10	798	19.7	1	0 798
11	194070	4.9	1	190498 3572
12	642	1.2	1	0 642
13	197342	0.3	1	193124 4218
14	518	0.1	1	0 518
15	98687	0.0	1	95978 2709
16	197366	0.0	1	191874 5492
17	860	0.0	1	0 860
18	195616	0.0	1	190013 5417 186
19	852	0.0	1	0 555 297
20	100940	0.0	2	95755 4741 444
21	402216	0.0	2	386355 14118 1743
22	1131	0.0	2	0 1003 128
23	555	0.0	2	0 138 417
24	766	0.0	2	0 648 118
25	101468	0.0	2	96363 4432 673
26	102073	0.0	2	96153 5304 616
27	201887	0.0	2	192065 8238 1584
28	1703	0.0	2	0 1509 124 70
29	204193	0.0	2	193594 9225 1337 37
30	1890	0.0	3	0 1710 108 72
31	204803	0.0	3	193528 9447 1253 575
32	1440	0.0	3	0 1056 263 121
33	104181	0.0	3	97344 5201 1304 332
34	104119	0.0	3	14 97454 5835 816
35	105341	0.0	3	29 97987 5393 1932
36	205400	0.0	3	8 134 193389 11869
37	1804	0.0	3	1 9 131 1663
38	204784	0.0	3	52 108 193348 11276
39	1279	0.0	3	8 11 113 1147
40	104479	0.0	3	14 102 97508 6855
41	208657	0.0	3	31 146 196668 11812
42	2006	0.0	3	2 9 228 1767
43	207539	0.0	3	48 162 195971 11358
44	1673	0.0	3	1 7 351 1314
45	104924	0.0	3	44 127 97805 6948
46	207584	0.0	3	68 250 196091 11175
47	1455	0.0	3	0 3 298 1154
48	103278	0.0	3	15 119 97005 6139
49	102526	0.0	3	7 91 96190 6238
50	101663	0.0	3	23 62 95298 6280
51	102386	0.0	3	15 61 94973 7337
52	303981	0.0	3	103 274 287713 15891
53	1391	0.0	3	0 1 494 896
54	2196	0.0	3	3 3 250 1940
55	298037	0.0	3	150 568 283111 14208
56	1278	0.0	3	0 6 518 754
57	913	0.0	3	0 29 134 750
58	97277	0.0	3	7 75 91546 5649
59	187931	0.0	3	51 96 179085 8699
60	1440	0.0	3	0 4 333 1103
61	93629	0.0	3	14 67 88184 5364
62	183293	0.0	3	77 211 174986 8019
63	1275	0.0	3	3 2 332 938
64	90376	0.0	3	44 164 85840 4328
65	89802	0.0	3	13 140 84944 4705
66	86695	0.0	3	18 90 82268 4319
67	84923	0.0	3	5 35 80466 4417
68	82593	0.0	3	40 43 78242 4268
69	79300	0.0	3	16 65 75121 4098
70	75886	0.0	3	7 111 71977 3791
71	73733	0.0	3	12 57 70005 3659
72	70425	0.0	3	5 40 66951 3429
73	68522	0.0	3	10 37 65160 3315
74	66249	0.0	3	25 32 63000 3192
75	63304	0.0	3	23 79 60073 3129
76	71976	0.0	3	6 105 68371 3494
77	59114	0.0	3	13 75 56251 2775
78	52773	0.0	3	7 19 50256 2491
79	50064	0.0	3	5 25 47698 2336
80	47927	0.0	3	11 23 45686 2207
81	40122	0.0	3	4 36 38266 1816
82	37027	0.0	3	4 33 35373 1617
83	32615	0.0	3	9 20 31084 1502
84	30169	0.0	3	2 36 28848 1283
85	27670	0.0	3	8 34 26377 1251
86	24550	0.0	3	13 11 23425 1101
87	22318	0.0	3	6 22 21238 1052
88	19833	0.0	3	2 14 18900 917
89	17690	0.0	3	2 10 16842 836
90	15430	0.0	3	0 3 14737 690
91	13412	0.0	3	0 1 12788 623
92	11114	0.0	3	1 4 10574 535
93	9392	0.0	3	1 2 8950 439
94	7661	0.0	3	3 4 7301 353
95	6538	0.0	3	0 8 6242 288
96	5796	0.0	3	2 5 5532 257
97	5109	0.0	3	2 2 4866 239
98	4496	0.0	3	1 1 4277 217
99	3832	0.0	3	1 2 3662 167
100	3343	0.0	3	1 3 3181 158
101	2800	0.0	3	1 1 2656 142
102	2198	0.0	3	0 0 2102 96
103	1827	0.0	3	0 3 1727 97
104	1549	0.0	3	0 1 1473 75
105	1321	0.0	3	0 1 1264 56
106	1133	0.0	3	0 0 1067 66
107	1040	0.0	3	0 0 980 60
108	872	0.0	3	0 2 823 47
109	818	0.0	3	0 1 757 60
110	715	0.0	3	0 2 672 41
111	634	0.0	3	0 2 596 36
112	503	0.0	3	0 0 473 30
113	502	0.0	3	0 0 465 37
114	476	0.0	3	0 0 441 35
115	433	0.0	3	0 0 405 28
116	457	0.0	3	0 0 423 34
117	413	0.0	3	0 0 388 25
118	429	0.0	3	0 0 393 36
119	396	0.0	3	0 0 358 38
120	379	0.0	3	0 0 353 26
121	387	0.0	3	0 1 355 31
122	428	0.0	3	0 0 400 28
123	414	0.0	3	0 0 391 23
124	479	0.0	3	0 0 434 45
125	534	0.0	3	1 0 494 39
126	568	0.0	3	0 1 537 30
127	565	0.0	3	0 0 515 50
128	625	0.0	3	0 1 586 38
129	625	0.0	3	0 0 587 38
130	680	0.0	3	0 2 641 37
131	720	0.0	3	0 0 674 46
132	810	0.0	3	0 1 762 47
133	971	0.0	3	0 0 897 74
134	1019	0.0	3	0 1 949 69
135	1268	0.0	3	0 2 1196 70
136	1292	0.0	3	1 0 1222 69
137	1314	0.0	3	0 0 1234 80
138	1297	0.0	3	0 0 1220 77
139	1211	0.0	3	0 2 1129 80
140	1596	0.0	3	0 3 1483 110
141	1822	0.0	3	0 1 1692 129
142	1025	0.0	3	0 1 936 88
143	1211	0.0	3	1 0 1040 170
144	1247	0.0	3	0 0 1062 185
145	1320	0.0	3	0 2 1127 191
146	1868	0.0	3	0 1 1488 379
147	2076	0.0	3	0 1 1364 711
148	2102	0.0	3	0 0 404 1698
149	6666	0.0	3	0 0 222 6444
150	21212	0.0	3	0 13 728 20471
