This is cutadapt 2.9 with Python 3.5.2
Command line parameters: --nextseq-trim 10 --minimum-length 25 --cores 4 -a AGATCGGAAGAGCACACGTCTGAACTCCAGTCAC -A AGATCGGAAGAGCGTCGTGTAGGGAAAGAGTGTA -o Mcapitata_ATHC_TP6_2016_R1_TrimmingRound1.fastq.gz -p Mcapitata_ATHC_TP6_2016_R2_TrimmingRound1.fastq.gz Mcapitata_ATHC_TP6_2016_R1.fastq.gz Mcapitata_ATHC_TP6_2016_R2.fastq.gz
Processing reads on 4 cores in paired-end mode ...
Finished in 657.94 s (34 us/read; 1.77 M reads/minute).

=== Summary ===

Total read pairs processed:         19,423,219
  Read 1 with adapter:               7,676,197 (39.5%)
  Read 2 with adapter:               7,816,315 (40.2%)
Pairs written (passing filters):    19,378,246 (99.8%)

Total basepairs processed: 5,826,965,700 bp
  Read 1: 2,913,482,850 bp
  Read 2: 2,913,482,850 bp
Quality-trimmed:              12,775,797 bp (0.2%)
  Read 1:     5,156,627 bp
  Read 2:     7,619,170 bp
Total written (filtered):  5,197,493,607 bp (89.2%)
  Read 1: 2,599,035,480 bp
  Read 2: 2,598,458,127 bp

=== First read: Adapter 1 ===

Sequence: AGATCGGAAGAGCACACGTCTGAACTCCAGTCAC; Type: regular 3'; Length: 34; Trimmed: 7676197 times

No. of allowed errors:
0-9 bp: 0; 10-19 bp: 1; 20-29 bp: 2; 30-34 bp: 3

Bases preceding removed adapters:
  A: 17.9%
  C: 28.2%
  G: 37.4%
  T: 16.4%
  none/other: 0.1%

Overview of removed sequences
length	count	expect	max.err	error counts
3	350164	303487.8	0	350164
4	145140	75871.9	0	145140
5	279767	18968.0	0	279767
8	89412	296.4	0	89412
9	178914	74.1	0	178914
10	680	18.5	1	0 680
11	184476	4.6	1	180619 3857
12	562	1.2	1	0 562
13	93707	0.3	1	91092 2615
14	94067	0.1	1	91407 2660
15	94245	0.0	1	91442 2803
16	94328	0.0	1	91179 3149
17	187205	0.0	1	181885 5320
18	749	0.0	1	0 699 50
19	95338	0.0	1	91953 3249 136
20	96515	0.0	2	92216 4007 292
21	191552	0.0	2	184844 6124 584
22	1137	0.0	2	0 1046 91
23	97922	0.0	2	93667 3842 413
24	97699	0.0	2	93126 4196 377
25	97009	0.0	2	92422 4192 395
26	98058	0.0	2	93272 4447 339
27	97978	0.0	2	93110 4371 497
28	99311	0.0	2	93243 5623 372 73
29	194932	0.0	2	186167 7795 808 162
30	1894	0.0	3	0 1317 167 410
31	98550	0.0	3	92825 5135 476 114
32	99990	0.0	3	93443 5751 644 152
33	100335	0.0	3	93636 6052 533 114
34	100082	0.0	3	93352 6064 564 102
35	100107	0.0	3	93447 6023 518 119
36	100469	0.0	3	93495 6068 792 114
37	101242	0.0	3	93420 7137 553 132
38	196409	0.0	3	185831 9183 1186 209
39	3149	0.0	3	86 2870 163 30
40	197200	0.0	3	187228 8824 929 219
41	2070	0.0	3	56 1813 176 25
42	101192	0.0	3	94802 5674 592 124
43	100996	0.0	3	94301 5962 621 112
44	100089	0.0	3	93424 5895 588 182
45	102110	0.0	3	95089 6215 691 115
46	100028	0.0	3	92601 6711 593 123
47	194991	0.0	3	184811 9008 942 230
48	2477	0.0	3	454 1835 155 33
49	97919	0.0	3	91919 5287 617 96
50	99378	0.0	3	92014 6791 463 110
51	191986	0.0	3	182407 8612 788 179
52	2514	0.0	3	534 1709 247 24
53	97703	0.0	3	90815 6311 488 89
54	191866	0.0	3	182200 8763 754 149
55	2353	0.0	3	449 1738 132 34
56	95253	0.0	3	89407 5297 445 104
57	94083	0.0	3	87975 5504 515 89
58	92738	0.0	3	86714 5476 457 91
59	92021	0.0	3	85972 5464 509 76
60	90865	0.0	3	84081 6259 421 104
61	174666	0.0	3	165742 8104 683 137
62	2269	0.0	3	509 1576 148 36
63	86212	0.0	3	80969 4739 454 50
64	86780	0.0	3	80197 6087 409 87
65	164121	0.0	3	155671 7596 737 117
66	2036	0.0	3	441 1448 124 23
67	79324	0.0	3	74385 4426 464 49
68	77243	0.0	3	72363 4308 502 70
69	74877	0.0	3	70057 4424 333 63
70	71168	0.0	3	66729 3999 375 65
71	69576	0.0	3	65141 4013 372 50
72	81083	0.0	3	76227 4331 456 69
73	65896	0.0	3	61760 3720 350 66
74	63274	0.0	3	59361 3563 290 60
75	59544	0.0	3	55898 3271 316 59
76	55500	0.0	3	52155 3057 234 54
77	53662	0.0	3	50353 3024 228 57
78	47675	0.0	3	44810 2610 216 39
79	45568	0.0	3	42866 2454 212 36
80	39060	0.0	3	36655 2236 148 21
81	37660	0.0	3	35397 2072 164 27
82	32027	0.0	3	30126 1739 141 21
83	29793	0.0	3	28019 1627 116 31
84	27165	0.0	3	25492 1548 115 10
85	24515	0.0	3	23063 1314 125 13
86	22307	0.0	3	20978 1226 86 17
87	19533	0.0	3	18340 1086 92 15
88	18051	0.0	3	16981 955 109 6
89	14692	0.0	3	13846 768 60 18
90	13226	0.0	3	12496 673 49 8
91	11760	0.0	3	11112 598 45 5
92	10196	0.0	3	9641 502 45 8
93	7998	0.0	3	7547 413 30 8
94	6951	0.0	3	6553 369 27 2
95	6103	0.0	3	5758 314 28 3
96	4726	0.0	3	4468 237 18 3
97	4443	0.0	3	4187 223 27 6
98	4021	0.0	3	3780 222 15 4
99	3511	0.0	3	3316 185 9 1
100	2893	0.0	3	2720 160 11 2
101	2458	0.0	3	2319 130 7 2
102	2091	0.0	3	1964 117 8 2
103	1518	0.0	3	1428 84 5 1
104	1323	0.0	3	1261 58 4
105	1132	0.0	3	1059 65 7 1
106	1027	0.0	3	966 55 6
107	861	0.0	3	805 47 7 2
108	735	0.0	3	687 41 6 1
109	705	0.0	3	665 35 4 1
110	576	0.0	3	540 30 5 1
111	550	0.0	3	528 19 2 1
112	466	0.0	3	445 20 0 1
113	473	0.0	3	438 29 5 1
114	403	0.0	3	372 24 6 1
115	389	0.0	3	360 25 3 1
116	383	0.0	3	353 25 4 1
117	353	0.0	3	330 21 1 1
118	329	0.0	3	298 26 3 2
119	330	0.0	3	308 20 0 2
120	364	0.0	3	346 18
121	378	0.0	3	356 19 2 1
122	330	0.0	3	298 26 2 4
123	377	0.0	3	357 18 2
124	402	0.0	3	368 33 1
125	396	0.0	3	365 28 3
126	500	0.0	3	469 30 1
127	498	0.0	3	457 38 1 2
128	555	0.0	3	523 28 4
129	547	0.0	3	521 25 1
130	632	0.0	3	598 33 1
131	708	0.0	3	653 52 3
132	824	0.0	3	767 53 3 1
133	814	0.0	3	769 44 1
134	931	0.0	3	861 65 4 1
135	1095	0.0	3	1020 70 4 1
136	1148	0.0	3	1074 68 6
137	1141	0.0	3	1059 78 4
138	1089	0.0	3	1012 72 3 2
139	1131	0.0	3	1044 81 6
140	1366	0.0	3	1258 103 5
141	1463	0.0	3	1302 145 13 3
142	897	0.0	3	790 97 9 1
143	952	0.0	3	804 140 7 1
144	1032	0.0	3	832 181 18 1
145	1106	0.0	3	900 196 9 1
146	1433	0.0	3	1109 304 19 1
147	1670	0.0	3	972 661 35 2
148	2210	0.0	3	293 1801 110 6
149	5832	0.0	3	166 5278 367 21
150	14243	0.0	3	408 12950 832 53


=== Second read: Adapter 2 ===

Sequence: AGATCGGAAGAGCGTCGTGTAGGGAAAGAGTGTA; Type: regular 3'; Length: 34; Trimmed: 7816315 times

No. of allowed errors:
0-9 bp: 0; 10-19 bp: 1; 20-29 bp: 2; 30-34 bp: 3

Bases preceding removed adapters:
  A: 17.1%
  C: 27.0%
  G: 45.9%
  T: 9.9%
  none/other: 0.1%

Overview of removed sequences
length	count	expect	max.err	error counts
3	470285	303487.8	0	470285
4	174973	75871.9	0	174973
5	282491	18968.0	0	282491
8	89544	296.4	0	89544
9	179305	74.1	0	179305
10	765	18.5	1	0 765
11	184325	4.6	1	181140 3185
12	631	1.2	1	0 631
13	187685	0.3	1	183763 3922
14	470	0.1	1	0 470
15	93684	0.0	1	91185 2499
16	188117	0.0	1	182971 5146
17	742	0.0	1	0 742
18	186551	0.0	1	181498 4872 181
19	809	0.0	1	0 565 244
20	96701	0.0	2	91816 4428 457
21	384738	0.0	2	369823 13115 1800
22	900	0.0	2	0 777 123
23	424	0.0	2	0 112 312
24	704	0.0	2	0 585 119
25	96532	0.0	2	91640 4261 631
26	98369	0.0	2	92635 5139 595
27	194285	0.0	2	184932 7844 1509
28	1695	0.0	2	0 1513 129 53
29	196378	0.0	2	186401 8518 1420 39
30	1814	0.0	3	0 1627 126 61
31	195144	0.0	3	184440 8456 1384 864
32	1383	0.0	3	0 951 372 60
33	101239	0.0	3	93150 6922 883 284
34	296593	0.0	3	278067 15507 2219 800
35	823	0.0	3	100 560 117 46
36	911	0.0	3	31 645 148 87
37	99980	0.0	3	92555 6043 1063 319
38	101448	0.0	3	92394 7759 945 350
39	396166	0.0	3	371971 20172 2810 1213
40	1043	0.0	3	150 735 82 76
41	385	0.0	3	117 86 158 24
42	1692	0.0	3	235 1308 103 46
43	198229	0.0	3	186130 10113 1411 575
44	1572	0.0	3	301 1031 213 27
45	100373	0.0	3	93140 6151 766 316
46	197837	0.0	3	186007 9750 1457 623
47	1472	0.0	3	270 1006 155 41
48	98018	0.0	3	91667 5322 752 277
49	98272	0.0	3	91783 5464 733 292
50	98167	0.0	3	91378 5667 865 257
51	99080	0.0	3	91459 6668 703 250
52	288775	0.0	3	272093 13854 1861 967
53	1203	0.0	3	358 586 234 25
54	2378	0.0	3	323 1902 121 32
55	282503	0.0	3	267635 12487 1572 809
56	1052	0.0	3	355 510 112 75
57	1014	0.0	3	173 653 168 20
58	93122	0.0	3	87266 5155 496 205
59	179386	0.0	3	170302 7605 1035 444
60	1306	0.0	3	254 872 156 24
61	89365	0.0	3	83836 4721 560 248
62	173601	0.0	3	165125 6956 975 545
63	1244	0.0	3	266 863 82 33
64	84853	0.0	3	80443 3716 483 211
65	84394	0.0	3	79568 4138 513 175
66	82286	0.0	3	77727 3894 466 199
67	79703	0.0	3	75240 3842 468 153
68	77200	0.0	3	72990 3575 406 229
69	74754	0.0	3	70767 3428 381 178
70	71009	0.0	3	67343 3178 369 119
71	69196	0.0	3	65665 3032 360 139
72	66052	0.0	3	62559 3059 328 106
73	64515	0.0	3	61173 2892 295 155
74	61253	0.0	3	58153 2624 288 188
75	58248	0.0	3	55197 2617 280 154
76	68936	0.0	3	65338 3106 364 128
77	53061	0.0	3	50372 2354 242 93
78	49957	0.0	3	47529 2118 216 94
79	46073	0.0	3	43867 1964 166 76
80	42626	0.0	3	40588 1789 166 83
81	36142	0.0	3	34448 1475 159 60
82	33908	0.0	3	32383 1335 117 73
83	29116	0.0	3	27726 1193 118 79
84	27120	0.0	3	25834 1118 114 54
85	25192	0.0	3	24007 1028 108 49
86	22124	0.0	3	21125 849 95 55
87	19814	0.0	3	18924 756 100 34
88	17203	0.0	3	16406 675 89 33
89	15841	0.0	3	15105 638 67 31
90	13536	0.0	3	12944 508 68 16
91	11698	0.0	3	11196 441 50 11
92	9886	0.0	3	9419 398 58 11
93	8334	0.0	3	7939 342 37 16
94	6849	0.0	3	6509 285 40 15
95	5845	0.0	3	5553 249 29 14
96	4870	0.0	3	4639 197 22 12
97	4423	0.0	3	4187 197 25 14
98	3982	0.0	3	3796 159 19 8
99	3369	0.0	3	3196 149 10 14
100	2760	0.0	3	2620 108 22 10
101	2530	0.0	3	2388 115 19 8
102	2017	0.0	3	1915 88 10 4
103	1646	0.0	3	1563 66 15 2
104	1295	0.0	3	1227 50 10 8
105	1172	0.0	3	1103 56 9 4
106	1017	0.0	3	962 44 7 4
107	943	0.0	3	875 49 12 7
108	821	0.0	3	785 23 7 6
109	720	0.0	3	668 40 7 5
110	679	0.0	3	635 34 6 4
111	547	0.0	3	513 25 6 3
112	493	0.0	3	453 23 10 7
113	468	0.0	3	427 30 5 6
114	457	0.0	3	427 20 6 4
115	411	0.0	3	377 25 3 6
116	419	0.0	3	383 20 5 11
117	374	0.0	3	339 24 5 6
118	359	0.0	3	329 20 7 3
119	326	0.0	3	299 20 3 4
120	366	0.0	3	340 14 4 8
121	386	0.0	3	344 29 10 3
122	391	0.0	3	350 33 4 4
123	376	0.0	3	331 32 6 7
124	422	0.0	3	389 20 6 7
125	406	0.0	3	373 27 3 3
126	509	0.0	3	456 43 3 7
127	514	0.0	3	467 34 9 4
128	570	0.0	3	536 28 2 4
129	553	0.0	3	517 31 2 3
130	661	0.0	3	617 36 5 3
131	685	0.0	3	637 44 3 1
132	775	0.0	3	724 41 6 4
133	853	0.0	3	802 44 4 3
134	902	0.0	3	842 55 4 1
135	1084	0.0	3	1022 52 4 6
136	1165	0.0	3	1102 56 4 3
137	1148	0.0	3	1088 53 5 2
138	1035	0.0	3	972 58 4 1
139	1109	0.0	3	1035 71 2 1
140	1376	0.0	3	1292 78 2 4
141	1533	0.0	3	1423 102 7 1
142	869	0.0	3	769 91 7 2
143	1000	0.0	3	883 106 10 1
144	950	0.0	3	794 147 7 2
145	1094	0.0	3	932 152 9 1
146	1424	0.0	3	1127 279 15 3
147	1508	0.0	3	1057 434 14 3
148	1509	0.0	3	302 1167 35 5
149	4967	0.0	3	162 4571 210 24
150	15660	0.0	3	451 14612 557 40
