This is cutadapt 2.9 with Python 3.5.2
Command line parameters: --nextseq-trim 10 --minimum-length 25 --cores 4 -a AGATCGGAAGAGCACACGTCTGAACTCCAGTCAC -A AGATCGGAAGAGCGTCGTGTAGGGAAAGAGTGTA -o Mcapitata_ATAC_TP12_2403_R1_TrimmingRound1.fastq.gz -p Mcapitata_ATAC_TP12_2403_R2_TrimmingRound1.fastq.gz Mcapitata_ATAC_TP12_2403_R1.fastq.gz Mcapitata_ATAC_TP12_2403_R2.fastq.gz
Processing reads on 4 cores in paired-end mode ...
Finished in 762.92 s (40 us/read; 1.49 M reads/minute).

=== Summary ===

Total read pairs processed:         18,884,905
  Read 1 with adapter:               5,251,528 (27.8%)
  Read 2 with adapter:               5,455,468 (28.9%)
Pairs written (passing filters):    18,818,682 (99.6%)

Total basepairs processed: 5,665,471,500 bp
  Read 1: 2,832,735,750 bp
  Read 2: 2,832,735,750 bp
Quality-trimmed:              11,819,314 bp (0.2%)
  Read 1:     5,027,717 bp
  Read 2:     6,791,597 bp
Total written (filtered):  5,334,968,227 bp (94.2%)
  Read 1: 2,668,329,990 bp
  Read 2: 2,666,638,237 bp

=== First read: Adapter 1 ===

Sequence: AGATCGGAAGAGCACACGTCTGAACTCCAGTCAC; Type: regular 3'; Length: 34; Trimmed: 5251528 times

No. of allowed errors:
0-9 bp: 0; 10-19 bp: 1; 20-29 bp: 2; 30-34 bp: 3

Bases preceding removed adapters:
  A: 18.6%
  C: 30.0%
  G: 34.4%
  T: 17.0%
  none/other: 0.1%

Overview of removed sequences
length	count	expect	max.err	error counts
3	389162	295076.6	0	389162
4	159157	73769.2	0	159157
5	286309	18442.3	0	286309
8	90045	288.2	0	90045
9	181099	72.0	0	181099
10	662	18.0	1	0 662
11	185856	4.5	1	181481 4375
12	561	1.1	1	0 561
13	92803	0.3	1	90229 2574
14	92798	0.1	1	90115 2683
15	92424	0.0	1	89490 2934
16	93056	0.0	1	89935 3121
17	183013	0.0	1	177902 5111
18	789	0.0	1	0 716 73
19	91900	0.0	1	88577 3195 128
20	93631	0.0	2	89193 3962 476
21	183380	0.0	2	176796 5712 872
22	1139	0.0	2	0 1041 98
23	91976	0.0	2	87805 3527 644
24	91904	0.0	2	87511 3874 519
25	91043	0.0	2	86643 3824 576
26	90399	0.0	2	85831 4079 489
27	89180	0.0	2	84521 4010 649
28	89525	0.0	2	83636 5303 534 52
29	173431	0.0	2	165373 6792 1011 255
30	1809	0.0	3	0 1238 173 398
31	87538	0.0	3	82071 4568 612 287
32	86823	0.0	3	80810 5062 643 308
33	86187	0.0	3	80142 5170 603 272
34	85159	0.0	3	79033 5207 621 298
35	82742	0.0	3	76916 4953 601 272
36	81692	0.0	3	75830 4844 711 307
37	80779	0.0	3	74157 5656 636 330
38	152223	0.0	3	143829 6938 1046 410
39	2860	0.0	3	280 2368 147 65
40	146496	0.0	3	138446 6619 980 451
41	1899	0.0	3	272 1403 147 77
42	71836	0.0	3	67034 4014 536 252
43	70391	0.0	3	65456 4109 566 260
44	68043	0.0	3	63159 4077 568 239
45	67181	0.0	3	62298 3971 645 267
46	63989	0.0	3	58896 4388 471 234
47	118784	0.0	3	111991 5454 881 458
48	1812	0.0	3	455 1155 139 63
49	56458	0.0	3	52389 3329 511 229
50	54884	0.0	3	50365 3797 468 254
51	99156	0.0	3	93551 4535 709 361
52	1512	0.0	3	431 886 145 50
53	47892	0.0	3	44000 3282 416 194
54	86903	0.0	3	81959 3997 628 319
55	1207	0.0	3	318 750 104 35
56	40707	0.0	3	37951 2279 337 140
57	38096	0.0	3	35383 2267 297 149
58	35590	0.0	3	33095 2046 308 141
59	33480	0.0	3	31104 1919 347 110
60	31298	0.0	3	28758 2189 240 111
61	55159	0.0	3	52143 2505 349 162
62	901	0.0	3	287 536 53 25
63	25221	0.0	3	23424 1491 219 87
64	24133	0.0	3	22257 1650 156 70
65	41559	0.0	3	39376 1852 229 102
66	622	0.0	3	188 401 27 6
67	19199	0.0	3	17979 1034 131 55
68	17432	0.0	3	16324 930 125 53
69	16114	0.0	3	14981 962 124 47
70	14476	0.0	3	13532 797 109 38
71	13451	0.0	3	12536 795 99 21
72	14712	0.0	3	13739 848 97 28
73	11349	0.0	3	10562 666 92 29
74	10393	0.0	3	9675 610 72 36
75	9694	0.0	3	9014 593 68 19
76	8612	0.0	3	8011 516 66 19
77	7976	0.0	3	7444 454 61 17
78	6907	0.0	3	6429 406 50 22
79	6528	0.0	3	6101 370 48 9
80	5494	0.0	3	5108 335 38 13
81	5288	0.0	3	4930 300 41 17
82	4451	0.0	3	4137 260 42 12
83	4234	0.0	3	3952 240 28 14
84	3786	0.0	3	3535 216 23 12
85	3489	0.0	3	3229 223 29 8
86	3309	0.0	3	3078 193 28 10
87	2782	0.0	3	2586 170 15 11
88	2701	0.0	3	2547 134 14 6
89	2374	0.0	3	2207 144 13 10
90	2143	0.0	3	2013 112 12 6
91	2000	0.0	3	1847 125 23 5
92	1753	0.0	3	1633 98 17 5
93	1518	0.0	3	1408 95 8 7
94	1395	0.0	3	1305 77 9 4
95	1377	0.0	3	1299 66 10 2
96	1043	0.0	3	975 59 7 2
97	1067	0.0	3	991 70 5 1
98	1024	0.0	3	959 53 9 3
99	982	0.0	3	907 63 10 2
100	897	0.0	3	842 44 8 3
101	804	0.0	3	760 34 9 1
102	756	0.0	3	708 38 9 1
103	589	0.0	3	551 35 2 1
104	541	0.0	3	502 31 5 3
105	527	0.0	3	491 31 4 1
106	460	0.0	3	422 33 2 3
107	428	0.0	3	384 33 7 4
108	416	0.0	3	374 36 4 2
109	385	0.0	3	361 20 2 2
110	360	0.0	3	327 23 6 4
111	300	0.0	3	270 25 5
112	277	0.0	3	256 18 0 3
113	245	0.0	3	228 15 2
114	210	0.0	3	191 14 4 1
115	214	0.0	3	196 14 0 4
116	204	0.0	3	186 16 1 1
117	175	0.0	3	166 9
118	150	0.0	3	140 9 0 1
119	138	0.0	3	131 3 3 1
120	164	0.0	3	152 8 2 2
121	156	0.0	3	138 15 2 1
122	125	0.0	3	110 13 1 1
123	167	0.0	3	151 12 3 1
124	161	0.0	3	139 22
125	221	0.0	3	200 18 3
126	221	0.0	3	197 22 1 1
127	243	0.0	3	225 15 2 1
128	264	0.0	3	245 17 2
129	313	0.0	3	293 17 2 1
130	346	0.0	3	313 30 3
131	348	0.0	3	316 32
132	394	0.0	3	357 30 6 1
133	417	0.0	3	382 29 6
134	521	0.0	3	479 39 2 1
135	593	0.0	3	553 30 8 2
136	690	0.0	3	640 44 4 2
137	619	0.0	3	555 55 7 2
138	660	0.0	3	595 55 9 1
139	706	0.0	3	618 79 7 2
140	842	0.0	3	734 99 8 1
141	985	0.0	3	859 111 13 2
142	634	0.0	3	506 121 6 1
143	800	0.0	3	628 162 8 2
144	1006	0.0	3	716 265 20 5
145	1113	0.0	3	838 249 22 4
146	1666	0.0	3	1101 519 44 2
147	2419	0.0	3	1006 1326 82 5
148	4173	0.0	3	290 3570 284 29
149	12898	0.0	3	258 11527 1040 73
150	32271	0.0	3	585 28835 2641 210


=== Second read: Adapter 2 ===

Sequence: AGATCGGAAGAGCGTCGTGTAGGGAAAGAGTGTA; Type: regular 3'; Length: 34; Trimmed: 5455468 times

No. of allowed errors:
0-9 bp: 0; 10-19 bp: 1; 20-29 bp: 2; 30-34 bp: 3

Bases preceding removed adapters:
  A: 18.6%
  C: 29.8%
  G: 42.0%
  T: 9.6%
  none/other: 0.1%

Overview of removed sequences
length	count	expect	max.err	error counts
3	536025	295076.6	0	536025
4	194207	73769.2	0	194207
5	290318	18442.3	0	290318
8	90480	288.2	0	90480
9	181168	72.0	0	181168
10	1032	18.0	1	0 1032
11	187068	4.5	1	182149 4919
12	1030	1.1	1	0 1030
13	186682	0.3	1	181657 5025
14	737	0.1	1	0 737
15	92931	0.0	1	89698 3233
16	185666	0.0	1	179882 5784
17	1086	0.0	1	0 1086
18	183075	0.0	1	177561 5281 233
19	1095	0.0	1	0 830 265
20	95147	0.0	2	89797 4720 630
21	367109	0.0	2	352984 12092 2033
22	1458	0.0	2	0 1270 188
23	770	0.0	2	0 276 494
24	984	0.0	2	0 780 204
25	91611	0.0	2	86984 3851 776
26	91834	0.0	2	86364 4734 736
27	177373	0.0	2	168854 6814 1705
28	2172	0.0	2	0 1910 184 78
29	175739	0.0	2	167411 6731 1550 47
30	2366	0.0	3	0 2089 175 102
31	172829	0.0	3	163850 6533 1585 861
32	1753	0.0	3	0 1347 273 133
33	86560	0.0	3	80987 4420 809 344
34	85766	0.0	3	79781 4802 849 334
35	83293	0.0	3	77615 4496 837 345
36	82368	0.0	3	76752 4286 1007 323
37	81703	0.0	3	75002 5515 858 328
38	228124	0.0	3	216687 8856 1763 818
39	1486	0.0	3	429 756 252 49
40	1946	0.0	3	181 1540 142 83
41	143414	0.0	3	137033 4870 1051 460
42	2232	0.0	3	186 1846 134 66
43	136178	0.0	3	130182 4538 993 465
44	1842	0.0	3	441 1122 235 44
45	66480	0.0	3	62454 3288 488 250
46	124093	0.0	3	118701 4100 852 440
47	1402	0.0	3	304 916 134 48
48	58735	0.0	3	55722 2332 475 206
49	56625	0.0	3	53697 2328 390 210
50	54336	0.0	3	51376 2280 489 191
51	52022	0.0	3	48373 3168 314 167
52	139929	0.0	3	134131 4582 772 444
53	1142	0.0	3	490 445 174 33
54	1430	0.0	3	137 1207 60 26
55	118829	0.0	3	114049 3805 649 326
56	818	0.0	3	308 405 72 33
57	770	0.0	3	224 396 118 32
58	35470	0.0	3	33365 1727 242 136
59	62998	0.0	3	60309 2079 394 216
60	805	0.0	3	182 485 108 30
61	28896	0.0	3	27137 1447 219 93
62	51791	0.0	3	49666 1600 333 192
63	575	0.0	3	120 367 60 28
64	23533	0.0	3	22439 839 159 96
65	22140	0.0	3	20967 909 153 111
66	20071	0.0	3	18977 887 134 73
67	19252	0.0	3	18206 832 130 84
68	17395	0.0	3	16381 787 151 76
69	16044	0.0	3	15130 703 134 77
70	14419	0.0	3	13673 577 92 77
71	13353	0.0	3	12646 532 108 67
72	12432	0.0	3	11735 555 88 54
73	11368	0.0	3	10691 514 101 62
74	10149	0.0	3	9563 464 81 41
75	9683	0.0	3	9107 464 65 47
76	9990	0.0	3	9374 494 74 48
77	8275	0.0	3	7796 364 76 39
78	7149	0.0	3	6739 316 58 36
79	6532	0.0	3	6141 305 59 27
80	5954	0.0	3	5612 258 57 27
81	5138	0.0	3	4794 259 55 30
82	4751	0.0	3	4452 234 35 30
83	4229	0.0	3	3963 208 36 22
84	3877	0.0	3	3639 186 29 23
85	3722	0.0	3	3493 171 34 24
86	3169	0.0	3	2978 145 32 14
87	2932	0.0	3	2741 135 29 27
88	2727	0.0	3	2562 118 34 13
89	2505	0.0	3	2362 83 44 16
90	2316	0.0	3	2162 110 26 18
91	1960	0.0	3	1825 97 27 11
92	1792	0.0	3	1675 80 17 20
93	1628	0.0	3	1507 89 13 19
94	1393	0.0	3	1309 64 11 9
95	1324	0.0	3	1245 62 9 8
96	1216	0.0	3	1128 60 20 8
97	1115	0.0	3	1030 63 11 11
98	1034	0.0	3	962 48 13 11
99	1011	0.0	3	928 53 17 13
100	975	0.0	3	893 44 24 14
101	863	0.0	3	790 49 9 15
102	727	0.0	3	658 41 15 13
103	692	0.0	3	632 37 10 13
104	596	0.0	3	546 27 14 9
105	574	0.0	3	520 32 10 12
106	504	0.0	3	457 31 12 4
107	511	0.0	3	453 34 14 10
108	460	0.0	3	423 23 7 7
109	428	0.0	3	382 23 11 12
110	410	0.0	3	362 30 9 9
111	339	0.0	3	294 20 12 13
112	327	0.0	3	294 14 11 8
113	313	0.0	3	271 23 11 8
114	251	0.0	3	210 28 3 10
115	262	0.0	3	231 22 5 4
116	237	0.0	3	200 19 10 8
117	204	0.0	3	178 17 5 4
118	199	0.0	3	166 18 10 5
119	185	0.0	3	151 21 4 9
120	179	0.0	3	155 10 6 8
121	175	0.0	3	151 18 4 2
122	158	0.0	3	134 9 10 5
123	198	0.0	3	168 18 6 6
124	196	0.0	3	163 17 10 6
125	246	0.0	3	211 20 10 5
126	272	0.0	3	241 16 9 6
127	248	0.0	3	225 12 7 4
128	296	0.0	3	261 20 9 6
129	317	0.0	3	287 21 4 5
130	340	0.0	3	314 15 7 4
131	361	0.0	3	321 34 3 3
132	401	0.0	3	353 34 9 5
133	460	0.0	3	409 41 6 4
134	494	0.0	3	451 40 2 1
135	653	0.0	3	593 49 7 4
136	686	0.0	3	621 56 5 4
137	615	0.0	3	539 66 4 6
138	688	0.0	3	622 57 7 2
139	645	0.0	3	583 58 3 1
140	853	0.0	3	765 76 7 5
141	989	0.0	3	888 90 9 2
142	621	0.0	3	499 104 11 7
143	756	0.0	3	605 135 12 4
144	942	0.0	3	721 199 20 2
145	1089	0.0	3	842 225 18 4
146	1560	0.0	3	1157 374 22 7
147	1874	0.0	3	1140 670 50 14
148	2474	0.0	3	333 1966 153 22
149	10361	0.0	3	221 9425 638 77
150	35883	0.0	3	662 32687 2290 244
