This is cutadapt 2.9 with Python 3.5.2
Command line parameters: --nextseq-trim 10 --minimum-length 25 --cores 4 -a AGATCGGAAGAGCACACGTCTGAACTCCAGTCAC -A AGATCGGAAGAGCGTCGTGTAGGGAAAGAGTGTA -o Mcapitata_ATAC_TP10_1631_R1_TrimmingRound1.fastq.gz -p Mcapitata_ATAC_TP10_1631_R2_TrimmingRound1.fastq.gz Mcapitata_ATAC_TP10_1631_R1.fastq.gz Mcapitata_ATAC_TP10_1631_R2.fastq.gz
Processing reads on 4 cores in paired-end mode ...
Finished in 665.12 s (39 us/read; 1.54 M reads/minute).

=== Summary ===

Total read pairs processed:         17,019,601
  Read 1 with adapter:               8,097,881 (47.6%)
  Read 2 with adapter:               7,467,577 (43.9%)
Pairs written (passing filters):    16,871,566 (99.1%)

Total basepairs processed: 5,105,880,300 bp
  Read 1: 2,552,940,150 bp
  Read 2: 2,552,940,150 bp
Quality-trimmed:              42,021,246 bp (0.8%)
  Read 1:     6,015,344 bp
  Read 2:    36,005,902 bp
Total written (filtered):  4,557,489,983 bp (89.3%)
  Read 1: 2,268,508,084 bp
  Read 2: 2,288,981,899 bp

=== First read: Adapter 1 ===

Sequence: AGATCGGAAGAGCACACGTCTGAACTCCAGTCAC; Type: regular 3'; Length: 34; Trimmed: 8097881 times

No. of allowed errors:
0-9 bp: 0; 10-19 bp: 1; 20-29 bp: 2; 30-34 bp: 3

Bases preceding removed adapters:
  A: 19.4%
  C: 37.1%
  G: 21.2%
  T: 22.2%
  none/other: 0.0%

Overview of removed sequences
length	count	expect	max.err	error counts
3	295646	265931.3	0	295646
4	141763	66482.8	0	141763
5	308096	16620.7	0	308096
8	100324	259.7	0	100324
9	201360	64.9	0	201360
10	591	16.2	1	0 591
11	271294	4.1	1	205507 65787
12	476	1.0	1	0 476
13	138907	0.3	1	104485 34422
14	142529	0.1	1	106971 35558
15	139420	0.0	1	104848 34572
16	146093	0.0	1	108127 37966
17	281271	0.0	1	211995 69276
18	994	0.0	1	0 818 176
19	142702	0.0	1	106687 35462 553
20	142808	0.0	2	104543 36007 2258
21	293030	0.0	2	216067 72243 4720
22	1684	0.0	2	0 1126 558
23	149841	0.0	2	110295 36967 2579
24	150546	0.0	2	109987 37615 2944
25	151204	0.0	2	110572 37635 2997
26	151436	0.0	2	110408 37990 3038
27	150736	0.0	2	109541 37860 3335
28	149291	0.0	2	107319 38544 3337 91
29	291216	0.0	2	213201 72565 5208 242
30	2824	0.0	3	0 1604 776 444
31	148380	0.0	3	107032 36929 3205 1214
32	145865	0.0	3	104810 36708 3204 1143
33	147393	0.0	3	105887 37391 3103 1012
34	148837	0.0	3	105569 38159 3776 1333
35	147299	0.0	3	104974 37582 3628 1115
36	156080	0.0	3	108792 40937 4712 1639
37	429027	0.0	3	308994 107966 8878 3189
38	2676	0.0	3	312 1358 744 262
39	2190	0.0	3	93 1430 541 126
40	257009	0.0	3	187392 64081 4070 1466
41	2218	0.0	3	61 1374 617 166
42	125761	0.0	3	91261 31312 2364 824
43	129688	0.0	3	93522 32524 2667 975
44	129444	0.0	3	93163 32636 2661 984
45	140611	0.0	3	100950 35503 3062 1096
46	112478	0.0	3	80121 29142 2440 775
47	255796	0.0	3	186117 63590 4457 1632
48	2618	0.0	3	403 1428 585 202
49	96955	0.0	3	69579 24621 2073 682
50	102487	0.0	3	72915 26612 2309 651
51	194293	0.0	3	141179 48698 3276 1140
52	20709	0.0	3	13896 5667 887 259
53	85165	0.0	3	60726 21996 1837 606
54	195376	0.0	3	141875 49021 3344 1136
55	4724	0.0	3	2045 1926 578 175
56	72390	0.0	3	52374 18323 1286 407
57	81211	0.0	3	58615 20723 1409 464
58	67503	0.0	3	48463 17386 1255 399
59	81739	0.0	3	58941 20955 1421 422
60	63294	0.0	3	45059 16603 1276 356
61	105968	0.0	3	77494 26372 1584 518
62	3061	0.0	3	1464 1150 342 105
63	47892	0.0	3	34552 12301 799 240
64	40250	0.0	3	28711 10538 780 221
65	77312	0.0	3	56511 19352 1082 367
66	3106	0.0	3	1700 1036 297 73
67	33793	0.0	3	24283 8726 604 180
68	33216	0.0	3	23739 8706 561 210
69	31289	0.0	3	22337 8168 633 151
70	53789	0.0	3	38943 13999 687 160
71	49342	0.0	3	35768 12790 633 151
72	30710	0.0	3	21998 8009 535 168
73	14179	0.0	3	9882 3844 341 112
74	10331	0.0	3	7055 2896 274 106
75	9027	0.0	3	6300 2446 211 70
76	8430	0.0	3	5932 2271 160 67
77	7346	0.0	3	5222 1933 143 48
78	5611	0.0	3	3978 1479 113 41
79	4485	0.0	3	3197 1176 72 40
80	3792	0.0	3	2683 1013 68 28
81	3469	0.0	3	2420 967 62 20
82	2688	0.0	3	1904 720 51 13
83	2335	0.0	3	1652 624 47 12
84	2061	0.0	3	1501 509 39 12
85	1866	0.0	3	1300 520 32 14
86	1616	0.0	3	1141 435 26 14
87	1377	0.0	3	984 369 16 8
88	1258	0.0	3	904 325 24 5
89	995	0.0	3	714 262 14 5
90	854	0.0	3	601 231 15 7
91	785	0.0	3	540 226 15 4
92	687	0.0	3	488 187 9 3
93	536	0.0	3	366 156 8 6
94	491	0.0	3	342 140 6 3
95	383	0.0	3	261 110 9 3
96	318	0.0	3	228 80 4 6
97	282	0.0	3	200 73 6 3
98	244	0.0	3	161 73 8 2
99	200	0.0	3	136 55 6 3
100	166	0.0	3	114 48 1 3
101	174	0.0	3	118 48 5 3
102	134	0.0	3	95 34 4 1
103	109	0.0	3	65 39 5
104	89	0.0	3	54 33 2
105	81	0.0	3	57 23 1
106	68	0.0	3	47 14 5 2
107	36	0.0	3	21 12 3
108	35	0.0	3	23 7 4 1
109	29	0.0	3	20 5 3 1
110	29	0.0	3	17 8 3 1
111	32	0.0	3	18 4 9 1
112	21	0.0	3	8 5 7 1
113	26	0.0	3	14 4 7 1
114	15	0.0	3	7 5 3
115	20	0.0	3	7 6 5 2
116	18	0.0	3	6 4 6 2
117	21	0.0	3	5 3 12 1
118	21	0.0	3	5 3 12 1
119	21	0.0	3	4 2 15
120	26	0.0	3	5 2 19
121	21	0.0	3	2 4 15
122	20	0.0	3	5 2 13
123	18	0.0	3	5 2 11
124	24	0.0	3	4 2 18
125	21	0.0	3	2 3 16
126	23	0.0	3	4 2 17
127	23	0.0	3	4 2 17
128	30	0.0	3	4 1 23 2
129	30	0.0	3	2 5 23
130	37	0.0	3	5 0 32
131	44	0.0	3	2 5 36 1
132	39	0.0	3	2 1 36
133	39	0.0	3	6 0 33
134	51	0.0	3	4 4 41 2
135	49	0.0	3	1 2 43 3
136	63	0.0	3	3 0 60
137	60	0.0	3	1 1 57 1
138	60	0.0	3	4 1 54 1
139	84	0.0	3	6 4 72 2
140	81	0.0	3	3 0 76 2
141	68	0.0	3	1 0 62 5
142	107	0.0	3	2 2 102 1
143	133	0.0	3	1 1 127 4
144	157	0.0	3	1 5 146 5
145	140	0.0	3	1 1 135 3
146	185	0.0	3	2 2 176 5
147	250	0.0	3	2 4 236 8
148	452	0.0	3	2 5 434 11
149	1104	0.0	3	2 14 1049 39
150	2625	0.0	3	1 25 2512 87


=== Second read: Adapter 2 ===

Sequence: AGATCGGAAGAGCGTCGTGTAGGGAAAGAGTGTA; Type: regular 3'; Length: 34; Trimmed: 7467577 times

No. of allowed errors:
0-9 bp: 0; 10-19 bp: 1; 20-29 bp: 2; 30-34 bp: 3

Bases preceding removed adapters:
  A: 15.6%
  C: 38.0%
  G: 32.4%
  T: 14.0%
  none/other: 0.0%

Overview of removed sequences
length	count	expect	max.err	error counts
3	452776	265931.3	0	452776
4	158610	66482.8	0	158610
5	292966	16620.7	0	292966
8	94753	259.7	0	94753
9	188518	64.9	0	188518
10	686	16.2	1	0 686
11	243412	4.1	1	192687 50725
12	609	1.0	1	0 609
13	259737	0.3	1	202933 56804
14	366	0.1	1	0 366
15	123932	0.0	1	97810 26122
16	261519	0.0	1	204745 56774
17	491	0.0	1	0 491
18	238281	0.0	1	189949 48040 292
19	720	0.0	1	0 500 220
20	128993	0.0	2	97914 27909 3170
21	524453	0.0	2	400172 113450 10831
22	1789	0.0	2	0 1147 642
23	552	0.0	2	0 239 313
24	655	0.0	2	0 454 201
25	133925	0.0	2	101670 29032 3223
26	135441	0.0	2	100680 31004 3757
27	262631	0.0	2	197356 58597 6678
28	2219	0.0	2	0 1431 670 118
29	261947	0.0	2	194888 59741 7226 92
30	2378	0.0	3	0 1634 531 213
31	258125	0.0	3	191338 57133 6526 3128
32	1964	0.0	3	0 1117 603 244
33	133144	0.0	3	96795 30916 3918 1515
34	400345	0.0	3	293689 90863 11327 4466
35	2967	0.0	3	578 1236 730 423
36	1255	0.0	3	135 654 304 162
37	128444	0.0	3	94342 29351 3457 1294
38	120196	0.0	3	87733 27934 3300 1229
39	125128	0.0	3	91533 28605 3541 1449
40	122884	0.0	3	89191 28650 3638 1405
41	261798	0.0	3	194320 57752 7118 2608
42	4795	0.0	3	1265 2407 809 314
43	300073	0.0	3	231916 58874 6765 2518
44	3022	0.0	3	636 1513 616 257
45	125657	0.0	3	93772 27427 3211 1247
46	243447	0.0	3	185486 50459 5348 2154
47	9859	0.0	3	6422 2301 788 348
48	102757	0.0	3	75437 23604 2644 1072
49	162492	0.0	3	128964 28759 3333 1436
50	82250	0.0	3	58006 20591 2577 1076
51	146139	0.0	3	115788 25676 3310 1365
52	237922	0.0	3	175027 53843 6150 2902
53	2059	0.0	3	583 808 448 220
54	1312	0.0	3	210 752 259 91
55	147017	0.0	3	102770 39798 3247 1202
56	1126	0.0	3	355 433 223 115
57	519	0.0	3	64 284 120 51
58	51278	0.0	3	36326 13115 1332 505
59	76287	0.0	3	53457 20557 1638 635
60	717	0.0	3	107 370 186 54
61	36228	0.0	3	24835 10100 953 340
62	68797	0.0	3	48716 17814 1619 648
63	551	0.0	3	64 306 142 39
64	25785	0.0	3	17870 7216 534 165
65	27401	0.0	3	19270 7277 645 209
66	29500	0.0	3	21437 7159 657 247
67	24217	0.0	3	17060 6336 567 254
68	24954	0.0	3	18084 6091 576 203
69	21698	0.0	3	15480 5578 480 160
70	21195	0.0	3	15446 5118 445 186
71	17716	0.0	3	12690 4474 419 133
72	16601	0.0	3	12080 4018 369 134
73	15624	0.0	3	11467 3693 333 131
74	14760	0.0	3	11009 3328 291 132
75	16173	0.0	3	12395 3300 331 147
76	15744	0.0	3	12163 3092 338 151
77	9421	0.0	3	6764 2321 245 91
78	6949	0.0	3	4854 1853 168 74
79	5817	0.0	3	3988 1645 138 46
80	5489	0.0	3	3732 1593 118 46
81	4427	0.0	3	2989 1303 91 44
82	3714	0.0	3	2580 1038 70 26
83	3240	0.0	3	2223 925 62 30
84	2747	0.0	3	1943 735 49 20
85	2638	0.0	3	1827 726 60 25
86	2015	0.0	3	1365 597 39 14
87	1637	0.0	3	1084 496 43 14
88	1429	0.0	3	932 452 27 18
89	1254	0.0	3	835 382 23 14
90	963	0.0	3	632 303 20 8
91	833	0.0	3	531 278 19 5
92	697	0.0	3	475 203 14 5
93	651	0.0	3	408 228 11 4
94	499	0.0	3	315 164 17 3
95	426	0.0	3	262 146 12 6
96	364	0.0	3	224 128 10 2
97	265	0.0	3	167 87 6 5
98	202	0.0	3	126 69 4 3
99	221	0.0	3	135 73 8 5
100	184	0.0	3	119 57 3 5
101	179	0.0	3	111 52 9 7
102	125	0.0	3	75 44 2 4
103	117	0.0	3	75 36 4 2
104	96	0.0	3	63 28 0 5
105	87	0.0	3	48 32 5 2
106	66	0.0	3	37 27 1 1
107	59	0.0	3	34 21 2 2
108	55	0.0	3	30 16 7 2
109	58	0.0	3	36 12 4 6
110	36	0.0	3	17 12 4 3
111	37	0.0	3	21 15 1
112	18	0.0	3	8 7 3
113	26	0.0	3	11 9 1 5
114	21	0.0	3	9 4 4 4
115	23	0.0	3	10 9 4
116	15	0.0	3	8 5 2
117	10	0.0	3	3 4 3
118	11	0.0	3	5 2 2 2
119	15	0.0	3	7 5 1 2
120	11	0.0	3	7 1 3
121	13	0.0	3	3 4 4 2
122	10	0.0	3	4 2 4
123	10	0.0	3	7 2 0 1
124	22	0.0	3	4 4 13 1
125	15	0.0	3	2 4 9
126	17	0.0	3	5 3 8 1
127	14	0.0	3	7 2 3 2
128	24	0.0	3	5 4 13 2
129	22	0.0	3	4 1 15 2
130	33	0.0	3	6 4 21 2
131	27	0.0	3	0 1 25 1
132	40	0.0	3	5 1 32 2
133	52	0.0	3	3 2 43 4
134	32	0.0	3	2 0 28 2
135	50	0.0	3	3 0 46 1
136	54	0.0	3	3 3 46 2
137	60	0.0	3	1 4 52 3
138	72	0.0	3	1 1 65 5
139	90	0.0	3	6 3 76 5
140	72	0.0	3	2 3 64 3
141	95	0.0	3	0 2 86 7
142	90	0.0	3	1 4 85
143	103	0.0	3	0 5 94 4
144	121	0.0	3	1 3 115 2
145	176	0.0	3	1 6 157 12
146	202	0.0	3	1 6 188 7
147	237	0.0	3	1 1 216 19
148	400	0.0	3	3 3 379 15
149	929	0.0	3	1 12 866 50
150	3067	0.0	3	1 32 2890 144
