This is cutadapt 2.9 with Python 3.5.2
Command line parameters: --nextseq-trim 10 --minimum-length 25 --cores 4 -a AGATCGGAAGAGCACACGTCTGAACTCCAGTCAC -A AGATCGGAAGAGCGTCGTGTAGGGAAAGAGTGTA -o Mcapitata_ATHC_TP7_1223_R1_TrimmingRound1.fastq.gz -p Mcapitata_ATHC_TP7_1223_R2_TrimmingRound1.fastq.gz Mcapitata_ATHC_TP7_1223_R1.fastq.gz Mcapitata_ATHC_TP7_1223_R2.fastq.gz
Processing reads on 4 cores in paired-end mode ...
Finished in 745.97 s (36 us/read; 1.67 M reads/minute).

=== Summary ===

Total read pairs processed:         20,782,467
  Read 1 with adapter:               7,859,062 (37.8%)
  Read 2 with adapter:               7,747,317 (37.3%)
Pairs written (passing filters):    20,765,407 (99.9%)

Total basepairs processed: 6,234,740,100 bp
  Read 1: 3,117,370,050 bp
  Read 2: 3,117,370,050 bp
Quality-trimmed:              14,528,772 bp (0.2%)
  Read 1:     5,465,501 bp
  Read 2:     9,063,271 bp
Total written (filtered):  5,773,140,867 bp (92.6%)
  Read 1: 2,882,958,650 bp
  Read 2: 2,890,182,217 bp

=== First read: Adapter 1 ===

Sequence: AGATCGGAAGAGCACACGTCTGAACTCCAGTCAC; Type: regular 3'; Length: 34; Trimmed: 7859062 times

No. of allowed errors:
0-9 bp: 0; 10-19 bp: 1; 20-29 bp: 2; 30-34 bp: 3

Bases preceding removed adapters:
  A: 14.8%
  C: 30.4%
  G: 34.8%
  T: 20.0%
  none/other: 0.0%

Overview of removed sequences
length	count	expect	max.err	error counts
3	430662	324726.0	0	430662
4	196607	81181.5	0	196607
5	410066	20295.4	0	410066
8	133084	317.1	0	133084
9	264449	79.3	0	264449
10	582	19.8	1	0 582
11	302544	5.0	1	266585 35959
12	663	1.2	1	0 663
13	152349	0.3	1	133491 18858
14	152839	0.1	1	133741 19098
15	150601	0.0	1	131286 19315
16	149805	0.0	1	130611 19194
17	296711	0.0	1	258935 37776
18	1001	0.0	1	0 881 120
19	147439	0.0	1	127897 19168 374
20	152107	0.0	2	129368 20770 1969
21	299793	0.0	2	257638 38710 3445
22	1643	0.0	2	0 1342 301
23	150910	0.0	2	128544 20103 2263
24	148696	0.0	2	125970 20546 2180
25	147472	0.0	2	124935 20283 2254
26	146080	0.0	2	123380 20562 2138
27	143900	0.0	2	121254 20251 2395
28	143588	0.0	2	120161 21017 2330 80
29	279405	0.0	2	237305 37764 3969 367
30	2642	0.0	3	0 1778 541 323
31	139673	0.0	3	117438 19425 2139 671
32	140080	0.0	3	116600 20139 2545 796
33	138009	0.0	3	115187 19708 2423 691
34	136861	0.0	3	113747 19957 2445 712
35	134263	0.0	3	111726 19481 2314 742
36	130794	0.0	3	108986 19006 2151 651
37	127881	0.0	3	106611 18428 2210 632
38	124150	0.0	3	103135 18233 2128 654
39	121984	0.0	3	101566 17685 2108 625
40	119375	0.0	3	99333 17463 1965 614
41	229405	0.0	3	194115 30969 3316 1005
42	2322	0.0	3	290 1560 372 100
43	113406	0.0	3	95563 15473 1864 506
44	109302	0.0	3	91848 15275 1683 496
45	108875	0.0	3	90947 15577 1855 496
46	100217	0.0	3	84344 14077 1391 405
47	189311	0.0	3	161431 24718 2466 696
48	1851	0.0	3	238 1228 269 116
49	88215	0.0	3	74624 12040 1216 335
50	87469	0.0	3	72743 12979 1366 381
51	156970	0.0	3	133927 20661 1852 530
52	1760	0.0	3	284 1107 297 72
53	75895	0.0	3	63915 10679 1009 292
54	137835	0.0	3	117841 17918 1619 457
55	1327	0.0	3	163 931 183 50
56	63926	0.0	3	54268 8634 809 215
57	58818	0.0	3	49639 8247 743 189
58	54514	0.0	3	46095 7501 721 197
59	50549	0.0	3	42781 6878 708 182
60	47373	0.0	3	39714 6827 655 177
61	82311	0.0	3	70312 10816 929 254
62	899	0.0	3	135 596 123 45
63	36896	0.0	3	31127 5150 492 127
64	34756	0.0	3	29205 4958 462 131
65	58909	0.0	3	50233 7831 655 190
66	576	0.0	3	80 390 88 18
67	25469	0.0	3	21378 3692 324 75
68	23523	0.0	3	19803 3311 324 85
69	20555	0.0	3	17344 2878 264 69
70	18407	0.0	3	15492 2585 272 58
71	16456	0.0	3	13819 2383 197 57
72	18490	0.0	3	15632 2562 233 63
73	12550	0.0	3	10563 1765 185 37
74	12004	0.0	3	10218 1618 134 34
75	10409	0.0	3	8724 1528 126 31
76	9340	0.0	3	7867 1318 124 31
77	8203	0.0	3	6965 1105 106 27
78	6977	0.0	3	5912 961 88 16
79	6267	0.0	3	5311 870 70 16
80	5273	0.0	3	4423 766 74 10
81	4600	0.0	3	3887 645 55 13
82	4222	0.0	3	3645 533 35 9
83	3356	0.0	3	2833 472 43 8
84	3070	0.0	3	2609 416 33 12
85	2803	0.0	3	2374 394 24 11
86	2434	0.0	3	2040 351 34 9
87	2235	0.0	3	1899 313 16 7
88	1963	0.0	3	1685 242 22 14
89	1541	0.0	3	1297 216 23 5
90	1383	0.0	3	1180 180 18 5
91	1273	0.0	3	1058 202 9 4
92	1111	0.0	3	927 171 10 3
93	810	0.0	3	685 108 14 3
94	712	0.0	3	606 96 8 2
95	653	0.0	3	553 90 9 1
96	505	0.0	3	431 63 10 1
97	469	0.0	3	392 74 0 3
98	425	0.0	3	373 44 5 3
99	384	0.0	3	325 52 5 2
100	318	0.0	3	263 48 7
101	268	0.0	3	221 43 3 1
102	227	0.0	3	179 42 4 2
103	168	0.0	3	151 15 2
104	155	0.0	3	121 26 5 3
105	109	0.0	3	84 22 2 1
106	115	0.0	3	92 20 3
107	71	0.0	3	61 6 3 1
108	75	0.0	3	62 11 1 1
109	70	0.0	3	61 7 2
110	62	0.0	3	53 6 2 1
111	48	0.0	3	36 9 2 1
112	34	0.0	3	25 7 0 2
113	36	0.0	3	24 11 1
114	17	0.0	3	13 1 3
115	23	0.0	3	19 2 1 1
116	16	0.0	3	10 5 1
117	11	0.0	3	8 2 1
118	11	0.0	3	9 1 1
119	8	0.0	3	3 3 2
120	1	0.0	3	1
121	7	0.0	3	4 1 2
122	9	0.0	3	6 1 2
123	15	0.0	3	8 2 3 2
124	8	0.0	3	3 3 2
125	10	0.0	3	4 2 3 1
126	8	0.0	3	6 0 2
127	9	0.0	3	5 1 3
128	11	0.0	3	9 0 2
129	5	0.0	3	1 0 3 1
130	9	0.0	3	5 2 2
131	2	0.0	3	1 0 1
132	10	0.0	3	5 1 4
133	11	0.0	3	6 0 4 1
134	12	0.0	3	4 1 7
135	15	0.0	3	6 1 8
136	11	0.0	3	6 1 3 1
137	18	0.0	3	6 1 11
138	21	0.0	3	6 1 14
139	26	0.0	3	7 2 14 3
140	27	0.0	3	6 1 20
141	30	0.0	3	4 1 25
142	41	0.0	3	8 1 29 3
143	51	0.0	3	2 0 47 2
144	83	0.0	3	6 2 73 2
145	90	0.0	3	14 2 70 4
146	206	0.0	3	12 2 187 5
147	484	0.0	3	11 4 451 18
148	1307	0.0	3	5 9 1259 34
149	4197	0.0	3	4 41 3994 158
150	10219	0.0	3	2 96 9754 367


=== Second read: Adapter 2 ===

Sequence: AGATCGGAAGAGCGTCGTGTAGGGAAAGAGTGTA; Type: regular 3'; Length: 34; Trimmed: 7747317 times

No. of allowed errors:
0-9 bp: 0; 10-19 bp: 1; 20-29 bp: 2; 30-34 bp: 3

Bases preceding removed adapters:
  A: 13.1%
  C: 28.0%
  G: 48.9%
  T: 9.9%
  none/other: 0.0%

Overview of removed sequences
length	count	expect	max.err	error counts
3	606625	324726.0	0	606625
4	224222	81181.5	0	224222
5	384303	20295.4	0	384303
8	121586	317.1	0	121586
9	241249	79.3	0	241249
10	1431	19.8	1	0 1431
11	291656	5.0	1	241737 49919
12	1060	1.2	1	0 1060
13	297489	0.3	1	244905 52584
14	683	0.1	1	0 683
15	141993	0.0	1	116362 25631
16	290181	0.0	1	235731 54450
17	970	0.0	1	0 970
18	273074	0.0	1	223087 49211 776
19	1253	0.0	1	0 803 450
20	146839	0.0	2	113835 27768 5236
21	570473	0.0	2	448406 104375 17692
22	2654	0.0	2	0 1707 947
23	1314	0.0	2	0 492 822
24	1140	0.0	2	0 659 481
25	140190	0.0	2	108475 26679 5036
26	141317	0.0	2	107959 27758 5600
27	271591	0.0	2	209896 50729 10966
28	2393	0.0	2	0 1629 625 139
29	272509	0.0	2	208997 52202 11162 148
30	2912	0.0	3	0 1926 710 276
31	260806	0.0	3	199375 46735 9109 5587
32	2235	0.0	3	0 1232 681 322
33	133831	0.0	3	98051 27080 5871 2829
34	379203	0.0	3	282967 73295 15655 7286
35	2313	0.0	3	394 1067 510 342
36	1543	0.0	3	164 727 362 290
37	122989	0.0	3	90995 23629 5529 2836
38	121320	0.0	3	88121 24663 5646 2890
39	447404	0.0	3	335553 84858 17916 9077
40	2893	0.0	3	592 1361 557 383
41	1560	0.0	3	469 375 385 331
42	2470	0.0	3	529 1267 455 219
43	209959	0.0	3	158591 39214 8081 4073
44	2185	0.0	3	402 1070 515 198
45	101226	0.0	3	75242 19820 4056 2108
46	190349	0.0	3	143052 36029 7477 3791
47	1838	0.0	3	332 938 372 196
48	89516	0.0	3	66573 17513 3552 1878
49	85107	0.0	3	63426 16467 3424 1790
50	83437	0.0	3	62013 16010 3558 1856
51	79704	0.0	3	58827 15915 3301 1661
52	215699	0.0	3	162391 40884 8195 4229
53	1702	0.0	3	344 705 425 228
54	2075	0.0	3	476 1050 343 206
55	179643	0.0	3	137363 33100 6111 3069
56	1333	0.0	3	298 589 277 169
57	914	0.0	3	220 355 221 118
58	52531	0.0	3	39349 10213 1925 1044
59	92188	0.0	3	70130 17182 3266 1610
60	980	0.0	3	196 486 196 102
61	41962	0.0	3	31596 8053 1529 784
62	74506	0.0	3	56665 13926 2590 1325
63	775	0.0	3	140 409 146 80
64	32250	0.0	3	24703 5911 1089 547
65	30634	0.0	3	23330 5722 1079 503
66	27048	0.0	3	20619 5012 948 469
67	24804	0.0	3	18812 4646 886 460
68	22927	0.0	3	17194 4456 833 444
69	19919	0.0	3	15140 3835 636 308
70	17691	0.0	3	13412 3400 581 298
71	15900	0.0	3	12121 2929 551 299
72	14400	0.0	3	10992 2652 519 237
73	12661	0.0	3	9590 2362 465 244
74	11671	0.0	3	8875 2176 400 220
75	10422	0.0	3	7901 1965 370 186
76	11750	0.0	3	8863 2264 426 197
77	8259	0.0	3	6289 1576 251 143
78	6735	0.0	3	5156 1253 206 120
79	6164	0.0	3	4728 1142 193 101
80	5586	0.0	3	4291 1014 183 98
81	4111	0.0	3	3110 795 135 71
82	3935	0.0	3	3040 701 124 70
83	3324	0.0	3	2598 577 102 47
84	3015	0.0	3	2309 567 85 54
85	2747	0.0	3	2138 496 82 31
86	2624	0.0	3	2050 441 84 49
87	2148	0.0	3	1612 428 73 35
88	1773	0.0	3	1398 295 55 25
89	1670	0.0	3	1263 316 59 32
90	1350	0.0	3	1043 244 41 22
91	1069	0.0	3	809 198 47 15
92	1058	0.0	3	808 204 23 23
93	856	0.0	3	641 169 27 19
94	666	0.0	3	498 128 23 17
95	603	0.0	3	458 111 21 13
96	570	0.0	3	443 102 13 12
97	422	0.0	3	327 72 19 4
98	415	0.0	3	307 84 14 10
99	347	0.0	3	262 71 8 6
100	286	0.0	3	221 51 9 5
101	291	0.0	3	202 65 11 13
102	224	0.0	3	162 46 11 5
103	192	0.0	3	152 27 7 6
104	139	0.0	3	96 29 7 7
105	136	0.0	3	103 24 4 5
106	100	0.0	3	63 21 15 1
107	91	0.0	3	61 20 5 5
108	101	0.0	3	75 17 5 4
109	70	0.0	3	48 12 8 2
110	77	0.0	3	48 18 6 5
111	60	0.0	3	39 9 6 6
112	56	0.0	3	36 7 7 6
113	54	0.0	3	29 13 6 6
114	29	0.0	3	18 5 5 1
115	28	0.0	3	17 3 3 5
116	27	0.0	3	17 5 5
117	28	0.0	3	15 3 9 1
118	24	0.0	3	12 5 4 3
119	12	0.0	3	8 3 1
120	10	0.0	3	1 2 6 1
121	15	0.0	3	3 3 6 3
122	13	0.0	3	7 1 3 2
123	20	0.0	3	10 1 5 4
124	14	0.0	3	6 1 5 2
125	17	0.0	3	11 1 3 2
126	16	0.0	3	8 1 3 4
127	11	0.0	3	2 1 6 2
128	15	0.0	3	5 4 5 1
129	11	0.0	3	9 1 1
130	17	0.0	3	6 2 7 2
131	12	0.0	3	1 2 6 3
132	13	0.0	3	7 1 4 1
133	9	0.0	3	3 0 5 1
134	11	0.0	3	3 1 6 1
135	15	0.0	3	7 1 7
136	20	0.0	3	3 1 12 4
137	17	0.0	3	4 1 8 4
138	19	0.0	3	4 3 10 2
139	27	0.0	3	7 4 13 3
140	30	0.0	3	1 2 25 2
141	47	0.0	3	7 3 35 2
142	50	0.0	3	2 0 43 5
143	74	0.0	3	4 3 58 9
144	129	0.0	3	7 2 109 11
145	122	0.0	3	9 3 100 10
146	195	0.0	3	4 10 161 20
147	412	0.0	3	7 11 368 26
148	1133	0.0	3	3 13 1020 97
149	3633	0.0	3	0 38 3335 260
150	10338	0.0	3	0 95 9525 718
