This is cutadapt 2.9 with Python 3.5.2
Command line parameters: --nextseq-trim 10 --minimum-length 25 --cores 4 -a AGATCGGAAGAGCACACGTCTGAACTCCAGTCAC -A AGATCGGAAGAGCGTCGTGTAGGGAAAGAGTGTA -o Mcapitata_HTAC_TP1_2183_R1_TrimmingRound1.fastq.gz -p Mcapitata_HTAC_TP1_2183_R2_TrimmingRound1.fastq.gz Mcapitata_HTAC_TP1_2183_R1.fastq.gz Mcapitata_HTAC_TP1_2183_R2.fastq.gz
Processing reads on 4 cores in paired-end mode ...
Finished in 705.49 s (36 us/read; 1.66 M reads/minute).

=== Summary ===

Total read pairs processed:         19,460,646
  Read 1 with adapter:               8,711,720 (44.8%)
  Read 2 with adapter:               7,937,223 (40.8%)
Pairs written (passing filters):    19,286,752 (99.1%)

Total basepairs processed: 5,838,193,800 bp
  Read 1: 2,919,096,900 bp
  Read 2: 2,919,096,900 bp
Quality-trimmed:              44,065,115 bp (0.8%)
  Read 1:     6,118,253 bp
  Read 2:    37,946,862 bp
Total written (filtered):  5,254,753,725 bp (90.0%)
  Read 1: 2,613,833,709 bp
  Read 2: 2,640,920,016 bp

=== First read: Adapter 1 ===

Sequence: AGATCGGAAGAGCACACGTCTGAACTCCAGTCAC; Type: regular 3'; Length: 34; Trimmed: 8711720 times

No. of allowed errors:
0-9 bp: 0; 10-19 bp: 1; 20-29 bp: 2; 30-34 bp: 3

Bases preceding removed adapters:
  A: 20.1%
  C: 35.7%
  G: 20.1%
  T: 24.1%
  none/other: 0.1%

Overview of removed sequences
length	count	expect	max.err	error counts
3	334507	304072.6	0	334507
4	155236	76018.1	0	155236
5	327298	19004.5	0	327298
8	105290	296.9	0	105290
9	208975	74.2	0	208975
10	731	18.6	1	0 731
11	299155	4.6	1	210130 89025
12	756	1.2	1	0 756
13	153449	0.3	1	107104 46345
14	157983	0.1	1	110110 47873
15	155241	0.0	1	108444 46797
16	163710	0.0	1	113306 50404
17	309304	0.0	1	216379 92925
18	1272	0.0	1	0 1087 185
19	158271	0.0	1	109611 48082 578
20	157650	0.0	2	106422 47898 3330
21	318072	0.0	2	216640 95119 6313
22	2048	0.0	2	0 1313 735
23	160319	0.0	2	108408 48489 3422
24	162767	0.0	2	108876 49774 4117
25	163835	0.0	2	110020 49580 4235
26	164646	0.0	2	110119 50229 4298
27	164897	0.0	2	109808 50484 4605
28	164626	0.0	2	109081 50761 4699 85
29	315883	0.0	2	213624 94643 7333 283
30	3280	0.0	3	0 1750 1093 437
31	161852	0.0	3	105908 49797 4504 1643
32	155225	0.0	3	102223 47635 4087 1280
33	159083	0.0	3	104958 48271 4409 1445
34	159032	0.0	3	104545 48598 4418 1471
35	158520	0.0	3	104207 48655 4257 1401
36	157844	0.0	3	104290 47979 4207 1368
37	156383	0.0	3	102955 47974 4126 1328
38	153490	0.0	3	101227 46762 4139 1362
39	150009	0.0	3	98941 45826 4016 1226
40	146650	0.0	3	95719 45521 4153 1257
41	280014	0.0	3	186827 84779 6333 2075
42	3261	0.0	3	343 1749 909 260
43	137006	0.0	3	91059 41661 3146 1140
44	135158	0.0	3	89322 41433 3386 1017
45	147281	0.0	3	96639 45270 3986 1386
46	121878	0.0	3	80482 37476 3136 784
47	249837	0.0	3	167610 75701 4944 1582
48	2840	0.0	3	293 1553 787 207
49	114850	0.0	3	76528 34906 2638 778
50	112352	0.0	3	73991 34863 2765 733
51	200235	0.0	3	134598 60656 3727 1254
52	7802	0.0	3	3755 2870 944 233
53	97871	0.0	3	64676 30259 2260 676
54	188269	0.0	3	125774 57539 3748 1208
55	2606	0.0	3	480 1335 642 149
56	80996	0.0	3	53916 25027 1595 458
57	82973	0.0	3	55062 25764 1669 478
58	73190	0.0	3	48911 22431 1436 412
59	72302	0.0	3	47927 22359 1578 438
60	68596	0.0	3	45268 21513 1417 398
61	110531	0.0	3	74162 33901 1900 568
62	1767	0.0	3	452 873 346 96
63	52853	0.0	3	35180 16303 1043 327
64	45606	0.0	3	29982 14383 977 264
65	82297	0.0	3	55338 25227 1351 381
66	1466	0.0	3	459 656 288 63
67	36729	0.0	3	24478 11377 675 199
68	34206	0.0	3	22592 10676 707 231
69	32916	0.0	3	21545 10465 729 177
70	67564	0.0	3	45719 20944 726 175
71	39709	0.0	3	26475 12398 664 172
72	25727	0.0	3	16707 8292 567 161
73	13526	0.0	3	8682 4349 380 115
74	11287	0.0	3	7263 3654 275 95
75	10376	0.0	3	6851 3231 235 59
76	9674	0.0	3	6276 3155 197 46
77	8314	0.0	3	5438 2637 198 41
78	6319	0.0	3	4159 1983 136 41
79	5479	0.0	3	3538 1781 124 36
80	4680	0.0	3	3005 1549 97 29
81	4000	0.0	3	2610 1289 77 24
82	3336	0.0	3	2149 1091 63 33
83	2793	0.0	3	1814 892 70 17
84	2521	0.0	3	1648 794 68 11
85	2150	0.0	3	1420 674 46 10
86	1960	0.0	3	1294 617 43 6
87	1664	0.0	3	1055 563 39 7
88	1522	0.0	3	988 492 32 10
89	1306	0.0	3	892 378 30 6
90	1111	0.0	3	708 368 29 6
91	913	0.0	3	618 275 14 6
92	802	0.0	3	509 266 24 3
93	650	0.0	3	403 229 13 5
94	575	0.0	3	365 192 12 6
95	515	0.0	3	332 156 24 3
96	423	0.0	3	282 121 18 2
97	360	0.0	3	227 123 8 2
98	354	0.0	3	212 117 21 4
99	290	0.0	3	194 80 15 1
100	251	0.0	3	151 76 22 2
101	215	0.0	3	125 81 6 3
102	195	0.0	3	124 56 14 1
103	153	0.0	3	84 47 22
104	143	0.0	3	91 38 13 1
105	108	0.0	3	68 26 13 1
106	93	0.0	3	54 24 14 1
107	79	0.0	3	39 18 21 1
108	67	0.0	3	34 12 20 1
109	94	0.0	3	35 18 39 2
110	81	0.0	3	34 17 29 1
111	77	0.0	3	30 14 31 2
112	62	0.0	3	22 7 32 1
113	53	0.0	3	21 8 23 1
114	71	0.0	3	14 5 50 2
115	55	0.0	3	9 7 38 1
116	63	0.0	3	8 4 49 2
117	63	0.0	3	6 3 52 2
118	69	0.0	3	2 2 61 4
119	71	0.0	3	3 2 63 3
120	80	0.0	3	2 2 76
121	110	0.0	3	4 3 99 4
122	99	0.0	3	2 2 93 2
123	92	0.0	3	3 0 87 2
124	106	0.0	3	4 1 98 3
125	134	0.0	3	4 2 127 1
126	122	0.0	3	2 3 114 3
127	152	0.0	3	3 1 140 8
128	136	0.0	3	6 3 123 4
129	152	0.0	3	1 1 147 3
130	209	0.0	3	6 4 191 8
131	239	0.0	3	3 2 224 10
132	182	0.0	3	1 1 174 6
133	247	0.0	3	4 4 233 6
134	208	0.0	3	3 5 197 3
135	293	0.0	3	2 5 279 7
136	327	0.0	3	1 4 310 12
137	360	0.0	3	0 1 348 11
138	378	0.0	3	2 5 358 13
139	400	0.0	3	2 4 388 6
140	433	0.0	3	3 3 415 12
141	473	0.0	3	0 3 458 12
142	625	0.0	3	2 3 598 22
143	829	0.0	3	2 5 792 30
144	933	0.0	3	0 3 905 25
145	963	0.0	3	4 5 925 29
146	1067	0.0	3	3 6 1019 39
147	1459	0.0	3	2 11 1409 37
148	2590	0.0	3	4 11 2487 88
149	6541	0.0	3	1 35 6305 200
150	14841	0.0	3	1 64 14299 477


=== Second read: Adapter 2 ===

Sequence: AGATCGGAAGAGCGTCGTGTAGGGAAAGAGTGTA; Type: regular 3'; Length: 34; Trimmed: 7937223 times

No. of allowed errors:
0-9 bp: 0; 10-19 bp: 1; 20-29 bp: 2; 30-34 bp: 3

Bases preceding removed adapters:
  A: 18.0%
  C: 36.4%
  G: 31.0%
  T: 14.5%
  none/other: 0.1%

Overview of removed sequences
length	count	expect	max.err	error counts
3	510067	304072.6	0	510067
4	175159	76018.1	0	175159
5	306490	19004.5	0	306490
8	96824	296.9	0	96824
9	192096	74.2	0	192096
10	926	18.6	1	0 926
11	265770	4.6	1	192737 73033
12	835	1.2	1	0 835
13	285927	0.3	1	205181 80746
14	513	0.1	1	0 513
15	137322	0.0	1	99660 37662
16	286278	0.0	1	206600 79678
17	593	0.0	1	0 593
18	260213	0.0	1	191186 68652 375
19	963	0.0	1	0 606 357
20	142563	0.0	2	99103 39403 4057
21	561766	0.0	2	394722 154086 12958
22	2369	0.0	2	0 1375 994
23	694	0.0	2	0 246 448
24	921	0.0	2	0 565 356
25	143370	0.0	2	99921 39582 3867
26	146344	0.0	2	100302 41450 4592
27	285267	0.0	2	197220 80186 7861
28	2938	0.0	2	0 1789 1025 124
29	281356	0.0	2	192778 80226 8219 133
30	3263	0.0	3	0 1994 978 291
31	275413	0.0	3	187703 76526 7594 3590
32	2451	0.0	3	0 1417 703 331
33	139735	0.0	3	93911 39091 4721 2012
34	138969	0.0	3	25 94745 39475 4724
35	139141	0.0	3	19 93651 39424 6047
36	271404	0.0	3	36 1237 186134 83997
37	3646	0.0	3	3 120 444 3079
38	264342	0.0	3	51 1413 181025 81853
39	2725	0.0	3	14 76 394 2241
40	128647	0.0	3	30 798 86796 41023
41	273725	0.0	3	76 1919 187730 84000
42	6464	0.0	3	2 386 818 5258
43	635839	0.0	3	111 3702 518298 113728
44	3321	0.0	3	3 42 314 2962
45	102903	0.0	3	25 609 69290 32979
46	165551	0.0	3	31 655 104131 60734
47	2199	0.0	3	1 38 609 1551
48	82366	0.0	3	15 358 51622 30371
49	87809	0.0	3	25 471 57306 30007
50	72182	0.0	3	13 331 44179 27659
51	85696	0.0	3	24 504 56750 28418
52	203925	0.0	3	39 841 129022 74023
53	1831	0.0	3	3 31 518 1279
54	1736	0.0	3	1 31 367 1337
55	157368	0.0	3	28 468 98997 57875
56	1196	0.0	3	2 18 369 807
57	692	0.0	3	1 19 161 511
58	52859	0.0	3	14 194 33486 19165
59	82812	0.0	3	19 225 52033 30535
60	932	0.0	3	2 12 198 720
61	39259	0.0	3	7 131 24325 14796
62	68391	0.0	3	17 215 42625 25534
63	588	0.0	3	1 12 87 488
64	27751	0.0	3	2 85 17391 10273
65	27220	0.0	3	28 136 16999 10057
66	27656	0.0	3	5 114 17733 9804
67	24946	0.0	3	7 99 15751 9089
68	23354	0.0	3	3 62 14935 8354
69	20916	0.0	3	8 76 13299 7533
70	19102	0.0	3	12 71 12425 6594
71	16941	0.0	3	7 68 10951 5915
72	15231	0.0	3	9 70 9805 5347
73	13614	0.0	3	1 70 8876 4667
74	12381	0.0	3	1 59 8118 4203
75	11320	0.0	3	0 57 7454 3809
76	11670	0.0	3	8 51 7771 3840
77	9209	0.0	3	3 29 5981 3196
78	7528	0.0	3	9 25 4872 2622
79	6958	0.0	3	1 34 4452 2471
80	6555	0.0	3	0 29 4184 2342
81	5024	0.0	3	1 18 3288 1717
82	4193	0.0	3	1 17 2693 1482
83	3762	0.0	3	0 14 2449 1299
84	3152	0.0	3	1 12 2012 1127
85	2880	0.0	3	0 7 1909 964
86	2409	0.0	3	0 11 1550 848
87	1877	0.0	3	1 3 1197 676
88	1711	0.0	3	0 17 1064 630
89	1470	0.0	3	0 6 918 546
90	1139	0.0	3	0 3 665 471
91	951	0.0	3	0 2 548 401
92	797	0.0	3	0 1 480 316
93	695	0.0	3	0 2 417 276
94	561	0.0	3	0 2 326 233
95	529	0.0	3	0 4 316 209
96	447	0.0	3	0 1 262 184
97	345	0.0	3	0 0 203 142
98	300	0.0	3	0 1 181 118
99	272	0.0	3	0 0 155 117
100	220	0.0	3	0 0 130 90
101	193	0.0	3	0 0 104 89
102	153	0.0	3	0 1 88 64
103	169	0.0	3	0 0 89 80
104	144	0.0	3	0 0 86 58
105	122	0.0	3	0 0 69 53
106	90	0.0	3	0 2 41 47
107	83	0.0	3	0 0 45 38
108	70	0.0	3	0 0 32 38
109	69	0.0	3	0 0 35 34
110	75	0.0	3	0 0 38 37
111	46	0.0	3	0 0 26 20
112	57	0.0	3	0 0 25 32
113	38	0.0	3	0 0 17 21
114	37	0.0	3	0 0 19 18
115	33	0.0	3	0 0 17 16
116	23	0.0	3	0 0 12 11
117	29	0.0	3	0 0 7 22
118	15	0.0	3	0 0 6 9
119	30	0.0	3	0 0 4 26
120	20	0.0	3	0 0 5 15
121	21	0.0	3	0 0 3 18
122	16	0.0	3	0 0 0 16
123	25	0.0	3	0 0 6 19
124	33	0.0	3	0 0 5 28
125	35	0.0	3	0 0 5 30
126	42	0.0	3	0 0 6 36
127	45	0.0	3	0 0 3 42
128	88	0.0	3	0 0 2 86
129	109	0.0	3	0 0 4 105
130	127	0.0	3	0 0 2 125
131	155	0.0	3	0 0 3 152
132	200	0.0	3	0 0 4 196
133	213	0.0	3	0 0 3 210
134	211	0.0	3	0 0 6 205
135	253	0.0	3	0 0 1 252
136	271	0.0	3	0 0 1 270
137	276	0.0	3	0 0 2 274
138	310	0.0	3	0 0 1 309
139	406	0.0	3	0 0 1 405
140	420	0.0	3	0 0 3 417
141	460	0.0	3	0 0 1 459
142	496	0.0	3	0 0 0 496
143	655	0.0	3	0 0 2 653
144	761	0.0	3	0 0 0 761
145	880	0.0	3	0 0 3 877
146	1132	0.0	3	0 0 2 1130
147	1295	0.0	3	0 0 4 1291
148	2176	0.0	3	0 0 1 2175
149	5475	0.0	3	0 0 3 5472
150	17111	0.0	3	0 0 1 17110
