This is cutadapt 2.9 with Python 3.5.2
Command line parameters: --nextseq-trim 10 --minimum-length 25 --cores 4 -a AGATCGGAAGAGCACACGTCTGAACTCCAGTCAC -A AGATCGGAAGAGCGTCGTGTAGGGAAAGAGTGTA -o Mcapitata_ATAC_TP10_1561_R1_TrimmingRound1.fastq.gz -p Mcapitata_ATAC_TP10_1561_R2_TrimmingRound1.fastq.gz Mcapitata_ATAC_TP10_1561_R1.fastq.gz Mcapitata_ATAC_TP10_1561_R2.fastq.gz
Processing reads on 4 cores in paired-end mode ...
Finished in 718.52 s (39 us/read; 1.53 M reads/minute).

=== Summary ===

Total read pairs processed:         18,264,163
  Read 1 with adapter:              10,217,907 (55.9%)
  Read 2 with adapter:               9,423,546 (51.6%)
Pairs written (passing filters):    18,058,689 (98.9%)

Total basepairs processed: 5,479,248,900 bp
  Read 1: 2,739,624,450 bp
  Read 2: 2,739,624,450 bp
Quality-trimmed:              38,560,827 bp (0.7%)
  Read 1:     6,468,514 bp
  Read 2:    32,092,313 bp
Total written (filtered):  4,740,682,899 bp (86.5%)
  Read 1: 2,355,982,283 bp
  Read 2: 2,384,700,616 bp

=== First read: Adapter 1 ===

Sequence: AGATCGGAAGAGCACACGTCTGAACTCCAGTCAC; Type: regular 3'; Length: 34; Trimmed: 10217907 times

No. of allowed errors:
0-9 bp: 0; 10-19 bp: 1; 20-29 bp: 2; 30-34 bp: 3

Bases preceding removed adapters:
  A: 18.8%
  C: 38.1%
  G: 19.7%
  T: 23.3%
  none/other: 0.1%

Overview of removed sequences
length	count	expect	max.err	error counts
3	273225	285377.5	0	273225
4	143222	71344.4	0	143222
5	333996	17836.1	0	333996
8	108833	278.7	0	108833
9	213719	69.7	0	213719
10	715	17.4	1	0 715
11	291689	4.4	1	216074 75615
12	860	1.1	1	0 860
13	152714	0.3	1	112652 40062
14	161678	0.1	1	119110 42568
15	159698	0.0	1	118120 41578
16	170952	0.0	1	124670 46282
17	325019	0.0	1	239763 85256
18	1567	0.0	1	0 1375 192
19	163761	0.0	1	118717 44326 718
20	160978	0.0	2	114066 43673 3239
21	328841	0.0	2	235228 87262 6351
22	2438	0.0	2	0 1605 833
23	170791	0.0	2	120904 46171 3716
24	176993	0.0	2	124387 48299 4307
25	180998	0.0	2	127800 48816 4382
26	185859	0.0	2	130725 50547 4587
27	185881	0.0	2	130393 50568 4920
28	185792	0.0	2	128229 52176 5261 126
29	353059	0.0	2	249021 95778 7906 354
30	4083	0.0	3	0 2244 1334 505
31	179944	0.0	3	123403 49862 4919 1760
32	174587	0.0	3	119837 48766 4459 1525
33	178973	0.0	3	122282 50236 4842 1613
34	184359	0.0	3	125195 52096 5331 1737
35	186307	0.0	3	127399 52238 5014 1656
36	190878	0.0	3	130503 53132 5499 1744
37	192333	0.0	3	131110 53961 5438 1824
38	364075	0.0	3	252349 100056 8747 2923
39	6834	0.0	3	611 4044 1786 393
40	347063	0.0	3	239131 96482 8403 3047
41	4520	0.0	3	306 2561 1317 336
42	172933	0.0	3	117740 48891 4650 1652
43	178189	0.0	3	121147 50718 4778 1546
44	155355	0.0	3	106576 43950 3632 1197
45	186511	0.0	3	127393 52799 4861 1458
46	151832	0.0	3	103361 43519 3905 1047
47	324625	0.0	3	225572 90345 6619 2089
48	4033	0.0	3	321 2305 1073 334
49	154604	0.0	3	106424 43453 3604 1123
50	149598	0.0	3	101424 43394 3700 1080
51	269816	0.0	3	186441 76425 5228 1722
52	4892	0.0	3	1059 2311 1203 319
53	131031	0.0	3	88535 38280 3291 925
54	258203	0.0	3	177025 73780 5526 1872
55	3163	0.0	3	293 1819 853 198
56	114894	0.0	3	78799 33012 2403 680
57	118405	0.0	3	81158 34021 2476 750
58	106717	0.0	3	73503 30452 2095 667
59	103696	0.0	3	70601 30085 2317 693
60	98891	0.0	3	66876 29043 2386 586
61	163205	0.0	3	112483 46980 2829 913
62	2461	0.0	3	368 1284 644 165
63	77112	0.0	3	52441 22414 1773 484
64	70894	0.0	3	47754 21063 1667 410
65	125361	0.0	3	86191 36425 2103 642
66	1882	0.0	3	319 949 496 118
67	57913	0.0	3	39772 16746 1050 345
68	55635	0.0	3	37792 16283 1205 355
69	53886	0.0	3	35959 16439 1197 291
70	115865	0.0	3	80965 33456 1169 275
71	51283	0.0	3	34730 15277 997 279
72	38297	0.0	3	25794 11326 929 248
73	22672	0.0	3	14998 6916 568 190
74	20137	0.0	3	13406 6119 476 136
75	18691	0.0	3	12426 5729 418 118
76	17574	0.0	3	11829 5230 419 96
77	15734	0.0	3	10515 4755 360 104
78	12552	0.0	3	8413 3775 282 82
79	11203	0.0	3	7595 3340 224 44
80	8824	0.0	3	5933 2650 180 61
81	8086	0.0	3	5451 2433 160 42
82	6397	0.0	3	4335 1869 152 41
83	5538	0.0	3	3752 1640 112 34
84	4861	0.0	3	3222 1523 99 17
85	4276	0.0	3	2888 1278 80 30
86	3896	0.0	3	2605 1173 98 20
87	3379	0.0	3	2217 1066 81 15
88	3191	0.0	3	2140 960 70 21
89	2472	0.0	3	1656 745 54 17
90	2316	0.0	3	1568 684 55 9
91	1931	0.0	3	1289 593 42 7
92	1748	0.0	3	1143 561 39 5
93	1383	0.0	3	899 440 41 3
94	1146	0.0	3	747 360 27 12
95	1104	0.0	3	713 349 34 8
96	949	0.0	3	613 294 36 6
97	763	0.0	3	498 239 24 2
98	700	0.0	3	459 200 36 5
99	644	0.0	3	417 171 53 3
100	521	0.0	3	301 181 36 3
101	459	0.0	3	293 134 31 1
102	414	0.0	3	250 126 35 3
103	314	0.0	3	196 78 35 5
104	284	0.0	3	173 84 26 1
105	244	0.0	3	131 80 29 4
106	233	0.0	3	140 68 22 3
107	181	0.0	3	87 59 33 2
108	170	0.0	3	83 39 47 1
109	174	0.0	3	66 33 71 4
110	168	0.0	3	58 30 79 1
111	147	0.0	3	38 20 83 6
112	166	0.0	3	44 24 95 3
113	137	0.0	3	36 16 82 3
114	153	0.0	3	25 13 114 1
115	156	0.0	3	14 12 126 4
116	179	0.0	3	19 10 144 6
117	135	0.0	3	9 9 115 2
118	190	0.0	3	10 6 172 2
119	208	0.0	3	12 4 187 5
120	219	0.0	3	11 9 193 6
121	208	0.0	3	4 2 194 8
122	225	0.0	3	5 2 209 9
123	227	0.0	3	3 5 214 5
124	255	0.0	3	6 2 232 15
125	259	0.0	3	7 1 242 9
126	296	0.0	3	3 6 269 18
127	296	0.0	3	6 2 276 12
128	329	0.0	3	10 4 298 17
129	361	0.0	3	5 2 345 9
130	395	0.0	3	9 5 368 13
131	494	0.0	3	5 3 471 15
132	529	0.0	3	7 6 500 16
133	538	0.0	3	5 8 507 18
134	603	0.0	3	5 11 571 16
135	682	0.0	3	7 8 643 24
136	746	0.0	3	8 7 720 11
137	823	0.0	3	2 8 785 28
138	963	0.0	3	3 8 924 28
139	931	0.0	3	2 10 898 21
140	1046	0.0	3	4 12 1000 30
141	1202	0.0	3	2 11 1154 35
142	1473	0.0	3	2 11 1406 54
143	1938	0.0	3	6 23 1841 68
144	2265	0.0	3	6 26 2161 72
145	2247	0.0	3	3 20 2151 73
146	2604	0.0	3	8 32 2457 107
147	3612	0.0	3	5 36 3472 99
148	6195	0.0	3	6 68 5918 203
149	15738	0.0	3	2 158 15064 514
150	34992	0.0	3	0 347 33478 1167


=== Second read: Adapter 2 ===

Sequence: AGATCGGAAGAGCGTCGTGTAGGGAAAGAGTGTA; Type: regular 3'; Length: 34; Trimmed: 9423546 times

No. of allowed errors:
0-9 bp: 0; 10-19 bp: 1; 20-29 bp: 2; 30-34 bp: 3

Bases preceding removed adapters:
  A: 16.7%
  C: 38.3%
  G: 29.6%
  T: 15.3%
  none/other: 0.1%

Overview of removed sequences
length	count	expect	max.err	error counts
3	414520	285377.5	0	414520
4	161624	71344.4	0	161624
5	320950	17836.1	0	320950
8	102514	278.7	0	102514
9	200311	69.7	0	200311
10	900	17.4	1	0 900
11	266204	4.4	1	202685 63519
12	861	1.1	1	0 861
13	297421	0.3	1	223729 73692
14	580	0.1	1	0 580
15	145894	0.0	1	110887 35007
16	307821	0.0	1	232362 75459
17	647	0.0	1	0 647
18	278650	0.0	1	212618 65557 475
19	1122	0.0	1	0 742 380
20	150422	0.0	2	108397 37709 4316
21	607858	0.0	2	443410 150404 14044
22	2587	0.0	2	0 1596 991
23	881	0.0	2	0 345 536
24	1080	0.0	2	0 689 391
25	162561	0.0	2	117668 40525 4368
26	169558	0.0	2	120450 43664 5444
27	329806	0.0	2	236776 83464 9566
28	3196	0.0	2	0 2027 1040 129
29	323955	0.0	2	228931 84840 10017 167
30	3403	0.0	3	0 2046 985 372
31	316330	0.0	3	220992 81453 9373 4512
32	3415	0.0	3	0 2152 895 368
33	323476	0.0	3	225961 84048 9709 3758
34	2939	0.0	3	55 1126 1193 565
35	165970	0.0	3	28 116235 44296 5411
36	172039	0.0	3	21 119079 44865 8074
37	334162	0.0	3	74 321 85798 247969
38	2772	0.0	3	12 74 1475 1211
39	162062	0.0	3	27 311 41957 119767
40	158664	0.0	3	26 359 42020 116259
41	307266	0.0	3	115 594 80086 226471
42	3580	0.0	3	2 40 2021 1517
43	351265	0.0	3	71 680 84848 265666
44	2774	0.0	3	1 83 1422 1268
45	152945	0.0	3	30 414 40501 112000
46	303381	0.0	3	53 630 78049 224649
47	6016	0.0	3	3 54 1841 4118
48	142087	0.0	3	23 269 37869 103926
49	176686	0.0	3	30 306 40866 135484
50	128601	0.0	3	37 298 35555 92711
51	177780	0.0	3	21 291 39466 138002
52	393692	0.0	3	84 766 98738 294104
53	2891	0.0	3	2 52 1282 1555
54	2119	0.0	3	6 19 1021 1073
55	259551	0.0	3	41 436 76773 182301
56	1826	0.0	3	5 25 833 963
57	832	0.0	3	1 9 361 461
58	89012	0.0	3	14 133 25454 63411
59	139129	0.0	3	30 184 41654 97261
60	1256	0.0	3	12 32 600 612
61	65600	0.0	3	16 117 19870 45597
62	122687	0.0	3	43 193 35387 87064
63	873	0.0	3	1 10 465 397
64	46744	0.0	3	14 86 14303 32341
65	48523	0.0	3	47 67 14373 34036
66	51078	0.0	3	9 141 14483 36445
67	45465	0.0	3	10 86 13572 31797
68	47133	0.0	3	7 115 12910 34101
69	40687	0.0	3	14 66 11707 28900
70	37950	0.0	3	12 64 10338 27536
71	32591	0.0	3	3 56 9332 23200
72	29540	0.0	3	13 64 8311 21152
73	27187	0.0	3	6 57 7428 19696
74	26108	0.0	3	4 43 6879 19182
75	29219	0.0	3	5 44 6816 22354
76	28993	0.0	3	1 28 6680 22284
77	18520	0.0	3	2 34 5129 13355
78	14156	0.0	3	5 21 4120 10010
79	12787	0.0	3	3 27 4021 8736
80	12029	0.0	3	3 17 3882 8127
81	9331	0.0	3	1 19 2913 6398
82	8004	0.0	3	1 16 2429 5558
83	6546	0.0	3	3 11 2056 4476
84	5903	0.0	3	1 11 1775 4116
85	5422	0.0	3	1 7 1710 3704
86	4666	0.0	3	0 12 1429 3225
87	3872	0.0	3	1 4 1284 2583
88	3281	0.0	3	0 5 1022 2254
89	2904	0.0	3	0 3 988 1913
90	2487	0.0	3	0 6 829 1652
91	1884	0.0	3	0 3 613 1268
92	1656	0.0	3	1 0 570 1085
93	1500	0.0	3	0 3 510 987
94	1181	0.0	3	1 0 411 769
95	1067	0.0	3	0 1 360 706
96	963	0.0	3	0 3 326 634
97	735	0.0	3	0 0 238 497
98	679	0.0	3	0 2 253 424
99	595	0.0	3	0 0 191 404
100	461	0.0	3	0 1 170 290
101	382	0.0	3	0 0 144 238
102	347	0.0	3	0 0 110 237
103	342	0.0	3	0 0 104 238
104	248	0.0	3	0 0 87 161
105	248	0.0	3	0 0 82 166
106	211	0.0	3	0 1 79 131
107	172	0.0	3	0 1 66 105
108	143	0.0	3	0 1 46 96
109	134	0.0	3	0 0 59 75
110	118	0.0	3	0 0 38 80
111	76	0.0	3	0 0 26 50
112	93	0.0	3	0 0 36 57
113	59	0.0	3	0 0 26 33
114	62	0.0	3	0 0 16 46
115	46	0.0	3	0 0 13 33
116	51	0.0	3	0 1 11 39
117	28	0.0	3	0 0 6 22
118	26	0.0	3	0 1 6 19
119	32	0.0	3	0 0 7 25
120	44	0.0	3	0 0 1 43
121	39	0.0	3	0 0 6 33
122	40	0.0	3	0 0 2 38
123	43	0.0	3	0 0 1 42
124	53	0.0	3	0 0 4 49
125	90	0.0	3	0 1 2 87
126	82	0.0	3	0 0 2 80
127	131	0.0	3	0 0 1 130
128	180	0.0	3	0 0 6 174
129	214	0.0	3	0 0 7 207
130	306	0.0	3	0 0 3 303
131	296	0.0	3	0 0 7 289
132	467	0.0	3	0 0 9 458
133	444	0.0	3	0 0 5 439
134	515	0.0	3	0 0 9 506
135	600	0.0	3	0 0 8 592
136	658	0.0	3	0 0 4 654
137	739	0.0	3	0 0 8 731
138	864	0.0	3	0 0 9 855
139	1000	0.0	3	0 0 17 983
140	1016	0.0	3	0 0 11 1005
141	1127	0.0	3	0 0 15 1112
142	1262	0.0	3	0 0 12 1250
143	1637	0.0	3	0 0 21 1616
144	1880	0.0	3	0 0 12 1868
145	2190	0.0	3	0 0 21 2169
146	2439	0.0	3	0 0 28 2411
147	3216	0.0	3	0 0 31 3185
148	5160	0.0	3	0 0 75 5085
149	13017	0.0	3	0 0 136 12881
150	40128	0.0	3	0 0 416 39712
