This is cutadapt 2.9 with Python 3.5.2
Command line parameters: --nextseq-trim 10 --minimum-length 25 --cores 4 -a AGATCGGAAGAGCACACGTCTGAACTCCAGTCAC -A AGATCGGAAGAGCGTCGTGTAGGGAAAGAGTGTA -o Mcapitata_ATAC_TP11_1076_R1_TrimmingRound1.fastq.gz -p Mcapitata_ATAC_TP11_1076_R2_TrimmingRound1.fastq.gz Mcapitata_ATAC_TP11_1076_R1.fastq.gz Mcapitata_ATAC_TP11_1076_R2.fastq.gz
Processing reads on 4 cores in paired-end mode ...
Finished in 697.08 s (35 us/read; 1.71 M reads/minute).

=== Summary ===

Total read pairs processed:         19,917,660
  Read 1 with adapter:               7,498,371 (37.6%)
  Read 2 with adapter:               7,657,783 (38.4%)
Pairs written (passing filters):    19,873,699 (99.8%)

Total basepairs processed: 5,975,298,000 bp
  Read 1: 2,987,649,000 bp
  Read 2: 2,987,649,000 bp
Quality-trimmed:              12,974,747 bp (0.2%)
  Read 1:     5,261,100 bp
  Read 2:     7,713,647 bp
Total written (filtered):  5,368,338,906 bp (89.8%)
  Read 1: 2,684,607,844 bp
  Read 2: 2,683,731,062 bp

=== First read: Adapter 1 ===

Sequence: AGATCGGAAGAGCACACGTCTGAACTCCAGTCAC; Type: regular 3'; Length: 34; Trimmed: 7498371 times

No. of allowed errors:
0-9 bp: 0; 10-19 bp: 1; 20-29 bp: 2; 30-34 bp: 3

Bases preceding removed adapters:
  A: 17.8%
  C: 28.2%
  G: 37.2%
  T: 16.7%
  none/other: 0.1%

Overview of removed sequences
length	count	expect	max.err	error counts
3	366485	311213.4	0	366485
4	150043	77803.4	0	150043
5	282473	19450.8	0	282473
8	89621	303.9	0	89621
9	179194	76.0	0	179194
10	622	19.0	1	0 622
11	184622	4.7	1	181376 3246
12	487	1.2	1	0 487
13	93326	0.3	1	91080 2246
14	93706	0.1	1	91360 2346
15	93220	0.0	1	90734 2486
16	93429	0.0	1	90625 2804
17	186759	0.0	1	182026 4733
18	689	0.0	1	0 622 67
19	93890	0.0	1	90890 2892 108
20	96130	0.0	2	92290 3556 284
21	191063	0.0	2	184921 5574 568
22	903	0.0	2	0 830 73
23	96621	0.0	2	92809 3428 384
24	96623	0.0	2	92527 3725 371
25	96744	0.0	2	92777 3576 391
26	95905	0.0	2	91750 3825 330
27	96367	0.0	2	92062 3855 450
28	97288	0.0	2	92053 4837 338 60
29	191425	0.0	2	183910 6717 705 93
30	1567	0.0	3	0 1135 160 272
31	96798	0.0	3	91626 4618 424 130
32	97532	0.0	3	92089 4819 528 96
33	99208	0.0	3	92859 5819 415 115
34	194525	0.0	3	185598 8011 757 159
35	1480	0.0	3	73 1281 106 20
36	96845	0.0	3	91276 5011 457 101
37	97693	0.0	3	92108 5015 466 104
38	97987	0.0	3	92420 4978 486 103
39	98298	0.0	3	91889 5878 415 116
40	193219	0.0	3	184298 8127 647 147
41	1458	0.0	3	62 1229 140 27
42	97712	0.0	3	92333 4875 401 103
43	97774	0.0	3	92127 5126 410 111
44	98171	0.0	3	92760 4898 395 118
45	98534	0.0	3	92886 5066 514 68
46	96330	0.0	3	90111 5774 334 111
47	189670	0.0	3	181075 7920 523 152
48	1584	0.0	3	189 1224 105 66
49	95118	0.0	3	90226 4443 390 59
50	95087	0.0	3	89232 5466 308 81
51	185373	0.0	3	177534 7206 496 137
52	1629	0.0	3	234 1184 195 16
53	94043	0.0	3	88431 5232 307 73
54	184699	0.0	3	176504 7539 529 127
55	1516	0.0	3	204 1171 117 24
56	91337	0.0	3	86506 4474 296 61
57	90370	0.0	3	85402 4589 308 71
58	88750	0.0	3	83874 4493 307 76
59	87870	0.0	3	82943 4547 312 68
60	86717	0.0	3	81264 5140 250 63
61	167199	0.0	3	159883 6807 432 77
62	1482	0.0	3	249 1070 122 41
63	82410	0.0	3	78096 3952 318 44
64	82608	0.0	3	77561 4722 257 68
65	156647	0.0	3	149725 6451 400 71
66	1336	0.0	3	207 1035 72 22
67	75825	0.0	3	71778 3710 283 54
68	73418	0.0	3	69552 3563 250 53
69	70855	0.0	3	67148 3393 257 57
70	68159	0.0	3	64580 3294 238 47
71	66335	0.0	3	62764 3299 226 46
72	77107	0.0	3	73158 3632 273 44
73	60675	0.0	3	57583 2849 197 46
74	60524	0.0	3	57415 2861 203 45
75	57900	0.0	3	55023 2635 202 40
76	50324	0.0	3	47786 2374 138 26
77	49655	0.0	3	47124 2340 161 30
78	44428	0.0	3	42141 2119 135 33
79	41453	0.0	3	39365 1941 112 35
80	38498	0.0	3	36536 1848 90 24
81	35845	0.0	3	34085 1630 110 20
82	30265	0.0	3	28764 1406 83 12
83	27433	0.0	3	26055 1282 79 17
84	25563	0.0	3	24231 1236 78 18
85	23061	0.0	3	21902 1087 58 14
86	20765	0.0	3	19759 931 62 13
87	18799	0.0	3	17911 818 57 13
88	17427	0.0	3	16588 772 58 9
89	13880	0.0	3	13186 652 27 15
90	12638	0.0	3	12075 525 33 5
91	11003	0.0	3	10464 501 29 9
92	9649	0.0	3	9191 425 27 6
93	7399	0.0	3	7011 354 29 5
94	6540	0.0	3	6192 321 23 4
95	5877	0.0	3	5609 255 11 2
96	4587	0.0	3	4354 212 15 6
97	4158	0.0	3	3966 175 12 5
98	3856	0.0	3	3674 162 14 6
99	3310	0.0	3	3144 155 8 3
100	2593	0.0	3	2460 124 9
101	2336	0.0	3	2230 95 7 4
102	1919	0.0	3	1828 86 3 2
103	1464	0.0	3	1405 56 3
104	1271	0.0	3	1213 55 1 2
105	1026	0.0	3	974 42 6 4
106	938	0.0	3	894 39 5
107	787	0.0	3	750 30 6 1
108	746	0.0	3	710 30 5 1
109	640	0.0	3	616 16 7 1
110	606	0.0	3	564 33 7 2
111	531	0.0	3	490 37 4
112	429	0.0	3	395 31 2 1
113	418	0.0	3	395 21 1 1
114	385	0.0	3	360 22 3
115	344	0.0	3	322 19 1 2
116	325	0.0	3	304 18 2 1
117	334	0.0	3	315 17 0 2
118	347	0.0	3	327 20
119	319	0.0	3	295 20 4
120	353	0.0	3	335 15 1 2
121	371	0.0	3	353 14 3 1
122	374	0.0	3	358 15 1
123	380	0.0	3	355 22 3
124	441	0.0	3	421 19 0 1
125	469	0.0	3	444 23 2
126	513	0.0	3	478 34 1
127	555	0.0	3	522 28 4 1
128	642	0.0	3	614 28
129	623	0.0	3	582 37 4
130	667	0.0	3	633 32 2
131	735	0.0	3	705 29 1
132	858	0.0	3	805 52 1
133	962	0.0	3	902 57 3
134	1021	0.0	3	964 52 3 2
135	1209	0.0	3	1131 76 1 1
136	1302	0.0	3	1222 78 2
137	1245	0.0	3	1177 64 4
138	1182	0.0	3	1105 74 3
139	1226	0.0	3	1134 88 4
140	1378	0.0	3	1288 87 3
141	1599	0.0	3	1473 120 6
142	922	0.0	3	826 91 5
143	946	0.0	3	823 120 3
144	1047	0.0	3	875 161 9 2
145	1147	0.0	3	975 163 9
146	1396	0.0	3	1098 283 14 1
147	1613	0.0	3	995 589 29
148	1925	0.0	3	273 1559 87 6
149	5256	0.0	3	195 4796 256 9
150	12834	0.0	3	408 11793 595 38


=== Second read: Adapter 2 ===

Sequence: AGATCGGAAGAGCGTCGTGTAGGGAAAGAGTGTA; Type: regular 3'; Length: 34; Trimmed: 7657783 times

No. of allowed errors:
0-9 bp: 0; 10-19 bp: 1; 20-29 bp: 2; 30-34 bp: 3

Bases preceding removed adapters:
  A: 17.3%
  C: 26.9%
  G: 45.8%
  T: 9.9%
  none/other: 0.1%

Overview of removed sequences
length	count	expect	max.err	error counts
3	499777	311213.4	0	499777
4	181647	77803.4	0	181647
5	285525	19450.8	0	285525
8	89609	303.9	0	89609
9	179344	76.0	0	179344
10	757	19.0	1	0 757
11	184654	4.7	1	181622 3032
12	637	1.2	1	0 637
13	186893	0.3	1	183338 3555
14	456	0.1	1	0 456
15	92625	0.0	1	90369 2256
16	187183	0.0	1	182449 4734
17	782	0.0	1	0 782
18	185098	0.0	1	180347 4577 174
19	717	0.0	1	0 496 221
20	96442	0.0	2	91705 4287 450
21	381826	0.0	2	367936 12293 1597
22	866	0.0	2	0 750 116
23	401	0.0	2	0 114 287
24	676	0.0	2	0 556 120
25	96296	0.0	2	91907 3790 599
26	96235	0.0	2	91072 4630 533
27	190907	0.0	2	182503 7063 1341
28	1648	0.0	2	0 1489 87 72
29	192502	0.0	2	183335 7797 1330 40
30	1773	0.0	3	0 1595 118 60
31	191136	0.0	3	181328 7829 1202 777
32	1374	0.0	3	0 981 345 48
33	99138	0.0	3	91633 6479 776 250
34	290143	0.0	3	273092 14488 1933 630
35	813	0.0	3	82 543 137 51
36	940	0.0	3	36 692 119 93
37	97537	0.0	3	90852 5473 964 248
38	99517	0.0	3	91104 7269 812 332
39	386198	0.0	3	364372 18293 2467 1066
40	906	0.0	3	107 676 69 54
41	367	0.0	3	126 76 127 38
42	1617	0.0	3	241 1244 94 38
43	193191	0.0	3	182294 9092 1267 538
44	1525	0.0	3	299 1025 181 20
45	97315	0.0	3	90667 5722 637 289
46	191431	0.0	3	181011 8660 1195 565
47	1410	0.0	3	246 996 122 46
48	94559	0.0	3	88710 4978 646 225
49	95240	0.0	3	89391 4935 654 260
50	94214	0.0	3	88237 4963 769 245
51	94866	0.0	3	87958 6057 631 220
52	278184	0.0	3	263190 12587 1630 777
53	1101	0.0	3	325 516 228 32
54	2211	0.0	3	314 1775 89 33
55	271001	0.0	3	258167 10743 1391 700
56	1038	0.0	3	331 567 93 47
57	902	0.0	3	148 601 138 15
58	88960	0.0	3	83821 4505 443 191
59	171788	0.0	3	163821 6707 858 402
60	1250	0.0	3	238 846 141 25
61	85838	0.0	3	80787 4415 454 182
62	164786	0.0	3	157475 6090 782 439
63	1211	0.0	3	230 845 102 34
64	81057	0.0	3	77194 3258 399 206
65	80631	0.0	3	76498 3586 389 158
66	77947	0.0	3	74028 3389 376 154
67	76037	0.0	3	72097 3435 363 142
68	73418	0.0	3	69733 3099 382 204
69	70770	0.0	3	67201 3101 321 147
70	68005	0.0	3	64581 2947 336 141
71	66147	0.0	3	62852 2862 312 121
72	62887	0.0	3	59774 2721 288 104
73	60183	0.0	3	57333 2452 246 152
74	58107	0.0	3	55210 2448 271 178
75	55504	0.0	3	52842 2265 247 150
76	63904	0.0	3	60890 2631 271 112
77	49839	0.0	3	47519 2013 206 101
78	46823	0.0	3	44579 1966 188 90
79	42910	0.0	3	40926 1743 159 82
80	40351	0.0	3	38621 1486 167 77
81	34368	0.0	3	32910 1268 137 53
82	31213	0.0	3	29813 1218 127 55
83	27764	0.0	3	26554 1033 94 83
84	25487	0.0	3	24353 999 84 51
85	23600	0.0	3	22563 897 101 39
86	21050	0.0	3	20056 860 93 41
87	18745	0.0	3	17912 726 61 46
88	16542	0.0	3	15836 589 81 36
89	15059	0.0	3	14338 600 76 45
90	12870	0.0	3	12247 547 54 22
91	10840	0.0	3	10375 389 58 18
92	9296	0.0	3	8917 311 45 23
93	7843	0.0	3	7459 330 31 23
94	6416	0.0	3	6132 236 35 13
95	5667	0.0	3	5393 229 22 23
96	4832	0.0	3	4600 201 23 8
97	4214	0.0	3	4030 156 12 16
98	3832	0.0	3	3651 157 18 6
99	3169	0.0	3	3011 136 15 7
100	2574	0.0	3	2449 100 10 15
101	2326	0.0	3	2201 105 13 7
102	1814	0.0	3	1718 70 17 9
103	1596	0.0	3	1502 76 7 11
104	1321	0.0	3	1232 68 14 7
105	1118	0.0	3	1044 51 13 10
106	906	0.0	3	840 39 15 12
107	833	0.0	3	784 34 9 6
108	827	0.0	3	769 41 13 4
109	698	0.0	3	647 36 6 9
110	651	0.0	3	595 31 13 12
111	604	0.0	3	551 34 10 9
112	461	0.0	3	424 24 9 4
113	440	0.0	3	400 23 10 7
114	416	0.0	3	373 31 8 4
115	394	0.0	3	353 23 9 9
116	365	0.0	3	338 16 6 5
117	368	0.0	3	339 19 6 4
118	369	0.0	3	326 19 16 8
119	371	0.0	3	329 27 8 7
120	375	0.0	3	342 23 3 7
121	392	0.0	3	344 33 8 7
122	382	0.0	3	349 22 4 7
123	412	0.0	3	375 25 6 6
124	455	0.0	3	413 28 3 11
125	523	0.0	3	481 31 6 5
126	510	0.0	3	484 15 3 8
127	566	0.0	3	529 28 5 4
128	622	0.0	3	591 25 5 1
129	622	0.0	3	588 29 4 1
130	662	0.0	3	620 34 8
131	765	0.0	3	714 41 6 4
132	788	0.0	3	755 27 2 4
133	968	0.0	3	910 52 4 2
134	1028	0.0	3	960 55 9 4
135	1216	0.0	3	1147 60 5 4
136	1302	0.0	3	1216 76 8 2
137	1225	0.0	3	1158 61 2 4
138	1179	0.0	3	1108 62 8 1
139	1176	0.0	3	1116 54 5 1
140	1421	0.0	3	1351 63 4 3
141	1673	0.0	3	1598 71 3 1
142	888	0.0	3	810 73 3 2
143	940	0.0	3	847 87 5 1
144	1037	0.0	3	899 128 9 1
145	1063	0.0	3	943 115 4 1
146	1379	0.0	3	1141 221 15 2
147	1554	0.0	3	1103 431 20
148	1314	0.0	3	299 970 42 3
149	4448	0.0	3	158 4110 155 25
150	14136	0.0	3	464 13151 489 32
