This is cutadapt 2.9 with Python 3.5.2
Command line parameters: --nextseq-trim 10 --minimum-length 25 --cores 4 -a AGATCGGAAGAGCACACGTCTGAACTCCAGTCAC -A AGATCGGAAGAGCGTCGTGTAGGGAAAGAGTGTA -o Mcapitata_ATAC_TP11_2302_R1_TrimmingRound1.fastq.gz -p Mcapitata_ATAC_TP11_2302_R2_TrimmingRound1.fastq.gz Mcapitata_ATAC_TP11_2302_R1.fastq.gz Mcapitata_ATAC_TP11_2302_R2.fastq.gz
Processing reads on 4 cores in paired-end mode ...
Finished in 681.11 s (37 us/read; 1.62 M reads/minute).

=== Summary ===

Total read pairs processed:         18,395,492
  Read 1 with adapter:               6,969,549 (37.9%)
  Read 2 with adapter:               7,117,626 (38.7%)
Pairs written (passing filters):    18,347,539 (99.7%)

Total basepairs processed: 5,518,647,600 bp
  Read 1: 2,759,323,800 bp
  Read 2: 2,759,323,800 bp
Quality-trimmed:              11,356,626 bp (0.2%)
  Read 1:     4,848,880 bp
  Read 2:     6,507,746 bp
Total written (filtered):  4,947,591,694 bp (89.7%)
  Read 1: 2,474,092,259 bp
  Read 2: 2,473,499,435 bp

=== First read: Adapter 1 ===

Sequence: AGATCGGAAGAGCACACGTCTGAACTCCAGTCAC; Type: regular 3'; Length: 34; Trimmed: 6969549 times

No. of allowed errors:
0-9 bp: 0; 10-19 bp: 1; 20-29 bp: 2; 30-34 bp: 3

Bases preceding removed adapters:
  A: 17.9%
  C: 28.0%
  G: 37.1%
  T: 16.9%
  none/other: 0.0%

Overview of removed sequences
length	count	expect	max.err	error counts
3	333967	287429.6	0	333967
4	136030	71857.4	0	136030
5	251974	17964.3	0	251974
8	80292	280.7	0	80292
9	160926	70.2	0	160926
10	505	17.5	1	0 505
11	165480	4.4	1	162565 2915
12	430	1.1	1	0 430
13	84292	0.3	1	82400 1892
14	84992	0.1	1	82943 2049
15	85213	0.0	1	83008 2205
16	85714	0.0	1	83201 2513
17	169636	0.0	1	165379 4257
18	558	0.0	1	0 503 55
19	85798	0.0	1	83150 2545 103
20	87209	0.0	2	83736 3253 220
21	173971	0.0	2	168297 5135 539
22	796	0.0	2	0 733 63
23	87446	0.0	2	84105 3011 330
24	88817	0.0	2	85150 3345 322
25	87988	0.0	2	84144 3513 331
26	88758	0.0	2	84966 3473 319
27	88632	0.0	2	84559 3630 443
28	90468	0.0	2	85403 4697 301 67
29	177144	0.0	2	169963 6388 676 117
30	1450	0.0	3	0 1089 134 227
31	89877	0.0	3	85134 4188 430 125
32	90227	0.0	3	85262 4382 495 88
33	90990	0.0	3	85067 5468 368 87
34	180647	0.0	3	172238 7504 716 189
35	1429	0.0	3	80 1196 125 28
36	90098	0.0	3	85106 4483 415 94
37	91292	0.0	3	86142 4612 430 108
38	91189	0.0	3	85911 4731 455 92
39	91624	0.0	3	85747 5373 399 105
40	181161	0.0	3	172906 7475 635 145
41	1454	0.0	3	76 1205 136 37
42	91160	0.0	3	86057 4664 365 74
43	91752	0.0	3	86533 4749 376 94
44	91163	0.0	3	86038 4634 394 97
45	93490	0.0	3	88178 4797 428 87
46	91070	0.0	3	85358 5330 304 78
47	179321	0.0	3	171221 7424 547 129
48	1524	0.0	3	175 1192 112 45
49	89876	0.0	3	85028 4403 377 68
50	90368	0.0	3	84800 5205 281 82
51	175229	0.0	3	167677 6953 477 122
52	1677	0.0	3	233 1240 193 11
53	89150	0.0	3	83832 4963 275 80
54	174559	0.0	3	166856 7086 493 124
55	1544	0.0	3	219 1193 105 27
56	87133	0.0	3	82378 4405 282 68
57	86245	0.0	3	81388 4492 305 60
58	84703	0.0	3	79858 4463 299 83
59	83231	0.0	3	78485 4344 336 66
60	83193	0.0	3	77795 5061 263 74
61	158664	0.0	3	151447 6703 416 98
62	1436	0.0	3	240 1034 128 34
63	78294	0.0	3	74138 3800 310 46
64	78486	0.0	3	73529 4671 228 58
65	147963	0.0	3	141388 6048 434 93
66	1345	0.0	3	187 1052 89 17
67	72115	0.0	3	68197 3595 272 51
68	70120	0.0	3	66321 3495 248 56
69	66623	0.0	3	63091 3201 270 61
70	64922	0.0	3	61377 3266 224 55
71	62308	0.0	3	58870 3162 227 49
72	73277	0.0	3	69447 3497 281 52
73	57751	0.0	3	54601 2905 212 33
74	56746	0.0	3	53836 2656 210 44
75	54067	0.0	3	51355 2483 192 37
76	47646	0.0	3	45143 2321 151 31
77	46929	0.0	3	44483 2247 167 32
78	41867	0.0	3	39685 2045 111 26
79	38857	0.0	3	36839 1871 119 28
80	35800	0.0	3	33938 1747 98 17
81	33552	0.0	3	31793 1656 81 22
82	28749	0.0	3	27257 1391 85 16
83	25674	0.0	3	24308 1294 62 10
84	23948	0.0	3	22688 1195 54 11
85	20983	0.0	3	19861 1030 75 17
86	19227	0.0	3	18205 955 54 13
87	17206	0.0	3	16278 874 44 10
88	16034	0.0	3	15209 779 35 11
89	12695	0.0	3	12053 599 35 8
90	11471	0.0	3	10939 484 42 6
91	10278	0.0	3	9809 439 24 6
92	8890	0.0	3	8476 398 11 5
93	7008	0.0	3	6637 351 14 6
94	6068	0.0	3	5743 309 12 4
95	5544	0.0	3	5246 276 20 2
96	4241	0.0	3	4027 196 14 4
97	3961	0.0	3	3746 204 11
98	3499	0.0	3	3313 175 9 2
99	3017	0.0	3	2847 156 8 6
100	2637	0.0	3	2518 109 10
101	2236	0.0	3	2112 112 7 5
102	1867	0.0	3	1771 89 6 1
103	1456	0.0	3	1385 61 9 1
104	1250	0.0	3	1199 47 3 1
105	1054	0.0	3	999 48 7
106	1027	0.0	3	978 45 3 1
107	806	0.0	3	762 42 2
108	741	0.0	3	705 30 2 4
109	658	0.0	3	622 30 3 3
110	627	0.0	3	594 26 4 3
111	535	0.0	3	512 22 1
112	472	0.0	3	453 16 1 2
113	461	0.0	3	435 23 1 2
114	403	0.0	3	371 27 5
115	370	0.0	3	350 19 0 1
116	382	0.0	3	364 17 1
117	365	0.0	3	343 17 4 1
118	338	0.0	3	319 18 1
119	385	0.0	3	357 26 1 1
120	415	0.0	3	386 28 0 1
121	421	0.0	3	392 27 1 1
122	362	0.0	3	344 16 2
123	394	0.0	3	373 19 2
124	522	0.0	3	485 30 3 4
125	534	0.0	3	505 27 2
126	585	0.0	3	566 17 2
127	591	0.0	3	552 36 1 2
128	647	0.0	3	604 41 2
129	667	0.0	3	634 32 1
130	765	0.0	3	722 37 6
131	878	0.0	3	825 52 1
132	954	0.0	3	892 58 4
133	1073	0.0	3	1009 63 1
134	1114	0.0	3	1047 64 3
135	1355	0.0	3	1264 88 3
136	1414	0.0	3	1335 75 4
137	1436	0.0	3	1341 88 5 2
138	1390	0.0	3	1303 85 2
139	1346	0.0	3	1247 94 5
140	1602	0.0	3	1481 118 3
141	1649	0.0	3	1529 116 4
142	1010	0.0	3	898 110 2
143	1047	0.0	3	894 146 7
144	1135	0.0	3	931 193 11
145	1172	0.0	3	976 187 9
146	1472	0.0	3	1136 323 13
147	1782	0.0	3	1072 673 36 1
148	2217	0.0	3	313 1810 91 3
149	5770	0.0	3	171 5290 299 10
150	13637	0.0	3	412 12484 690 51


=== Second read: Adapter 2 ===

Sequence: AGATCGGAAGAGCGTCGTGTAGGGAAAGAGTGTA; Type: regular 3'; Length: 34; Trimmed: 7117626 times

No. of allowed errors:
0-9 bp: 0; 10-19 bp: 1; 20-29 bp: 2; 30-34 bp: 3

Bases preceding removed adapters:
  A: 17.4%
  C: 26.8%
  G: 45.6%
  T: 10.1%
  none/other: 0.1%

Overview of removed sequences
length	count	expect	max.err	error counts
3	460565	287429.6	0	460565
4	166344	71857.4	0	166344
5	255155	17964.3	0	255155
8	80286	280.7	0	80286
9	161032	70.2	0	161032
10	695	17.5	1	0 695
11	165377	4.4	1	162602 2775
12	579	1.1	1	0 579
13	168958	0.3	1	165547 3411
14	427	0.1	1	0 427
15	84875	0.0	1	82716 2159
16	169762	0.0	1	165514 4248
17	738	0.0	1	0 738
18	169547	0.0	1	165358 4023 166
19	657	0.0	1	0 466 191
20	87536	0.0	2	83480 3720 336
21	348126	0.0	2	336515 10355 1256
22	760	0.0	2	0 642 118
23	383	0.0	2	0 118 265
24	602	0.0	2	0 506 96
25	87573	0.0	2	83715 3342 516
26	89052	0.0	2	84501 4110 441
27	176588	0.0	2	169079 6364 1145
28	1339	0.0	2	0 1210 86 43
29	177930	0.0	2	170083 6782 1041 24
30	1360	0.0	3	0 1196 93 71
31	178158	0.0	3	169773 6876 1066 443
32	1356	0.0	3	0 1169 132 55
33	179435	0.0	3	170284 7792 979 380
34	866	0.0	3	16 290 475 85
35	91193	0.0	3	29 86150 4400 614
36	90399	0.0	3	7 84758 4383 1251
37	180555	0.0	3	20 94 7160 173281
38	835	0.0	3	4 13 614 204
39	90364	0.0	3	23 74 3831 86436
40	91484	0.0	3	15 93 4090 87286
41	181698	0.0	3	27 204 6918 174549
42	1295	0.0	3	1 4 1059 231
43	180834	0.0	3	56 161 6440 174177
44	1016	0.0	3	0 3 664 349
45	92125	0.0	3	30 99 4090 87906
46	181031	0.0	3	68 244 6613 174106
47	1021	0.0	3	0 1 717 303
48	89725	0.0	3	10 120 3627 85968
49	89770	0.0	3	12 94 3545 86119
50	89418	0.0	3	17 88 3598 85715
51	88796	0.0	3	9 57 3882 84848
52	263952	0.0	3	94 263 9040 254555
53	862	0.0	3	0 2 367 493
54	1531	0.0	3	3 5 1198 325
55	258643	0.0	3	150 458 8311 249724
56	727	0.0	3	0 13 381 333
57	616	0.0	3	0 3 392 221
58	84750	0.0	3	10 190 3205 81345
59	164040	0.0	3	41 130 4838 159031
60	888	0.0	3	0 2 564 322
61	81397	0.0	3	15 80 2987 78315
62	156757	0.0	3	79 183 4511 151984
63	811	0.0	3	7 4 548 252
64	77091	0.0	3	29 112 2420 74530
65	75648	0.0	3	5 166 2633 72844
66	74077	0.0	3	17 106 2541 71413
67	72215	0.0	3	5 101 2435 69674
68	70077	0.0	3	32 25 2379 67641
69	66523	0.0	3	21 97 2288 64117
70	64764	0.0	3	18 57 2108 62581
71	61985	0.0	3	6 104 1988 59887
72	59522	0.0	3	10 49 1929 57534
73	56880	0.0	3	16 34 1831 54999
74	54757	0.0	3	31 46 1720 52960
75	51718	0.0	3	18 41 1780 49879
76	58837	0.0	3	7 79 2028 56723
77	46786	0.0	3	9 82 1461 45234
78	42575	0.0	3	2 53 1424 41096
79	40384	0.0	3	5 11 1304 39064
80	38223	0.0	3	12 21 1062 37128
81	32466	0.0	3	5 25 1025 31411
82	29855	0.0	3	4 23 862 28966
83	26281	0.0	3	12 23 744 25502
84	24164	0.0	3	5 28 725 23406
85	21868	0.0	3	6 15 613 21234
86	19351	0.0	3	6 20 551 18774
87	17258	0.0	3	3 15 552 16688
88	15449	0.0	3	0 9 483 14957
89	13948	0.0	3	2 13 403 13530
90	11848	0.0	3	2 4 378 11464
91	10364	0.0	3	1 2 309 10052
92	8713	0.0	3	1 8 272 8432
93	7228	0.0	3	2 3 235 6988
94	6034	0.0	3	1 7 176 5850
95	5402	0.0	3	1 5 174 5222
96	4589	0.0	3	0 3 127 4459
97	3974	0.0	3	0 7 124 3843
98	3510	0.0	3	0 6 99 3405
99	3048	0.0	3	1 4 81 2962
100	2582	0.0	3	1 2 75 2504
101	2234	0.0	3	4 1 76 2153
102	1844	0.0	3	0 4 51 1789
103	1580	0.0	3	0 0 61 1519
104	1297	0.0	3	0 5 45 1247
105	1104	0.0	3	0 2 25 1077
106	989	0.0	3	1 2 44 942
107	886	0.0	3	0 0 40 846
108	831	0.0	3	0 1 35 795
109	690	0.0	3	0 1 21 668
110	646	0.0	3	0 1 33 612
111	596	0.0	3	0 1 20 575
112	515	0.0	3	0 0 39 476
113	462	0.0	3	1 1 26 434
114	463	0.0	3	0 0 20 443
115	406	0.0	3	0 2 16 388
116	402	0.0	3	1 1 17 383
117	429	0.0	3	0 3 9 417
118	398	0.0	3	0 2 20 376
119	400	0.0	3	0 0 13 387
120	401	0.0	3	0 2 22 377
121	374	0.0	3	0 0 16 358
122	420	0.0	3	0 0 22 398
123	433	0.0	3	0 2 27 404
124	503	0.0	3	0 1 17 485
125	547	0.0	3	0 0 37 510
126	588	0.0	3	0 1 27 560
127	607	0.0	3	0 0 28 579
128	642	0.0	3	0 0 17 625
129	671	0.0	3	1 2 27 641
130	739	0.0	3	0 0 31 708
131	880	0.0	3	0 0 46 834
132	938	0.0	3	1 2 43 892
133	1074	0.0	3	0 1 63 1010
134	1102	0.0	3	0 2 39 1061
135	1305	0.0	3	0 1 71 1233
136	1417	0.0	3	0 2 50 1365
137	1455	0.0	3	1 0 50 1404
138	1465	0.0	3	0 2 67 1396
139	1300	0.0	3	0 2 68 1230
140	1581	0.0	3	0 1 79 1501
141	1752	0.0	3	0 1 93 1658
142	945	0.0	3	0 0 75 870
143	1024	0.0	3	0 0 83 941
144	1022	0.0	3	0 1 115 906
145	1142	0.0	3	0 0 135 1007
146	1453	0.0	3	0 0 223 1230
147	1710	0.0	3	0 6 449 1255
148	1451	0.0	3	0 1 1099 351
149	4678	0.0	3	0 3 4356 319
150	15247	0.0	3	1 4 14273 969
