This is cutadapt 2.9 with Python 3.5.2
Command line parameters: --nextseq-trim 10 --minimum-length 25 --cores 4 -a AGATCGGAAGAGCACACGTCTGAACTCCAGTCAC -A AGATCGGAAGAGCGTCGTGTAGGGAAAGAGTGTA -o Mcapitata_HTHC_TP9_2009_R1_TrimmingRound1.fastq.gz -p Mcapitata_HTHC_TP9_2009_R2_TrimmingRound1.fastq.gz Mcapitata_HTHC_TP9_2009_R1.fastq.gz Mcapitata_HTHC_TP9_2009_R2.fastq.gz
Processing reads on 4 cores in paired-end mode ...
Finished in 751.77 s (34 us/read; 1.74 M reads/minute).

=== Summary ===

Total read pairs processed:         21,805,717
  Read 1 with adapter:               8,537,380 (39.2%)
  Read 2 with adapter:               8,701,709 (39.9%)
Pairs written (passing filters):    21,743,239 (99.7%)

Total basepairs processed: 6,541,715,100 bp
  Read 1: 3,270,857,550 bp
  Read 2: 3,270,857,550 bp
Quality-trimmed:              14,481,967 bp (0.2%)
  Read 1:     5,993,284 bp
  Read 2:     8,488,683 bp
Total written (filtered):  5,840,887,206 bp (89.3%)
  Read 1: 2,920,843,961 bp
  Read 2: 2,920,043,245 bp

=== First read: Adapter 1 ===

Sequence: AGATCGGAAGAGCACACGTCTGAACTCCAGTCAC; Type: regular 3'; Length: 34; Trimmed: 8537380 times

No. of allowed errors:
0-9 bp: 0; 10-19 bp: 1; 20-29 bp: 2; 30-34 bp: 3

Bases preceding removed adapters:
  A: 18.1%
  C: 28.5%
  G: 36.5%
  T: 16.9%
  none/other: 0.1%

Overview of removed sequences
length	count	expect	max.err	error counts
3	396340	340714.3	0	396340
4	165269	85178.6	0	165269
5	313827	21294.6	0	313827
8	100299	332.7	0	100299
9	202370	83.2	0	202370
10	736	20.8	1	0 736
11	207997	5.2	1	203365 4632
12	621	1.3	1	0 621
13	104312	0.3	1	101257 3055
14	105722	0.1	1	102470 3252
15	105266	0.0	1	101798 3468
16	106426	0.0	1	102696 3730
17	209029	0.0	1	202441 6588
18	836	0.0	1	0 755 81
19	105656	0.0	1	101432 4052 172
20	108213	0.0	2	102979 4911 323
21	214552	0.0	2	205634 8230 688
22	1025	0.0	2	0 934 91
23	108898	0.0	2	103516 4939 443
24	108740	0.0	2	103081 5188 471
25	108970	0.0	2	103333 5225 412
26	108198	0.0	2	102350 5387 461
27	108795	0.0	2	102747 5458 590
28	109045	0.0	2	102040 6452 469 84
29	216195	0.0	2	205163 9955 913 164
30	1779	0.0	3	0 1107 196 476
31	110186	0.0	3	103164 6311 598 113
32	110089	0.0	3	102623 6658 637 171
33	111098	0.0	3	103452 6826 708 112
34	113381	0.0	3	103881 8675 680 145
35	327122	0.0	3	307774 17720 1352 276
36	1060	0.0	3	170 730 130 30
37	1221	0.0	3	108 949 134 30
38	110247	0.0	3	102926 6634 554 133
39	110004	0.0	3	102584 6741 586 93
40	111806	0.0	3	103466 7676 530 134
41	219605	0.0	3	206672 11702 1045 186
42	1573	0.0	3	84 1300 158 31
43	111171	0.0	3	104003 6505 554 109
44	111556	0.0	3	103964 6965 513 114
45	112531	0.0	3	105092 6747 588 104
46	109601	0.0	3	101365 7598 512 126
47	215279	0.0	3	203077 11218 825 159
48	1707	0.0	3	168 1342 148 49
49	108171	0.0	3	101216 6331 517 107
50	108816	0.0	3	101081 7185 449 101
51	211785	0.0	3	199821 11068 737 159
52	1755	0.0	3	260 1269 208 18
53	107889	0.0	3	100259 7175 363 92
54	211393	0.0	3	199486 11044 722 141
55	1637	0.0	3	195 1269 139 34
56	105160	0.0	3	98505 6167 402 86
57	103389	0.0	3	96312 6532 449 96
58	101906	0.0	3	95161 6255 388 102
59	100818	0.0	3	93938 6340 460 80
60	99835	0.0	3	92373 6969 418 75
61	191432	0.0	3	180478 10266 585 103
62	1562	0.0	3	207 1195 120 40
63	95709	0.0	3	89480 5735 443 51
64	95319	0.0	3	88252 6603 399 65
65	182045	0.0	3	171781 9536 623 105
66	1477	0.0	3	203 1117 132 25
67	87358	0.0	3	81757 5160 371 70
68	85998	0.0	3	80276 5256 396 70
69	82009	0.0	3	76743 4841 355 70
70	79189	0.0	3	74027 4783 322 57
71	76893	0.0	3	71858 4646 319 70
72	92558	0.0	3	86971 5177 352 58
73	70866	0.0	3	66368 4148 299 51
74	70001	0.0	3	65609 4085 263 44
75	66417	0.0	3	62206 3873 283 55
76	64438	0.0	3	60366 3794 234 44
77	58520	0.0	3	54763 3494 233 30
78	50348	0.0	3	47141 2987 184 36
79	48646	0.0	3	45501 2931 186 28
80	43834	0.0	3	41026 2643 135 30
81	41489	0.0	3	38894 2414 158 23
82	38186	0.0	3	35826 2214 131 15
83	32995	0.0	3	30923 1935 110 27
84	29805	0.0	3	27985 1698 103 19
85	26565	0.0	3	24820 1634 98 13
86	24678	0.0	3	23242 1331 88 17
87	21771	0.0	3	20398 1283 79 11
88	20384	0.0	3	19154 1154 68 8
89	17390	0.0	3	16288 1038 51 13
90	14797	0.0	3	13896 849 43 9
91	13268	0.0	3	12514 720 26 8
92	11385	0.0	3	10718 630 27 10
93	8795	0.0	3	8286 474 28 7
94	7933	0.0	3	7483 413 34 3
95	7080	0.0	3	6664 391 18 7
96	5446	0.0	3	5114 302 27 3
97	5127	0.0	3	4809 303 12 3
98	4487	0.0	3	4221 245 18 3
99	3891	0.0	3	3669 207 12 3
100	3316	0.0	3	3131 162 20 3
101	2829	0.0	3	2648 160 15 6
102	2406	0.0	3	2281 112 11 2
103	1764	0.0	3	1655 98 10 1
104	1562	0.0	3	1452 100 9 1
105	1385	0.0	3	1316 65 3 1
106	1205	0.0	3	1131 66 7 1
107	959	0.0	3	895 61 3
108	897	0.0	3	842 49 5 1
109	803	0.0	3	766 34 2 1
110	725	0.0	3	678 41 6
111	658	0.0	3	609 45 4
112	585	0.0	3	543 40 2
113	567	0.0	3	531 31 3 2
114	424	0.0	3	394 27 2 1
115	473	0.0	3	434 35 4
116	486	0.0	3	444 38 3 1
117	481	0.0	3	449 31 1
118	434	0.0	3	402 29 3
119	452	0.0	3	419 28 3 2
120	426	0.0	3	399 25 1 1
121	485	0.0	3	454 29 2
122	435	0.0	3	406 26 2 1
123	564	0.0	3	524 38 2
124	518	0.0	3	487 28 3
125	577	0.0	3	532 39 5 1
126	561	0.0	3	527 33 1
127	665	0.0	3	617 46 1 1
128	677	0.0	3	611 63 3
129	753	0.0	3	692 60 1
130	805	0.0	3	732 70 2 1
131	903	0.0	3	829 70 3 1
132	1039	0.0	3	948 86 5
133	1109	0.0	3	1029 76 4
134	1253	0.0	3	1163 85 3 2
135	1416	0.0	3	1307 104 5
136	1431	0.0	3	1314 114 3
137	1507	0.0	3	1397 106 4
138	1471	0.0	3	1346 119 6
139	1426	0.0	3	1291 126 9
140	1744	0.0	3	1570 168 6
141	1916	0.0	3	1725 179 8 4
142	1146	0.0	3	987 149 9 1
143	1259	0.0	3	1034 206 18 1
144	1427	0.0	3	1118 291 18
145	1493	0.0	3	1193 286 13 1
146	1776	0.0	3	1337 410 26 3
147	2364	0.0	3	1307 998 54 5
148	3146	0.0	3	396 2590 154 6
149	8598	0.0	3	285 7787 511 15
150	21081	0.0	3	675 19175 1174 57


=== Second read: Adapter 2 ===

Sequence: AGATCGGAAGAGCGTCGTGTAGGGAAAGAGTGTA; Type: regular 3'; Length: 34; Trimmed: 8701709 times

No. of allowed errors:
0-9 bp: 0; 10-19 bp: 1; 20-29 bp: 2; 30-34 bp: 3

Bases preceding removed adapters:
  A: 17.4%
  C: 27.3%
  G: 45.1%
  T: 10.0%
  none/other: 0.1%

Overview of removed sequences
length	count	expect	max.err	error counts
3	535882	340714.3	0	535882
4	198199	85178.6	0	198199
5	317281	21294.6	0	317281
8	100578	332.7	0	100578
9	203159	83.2	0	203159
10	806	20.8	1	0 806
11	208020	5.2	1	204488 3532
12	636	1.3	1	0 636
13	209879	0.3	1	205765 4114
14	456	0.1	1	0 456
15	104688	0.0	1	102101 2587
16	211121	0.0	1	205665 5456
17	865	0.0	1	0 865
18	207742	0.0	1	202346 5216 180
19	790	0.0	1	0 566 224
20	108686	0.0	2	103411 4813 462
21	429233	0.0	2	413554 13835 1844
22	974	0.0	2	0 855 119
23	422	0.0	2	0 118 304
24	765	0.0	2	0 634 131
25	108473	0.0	2	103244 4534 695
26	108583	0.0	2	102597 5323 663
27	214761	0.0	2	205168 8073 1520
28	1824	0.0	2	0 1651 108 65
29	217302	0.0	2	206750 8918 1593 41
30	2033	0.0	3	0 1814 140 79
31	216459	0.0	3	205277 8878 1412 892
32	1513	0.0	3	0 1104 341 68
33	111892	0.0	3	103322 7395 880 295
34	328368	0.0	3	308702 16453 2421 792
35	874	0.0	3	100 601 138 35
36	1078	0.0	3	27 803 152 96
37	109867	0.0	3	102238 6191 1087 351
38	111915	0.0	3	102501 8133 926 355
39	437905	0.0	3	412664 20958 2986 1297
40	1140	0.0	3	128 861 67 84
41	438	0.0	3	131 75 207 25
42	1872	0.0	3	255 1483 85 49
43	219703	0.0	3	207287 10259 1515 642
44	1719	0.0	3	308 1165 217 29
45	110843	0.0	3	103268 6506 743 326
46	217251	0.0	3	204949 10114 1517 671
47	1658	0.0	3	314 1144 156 44
48	107634	0.0	3	100953 5615 794 272
49	108218	0.0	3	101429 5686 791 312
50	107827	0.0	3	100759 5856 916 296
51	108136	0.0	3	100181 6897 795 263
52	318439	0.0	3	300908 14655 2002 874
53	1246	0.0	3	367 588 250 41
54	2608	0.0	3	328 2121 126 33
55	310460	0.0	3	295380 12534 1675 871
56	1203	0.0	3	423 613 119 48
57	1047	0.0	3	173 682 169 23
58	102356	0.0	3	96110 5470 578 198
59	197132	0.0	3	187732 7916 1022 462
60	1503	0.0	3	310 987 184 22
61	97889	0.0	3	92119 4945 599 226
62	190268	0.0	3	181438 7292 986 552
63	1436	0.0	3	314 977 105 40
64	93532	0.0	3	88882 3911 487 252
65	93135	0.0	3	88224 4214 498 199
66	90937	0.0	3	86326 3948 472 191
67	87549	0.0	3	83041 3865 476 167
68	85977	0.0	3	81499 3754 487 237
69	81896	0.0	3	77752 3542 442 160
70	79033	0.0	3	75069 3404 394 166
71	76557	0.0	3	72794 3235 374 154
72	72942	0.0	3	69403 3092 314 133
73	70850	0.0	3	67366 2982 341 161
74	67928	0.0	3	64600 2841 324 163
75	64930	0.0	3	61760 2694 300 176
76	75763	0.0	3	71996 3262 366 139
77	58914	0.0	3	56102 2466 239 107
78	55346	0.0	3	52754 2287 211 94
79	50984	0.0	3	48712 2010 171 91
80	47235	0.0	3	45217 1762 165 91
81	40506	0.0	3	38695 1559 186 66
82	37227	0.0	3	35531 1464 157 75
83	33346	0.0	3	31731 1389 129 97
84	30147	0.0	3	28812 1159 124 52
85	27934	0.0	3	26614 1129 126 65
86	24993	0.0	3	23836 989 86 82
87	22292	0.0	3	21304 851 93 44
88	19363	0.0	3	18482 770 80 31
89	18178	0.0	3	17365 699 81 33
90	15485	0.0	3	14801 572 80 32
91	13079	0.0	3	12497 506 51 25
92	11006	0.0	3	10544 399 45 18
93	9416	0.0	3	8992 358 41 25
94	7831	0.0	3	7467 300 40 24
95	6679	0.0	3	6387 236 34 22
96	5820	0.0	3	5541 236 28 15
97	5002	0.0	3	4784 182 26 10
98	4487	0.0	3	4281 160 27 19
99	3844	0.0	3	3641 163 26 14
100	3276	0.0	3	3121 120 26 9
101	2818	0.0	3	2678 103 23 14
102	2251	0.0	3	2147 88 13 3
103	1893	0.0	3	1788 84 17 4
104	1640	0.0	3	1569 58 11 2
105	1402	0.0	3	1321 60 14 7
106	1186	0.0	3	1122 45 9 10
107	1070	0.0	3	1004 51 9 6
108	978	0.0	3	904 51 14 9
109	819	0.0	3	757 38 11 13
110	798	0.0	3	749 31 9 9
111	711	0.0	3	656 33 14 8
112	623	0.0	3	585 27 4 7
113	603	0.0	3	561 28 5 9
114	485	0.0	3	447 23 6 9
115	488	0.0	3	447 28 10 3
116	520	0.0	3	482 29 5 4
117	535	0.0	3	492 26 7 10
118	476	0.0	3	431 30 5 10
119	434	0.0	3	404 22 4 4
120	444	0.0	3	407 24 7 6
121	455	0.0	3	412 35 6 2
122	495	0.0	3	459 26 6 4
123	536	0.0	3	490 34 6 6
124	557	0.0	3	514 33 5 5
125	615	0.0	3	568 35 9 3
126	616	0.0	3	568 33 10 5
127	627	0.0	3	582 33 5 7
128	675	0.0	3	624 41 5 5
129	739	0.0	3	681 53 4 1
130	796	0.0	3	741 46 5 4
131	943	0.0	3	885 48 6 4
132	986	0.0	3	922 55 7 2
133	1123	0.0	3	1055 61 4 3
134	1199	0.0	3	1139 54 6
135	1416	0.0	3	1338 70 5 3
136	1477	0.0	3	1391 82 4
137	1442	0.0	3	1356 76 6 4
138	1458	0.0	3	1365 85 4 4
139	1409	0.0	3	1300 98 6 5
140	1743	0.0	3	1630 104 6 3
141	1980	0.0	3	1832 132 8 8
142	1163	0.0	3	1019 129 13 2
143	1270	0.0	3	1105 156 8 1
144	1297	0.0	3	1089 201 6 1
145	1409	0.0	3	1214 187 8
146	1763	0.0	3	1407 343 9 4
147	2110	0.0	3	1422 664 22 2
148	2305	0.0	3	423 1795 75 12
149	7327	0.0	3	250 6805 250 22
150	23130	0.0	3	752 21602 723 53
