This is cutadapt 2.9 with Python 3.5.2
Command line parameters: --nextseq-trim 10 --minimum-length 25 --cores 4 -a AGATCGGAAGAGCACACGTCTGAACTCCAGTCAC -A AGATCGGAAGAGCGTCGTGTAGGGAAAGAGTGTA -o Mcapitata_ATHC_TP3_2866_R1_TrimmingRound1.fastq.gz -p Mcapitata_ATHC_TP3_2866_R2_TrimmingRound1.fastq.gz Mcapitata_ATHC_TP3_2866_R1.fastq.gz Mcapitata_ATHC_TP3_2866_R2.fastq.gz
Processing reads on 4 cores in paired-end mode ...
Finished in 707.80 s (38 us/read; 1.58 M reads/minute).

=== Summary ===

Total read pairs processed:         18,691,007
  Read 1 with adapter:              10,096,302 (54.0%)
  Read 2 with adapter:               9,470,956 (50.7%)
Pairs written (passing filters):    18,565,730 (99.3%)

Total basepairs processed: 5,607,302,100 bp
  Read 1: 2,803,651,050 bp
  Read 2: 2,803,651,050 bp
Quality-trimmed:              33,027,296 bp (0.6%)
  Read 1:     6,236,127 bp
  Read 2:    26,791,169 bp
Total written (filtered):  4,913,054,223 bp (87.6%)
  Read 1: 2,445,632,436 bp
  Read 2: 2,467,421,787 bp

=== First read: Adapter 1 ===

Sequence: AGATCGGAAGAGCACACGTCTGAACTCCAGTCAC; Type: regular 3'; Length: 34; Trimmed: 10096302 times

No. of allowed errors:
0-9 bp: 0; 10-19 bp: 1; 20-29 bp: 2; 30-34 bp: 3

Bases preceding removed adapters:
  A: 16.9%
  C: 38.4%
  G: 21.2%
  T: 23.4%
  none/other: 0.1%

Overview of removed sequences
length	count	expect	max.err	error counts
3	297046	292047.0	0	297046
4	155442	73011.7	0	155442
5	363603	18252.9	0	363603
8	118942	285.2	0	118942
9	233460	71.3	0	233460
10	801	17.8	1	0 801
11	310153	4.5	1	235851 74302
12	903	1.1	1	0 903
13	161065	0.3	1	121626 39439
14	169187	0.1	1	127694 41493
15	167360	0.0	1	126212 41148
16	178951	0.0	1	133692 45259
17	338331	0.0	1	255717 82614
18	1572	0.0	1	0 1388 184
19	173135	0.0	1	129233 43159 743
20	170516	0.0	2	124725 42606 3185
21	344292	0.0	2	253950 84103 6239
22	2554	0.0	2	0 1742 812
23	175983	0.0	2	128515 43928 3540
24	181993	0.0	2	131675 46157 4161
25	184914	0.0	2	134639 46019 4256
26	188725	0.0	2	136970 47300 4455
27	188803	0.0	2	136148 47887 4768
28	188565	0.0	2	134250 49193 4994 128
29	360153	0.0	2	262703 89703 7462 285
30	3967	0.0	3	0 2344 1140 483
31	182734	0.0	3	129901 46446 4708 1679
32	176121	0.0	3	125375 44974 4279 1493
33	181671	0.0	3	129404 46181 4529 1557
34	185041	0.0	3	130729 47559 4973 1780
35	186694	0.0	3	132716 47537 4907 1534
36	199025	0.0	3	138745 51709 6172 2399
37	366240	0.0	3	262908 91737 8342 3253
38	5831	0.0	3	327 3743 1414 347
39	350828	0.0	3	253596 87467 7197 2568
40	3508	0.0	3	129 2182 992 205
41	163741	0.0	3	117823 41393 3356 1169
42	162336	0.0	3	115732 41888 3496 1220
43	164419	0.0	3	117118 42075 3916 1310
44	163710	0.0	3	116482 42053 3737 1438
45	176071	0.0	3	125457 44780 4289 1545
46	153449	0.0	3	108637 39889 3745 1178
47	313551	0.0	3	226851 78324 6116 2260
48	4164	0.0	3	610 2343 917 294
49	144264	0.0	3	103197 36929 3115 1023
50	141167	0.0	3	100120 36887 3142 1018
51	254545	0.0	3	184130 64165 4543 1707
52	5199	0.0	3	1619 2369 964 247
53	123824	0.0	3	87480 32599 2824 921
54	239584	0.0	3	172727 60453 4666 1738
55	3197	0.0	3	551 1745 711 190
56	105559	0.0	3	76044 26822 2038 655
57	107996	0.0	3	77222 27878 2176 720
58	96056	0.0	3	68894 24801 1785 576
59	93032	0.0	3	66431 24129 1873 599
60	89636	0.0	3	63570 23678 1838 550
61	145860	0.0	3	105396 37381 2279 804
62	2197	0.0	3	461 1193 417 126
63	69512	0.0	3	49663 18087 1347 415
64	63111	0.0	3	44493 16934 1325 359
65	110292	0.0	3	80209 27842 1656 585
66	1771	0.0	3	431 884 367 89
67	50375	0.0	3	36361 12841 861 312
68	46774	0.0	3	33340 12199 942 293
69	45164	0.0	3	31792 12140 966 266
70	94295	0.0	3	69104 23933 980 278
71	45989	0.0	3	32929 12049 766 245
72	34253	0.0	3	24272 9069 700 212
73	19521	0.0	3	13613 5253 502 153
74	17417	0.0	3	12213 4691 389 124
75	16164	0.0	3	11403 4288 348 125
76	15291	0.0	3	10772 4116 314 89
77	14083	0.0	3	9950 3817 254 62
78	10671	0.0	3	7436 2948 216 71
79	8443	0.0	3	6046 2173 166 58
80	7330	0.0	3	5157 1978 140 55
81	5787	0.0	3	4093 1513 128 53
82	5128	0.0	3	3636 1375 93 24
83	4447	0.0	3	3166 1179 84 18
84	4010	0.0	3	2842 1059 87 22
85	3551	0.0	3	2502 944 82 23
86	3119	0.0	3	2190 847 67 15
87	2789	0.0	3	1922 789 62 16
88	2478	0.0	3	1772 648 46 12
89	1957	0.0	3	1371 530 42 14
90	1759	0.0	3	1246 479 26 8
91	1531	0.0	3	1072 418 31 10
92	1266	0.0	3	878 351 29 8
93	1070	0.0	3	742 298 23 7
94	964	0.0	3	707 239 15 3
95	912	0.0	3	628 259 21 4
96	640	0.0	3	462 164 10 4
97	620	0.0	3	452 146 19 3
98	550	0.0	3	384 141 18 7
99	489	0.0	3	340 131 11 7
100	441	0.0	3	300 125 14 2
101	362	0.0	3	255 94 11 2
102	315	0.0	3	225 77 11 2
103	241	0.0	3	161 61 16 3
104	224	0.0	3	141 69 13 1
105	197	0.0	3	123 56 17 1
106	156	0.0	3	103 42 10 1
107	110	0.0	3	68 24 15 3
108	107	0.0	3	62 20 21 4
109	118	0.0	3	76 20 20 2
110	99	0.0	3	47 26 24 2
111	96	0.0	3	46 20 29 1
112	91	0.0	3	47 13 30 1
113	89	0.0	3	28 25 36
114	79	0.0	3	25 8 44 2
115	70	0.0	3	17 8 43 2
116	70	0.0	3	15 13 41 1
117	79	0.0	3	10 9 56 4
118	78	0.0	3	12 5 55 6
119	89	0.0	3	11 4 72 2
120	80	0.0	3	10 1 67 2
121	86	0.0	3	6 4 76
122	87	0.0	3	4 4 75 4
123	97	0.0	3	7 1 88 1
124	92	0.0	3	11 1 76 4
125	103	0.0	3	8 2 91 2
126	110	0.0	3	3 1 101 5
127	121	0.0	3	7 5 109
128	127	0.0	3	9 3 112 3
129	140	0.0	3	2 2 131 5
130	141	0.0	3	3 0 134 4
131	183	0.0	3	5 2 171 5
132	202	0.0	3	8 3 182 9
133	233	0.0	3	6 5 211 11
134	203	0.0	3	5 5 188 5
135	236	0.0	3	5 7 211 13
136	259	0.0	3	7 0 248 4
137	339	0.0	3	4 1 329 5
138	296	0.0	3	4 2 278 12
139	392	0.0	3	5 2 373 12
140	402	0.0	3	3 9 375 15
141	398	0.0	3	8 2 376 12
142	517	0.0	3	6 6 490 15
143	629	0.0	3	2 6 603 18
144	709	0.0	3	3 8 675 23
145	815	0.0	3	12 1 784 18
146	899	0.0	3	3 7 853 36
147	1184	0.0	3	5 8 1127 44
148	2043	0.0	3	3 15 1954 71
149	5215	0.0	3	3 31 5019 162
150	11664	0.0	3	0 102 11127 435


=== Second read: Adapter 2 ===

Sequence: AGATCGGAAGAGCGTCGTGTAGGGAAAGAGTGTA; Type: regular 3'; Length: 34; Trimmed: 9470956 times

No. of allowed errors:
0-9 bp: 0; 10-19 bp: 1; 20-29 bp: 2; 30-34 bp: 3

Bases preceding removed adapters:
  A: 14.9%
  C: 38.9%
  G: 32.0%
  T: 14.1%
  none/other: 0.0%

Overview of removed sequences
length	count	expect	max.err	error counts
3	428690	292047.0	0	428690
4	172554	73011.7	0	172554
5	347794	18252.9	0	347794
8	111842	285.2	0	111842
9	218402	71.3	0	218402
10	927	17.8	1	0 927
11	286445	4.5	1	221416 65029
12	1047	1.1	1	0 1047
13	315814	0.3	1	241554 74260
14	638	0.1	1	0 638
15	154069	0.0	1	118657 35412
16	325708	0.0	1	249234 76474
17	786	0.0	1	0 786
18	293692	0.0	1	227776 65487 429
19	1329	0.0	1	0 865 464
20	161515	0.0	2	118803 38260 4452
21	638944	0.0	2	477803 147748 13393
22	2779	0.0	2	0 1763 1016
23	874	0.0	2	0 351 523
24	1185	0.0	2	0 803 382
25	168792	0.0	2	125307 39440 4045
26	174287	0.0	2	126762 42554 4971
27	339310	0.0	2	249880 80575 8855
28	3780	0.0	2	0 2517 1061 202
29	333575	0.0	2	243636 80711 9087 141
30	3900	0.0	3	0 2510 1045 345
31	323022	0.0	3	234278 76734 8087 3923
32	3160	0.0	3	0 1847 917 396
33	166955	0.0	3	119134 40674 5171 1976
34	171074	0.0	3	120279 42700 5865 2230
35	341497	0.0	3	245759 82613 9305 3820
36	3402	0.0	3	213 1964 840 385
37	169877	0.0	3	121887 41090 4915 1985
38	175360	0.0	3	123260 43476 6037 2587
39	185751	0.0	3	126223 48266 7798 3464
40	466255	0.0	3	339969 111245 10893 4148
41	2815	0.0	3	361 1323 806 325
42	3101	0.0	3	513 1808 633 147
43	273849	0.0	3	199377 66419 5846 2207
44	3205	0.0	3	421 1702 821 261
45	150641	0.0	3	107329 37577 4127 1608
46	298445	0.0	3	217759 70787 7176 2723
47	4549	0.0	3	1244 2107 855 343
48	140243	0.0	3	100382 34603 3745 1513
49	146634	0.0	3	106769 34318 3897 1650
50	128741	0.0	3	91103 32262 3833 1543
51	143651	0.0	3	103421 34361 4255 1614
52	412093	0.0	3	307393 90610 9929 4161
53	2870	0.0	3	530 1343 651 346
54	3048	0.0	3	494 1783 631 140
55	256195	0.0	3	181846 66969 5402 1978
56	1741	0.0	3	376 784 402 179
57	1216	0.0	3	181 602 334 99
58	86886	0.0	3	61372 22485 2235 794
59	137739	0.0	3	97574 36299 2794 1072
60	1591	0.0	3	237 828 413 113
61	65095	0.0	3	45364 17381 1752 598
62	121013	0.0	3	86259 31019 2700 1035
63	1027	0.0	3	146 527 289 65
64	45435	0.0	3	31871 12338 903 323
65	47040	0.0	3	33469 12260 955 356
66	47668	0.0	3	34050 12203 1040 375
67	43626	0.0	3	30896 11446 949 335
68	43057	0.0	3	31183 10559 974 341
69	37227	0.0	3	26400 9698 805 324
70	33823	0.0	3	24460 8414 698 251
71	29340	0.0	3	20776 7691 642 231
72	26811	0.0	3	19169 6837 562 243
73	25025	0.0	3	18240 6110 492 183
74	26004	0.0	3	19487 5808 514 195
75	30594	0.0	3	24141 5799 496 158
76	24394	0.0	3	18206 5500 475 213
77	14687	0.0	3	10130 4099 321 137
78	11625	0.0	3	7825 3437 254 109
79	10596	0.0	3	7242 3034 237 83
80	9927	0.0	3	6656 3005 198 68
81	7965	0.0	3	5425 2319 161 60
82	6396	0.0	3	4303 1922 121 50
83	5472	0.0	3	3764 1565 96 47
84	4940	0.0	3	3343 1453 103 41
85	4556	0.0	3	3100 1326 93 37
86	3736	0.0	3	2474 1154 78 30
87	3274	0.0	3	2242 937 73 22
88	2720	0.0	3	1829 815 54 22
89	2315	0.0	3	1558 694 45 18
90	1930	0.0	3	1295 575 41 19
91	1517	0.0	3	1013 456 30 18
92	1358	0.0	3	917 408 21 12
93	1118	0.0	3	760 326 24 8
94	984	0.0	3	644 310 21 9
95	852	0.0	3	567 261 17 7
96	737	0.0	3	477 235 17 8
97	592	0.0	3	402 161 19 10
98	497	0.0	3	317 159 14 7
99	468	0.0	3	322 137 7 2
100	399	0.0	3	281 107 11
101	373	0.0	3	241 123 6 3
102	270	0.0	3	176 85 8 1
103	277	0.0	3	176 91 6 4
104	232	0.0	3	143 77 9 3
105	197	0.0	3	125 62 6 4
106	144	0.0	3	82 52 6 4
107	142	0.0	3	81 55 4 2
108	112	0.0	3	76 30 2 4
109	116	0.0	3	67 40 5 4
110	95	0.0	3	64 24 5 2
111	83	0.0	3	52 24 5 2
112	80	0.0	3	41 31 7 1
113	69	0.0	3	44 17 7 1
114	55	0.0	3	34 17 3 1
115	27	0.0	3	15 7 3 2
116	34	0.0	3	19 10 3 2
117	39	0.0	3	20 14 5
118	30	0.0	3	18 5 7
119	28	0.0	3	11 7 8 2
120	30	0.0	3	10 10 6 4
121	27	0.0	3	7 4 14 2
122	38	0.0	3	9 5 23 1
123	33	0.0	3	8 5 19 1
124	38	0.0	3	7 5 24 2
125	32	0.0	3	6 4 21 1
126	34	0.0	3	7 2 23 2
127	61	0.0	3	10 4 46 1
128	84	0.0	3	6 3 71 4
129	93	0.0	3	5 4 79 5
130	120	0.0	3	5 6 107 2
131	120	0.0	3	8 1 109 2
132	152	0.0	3	5 4 138 5
133	194	0.0	3	6 6 172 10
134	171	0.0	3	9 3 153 6
135	264	0.0	3	4 5 247 8
136	259	0.0	3	7 1 247 4
137	283	0.0	3	6 3 258 16
138	321	0.0	3	6 4 302 9
139	366	0.0	3	4 6 349 7
140	365	0.0	3	3 4 345 13
141	444	0.0	3	4 1 422 17
142	505	0.0	3	4 2 486 13
143	592	0.0	3	3 7 566 16
144	674	0.0	3	3 10 636 25
145	783	0.0	3	5 11 727 40
146	938	0.0	3	1 7 895 35
147	1083	0.0	3	7 13 1010 53
148	1765	0.0	3	1 16 1684 64
149	4510	0.0	3	0 36 4279 195
150	14050	0.0	3	1 99 13341 609
