This is cutadapt 2.9 with Python 3.5.2
Command line parameters: --nextseq-trim 10 --minimum-length 25 --cores 4 -a AGATCGGAAGAGCACACGTCTGAACTCCAGTCAC -A AGATCGGAAGAGCGTCGTGTAGGGAAAGAGTGTA -o Mcapitata_HTAC_TP11_2380_R1_TrimmingRound1.fastq.gz -p Mcapitata_HTAC_TP11_2380_R2_TrimmingRound1.fastq.gz Mcapitata_HTAC_TP11_2380_R1.fastq.gz Mcapitata_HTAC_TP11_2380_R2.fastq.gz
Processing reads on 4 cores in paired-end mode ...
Finished in 1128.09 s (40 us/read; 1.49 M reads/minute).

=== Summary ===

Total read pairs processed:         27,994,004
  Read 1 with adapter:              11,155,078 (39.8%)
  Read 2 with adapter:              11,354,933 (40.6%)
Pairs written (passing filters):    27,891,468 (99.6%)

Total basepairs processed: 8,398,201,200 bp
  Read 1: 4,199,100,600 bp
  Read 2: 4,199,100,600 bp
Quality-trimmed:              17,581,416 bp (0.2%)
  Read 1:     7,679,028 bp
  Read 2:     9,902,388 bp
Total written (filtered):  7,476,163,293 bp (89.0%)
  Read 1: 3,738,414,810 bp
  Read 2: 3,737,748,483 bp

=== First read: Adapter 1 ===

Sequence: AGATCGGAAGAGCACACGTCTGAACTCCAGTCAC; Type: regular 3'; Length: 34; Trimmed: 11155078 times

No. of allowed errors:
0-9 bp: 0; 10-19 bp: 1; 20-29 bp: 2; 30-34 bp: 3

Bases preceding removed adapters:
  A: 17.9%
  C: 27.9%
  G: 37.3%
  T: 16.8%
  none/other: 0.1%

Overview of removed sequences
length	count	expect	max.err	error counts
3	502742	437406.3	0	502742
4	209287	109351.6	0	209287
5	403309	27337.9	0	403309
8	129547	427.2	0	129547
9	259654	106.8	0	259654
10	1036	26.7	1	0 1036
11	267114	6.7	1	261817 5297
12	848	1.7	1	0 848
13	134955	0.4	1	131397 3558
14	136133	0.1	1	132330 3803
15	135688	0.0	1	131776 3912
16	137897	0.0	1	133336 4561
17	272648	0.0	1	265432 7216
18	1167	0.0	1	0 1101 66
19	138215	0.0	1	133395 4621 199
20	140360	0.0	2	134267 5752 341
21	277243	0.0	2	268137 8354 752
22	1734	0.0	2	0 1611 123
23	142797	0.0	2	136784 5469 544
24	142252	0.0	2	135908 5814 530
25	140889	0.0	2	134320 6054 515
26	142436	0.0	2	135701 6220 515
27	141114	0.0	2	134274 6092 748
28	143265	0.0	2	134339 8358 468 100
29	282983	0.0	2	271425 10354 1006 198
30	3313	0.0	3	0 2336 315 662
31	144797	0.0	3	136723 7221 711 142
32	144785	0.0	3	135656 8228 719 182
33	145308	0.0	3	135864 8438 891 115
34	148649	0.0	3	137441 10343 700 165
35	286602	0.0	3	272540 12557 1258 247
36	5247	0.0	3	141 4538 504 64
37	285827	0.0	3	272756 11156 976 939
38	3460	0.0	3	106 2856 404 94
39	144770	0.0	3	135893 7473 931 473
40	147841	0.0	3	136683 9798 884 476
41	287534	0.0	3	273839 11819 961 915
42	3413	0.0	3	92 2850 405 66
43	146195	0.0	3	137672 7368 708 447
44	147326	0.0	3	137984 7974 792 576
45	148886	0.0	3	139360 8044 953 529
46	146568	0.0	3	135555 9640 850 523
47	286341	0.0	3	273332 11230 849 930
48	3794	0.0	3	519 2770 404 101
49	143253	0.0	3	135107 6956 817 373
50	145454	0.0	3	134983 9411 764 296
51	279134	0.0	3	266673 11183 750 528
52	3967	0.0	3	554 2815 555 43
53	143224	0.0	3	133386 8817 707 314
54	278643	0.0	3	265989 11362 745 547
55	3734	0.0	3	521 2785 379 49
56	138023	0.0	3	129986 7063 640 334
57	136745	0.0	3	128207 7527 702 309
58	134162	0.0	3	125853 7378 647 284
59	133180	0.0	3	124683 7398 831 268
60	132406	0.0	3	122671 8766 669 300
61	251845	0.0	3	240026 10563 703 553
62	3407	0.0	3	493 2489 344 81
63	124840	0.0	3	117457 6483 688 212
64	125196	0.0	3	116030 8162 658 346
65	237166	0.0	3	226353 9329 699 785
66	3140	0.0	3	490 2266 319 65
67	115113	0.0	3	108322 5782 588 421
68	111126	0.0	3	104395 5794 569 368
69	106450	0.0	3	100171 5456 542 281
70	102701	0.0	3	96444 5443 524 290
71	99315	0.0	3	93007 5488 513 307
72	120169	0.0	3	113528 5727 547 367
73	91240	0.0	3	85777 4773 437 253
74	89171	0.0	3	83874 4594 462 241
75	84341	0.0	3	79463 4256 413 209
76	82607	0.0	3	77722 4289 386 210
77	74442	0.0	3	70100 3813 354 175
78	68334	0.0	3	64258 3643 290 143
79	59819	0.0	3	56298 3121 279 121
80	56126	0.0	3	52877 2955 202 92
81	50734	0.0	3	47822 2581 204 127
82	48020	0.0	3	45252 2465 195 108
83	41811	0.0	3	39420 2093 185 113
84	37437	0.0	3	35305 1881 141 110
85	34142	0.0	3	32172 1745 131 94
86	30114	0.0	3	28387 1501 119 107
87	27418	0.0	3	25824 1383 99 112
88	25327	0.0	3	23843 1263 101 120
89	21819	0.0	3	20642 1039 88 50
90	18853	0.0	3	17787 948 75 43
91	16940	0.0	3	15946 874 72 48
92	14540	0.0	3	13767 686 50 37
93	11478	0.0	3	10826 582 47 23
94	10031	0.0	3	9475 488 39 29
95	9073	0.0	3	8587 415 42 29
96	7019	0.0	3	6596 374 29 20
97	6608	0.0	3	6249 323 21 15
98	5834	0.0	3	5525 263 24 22
99	5423	0.0	3	5119 258 35 11
100	4325	0.0	3	4105 193 14 13
101	3812	0.0	3	3574 212 19 7
102	3327	0.0	3	3140 160 16 11
103	2567	0.0	3	2411 136 13 7
104	2246	0.0	3	2119 108 10 9
105	1952	0.0	3	1831 107 9 5
106	1745	0.0	3	1650 87 4 4
107	1497	0.0	3	1414 70 9 4
108	1437	0.0	3	1364 65 7 1
109	1366	0.0	3	1283 75 5 3
110	1194	0.0	3	1132 51 3 8
111	1056	0.0	3	998 48 8 2
112	1030	0.0	3	961 61 5 3
113	915	0.0	3	862 45 6 2
114	870	0.0	3	809 54 4 3
115	773	0.0	3	703 61 8 1
116	809	0.0	3	748 50 10 1
117	769	0.0	3	715 48 4 2
118	761	0.0	3	703 51 1 6
119	776	0.0	3	728 43 5
120	747	0.0	3	709 33 3 2
121	743	0.0	3	677 59 4 3
122	796	0.0	3	733 54 5 4
123	763	0.0	3	707 46 6 4
124	809	0.0	3	741 61 4 3
125	837	0.0	3	773 59 3 2
126	835	0.0	3	767 65 2 1
127	866	0.0	3	805 53 7 1
128	992	0.0	3	912 68 10 2
129	1009	0.0	3	917 83 7 2
130	1125	0.0	3	1027 92 3 3
131	1172	0.0	3	1066 98 5 3
132	1355	0.0	3	1251 97 5 2
133	1487	0.0	3	1381 97 5 4
134	1561	0.0	3	1415 131 12 3
135	1863	0.0	3	1691 154 11 7
136	2158	0.0	3	1992 151 10 5
137	2152	0.0	3	1971 170 7 4
138	2086	0.0	3	1894 168 15 9
139	2174	0.0	3	1925 224 23 2
140	2542	0.0	3	2278 240 21 3
141	2834	0.0	3	2540 272 19 3
142	1763	0.0	3	1487 255 17 4
143	1985	0.0	3	1613 343 23 6
144	2065	0.0	3	1551 477 32 5
145	2235	0.0	3	1686 509 33 7
146	2838	0.0	3	1951 812 67 8
147	3834	0.0	3	1801 1897 121 15
148	5576	0.0	3	503 4704 357 12
149	15509	0.0	3	258 14143 1039 69
150	38077	0.0	3	561 34820 2523 173


=== Second read: Adapter 2 ===

Sequence: AGATCGGAAGAGCGTCGTGTAGGGAAAGAGTGTA; Type: regular 3'; Length: 34; Trimmed: 11354933 times

No. of allowed errors:
0-9 bp: 0; 10-19 bp: 1; 20-29 bp: 2; 30-34 bp: 3

Bases preceding removed adapters:
  A: 17.1%
  C: 26.9%
  G: 45.9%
  T: 9.9%
  none/other: 0.1%

Overview of removed sequences
length	count	expect	max.err	error counts
3	675285	437406.3	0	675285
4	253121	109351.6	0	253121
5	408552	27337.9	0	408552
8	129757	427.2	0	129757
9	260352	106.8	0	260352
10	1044	26.7	1	0 1044
11	267000	6.7	1	262453 4547
12	1025	1.7	1	0 1025
13	270620	0.4	1	265237 5383
14	722	0.1	1	0 722
15	134958	0.0	1	131409 3549
16	274193	0.0	1	267184 7009
17	1298	0.0	1	0 1298
18	271261	0.0	1	264214 6811 236
19	1259	0.0	1	0 887 372
20	140707	0.0	2	133875 6220 612
21	558631	0.0	2	538640 17841 2150
22	1643	0.0	2	0 1467 176
23	630	0.0	2	0 185 445
24	1014	0.0	2	0 855 159
25	140335	0.0	2	133876 5605 854
26	142837	0.0	2	135438 6715 684
27	279940	0.0	2	267959 10274 1707
28	2553	0.0	2	0 2303 159 91
29	285102	0.0	2	272297 11158 1598 49
30	2582	0.0	3	0 2323 157 102
31	286053	0.0	3	272308 11238 1729 778
32	2574	0.0	3	0 2237 259 78
33	288472	0.0	3	273453 12889 1535 595
34	1828	0.0	3	28 717 950 133
35	145376	0.0	3	50 136930 7484 912
36	144883	0.0	3	16 135956 7833 1078
37	144676	0.0	3	16 135986 7725 949
38	145119	0.0	3	36 136516 7548 1019
39	144529	0.0	3	58 135887 7579 1005
40	146297	0.0	3	30 137161 8223 883
41	289139	0.0	3	43 274246 13157 1693
42	2713	0.0	3	0 194 2365 154
43	290129	0.0	3	97 275492 12838 1702
44	2097	0.0	3	0 282 1545 270
45	146422	0.0	3	45 137554 7942 881
46	290782	0.0	3	115 276455 12522 1690
47	2053	0.0	3	0 336 1518 199
48	143329	0.0	3	23 135517 6882 907
49	143408	0.0	3	16 135467 7032 893
50	143242	0.0	3	27 135043 7107 1065
51	142830	0.0	3	25 133528 8477 800
52	422192	0.0	3	183 401963 17886 2160
53	1906	0.0	3	0 528 1048 330
54	2840	0.0	3	3 131 2555 151
55	410904	0.0	3	245 392792 16091 1776
56	1728	0.0	3	0 539 1023 166
57	1129	0.0	3	1 111 840 177
58	134327	0.0	3	12 127093 6439 783
59	260577	0.0	3	87 249653 9759 1078
60	1805	0.0	3	0 313 1292 200
61	129776	0.0	3	39 123030 6085 622
62	250069	0.0	3	159 239846 9010 1054
63	1736	0.0	3	10 288 1308 130
64	122245	0.0	3	67 116911 4697 570
65	122287	0.0	3	7 116359 5327 594
66	118812	0.0	3	29 112958 5164 661
67	115574	0.0	3	9 110050 4996 519
68	110972	0.0	3	56 105792 4658 466
69	106254	0.0	3	38 101541 4245 430
70	102472	0.0	3	21 97700 4334 417
71	98645	0.0	3	14 94125 4094 412
72	94447	0.0	3	14 90250 3800 383
73	91429	0.0	3	28 87569 3472 360
74	87271	0.0	3	35 83537 3399 300
75	82441	0.0	3	37 78758 3334 312
76	92838	0.0	3	11 88686 3777 364
77	75678	0.0	3	21 72340 3039 278
78	68924	0.0	3	8 65903 2782 231
79	64780	0.0	3	11 62042 2517 210
80	60439	0.0	3	8 57897 2324 210
81	51637	0.0	3	11 49456 2020 150
82	47174	0.0	3	15 45141 1847 171
83	42092	0.0	3	19 40323 1608 142
84	38508	0.0	3	9 36931 1420 148
85	35233	0.0	3	12 33845 1239 137
86	31075	0.0	3	9 29842 1111 113
87	28246	0.0	3	4 27018 1145 79
88	24916	0.0	3	2 23936 876 102
89	22927	0.0	3	4 21991 839 93
90	20091	0.0	3	1 19233 778 79
91	17002	0.0	3	2 16264 674 62
92	14626	0.0	3	3 14038 527 58
93	12114	0.0	3	2 11615 440 57
94	10028	0.0	3	2 9616 361 49
95	8795	0.0	3	2 8432 322 39
96	7598	0.0	3	1 7255 302 40
97	6594	0.0	3	0 6304 249 41
98	6056	0.0	3	0 5770 241 45
99	5352	0.0	3	2 5106 209 35
100	4347	0.0	3	0 4141 184 22
101	3907	0.0	3	3 3735 150 19
102	3241	0.0	3	2 3082 129 28
103	2743	0.0	3	1 2615 110 17
104	2349	0.0	3	0 2247 92 10
105	2037	0.0	3	0 1925 99 13
106	1822	0.0	3	0 1726 84 12
107	1596	0.0	3	1 1512 74 9
108	1503	0.0	3	1 1429 60 13
109	1381	0.0	3	0 1304 67 10
110	1276	0.0	3	0 1220 44 12
111	1125	0.0	3	1 1049 66 9
112	1082	0.0	3	0 1025 42 15
113	991	0.0	3	0 923 50 18
114	900	0.0	3	1 823 59 17
115	866	0.0	3	0 800 62 4
116	821	0.0	3	0 761 47 13
117	816	0.0	3	0 760 49 7
118	785	0.0	3	1 728 42 14
119	846	0.0	3	1 778 47 20
120	786	0.0	3	0 732 43 11
121	752	0.0	3	0 697 45 10
122	789	0.0	3	1 739 46 3
123	830	0.0	3	0 771 45 14
124	809	0.0	3	0 741 59 9
125	839	0.0	3	0 776 56 7
126	855	0.0	3	0 792 54 9
127	844	0.0	3	0 787 54 3
128	959	0.0	3	0 905 49 5
129	971	0.0	3	0 902 60 9
130	1108	0.0	3	0 1034 61 13
131	1199	0.0	3	0 1135 57 7
132	1301	0.0	3	0 1201 90 10
133	1406	0.0	3	0 1318 82 6
134	1570	0.0	3	1 1439 120 10
135	1848	0.0	3	0 1738 98 12
136	2099	0.0	3	3 1960 124 12
137	2129	0.0	3	1 1983 141 4
138	2114	0.0	3	0 1966 141 7
139	2016	0.0	3	0 1859 144 13
140	2493	0.0	3	0 2312 164 17
141	2956	0.0	3	2 2764 183 7
142	1710	0.0	3	0 1499 198 13
143	1879	0.0	3	0 1627 241 11
144	1951	0.0	3	1 1590 349 11
145	2099	0.0	3	0 1748 336 15
146	2679	0.0	3	1 2043 615 20
147	3253	0.0	3	0 2003 1211 39
148	3699	0.0	3	0 518 3057 124
149	12889	0.0	3	0 228 12196 465
150	42734	0.0	3	1 638 40659 1436
