This is cutadapt 2.9 with Python 3.5.2
Command line parameters: --nextseq-trim 10 --minimum-length 25 --cores 4 -a AGATCGGAAGAGCACACGTCTGAACTCCAGTCAC -A AGATCGGAAGAGCGTCGTGTAGGGAAAGAGTGTA -o Mcapitata_ATHC_TP8_2735_R1_TrimmingRound1.fastq.gz -p Mcapitata_ATHC_TP8_2735_R2_TrimmingRound1.fastq.gz Mcapitata_ATHC_TP8_2735_R1.fastq.gz Mcapitata_ATHC_TP8_2735_R2.fastq.gz
Processing reads on 4 cores in paired-end mode ...
Finished in 768.21 s (34 us/read; 1.78 M reads/minute).

=== Summary ===

Total read pairs processed:         22,810,348
  Read 1 with adapter:               9,055,821 (39.7%)
  Read 2 with adapter:               9,227,335 (40.5%)
Pairs written (passing filters):    22,745,688 (99.7%)

Total basepairs processed: 6,843,104,400 bp
  Read 1: 3,421,552,200 bp
  Read 2: 3,421,552,200 bp
Quality-trimmed:              14,615,255 bp (0.2%)
  Read 1:     6,434,602 bp
  Read 2:     8,180,653 bp
Total written (filtered):  6,100,342,999 bp (89.1%)
  Read 1: 3,050,482,964 bp
  Read 2: 3,049,860,035 bp

=== First read: Adapter 1 ===

Sequence: AGATCGGAAGAGCACACGTCTGAACTCCAGTCAC; Type: regular 3'; Length: 34; Trimmed: 9055821 times

No. of allowed errors:
0-9 bp: 0; 10-19 bp: 1; 20-29 bp: 2; 30-34 bp: 3

Bases preceding removed adapters:
  A: 17.4%
  C: 28.6%
  G: 37.7%
  T: 16.2%
  none/other: 0.1%

Overview of removed sequences
length	count	expect	max.err	error counts
3	404109	356411.7	0	404109
4	171950	89102.9	0	171950
5	329013	22275.7	0	329013
8	105134	348.1	0	105134
9	210192	87.0	0	210192
10	749	21.8	1	0 749
11	217139	5.4	1	212322 4817
12	612	1.4	1	0 612
13	109771	0.3	1	106680 3091
14	111358	0.1	1	107996 3362
15	111578	0.0	1	108140 3438
16	112212	0.0	1	108181 4031
17	222909	0.0	1	215835 7074
18	823	0.0	1	0 735 88
19	112739	0.0	1	108404 4186 149
20	114986	0.0	2	109333 5306 347
21	227248	0.0	2	217691 8824 733
22	1031	0.0	2	0 945 86
23	116047	0.0	2	110425 5160 462
24	115652	0.0	2	109725 5459 468
25	115607	0.0	2	109668 5482 457
26	116393	0.0	2	110319 5660 414
27	116177	0.0	2	109720 5810 647
28	117412	0.0	2	109952 6874 496 90
29	232779	0.0	2	220727 10890 1022 140
30	1820	0.0	3	0 1135 185 500
31	117915	0.0	3	110535 6573 688 119
32	118730	0.0	3	110799 7105 645 181
33	119237	0.0	3	111155 7243 729 110
34	121985	0.0	3	111741 9420 699 125
35	353106	0.0	3	332498 18918 1422 268
36	1170	0.0	3	214 787 137 32
37	1251	0.0	3	118 971 135 27
38	118687	0.0	3	110769 7231 568 119
39	118673	0.0	3	110446 7431 685 111
40	120993	0.0	3	111854 8425 594 120
41	236366	0.0	3	222721 12494 973 178
42	1715	0.0	3	85 1428 164 38
43	119667	0.0	3	111878 7121 552 116
44	119799	0.0	3	111582 7489 600 128
45	121568	0.0	3	113312 7497 662 97
46	118936	0.0	3	110067 8268 497 104
47	234600	0.0	3	221307 12277 858 158
48	1877	0.0	3	182 1481 162 52
49	116789	0.0	3	109226 6861 618 84
50	117737	0.0	3	109370 7806 465 96
51	229043	0.0	3	216287 11878 742 136
52	1945	0.0	3	253 1430 239 23
53	116106	0.0	3	107765 7790 435 116
54	227434	0.0	3	214487 12027 768 152
55	1774	0.0	3	240 1353 142 39
56	112814	0.0	3	105561 6671 486 96
57	111618	0.0	3	104299 6789 433 97
58	110250	0.0	3	102847 6867 442 94
59	108333	0.0	3	101168 6614 483 68
60	106596	0.0	3	98613 7514 401 68
61	206063	0.0	3	194264 11036 640 123
62	1651	0.0	3	215 1220 165 51
63	101443	0.0	3	94855 6058 467 63
64	102722	0.0	3	95332 6927 385 78
65	193553	0.0	3	182212 10541 690 110
66	1504	0.0	3	188 1170 120 26
67	94160	0.0	3	88207 5514 375 64
68	90667	0.0	3	84630 5584 391 62
69	86944	0.0	3	81176 5285 408 75
70	83475	0.0	3	77997 5070 352 56
71	80562	0.0	3	75073 5081 351 57
72	97806	0.0	3	91779 5555 409 63
73	74392	0.0	3	69702 4367 285 38
74	72747	0.0	3	68155 4221 326 45
75	69179	0.0	3	64832 4044 259 44
76	66310	0.0	3	62148 3894 229 39
77	60793	0.0	3	56936 3587 226 44
78	52130	0.0	3	48825 3084 185 36
79	48619	0.0	3	45579 2833 179 28
80	44893	0.0	3	42146 2561 158 28
81	41700	0.0	3	38972 2571 134 23
82	38803	0.0	3	36320 2315 148 20
83	33669	0.0	3	31601 1945 101 22
84	30634	0.0	3	28747 1786 83 18
85	26391	0.0	3	24672 1608 88 23
86	24362	0.0	3	22918 1367 65 12
87	21817	0.0	3	20409 1309 79 20
88	19949	0.0	3	18730 1128 75 16
89	16844	0.0	3	15791 966 72 15
90	14596	0.0	3	13747 795 50 4
91	12934	0.0	3	12132 758 35 9
92	11154	0.0	3	10468 644 38 4
93	8956	0.0	3	8449 467 37 3
94	7682	0.0	3	7213 435 31 3
95	6987	0.0	3	6569 393 21 4
96	5373	0.0	3	5037 308 22 6
97	5017	0.0	3	4715 288 11 3
98	4421	0.0	3	4157 246 13 5
99	3908	0.0	3	3654 234 16 4
100	3206	0.0	3	2997 189 16 4
101	2887	0.0	3	2708 164 15
102	2397	0.0	3	2252 133 10 2
103	1796	0.0	3	1691 93 9 3
104	1565	0.0	3	1476 82 4 3
105	1361	0.0	3	1269 85 7
106	1193	0.0	3	1109 77 7
107	910	0.0	3	838 63 6 3
108	965	0.0	3	890 68 7
109	822	0.0	3	771 47 3 1
110	742	0.0	3	699 40 3
111	660	0.0	3	624 34 1 1
112	628	0.0	3	583 39 5 1
113	611	0.0	3	576 30 3 2
114	515	0.0	3	484 27 4
115	484	0.0	3	452 30 2
116	440	0.0	3	412 27 1
117	497	0.0	3	463 31 0 3
118	437	0.0	3	416 18 3
119	497	0.0	3	456 37 0 4
120	496	0.0	3	451 43 1 1
121	480	0.0	3	442 33 4 1
122	536	0.0	3	484 45 6 1
123	536	0.0	3	492 36 6 2
124	579	0.0	3	534 41 4
125	623	0.0	3	581 37 3 2
126	656	0.0	3	615 36 5
127	752	0.0	3	691 54 4 3
128	812	0.0	3	747 62 2 1
129	885	0.0	3	828 53 4
130	949	0.0	3	889 59 1
131	1062	0.0	3	985 72 4 1
132	1145	0.0	3	1083 59 3
133	1289	0.0	3	1174 107 8
134	1395	0.0	3	1303 88 4
135	1558	0.0	3	1430 126 2
136	1684	0.0	3	1543 137 4
137	1681	0.0	3	1546 127 8
138	1669	0.0	3	1531 129 8 1
139	1582	0.0	3	1457 117 8
140	1907	0.0	3	1739 160 6 2
141	2072	0.0	3	1874 191 7
142	1265	0.0	3	1094 162 8 1
143	1337	0.0	3	1115 206 13 3
144	1480	0.0	3	1129 329 22
145	1600	0.0	3	1265 319 15 1
146	1992	0.0	3	1452 502 36 2
147	2420	0.0	3	1271 1081 65 3
148	3117	0.0	3	385 2560 164 8
149	8375	0.0	3	202 7679 469 25
150	20310	0.0	3	491 18539 1218 62


=== Second read: Adapter 2 ===

Sequence: AGATCGGAAGAGCGTCGTGTAGGGAAAGAGTGTA; Type: regular 3'; Length: 34; Trimmed: 9227335 times

No. of allowed errors:
0-9 bp: 0; 10-19 bp: 1; 20-29 bp: 2; 30-34 bp: 3

Bases preceding removed adapters:
  A: 16.9%
  C: 27.2%
  G: 46.0%
  T: 9.7%
  none/other: 0.2%

Overview of removed sequences
length	count	expect	max.err	error counts
3	548258	356411.7	0	548258
4	210151	89102.9	0	210151
5	334445	22275.7	0	334445
8	105627	348.1	0	105627
9	210925	87.0	0	210925
10	942	21.8	1	0 942
11	216928	5.4	1	213321 3607
12	787	1.4	1	0 787
13	220858	0.3	1	216375 4483
14	684	0.1	1	0 684
15	111001	0.0	1	108116 2885
16	223280	0.0	1	217345 5935
17	1042	0.0	1	0 1042
18	221847	0.0	1	216066 5598 183
19	1017	0.0	1	0 716 301
20	115379	0.0	2	109764 5128 487
21	455530	0.0	2	438732 15054 1744
22	1282	0.0	2	0 1140 142
23	493	0.0	2	0 134 359
24	851	0.0	2	0 712 139
25	115052	0.0	2	109652 4732 668
26	116750	0.0	2	110549 5571 630
27	230479	0.0	2	220440 8551 1488
28	2081	0.0	2	0 1866 140 75
29	233287	0.0	2	222278 9486 1485 38
30	2182	0.0	3	0 1965 130 87
31	233487	0.0	3	221937 9423 1424 703
32	2163	0.0	3	0 1877 209 77
33	236013	0.0	3	223413 10617 1434 549
34	1547	0.0	3	23 629 756 139
35	118903	0.0	3	34 112015 6077 777
36	118594	0.0	3	20 111208 6448 918
37	118409	0.0	3	11 111326 6345 727
38	118502	0.0	3	30 111369 6204 899
39	118029	0.0	3	47 110807 6332 843
40	120337	0.0	3	22 112692 6841 782
41	236277	0.0	3	46 223670 11053 1508
42	2194	0.0	3	0 172 1875 147
43	236414	0.0	3	72 224446 10527 1369
44	1776	0.0	3	0 283 1277 216
45	119627	0.0	3	56 112293 6511 767
46	236342	0.0	3	93 224678 10193 1378
47	1730	0.0	3	1 267 1318 144
48	117026	0.0	3	16 110448 5789 773
49	116745	0.0	3	17 110017 5913 798
50	116544	0.0	3	32 109795 5869 848
51	116166	0.0	3	30 108453 6966 717
52	343326	0.0	3	129 326701 14692 1804
53	1501	0.0	3	0 431 815 255
54	2223	0.0	3	5 87 2017 114
55	334430	0.0	3	183 319375 13286 1586
56	1490	0.0	3	0 476 894 120
57	980	0.0	3	0 106 700 174
58	110300	0.0	3	16 104290 5335 659
59	211451	0.0	3	76 202542 7911 922
60	1574	0.0	3	1 246 1155 172
61	104503	0.0	3	21 98968 4992 522
62	203942	0.0	3	126 195435 7492 889
63	1439	0.0	3	5 220 1105 109
64	100615	0.0	3	45 96220 3893 457
65	99326	0.0	3	4 94555 4305 462
66	96182	0.0	3	21 91597 4074 490
67	94268	0.0	3	7 89765 4062 434
68	90560	0.0	3	43 86276 3837 404
69	86762	0.0	3	28 82826 3538 370
70	83318	0.0	3	12 79501 3442 363
71	80135	0.0	3	5 76515 3276 339
72	76591	0.0	3	9 72953 3297 332
73	73836	0.0	3	21 70524 3013 278
74	70689	0.0	3	31 67490 2898 270
75	67642	0.0	3	24 64597 2789 232
76	74900	0.0	3	8 71539 3037 316
77	61290	0.0	3	19 58661 2383 227
78	55357	0.0	3	13 52934 2187 223
79	51469	0.0	3	5 49252 2015 197
80	48761	0.0	3	16 46745 1849 151
81	41690	0.0	3	5 39976 1576 133
82	38297	0.0	3	7 36654 1498 138
83	34009	0.0	3	19 32523 1323 144
84	31185	0.0	3	10 29921 1145 109
85	28213	0.0	3	4 27076 1022 111
86	25084	0.0	3	7 24074 902 101
87	22369	0.0	3	4 21457 827 81
88	19836	0.0	3	3 19047 706 80
89	17775	0.0	3	5 17031 651 88
90	15267	0.0	3	1 14644 574 48
91	13058	0.0	3	1 12492 517 48
92	11069	0.0	3	3 10594 426 46
93	9493	0.0	3	0 9041 418 34
94	7709	0.0	3	4 7423 252 30
95	6779	0.0	3	1 6470 275 33
96	5853	0.0	3	1 5600 213 39
97	4993	0.0	3	2 4758 205 28
98	4492	0.0	3	3 4273 190 26
99	3833	0.0	3	1 3638 176 18
100	3238	0.0	3	1 3089 127 21
101	3008	0.0	3	5 2861 125 17
102	2307	0.0	3	0 2186 101 20
103	1991	0.0	3	0 1876 95 20
104	1653	0.0	3	0 1563 79 11
105	1368	0.0	3	0 1302 55 11
106	1228	0.0	3	0 1158 51 19
107	1061	0.0	3	0 1012 37 12
108	1028	0.0	3	0 969 49 10
109	839	0.0	3	0 775 51 13
110	820	0.0	3	0 760 52 8
111	717	0.0	3	0 670 35 12
112	697	0.0	3	0 659 30 8
113	599	0.0	3	0 558 27 14
114	593	0.0	3	0 545 38 10
115	554	0.0	3	0 512 34 8
116	488	0.0	3	0 445 30 13
117	501	0.0	3	1 461 33 6
118	466	0.0	3	0 421 33 12
119	560	0.0	3	0 510 34 16
120	476	0.0	3	0 446 16 14
121	515	0.0	3	0 470 35 10
122	519	0.0	3	0 474 40 5
123	557	0.0	3	1 503 39 14
124	565	0.0	3	0 521 36 8
125	618	0.0	3	0 569 42 7
126	695	0.0	3	0 648 36 11
127	752	0.0	3	0 706 34 12
128	839	0.0	3	0 781 49 9
129	886	0.0	3	0 827 48 11
130	943	0.0	3	0 883 50 10
131	1030	0.0	3	0 962 64 4
132	1084	0.0	3	0 1019 59 6
133	1279	0.0	3	0 1205 67 7
134	1370	0.0	3	0 1299 66 5
135	1543	0.0	3	1 1461 74 7
136	1643	0.0	3	0 1538 103 2
137	1738	0.0	3	0 1651 86 1
138	1629	0.0	3	1 1555 66 7
139	1543	0.0	3	1 1445 86 11
140	1927	0.0	3	0 1807 115 5
141	2173	0.0	3	0 2037 132 4
142	1235	0.0	3	0 1128 101 6
143	1299	0.0	3	0 1133 161 5
144	1342	0.0	3	0 1123 208 11
145	1538	0.0	3	0 1328 202 8
146	1827	0.0	3	0 1505 313 9
147	2156	0.0	3	0 1471 665 20
148	2176	0.0	3	0 407 1698 71
149	7116	0.0	3	0 200 6695 221
150	22759	0.0	3	0 573 21465 721
