This is cutadapt 2.9 with Python 3.5.2
Command line parameters: --nextseq-trim 10 --minimum-length 25 --cores 4 -a AGATCGGAAGAGCACACGTCTGAACTCCAGTCAC -A AGATCGGAAGAGCGTCGTGTAGGGAAAGAGTGTA -o Pacuta_ATHC_TP1_2743_R1_TrimmingRound1.fastq.gz -p Pacuta_ATHC_TP1_2743_R2_TrimmingRound1.fastq.gz Pacuta_ATHC_TP1_2743_R1.fastq.gz Pacuta_ATHC_TP1_2743_R2.fastq.gz
Processing reads on 4 cores in paired-end mode ...
Finished in 645.11 s (36 us/read; 1.65 M reads/minute).

=== Summary ===

Total read pairs processed:         17,793,952
  Read 1 with adapter:               9,501,636 (53.4%)
  Read 2 with adapter:               8,904,049 (50.0%)
Pairs written (passing filters):    17,674,876 (99.3%)

Total basepairs processed: 5,338,185,600 bp
  Read 1: 2,669,092,800 bp
  Read 2: 2,669,092,800 bp
Quality-trimmed:              36,880,967 bp (0.7%)
  Read 1:     5,455,444 bp
  Read 2:    31,425,523 bp
Total written (filtered):  4,707,903,670 bp (88.2%)
  Read 1: 2,344,079,591 bp
  Read 2: 2,363,824,079 bp

=== First read: Adapter 1 ===

Sequence: AGATCGGAAGAGCACACGTCTGAACTCCAGTCAC; Type: regular 3'; Length: 34; Trimmed: 9501636 times

No. of allowed errors:
0-9 bp: 0; 10-19 bp: 1; 20-29 bp: 2; 30-34 bp: 3

Bases preceding removed adapters:
  A: 18.3%
  C: 39.9%
  G: 18.5%
  T: 23.3%
  none/other: 0.0%

Overview of removed sequences
length	count	expect	max.err	error counts
3	292157	278030.5	0	292157
4	160406	69507.6	0	160406
5	374199	17376.9	0	374199
8	120838	271.5	0	120838
9	238258	67.9	0	238258
10	688	17.0	1	0 688
11	309558	4.2	1	235698 73860
12	655	1.1	1	0 655
13	162404	0.3	1	123124 39280
14	170316	0.1	1	128728 41588
15	169177	0.0	1	128350 40827
16	181107	0.0	1	136844 44263
17	343732	0.0	1	260354 83378
18	1166	0.0	1	0 1025 141
19	172832	0.0	1	129604 42660 568
20	169336	0.0	2	125044 41280 3012
21	338873	0.0	2	251167 81720 5986
22	1940	0.0	2	0 1299 641
23	174116	0.0	2	128051 42692 3373
24	179325	0.0	2	131121 44180 4024
25	183108	0.0	2	134080 44914 4114
26	184409	0.0	2	134621 45469 4319
27	184685	0.0	2	134378 45827 4480
28	185989	0.0	2	134481 46665 4715 128
29	350555	0.0	2	256025 86907 7368 255
30	3200	0.0	3	0 1810 918 472
31	176997	0.0	3	126371 44607 4358 1661
32	168711	0.0	3	120871 42484 3857 1499
33	171681	0.0	3	122805 43371 4098 1407
34	173982	0.0	3	123944 43975 4445 1618
35	177207	0.0	3	126735 44594 4347 1531
36	177886	0.0	3	126737 45111 4465 1573
37	177451	0.0	3	126286 45253 4361 1551
38	174700	0.0	3	123706 45093 4400 1501
39	328797	0.0	3	237607 82019 6685 2486
40	3292	0.0	3	296 1864 892 240
41	157004	0.0	3	112555 39694 3477 1278
42	151953	0.0	3	108353 38935 3440 1225
43	149892	0.0	3	107165 38101 3383 1243
44	148088	0.0	3	106418 37202 3311 1157
45	158649	0.0	3	113649 39929 3729 1342
46	141364	0.0	3	100727 36278 3336 1023
47	282764	0.0	3	204849 70584 5430 1901
48	3284	0.0	3	572 1747 729 236
49	131047	0.0	3	94332 33042 2772 901
50	126530	0.0	3	90084 32777 2821 848
51	225118	0.0	3	163107 56661 3920 1430
52	4283	0.0	3	1495 1814 739 235
53	106876	0.0	3	76621 27196 2298 761
54	207258	0.0	3	149743 52225 3890 1400
55	2366	0.0	3	441 1257 516 152
56	92151	0.0	3	66807 23127 1669 548
57	92190	0.0	3	66659 23313 1667 551
58	83709	0.0	3	60645 21147 1451 466
59	78731	0.0	3	56230 20428 1590 483
60	74267	0.0	3	52856 19472 1492 447
61	122895	0.0	3	88709 31684 1837 665
62	1604	0.0	3	422 788 300 94
63	56527	0.0	3	40239 14817 1110 361
64	51675	0.0	3	36471 13871 1011 322
65	89754	0.0	3	65035 22970 1322 427
66	1278	0.0	3	324 606 275 73
67	40634	0.0	3	29298 10392 720 224
68	38239	0.0	3	27215 10030 750 244
69	36045	0.0	3	25770 9431 665 179
70	71272	0.0	3	52558 17815 691 208
71	34204	0.0	3	24531 8877 612 184
72	25192	0.0	3	18008 6564 461 159
73	14970	0.0	3	10571 3972 307 120
74	12973	0.0	3	9109 3503 274 87
75	11523	0.0	3	8210 2988 231 94
76	11104	0.0	3	7982 2850 202 70
77	9810	0.0	3	6979 2602 175 54
78	7526	0.0	3	5357 2021 122 26
79	6555	0.0	3	4665 1750 103 37
80	5842	0.0	3	4162 1541 106 33
81	4459	0.0	3	3217 1134 80 28
82	3931	0.0	3	2818 1026 64 23
83	3398	0.0	3	2386 936 56 20
84	2888	0.0	3	2050 764 57 17
85	2622	0.0	3	1875 680 49 18
86	2292	0.0	3	1596 634 45 17
87	2135	0.0	3	1504 583 37 11
88	1925	0.0	3	1404 484 26 11
89	1464	0.0	3	1024 412 21 7
90	1319	0.0	3	980 297 23 19
91	1087	0.0	3	785 274 18 10
92	936	0.0	3	656 261 17 2
93	718	0.0	3	531 175 11 1
94	632	0.0	3	451 163 15 3
95	575	0.0	3	419 143 7 6
96	465	0.0	3	333 117 14 1
97	384	0.0	3	279 94 10 1
98	323	0.0	3	226 87 7 3
99	359	0.0	3	254 90 12 3
100	238	0.0	3	162 69 6 1
101	235	0.0	3	170 58 5 2
102	197	0.0	3	142 46 8 1
103	132	0.0	3	90 34 7 1
104	111	0.0	3	78 30 3
105	112	0.0	3	73 33 6
106	82	0.0	3	54 21 5 2
107	60	0.0	3	28 26 6
108	67	0.0	3	36 20 10 1
109	66	0.0	3	39 15 10 2
110	52	0.0	3	22 19 10 1
111	58	0.0	3	40 9 9
112	48	0.0	3	30 7 9 2
113	30	0.0	3	14 8 8
114	35	0.0	3	13 3 17 2
115	28	0.0	3	7 6 15
116	42	0.0	3	14 4 21 3
117	22	0.0	3	3 4 15
118	33	0.0	3	10 4 18 1
119	34	0.0	3	4 4 25 1
120	36	0.0	3	8 5 22 1
121	39	0.0	3	4 0 34 1
122	42	0.0	3	7 5 28 2
123	48	0.0	3	7 1 38 2
124	55	0.0	3	3 1 49 2
125	50	0.0	3	8 4 37 1
126	52	0.0	3	3 0 47 2
127	59	0.0	3	4 1 53 1
128	48	0.0	3	7 0 38 3
129	70	0.0	3	7 1 62
130	99	0.0	3	4 3 87 5
131	81	0.0	3	6 3 68 4
132	85	0.0	3	2 1 79 3
133	110	0.0	3	3 4 101 2
134	118	0.0	3	6 1 107 4
135	125	0.0	3	4 0 118 3
136	127	0.0	3	3 1 121 2
137	158	0.0	3	3 0 152 3
138	191	0.0	3	6 5 174 6
139	178	0.0	3	4 4 166 4
140	221	0.0	3	6 4 200 11
141	229	0.0	3	4 5 217 3
142	303	0.0	3	3 3 283 14
143	363	0.0	3	0 2 343 18
144	446	0.0	3	3 6 420 17
145	454	0.0	3	3 3 431 17
146	523	0.0	3	8 6 492 17
147	701	0.0	3	3 11 662 25
148	1267	0.0	3	2 12 1200 53
149	3234	0.0	3	0 41 3091 102
150	7651	0.0	3	2 95 7292 262


=== Second read: Adapter 2 ===

Sequence: AGATCGGAAGAGCGTCGTGTAGGGAAAGAGTGTA; Type: regular 3'; Length: 34; Trimmed: 8904049 times

No. of allowed errors:
0-9 bp: 0; 10-19 bp: 1; 20-29 bp: 2; 30-34 bp: 3

Bases preceding removed adapters:
  A: 17.0%
  C: 39.0%
  G: 28.8%
  T: 15.2%
  none/other: 0.0%

Overview of removed sequences
length	count	expect	max.err	error counts
3	431258	278030.5	0	431258
4	175683	69507.6	0	175683
5	355371	17376.9	0	355371
8	113124	271.5	0	113124
9	220607	67.9	0	220607
10	878	17.0	1	0 878
11	285588	4.2	1	219184 66404
12	823	1.1	1	0 823
13	320151	0.3	1	242567 77584
14	475	0.1	1	0 475
15	155539	0.0	1	119503 36036
16	333671	0.0	1	254344 79327
17	536	0.0	1	0 536
18	291050	0.0	1	224781 65789 480
19	1005	0.0	1	0 617 388
20	159112	0.0	2	115949 38842 4321
21	628317	0.0	2	463014 150686 14617
22	2238	0.0	2	0 1387 851
23	697	0.0	2	0 257 440
24	959	0.0	2	0 583 376
25	166277	0.0	2	121914 39937 4426
26	170171	0.0	2	122085 42669 5417
27	334879	0.0	2	242145 82717 10017
28	2974	0.0	2	0 1868 955 151
29	325678	0.0	2	232416 82587 10503 172
30	3174	0.0	3	0 2060 824 290
31	309310	0.0	3	219267 76297 9126 4620
32	2476	0.0	3	0 1345 801 330
33	158379	0.0	3	109404 41194 5573 2208
34	493177	0.0	3	344829 124908 16962 6478
35	3124	0.0	3	495 1380 821 428
36	1841	0.0	3	151 873 511 306
37	161143	0.0	3	112158 41002 5563 2420
38	166296	0.0	3	112613 44202 6798 2683
39	731137	0.0	3	533894 166816 21381 9046
40	5094	0.0	3	1205 2200 1027 662
41	1304	0.0	3	360 314 371 259
42	2663	0.0	3	381 1584 514 184
43	276189	0.0	3	197643 67503 7762 3281
44	2593	0.0	3	349 1438 610 196
45	135928	0.0	3	97154 33598 3713 1463
46	266503	0.0	3	190350 65464 7492 3197
47	4149	0.0	3	1519 1618 713 299
48	119214	0.0	3	82101 31641 3844 1628
49	150237	0.0	3	110729 33463 4217 1828
50	98667	0.0	3	65779 27844 3566 1478
51	135347	0.0	3	98648 30767 4011 1921
52	273789	0.0	3	188714 72222 8833 4020
53	1957	0.0	3	381 772 518 286
54	2158	0.0	3	427 1147 430 154
55	202010	0.0	3	136680 57868 5337 2125
56	1189	0.0	3	223 530 306 130
57	897	0.0	3	157 441 228 71
58	68049	0.0	3	46130 19053 2032 834
59	103689	0.0	3	69702 30273 2672 1042
60	1045	0.0	3	189 491 276 89
61	48761	0.0	3	32267 14463 1429 602
62	86916	0.0	3	58747 24663 2430 1076
63	572	0.0	3	88 304 132 48
64	34408	0.0	3	23352 9915 808 333
65	34013	0.0	3	22919 9870 845 379
66	35291	0.0	3	24054 9905 932 400
67	30744	0.0	3	20735 8863 810 336
68	30285	0.0	3	20890 8216 850 329
69	26790	0.0	3	18159 7611 705 315
70	25081	0.0	3	17444 6758 609 270
71	21074	0.0	3	14459 5803 556 256
72	18709	0.0	3	12935 5110 451 213
73	17241	0.0	3	12124 4517 427 173
74	15837	0.0	3	11070 4181 395 191
75	15214	0.0	3	10887 3794 384 149
76	16022	0.0	3	11445 4045 369 163
77	10345	0.0	3	7089 2865 256 135
78	8464	0.0	3	5657 2485 222 100
79	7659	0.0	3	5115 2295 176 73
80	6996	0.0	3	4681 2069 172 74
81	5363	0.0	3	3537 1648 125 53
82	4452	0.0	3	2940 1352 106 54
83	3826	0.0	3	2586 1099 94 47
84	3326	0.0	3	2249 976 67 34
85	3018	0.0	3	2046 872 73 27
86	2511	0.0	3	1634 802 51 24
87	2280	0.0	3	1468 732 55 25
88	1928	0.0	3	1296 567 42 23
89	1620	0.0	3	1043 531 36 10
90	1356	0.0	3	861 444 33 18
91	1031	0.0	3	654 341 22 14
92	880	0.0	3	559 291 22 8
93	750	0.0	3	489 231 20 10
94	599	0.0	3	398 179 15 7
95	564	0.0	3	361 177 16 10
96	486	0.0	3	325 139 17 5
97	372	0.0	3	227 128 13 4
98	324	0.0	3	212 100 9 3
99	300	0.0	3	189 101 8 2
100	237	0.0	3	140 78 10 9
101	221	0.0	3	146 67 3 5
102	170	0.0	3	103 56 7 4
103	154	0.0	3	93 50 8 3
104	124	0.0	3	76 38 5 5
105	115	0.0	3	68 43 2 2
106	97	0.0	3	52 31 4 10
107	57	0.0	3	38 18 1
108	83	0.0	3	56 20 4 3
109	65	0.0	3	28 27 9 1
110	60	0.0	3	35 17 7 1
111	60	0.0	3	38 17 3 2
112	54	0.0	3	37 14 2 1
113	24	0.0	3	14 7 2 1
114	36	0.0	3	16 15 3 2
115	28	0.0	3	14 8 6
116	19	0.0	3	10 5 3 1
117	14	0.0	3	7 2 3 2
118	18	0.0	3	9 2 5 2
119	28	0.0	3	12 7 5 4
120	20	0.0	3	4 4 11 1
121	21	0.0	3	7 5 7 2
122	23	0.0	3	7 5 8 3
123	23	0.0	3	9 1 13
124	19	0.0	3	5 3 8 3
125	28	0.0	3	3 5 17 3
126	26	0.0	3	6 2 15 3
127	38	0.0	3	8 1 25 4
128	45	0.0	3	8 0 34 3
129	49	0.0	3	3 1 44 1
130	60	0.0	3	6 7 46 1
131	69	0.0	3	3 2 60 4
132	94	0.0	3	3 2 83 6
133	97	0.0	3	5 0 88 4
134	85	0.0	3	2 2 77 4
135	108	0.0	3	4 3 99 2
136	124	0.0	3	2 4 115 3
137	150	0.0	3	3 4 137 6
138	183	0.0	3	6 3 164 10
139	182	0.0	3	1 4 166 11
140	195	0.0	3	3 3 178 11
141	218	0.0	3	0 6 203 9
142	248	0.0	3	0 4 234 10
143	329	0.0	3	0 5 316 8
144	372	0.0	3	2 7 344 19
145	434	0.0	3	3 10 402 19
146	531	0.0	3	2 11 485 33
147	652	0.0	3	5 6 599 42
148	1138	0.0	3	1 18 1062 57
149	2796	0.0	3	1 36 2620 139
150	8831	0.0	3	1 91 8280 459
