This is cutadapt 2.9 with Python 3.5.2
Command line parameters: --nextseq-trim 10 --minimum-length 25 --cores 4 -a AGATCGGAAGAGCACACGTCTGAACTCCAGTCAC -A AGATCGGAAGAGCGTCGTGTAGGGAAAGAGTGTA -o Pacuta_ATHC_TP8_1459_R1_TrimmingRound1.fastq.gz -p Pacuta_ATHC_TP8_1459_R2_TrimmingRound1.fastq.gz Pacuta_ATHC_TP8_1459_R1.fastq.gz Pacuta_ATHC_TP8_1459_R2.fastq.gz
Processing reads on 4 cores in paired-end mode ...
Finished in 651.85 s (37 us/read; 1.62 M reads/minute).

=== Summary ===

Total read pairs processed:         17,633,548
  Read 1 with adapter:               8,491,526 (48.2%)
  Read 2 with adapter:               7,656,677 (43.4%)
Pairs written (passing filters):    17,496,146 (99.2%)

Total basepairs processed: 5,290,064,400 bp
  Read 1: 2,645,032,200 bp
  Read 2: 2,645,032,200 bp
Quality-trimmed:              31,577,480 bp (0.6%)
  Read 1:     5,523,768 bp
  Read 2:    26,053,712 bp
Total written (filtered):  4,732,508,616 bp (89.5%)
  Read 1: 2,351,450,436 bp
  Read 2: 2,381,058,180 bp

=== First read: Adapter 1 ===

Sequence: AGATCGGAAGAGCACACGTCTGAACTCCAGTCAC; Type: regular 3'; Length: 34; Trimmed: 8491526 times

No. of allowed errors:
0-9 bp: 0; 10-19 bp: 1; 20-29 bp: 2; 30-34 bp: 3

Bases preceding removed adapters:
  A: 22.3%
  C: 32.8%
  G: 19.7%
  T: 25.1%
  none/other: 0.1%

Overview of removed sequences
length	count	expect	max.err	error counts
3	297260	275524.2	0	297260
4	148304	68881.0	0	148304
5	313826	17220.3	0	313826
8	101730	269.1	0	101730
9	202694	67.3	0	202694
10	634	16.8	1	0 634
11	293367	4.2	1	202235 91132
12	682	1.1	1	0 682
13	151159	0.3	1	104380 46779
14	156907	0.1	1	107725 49182
15	152709	0.0	1	105372 47337
16	161080	0.0	1	110683 50397
17	304108	0.0	1	210446 93662
18	1165	0.0	1	0 1020 145
19	156077	0.0	1	106708 48774 595
20	153795	0.0	2	102890 47658 3247
21	310393	0.0	2	209535 94683 6175
22	2213	0.0	2	0 1373 840
23	156994	0.0	2	105173 48436 3385
24	161857	0.0	2	107368 50530 3959
25	162616	0.0	2	107866 50794 3956
26	163612	0.0	2	108702 50435 4475
27	163365	0.0	2	108595 50332 4438
28	162073	0.0	2	106750 50561 4651 111
29	308757	0.0	2	207779 94079 6679 220
30	3418	0.0	3	0 1815 1129 474
31	160175	0.0	3	104384 49556 4489 1746
32	151848	0.0	3	99626 46848 3975 1399
33	156503	0.0	3	101231 49166 4654 1452
34	309213	0.0	3	203700 95222 7687 2604
35	4628	0.0	3	235 2796 1355 242
36	304988	0.0	3	202008 93804 6827 2349
37	3415	0.0	3	192 1912 1045 266
38	149843	0.0	3	98217 46601 3788 1237
39	148077	0.0	3	97150 45929 3760 1238
40	143169	0.0	3	93771 44509 3668 1221
41	140033	0.0	3	91374 43816 3677 1166
42	136438	0.0	3	89290 42654 3431 1063
43	133177	0.0	3	87154 41456 3477 1090
44	132471	0.0	3	87000 40889 3449 1133
45	147033	0.0	3	95512 46149 4015 1357
46	117658	0.0	3	77512 36361 2961 824
47	242247	0.0	3	161852 74016 4759 1620
48	2889	0.0	3	332 1575 784 198
49	114674	0.0	3	75634 35684 2549 807
50	111271	0.0	3	72785 35031 2702 753
51	199170	0.0	3	132598 61480 3824 1268
52	3565	0.0	3	824 1644 894 203
53	95339	0.0	3	62200 30172 2298 669
54	183028	0.0	3	121137 56895 3796 1200
55	2102	0.0	3	252 1150 571 129
56	80964	0.0	3	53535 25218 1689 522
57	80002	0.0	3	53020 24862 1659 461
58	72747	0.0	3	48376 22434 1467 470
59	69163	0.0	3	45546 21710 1459 448
60	65637	0.0	3	42902 20838 1526 371
61	108982	0.0	3	72063 34473 1865 581
62	1478	0.0	3	239 774 375 90
63	50527	0.0	3	33132 16016 1080 299
64	46398	0.0	3	30438 14703 996 261
65	79863	0.0	3	53477 24682 1296 408
66	1187	0.0	3	205 627 281 74
67	36450	0.0	3	23992 11524 712 222
68	33916	0.0	3	22272 10768 675 201
69	32125	0.0	3	20875 10343 735 172
70	74754	0.0	3	50389 23449 734 182
71	30887	0.0	3	20312 9805 607 163
72	22200	0.0	3	14433 7089 508 170
73	12410	0.0	3	8023 3943 342 102
74	10921	0.0	3	6984 3623 235 79
75	10248	0.0	3	6694 3256 225 73
76	8789	0.0	3	5688 2840 195 66
77	8209	0.0	3	5381 2638 147 43
78	5968	0.0	3	3913 1907 110 38
79	5437	0.0	3	3525 1786 94 32
80	4498	0.0	3	2930 1441 95 32
81	3869	0.0	3	2562 1225 72 10
82	3473	0.0	3	2285 1100 61 27
83	2752	0.0	3	1790 878 64 20
84	2495	0.0	3	1634 802 46 13
85	2070	0.0	3	1333 661 62 14
86	1899	0.0	3	1275 575 37 12
87	1673	0.0	3	1082 554 30 7
88	1467	0.0	3	959 463 36 9
89	1165	0.0	3	740 378 31 16
90	1029	0.0	3	669 324 29 7
91	976	0.0	3	611 332 26 7
92	756	0.0	3	505 236 14 1
93	674	0.0	3	438 211 21 4
94	564	0.0	3	374 180 10
95	506	0.0	3	321 171 13 1
96	364	0.0	3	245 107 11 1
97	331	0.0	3	210 109 12
98	293	0.0	3	206 79 7 1
99	235	0.0	3	146 75 12 2
100	228	0.0	3	147 68 11 2
101	208	0.0	3	123 71 9 5
102	163	0.0	3	97 52 12 2
103	132	0.0	3	77 39 15 1
104	114	0.0	3	64 39 9 2
105	88	0.0	3	55 21 10 2
106	83	0.0	3	49 23 10 1
107	63	0.0	3	31 22 10
108	42	0.0	3	12 16 13 1
109	51	0.0	3	18 13 19 1
110	60	0.0	3	23 17 19 1
111	69	0.0	3	25 13 28 3
112	57	0.0	3	19 14 23 1
113	38	0.0	3	9 3 25 1
114	61	0.0	3	14 8 37 2
115	53	0.0	3	9 4 37 3
116	54	0.0	3	5 6 40 3
117	56	0.0	3	3 6 44 3
118	50	0.0	3	3 3 44
119	65	0.0	3	4 4 54 3
120	67	0.0	3	7 2 55 3
121	79	0.0	3	4 3 72
122	85	0.0	3	1 4 77 3
123	65	0.0	3	1 2 56 6
124	81	0.0	3	3 3 75
125	77	0.0	3	2 1 71 3
126	96	0.0	3	2 1 92 1
127	107	0.0	3	1 1 102 3
128	104	0.0	3	2 3 97 2
129	121	0.0	3	3 0 115 3
130	108	0.0	3	3 0 103 2
131	142	0.0	3	1 1 136 4
132	163	0.0	3	2 0 157 4
133	146	0.0	3	0 0 142 4
134	157	0.0	3	1 0 150 6
135	189	0.0	3	0 2 185 2
136	244	0.0	3	2 2 231 9
137	254	0.0	3	3 2 246 3
138	250	0.0	3	2 1 240 7
139	309	0.0	3	4 3 292 10
140	349	0.0	3	1 2 334 12
141	366	0.0	3	4 3 349 10
142	428	0.0	3	1 4 410 13
143	623	0.0	3	2 3 601 17
144	667	0.0	3	2 1 647 17
145	689	0.0	3	1 1 668 19
146	782	0.0	3	0 3 753 26
147	1084	0.0	3	4 4 1043 33
148	1851	0.0	3	0 3 1793 55
149	4922	0.0	3	3 15 4763 141
150	11086	0.0	3	0 28 10704 354


=== Second read: Adapter 2 ===

Sequence: AGATCGGAAGAGCGTCGTGTAGGGAAAGAGTGTA; Type: regular 3'; Length: 34; Trimmed: 7656677 times

No. of allowed errors:
0-9 bp: 0; 10-19 bp: 1; 20-29 bp: 2; 30-34 bp: 3

Bases preceding removed adapters:
  A: 19.1%
  C: 32.4%
  G: 32.0%
  T: 16.5%
  none/other: 0.0%

Overview of removed sequences
length	count	expect	max.err	error counts
3	439060	275524.2	0	439060
4	159861	68881.0	0	159861
5	290975	17220.3	0	290975
8	92865	269.1	0	92865
9	184456	67.3	0	184456
10	909	16.8	1	0 909
11	258526	4.2	1	184763 73763
12	781	1.1	1	0 781
13	282264	0.3	1	199336 82928
14	511	0.1	1	0 511
15	133737	0.0	1	95919 37818
16	280624	0.0	1	199883 80741
17	556	0.0	1	0 556
18	252443	0.0	1	183445 68609 389
19	1003	0.0	1	0 619 384
20	138847	0.0	2	95287 39377 4183
21	547344	0.0	2	380804 153305 13235
22	2173	0.0	2	0 1194 979
23	653	0.0	2	0 238 415
24	826	0.0	2	0 478 348
25	142386	0.0	2	97876 40453 4057
26	144498	0.0	2	98330 41655 4513
27	281942	0.0	2	195340 78860 7742
28	2873	0.0	2	0 1736 1011 126
29	274668	0.0	2	188564 77865 8141 98
30	2965	0.0	3	0 1809 856 300
31	269831	0.0	3	183949 74730 7454 3698
32	3076	0.0	3	0 1850 892 334
33	270655	0.0	3	182085 77110 8186 3274
34	2447	0.0	3	29 868 1032 518
35	135750	0.0	3	29 92337 38976 4408
36	139622	0.0	3	17 93665 40776 5164
37	129287	0.0	3	38 88832 36314 4103
38	133469	0.0	3	52 89558 39025 4834
39	124671	0.0	3	28 85587 35361 3695
40	125374	0.0	3	26 84489 36475 4384
41	237301	0.0	3	70 161889 67941 7401
42	3055	0.0	3	1 390 1809 855
43	226274	0.0	3	59 155671 63811 6733
44	2266	0.0	3	1 335 1243 687
45	114442	0.0	3	22 77778 32873 3769
46	221014	0.0	3	41 151954 62516 6503
47	2461	0.0	3	1 512 1249 699
48	104743	0.0	3	18 71511 29948 3266
49	102860	0.0	3	22 70382 29089 3367
50	96437	0.0	3	21 65371 27836 3209
51	95843	0.0	3	26 64472 27788 3557
52	291070	0.0	3	51 205938 76119 8962
53	1759	0.0	3	4 342 928 485
54	1669	0.0	3	0 208 1007 454
55	194481	0.0	3	43 132654 56998 4786
56	1096	0.0	3	2 227 568 299
57	595	0.0	3	0 61 331 203
58	63888	0.0	3	16 43018 18961 1893
59	102883	0.0	3	28 70096 30413 2346
60	898	0.0	3	3 138 508 249
61	48294	0.0	3	9 32285 14637 1363
62	86866	0.0	3	32 59215 25322 2297
63	569	0.0	3	2 65 338 164
64	32639	0.0	3	7 21879 9971 782
65	33612	0.0	3	38 22925 9849 800
66	33294	0.0	3	9 22730 9708 847
67	30954	0.0	3	9 21104 9019 822
68	29815	0.0	3	12 20650 8382 771
69	25020	0.0	3	8 16963 7429 620
70	22952	0.0	3	7 15659 6745 541
71	19976	0.0	3	5 13723 5759 489
72	17837	0.0	3	4 12065 5329 439
73	17079	0.0	3	5 11978 4653 443
74	17952	0.0	3	1 12993 4537 421
75	23149	0.0	3	2 18143 4618 386
76	15774	0.0	3	2 11483 3863 426
77	8549	0.0	3	0 5408 2898 243
78	7044	0.0	3	7 4368 2464 205
79	6243	0.0	3	6 3901 2160 176
80	5898	0.0	3	0 3618 2137 143
81	4743	0.0	3	0 2901 1733 109
82	3879	0.0	3	1 2431 1358 89
83	3314	0.0	3	0 2112 1118 84
84	2811	0.0	3	1 1755 986 69
85	2519	0.0	3	1 1616 847 55
86	2172	0.0	3	1 1350 770 51
87	1787	0.0	3	1 1060 681 45
88	1568	0.0	3	0 961 573 34
89	1362	0.0	3	0 803 516 43
90	1088	0.0	3	0 628 428 32
91	919	0.0	3	0 538 366 15
92	804	0.0	3	0 468 308 28
93	655	0.0	3	0 386 248 21
94	584	0.0	3	0 351 226 7
95	446	0.0	3	0 252 179 15
96	386	0.0	3	0 225 150 11
97	311	0.0	3	0 182 121 8
98	291	0.0	3	0 171 111 9
99	236	0.0	3	0 133 96 7
100	211	0.0	3	0 120 81 10
101	173	0.0	3	0 99 68 6
102	147	0.0	3	0 97 40 10
103	138	0.0	3	0 78 54 6
104	106	0.0	3	0 63 41 2
105	92	0.0	3	0 48 38 6
106	88	0.0	3	0 56 28 4
107	65	0.0	3	1 35 27 2
108	39	0.0	3	0 23 13 3
109	49	0.0	3	0 20 28 1
110	43	0.0	3	0 22 15 6
111	57	0.0	3	0 33 19 5
112	43	0.0	3	0 27 13 3
113	20	0.0	3	0 11 4 5
114	27	0.0	3	0 9 13 5
115	27	0.0	3	0 11 7 9
116	19	0.0	3	0 9 7 3
117	23	0.0	3	0 12 4 7
118	18	0.0	3	0 6 5 7
119	18	0.0	3	0 5 5 8
120	17	0.0	3	0 4 5 8
121	18	0.0	3	0 3 3 12
122	21	0.0	3	0 2 3 16
123	17	0.0	3	0 4 2 11
124	32	0.0	3	0 3 4 25
125	21	0.0	3	0 0 2 19
126	23	0.0	3	0 2 1 20
127	43	0.0	3	0 1 3 39
128	80	0.0	3	0 0 4 76
129	72	0.0	3	0 4 0 68
130	91	0.0	3	0 4 1 86
131	124	0.0	3	0 1 1 122
132	111	0.0	3	0 3 0 108
133	153	0.0	3	0 1 3 149
134	156	0.0	3	0 2 0 154
135	205	0.0	3	0 1 1 203
136	197	0.0	3	0 1 3 193
137	207	0.0	3	0 3 0 204
138	246	0.0	3	0 4 3 239
139	289	0.0	3	0 2 0 287
140	283	0.0	3	0 1 5 277
141	357	0.0	3	0 0 4 353
142	420	0.0	3	0 2 6 412
143	482	0.0	3	0 1 4 477
144	622	0.0	3	0 2 8 612
145	681	0.0	3	0 0 2 679
146	767	0.0	3	0 2 3 762
147	940	0.0	3	0 0 1 939
148	1575	0.0	3	0 0 8 1567
149	4113	0.0	3	0 2 11 4100
150	12557	0.0	3	0 1 31 12525
