This is cutadapt 2.9 with Python 3.5.2
Command line parameters: --nextseq-trim 10 --minimum-length 25 --cores 4 -a AGATCGGAAGAGCACACGTCTGAACTCCAGTCAC -A AGATCGGAAGAGCGTCGTGTAGGGAAAGAGTGTA -o Pacuta_ATAC_TP1_1775_R1_TrimmingRound1.fastq.gz -p Pacuta_ATAC_TP1_1775_R2_TrimmingRound1.fastq.gz Pacuta_ATAC_TP1_1775_R1.fastq.gz Pacuta_ATAC_TP1_1775_R2.fastq.gz
Processing reads on 4 cores in paired-end mode ...
Finished in 598.18 s (35 us/read; 1.71 M reads/minute).

=== Summary ===

Total read pairs processed:         17,077,167
  Read 1 with adapter:               7,576,431 (44.4%)
  Read 2 with adapter:               6,882,646 (40.3%)
Pairs written (passing filters):    16,916,972 (99.1%)

Total basepairs processed: 5,123,150,100 bp
  Read 1: 2,561,575,050 bp
  Read 2: 2,561,575,050 bp
Quality-trimmed:              40,745,810 bp (0.8%)
  Read 1:     5,179,252 bp
  Read 2:    35,566,558 bp
Total written (filtered):  4,625,085,169 bp (90.3%)
  Read 1: 2,300,753,942 bp
  Read 2: 2,324,331,227 bp

=== First read: Adapter 1 ===

Sequence: AGATCGGAAGAGCACACGTCTGAACTCCAGTCAC; Type: regular 3'; Length: 34; Trimmed: 7576431 times

No. of allowed errors:
0-9 bp: 0; 10-19 bp: 1; 20-29 bp: 2; 30-34 bp: 3

Bases preceding removed adapters:
  A: 20.6%
  C: 35.6%
  G: 19.2%
  T: 24.6%
  none/other: 0.0%

Overview of removed sequences
length	count	expect	max.err	error counts
3	305372	266830.7	0	305372
4	149621	66707.7	0	149621
5	306646	16676.9	0	306646
8	98582	260.6	0	98582
9	197887	65.1	0	197887
10	605	16.3	1	0 605
11	266568	4.1	1	196750 69818
12	516	1.0	1	0 516
13	136727	0.3	1	100700 36027
14	140599	0.1	1	103195 37404
15	138632	0.0	1	101693 36939
16	144920	0.0	1	106465 38455
17	277764	0.0	1	204673 73091
18	999	0.0	1	0 845 154
19	140956	0.0	1	103240 37275 441
20	140188	0.0	2	100802 37047 2339
21	279098	0.0	2	201009 73415 4674
22	1511	0.0	2	0 971 540
23	142640	0.0	2	102237 37834 2569
24	145425	0.0	2	103816 38642 2967
25	145753	0.0	2	103957 38753 3043
26	145775	0.0	2	103418 39243 3114
27	144592	0.0	2	102544 38630 3418
28	144496	0.0	2	102296 38770 3360 70
29	279350	0.0	2	200189 73422 5452 287
30	2498	0.0	3	0 1459 721 318
31	140314	0.0	3	98481 37462 3201 1170
32	135954	0.0	3	95619 36427 2869 1039
33	138173	0.0	3	97172 36892 3085 1024
34	138600	0.0	3	96808 37541 3220 1031
35	139599	0.0	3	98222 37185 3151 1041
36	137822	0.0	3	96998 36798 2997 1029
37	136090	0.0	3	95534 36623 2957 976
38	133400	0.0	3	93924 35410 2990 1076
39	130228	0.0	3	91185 35195 2899 949
40	127141	0.0	3	88709 34672 2896 864
41	240307	0.0	3	170266 63983 4475 1583
42	2470	0.0	3	287 1342 648 193
43	118474	0.0	3	83355 31770 2451 898
44	115807	0.0	3	81843 30901 2254 809
45	128346	0.0	3	89887 34606 2859 994
46	100853	0.0	3	70623 27594 2060 576
47	212770	0.0	3	151960 56281 3464 1065
48	2053	0.0	3	264 1113 517 159
49	96431	0.0	3	68069 25945 1841 576
50	95213	0.0	3	66739 25892 2016 566
51	168586	0.0	3	120134 44899 2650 903
52	7005	0.0	3	3759 2371 687 188
53	81003	0.0	3	56865 22099 1572 467
54	156967	0.0	3	111930 41647 2543 847
55	2128	0.0	3	555 1029 427 117
56	68365	0.0	3	48937 18002 1055 371
57	69419	0.0	3	49041 18849 1208 321
58	60320	0.0	3	42692 16269 1075 284
59	59293	0.0	3	41843 16089 1031 330
60	55742	0.0	3	39117 15369 991 265
61	88902	0.0	3	63123 24113 1246 420
62	1431	0.0	3	451 670 239 71
63	43103	0.0	3	30358 11829 722 194
64	35742	0.0	3	25002 9966 608 166
65	65201	0.0	3	46391 17619 883 308
66	1211	0.0	3	447 508 207 49
67	28564	0.0	3	20244 7757 426 137
68	26996	0.0	3	18880 7491 496 129
69	26107	0.0	3	18051 7448 478 130
70	61931	0.0	3	44620 16683 506 122
71	33648	0.0	3	24057 9042 430 119
72	19099	0.0	3	13358 5252 382 107
73	8837	0.0	3	6032 2503 230 72
74	6730	0.0	3	4585 1940 149 56
75	5934	0.0	3	4038 1701 150 45
76	5460	0.0	3	3781 1536 109 34
77	4764	0.0	3	3276 1370 90 28
78	3750	0.0	3	2606 1062 65 17
79	3203	0.0	3	2217 902 68 16
80	2657	0.0	3	1839 748 61 9
81	2205	0.0	3	1488 650 53 14
82	1959	0.0	3	1370 537 46 6
83	1636	0.0	3	1127 453 36 20
84	1390	0.0	3	986 366 23 15
85	1109	0.0	3	774 306 23 6
86	1078	0.0	3	734 319 18 7
87	915	0.0	3	614 274 22 5
88	833	0.0	3	581 229 22 1
89	673	0.0	3	472 181 16 4
90	583	0.0	3	399 171 8 5
91	495	0.0	3	325 157 10 3
92	418	0.0	3	286 121 7 4
93	384	0.0	3	257 116 9 2
94	314	0.0	3	209 98 6 1
95	292	0.0	3	204 73 14 1
96	184	0.0	3	133 50 1
97	194	0.0	3	130 61 3
98	171	0.0	3	118 47 5 1
99	154	0.0	3	101 46 6 1
100	144	0.0	3	94 45 5
101	99	0.0	3	67 24 6 2
102	98	0.0	3	70 21 7
103	57	0.0	3	43 9 3 2
104	48	0.0	3	34 9 5
105	62	0.0	3	36 22 3 1
106	50	0.0	3	36 9 5
107	28	0.0	3	18 7 3
108	33	0.0	3	19 9 5
109	35	0.0	3	21 10 4
110	30	0.0	3	16 7 7
111	34	0.0	3	14 11 9
112	28	0.0	3	10 6 11 1
113	26	0.0	3	11 4 11
114	15	0.0	3	2 1 11 1
115	26	0.0	3	5 2 18 1
116	18	0.0	3	5 2 11
117	20	0.0	3	2 1 16 1
118	17	0.0	3	1 0 16
119	23	0.0	3	3 3 15 2
120	31	0.0	3	3 1 26 1
121	33	0.0	3	1 2 28 2
122	26	0.0	3	0 1 24 1
123	30	0.0	3	2 0 28
124	36	0.0	3	2 0 34
125	29	0.0	3	2 2 24 1
126	28	0.0	3	0 1 26 1
127	31	0.0	3	1 2 27 1
128	43	0.0	3	2 2 39
129	53	0.0	3	2 2 48 1
130	42	0.0	3	4 1 36 1
131	62	0.0	3	3 0 59
132	67	0.0	3	1 2 63 1
133	77	0.0	3	2 0 69 6
134	90	0.0	3	5 3 82
135	93	0.0	3	2 3 85 3
136	84	0.0	3	0 3 80 1
137	85	0.0	3	0 1 82 2
138	107	0.0	3	2 1 101 3
139	113	0.0	3	3 2 106 2
140	141	0.0	3	1 2 134 4
141	138	0.0	3	2 0 132 4
142	212	0.0	3	1 1 205 5
143	254	0.0	3	0 1 245 8
144	262	0.0	3	0 4 249 9
145	286	0.0	3	4 1 274 7
146	319	0.0	3	2 1 306 10
147	473	0.0	3	4 1 449 19
148	865	0.0	3	1 8 826 30
149	1985	0.0	3	0 16 1923 46
150	4595	0.0	3	0 45 4402 148


=== Second read: Adapter 2 ===

Sequence: AGATCGGAAGAGCGTCGTGTAGGGAAAGAGTGTA; Type: regular 3'; Length: 34; Trimmed: 6882646 times

No. of allowed errors:
0-9 bp: 0; 10-19 bp: 1; 20-29 bp: 2; 30-34 bp: 3

Bases preceding removed adapters:
  A: 17.0%
  C: 36.2%
  G: 31.4%
  T: 15.4%
  none/other: 0.0%

Overview of removed sequences
length	count	expect	max.err	error counts
3	468586	266830.7	0	468586
4	164933	66707.7	0	164933
5	292122	16676.9	0	292122
8	92847	260.6	0	92847
9	185768	65.1	0	185768
10	764	16.3	1	0 764
11	233987	4.1	1	184824 49163
12	564	1.0	1	0 564
13	249720	0.3	1	195635 54085
14	321	0.1	1	0 321
15	120912	0.0	1	95646 25266
16	253179	0.0	1	199864 53315
17	453	0.0	1	0 453
18	231580	0.0	1	185174 46107 299
19	757	0.0	1	0 513 244
20	124014	0.0	2	94642 26523 2849
21	490657	0.0	2	376461 104227 9969
22	1738	0.0	2	0 1068 670
23	520	0.0	2	0 208 312
24	642	0.0	2	0 443 199
25	126606	0.0	2	96112 27568 2926
26	127500	0.0	2	95367 28681 3452
27	248566	0.0	2	188383 54071 6112
28	2108	0.0	2	0 1347 655 106
29	246148	0.0	2	184103 55530 6433 82
30	2294	0.0	3	0 1474 614 206
31	237531	0.0	3	177557 51467 5714 2793
32	1805	0.0	3	0 1077 519 209
33	121484	0.0	3	88687 27887 3530 1380
34	367096	0.0	3	271451 81451 10079 4115
35	2824	0.0	3	562 1265 587 410
36	1164	0.0	3	98 632 273 161
37	117676	0.0	3	87376 26139 3018 1143
38	110057	0.0	3	81023 25039 2868 1127
39	114752	0.0	3	84955 25380 3164 1253
40	111012	0.0	3	81050 25625 3111 1226
41	233715	0.0	3	174833 50422 6082 2378
42	4289	0.0	3	1189 2043 730 327
43	260943	0.0	3	202315 50673 5777 2178
44	2706	0.0	3	604 1364 497 241
45	110329	0.0	3	82965 23644 2681 1039
46	211877	0.0	3	162257 43328 4461 1831
47	9113	0.0	3	6198 1950 623 342
48	90448	0.0	3	67012 20153 2243 1040
49	144142	0.0	3	115474 24721 2789 1158
50	70074	0.0	3	49895 17226 2110 843
51	130848	0.0	3	104408 22472 2812 1156
52	199743	0.0	3	147351 44864 5119 2409
53	1784	0.0	3	466 717 380 221
54	1214	0.0	3	179 638 312 85
55	119001	0.0	3	82584 32758 2632 1027
56	972	0.0	3	313 384 184 91
57	466	0.0	3	67 243 112 44
58	41104	0.0	3	29009 10681 1033 381
59	59443	0.0	3	40930 16701 1310 502
60	551	0.0	3	94 271 140 46
61	28574	0.0	3	19625 7855 806 288
62	53410	0.0	3	37709 13997 1240 464
63	435	0.0	3	61 224 122 28
64	19100	0.0	3	13012 5565 383 140
65	20401	0.0	3	14388 5435 432 146
66	22676	0.0	3	16415 5569 499 193
67	18008	0.0	3	12597 4807 436 168
68	19052	0.0	3	13813 4617 426 196
69	16508	0.0	3	11820 4137 378 173
70	16228	0.0	3	11964 3784 339 141
71	13422	0.0	3	9787 3237 260 138
72	12691	0.0	3	9295 3002 288 106
73	11983	0.0	3	8983 2643 263 94
74	11279	0.0	3	8481 2467 234 97
75	11959	0.0	3	9370 2256 234 99
76	11720	0.0	3	9076 2331 214 99
77	6778	0.0	3	4810 1705 181 82
78	5025	0.0	3	3482 1368 118 57
79	4073	0.0	3	2714 1198 119 42
80	3765	0.0	3	2547 1102 80 36
81	2900	0.0	3	1983 835 56 26
82	2454	0.0	3	1720 678 41 15
83	2162	0.0	3	1468 621 49 24
84	1880	0.0	3	1301 526 37 16
85	1711	0.0	3	1176 484 36 15
86	1333	0.0	3	889 409 25 10
87	1065	0.0	3	706 325 21 13
88	931	0.0	3	633 273 17 8
89	787	0.0	3	541 222 17 7
90	612	0.0	3	389 200 17 6
91	487	0.0	3	295 168 12 12
92	433	0.0	3	271 150 8 4
93	420	0.0	3	257 144 14 5
94	324	0.0	3	186 116 13 9
95	286	0.0	3	173 100 8 5
96	210	0.0	3	131 68 6 5
97	195	0.0	3	113 70 5 7
98	151	0.0	3	96 51 2 2
99	136	0.0	3	87 40 6 3
100	107	0.0	3	82 19 6
101	120	0.0	3	66 49 5
102	90	0.0	3	55 30 2 3
103	67	0.0	3	38 23 2 4
104	56	0.0	3	37 14 3 2
105	55	0.0	3	32 18 3 2
106	49	0.0	3	26 19 4
107	38	0.0	3	16 19 3
108	42	0.0	3	26 11 5
109	42	0.0	3	22 14 4 2
110	32	0.0	3	24 5 3
111	28	0.0	3	17 9 1 1
112	20	0.0	3	11 5 3 1
113	21	0.0	3	12 5 4
114	18	0.0	3	4 9 5
115	15	0.0	3	5 4 3 3
116	16	0.0	3	6 6 3 1
117	5	0.0	3	1 1 3
118	23	0.0	3	6 7 7 3
119	10	0.0	3	3 5 2
120	10	0.0	3	6 1 2 1
121	11	0.0	3	0 3 6 2
122	8	0.0	3	0 1 6 1
123	11	0.0	3	3 1 7
124	11	0.0	3	2 1 7 1
125	15	0.0	3	4 1 8 2
126	23	0.0	3	4 5 12 2
127	22	0.0	3	2 1 17 2
128	28	0.0	3	0 4 22 2
129	29	0.0	3	3 1 25
130	47	0.0	3	2 0 43 2
131	48	0.0	3	3 1 41 3
132	52	0.0	3	2 1 45 4
133	54	0.0	3	1 2 48 3
134	59	0.0	3	3 0 54 2
135	84	0.0	3	2 0 78 4
136	71	0.0	3	2 2 66 1
137	80	0.0	3	0 1 76 3
138	95	0.0	3	1 2 90 2
139	118	0.0	3	3 0 112 3
140	122	0.0	3	2 1 114 5
141	122	0.0	3	2 3 114 3
142	150	0.0	3	0 2 143 5
143	223	0.0	3	0 3 213 7
144	261	0.0	3	0 4 242 15
145	305	0.0	3	0 6 281 18
146	345	0.0	3	2 7 321 15
147	447	0.0	3	1 4 428 14
148	658	0.0	3	0 9 621 28
149	1872	0.0	3	1 17 1773 81
150	5398	0.0	3	0 43 5126 229
