This is cutadapt 2.9 with Python 3.5.2
Command line parameters: --nextseq-trim 10 --minimum-length 25 --cores 4 -a AGATCGGAAGAGCACACGTCTGAACTCCAGTCAC -A AGATCGGAAGAGCGTCGTGTAGGGAAAGAGTGTA -o Pacuta_ATAC_TP10_1559_R1_TrimmingRound1.fastq.gz -p Pacuta_ATAC_TP10_1559_R2_TrimmingRound1.fastq.gz Pacuta_ATAC_TP10_1559_R1.fastq.gz Pacuta_ATAC_TP10_1559_R2.fastq.gz
Processing reads on 4 cores in paired-end mode ...
Finished in 672.78 s (38 us/read; 1.56 M reads/minute).

=== Summary ===

Total read pairs processed:         17,484,124
  Read 1 with adapter:               9,545,887 (54.6%)
  Read 2 with adapter:               8,971,326 (51.3%)
Pairs written (passing filters):    17,385,466 (99.4%)

Total basepairs processed: 5,245,237,200 bp
  Read 1: 2,622,618,600 bp
  Read 2: 2,622,618,600 bp
Quality-trimmed:              28,550,333 bp (0.5%)
  Read 1:     5,615,518 bp
  Read 2:    22,934,815 bp
Total written (filtered):  4,612,797,605 bp (87.9%)
  Read 1: 2,295,524,967 bp
  Read 2: 2,317,272,638 bp

=== First read: Adapter 1 ===

Sequence: AGATCGGAAGAGCACACGTCTGAACTCCAGTCAC; Type: regular 3'; Length: 34; Trimmed: 9545887 times

No. of allowed errors:
0-9 bp: 0; 10-19 bp: 1; 20-29 bp: 2; 30-34 bp: 3

Bases preceding removed adapters:
  A: 17.1%
  C: 39.2%
  G: 20.3%
  T: 23.4%
  none/other: 0.0%

Overview of removed sequences
length	count	expect	max.err	error counts
3	285250	273189.4	0	285250
4	156884	68297.4	0	156884
5	367313	17074.3	0	367313
8	118851	266.8	0	118851
9	234883	66.7	0	234883
10	589	16.7	1	0 589
11	296693	4.2	1	236477 60216
12	677	1.0	1	0 677
13	155512	0.3	1	123205 32307
14	165301	0.1	1	130557 34744
15	163796	0.0	1	129803 33993
16	177490	0.0	1	139409 38081
17	333170	0.0	1	263529 69641
18	1224	0.0	1	0 1080 144
19	168520	0.0	1	132170 35790 560
20	165276	0.0	2	126847 35610 2819
21	331165	0.0	2	256871 68983 5311
22	1905	0.0	2	0 1339 566
23	171077	0.0	2	131437 36690 2950
24	178814	0.0	2	136783 38614 3417
25	182542	0.0	2	139457 39551 3534
26	186101	0.0	2	142307 40159 3635
27	185907	0.0	2	141128 40748 4031
28	186339	0.0	2	140837 41416 3978 108
29	353629	0.0	2	270460 76464 6417 288
30	3146	0.0	3	0 1865 791 490
31	178317	0.0	3	133509 39294 3940 1574
32	170716	0.0	3	128320 37448 3632 1316
33	176413	0.0	3	131380 39737 3961 1335
34	355690	0.0	3	269698 76643 6821 2528
35	3432	0.0	3	273 2116 815 228
36	184707	0.0	3	139453 40272 3659 1323
37	184205	0.0	3	138043 40995 3799 1368
38	179219	0.0	3	134049 39903 3901 1366
39	175379	0.0	3	130797 39599 3734 1249
40	325260	0.0	3	246381 71099 5684 2096
41	3131	0.0	3	327 1928 690 186
42	156206	0.0	3	117439 34713 3017 1037
43	154914	0.0	3	116387 34358 3115 1054
44	153642	0.0	3	115640 33880 3021 1101
45	166298	0.0	3	125489 36400 3277 1132
46	141759	0.0	3	106120 31996 2766 877
47	292470	0.0	3	222642 63297 4826 1705
48	2951	0.0	3	376 1777 617 181
49	135652	0.0	3	102341 29988 2542 781
50	128150	0.0	3	96191 28793 2400 766
51	230383	0.0	3	175137 50399 3562 1285
52	3808	0.0	3	1146 1763 701 198
53	108917	0.0	3	81679 24621 1947 670
54	211617	0.0	3	160347 46529 3481 1260
55	2228	0.0	3	289 1347 446 146
56	94653	0.0	3	71842 20848 1418 545
57	94323	0.0	3	71386 20967 1491 479
58	84339	0.0	3	63999 18584 1306 450
59	80156	0.0	3	60284 18183 1270 419
60	73687	0.0	3	55365 16747 1201 374
61	123600	0.0	3	93674 27861 1556 509
62	1449	0.0	3	315 780 272 82
63	56695	0.0	3	42806 12761 832 296
64	51582	0.0	3	38528 11953 837 264
65	90858	0.0	3	69476 19877 1160 345
66	1169	0.0	3	254 647 216 52
67	41454	0.0	3	31462 9189 606 197
68	38447	0.0	3	29046 8596 603 202
69	37348	0.0	3	27720 8818 630 180
70	83963	0.0	3	64764 18439 603 157
71	34675	0.0	3	26186 7860 461 168
72	24755	0.0	3	18526 5650 441 138
73	14253	0.0	3	10514 3357 278 104
74	12795	0.0	3	9492 2976 247 80
75	11834	0.0	3	8780 2790 206 58
76	10186	0.0	3	7531 2441 144 70
77	9760	0.0	3	7357 2191 160 52
78	7521	0.0	3	5594 1781 111 35
79	6495	0.0	3	4918 1445 92 40
80	5587	0.0	3	4204 1276 84 23
81	4923	0.0	3	3719 1112 70 22
82	3911	0.0	3	2915 922 54 20
83	3292	0.0	3	2478 757 44 13
84	2930	0.0	3	2148 720 48 14
85	2558	0.0	3	1955 554 39 10
86	2246	0.0	3	1699 500 35 12
87	2021	0.0	3	1527 458 26 10
88	1916	0.0	3	1466 411 32 7
89	1524	0.0	3	1111 380 27 6
90	1370	0.0	3	1010 324 24 12
91	1220	0.0	3	910 278 29 3
92	995	0.0	3	752 223 17 3
93	814	0.0	3	610 179 17 8
94	723	0.0	3	543 164 10 6
95	630	0.0	3	472 142 14 2
96	457	0.0	3	336 111 9 1
97	438	0.0	3	320 100 16 2
98	400	0.0	3	297 91 12
99	386	0.0	3	277 99 9 1
100	304	0.0	3	220 70 13 1
101	254	0.0	3	184 63 5 2
102	204	0.0	3	141 52 9 2
103	198	0.0	3	130 54 12 2
104	186	0.0	3	129 46 8 3
105	116	0.0	3	81 30 4 1
106	104	0.0	3	76 19 9
107	74	0.0	3	49 15 10
108	77	0.0	3	57 11 9
109	66	0.0	3	38 14 14
110	64	0.0	3	31 8 25
111	69	0.0	3	40 7 19 3
112	64	0.0	3	25 11 27 1
113	61	0.0	3	21 9 29 2
114	50	0.0	3	18 7 22 3
115	57	0.0	3	12 4 39 2
116	59	0.0	3	17 9 31 2
117	46	0.0	3	5 5 36
118	59	0.0	3	9 2 47 1
119	58	0.0	3	10 5 40 3
120	63	0.0	3	6 1 54 2
121	54	0.0	3	9 2 42 1
122	66	0.0	3	6 5 54 1
123	69	0.0	3	8 3 57 1
124	65	0.0	3	4 5 53 3
125	76	0.0	3	4 3 66 3
126	55	0.0	3	2 2 49 2
127	87	0.0	3	4 6 76 1
128	96	0.0	3	5 7 82 2
129	89	0.0	3	3 3 82 1
130	101	0.0	3	4 5 91 1
131	117	0.0	3	2 4 108 3
132	138	0.0	3	7 6 118 7
133	124	0.0	3	4 5 113 2
134	142	0.0	3	2 5 130 5
135	171	0.0	3	3 3 161 4
136	187	0.0	3	6 5 172 4
137	233	0.0	3	5 3 217 8
138	228	0.0	3	6 7 211 4
139	237	0.0	3	6 6 215 10
140	272	0.0	3	3 3 262 4
141	310	0.0	3	4 9 284 13
142	356	0.0	3	3 7 331 15
143	525	0.0	3	5 5 501 14
144	555	0.0	3	4 14 530 7
145	602	0.0	3	4 13 566 19
146	723	0.0	3	8 18 678 19
147	906	0.0	3	2 21 852 31
148	1665	0.0	3	5 37 1572 51
149	4130	0.0	3	1 98 3905 126
150	9419	0.0	3	2 189 8936 292


=== Second read: Adapter 2 ===

Sequence: AGATCGGAAGAGCGTCGTGTAGGGAAAGAGTGTA; Type: regular 3'; Length: 34; Trimmed: 8971326 times

No. of allowed errors:
0-9 bp: 0; 10-19 bp: 1; 20-29 bp: 2; 30-34 bp: 3

Bases preceding removed adapters:
  A: 15.1%
  C: 38.6%
  G: 30.9%
  T: 15.3%
  none/other: 0.0%

Overview of removed sequences
length	count	expect	max.err	error counts
3	415984	273189.4	0	415984
4	173734	68297.4	0	173734
5	356318	17074.3	0	356318
8	113665	266.8	0	113665
9	223050	66.7	0	223050
10	830	16.7	1	0 830
11	275070	4.2	1	224540 50530
12	695	1.0	1	0 695
13	306072	0.3	1	247368 58704
14	500	0.1	1	0 500
15	152640	0.0	1	124357 28283
16	320983	0.0	1	260012 60971
17	576	0.0	1	0 576
18	293181	0.0	1	239805 52853 523
19	1056	0.0	1	0 709 347
20	155878	0.0	2	122522 29957 3399
21	623472	0.0	2	494351 117960 11161
22	2365	0.0	2	0 1623 742
23	823	0.0	2	0 341 482
24	1005	0.0	2	0 683 322
25	166880	0.0	2	131069 32232 3579
26	173146	0.0	2	133402 35370 4374
27	337954	0.0	2	263422 66956 7576
28	3113	0.0	2	0 2110 824 179
29	328643	0.0	2	253052 67643 7823 125
30	3117	0.0	3	0 2107 713 297
31	318010	0.0	3	243928 63076 7363 3643
32	3209	0.0	3	0 2165 730 314
33	321272	0.0	3	246168 65039 7158 2907
34	2779	0.0	3	37 1143 1077 522
35	164417	0.0	3	31 125779 34406 4201
36	170660	0.0	3	26 129235 35086 6313
37	327592	0.0	3	60 335 65845 261352
38	2497	0.0	3	9 63 1418 1007
39	158116	0.0	3	28 296 31815 125977
40	153380	0.0	3	28 319 31596 121437
41	293164	0.0	3	98 543 59358 233165
42	3166	0.0	3	1 43 1889 1233
43	333150	0.0	3	80 602 60833 271635
44	2569	0.0	3	1 88 1426 1054
45	142305	0.0	3	21 381 28633 113270
46	278083	0.0	3	60 524 54688 222811
47	5658	0.0	3	0 61 1675 3922
48	127036	0.0	3	20 212 26522 100282
49	160651	0.0	3	25 262 28513 131851
50	109400	0.0	3	33 257 23904 85206
51	161196	0.0	3	28 227 26836 134105
52	328336	0.0	3	74 530 63624 264108
53	2137	0.0	3	1 45 932 1159
54	1624	0.0	3	2 15 789 818
55	205372	0.0	3	39 300 47083 157950
56	1330	0.0	3	5 26 576 723
57	598	0.0	3	2 19 276 301
58	68987	0.0	3	19 119 15419 53430
59	105709	0.0	3	35 155 24322 81197
60	865	0.0	3	5 17 445 398
61	49615	0.0	3	11 102 11644 37858
62	93465	0.0	3	34 157 20492 72782
63	603	0.0	3	1 16 323 263
64	33544	0.0	3	8 81 7947 25508
65	34773	0.0	3	39 53 8002 26679
66	37027	0.0	3	4 117 7999 28907
67	32104	0.0	3	11 53 7370 24670
68	33072	0.0	3	7 77 6807 26181
69	28099	0.0	3	5 38 6304 21752
70	26389	0.0	3	15 54 5372 20948
71	22239	0.0	3	3 44 4722 17470
72	20184	0.0	3	5 46 4343 15790
73	18798	0.0	3	1 36 3822 14939
74	18343	0.0	3	1 35 3652 14655
75	20635	0.0	3	1 25 3667 16942
76	19957	0.0	3	5 30 3468 16454
77	12085	0.0	3	4 16 2584 9481
78	9402	0.0	3	8 15 2125 7254
79	8078	0.0	3	1 18 1887 6172
80	7381	0.0	3	2 12 1831 5536
81	6028	0.0	3	1 6 1434 4587
82	4882	0.0	3	1 6 1198 3677
83	4201	0.0	3	0 5 1033 3163
84	3611	0.0	3	0 8 885 2718
85	3275	0.0	3	0 6 740 2529
86	2693	0.0	3	0 3 690 2000
87	2384	0.0	3	0 1 611 1772
88	1975	0.0	3	0 3 517 1455
89	1811	0.0	3	0 3 482 1326
90	1480	0.0	3	0 3 430 1047
91	1143	0.0	3	0 3 305 835
92	964	0.0	3	1 0 278 685
93	886	0.0	3	0 1 251 634
94	735	0.0	3	0 0 187 548
95	624	0.0	3	0 0 172 452
96	529	0.0	3	0 0 157 372
97	392	0.0	3	0 1 106 285
98	379	0.0	3	0 2 120 257
99	355	0.0	3	0 2 108 245
100	283	0.0	3	0 0 72 211
101	234	0.0	3	0 1 63 170
102	220	0.0	3	0 0 68 152
103	180	0.0	3	0 0 58 122
104	184	0.0	3	0 1 56 127
105	124	0.0	3	0 0 39 85
106	114	0.0	3	0 0 31 83
107	93	0.0	3	0 0 19 74
108	87	0.0	3	0 0 29 58
109	55	0.0	3	0 0 13 42
110	62	0.0	3	0 0 12 50
111	55	0.0	3	0 0 18 37
112	50	0.0	3	0 0 12 38
113	43	0.0	3	0 0 13 30
114	35	0.0	3	0 0 5 30
115	27	0.0	3	0 0 4 23
116	34	0.0	3	0 0 13 21
117	23	0.0	3	0 0 5 18
118	19	0.0	3	0 0 3 16
119	20	0.0	3	0 0 3 17
120	17	0.0	3	0 0 5 12
121	25	0.0	3	0 0 4 21
122	23	0.0	3	0 1 5 17
123	23	0.0	3	0 0 3 20
124	23	0.0	3	0 0 5 18
125	35	0.0	3	0 0 7 28
126	24	0.0	3	0 0 4 20
127	36	0.0	3	0 0 4 32
128	68	0.0	3	0 0 7 61
129	57	0.0	3	0 0 1 56
130	80	0.0	3	0 0 3 77
131	100	0.0	3	0 0 3 97
132	105	0.0	3	0 0 3 102
133	105	0.0	3	0 0 2 103
134	133	0.0	3	0 0 6 127
135	160	0.0	3	0 0 5 155
136	177	0.0	3	0 0 3 174
137	193	0.0	3	0 0 9 184
138	229	0.0	3	0 0 3 226
139	249	0.0	3	0 0 11 238
140	234	0.0	3	0 0 6 228
141	316	0.0	3	0 0 8 308
142	336	0.0	3	0 0 6 330
143	436	0.0	3	0 0 14 422
144	494	0.0	3	0 0 16 478
145	566	0.0	3	0 0 16 550
146	625	0.0	3	0 0 19 606
147	873	0.0	3	0 0 23 850
148	1317	0.0	3	0 0 32 1285
149	3267	0.0	3	0 0 59 3208
150	10900	0.0	3	0 0 261 10639
