This is cutadapt 2.9 with Python 3.5.2
Command line parameters: --nextseq-trim 10 --minimum-length 25 --cores 4 -a AGATCGGAAGAGCACACGTCTGAACTCCAGTCAC -A AGATCGGAAGAGCGTCGTGTAGGGAAAGAGTGTA -o Pacuta_HTHC_TP1_1676_R1_TrimmingRound1.fastq.gz -p Pacuta_HTHC_TP1_1676_R2_TrimmingRound1.fastq.gz Pacuta_HTHC_TP1_1676_R1.fastq.gz Pacuta_HTHC_TP1_1676_R2.fastq.gz
Processing reads on 4 cores in paired-end mode ...
Finished in 636.87 s (35 us/read; 1.73 M reads/minute).

=== Summary ===

Total read pairs processed:         18,388,050
  Read 1 with adapter:              11,295,311 (61.4%)
  Read 2 with adapter:              10,402,311 (56.6%)
Pairs written (passing filters):    18,231,778 (99.2%)

Total basepairs processed: 5,516,415,000 bp
  Read 1: 2,758,207,500 bp
  Read 2: 2,758,207,500 bp
Quality-trimmed:              46,901,874 bp (0.9%)
  Read 1:     7,544,853 bp
  Read 2:    39,357,021 bp
Total written (filtered):  4,691,644,413 bp (85.0%)
  Read 1: 2,329,311,300 bp
  Read 2: 2,362,333,113 bp

=== First read: Adapter 1 ===

Sequence: AGATCGGAAGAGCACACGTCTGAACTCCAGTCAC; Type: regular 3'; Length: 34; Trimmed: 11295311 times

No. of allowed errors:
0-9 bp: 0; 10-19 bp: 1; 20-29 bp: 2; 30-34 bp: 3

Bases preceding removed adapters:
  A: 19.1%
  C: 41.8%
  G: 17.1%
  T: 21.9%
  none/other: 0.0%

Overview of removed sequences
length	count	expect	max.err	error counts
3	255906	287313.3	0	255906
4	143816	71828.3	0	143816
5	348362	17957.1	0	348362
8	114146	280.6	0	114146
9	225090	70.1	0	225090
10	624	17.5	1	0 624
11	301376	4.4	1	225275 76101
12	571	1.1	1	0 571
13	159498	0.3	1	119206 40292
14	169486	0.1	1	125828 43658
15	168384	0.0	1	125848 42536
16	183709	0.0	1	136521 47188
17	346636	0.0	1	259128 87508
18	1281	0.0	1	0 1088 193
19	176752	0.0	1	130059 46067 626
20	173671	0.0	2	126133 44338 3200
21	349787	0.0	2	254025 89261 6501
22	2131	0.0	2	0 1411 720
23	181671	0.0	2	131660 46431 3580
24	188369	0.0	2	135382 48853 4134
25	195003	0.0	2	140554 50075 4374
26	199289	0.0	2	142804 51997 4488
27	199826	0.0	2	142861 51950 5015
28	204084	0.0	2	144353 54325 5275 131
29	384249	0.0	2	274776 101124 8008 341
30	3780	0.0	3	0 2000 1189 591
31	195766	0.0	3	136857 52099 4893 1917
32	189273	0.0	3	132279 50593 4623 1778
33	193621	0.0	3	135450 51634 4816 1721
34	201754	0.0	3	139887 53873 5951 2043
35	204729	0.0	3	142502 54623 5788 1816
36	223609	0.0	3	150979 61870 7921 2839
37	627670	0.0	3	441633 165462 15021 5554
38	4150	0.0	3	476 2075 1184 415
39	3559	0.0	3	154 2293 913 199
40	366737	0.0	3	261665 95934 6741 2397
41	3471	0.0	3	153 2014 1087 217
42	177197	0.0	3	124915 47216 3741 1325
43	187503	0.0	3	130817 50392 4635 1659
44	188639	0.0	3	131961 50386 4583 1709
45	207995	0.0	3	144374 56042 5596 1983
46	179906	0.0	3	125122 48631 4650 1503
47	399130	0.0	3	282954 104963 8142 3071
48	4502	0.0	3	672 2380 1094 356
49	164504	0.0	3	114763 44264 4125 1352
50	167384	0.0	3	115654 46210 4208 1312
51	320902	0.0	3	226178 86210 6227 2287
52	25489	0.0	3	15922 7617 1487 463
53	141412	0.0	3	97544 39086 3622 1160
54	323583	0.0	3	228102 86344 6695 2442
55	6607	0.0	3	2450 2795 1020 342
56	128956	0.0	3	90961 34564 2564 867
57	143594	0.0	3	101023 38586 3007 978
58	126051	0.0	3	88322 34384 2510 835
59	145353	0.0	3	102284 39315 2912 842
60	119278	0.0	3	82522 33247 2731 778
61	202302	0.0	3	142703 54871 3520 1208
62	4717	0.0	3	1928 1915 645 229
63	90129	0.0	3	62654 25065 1789 621
64	80524	0.0	3	55273 22774 1944 533
65	153692	0.0	3	108325 42052 2471 844
66	4923	0.0	3	2398 1851 523 151
67	70429	0.0	3	49123 19443 1369 494
68	70541	0.0	3	49221 19456 1410 454
69	65620	0.0	3	45338 18481 1388 413
70	99377	0.0	3	70021 27388 1563 405
71	89011	0.0	3	62636 24580 1391 404
72	62553	0.0	3	43726 17234 1233 360
73	33066	0.0	3	22524 9422 841 279
74	26775	0.0	3	18275 7670 624 206
75	24418	0.0	3	16854 6828 538 198
76	23593	0.0	3	16233 6690 511 159
77	21059	0.0	3	14507 5976 439 137
78	16372	0.0	3	11296 4642 329 105
79	13558	0.0	3	9542 3636 281 99
80	11059	0.0	3	7638 3090 251 80
81	9852	0.0	3	6642 2940 204 66
82	7575	0.0	3	5236 2147 141 51
83	6601	0.0	3	4462 1965 128 46
84	5904	0.0	3	4089 1664 114 37
85	5190	0.0	3	3526 1531 92 41
86	4554	0.0	3	3084 1342 100 28
87	3848	0.0	3	2649 1096 78 25
88	3607	0.0	3	2482 1032 74 19
89	2680	0.0	3	1856 769 43 12
90	2441	0.0	3	1665 706 56 14
91	2010	0.0	3	1400 556 40 14
92	1719	0.0	3	1146 526 35 12
93	1412	0.0	3	948 428 16 20
94	1220	0.0	3	850 346 19 5
95	1026	0.0	3	702 297 25 2
96	820	0.0	3	544 251 19 6
97	740	0.0	3	493 225 16 6
98	631	0.0	3	421 177 28 5
99	514	0.0	3	367 128 15 4
100	485	0.0	3	332 131 17 5
101	361	0.0	3	242 110 7 2
102	329	0.0	3	219 103 7
103	215	0.0	3	124 75 15 1
104	220	0.0	3	150 61 7 2
105	176	0.0	3	113 47 14 2
106	142	0.0	3	78 52 12
107	95	0.0	3	60 33 2
108	103	0.0	3	58 33 11 1
109	88	0.0	3	50 26 11 1
110	71	0.0	3	45 13 12 1
111	78	0.0	3	50 16 11 1
112	82	0.0	3	40 17 20 5
113	49	0.0	3	26 7 15 1
114	51	0.0	3	22 9 19 1
115	48	0.0	3	18 9 21
116	42	0.0	3	11 5 26
117	37	0.0	3	9 5 23
118	58	0.0	3	19 6 32 1
119	36	0.0	3	6 2 25 3
120	51	0.0	3	11 3 35 2
121	54	0.0	3	11 3 40
122	60	0.0	3	10 6 42 2
123	49	0.0	3	4 4 37 4
124	42	0.0	3	4 1 36 1
125	66	0.0	3	9 2 52 3
126	55	0.0	3	7 3 43 2
127	71	0.0	3	5 1 61 4
128	80	0.0	3	8 5 63 4
129	67	0.0	3	6 1 59 1
130	79	0.0	3	4 5 68 2
131	91	0.0	3	5 5 79 2
132	95	0.0	3	3 0 90 2
133	114	0.0	3	8 6 99 1
134	108	0.0	3	5 5 96 2
135	134	0.0	3	6 4 121 3
136	156	0.0	3	9 2 137 8
137	151	0.0	3	7 1 137 6
138	178	0.0	3	2 5 169 2
139	172	0.0	3	3 6 156 7
140	207	0.0	3	4 4 195 4
141	215	0.0	3	4 9 193 9
142	293	0.0	3	4 5 275 9
143	369	0.0	3	2 6 347 14
144	384	0.0	3	1 10 360 13
145	410	0.0	3	5 12 386 7
146	504	0.0	3	3 12 477 12
147	719	0.0	3	3 14 681 21
148	1246	0.0	3	0 24 1184 38
149	3180	0.0	3	0 55 3021 104
150	7262	0.0	3	1 143 6859 259


=== Second read: Adapter 2 ===

Sequence: AGATCGGAAGAGCGTCGTGTAGGGAAAGAGTGTA; Type: regular 3'; Length: 34; Trimmed: 10402311 times

No. of allowed errors:
0-9 bp: 0; 10-19 bp: 1; 20-29 bp: 2; 30-34 bp: 3

Bases preceding removed adapters:
  A: 17.8%
  C: 40.8%
  G: 25.8%
  T: 15.6%
  none/other: 0.0%

Overview of removed sequences
length	count	expect	max.err	error counts
3	386106	287313.3	0	386106
4	165412	71828.3	0	165412
5	335401	17957.1	0	335401
8	107407	280.6	0	107407
9	212362	70.1	0	212362
10	809	17.5	1	0 809
11	275791	4.4	1	211892 63899
12	747	1.1	1	0 747
13	313716	0.3	1	238912 74804
14	560	0.1	1	0 560
15	153302	0.0	1	118356 34946
16	335747	0.0	1	257195 78552
17	523	0.0	1	0 523
18	294730	0.0	1	228169 66101 460
19	1000	0.0	1	0 643 357
20	161707	0.0	2	118732 38574 4401
21	648290	0.0	2	478915 154521 14854
22	2440	0.0	2	0 1535 905
23	754	0.0	2	0 266 488
24	969	0.0	2	0 589 380
25	175694	0.0	2	128770 42321 4603
26	181812	0.0	2	130946 45165 5701
27	360529	0.0	2	261084 89161 10284
28	3054	0.0	2	0 1968 963 123
29	353523	0.0	2	252784 89528 11047 164
30	3294	0.0	3	0 2075 901 318
31	340486	0.0	3	242570 83360 9660 4896
32	2513	0.0	3	0 1542 656 315
33	174524	0.0	3	122225 43861 6076 2362
34	179482	0.0	3	83 127297 45803 6299
35	184953	0.0	3	111 130020 48190 6632
36	370719	0.0	3	73 263902 94607 12137
37	3373	0.0	3	49 467 1904 953
38	186722	0.0	3	100 132125 48028 6469
39	183233	0.0	3	82 129699 46968 6484
40	180461	0.0	3	127 126101 47611 6622
41	360595	0.0	3	100 255358 92688 12449
42	6907	0.0	3	344 1087 4116 1360
43	666160	0.0	3	95 523900 125755 16410
44	4892	0.0	3	49 742 2986 1115
45	191645	0.0	3	65 140078 45823 5679
46	312894	0.0	3	66 220585 82774 9469
47	7868	0.0	3	25 4312 2500 1031
48	153166	0.0	3	82 106710 41276 5098
49	195791	0.0	3	41 144814 45201 5735
50	126973	0.0	3	91 84785 37561 4536
51	198648	0.0	3	85 149692 42932 5939
52	368001	0.0	3	106 253925 101399 12571
53	3430	0.0	3	7 1210 1407 806
54	2644	0.0	3	18 575 1379 672
55	297899	0.0	3	59 202637 87252 7951
56	2148	0.0	3	4 685 970 489
57	1084	0.0	3	9 216 550 309
58	105810	0.0	3	42 72352 30184 3232
59	163223	0.0	3	40 109717 49238 4228
60	1488	0.0	3	11 276 782 419
61	77967	0.0	3	29 51697 23785 2456
62	136904	0.0	3	54 92056 40929 3865
63	990	0.0	3	5 142 534 309
64	57599	0.0	3	19 38734 17504 1342
65	57855	0.0	3	48 39307 17021 1479
66	59486	0.0	3	26 40837 16979 1644
67	54325	0.0	3	20 36677 16147 1481
68	53648	0.0	3	14 37095 15191 1348
69	47440	0.0	3	26 32467 13725 1222
70	45232	0.0	3	27 31495 12588 1122
71	39344	0.0	3	17 26940 11382 1005
72	35528	0.0	3	19 24464 10135 910
73	32155	0.0	3	16 22520 8863 756
74	29063	0.0	3	15 20125 8196 727
75	27625	0.0	3	11 19318 7613 683
76	29463	0.0	3	11 20816 7946 690
77	22083	0.0	3	11 15209 6318 545
78	18111	0.0	3	13 12381 5280 437
79	16008	0.0	3	2 10869 4735 402
80	14915	0.0	3	3 10029 4537 346
81	11730	0.0	3	2 7971 3469 288
82	9803	0.0	3	11 6518 3037 237
83	8387	0.0	3	4 5731 2450 202
84	7403	0.0	3	2 5113 2111 177
85	6699	0.0	3	0 4590 1967 142
86	5381	0.0	3	3 3623 1641 114
87	4609	0.0	3	0 3122 1367 120
88	3885	0.0	3	0 2550 1235 100
89	3410	0.0	3	0 2260 1072 78
90	2728	0.0	3	1 1723 933 71
91	2103	0.0	3	0 1342 702 59
92	1754	0.0	3	0 1115 589 50
93	1593	0.0	3	0 997 558 38
94	1230	0.0	3	0 796 407 27
95	1106	0.0	3	0 688 390 28
96	893	0.0	3	0 570 301 22
97	674	0.0	3	0 436 220 18
98	634	0.0	3	0 392 226 16
99	495	0.0	3	0 312 168 15
100	459	0.0	3	0 279 174 6
101	374	0.0	3	0 215 142 17
102	295	0.0	3	0 205 81 9
103	266	0.0	3	0 170 84 12
104	201	0.0	3	0 114 77 10
105	164	0.0	3	0 95 57 12
106	162	0.0	3	0 99 55 8
107	113	0.0	3	0 74 37 2
108	122	0.0	3	0 80 36 6
109	105	0.0	3	0 56 44 5
110	73	0.0	3	0 44 25 4
111	77	0.0	3	0 37 38 2
112	69	0.0	3	0 52 13 4
113	44	0.0	3	0 23 18 3
114	46	0.0	3	0 23 17 6
115	38	0.0	3	0 19 15 4
116	36	0.0	3	0 22 8 6
117	33	0.0	3	0 9 11 13
118	29	0.0	3	0 18 7 4
119	19	0.0	3	0 8 5 6
120	21	0.0	3	0 13 6 2
121	26	0.0	3	0 6 13 7
122	22	0.0	3	0 8 6 8
123	13	0.0	3	0 6 2 5
124	17	0.0	3	0 4 3 10
125	25	0.0	3	0 9 1 15
126	16	0.0	3	0 4 1 11
127	38	0.0	3	0 13 4 21
128	50	0.0	3	0 6 4 40
129	61	0.0	3	0 8 3 50
130	64	0.0	3	0 5 2 57
131	81	0.0	3	0 4 5 72
132	93	0.0	3	0 7 4 82
133	94	0.0	3	0 4 4 86
134	109	0.0	3	0 4 3 102
135	121	0.0	3	0 7 1 113
136	121	0.0	3	0 4 5 112
137	148	0.0	3	0 4 6 138
138	183	0.0	3	0 2 10 171
139	180	0.0	3	0 3 7 170
140	192	0.0	3	0 5 2 185
141	200	0.0	3	0 2 4 194
142	208	0.0	3	0 0 7 201
143	340	0.0	3	0 3 9 328
144	389	0.0	3	0 1 14 374
145	454	0.0	3	0 6 9 439
146	514	0.0	3	0 1 17 496
147	579	0.0	3	0 2 9 568
148	1017	0.0	3	0 0 28 989
149	2622	0.0	3	0 0 55 2567
150	7919	0.0	3	0 1 153 7765
