This is cutadapt 2.9 with Python 3.5.2
Command line parameters: --nextseq-trim 10 --minimum-length 25 --cores 4 -a AGATCGGAAGAGCACACGTCTGAACTCCAGTCAC -A AGATCGGAAGAGCGTCGTGTAGGGAAAGAGTGTA -o Pacuta_ATHC_TP8_2564_R1_TrimmingRound1.fastq.gz -p Pacuta_ATHC_TP8_2564_R2_TrimmingRound1.fastq.gz Pacuta_ATHC_TP8_2564_R1.fastq.gz Pacuta_ATHC_TP8_2564_R2.fastq.gz
Processing reads on 4 cores in paired-end mode ...
Finished in 861.99 s (38 us/read; 1.57 M reads/minute).

=== Summary ===

Total read pairs processed:         22,604,608
  Read 1 with adapter:               8,549,881 (37.8%)
  Read 2 with adapter:               8,733,609 (38.6%)
Pairs written (passing filters):    22,471,032 (99.4%)

Total basepairs processed: 6,781,382,400 bp
  Read 1: 3,390,691,200 bp
  Read 2: 3,390,691,200 bp
Quality-trimmed:              13,393,980 bp (0.2%)
  Read 1:     5,684,721 bp
  Read 2:     7,709,259 bp
Total written (filtered):  6,066,044,715 bp (89.5%)
  Read 1: 3,033,382,317 bp
  Read 2: 3,032,662,398 bp

=== First read: Adapter 1 ===

Sequence: AGATCGGAAGAGCACACGTCTGAACTCCAGTCAC; Type: regular 3'; Length: 34; Trimmed: 8549881 times

No. of allowed errors:
0-9 bp: 0; 10-19 bp: 1; 20-29 bp: 2; 30-34 bp: 3

Bases preceding removed adapters:
  A: 19.0%
  C: 28.3%
  G: 34.5%
  T: 18.0%
  none/other: 0.2%

Overview of removed sequences
length	count	expect	max.err	error counts
3	413059	353197.0	0	413059
4	172706	88299.2	0	172706
5	314751	22074.8	0	314751
8	98808	344.9	0	98808
9	199683	86.2	0	199683
10	563	21.6	1	0 563
11	205489	5.4	1	201808 3681
12	510	1.3	1	0 510
13	104236	0.3	1	101887 2349
14	104237	0.1	1	101602 2635
15	103974	0.0	1	101235 2739
16	104382	0.0	1	101358 3024
17	208222	0.0	1	202859 5363
18	710	0.0	1	0 620 90
19	105176	0.0	1	101867 3146 163
20	105891	0.0	2	101717 3873 301
21	210659	0.0	2	203792 6220 647
22	850	0.0	2	0 763 87
23	107882	0.0	2	103597 3802 483
24	108088	0.0	2	103499 4155 434
25	107538	0.0	2	103043 4079 416
26	107482	0.0	2	102773 4286 423
27	106381	0.0	2	101515 4322 544
28	108141	0.0	2	102272 5372 426 71
29	214415	0.0	2	205620 7800 842 153
30	1420	0.0	3	0 979 175 266
31	109869	0.0	3	104201 5011 519 138
32	109032	0.0	3	103027 5273 593 139
33	109078	0.0	3	102964 5485 480 149
34	108851	0.0	3	102513 5627 557 154
35	109940	0.0	3	103541 5706 553 140
36	109637	0.0	3	103343 5640 513 141
37	108055	0.0	3	101868 5524 545 118
38	108856	0.0	3	102684 5505 519 148
39	109169	0.0	3	102810 5696 544 119
40	110333	0.0	3	103359 6377 461 136
41	215975	0.0	3	205548 9368 846 213
42	1417	0.0	3	102 1143 132 40
43	109549	0.0	3	103484 5475 454 136
44	109940	0.0	3	103733 5615 442 150
45	110796	0.0	3	104449 5723 511 113
46	108492	0.0	3	101772 6207 415 98
47	212681	0.0	3	202719 9040 734 188
48	1555	0.0	3	164 1190 131 70
49	106989	0.0	3	101200 5230 471 88
50	106742	0.0	3	100311 5976 361 94
51	209631	0.0	3	200230 8588 617 196
52	1652	0.0	3	225 1213 200 14
53	106570	0.0	3	100254 5849 353 114
54	208372	0.0	3	198872 8729 602 169
55	1429	0.0	3	202 1085 111 31
56	104002	0.0	3	98383 5164 357 98
57	103688	0.0	3	97869 5364 362 93
58	100620	0.0	3	94970 5200 347 103
59	98853	0.0	3	93312 5075 394 72
60	98505	0.0	3	92308 5822 300 75
61	191343	0.0	3	182551 8171 516 105
62	1419	0.0	3	188 1055 125 51
63	95274	0.0	3	90164 4650 394 66
64	94837	0.0	3	88850 5577 323 87
65	181862	0.0	3	173305 7922 526 109
66	1282	0.0	3	174 981 101 26
67	87915	0.0	3	83203 4247 379 86
68	84929	0.0	3	80251 4309 308 61
69	81352	0.0	3	76991 3971 310 80
70	78158	0.0	3	73881 3942 277 58
71	75228	0.0	3	71073 3834 256 65
72	90493	0.0	3	85878 4232 322 61
73	70094	0.0	3	66325 3474 241 54
74	69416	0.0	3	65662 3425 269 60
75	65251	0.0	3	61832 3122 263 34
76	61975	0.0	3	58720 3029 181 45
77	58061	0.0	3	55035 2786 199 41
78	51348	0.0	3	48582 2582 142 42
79	48522	0.0	3	46004 2340 136 42
80	44076	0.0	3	41761 2169 120 26
81	40588	0.0	3	38457 1979 106 46
82	37734	0.0	3	35789 1829 86 30
83	32313	0.0	3	30556 1637 92 28
84	29896	0.0	3	28336 1458 92 10
85	27016	0.0	3	25660 1258 78 20
86	24706	0.0	3	23505 1118 63 20
87	22436	0.0	3	21283 1076 61 16
88	20668	0.0	3	19560 1035 59 14
89	17764	0.0	3	16903 793 53 15
90	15422	0.0	3	14609 755 51 7
91	13608	0.0	3	12982 581 38 7
92	11748	0.0	3	11139 556 42 11
93	9246	0.0	3	8820 401 22 3
94	7975	0.0	3	7576 372 19 8
95	7109	0.0	3	6732 347 23 7
96	5583	0.0	3	5281 278 20 4
97	5060	0.0	3	4798 242 16 4
98	4639	0.0	3	4387 233 14 5
99	3980	0.0	3	3755 205 16 4
100	3364	0.0	3	3182 163 11 8
101	2729	0.0	3	2606 109 13 1
102	2343	0.0	3	2237 101 4 1
103	1730	0.0	3	1641 84 3 2
104	1471	0.0	3	1382 79 6 4
105	1198	0.0	3	1136 56 3 3
106	1133	0.0	3	1061 66 2 4
107	917	0.0	3	860 48 8 1
108	788	0.0	3	737 42 4 5
109	747	0.0	3	693 47 6 1
110	717	0.0	3	663 45 8 1
111	543	0.0	3	500 39 3 1
112	455	0.0	3	411 40 3 1
113	460	0.0	3	426 29 2 3
114	416	0.0	3	383 28 4 1
115	420	0.0	3	392 22 6
116	377	0.0	3	341 32 3 1
117	363	0.0	3	331 29 3
118	340	0.0	3	297 40 2 1
119	334	0.0	3	295 34 3 2
120	392	0.0	3	350 40 1 1
121	369	0.0	3	331 34 3 1
122	355	0.0	3	310 44 1
123	355	0.0	3	300 48 5 2
124	367	0.0	3	324 40 3
125	402	0.0	3	342 52 5 3
126	441	0.0	3	375 53 10 3
127	455	0.0	3	393 59 2 1
128	548	0.0	3	473 66 8 1
129	591	0.0	3	504 85 2
130	603	0.0	3	531 65 6 1
131	703	0.0	3	609 87 5 2
132	760	0.0	3	653 101 6
133	886	0.0	3	766 111 8 1
134	952	0.0	3	821 121 9 1
135	1126	0.0	3	968 148 10
136	1106	0.0	3	940 153 12 1
137	1159	0.0	3	992 157 9 1
138	1173	0.0	3	986 181 6
139	1246	0.0	3	990 241 15
140	1419	0.0	3	1114 289 14 2
141	1495	0.0	3	1160 320 15
142	1122	0.0	3	730 366 23 3
143	1371	0.0	3	783 550 35 3
144	1608	0.0	3	808 736 62 2
145	1692	0.0	3	887 742 60 3
146	2553	0.0	3	1112 1349 85 7
147	4347	0.0	3	1047 3059 234 7
148	9060	0.0	3	439 7969 614 38
149	26889	0.0	3	510 24560 1738 81
150	67634	0.0	3	1330 61613 4447 244


=== Second read: Adapter 2 ===

Sequence: AGATCGGAAGAGCGTCGTGTAGGGAAAGAGTGTA; Type: regular 3'; Length: 34; Trimmed: 8733609 times

No. of allowed errors:
0-9 bp: 0; 10-19 bp: 1; 20-29 bp: 2; 30-34 bp: 3

Bases preceding removed adapters:
  A: 18.5%
  C: 26.0%
  G: 43.7%
  T: 11.1%
  none/other: 0.7%

Overview of removed sequences
length	count	expect	max.err	error counts
3	576727	353197.0	0	576727
4	208165	88299.2	0	208165
5	318039	22074.8	0	318039
8	98797	344.9	0	98797
9	199592	86.2	0	199592
10	820	21.6	1	0 820
11	205391	5.4	1	201826 3565
12	807	1.3	1	0 807
13	208041	0.3	1	203782 4259
14	608	0.1	1	0 608
15	103487	0.0	1	100731 2756
16	208105	0.0	1	202558 5547
17	1074	0.0	1	0 1074
18	207144	0.0	1	201606 5326 212
19	1009	0.0	1	0 706 303
20	106405	0.0	2	101046 4852 507
21	423066	0.0	2	407805 13598 1663
22	1246	0.0	2	0 1131 115
23	494	0.0	2	0 136 358
24	797	0.0	2	0 642 155
25	107146	0.0	2	102241 4250 655
26	107831	0.0	2	102099 5165 567
27	211587	0.0	2	202283 7928 1376
28	1940	0.0	2	0 1750 124 66
29	214736	0.0	2	204931 8496 1272 37
30	2019	0.0	3	0 1800 132 87
31	215969	0.0	3	205245 8816 1290 618
32	1975	0.0	3	0 1690 207 78
33	215416	0.0	3	204036 9718 1229 433
34	1374	0.0	3	31 538 681 124
35	109266	0.0	3	33 102754 5724 755
36	109652	0.0	3	18 102905 5961 768
37	107224	0.0	3	9 100645 5864 706
38	108735	0.0	3	36 102098 5817 784
39	108394	0.0	3	45 101910 5680 759
40	109713	0.0	3	22 102756 6278 657
41	215517	0.0	3	35 204120 10026 1336
42	2033	0.0	3	0 154 1745 134
43	216792	0.0	3	73 205739 9728 1252
44	1644	0.0	3	0 253 1195 196
45	109177	0.0	3	37 102323 6131 686
46	214922	0.0	3	100 203928 9609 1285
47	1520	0.0	3	1 244 1114 161
48	105894	0.0	3	21 100023 5210 640
49	106875	0.0	3	21 100719 5456 679
50	105721	0.0	3	28 99625 5301 767
51	106764	0.0	3	20 99762 6351 631
52	314083	0.0	3	134 298828 13492 1629
53	1455	0.0	3	0 418 779 258
54	2015	0.0	3	2 111 1792 110
55	308100	0.0	3	179 294040 12334 1547
56	1345	0.0	3	1 407 817 120
57	885	0.0	3	1 81 649 154
58	100723	0.0	3	12 95206 4950 555
59	194079	0.0	3	72 185700 7469 838
60	1510	0.0	3	1 262 1041 206
61	96895	0.0	3	26 91597 4790 482
62	190260	0.0	3	123 182381 6951 805
63	1323	0.0	3	5 217 980 121
64	93085	0.0	3	44 88945 3670 426
65	93611	0.0	3	4 89116 4043 448
66	89833	0.0	3	33 85397 3958 445
67	88006	0.0	3	6 83715 3877 408
68	84805	0.0	3	48 80716 3636 405
69	81183	0.0	3	26 77396 3406 355
70	78000	0.0	3	17 74325 3297 361
71	74853	0.0	3	17 71362 3144 330
72	71957	0.0	3	7 68663 2988 299
73	69964	0.0	3	16 66963 2739 246
74	68141	0.0	3	38 65033 2811 259
75	64449	0.0	3	28 61442 2710 269
76	71810	0.0	3	7 68532 2976 295
77	58767	0.0	3	13 56152 2386 216
78	53088	0.0	3	6 50821 2084 177
79	50135	0.0	3	11 47939 1999 186
80	47328	0.0	3	8 45386 1788 146
81	40271	0.0	3	5 38552 1556 158
82	37614	0.0	3	8 36068 1416 122
83	33186	0.0	3	17 31807 1247 115
84	29996	0.0	3	3 28782 1117 94
85	27892	0.0	3	8 26793 1000 91
86	25369	0.0	3	7 24335 923 104
87	22484	0.0	3	3 21549 842 90
88	20111	0.0	3	4 19287 745 75
89	18292	0.0	3	3 17512 702 75
90	15924	0.0	3	1 15226 621 76
91	13727	0.0	3	0 13116 559 52
92	11635	0.0	3	1 11143 447 44
93	9642	0.0	3	0 9214 392 36
94	8039	0.0	3	4 7668 316 51
95	6757	0.0	3	3 6428 289 37
96	5915	0.0	3	1 5662 232 20
97	5034	0.0	3	1 4816 184 33
98	4721	0.0	3	3 4513 179 26
99	3870	0.0	3	1 3664 175 30
100	3311	0.0	3	1 3138 149 23
101	2746	0.0	3	3 2619 110 14
102	2291	0.0	3	0 2185 95 11
103	1856	0.0	3	0 1754 90 12
104	1520	0.0	3	1 1446 61 12
105	1332	0.0	3	0 1244 65 23
106	1115	0.0	3	2 1040 56 17
107	998	0.0	3	0 938 48 12
108	878	0.0	3	0 829 39 10
109	803	0.0	3	0 746 51 6
110	729	0.0	3	2 670 49 8
111	600	0.0	3	0 550 39 11
112	515	0.0	3	0 472 30 13
113	471	0.0	3	0 432 29 10
114	434	0.0	3	2 402 22 8
115	402	0.0	3	1 360 32 9
116	433	0.0	3	0 389 34 10
117	408	0.0	3	0 370 27 11
118	387	0.0	3	0 347 30 10
119	352	0.0	3	0 318 27 7
120	372	0.0	3	1 319 41 11
121	406	0.0	3	0 360 36 10
122	371	0.0	3	0 318 39 14
123	359	0.0	3	0 316 37 6
124	385	0.0	3	0 348 30 7
125	380	0.0	3	0 338 33 9
126	412	0.0	3	0 358 47 7
127	470	0.0	3	0 409 54 7
128	522	0.0	3	0 461 56 5
129	586	0.0	3	0 535 47 4
130	611	0.0	3	0 559 48 4
131	660	0.0	3	0 572 79 9
132	741	0.0	3	0 655 79 7
133	858	0.0	3	0 768 86 4
134	887	0.0	3	0 792 90 5
135	1076	0.0	3	0 946 125 5
136	1069	0.0	3	0 965 97 7
137	1100	0.0	3	0 959 133 8
138	1134	0.0	3	1 993 127 13
139	1126	0.0	3	1 952 166 7
140	1298	0.0	3	0 1104 183 11
141	1543	0.0	3	0 1308 223 12
142	1017	0.0	3	0 747 252 18
143	1200	0.0	3	0 791 389 20
144	1309	0.0	3	0 788 504 17
145	1456	0.0	3	0 916 518 22
146	2105	0.0	3	0 1126 945 34
147	3058	0.0	3	0 1080 1904 74
148	6031	0.0	3	0 415 5415 201
149	22818	0.0	3	1 499 21517 801
150	74851	0.0	3	0 1503 70780 2568
