This is cutadapt 2.9 with Python 3.5.2
Command line parameters: --nextseq-trim 10 --minimum-length 25 --cores 4 -a AGATCGGAAGAGCACACGTCTGAACTCCAGTCAC -A AGATCGGAAGAGCGTCGTGTAGGGAAAGAGTGTA -o Pacuta_ATHC_TP7_2409_R1_TrimmingRound1.fastq.gz -p Pacuta_ATHC_TP7_2409_R2_TrimmingRound1.fastq.gz Pacuta_ATHC_TP7_2409_R1.fastq.gz Pacuta_ATHC_TP7_2409_R2.fastq.gz
Processing reads on 4 cores in paired-end mode ...
Finished in 816.26 s (39 us/read; 1.54 M reads/minute).

=== Summary ===

Total read pairs processed:         21,015,472
  Read 1 with adapter:               6,771,584 (32.2%)
  Read 2 with adapter:               6,627,213 (31.5%)
Pairs written (passing filters):    20,947,353 (99.7%)

Total basepairs processed: 6,304,641,600 bp
  Read 1: 3,152,320,800 bp
  Read 2: 3,152,320,800 bp
Quality-trimmed:              13,203,261 bp (0.2%)
  Read 1:     5,382,372 bp
  Read 2:     7,820,889 bp
Total written (filtered):  5,914,619,876 bp (93.8%)
  Read 1: 2,953,340,029 bp
  Read 2: 2,961,279,847 bp

=== First read: Adapter 1 ===

Sequence: AGATCGGAAGAGCACACGTCTGAACTCCAGTCAC; Type: regular 3'; Length: 34; Trimmed: 6771584 times

No. of allowed errors:
0-9 bp: 0; 10-19 bp: 1; 20-29 bp: 2; 30-34 bp: 3

Bases preceding removed adapters:
  A: 16.7%
  C: 32.4%
  G: 28.4%
  T: 22.5%
  none/other: 0.0%

Overview of removed sequences
length	count	expect	max.err	error counts
3	449794	328366.8	0	449794
4	202271	82091.7	0	202271
5	384199	20522.9	0	384199
8	121380	320.7	0	121380
9	240829	80.2	0	240829
10	547	20.0	1	0 547
11	286308	5.0	1	239043 47265
12	502	1.3	1	0 502
13	141820	0.3	1	118017 23803
14	141206	0.1	1	116888 24318
15	139903	0.0	1	115886 24017
16	138932	0.0	1	115112 23820
17	267443	0.0	1	221156 46287
18	950	0.0	1	0 853 97
19	132094	0.0	1	108919 22822 353
20	134907	0.0	2	108523 24524 1860
21	260798	0.0	2	212574 45107 3117
22	1477	0.0	2	0 1096 381
23	132592	0.0	2	107047 23508 2037
24	130467	0.0	2	104881 23613 1973
25	126901	0.0	2	101662 23134 2105
26	125169	0.0	2	99761 23444 1964
27	121247	0.0	2	96770 22259 2218
28	119896	0.0	2	95627 22151 2032 86
29	229395	0.0	2	185533 40088 3431 343
30	2064	0.0	3	0 1304 487 273
31	113574	0.0	3	90900 20251 1916 507
32	113791	0.0	3	90341 20666 2122 662
33	111298	0.0	3	88211 20429 2119 539
34	110190	0.0	3	86490 21054 2117 529
35	209287	0.0	3	168072 37132 3208 875
36	2141	0.0	3	182 1398 440 121
37	100810	0.0	3	79718 18819 1786 487
38	96887	0.0	3	76805 17868 1757 457
39	95132	0.0	3	75311 17703 1678 440
40	91866	0.0	3	72767 17174 1508 417
41	90346	0.0	3	72105 16371 1458 412
42	86830	0.0	3	68781 16164 1482 403
43	85214	0.0	3	67997 15376 1436 405
44	83693	0.0	3	66950 15048 1303 392
45	82173	0.0	3	65413 14936 1452 372
46	75715	0.0	3	60354 13951 1132 278
47	142425	0.0	3	115396 24712 1824 493
48	1658	0.0	3	213 1017 337 91
49	65963	0.0	3	52936 11716 1034 277
50	64446	0.0	3	51425 11715 1049 257
51	114875	0.0	3	93298 19849 1365 363
52	1477	0.0	3	198 890 332 57
53	55699	0.0	3	44326 10366 794 213
54	102489	0.0	3	83100 17816 1243 330
55	1164	0.0	3	164 752 210 38
56	47426	0.0	3	38109 8467 687 163
57	45229	0.0	3	36279 8157 638 155
58	41191	0.0	3	32966 7479 594 152
59	37982	0.0	3	30365 6929 543 145
60	35375	0.0	3	27990 6747 524 114
61	62091	0.0	3	50255 10939 711 186
62	717	0.0	3	134 454 100 29
63	28308	0.0	3	22592 5214 414 88
64	26351	0.0	3	20895 4961 408 87
65	46863	0.0	3	37712 8441 603 107
66	507	0.0	3	78 323 91 15
67	20460	0.0	3	16324 3778 288 70
68	18466	0.0	3	14773 3362 271 60
69	16535	0.0	3	13192 3050 242 51
70	14931	0.0	3	11854 2803 217 57
71	13477	0.0	3	10718 2513 194 52
72	14865	0.0	3	11871 2732 212 50
73	10478	0.0	3	8293 2003 154 28
74	10071	0.0	3	8071 1842 133 25
75	9215	0.0	3	7406 1652 129 28
76	8686	0.0	3	6943 1598 115 30
77	7488	0.0	3	6039 1331 92 26
78	6432	0.0	3	5041 1294 72 25
79	5566	0.0	3	4425 1059 65 17
80	4878	0.0	3	3871 933 51 23
81	4404	0.0	3	3523 799 64 18
82	3859	0.0	3	3073 735 39 12
83	3548	0.0	3	2809 675 54 10
84	2933	0.0	3	2332 545 36 20
85	2721	0.0	3	2184 503 29 5
86	2560	0.0	3	2027 485 39 9
87	2154	0.0	3	1733 388 27 6
88	2254	0.0	3	1805 411 27 11
89	1786	0.0	3	1430 329 24 3
90	1635	0.0	3	1339 267 26 3
91	1362	0.0	3	1099 237 22 4
92	1304	0.0	3	1048 237 17 2
93	958	0.0	3	767 164 25 2
94	848	0.0	3	692 144 10 2
95	775	0.0	3	613 150 11 1
96	574	0.0	3	467 91 15 1
97	601	0.0	3	501 86 11 3
98	534	0.0	3	433 89 8 4
99	496	0.0	3	402 83 8 3
100	438	0.0	3	348 83 5 2
101	359	0.0	3	291 60 8
102	326	0.0	3	258 61 6 1
103	220	0.0	3	178 36 5 1
104	212	0.0	3	162 46 2 2
105	176	0.0	3	135 35 5 1
106	140	0.0	3	113 24 3
107	124	0.0	3	93 28 3
108	101	0.0	3	82 18 1
109	90	0.0	3	70 19 1
110	100	0.0	3	83 12 3 2
111	83	0.0	3	63 15 4 1
112	72	0.0	3	55 11 5 1
113	51	0.0	3	40 8 3
114	41	0.0	3	32 4 4 1
115	34	0.0	3	20 10 3 1
116	22	0.0	3	14 4 3 1
117	26	0.0	3	18 6 2
118	18	0.0	3	11 6 1
119	11	0.0	3	3 5 2 1
120	13	0.0	3	11 1 1
121	25	0.0	3	13 3 7 2
122	15	0.0	3	7 2 5 1
123	10	0.0	3	2 2 6
124	6	0.0	3	4 0 2
125	13	0.0	3	3 0 10
126	25	0.0	3	10 3 12
127	11	0.0	3	6 1 4
128	14	0.0	3	4 1 8 1
129	27	0.0	3	10 3 13 1
130	18	0.0	3	5 1 11 1
131	19	0.0	3	1 4 14
132	24	0.0	3	4 0 20
133	22	0.0	3	5 0 16 1
134	28	0.0	3	3 0 24 1
135	46	0.0	3	9 0 37
136	40	0.0	3	6 1 30 3
137	49	0.0	3	9 1 37 2
138	53	0.0	3	7 1 43 2
139	79	0.0	3	3 1 71 4
140	102	0.0	3	2 2 92 6
141	141	0.0	3	3 6 124 8
142	156	0.0	3	5 1 144 6
143	240	0.0	3	2 4 226 8
144	341	0.0	3	4 4 313 20
145	298	0.0	3	6 4 269 19
146	737	0.0	3	3 6 706 22
147	2010	0.0	3	5 8 1911 86
148	5640	0.0	3	4 32 5384 220
149	16777	0.0	3	2 109 16036 630
150	40833	0.0	3	2 215 39043 1573


=== Second read: Adapter 2 ===

Sequence: AGATCGGAAGAGCGTCGTGTAGGGAAAGAGTGTA; Type: regular 3'; Length: 34; Trimmed: 6627213 times

No. of allowed errors:
0-9 bp: 0; 10-19 bp: 1; 20-29 bp: 2; 30-34 bp: 3

Bases preceding removed adapters:
  A: 16.2%
  C: 29.5%
  G: 42.2%
  T: 11.9%
  none/other: 0.2%

Overview of removed sequences
length	count	expect	max.err	error counts
3	632702	328366.8	0	632702
4	226102	82091.7	0	226102
5	349723	20522.9	0	349723
8	107787	320.7	0	107787
9	211241	80.2	0	211241
10	1508	20.0	1	0 1508
11	273798	5.0	1	209308 64490
12	1042	1.3	1	0 1042
13	273026	0.3	1	208063 64963
14	718	0.1	1	0 718
15	131079	0.0	1	99745 31334
16	262810	0.0	1	198460 64350
17	930	0.0	1	0 930
18	243006	0.0	1	183702 58684 620
19	1249	0.0	1	0 747 502
20	129433	0.0	2	92420 31877 5136
21	495256	0.0	2	361055 117586 16615
22	2605	0.0	2	0 1541 1064
23	1292	0.0	2	0 441 851
24	1052	0.0	2	0 612 440
25	120620	0.0	2	86366 29405 4849
26	120302	0.0	2	85301 29906 5095
27	226563	0.0	2	162539 54651 9373
28	2207	0.0	2	0 1385 704 118
29	221095	0.0	2	157968 53796 9255 76
30	2466	0.0	3	0 1476 674 316
31	213391	0.0	3	151699 49241 8044 4407
32	2437	0.0	3	0 1387 691 359
33	207415	0.0	3	145645 49595 8296 3879
34	1622	0.0	3	51 566 661 344
35	101290	0.0	3	104 71910 24885 4391
36	99067	0.0	3	68 69779 24723 4497
37	93738	0.0	3	101 66385 23138 4114
38	92261	0.0	3	74 64850 22910 4427
39	88591	0.0	3	54 62922 21753 3862
40	87151	0.0	3	74 60957 21963 4157
41	165356	0.0	3	80 117751 40342 7183
42	1847	0.0	3	3 219 1153 472
43	156971	0.0	3	111 112357 38088 6415
44	1458	0.0	3	1 234 813 410
45	76042	0.0	3	57 53694 18823 3468
46	140740	0.0	3	84 100380 34548 5728
47	1297	0.0	3	3 230 702 362
48	66274	0.0	3	36 47067 16436 2735
49	62532	0.0	3	24 44315 15577 2616
50	60376	0.0	3	107 42770 14815 2684
51	57655	0.0	3	31 40600 14470 2554
52	155909	0.0	3	115 111460 38097 6237
53	1223	0.0	3	2 308 578 335
54	1239	0.0	3	2 213 698 326
55	132976	0.0	3	109 96235 31777 4855
56	941	0.0	3	3 251 454 233
57	554	0.0	3	0 135 280 139
58	38874	0.0	3	30 27574 9713 1557
59	68099	0.0	3	37 48986 16595 2481
60	631	0.0	3	1 117 350 163
61	30941	0.0	3	20 22041 7565 1315
62	56039	0.0	3	36 40349 13549 2105
63	468	0.0	3	1 76 275 116
64	24098	0.0	3	20 17470 5807 801
65	23689	0.0	3	10 16940 5842 897
66	21612	0.0	3	30 15661 5187 734
67	19634	0.0	3	13 14088 4764 769
68	17643	0.0	3	23 12513 4451 656
69	15872	0.0	3	8 11303 3978 583
70	14095	0.0	3	9 10054 3529 503
71	12799	0.0	3	11 9223 3062 503
72	11415	0.0	3	7 8221 2803 384
73	10294	0.0	3	5 7376 2548 365
74	9537	0.0	3	2 6813 2355 367
75	8791	0.0	3	4 6309 2157 321
76	9799	0.0	3	7 7071 2327 394
77	7730	0.0	3	4 5538 1902 286
78	6223	0.0	3	2 4553 1444 224
79	5538	0.0	3	3 4006 1337 192
80	5334	0.0	3	4 3826 1332 172
81	4003	0.0	3	0 2926 953 124
82	3664	0.0	3	3 2635 887 139
83	3259	0.0	3	5 2344 793 117
84	2901	0.0	3	1 2103 695 102
85	2745	0.0	3	1 1999 655 90
86	2539	0.0	3	1 1859 614 65
87	2161	0.0	3	0 1558 519 84
88	2044	0.0	3	1 1472 510 61
89	1847	0.0	3	4 1382 404 57
90	1610	0.0	3	0 1126 431 53
91	1224	0.0	3	0 893 290 41
92	1207	0.0	3	0 898 273 36
93	994	0.0	3	0 719 233 42
94	756	0.0	3	0 536 189 31
95	700	0.0	3	0 506 174 20
96	643	0.0	3	0 457 163 23
97	506	0.0	3	1 350 133 22
98	524	0.0	3	0 392 117 15
99	471	0.0	3	0 350 102 19
100	422	0.0	3	1 303 102 16
101	347	0.0	3	0 223 105 19
102	326	0.0	3	0 222 89 15
103	221	0.0	3	0 155 54 12
104	210	0.0	3	0 132 63 15
105	180	0.0	3	0 121 49 10
106	141	0.0	3	0 95 35 11
107	139	0.0	3	0 106 26 7
108	125	0.0	3	0 87 28 10
109	99	0.0	3	0 62 31 6
110	96	0.0	3	0 66 26 4
111	96	0.0	3	0 61 21 14
112	76	0.0	3	0 51 20 5
113	61	0.0	3	0 41 10 10
114	48	0.0	3	0 28 13 7
115	49	0.0	3	0 29 11 9
116	36	0.0	3	0 16 7 13
117	35	0.0	3	0 21 4 10
118	34	0.0	3	0 17 10 7
119	21	0.0	3	0 10 4 7
120	27	0.0	3	0 10 9 8
121	25	0.0	3	0 10 8 7
122	24	0.0	3	0 10 4 10
123	18	0.0	3	0 6 3 9
124	20	0.0	3	0 7 4 9
125	18	0.0	3	0 4 2 12
126	25	0.0	3	0 10 3 12
127	24	0.0	3	0 5 4 15
128	9	0.0	3	0 4 1 4
129	22	0.0	3	0 8 3 11
130	27	0.0	3	0 3 3 21
131	26	0.0	3	0 7 3 16
132	26	0.0	3	0 3 4 19
133	25	0.0	3	0 1 1 23
134	27	0.0	3	0 4 1 22
135	43	0.0	3	0 5 2 36
136	38	0.0	3	0 7 3 28
137	55	0.0	3	0 11 1 43
138	65	0.0	3	0 5 3 57
139	65	0.0	3	0 2 1 62
140	93	0.0	3	0 1 3 89
141	117	0.0	3	0 2 3 112
142	168	0.0	3	0 1 3 164
143	297	0.0	3	0 4 3 290
144	395	0.0	3	0 3 6 386
145	405	0.0	3	0 3 4 398
146	655	0.0	3	0 1 5 649
147	1464	0.0	3	0 5 16 1443
148	4004	0.0	3	0 0 22 3982
149	13836	0.0	3	0 1 82 13753
150	39490	0.0	3	0 2 253 39235
