This is cutadapt 2.9 with Python 3.5.2
Command line parameters: --nextseq-trim 10 --minimum-length 25 --cores 4 -a AGATCGGAAGAGCACACGTCTGAACTCCAGTCAC -A AGATCGGAAGAGCGTCGTGTAGGGAAAGAGTGTA -o Pacuta_ATHC_TP1_1207_R1_TrimmingRound1.fastq.gz -p Pacuta_ATHC_TP1_1207_R2_TrimmingRound1.fastq.gz Pacuta_ATHC_TP1_1207_R1.fastq.gz Pacuta_ATHC_TP1_1207_R2.fastq.gz
Processing reads on 4 cores in paired-end mode ...
Finished in 758.23 s (36 us/read; 1.67 M reads/minute).

=== Summary ===

Total read pairs processed:         21,137,159
  Read 1 with adapter:               7,622,504 (36.1%)
  Read 2 with adapter:               7,798,771 (36.9%)
Pairs written (passing filters):    21,047,015 (99.6%)

Total basepairs processed: 6,341,147,700 bp
  Read 1: 3,170,573,850 bp
  Read 2: 3,170,573,850 bp
Quality-trimmed:              13,130,471 bp (0.2%)
  Read 1:     5,735,112 bp
  Read 2:     7,395,359 bp
Total written (filtered):  5,717,008,094 bp (90.2%)
  Read 1: 2,858,864,321 bp
  Read 2: 2,858,143,773 bp

=== First read: Adapter 1 ===

Sequence: AGATCGGAAGAGCACACGTCTGAACTCCAGTCAC; Type: regular 3'; Length: 34; Trimmed: 7622504 times

No. of allowed errors:
0-9 bp: 0; 10-19 bp: 1; 20-29 bp: 2; 30-34 bp: 3

Bases preceding removed adapters:
  A: 18.4%
  C: 28.4%
  G: 35.4%
  T: 17.6%
  none/other: 0.1%

Overview of removed sequences
length	count	expect	max.err	error counts
3	388739	330268.1	0	388739
4	159411	82567.0	0	159411
5	283302	20641.8	0	283302
8	89178	322.5	0	89178
9	179725	80.6	0	179725
10	556	20.2	1	0 556
11	184837	5.0	1	181754 3083
12	448	1.3	1	0 448
13	93877	0.3	1	91861 2016
14	93912	0.1	1	91827 2085
15	94527	0.0	1	92258 2269
16	94831	0.0	1	92245 2586
17	187541	0.0	1	183242 4299
18	560	0.0	1	0 490 70
19	94847	0.0	1	92179 2567 101
20	95872	0.0	2	92563 3074 235
21	191614	0.0	2	186162 4938 514
22	750	0.0	2	0 682 68
23	98072	0.0	2	94735 3006 331
24	97594	0.0	2	94047 3201 346
25	97555	0.0	2	93884 3301 370
26	97376	0.0	2	93533 3504 339
27	97123	0.0	2	93253 3429 441
28	98376	0.0	2	93642 4323 355 56
29	194720	0.0	2	187615 6249 695 161
30	1260	0.0	3	0 892 147 221
31	98459	0.0	3	93770 4142 457 90
32	98083	0.0	3	93256 4241 457 129
33	98574	0.0	3	93426 4676 367 105
34	99247	0.0	3	93806 4814 489 138
35	99955	0.0	3	94682 4656 525 92
36	100498	0.0	3	93700 6079 610 109
37	292645	0.0	3	280023 10992 1341 289
38	866	0.0	3	155 557 133 21
39	1727	0.0	3	114 1503 81 29
40	194703	0.0	3	186567 7162 790 184
41	1309	0.0	3	80 1088 106 35
42	97810	0.0	3	92780 4459 476 95
43	98932	0.0	3	93701 4603 510 118
44	98620	0.0	3	93434 4516 490 180
45	101134	0.0	3	95908 4651 485 90
46	97475	0.0	3	91832 5070 451 122
47	192030	0.0	3	183818 7232 783 197
48	1377	0.0	3	135 1090 101 51
49	96239	0.0	3	91509 4090 547 93
50	96987	0.0	3	91434 5100 364 89
51	187951	0.0	3	180350 6841 595 165
52	1372	0.0	3	180 1009 164 19
53	94910	0.0	3	89635 4794 383 98
54	187695	0.0	3	179844 7053 636 162
55	1304	0.0	3	150 1025 103 26
56	93705	0.0	3	89043 4210 360 92
57	91656	0.0	3	86867 4301 416 72
58	90524	0.0	3	85905 4194 332 93
59	88870	0.0	3	84321 4094 376 79
60	87622	0.0	3	82365 4825 350 82
61	169072	0.0	3	161898 6500 562 112
62	1231	0.0	3	197 905 86 43
63	83244	0.0	3	79071 3743 376 54
64	83852	0.0	3	79072 4398 311 71
65	158220	0.0	3	151352 6160 594 114
66	1040	0.0	3	119 826 79 16
67	76840	0.0	3	72962 3438 384 56
68	74107	0.0	3	70452 3178 420 57
69	71496	0.0	3	67957 3165 300 74
70	68635	0.0	3	65240 3035 313 47
71	65931	0.0	3	62487 3107 274 63
72	78596	0.0	3	74934 3251 351 60
73	60430	0.0	3	57415 2641 316 58
74	59691	0.0	3	56733 2641 262 55
75	56299	0.0	3	53531 2496 212 60
76	52091	0.0	3	49595 2254 194 48
77	50384	0.0	3	47940 2199 195 50
78	45954	0.0	3	43830 1906 174 44
79	40194	0.0	3	38264 1750 147 33
80	35369	0.0	3	33660 1562 113 34
81	34173	0.0	3	32608 1411 125 29
82	28971	0.0	3	27583 1245 121 22
83	27090	0.0	3	25731 1233 89 37
84	25180	0.0	3	24005 1071 87 17
85	22780	0.0	3	21705 976 83 16
86	20336	0.0	3	19313 932 78 13
87	17672	0.0	3	16868 732 50 22
88	16996	0.0	3	16229 665 84 18
89	13224	0.0	3	12586 575 52 11
90	12169	0.0	3	11562 560 33 14
91	10712	0.0	3	10244 433 33 2
92	9328	0.0	3	8886 403 32 7
93	7291	0.0	3	6963 294 28 6
94	6477	0.0	3	6197 254 20 6
95	5768	0.0	3	5486 252 25 5
96	4361	0.0	3	4171 169 19 2
97	4118	0.0	3	3911 188 16 3
98	3592	0.0	3	3423 145 18 6
99	3128	0.0	3	2976 129 18 5
100	2630	0.0	3	2515 101 11 3
101	2261	0.0	3	2143 110 6 2
102	1912	0.0	3	1804 97 8 3
103	1350	0.0	3	1280 57 13
104	1273	0.0	3	1220 49 2 2
105	1113	0.0	3	1056 50 4 3
106	952	0.0	3	907 41 1 3
107	795	0.0	3	749 37 7 2
108	713	0.0	3	671 39 2 1
109	683	0.0	3	653 25 2 3
110	526	0.0	3	497 26 3
111	493	0.0	3	457 33 2 1
112	459	0.0	3	421 32 6
113	401	0.0	3	370 29 2
114	365	0.0	3	336 23 5 1
115	315	0.0	3	290 24 1
116	355	0.0	3	327 27 0 1
117	303	0.0	3	271 28 3 1
118	291	0.0	3	253 30 7 1
119	300	0.0	3	277 18 2 3
120	358	0.0	3	325 29 3 1
121	283	0.0	3	260 18 4 1
122	348	0.0	3	305 39 2 2
123	309	0.0	3	275 31 3
124	290	0.0	3	263 26 1
125	365	0.0	3	325 35 4 1
126	383	0.0	3	350 29 4
127	396	0.0	3	349 47
128	499	0.0	3	442 51 6
129	520	0.0	3	465 51 4
130	503	0.0	3	457 44 2
131	586	0.0	3	525 53 7 1
132	604	0.0	3	538 65 1
133	688	0.0	3	601 84 3
134	739	0.0	3	639 98 2
135	816	0.0	3	706 98 12
136	898	0.0	3	790 102 6
137	992	0.0	3	873 112 6 1
138	970	0.0	3	810 147 11 2
139	975	0.0	3	810 151 14
140	1166	0.0	3	996 151 17 2
141	1224	0.0	3	1001 202 16 5
142	868	0.0	3	598 250 20
143	1117	0.0	3	702 394 20 1
144	1283	0.0	3	770 479 33 1
145	1433	0.0	3	863 535 33 2
146	1970	0.0	3	1064 835 70 1
147	3204	0.0	3	1028 2051 121 4
148	5980	0.0	3	347 5265 343 25
149	17436	0.0	3	231 16046 1105 54
150	42887	0.0	3	517 39540 2676 154


=== Second read: Adapter 2 ===

Sequence: AGATCGGAAGAGCGTCGTGTAGGGAAAGAGTGTA; Type: regular 3'; Length: 34; Trimmed: 7798771 times

No. of allowed errors:
0-9 bp: 0; 10-19 bp: 1; 20-29 bp: 2; 30-34 bp: 3

Bases preceding removed adapters:
  A: 17.9%
  C: 26.8%
  G: 44.5%
  T: 10.6%
  none/other: 0.2%

Overview of removed sequences
length	count	expect	max.err	error counts
3	544105	330268.1	0	544105
4	194281	82567.0	0	194281
5	286029	20641.8	0	286029
8	89097	322.5	0	89097
9	179485	80.6	0	179485
10	753	20.2	1	0 753
11	184583	5.0	1	181240 3343
12	732	1.3	1	0 732
13	187427	0.3	1	183403 4024
14	491	0.1	1	0 491
15	94116	0.0	1	91602 2514
16	188195	0.0	1	183249 4946
17	736	0.0	1	0 736
18	186899	0.0	1	182012 4713 174
19	733	0.0	1	0 506 227
20	96355	0.0	2	91723 4212 420
21	384368	0.0	2	370683 12209 1476
22	827	0.0	2	0 716 111
23	375	0.0	2	0 111 264
24	671	0.0	2	0 546 125
25	97218	0.0	2	92726 3881 611
26	97664	0.0	2	92534 4575 555
27	192899	0.0	2	184390 7224 1285
28	1413	0.0	2	0 1249 113 51
29	195147	0.0	2	186042 7880 1191 34
30	1422	0.0	3	0 1258 91 73
31	194409	0.0	3	184753 7832 1287 537
32	1497	0.0	3	0 1250 171 76
33	195742	0.0	3	185113 9024 1168 437
34	916	0.0	3	16 309 498 93
35	99394	0.0	3	25 93578 5035 756
36	98934	0.0	3	13 92598 4889 1434
37	194970	0.0	3	26 116 7864 186964
38	959	0.0	3	8 15 689 247
39	97715	0.0	3	36 87 4220 93372
40	98613	0.0	3	17 88 4559 93949
41	195099	0.0	3	32 210 7601 187256
42	1422	0.0	3	0 9 1155 258
43	195168	0.0	3	55 174 7573 187366
44	1074	0.0	3	0 2 715 357
45	99222	0.0	3	28 109 4467 94618
46	194206	0.0	3	87 267 7412 186440
47	1014	0.0	3	0 2 706 306
48	95806	0.0	3	13 167 3990 91636
49	96074	0.0	3	13 119 3922 92020
50	95897	0.0	3	14 105 4045 91733
51	96013	0.0	3	14 94 4471 91434
52	281228	0.0	3	108 335 9550 271235
53	967	0.0	3	0 2 469 496
54	1516	0.0	3	1 3 1168 344
55	276537	0.0	3	149 443 9146 266799
56	870	0.0	3	1 11 446 412
57	669	0.0	3	0 5 420 244
58	90637	0.0	3	8 250 3604 86775
59	173899	0.0	3	50 169 5291 168389
60	997	0.0	3	1 7 648 341
61	85938	0.0	3	14 92 3329 82503
62	167311	0.0	3	94 228 4997 161992
63	814	0.0	3	6 4 569 235
64	82385	0.0	3	44 118 2711 79512
65	81310	0.0	3	12 172 2763 78363
66	78329	0.0	3	15 130 2658 75526
67	76928	0.0	3	9 120 2639 74160
68	74038	0.0	3	38 46 2584 71370
69	71342	0.0	3	18 91 2457 68776
70	68469	0.0	3	13 43 2373 66040
71	65609	0.0	3	9 101 2120 63379
72	62738	0.0	3	6 65 2160 60507
73	59925	0.0	3	24 50 1977 57874
74	58056	0.0	3	29 52 1950 56025
75	55030	0.0	3	20 48 1884 53078
76	62199	0.0	3	6 92 2164 59937
77	49435	0.0	3	15 79 1597 47744
78	45085	0.0	3	4 67 1559 43455
79	42176	0.0	3	8 20 1358 40790
80	39569	0.0	3	11 38 1277 38243
81	33699	0.0	3	10 24 1051 32614
82	30700	0.0	3	6 23 960 29711
83	27307	0.0	3	10 31 822 26444
84	25229	0.0	3	6 31 730 24462
85	23300	0.0	3	8 17 736 22539
86	20285	0.0	3	7 33 673 19572
87	18214	0.0	3	2 16 597 17599
88	16256	0.0	3	2 12 515 15727
89	14715	0.0	3	6 9 486 14214
90	12818	0.0	3	1 15 398 12404
91	10883	0.0	3	1 4 350 10528
92	9232	0.0	3	1 1 299 8931
93	7544	0.0	3	2 2 247 7293
94	6609	0.0	3	5 2 217 6385
95	5597	0.0	3	0 3 177 5417
96	4750	0.0	3	0 4 148 4598
97	4022	0.0	3	1 2 124 3895
98	3607	0.0	3	1 1 127 3478
99	3175	0.0	3	3 1 112 3059
100	2617	0.0	3	0 2 88 2527
101	2294	0.0	3	1 3 82 2208
102	1857	0.0	3	0 1 74 1782
103	1509	0.0	3	0 1 62 1446
104	1270	0.0	3	0 2 64 1204
105	1140	0.0	3	0 1 44 1095
106	1005	0.0	3	1 0 43 961
107	856	0.0	3	0 0 40 816
108	760	0.0	3	0 2 33 725
109	732	0.0	3	0 0 33 699
110	587	0.0	3	1 0 27 559
111	525	0.0	3	0 1 25 499
112	479	0.0	3	0 0 29 450
113	437	0.0	3	1 1 25 410
114	417	0.0	3	0 0 25 392
115	368	0.0	3	0 0 30 338
116	353	0.0	3	0 1 23 329
117	374	0.0	3	2 1 18 353
118	313	0.0	3	0 0 19 294
119	320	0.0	3	0 0 29 291
120	338	0.0	3	0 2 23 313
121	290	0.0	3	0 0 20 270
122	364	0.0	3	0 0 39 325
123	314	0.0	3	0 0 21 293
124	364	0.0	3	0 0 40 324
125	355	0.0	3	0 0 32 323
126	396	0.0	3	0 0 41 355
127	426	0.0	3	0 0 30 396
128	503	0.0	3	0 0 50 453
129	496	0.0	3	0 0 57 439
130	528	0.0	3	0 0 47 481
131	559	0.0	3	0 3 42 514
132	565	0.0	3	0 0 52 513
133	667	0.0	3	0 0 62 605
134	725	0.0	3	0 0 66 659
135	756	0.0	3	0 3 66 687
136	881	0.0	3	0 0 74 807
137	932	0.0	3	0 1 105 826
138	971	0.0	3	0 0 106 865
139	897	0.0	3	0 1 112 784
140	1119	0.0	3	0 0 138 981
141	1212	0.0	3	0 3 152 1057
142	825	0.0	3	0 1 204 620
143	957	0.0	3	0 0 251 706
144	1089	0.0	3	0 0 323 766
145	1285	0.0	3	0 0 374 911
146	1767	0.0	3	0 0 669 1098
147	2514	0.0	3	1 3 1313 1197
148	3999	0.0	3	0 0 3521 478
149	14333	0.0	3	1 6 13650 676
150	48018	0.0	3	0 12 45684 2322
