This is cutadapt 2.9 with Python 3.5.2
Command line parameters: --nextseq-trim 10 --minimum-length 25 --cores 4 -a AGATCGGAAGAGCACACGTCTGAACTCCAGTCAC -A AGATCGGAAGAGCGTCGTGTAGGGAAAGAGTGTA -o Pacuta_HTAC_TP9_1486_R1_TrimmingRound1.fastq.gz -p Pacuta_HTAC_TP9_1486_R2_TrimmingRound1.fastq.gz Pacuta_HTAC_TP9_1486_R1.fastq.gz Pacuta_HTAC_TP9_1486_R2.fastq.gz
Processing reads on 4 cores in paired-end mode ...
Finished in 595.53 s (39 us/read; 1.55 M reads/minute).

=== Summary ===

Total read pairs processed:         15,391,406
  Read 1 with adapter:               6,487,745 (42.2%)
  Read 2 with adapter:               6,440,643 (41.8%)
Pairs written (passing filters):    15,322,510 (99.6%)

Total basepairs processed: 4,617,421,800 bp
  Read 1: 2,308,710,900 bp
  Read 2: 2,308,710,900 bp
Quality-trimmed:              16,687,850 bp (0.4%)
  Read 1:     4,968,273 bp
  Read 2:    11,719,577 bp
Total written (filtered):  4,212,187,438 bp (91.2%)
  Read 1: 2,103,755,380 bp
  Read 2: 2,108,432,058 bp

=== First read: Adapter 1 ===

Sequence: AGATCGGAAGAGCACACGTCTGAACTCCAGTCAC; Type: regular 3'; Length: 34; Trimmed: 6487745 times

No. of allowed errors:
0-9 bp: 0; 10-19 bp: 1; 20-29 bp: 2; 30-34 bp: 3

Bases preceding removed adapters:
  A: 16.0%
  C: 31.1%
  G: 33.3%
  T: 19.3%
  none/other: 0.2%

Overview of removed sequences
length	count	expect	max.err	error counts
3	317283	240490.7	0	317283
4	155107	60122.7	0	155107
5	334768	15030.7	0	334768
8	109777	234.9	0	109777
9	218824	58.7	0	218824
10	595	14.7	1	0 595
11	238773	3.7	1	218796 19977
12	503	0.9	1	0 503
13	121168	0.2	1	110487 10681
14	122135	0.1	1	111006 11129
15	117807	0.0	1	107248 10559
16	123715	0.0	1	111940 11775
17	235386	0.0	1	215036 20350
18	1079	0.0	1	0 973 106
19	119626	0.0	1	108405 10811 410
20	118826	0.0	2	106021 11584 1221
21	239208	0.0	2	215236 21447 2525
22	1518	0.0	2	0 1228 290
23	120779	0.0	2	107883 11442 1454
24	120906	0.0	2	107336 12003 1567
25	118977	0.0	2	105767 11759 1451
26	117998	0.0	2	104742 11707 1549
27	115511	0.0	2	102174 11544 1793
28	116171	0.0	2	101936 12565 1570 100
29	226561	0.0	2	202633 21096 2658 174
30	2153	0.0	3	0 1473 386 294
31	115654	0.0	3	101686 11544 1694 730
32	112566	0.0	3	99018 11351 1531 666
33	111832	0.0	3	98080 11454 1670 628
34	117844	0.0	3	101398 13635 1966 845
35	209687	0.0	3	186366 19926 2416 979
36	2315	0.0	3	218 1627 336 134
37	106959	0.0	3	93888 10955 1454 662
38	101248	0.0	3	89236 10244 1267 501
39	101558	0.0	3	89685 10083 1296 494
40	97098	0.0	3	86053 9509 1109 427
41	97389	0.0	3	86112 9606 1199 472
42	94499	0.0	3	83355 9501 1204 439
43	93246	0.0	3	82276 9258 1200 512
44	92144	0.0	3	81422 9160 1085 477
45	96796	0.0	3	85232 9740 1301 523
46	79224	0.0	3	69341 8534 956 393
47	160362	0.0	3	143371 14662 1637 692
48	1792	0.0	3	258 1196 248 90
49	75574	0.0	3	67160 7163 949 302
50	73701	0.0	3	64932 7669 791 309
51	134756	0.0	3	120872 12094 1283 507
52	2169	0.0	3	668 1097 315 89
53	65769	0.0	3	58115 6639 727 288
54	122003	0.0	3	109157 11175 1175 496
55	1346	0.0	3	226 891 177 52
56	54173	0.0	3	48459 4918 568 228
57	52169	0.0	3	46612 4911 470 176
58	47268	0.0	3	42049 4579 464 176
59	44761	0.0	3	39755 4336 500 170
60	43148	0.0	3	38021 4520 436 171
61	73807	0.0	3	66310 6616 641 240
62	895	0.0	3	199 551 101 44
63	34121	0.0	3	30450 3185 353 133
64	31413	0.0	3	27859 3179 284 91
65	53699	0.0	3	48498 4651 405 145
66	685	0.0	3	151 409 94 31
67	23544	0.0	3	21137 2103 211 93
68	21765	0.0	3	19257 2172 253 83
69	22041	0.0	3	18929 2839 216 57
70	59951	0.0	3	54864 4790 235 62
71	21336	0.0	3	18965 2102 196 73
72	14111	0.0	3	12376 1493 173 69
73	7459	0.0	3	6374 913 130 42
74	6469	0.0	3	5635 708 86 40
75	6007	0.0	3	5229 684 67 27
76	5537	0.0	3	4880 568 68 21
77	4545	0.0	3	4024 444 56 21
78	3491	0.0	3	3066 348 58 19
79	2937	0.0	3	2602 288 32 15
80	2518	0.0	3	2224 250 35 9
81	2100	0.0	3	1856 214 18 12
82	1892	0.0	3	1670 198 17 7
83	1677	0.0	3	1470 172 23 12
84	1368	0.0	3	1204 141 12 11
85	1228	0.0	3	1094 117 9 8
86	1184	0.0	3	1045 115 16 8
87	1024	0.0	3	922 91 8 3
88	875	0.0	3	776 86 6 7
89	766	0.0	3	670 75 16 5
90	679	0.0	3	617 53 6 3
91	584	0.0	3	523 46 10 5
92	499	0.0	3	437 56 4 2
93	373	0.0	3	335 30 8
94	346	0.0	3	311 31 3 1
95	302	0.0	3	274 24 3 1
96	247	0.0	3	214 20 9 4
97	226	0.0	3	195 23 6 2
98	205	0.0	3	169 27 8 1
99	177	0.0	3	149 14 11 3
100	150	0.0	3	129 7 12 2
101	168	0.0	3	144 12 11 1
102	138	0.0	3	105 15 17 1
103	113	0.0	3	81 10 21 1
104	97	0.0	3	78 5 12 2
105	58	0.0	3	39 7 11 1
106	77	0.0	3	51 4 22
107	59	0.0	3	32 5 22
108	76	0.0	3	45 7 20 4
109	59	0.0	3	32 2 25
110	73	0.0	3	33 3 35 2
111	81	0.0	3	30 8 40 3
112	86	0.0	3	40 8 38
113	61	0.0	3	10 3 45 3
114	69	0.0	3	10 3 54 2
115	81	0.0	3	11 5 62 3
116	99	0.0	3	11 2 78 8
117	75	0.0	3	4 4 61 6
118	88	0.0	3	2 1 82 3
119	90	0.0	3	2 1 84 3
120	112	0.0	3	3 1 104 4
121	96	0.0	3	1 2 89 4
122	117	0.0	3	1 0 111 5
123	118	0.0	3	2 3 109 4
124	133	0.0	3	4 2 124 3
125	163	0.0	3	4 0 153 6
126	144	0.0	3	2 3 135 4
127	148	0.0	3	4 3 139 2
128	198	0.0	3	7 3 177 11
129	226	0.0	3	4 2 214 6
130	223	0.0	3	5 2 209 7
131	257	0.0	3	2 1 247 7
132	271	0.0	3	0 2 260 9
133	314	0.0	3	2 6 298 8
134	328	0.0	3	0 7 309 12
135	379	0.0	3	3 6 359 11
136	388	0.0	3	1 2 376 9
137	457	0.0	3	2 3 439 13
138	526	0.0	3	1 5 506 14
139	549	0.0	3	3 8 524 14
140	629	0.0	3	1 10 601 17
141	677	0.0	3	2 13 646 16
142	919	0.0	3	1 12 882 24
143	1108	0.0	3	1 11 1050 46
144	1303	0.0	3	2 21 1239 41
145	1261	0.0	3	3 11 1212 35
146	1526	0.0	3	2 22 1459 43
147	2070	0.0	3	3 34 1965 68
148	3704	0.0	3	0 39 3557 108
149	9695	0.0	3	8 104 9281 302
150	21621	0.0	3	1 252 20705 663


=== Second read: Adapter 2 ===

Sequence: AGATCGGAAGAGCGTCGTGTAGGGAAAGAGTGTA; Type: regular 3'; Length: 34; Trimmed: 6440643 times

No. of allowed errors:
0-9 bp: 0; 10-19 bp: 1; 20-29 bp: 2; 30-34 bp: 3

Bases preceding removed adapters:
  A: 11.8%
  C: 28.7%
  G: 49.2%
  T: 10.1%
  none/other: 0.2%

Overview of removed sequences
length	count	expect	max.err	error counts
3	446153	240490.7	0	446153
4	175061	60122.7	0	175061
5	331085	15030.7	0	331085
8	107457	234.9	0	107457
9	212471	58.7	0	212471
10	708	14.7	1	0 708
11	232081	3.7	1	213037 19044
12	511	0.9	1	0 511
13	241240	0.2	1	219503 21737
14	374	0.1	1	0 374
15	114737	0.0	1	104926 9811
16	236455	0.0	1	215244 21211
17	466	0.0	1	0 466
18	220538	0.0	1	202490 17705 343
19	755	0.0	1	0 542 213
20	116786	0.0	2	103782 11405 1599
21	462449	0.0	2	413871 43092 5486
22	1603	0.0	2	0 1164 439
23	594	0.0	2	0 276 318
24	685	0.0	2	0 500 185
25	114664	0.0	2	101540 11349 1775
26	114987	0.0	2	100012 12900 2075
27	220946	0.0	2	194287 23002 3657
28	1925	0.0	2	0 1518 303 104
29	221344	0.0	2	193276 24070 3935 63
30	2104	0.0	3	0 1634 325 145
31	218615	0.0	3	190178 22783 3742 1912
32	2047	0.0	3	0 1591 295 161
33	212293	0.0	3	184694 22737 3426 1436
34	1750	0.0	3	26 785 700 239
35	104269	0.0	3	16 90340 11939 1974
36	104067	0.0	3	17 89012 12005 3033
37	198877	0.0	3	42 248 20436 178151
38	1592	0.0	3	4 57 961 570
39	97140	0.0	3	20 200 10054 86866
40	96228	0.0	3	22 196 10720 85290
41	188780	0.0	3	62 363 19893 168462
42	2187	0.0	3	1 36 1420 730
43	223192	0.0	3	47 386 21899 200860
44	1609	0.0	3	0 74 974 561
45	86863	0.0	3	14 193 9237 77419
46	166354	0.0	3	30 347 15821 150156
47	4041	0.0	3	2 42 1092 2905
48	72885	0.0	3	17 119 7583 65166
49	103872	0.0	3	9 179 9470 94214
50	65127	0.0	3	17 173 7046 57891
51	111932	0.0	3	14 170 9949 101799
52	206888	0.0	3	52 371 19068 187397
53	1520	0.0	3	1 37 705 777
54	1011	0.0	3	2 5 524 480
55	110454	0.0	3	18 212 11147 99077
56	782	0.0	3	2 21 345 414
57	366	0.0	3	0 4 186 176
58	38601	0.0	3	9 82 4061 34449
59	56633	0.0	3	16 111 5427 51079
60	460	0.0	3	1 18 223 218
61	28106	0.0	3	7 59 2790 25250
62	53901	0.0	3	24 91 4991 48795
63	331	0.0	3	1 12 205 113
64	19070	0.0	3	8 48 1895 17119
65	20892	0.0	3	26 36 2124 18706
66	22012	0.0	3	4 62 2126 19820
67	17904	0.0	3	9 42 1778 16075
68	19247	0.0	3	3 58 1887 17299
69	16024	0.0	3	6 27 1559 14432
70	15510	0.0	3	8 45 1450 14007
71	13370	0.0	3	3 27 1242 12098
72	12521	0.0	3	6 33 1144 11338
73	12162	0.0	3	2 24 1133 11003
74	12158	0.0	3	0 20 1116 11022
75	14965	0.0	3	2 23 1254 13686
76	13791	0.0	3	1 20 1056 12714
77	7190	0.0	3	1 19 666 6504
78	5213	0.0	3	3 8 512 4690
79	4229	0.0	3	0 6 457 3766
80	3916	0.0	3	1 9 443 3463
81	3021	0.0	3	1 7 290 2723
82	2617	0.0	3	1 6 252 2358
83	2404	0.0	3	1 5 237 2161
84	1991	0.0	3	1 6 194 1790
85	1941	0.0	3	0 5 187 1749
86	1572	0.0	3	1 2 187 1382
87	1247	0.0	3	0 3 142 1102
88	1034	0.0	3	0 2 114 918
89	861	0.0	3	1 1 94 765
90	792	0.0	3	0 2 78 712
91	585	0.0	3	0 0 62 523
92	483	0.0	3	1 0 56 426
93	436	0.0	3	0 0 47 389
94	335	0.0	3	0 1 41 293
95	310	0.0	3	0 0 31 279
96	283	0.0	3	0 0 35 248
97	229	0.0	3	0 1 19 209
98	216	0.0	3	0 0 20 196
99	172	0.0	3	0 1 17 154
100	146	0.0	3	0 1 16 129
101	130	0.0	3	0 1 16 113
102	138	0.0	3	0 0 25 113
103	112	0.0	3	0 0 12 100
104	91	0.0	3	0 2 6 83
105	58	0.0	3	0 0 2 56
106	71	0.0	3	0 0 7 64
107	52	0.0	3	0 0 8 44
108	59	0.0	3	0 0 4 55
109	56	0.0	3	0 0 7 49
110	54	0.0	3	0 0 13 41
111	40	0.0	3	0 0 8 32
112	52	0.0	3	0 0 2 50
113	35	0.0	3	0 0 8 27
114	31	0.0	3	0 0 0 31
115	17	0.0	3	0 0 0 17
116	28	0.0	3	0 0 1 27
117	19	0.0	3	0 0 1 18
118	27	0.0	3	0 0 4 23
119	18	0.0	3	0 1 3 14
120	22	0.0	3	0 0 0 22
121	25	0.0	3	0 0 4 21
122	27	0.0	3	0 0 2 25
123	29	0.0	3	0 0 2 27
124	51	0.0	3	0 0 6 45
125	46	0.0	3	0 0 1 45
126	63	0.0	3	0 0 2 61
127	83	0.0	3	0 0 3 80
128	135	0.0	3	0 0 3 132
129	132	0.0	3	0 0 3 129
130	181	0.0	3	0 0 4 177
131	217	0.0	3	0 0 6 211
132	241	0.0	3	0 0 6 235
133	270	0.0	3	0 0 1 269
134	287	0.0	3	0 0 4 283
135	406	0.0	3	0 0 4 402
136	398	0.0	3	0 0 7 391
137	441	0.0	3	0 0 5 436
138	494	0.0	3	0 0 4 490
139	581	0.0	3	0 0 5 576
140	572	0.0	3	0 0 14 558
141	691	0.0	3	0 0 9 682
142	709	0.0	3	0 0 12 697
143	905	0.0	3	0 0 15 890
144	1117	0.0	3	0 0 14 1103
145	1238	0.0	3	0 0 14 1224
146	1512	0.0	3	0 0 26 1486
147	1926	0.0	3	0 0 25 1901
148	3021	0.0	3	0 0 50 2971
149	7935	0.0	3	0 0 93 7842
150	23999	0.0	3	0 0 265 23734
