This is cutadapt 2.9 with Python 3.5.2
Command line parameters: --nextseq-trim 10 --minimum-length 25 --cores 4 -a AGATCGGAAGAGCACACGTCTGAACTCCAGTCAC -A AGATCGGAAGAGCGTCGTGTAGGGAAAGAGTGTA -o Pacuta_ATAC_TP3_1041_R1_TrimmingRound1.fastq.gz -p Pacuta_ATAC_TP3_1041_R2_TrimmingRound1.fastq.gz Pacuta_ATAC_TP3_1041_R1.fastq.gz Pacuta_ATAC_TP3_1041_R2.fastq.gz
Processing reads on 4 cores in paired-end mode ...
Finished in 740.89 s (40 us/read; 1.51 M reads/minute).

=== Summary ===

Total read pairs processed:         18,637,582
  Read 1 with adapter:               7,294,557 (39.1%)
  Read 2 with adapter:               7,083,348 (38.0%)
Pairs written (passing filters):    18,572,130 (99.6%)

Total basepairs processed: 5,591,274,600 bp
  Read 1: 2,795,637,300 bp
  Read 2: 2,795,637,300 bp
Quality-trimmed:              11,768,900 bp (0.2%)
  Read 1:     4,667,937 bp
  Read 2:     7,100,963 bp
Total written (filtered):  5,138,605,711 bp (91.9%)
  Read 1: 2,564,350,128 bp
  Read 2: 2,574,255,583 bp

=== First read: Adapter 1 ===

Sequence: AGATCGGAAGAGCACACGTCTGAACTCCAGTCAC; Type: regular 3'; Length: 34; Trimmed: 7294557 times

No. of allowed errors:
0-9 bp: 0; 10-19 bp: 1; 20-29 bp: 2; 30-34 bp: 3

Bases preceding removed adapters:
  A: 15.9%
  C: 31.3%
  G: 29.6%
  T: 23.1%
  none/other: 0.1%

Overview of removed sequences
length	count	expect	max.err	error counts
3	378919	291212.2	0	378919
4	176621	72803.1	0	176621
5	354546	18200.8	0	354546
8	113570	284.4	0	113570
9	227885	71.1	0	227885
10	448	17.8	1	0 448
11	270773	4.4	1	225780 44993
12	414	1.1	1	0 414
13	136803	0.3	1	114022 22781
14	136783	0.1	1	113448 23335
15	137416	0.0	1	113618 23798
16	136932	0.0	1	113006 23926
17	268972	0.0	1	222165 46807
18	718	0.0	1	0 649 69
19	133645	0.0	1	109899 23444 302
20	136176	0.0	2	109767 24600 1809
21	266270	0.0	2	217012 45931 3327
22	1302	0.0	2	0 955 347
23	136630	0.0	2	110806 23826 1998
24	135825	0.0	2	109320 24435 2070
25	134514	0.0	2	108109 24197 2208
26	132479	0.0	2	106186 24200 2093
27	130121	0.0	2	104248 23482 2391
28	129390	0.0	2	103415 23630 2276 69
29	250254	0.0	2	201341 44646 4011 256
30	2113	0.0	3	0 1344 471 298
31	125224	0.0	3	100034 22383 2156 651
32	125081	0.0	3	98684 23279 2429 689
33	124458	0.0	3	98477 23010 2328 643
34	123781	0.0	3	98160 22538 2397 686
35	121923	0.0	3	96466 22470 2325 662
36	120107	0.0	3	94885 22318 2234 670
37	116376	0.0	3	91760 21602 2340 674
38	113836	0.0	3	89273 21750 2174 639
39	216302	0.0	3	173275 38614 3414 999
40	2088	0.0	3	229 1338 393 128
41	105776	0.0	3	84518 18803 1923 532
42	104390	0.0	3	82837 19134 1867 552
43	102465	0.0	3	81566 18490 1854 555
44	100747	0.0	3	80491 18088 1704 464
45	101746	0.0	3	80773 18527 1920 526
46	93673	0.0	3	74667 17139 1423 444
47	178078	0.0	3	144375 30553 2445 705
48	1887	0.0	3	331 1120 324 112
49	84416	0.0	3	67766 14903 1364 383
50	81552	0.0	3	64708 15067 1371 406
51	148927	0.0	3	120579 25723 2098 527
52	1699	0.0	3	347 980 292 80
53	72420	0.0	3	57892 13078 1132 318
54	134207	0.0	3	108787 23179 1730 511
55	1361	0.0	3	268 784 244 65
56	62565	0.0	3	50486 11004 851 224
57	59766	0.0	3	48051 10637 851 227
58	56397	0.0	3	45270 10048 803 276
59	51468	0.0	3	41260 9243 774 191
60	48736	0.0	3	38822 8938 748 228
61	85007	0.0	3	68387 15298 1043 279
62	894	0.0	3	172 515 162 45
63	39309	0.0	3	31349 7157 658 145
64	37248	0.0	3	29502 6982 616 148
65	65241	0.0	3	52406 11804 833 198
66	647	0.0	3	141 375 105 26
67	28920	0.0	3	23176 5229 405 110
68	26709	0.0	3	21336 4903 379 91
69	23806	0.0	3	18976 4397 345 88
70	21459	0.0	3	17051 4001 323 84
71	19243	0.0	3	15257 3617 305 64
72	21553	0.0	3	17132 4042 318 61
73	15437	0.0	3	12303 2814 259 61
74	14711	0.0	3	11682 2743 229 57
75	13016	0.0	3	10411 2381 184 40
76	12138	0.0	3	9720 2215 165 38
77	10942	0.0	3	8745 2015 147 35
78	9558	0.0	3	7661 1728 140 29
79	8359	0.0	3	6628 1597 108 26
80	7781	0.0	3	6143 1508 105 25
81	6249	0.0	3	5016 1122 85 26
82	5728	0.0	3	4569 1058 82 19
83	5140	0.0	3	4127 923 71 19
84	4621	0.0	3	3689 856 61 15
85	4072	0.0	3	3214 789 58 11
86	3743	0.0	3	3030 654 48 11
87	3387	0.0	3	2689 643 38 17
88	3035	0.0	3	2415 570 33 17
89	2661	0.0	3	2120 503 28 10
90	2292	0.0	3	1852 389 42 9
91	2080	0.0	3	1656 394 26 4
92	1837	0.0	3	1503 305 21 8
93	1397	0.0	3	1112 249 23 13
94	1284	0.0	3	1028 237 17 2
95	1146	0.0	3	905 218 20 3
96	899	0.0	3	737 150 11 1
97	891	0.0	3	690 188 11 2
98	867	0.0	3	720 131 10 6
99	769	0.0	3	635 113 19 2
100	594	0.0	3	490 96 3 5
101	557	0.0	3	436 110 6 5
102	504	0.0	3	400 93 7 4
103	359	0.0	3	280 69 8 2
104	315	0.0	3	252 58 5
105	258	0.0	3	212 42 3 1
106	242	0.0	3	179 57 5 1
107	188	0.0	3	148 32 8
108	193	0.0	3	145 43 5
109	166	0.0	3	122 39 5
110	157	0.0	3	120 31 5 1
111	194	0.0	3	157 32 4 1
112	273	0.0	3	236 27 7 3
113	86	0.0	3	65 18 2 1
114	71	0.0	3	53 10 8
115	54	0.0	3	38 12 3 1
116	37	0.0	3	28 6 3
117	41	0.0	3	31 8 2
118	34	0.0	3	20 7 5 2
119	38	0.0	3	19 11 7 1
120	25	0.0	3	15 6 4
121	20	0.0	3	10 5 5
122	23	0.0	3	11 1 10 1
123	17	0.0	3	7 3 7
124	14	0.0	3	10 1 3
125	24	0.0	3	13 3 8
126	17	0.0	3	6 3 8
127	20	0.0	3	6 5 9
128	18	0.0	3	10 2 4 2
129	25	0.0	3	16 0 9
130	22	0.0	3	12 2 8
131	28	0.0	3	7 6 15
132	24	0.0	3	9 0 14 1
133	27	0.0	3	8 2 17
134	36	0.0	3	12 2 21 1
135	35	0.0	3	11 1 22 1
136	51	0.0	3	6 4 41
137	46	0.0	3	7 1 37 1
138	51	0.0	3	14 2 33 2
139	86	0.0	3	12 7 62 5
140	79	0.0	3	2 1 75 1
141	102	0.0	3	8 3 87 4
142	111	0.0	3	9 1 97 4
143	245	0.0	3	10 4 222 9
144	348	0.0	3	12 1 319 16
145	316	0.0	3	16 7 281 12
146	733	0.0	3	12 7 680 34
147	1802	0.0	3	7 7 1709 79
148	5357	0.0	3	6 12 5127 212
149	15984	0.0	3	4 40 15308 632
150	39463	0.0	3	2 92 37747 1622


=== Second read: Adapter 2 ===

Sequence: AGATCGGAAGAGCGTCGTGTAGGGAAAGAGTGTA; Type: regular 3'; Length: 34; Trimmed: 7083348 times

No. of allowed errors:
0-9 bp: 0; 10-19 bp: 1; 20-29 bp: 2; 30-34 bp: 3

Bases preceding removed adapters:
  A: 15.7%
  C: 28.1%
  G: 43.7%
  T: 12.3%
  none/other: 0.1%

Overview of removed sequences
length	count	expect	max.err	error counts
3	534114	291212.2	0	534114
4	193728	72803.1	0	193728
5	321316	18200.8	0	321316
8	100017	284.4	0	100017
9	198638	71.1	0	198638
10	1334	17.8	1	0 1334
11	258968	4.4	1	196916 62052
12	950	1.1	1	0 950
13	263821	0.3	1	199716 64105
14	693	0.1	1	0 693
15	128666	0.0	1	97461 31205
16	259965	0.0	1	195092 64873
17	887	0.0	1	0 887
18	245796	0.0	1	185172 59958 666
19	1241	0.0	1	0 724 517
20	131157	0.0	2	93580 32376 5201
21	508653	0.0	2	369061 122448 17144
22	2681	0.0	2	0 1553 1128
23	1354	0.0	2	0 453 901
24	1066	0.0	2	0 638 428
25	127528	0.0	2	90787 31667 5074
26	127462	0.0	2	90324 31861 5277
27	244454	0.0	2	175181 59251 10022
28	2444	0.0	2	0 1519 781 144
29	240647	0.0	2	171707 58989 9851 100
30	2730	0.0	3	0 1645 734 351
31	235224	0.0	3	166774 54900 8729 4821
32	2568	0.0	3	0 1433 694 441
33	233890	0.0	3	164039 56322 9331 4198
34	2001	0.0	3	77 643 822 459
35	114415	0.0	3	121 80913 28351 5030
36	114023	0.0	3	70 80535 28309 5109
37	108051	0.0	3	109 76626 26696 4620
38	107108	0.0	3	96 75116 27001 4895
39	103223	0.0	3	57 73017 25674 4475
40	103189	0.0	3	100 71954 26275 4860
41	196100	0.0	3	102 139488 48372 8138
42	2205	0.0	3	1 258 1358 588
43	188989	0.0	3	118 135290 46097 7484
44	1761	0.0	3	3 294 974 490
45	93871	0.0	3	60 66617 23232 3962
46	175293	0.0	3	115 125316 42878 6984
47	1639	0.0	3	12 291 928 408
48	83194	0.0	3	51 58857 20879 3407
49	79960	0.0	3	39 56828 19819 3274
50	76442	0.0	3	154 54190 18783 3315
51	73727	0.0	3	27 51921 18535 3244
52	202863	0.0	3	126 145139 49777 7821
53	1498	0.0	3	5 395 688 410
54	1624	0.0	3	3 294 916 411
55	176174	0.0	3	146 127192 42703 6133
56	1287	0.0	3	3 343 614 327
57	746	0.0	3	1 164 365 216
58	53189	0.0	3	41 37889 13224 2035
59	93102	0.0	3	66 66888 22801 3347
60	885	0.0	3	1 159 500 225
61	42526	0.0	3	14 30272 10591 1649
62	77144	0.0	3	54 55603 18783 2704
63	641	0.0	3	0 108 361 172
64	34127	0.0	3	27 24696 8269 1135
65	32729	0.0	3	12 23490 7983 1244
66	30078	0.0	3	25 21649 7339 1065
67	27704	0.0	3	12 19745 6971 976
68	25469	0.0	3	27 18370 6166 906
69	22728	0.0	3	4 16216 5690 818
70	20328	0.0	3	31 14602 4958 737
71	18249	0.0	3	14 13075 4538 622
72	16615	0.0	3	11 11869 4155 580
73	15126	0.0	3	6 10842 3740 538
74	13983	0.0	3	4 10008 3503 468
75	12748	0.0	3	5 9184 3123 436
76	14179	0.0	3	12 10156 3477 534
77	10704	0.0	3	1 7753 2572 378
78	9170	0.0	3	4 6676 2203 287
79	8135	0.0	3	4 5918 1928 285
80	7763	0.0	3	5 5568 1937 253
81	6207	0.0	3	2 4450 1542 213
82	5566	0.0	3	2 3977 1385 202
83	4869	0.0	3	2 3524 1153 190
84	4407	0.0	3	3 3231 1059 114
85	4106	0.0	3	3 2973 1012 118
86	3808	0.0	3	4 2771 911 122
87	3189	0.0	3	1 2330 758 100
88	2818	0.0	3	1 2030 696 91
89	2727	0.0	3	0 1995 649 83
90	2232	0.0	3	3 1614 551 64
91	1795	0.0	3	2 1268 459 66
92	1715	0.0	3	1 1265 403 46
93	1474	0.0	3	0 1063 370 41
94	1093	0.0	3	1 788 263 41
95	1075	0.0	3	2 762 273 38
96	995	0.0	3	0 694 266 35
97	824	0.0	3	0 608 181 35
98	792	0.0	3	0 582 193 17
99	734	0.0	3	0 533 171 30
100	584	0.0	3	0 429 129 26
101	520	0.0	3	0 375 127 18
102	451	0.0	3	1 329 105 16
103	372	0.0	3	0 278 79 15
104	310	0.0	3	0 214 86 10
105	256	0.0	3	0 180 69 7
106	242	0.0	3	0 163 62 17
107	223	0.0	3	0 153 64 6
108	186	0.0	3	1 145 33 7
109	153	0.0	3	0 107 43 3
110	168	0.0	3	0 130 32 6
111	173	0.0	3	1 112 49 11
112	288	0.0	3	1 224 47 16
113	97	0.0	3	0 65 24 8
114	71	0.0	3	0 35 22 14
115	74	0.0	3	0 53 12 9
116	39	0.0	3	0 25 8 6
117	50	0.0	3	0 32 11 7
118	37	0.0	3	0 25 6 6
119	45	0.0	3	0 25 14 6
120	44	0.0	3	0 28 8 8
121	21	0.0	3	0 10 5 6
122	26	0.0	3	0 13 5 8
123	29	0.0	3	0 9 6 14
124	24	0.0	3	0 10 4 10
125	27	0.0	3	0 17 2 8
126	23	0.0	3	0 10 2 11
127	27	0.0	3	0 8 2 17
128	32	0.0	3	0 11 1 20
129	31	0.0	3	0 14 5 12
130	31	0.0	3	0 13 3 15
131	29	0.0	3	0 12 3 14
132	19	0.0	3	0 6 2 11
133	27	0.0	3	0 9 2 16
134	40	0.0	3	0 8 1 31
135	43	0.0	3	0 8 4 31
136	46	0.0	3	0 5 2 39
137	45	0.0	3	0 9 3 33
138	54	0.0	3	0 7 7 40
139	86	0.0	3	0 9 3 74
140	90	0.0	3	0 4 5 81
141	130	0.0	3	0 8 4 118
142	189	0.0	3	0 7 6 176
143	258	0.0	3	0 2 9 247
144	337	0.0	3	0 6 1 330
145	396	0.0	3	0 19 9 368
146	664	0.0	3	0 6 14 644
147	1391	0.0	3	0 7 5 1379
148	3840	0.0	3	0 0 9 3831
149	13565	0.0	3	0 2 30 13533
150	38322	0.0	3	0 3 122 38197
