This is cutadapt 2.9 with Python 3.5.2
Command line parameters: --nextseq-trim 10 --minimum-length 25 --cores 4 -a AGATCGGAAGAGCACACGTCTGAACTCCAGTCAC -A AGATCGGAAGAGCGTCGTGTAGGGAAAGAGTGTA -o Pacuta_HTAC_TP1_1653_R1_TrimmingRound1.fastq.gz -p Pacuta_HTAC_TP1_1653_R2_TrimmingRound1.fastq.gz Pacuta_HTAC_TP1_1653_R1.fastq.gz Pacuta_HTAC_TP1_1653_R2.fastq.gz
Processing reads on 4 cores in paired-end mode ...
Finished in 839.15 s (39 us/read; 1.52 M reads/minute).

=== Summary ===

Total read pairs processed:         21,318,703
  Read 1 with adapter:               7,911,158 (37.1%)
  Read 2 with adapter:               8,096,816 (38.0%)
Pairs written (passing filters):    21,247,931 (99.7%)

Total basepairs processed: 6,395,610,900 bp
  Read 1: 3,197,805,450 bp
  Read 2: 3,197,805,450 bp
Quality-trimmed:              13,565,294 bp (0.2%)
  Read 1:     5,572,416 bp
  Read 2:     7,992,878 bp
Total written (filtered):  5,756,654,585 bp (90.0%)
  Read 1: 2,878,836,622 bp
  Read 2: 2,877,817,963 bp

=== First read: Adapter 1 ===

Sequence: AGATCGGAAGAGCACACGTCTGAACTCCAGTCAC; Type: regular 3'; Length: 34; Trimmed: 7911158 times

No. of allowed errors:
0-9 bp: 0; 10-19 bp: 1; 20-29 bp: 2; 30-34 bp: 3

Bases preceding removed adapters:
  A: 18.8%
  C: 28.1%
  G: 34.2%
  T: 18.7%
  none/other: 0.2%

Overview of removed sequences
length	count	expect	max.err	error counts
3	393424	333104.7	0	393424
4	165105	83276.2	0	165105
5	301003	20819.0	0	301003
8	95366	325.3	0	95366
9	191665	81.3	0	191665
10	534	20.3	1	0 534
11	196693	5.1	1	193357 3336
12	439	1.3	1	0 439
13	99623	0.3	1	97448 2175
14	99923	0.1	1	97568 2355
15	99844	0.0	1	97373 2471
16	100080	0.0	1	97114 2966
17	198684	0.0	1	193992 4692
18	622	0.0	1	0 556 66
19	100695	0.0	1	97782 2795 118
20	101693	0.0	2	98071 3342 280
21	202823	0.0	2	196596 5572 655
22	752	0.0	2	0 687 65
23	102332	0.0	2	98720 3262 350
24	103309	0.0	2	99370 3567 372
25	102373	0.0	2	98404 3555 414
26	102183	0.0	2	98093 3725 365
27	101433	0.0	2	97231 3730 472
28	102749	0.0	2	97758 4553 369 69
29	205177	0.0	2	197526 6725 765 161
30	1273	0.0	3	0 908 143 222
31	103799	0.0	3	98844 4365 469 121
32	103962	0.0	3	98670 4568 574 150
33	102937	0.0	3	97549 4782 466 140
34	103093	0.0	3	97436 4941 530 186
35	104502	0.0	3	98725 5037 615 125
36	105191	0.0	3	97933 6429 665 164
37	306918	0.0	3	293052 11875 1543 448
38	808	0.0	3	163 464 158 23
39	1797	0.0	3	123 1578 63 33
40	203548	0.0	3	194731 7776 847 194
41	1342	0.0	3	64 1120 127 31
42	101559	0.0	3	96255 4595 562 147
43	103136	0.0	3	97575 4870 545 146
44	102604	0.0	3	97160 4700 553 191
45	104204	0.0	3	98514 5016 545 129
46	100838	0.0	3	94919 5300 497 122
47	198985	0.0	3	190492 7403 862 228
48	1358	0.0	3	125 1073 107 53
49	100102	0.0	3	95185 4251 521 145
50	100442	0.0	3	94735 5210 390 107
51	194565	0.0	3	186613 7084 671 197
52	1453	0.0	3	220 1056 155 22
53	99192	0.0	3	93635 5069 361 127
54	194169	0.0	3	185923 7403 657 186
55	1410	0.0	3	166 1107 103 34
56	96082	0.0	3	91376 4261 358 87
57	94985	0.0	3	90024 4439 418 104
58	92665	0.0	3	87874 4332 358 101
59	90911	0.0	3	86139 4295 395 82
60	90221	0.0	3	84799 4955 362 105
61	175157	0.0	3	167664 6714 643 136
62	1287	0.0	3	178 971 94 44
63	86494	0.0	3	82321 3719 387 67
64	86137	0.0	3	81163 4549 352 73
65	163882	0.0	3	156868 6247 630 137
66	1131	0.0	3	142 892 78 19
67	78595	0.0	3	74648 3491 399 57
68	76478	0.0	3	72608 3356 451 63
69	72884	0.0	3	69121 3345 347 71
70	69602	0.0	3	66084 3118 330 70
71	66603	0.0	3	63192 3062 287 62
72	79344	0.0	3	75620 3292 376 56
73	61657	0.0	3	58750 2557 276 74
74	60845	0.0	3	57848 2685 241 71
75	57308	0.0	3	54580 2406 256 66
76	53529	0.0	3	51004 2285 188 52
77	50908	0.0	3	48438 2224 181 65
78	46983	0.0	3	44654 2135 166 28
79	41293	0.0	3	39339 1773 152 29
80	36512	0.0	3	34756 1592 125 39
81	35147	0.0	3	33501 1499 114 33
82	29504	0.0	3	28082 1289 112 21
83	27579	0.0	3	26202 1237 114 26
84	25373	0.0	3	24113 1138 96 26
85	23057	0.0	3	21973 984 89 11
86	20529	0.0	3	19611 844 64 10
87	18044	0.0	3	17206 764 61 13
88	16905	0.0	3	16132 677 78 18
89	13395	0.0	3	12785 554 40 16
90	12545	0.0	3	11962 527 42 14
91	11023	0.0	3	10519 469 28 7
92	9271	0.0	3	8867 363 34 7
93	7335	0.0	3	7007 284 37 7
94	6276	0.0	3	5988 260 22 6
95	5742	0.0	3	5517 209 13 3
96	4429	0.0	3	4241 168 18 2
97	4116	0.0	3	3940 162 11 3
98	3698	0.0	3	3533 146 17 2
99	3175	0.0	3	3021 133 15 6
100	2645	0.0	3	2518 114 10 3
101	2312	0.0	3	2180 117 10 5
102	2021	0.0	3	1941 72 7 1
103	1393	0.0	3	1347 41 5
104	1251	0.0	3	1203 40 6 2
105	1047	0.0	3	995 48 2 2
106	905	0.0	3	865 31 7 2
107	800	0.0	3	758 39 3
108	752	0.0	3	716 31 3 2
109	733	0.0	3	693 37 3
110	617	0.0	3	590 26 0 1
111	544	0.0	3	519 21 3 1
112	490	0.0	3	466 20 3 1
113	471	0.0	3	437 28 2 4
114	420	0.0	3	390 23 4 3
115	433	0.0	3	409 23 1
116	431	0.0	3	403 24 4
117	424	0.0	3	402 20 2
118	457	0.0	3	439 15 2 1
119	432	0.0	3	405 24 3
120	470	0.0	3	445 19 4 2
121	495	0.0	3	463 27 4 1
122	482	0.0	3	453 28 1
123	509	0.0	3	475 32 1 1
124	569	0.0	3	533 34 1 1
125	612	0.0	3	576 34 2
126	626	0.0	3	593 30 2 1
127	710	0.0	3	673 31 5 1
128	799	0.0	3	758 39 2
129	835	0.0	3	778 55 1 1
130	909	0.0	3	867 40 1 1
131	961	0.0	3	907 50 3 1
132	1132	0.0	3	1065 63 4
133	1200	0.0	3	1123 73 4
134	1300	0.0	3	1218 75 7
135	1369	0.0	3	1283 79 7
136	1519	0.0	3	1434 79 4 2
137	1569	0.0	3	1459 96 13 1
138	1544	0.0	3	1433 106 5
139	1506	0.0	3	1394 107 5
140	1700	0.0	3	1562 125 11 2
141	1919	0.0	3	1756 157 6
142	1221	0.0	3	1076 138 6 1
143	1397	0.0	3	1145 240 12
144	1536	0.0	3	1217 307 12
145	1665	0.0	3	1388 258 19
146	2171	0.0	3	1590 540 40 1
147	2668	0.0	3	1458 1156 52 2
148	3827	0.0	3	464 3185 167 11
149	10086	0.0	3	377 9154 517 38
150	24927	0.0	3	876 22830 1154 67


=== Second read: Adapter 2 ===

Sequence: AGATCGGAAGAGCGTCGTGTAGGGAAAGAGTGTA; Type: regular 3'; Length: 34; Trimmed: 8096816 times

No. of allowed errors:
0-9 bp: 0; 10-19 bp: 1; 20-29 bp: 2; 30-34 bp: 3

Bases preceding removed adapters:
  A: 18.2%
  C: 26.7%
  G: 44.0%
  T: 11.0%
  none/other: 0.1%

Overview of removed sequences
length	count	expect	max.err	error counts
3	554148	333104.7	0	554148
4	197783	83276.2	0	197783
5	303456	20819.0	0	303456
8	95297	325.3	0	95297
9	191436	81.3	0	191436
10	777	20.3	1	0 777
11	196639	5.1	1	193192 3447
12	692	1.3	1	0 692
13	199457	0.3	1	195418 4039
14	484	0.1	1	0 484
15	99266	0.0	1	96670 2596
16	200369	0.0	1	195028 5341
17	757	0.0	1	0 757
18	197077	0.0	1	191717 5187 173
19	786	0.0	1	0 545 241
20	102150	0.0	2	96938 4723 489
21	405247	0.0	2	390026 13374 1847
22	969	0.0	2	0 858 111
23	419	0.0	2	0 117 302
24	746	0.0	2	0 633 113
25	101930	0.0	2	96930 4297 703
26	102501	0.0	2	96765 5079 657
27	201530	0.0	2	192177 7784 1569
28	1732	0.0	2	0 1552 111 69
29	205836	0.0	2	195679 8661 1462 34
30	1859	0.0	3	0 1691 111 57
31	204257	0.0	3	193251 8658 1411 937
32	1417	0.0	3	0 987 370 60
33	103925	0.0	3	95580 7167 870 308
34	307151	0.0	3	288392 15741 2224 794
35	854	0.0	3	94 564 143 53
36	955	0.0	3	43 691 137 84
37	102177	0.0	3	94840 5939 1078 320
38	104900	0.0	3	95655 7996 876 373
39	407482	0.0	3	383063 20320 2864 1235
40	1050	0.0	3	159 740 69 82
41	406	0.0	3	127 86 161 32
42	1787	0.0	3	238 1416 98 35
43	202893	0.0	3	190875 10077 1342 599
44	1550	0.0	3	264 1056 213 17
45	102538	0.0	3	95271 6200 753 314
46	200631	0.0	3	189229 9467 1356 579
47	1521	0.0	3	304 1028 146 43
48	99328	0.0	3	93021 5269 770 268
49	100148	0.0	3	93690 5398 744 316
50	99549	0.0	3	92956 5414 886 293
51	100556	0.0	3	93170 6353 738 295
52	291377	0.0	3	275068 13556 1840 913
53	1169	0.0	3	323 561 251 34
54	2344	0.0	3	321 1894 106 23
55	284717	0.0	3	270478 11949 1529 761
56	1067	0.0	3	374 524 124 45
57	912	0.0	3	154 590 150 18
58	93094	0.0	3	87476 4897 526 195
59	178098	0.0	3	169333 7400 909 456
60	1388	0.0	3	278 922 172 16
61	89679	0.0	3	84258 4639 556 226
62	172742	0.0	3	164486 6741 957 558
63	1297	0.0	3	260 881 109 47
64	84580	0.0	3	80328 3587 443 222
65	84034	0.0	3	79591 3813 445 185
66	81637	0.0	3	77336 3678 429 194
67	78727	0.0	3	74517 3652 413 145
68	76507	0.0	3	72424 3472 419 192
69	72776	0.0	3	69057 3128 393 198
70	69474	0.0	3	65879 3114 346 135
71	66394	0.0	3	63118 2819 315 142
72	63880	0.0	3	60606 2840 305 129
73	61589	0.0	3	58601 2559 292 137
74	59048	0.0	3	56024 2552 291 181
75	56267	0.0	3	53443 2409 254 161
76	65239	0.0	3	62065 2760 300 114
77	49976	0.0	3	47520 2134 214 108
78	47148	0.0	3	44881 1971 206 90
79	43314	0.0	3	41306 1754 157 97
80	40271	0.0	3	38404 1627 160 80
81	34187	0.0	3	32558 1411 160 58
82	31237	0.0	3	29792 1256 117 72
83	27440	0.0	3	26162 1092 123 63
84	25082	0.0	3	23941 984 101 56
85	23448	0.0	3	22406 878 115 49
86	20674	0.0	3	19751 788 93 42
87	18312	0.0	3	17510 691 82 29
88	16135	0.0	3	15359 684 63 29
89	14771	0.0	3	14106 559 66 40
90	12735	0.0	3	12140 512 58 25
91	10991	0.0	3	10523 384 60 24
92	9192	0.0	3	8781 346 52 13
93	7678	0.0	3	7291 324 45 18
94	6271	0.0	3	5962 252 44 13
95	5415	0.0	3	5139 234 32 10
96	4739	0.0	3	4512 194 19 14
97	4116	0.0	3	3923 156 20 17
98	3736	0.0	3	3542 166 18 10
99	2994	0.0	3	2833 134 22 5
100	2587	0.0	3	2472 92 14 9
101	2381	0.0	3	2254 98 18 11
102	1895	0.0	3	1802 73 10 10
103	1562	0.0	3	1461 82 14 5
104	1292	0.0	3	1214 60 10 8
105	1109	0.0	3	1024 57 18 10
106	936	0.0	3	876 46 9 5
107	840	0.0	3	786 38 7 9
108	788	0.0	3	739 33 6 10
109	735	0.0	3	682 41 7 5
110	660	0.0	3	610 36 5 9
111	605	0.0	3	564 29 7 5
112	508	0.0	3	472 24 3 9
113	502	0.0	3	459 32 8 3
114	489	0.0	3	448 26 11 4
115	480	0.0	3	439 29 7 5
116	458	0.0	3	411 37 7 3
117	475	0.0	3	432 27 10 6
118	461	0.0	3	423 28 4 6
119	412	0.0	3	379 25 3 5
120	469	0.0	3	435 25 5 4
121	486	0.0	3	439 40 6 1
122	536	0.0	3	489 33 7 7
123	517	0.0	3	479 27 4 7
124	521	0.0	3	484 28 2 7
125	635	0.0	3	596 32 3 4
126	638	0.0	3	604 28 4 2
127	715	0.0	3	663 45 3 4
128	797	0.0	3	743 43 6 5
129	824	0.0	3	763 53 6 2
130	920	0.0	3	852 62 4 2
131	977	0.0	3	904 69 4
132	1082	0.0	3	1012 62 7 1
133	1201	0.0	3	1125 66 6 4
134	1301	0.0	3	1230 66 5
135	1362	0.0	3	1280 77 5
136	1500	0.0	3	1406 83 8 3
137	1583	0.0	3	1485 85 11 2
138	1488	0.0	3	1393 87 6 2
139	1459	0.0	3	1364 86 7 2
140	1710	0.0	3	1579 119 10 2
141	2018	0.0	3	1865 148 5
142	1184	0.0	3	1046 132 5 1
143	1300	0.0	3	1142 153 4 1
144	1444	0.0	3	1217 212 14 1
145	1590	0.0	3	1352 226 9 3
146	2076	0.0	3	1648 408 17 3
147	2446	0.0	3	1598 805 36 7
148	2594	0.0	3	444 2067 75 8
149	8427	0.0	3	305 7781 312 29
150	27525	0.0	3	1015 25511 925 74
