This is cutadapt 2.9 with Python 3.5.2
Command line parameters: --nextseq-trim 10 --minimum-length 25 --cores 4 -a AGATCGGAAGAGCACACGTCTGAACTCCAGTCAC -A AGATCGGAAGAGCGTCGTGTAGGGAAAGAGTGTA -o Pacuta_HTHC_TP5_2087_R1_TrimmingRound1.fastq.gz -p Pacuta_HTHC_TP5_2087_R2_TrimmingRound1.fastq.gz Pacuta_HTHC_TP5_2087_R1.fastq.gz Pacuta_HTHC_TP5_2087_R2.fastq.gz
Processing reads on 4 cores in paired-end mode ...
Finished in 686.74 s (34 us/read; 1.76 M reads/minute).

=== Summary ===

Total read pairs processed:         20,107,286
  Read 1 with adapter:               7,370,569 (36.7%)
  Read 2 with adapter:               7,545,194 (37.5%)
Pairs written (passing filters):    20,019,296 (99.6%)

Total basepairs processed: 6,032,185,800 bp
  Read 1: 3,016,092,900 bp
  Read 2: 3,016,092,900 bp
Quality-trimmed:              12,272,069 bp (0.2%)
  Read 1:     5,184,546 bp
  Read 2:     7,087,523 bp
Total written (filtered):  5,425,040,102 bp (89.9%)
  Read 1: 2,713,008,821 bp
  Read 2: 2,712,031,281 bp

=== First read: Adapter 1 ===

Sequence: AGATCGGAAGAGCACACGTCTGAACTCCAGTCAC; Type: regular 3'; Length: 34; Trimmed: 7370569 times

No. of allowed errors:
0-9 bp: 0; 10-19 bp: 1; 20-29 bp: 2; 30-34 bp: 3

Bases preceding removed adapters:
  A: 18.1%
  C: 27.8%
  G: 36.0%
  T: 17.8%
  none/other: 0.3%

Overview of removed sequences
length	count	expect	max.err	error counts
3	370884	314176.3	0	370884
4	152067	78544.1	0	152067
5	271141	19636.0	0	271141
8	86051	306.8	0	86051
9	171406	76.7	0	171406
10	525	19.2	1	0 525
11	176451	4.8	1	173457 2994
12	434	1.2	1	0 434
13	89854	0.3	1	87861 1993
14	89441	0.1	1	87401 2040
15	90326	0.0	1	88220 2106
16	90151	0.0	1	87619 2532
17	180194	0.0	1	175903 4291
18	515	0.0	1	0 459 56
19	91370	0.0	1	88707 2574 89
20	92748	0.0	2	89413 3111 224
21	183854	0.0	2	178675 4701 478
22	803	0.0	2	0 727 76
23	93466	0.0	2	90176 2910 380
24	93492	0.0	2	90028 3122 342
25	93240	0.0	2	89616 3307 317
26	93233	0.0	2	89708 3225 300
27	92983	0.0	2	89192 3327 464
28	94741	0.0	2	89876 4533 265 67
29	187863	0.0	2	181198 5908 652 105
30	1397	0.0	3	0 960 137 300
31	95543	0.0	3	90945 4029 439 130
32	95430	0.0	3	90592 4294 481 63
33	96152	0.0	3	90504 5184 335 129
34	189109	0.0	3	181050 7139 760 160
35	2202	0.0	3	105 1977 90 30
36	189199	0.0	3	181521 6779 708 191
37	1381	0.0	3	84 1155 99 43
38	95863	0.0	3	91223 4204 347 89
39	95842	0.0	3	90976 4427 329 110
40	94927	0.0	3	90115 4337 373 102
41	95814	0.0	3	91045 4275 395 99
42	94923	0.0	3	90099 4364 373 87
43	96174	0.0	3	91316 4370 387 101
44	95930	0.0	3	91125 4341 353 111
45	96801	0.0	3	92032 4262 426 81
46	94684	0.0	3	89330 4969 287 98
47	185554	0.0	3	178244 6666 511 133
48	1594	0.0	3	276 1167 89 62
49	92885	0.0	3	88430 4032 364 59
50	93608	0.0	3	88513 4736 281 78
51	182196	0.0	3	175397 6198 468 133
52	1651	0.0	3	330 1129 179 13
53	92613	0.0	3	87778 4511 259 65
54	181357	0.0	3	174490 6366 384 117
55	1514	0.0	3	289 1088 112 25
56	89460	0.0	3	85383 3778 231 68
57	88893	0.0	3	84433 4100 294 66
58	87413	0.0	3	83201 3872 258 82
59	86105	0.0	3	81785 3916 342 62
60	85241	0.0	3	80395 4549 228 69
61	164331	0.0	3	157899 5999 342 91
62	1443	0.0	3	283 999 108 53
63	81746	0.0	3	77861 3538 301 46
64	81719	0.0	3	77107 4319 225 68
65	154324	0.0	3	148317 5550 368 89
66	1267	0.0	3	228 919 100 20
67	74838	0.0	3	71361 3172 254 51
68	72264	0.0	3	68694 3290 233 47
69	69278	0.0	3	66086 2905 233 54
70	66454	0.0	3	63334 2851 221 48
71	64430	0.0	3	61360 2824 197 49
72	75843	0.0	3	72476 3069 251 47
73	59128	0.0	3	56377 2500 214 37
74	58348	0.0	3	55641 2482 177 48
75	56158	0.0	3	53680 2277 160 41
76	51056	0.0	3	48814 2089 117 36
77	49637	0.0	3	47382 2071 154 30
78	41769	0.0	3	39815 1817 116 21
79	40539	0.0	3	38650 1782 82 25
80	36295	0.0	3	34629 1543 89 34
81	33664	0.0	3	32151 1399 85 29
82	30968	0.0	3	29528 1322 93 25
83	27268	0.0	3	26043 1147 63 15
84	25449	0.0	3	24327 1055 49 18
85	21909	0.0	3	20931 917 50 11
86	20312	0.0	3	19426 831 44 11
87	17811	0.0	3	17074 686 39 12
88	16640	0.0	3	15878 700 50 12
89	13656	0.0	3	13055 545 42 14
90	12364	0.0	3	11810 519 29 6
91	11001	0.0	3	10514 459 23 5
92	9434	0.0	3	9019 385 21 9
93	7360	0.0	3	7070 269 16 5
94	6486	0.0	3	6228 235 16 7
95	5567	0.0	3	5336 216 12 3
96	4389	0.0	3	4207 162 12 8
97	4099	0.0	3	3929 155 9 6
98	3681	0.0	3	3505 163 12 1
99	3245	0.0	3	3122 114 3 6
100	2646	0.0	3	2524 111 8 3
101	2162	0.0	3	2081 71 4 6
102	1875	0.0	3	1803 69 3
103	1431	0.0	3	1359 63 7 2
104	1191	0.0	3	1138 49 2 2
105	1071	0.0	3	1019 50 1 1
106	927	0.0	3	892 28 5 2
107	759	0.0	3	723 31 4 1
108	720	0.0	3	677 38 3 2
109	649	0.0	3	619 27 2 1
110	583	0.0	3	567 12 4
111	465	0.0	3	447 15 3
112	438	0.0	3	409 26 3
113	433	0.0	3	399 28 2 4
114	382	0.0	3	362 16 3 1
115	364	0.0	3	342 16 4 2
116	342	0.0	3	315 24 1 2
117	317	0.0	3	297 18 2
118	289	0.0	3	273 15 1
119	343	0.0	3	310 32 1
120	355	0.0	3	323 27 4 1
121	402	0.0	3	375 25 2
122	386	0.0	3	362 22 2
123	363	0.0	3	338 23 2
124	419	0.0	3	390 27 2
125	454	0.0	3	412 38 4
126	510	0.0	3	466 39 5
127	573	0.0	3	527 41 5
128	604	0.0	3	550 51 3
129	661	0.0	3	597 60 4
130	668	0.0	3	616 49 3
131	765	0.0	3	711 50 3 1
132	937	0.0	3	875 59 3
133	957	0.0	3	879 73 4 1
134	1033	0.0	3	956 67 6 4
135	1143	0.0	3	1058 79 6
136	1265	0.0	3	1151 107 7
137	1321	0.0	3	1205 109 7
138	1259	0.0	3	1132 123 3 1
139	1277	0.0	3	1117 151 9
140	1427	0.0	3	1240 179 7 1
141	1567	0.0	3	1343 207 17
142	964	0.0	3	731 222 10 1
143	1078	0.0	3	748 313 16 1
144	1208	0.0	3	726 456 25 1
145	1222	0.0	3	740 457 22 3
146	1632	0.0	3	847 734 49 2
147	2719	0.0	3	833 1784 99 3
148	5299	0.0	3	241 4745 294 19
149	15716	0.0	3	232 14595 841 48
150	40140	0.0	3	513 37226 2278 123


=== Second read: Adapter 2 ===

Sequence: AGATCGGAAGAGCGTCGTGTAGGGAAAGAGTGTA; Type: regular 3'; Length: 34; Trimmed: 7545194 times

No. of allowed errors:
0-9 bp: 0; 10-19 bp: 1; 20-29 bp: 2; 30-34 bp: 3

Bases preceding removed adapters:
  A: 17.8%
  C: 26.0%
  G: 45.0%
  T: 10.8%
  none/other: 0.5%

Overview of removed sequences
length	count	expect	max.err	error counts
3	522613	314176.3	0	522613
4	185115	78544.1	0	185115
5	273669	19636.0	0	273669
8	85917	306.8	0	85917
9	168367	76.7	0	168367
10	3804	19.2	1	0 3804
11	172259	4.8	1	169466 2793
12	4942	1.2	1	0 4942
13	173877	0.3	1	170721 3156
14	3235	0.1	1	0 3235
15	91740	0.0	1	85138 6602
16	174311	0.0	1	169788 4523
17	6877	0.0	1	0 6877
18	172439	0.0	1	168177 3861 401
19	5706	0.0	1	0 4546 1160
20	102125	0.0	2	85305 16074 746
21	352346	0.0	2	339712 11195 1439
22	3047	0.0	2	0 2885 162
23	587	0.0	2	0 105 482
24	4125	0.0	2	0 3635 490
25	92488	0.0	2	84634 6713 1141
26	96591	0.0	2	84774 11072 745
27	177563	0.0	2	169200 6720 1643
28	9772	0.0	2	0 9285 380 107
29	179960	0.0	2	171783 6424 1714 39
30	10405	0.0	3	0 9889 408 108
31	179200	0.0	3	170568 6586 1413 633
32	7367	0.0	3	0 5915 1344 108
33	101896	0.0	3	85231 15371 1034 260
34	270561	0.0	3	256155 12140 1692 574
35	3674	0.0	3	115 2955 517 87
36	4704	0.0	3	35 3981 591 97
37	94390	0.0	3	85300 7797 1054 239
38	95731	0.0	3	85796 8567 1070 298
39	96142	0.0	3	85885 8567 1447 243
40	98514	0.0	3	84963 12358 900 293
41	181112	0.0	3	170844 8243 1701 324
42	10488	0.0	3	68 9890 417 113
43	180718	0.0	3	171563 7410 1368 377
44	7058	0.0	3	188 5771 1027 72
45	97842	0.0	3	85238 11550 817 237
46	179997	0.0	3	170440 7839 1387 331
47	6628	0.0	3	207 5729 615 77
48	91843	0.0	3	83280 7423 936 204
49	92999	0.0	3	83654 8044 1013 288
50	93272	0.0	3	83128 8325 1636 183
51	99806	0.0	3	82974 15648 971 213
52	260797	0.0	3	247758 11138 1401 500
53	4343	0.0	3	308 2889 1077 69
54	11942	0.0	3	49 11383 452 58
55	253387	0.0	3	242677 9263 1101 346
56	3661	0.0	3	371 2723 472 95
57	4592	0.0	3	83 3698 764 47
58	89714	0.0	3	79138 9853 565 158
59	161519	0.0	3	153922 6370 975 252
60	6330	0.0	3	202 5252 830 46
61	86204	0.0	3	75834 9624 575 171
62	156007	0.0	3	149047 5766 979 215
63	5806	0.0	3	149 5143 465 49
64	79549	0.0	3	73187 5545 684 133
65	79199	0.0	3	72011 6380 677 131
66	76999	0.0	3	70084 6105 675 135
67	75008	0.0	3	68094 6139 658 117
68	72304	0.0	3	65625 5906 639 134
69	69174	0.0	3	62979 5500 572 123
70	66367	0.0	3	60525 5198 538 106
71	64165	0.0	3	58428 5117 518 102
72	61163	0.0	3	55517 5030 517 99
73	58752	0.0	3	53437 4720 490 105
74	56691	0.0	3	51648 4465 487 91
75	54553	0.0	3	49290 4713 473 77
76	60976	0.0	3	55877 4571 424 104
77	48879	0.0	3	44572 3885 366 56
78	44864	0.0	3	40993 3472 335 64
79	41586	0.0	3	37854 3352 317 63
80	38878	0.0	3	35599 2929 278 72
81	33890	0.0	3	30976 2595 256 63
82	31180	0.0	3	28463 2421 253 43
83	27699	0.0	3	25335 2111 215 38
84	25091	0.0	3	22896 1954 204 37
85	23027	0.0	3	21037 1751 205 34
86	20238	0.0	3	18512 1541 155 30
87	18312	0.0	3	16782 1362 133 35
88	16323	0.0	3	14905 1274 115 29
89	14585	0.0	3	13332 1106 116 31
90	12755	0.0	3	11626 1001 109 19
91	10860	0.0	3	9940 824 76 20
92	9251	0.0	3	8421 753 62 15
93	7642	0.0	3	6988 584 59 11
94	6333	0.0	3	5750 522 46 15
95	5538	0.0	3	5052 428 44 14
96	4693	0.0	3	4317 328 38 10
97	4021	0.0	3	3648 327 30 16
98	3707	0.0	3	3387 264 45 11
99	3142	0.0	3	2823 289 20 10
100	2724	0.0	3	2476 213 25 10
101	2198	0.0	3	1997 168 26 7
102	1835	0.0	3	1672 132 22 9
103	1642	0.0	3	1487 126 20 9
104	1258	0.0	3	1115 116 16 11
105	1109	0.0	3	1012 78 10 9
106	907	0.0	3	797 87 13 10
107	897	0.0	3	803 65 20 9
108	735	0.0	3	649 65 12 9
109	697	0.0	3	625 50 18 4
110	613	0.0	3	534 56 13 10
111	501	0.0	3	426 58 10 7
112	488	0.0	3	414 53 13 8
113	472	0.0	3	407 42 12 11
114	433	0.0	3	373 43 9 8
115	417	0.0	3	365 35 10 7
116	374	0.0	3	323 38 10 3
117	383	0.0	3	338 33 8 4
118	334	0.0	3	273 38 18 5
119	364	0.0	3	319 34 6 5
120	382	0.0	3	310 55 9 8
121	407	0.0	3	352 39 11 5
122	413	0.0	3	360 38 12 3
123	340	0.0	3	288 38 11 3
124	450	0.0	3	393 51 3 3
125	501	0.0	3	435 50 13 3
126	521	0.0	3	445 60 8 8
127	563	0.0	3	488 63 8 4
128	579	0.0	3	510 62 6 1
129	683	0.0	3	579 87 15 2
130	682	0.0	3	589 85 5 3
131	751	0.0	3	650 90 9 2
132	880	0.0	3	754 111 12 3
133	955	0.0	3	822 115 11 7
134	1001	0.0	3	871 121 6 3
135	1165	0.0	3	1018 126 16 5
136	1312	0.0	3	1136 157 15 4
137	1279	0.0	3	1119 145 14 1
138	1209	0.0	3	1054 141 10 4
139	1216	0.0	3	1019 179 14 4
140	1429	0.0	3	1205 208 14 2
141	1580	0.0	3	1335 217 25 3
142	921	0.0	3	679 227 15
143	969	0.0	3	711 242 16
144	1090	0.0	3	709 356 22 3
145	1134	0.0	3	717 396 18 3
146	1493	0.0	3	798 645 46 4
147	2211	0.0	3	822 1286 96 7
148	3733	0.0	3	243 3231 247 12
149	13484	0.0	3	170 12356 902 56
150	43962	0.0	3	553 40441 2779 189
