This is cutadapt 2.9 with Python 3.5.2
Command line parameters: -G G{20} -e 0.0 -n 10 --minimum-length 25 --cores 4 -o Pacuta_ATAC_TP11_2306_R1_TrimmingRound2.fastq.gz -p Pacuta_ATAC_TP11_2306_R2_TrimmingRound2.fastq.gz Pacuta_ATAC_TP11_2306_R1_TrimmingRound1.fastq.gz Pacuta_ATAC_TP11_2306_R2_TrimmingRound1.fastq.gz
Processing reads on 4 cores in paired-end mode ...
Finished in 452.21 s (25 us/read; 2.40 M reads/minute).

=== Summary ===

Total read pairs processed:         18,105,875
  Read 1 with adapter:                       0 (0.0%)
  Read 2 with adapter:                 314,121 (1.7%)
Pairs written (passing filters):    18,105,812 (100.0%)

Total basepairs processed: 4,868,033,209 bp
  Read 1: 2,434,361,179 bp
  Read 2: 2,433,672,030 bp
Total written (filtered):  4,866,976,167 bp (100.0%)
  Read 1: 2,434,355,732 bp
  Read 2: 2,432,620,435 bp

=== Second read: Adapter 1 ===

Sequence: GGGGGGGGGGGGGGGGGGGG; Type: regular 5'; Length: 20; Trimmed: 314225 times

No. of allowed errors:
0-20 bp: 0

Overview of removed sequences
length	count	expect	max.err	error counts
3	240816	282904.3	0	240816
4	58691	70726.1	0	58691
5	11492	17681.5	0	11492
6	1914	4420.4	0	1914
7	531	1105.1	0	531
8	287	276.3	0	287
9	91	69.1	0	91
10	57	17.3	0	57
11	38	4.3	0	38
12	33	1.1	0	33
13	14	0.3	0	14
14	6	0.1	0	6
15	12	0.0	0	12
16	13	0.0	0	13
17	5	0.0	0	5
18	6	0.0	0	6
19	2	0.0	0	2
20	14	0.0	0	14
21	5	0.0	0	5
22	1	0.0	0	1
23	2	0.0	0	2
25	1	0.0	0	1
26	4	0.0	0	4
27	3	0.0	0	3
28	3	0.0	0	3
29	2	0.0	0	2
30	1	0.0	0	1
31	3	0.0	0	3
32	1	0.0	0	1
33	2	0.0	0	2
34	3	0.0	0	3
35	3	0.0	0	3
36	5	0.0	0	5
37	2	0.0	0	2
38	5	0.0	0	5
39	4	0.0	0	4
40	3	0.0	0	3
42	1	0.0	0	1
43	2	0.0	0	2
44	3	0.0	0	3
45	3	0.0	0	3
46	1	0.0	0	1
47	1	0.0	0	1
48	2	0.0	0	2
49	1	0.0	0	1
50	1	0.0	0	1
51	3	0.0	0	3
53	3	0.0	0	3
54	1	0.0	0	1
55	3	0.0	0	3
57	3	0.0	0	3
58	2	0.0	0	2
59	1	0.0	0	1
61	2	0.0	0	2
62	3	0.0	0	3
63	1	0.0	0	1
64	1	0.0	0	1
65	3	0.0	0	3
67	1	0.0	0	1
68	5	0.0	0	5
69	2	0.0	0	2
70	3	0.0	0	3
71	1	0.0	0	1
73	2	0.0	0	2
75	2	0.0	0	2
76	1	0.0	0	1
77	4	0.0	0	4
78	3	0.0	0	3
79	2	0.0	0	2
80	2	0.0	0	2
82	1	0.0	0	1
83	2	0.0	0	2
84	1	0.0	0	1
85	4	0.0	0	4
86	3	0.0	0	3
87	1	0.0	0	1
88	1	0.0	0	1
89	3	0.0	0	3
91	1	0.0	0	1
92	1	0.0	0	1
93	4	0.0	0	4
94	2	0.0	0	2
95	1	0.0	0	1
96	1	0.0	0	1
98	2	0.0	0	2
100	1	0.0	0	1
101	2	0.0	0	2
102	2	0.0	0	2
104	2	0.0	0	2
105	1	0.0	0	1
106	1	0.0	0	1
107	1	0.0	0	1
108	2	0.0	0	2
109	1	0.0	0	1
110	1	0.0	0	1
111	2	0.0	0	2
112	1	0.0	0	1
116	1	0.0	0	1
117	2	0.0	0	2
119	1	0.0	0	1
120	2	0.0	0	2
122	1	0.0	0	1
123	2	0.0	0	2
124	1	0.0	0	1
125	3	0.0	0	3
128	1	0.0	0	1
129	2	0.0	0	2
130	2	0.0	0	2
131	1	0.0	0	1
132	1	0.0	0	1
133	1	0.0	0	1
134	5	0.0	0	5
135	1	0.0	0	1
138	1	0.0	0	1
139	1	0.0	0	1
140	2	0.0	0	2
141	1	0.0	0	1
142	1	0.0	0	1
143	1	0.0	0	1
144	1	0.0	0	1
146	1	0.0	0	1
