This is cutadapt 2.9 with Python 3.5.2
Command line parameters: --nextseq-trim 10 --minimum-length 25 --cores 4 -a AGATCGGAAGAGCACACGTCTGAACTCCAGTCAC -A AGATCGGAAGAGCGTCGTGTAGGGAAAGAGTGTA -o Pacuta_ATAC_TP5_1757_R1_TrimmingRound1.fastq.gz -p Pacuta_ATAC_TP5_1757_R2_TrimmingRound1.fastq.gz Pacuta_ATAC_TP5_1757_R1.fastq.gz Pacuta_ATAC_TP5_1757_R2.fastq.gz
Processing reads on 4 cores in paired-end mode ...
Finished in 739.24 s (41 us/read; 1.47 M reads/minute).

=== Summary ===

Total read pairs processed:         18,124,005
  Read 1 with adapter:               8,347,437 (46.1%)
  Read 2 with adapter:               7,593,797 (41.9%)
Pairs written (passing filters):    17,954,250 (99.1%)

Total basepairs processed: 5,437,201,500 bp
  Read 1: 2,718,600,750 bp
  Read 2: 2,718,600,750 bp
Quality-trimmed:              42,448,587 bp (0.8%)
  Read 1:     6,650,703 bp
  Read 2:    35,797,884 bp
Total written (filtered):  4,869,120,426 bp (89.6%)
  Read 1: 2,420,784,366 bp
  Read 2: 2,448,336,060 bp

=== First read: Adapter 1 ===

Sequence: AGATCGGAAGAGCACACGTCTGAACTCCAGTCAC; Type: regular 3'; Length: 34; Trimmed: 8347437 times

No. of allowed errors:
0-9 bp: 0; 10-19 bp: 1; 20-29 bp: 2; 30-34 bp: 3

Bases preceding removed adapters:
  A: 18.7%
  C: 35.5%
  G: 21.6%
  T: 24.1%
  none/other: 0.2%

Overview of removed sequences
length	count	expect	max.err	error counts
3	306277	283187.6	0	306277
4	149697	70796.9	0	149697
5	312913	17699.2	0	312913
8	101096	276.6	0	101096
9	199940	69.1	0	199940
10	811	17.3	1	0 811
11	277598	4.3	1	199187 78411
12	843	1.1	1	0 843
13	142600	0.3	1	101472 41128
14	147710	0.1	1	104983 42727
15	144233	0.0	1	103238 40995
16	153978	0.0	1	109233 44745
17	290961	0.0	1	208271 82690
18	1446	0.0	1	0 1248 198
19	148681	0.0	1	105349 42571 761
20	147254	0.0	2	101499 42530 3225
21	291030	0.0	2	203146 82270 5614
22	2246	0.0	2	0 1413 833
23	149335	0.0	2	102927 43057 3351
24	152204	0.0	2	104301 44244 3659
25	153008	0.0	2	105188 44029 3791
26	154240	0.0	2	106102 44305 3833
27	153567	0.0	2	105231 44255 4081
28	153707	0.0	2	104374 44754 4473 106
29	294591	0.0	2	203755 84363 6215 258
30	3454	0.0	3	0 1844 1174 436
31	150684	0.0	3	101693 43685 3943 1363
32	145410	0.0	3	98451 41828 3791 1340
33	148293	0.0	3	99732 42927 4338 1296
34	156588	0.0	3	102380 46703 5814 1691
35	434691	0.0	3	299019 123569 9074 3029
36	3696	0.0	3	467 1773 1073 383
37	2070	0.0	3	98 1136 667 169
38	147621	0.0	3	100053 42428 3874 1266
39	140472	0.0	3	95317 40791 3370 994
40	135791	0.0	3	91254 40162 3453 922
41	263063	0.0	3	181180 75030 5106 1747
42	3523	0.0	3	293 1954 1009 267
43	129300	0.0	3	88074 37233 3025 968
44	128084	0.0	3	86764 37138 3113 1069
45	139582	0.0	3	94671 40098 3674 1139
46	119037	0.0	3	79987 34955 3209 886
47	237280	0.0	3	164165 67085 4518 1512
48	3149	0.0	3	295 1754 870 230
49	112100	0.0	3	76549 32352 2456 743
50	109237	0.0	3	74008 31906 2613 710
51	198179	0.0	3	136990 56567 3457 1165
52	5461	0.0	3	1956 2273 969 263
53	96126	0.0	3	65042 28225 2279 580
54	184895	0.0	3	127333 52869 3546 1147
55	2584	0.0	3	351 1357 714 162
56	81749	0.0	3	56299 23400 1548 502
57	83047	0.0	3	57046 23871 1669 461
58	74595	0.0	3	51088 21585 1508 414
59	72630	0.0	3	49530 21120 1535 445
60	70368	0.0	3	47883 20530 1552 403
61	114737	0.0	3	79349 32931 1894 563
62	1792	0.0	3	342 875 475 100
63	54919	0.0	3	37591 15896 1118 314
64	49212	0.0	3	33309 14485 1142 276
65	86747	0.0	3	60450 24679 1222 396
66	1533	0.0	3	359 749 340 85
67	39159	0.0	3	26833 11348 769 209
68	37037	0.0	3	25398 10591 798 250
69	36853	0.0	3	24646 11136 859 212
70	91039	0.0	3	63936 26008 894 201
71	41238	0.0	3	28403 11907 758 170
72	26410	0.0	3	17841 7728 654 187
73	13655	0.0	3	9000 4157 380 118
74	11568	0.0	3	7712 3489 267 100
75	10832	0.0	3	7201 3292 256 83
76	10657	0.0	3	7220 3131 246 60
77	8923	0.0	3	6098 2562 201 62
78	6265	0.0	3	4255 1828 140 42
79	5570	0.0	3	3810 1611 109 40
80	4542	0.0	3	3087 1332 95 28
81	4140	0.0	3	2783 1253 83 21
82	3612	0.0	3	2420 1088 90 14
83	3020	0.0	3	1999 947 53 21
84	2663	0.0	3	1795 800 48 20
85	2225	0.0	3	1500 673 40 12
86	1995	0.0	3	1324 607 52 12
87	1850	0.0	3	1253 560 28 9
88	1676	0.0	3	1109 514 39 14
89	1264	0.0	3	873 358 23 10
90	1154	0.0	3	782 337 30 5
91	1063	0.0	3	749 289 20 5
92	942	0.0	3	627 285 24 6
93	771	0.0	3	482 260 23 6
94	721	0.0	3	482 213 21 5
95	597	0.0	3	406 174 13 4
96	479	0.0	3	332 131 15 1
97	456	0.0	3	311 121 21 3
98	399	0.0	3	251 121 23 4
99	356	0.0	3	226 115 11 4
100	321	0.0	3	207 82 27 5
101	273	0.0	3	168 88 12 5
102	236	0.0	3	160 60 16
103	199	0.0	3	108 65 24 2
104	165	0.0	3	93 46 24 2
105	142	0.0	3	75 44 23
106	137	0.0	3	75 38 23 1
107	123	0.0	3	67 28 27 1
108	122	0.0	3	61 36 22 3
109	108	0.0	3	50 22 35 1
110	103	0.0	3	41 18 43 1
111	103	0.0	3	32 10 58 3
112	107	0.0	3	40 11 53 3
113	100	0.0	3	16 16 68
114	115	0.0	3	18 17 77 3
115	103	0.0	3	14 7 81 1
116	120	0.0	3	18 8 90 4
117	108	0.0	3	6 4 93 5
118	128	0.0	3	9 9 107 3
119	142	0.0	3	12 5 122 3
120	142	0.0	3	6 2 129 5
121	147	0.0	3	3 1 134 9
122	162	0.0	3	6 2 149 5
123	140	0.0	3	3 2 131 4
124	148	0.0	3	5 1 138 4
125	161	0.0	3	1 1 147 12
126	193	0.0	3	4 4 182 3
127	196	0.0	3	1 2 186 7
128	224	0.0	3	4 2 210 8
129	243	0.0	3	2 0 232 9
130	244	0.0	3	5 3 230 6
131	299	0.0	3	2 1 287 9
132	326	0.0	3	4 2 311 9
133	345	0.0	3	3 1 324 17
134	367	0.0	3	4 4 353 6
135	447	0.0	3	2 3 426 16
136	487	0.0	3	2 5 468 12
137	527	0.0	3	1 1 510 15
138	539	0.0	3	5 0 516 18
139	589	0.0	3	2 3 560 24
140	665	0.0	3	7 4 630 24
141	736	0.0	3	3 4 713 16
142	828	0.0	3	3 4 800 21
143	1196	0.0	3	2 6 1145 43
144	1302	0.0	3	4 1 1248 49
145	1383	0.0	3	2 6 1320 55
146	1537	0.0	3	2 4 1479 52
147	2112	0.0	3	4 8 2017 83
148	3742	0.0	3	2 10 3604 126
149	9353	0.0	3	2 24 8980 347
150	20906	0.0	3	1 49 20128 728


=== Second read: Adapter 2 ===

Sequence: AGATCGGAAGAGCGTCGTGTAGGGAAAGAGTGTA; Type: regular 3'; Length: 34; Trimmed: 7593797 times

No. of allowed errors:
0-9 bp: 0; 10-19 bp: 1; 20-29 bp: 2; 30-34 bp: 3

Bases preceding removed adapters:
  A: 16.4%
  C: 35.3%
  G: 33.9%
  T: 14.4%
  none/other: 0.0%

Overview of removed sequences
length	count	expect	max.err	error counts
3	486610	283187.6	0	486610
4	169902	70796.9	0	169902
5	294507	17699.2	0	294507
8	93515	276.6	0	93515
9	184165	69.1	0	184165
10	874	17.3	1	0 874
11	245449	4.3	1	184009 61440
12	776	1.1	1	0 776
13	265114	0.3	1	196436 68678
14	521	0.1	1	0 521
15	126876	0.0	1	94999 31877
16	268337	0.0	1	199957 68380
17	666	0.0	1	0 666
18	242534	0.0	1	183056 59105 373
19	1011	0.0	1	0 643 368
20	132353	0.0	2	94814 33905 3634
21	517343	0.0	2	375046 130569 11728
22	2212	0.0	2	0 1358 854
23	582	0.0	2	0 190 392
24	940	0.0	2	0 585 355
25	133431	0.0	2	95639 34190 3602
26	136605	0.0	2	96348 35897 4360
27	265207	0.0	2	189432 68576 7199
28	2858	0.0	2	0 1812 920 126
29	260912	0.0	2	184258 68784 7769 101
30	3123	0.0	3	0 1886 940 297
31	256504	0.0	3	180188 66008 6984 3324
32	2244	0.0	3	0 1346 600 298
33	129076	0.0	3	89486 33455 4364 1771
34	128076	0.0	3	29 90068 33730 4249
35	130030	0.0	3	33 90726 33664 5607
36	254696	0.0	3	42 1214 180471 72969
37	3529	0.0	3	5 123 463 2938
38	248668	0.0	3	57 1405 175965 71241
39	2747	0.0	3	12 76 396 2263
40	122535	0.0	3	37 863 84804 36831
41	261849	0.0	3	68 2019 184669 75093
42	7369	0.0	3	1 526 959 5883
43	697249	0.0	3	129 4067 580051 113002
44	3634	0.0	3	0 47 388 3199
45	94419	0.0	3	14 592 64938 28875
46	149461	0.0	3	42 592 96784 52043
47	2049	0.0	3	2 39 581 1427
48	74935	0.0	3	15 327 48493 26100
49	82192	0.0	3	16 501 55931 25744
50	66084	0.0	3	25 353 41996 23710
51	80549	0.0	3	23 476 54494 25556
52	192903	0.0	3	49 892 126937 65025
53	1774	0.0	3	5 30 539 1200
54	1702	0.0	3	5 36 341 1320
55	144742	0.0	3	22 430 93040 51250
56	1239	0.0	3	3 29 361 846
57	704	0.0	3	5 20 173 506
58	50482	0.0	3	13 223 32890 17356
59	78818	0.0	3	21 216 50956 27625
60	887	0.0	3	3 15 192 677
61	37685	0.0	3	12 103 24004 13566
62	66693	0.0	3	29 223 43094 23347
63	594	0.0	3	0 16 102 476
64	27365	0.0	3	6 104 18067 9188
65	26911	0.0	3	35 122 17563 9191
66	28622	0.0	3	6 116 19010 9490
67	25053	0.0	3	9 116 16283 8645
68	24108	0.0	3	3 84 16040 7981
69	21487	0.0	3	5 107 14111 7264
70	19623	0.0	3	8 67 13168 6380
71	17448	0.0	3	1 88 11735 5624
72	16023	0.0	3	8 67 10633 5315
73	14544	0.0	3	3 73 9812 4656
74	13195	0.0	3	1 75 8922 4197
75	12233	0.0	3	5 70 8314 3844
76	12876	0.0	3	5 65 8700 4106
77	10277	0.0	3	2 38 7003 3234
78	8314	0.0	3	0 37 5644 2633
79	7758	0.0	3	2 41 5101 2614
80	7161	0.0	3	0 41 4689 2431
81	5831	0.0	3	1 21 3918 1891
82	4684	0.0	3	2 13 3217 1452
83	4164	0.0	3	2 20 2858 1284
84	3689	0.0	3	1 18 2559 1111
85	3545	0.0	3	0 18 2511 1016
86	2794	0.0	3	0 15 1911 868
87	2316	0.0	3	1 8 1497 810
88	2055	0.0	3	0 8 1357 690
89	1645	0.0	3	1 6 1039 599
90	1349	0.0	3	0 4 847 498
91	1127	0.0	3	0 1 724 402
92	952	0.0	3	0 1 595 356
93	831	0.0	3	0 0 515 316
94	684	0.0	3	0 0 423 261
95	642	0.0	3	0 1 390 251
96	533	0.0	3	0 0 326 207
97	463	0.0	3	0 0 322 141
98	361	0.0	3	0 2 217 142
99	307	0.0	3	0 1 170 136
100	272	0.0	3	1 1 176 94
101	249	0.0	3	0 0 162 87
102	220	0.0	3	0 0 138 82
103	197	0.0	3	0 1 125 71
104	175	0.0	3	0 0 108 67
105	138	0.0	3	0 0 85 53
106	139	0.0	3	0 0 94 45
107	133	0.0	3	0 0 81 52
108	101	0.0	3	0 0 56 45
109	98	0.0	3	0 1 62 35
110	83	0.0	3	0 3 41 39
111	71	0.0	3	0 0 37 34
112	78	0.0	3	0 1 42 35
113	69	0.0	3	0 1 36 32
114	49	0.0	3	0 0 24 25
115	50	0.0	3	0 0 17 33
116	40	0.0	3	0 0 16 24
117	29	0.0	3	0 0 7 22
118	35	0.0	3	0 0 9 26
119	36	0.0	3	0 0 13 23
120	24	0.0	3	0 0 8 16
121	35	0.0	3	0 0 8 27
122	43	0.0	3	0 1 8 34
123	39	0.0	3	0 0 6 33
124	43	0.0	3	0 0 3 40
125	51	0.0	3	0 0 3 48
126	62	0.0	3	0 0 2 60
127	83	0.0	3	0 0 4 79
128	126	0.0	3	0 0 3 123
129	156	0.0	3	0 0 4 152
130	206	0.0	3	0 0 1 205
131	211	0.0	3	0 0 4 207
132	312	0.0	3	0 0 3 309
133	301	0.0	3	0 1 4 296
134	323	0.0	3	0 0 1 322
135	385	0.0	3	0 0 2 383
136	437	0.0	3	0 0 4 433
137	459	0.0	3	0 0 0 459
138	539	0.0	3	0 0 3 536
139	573	0.0	3	0 0 3 570
140	625	0.0	3	0 0 1 624
141	686	0.0	3	0 0 4 682
142	798	0.0	3	0 0 0 798
143	974	0.0	3	0 0 5 969
144	1218	0.0	3	0 0 0 1218
145	1383	0.0	3	0 0 2 1381
146	1572	0.0	3	0 0 2 1570
147	1921	0.0	3	0 0 1 1920
148	3057	0.0	3	0 0 3 3054
149	7671	0.0	3	0 0 6 7665
150	23711	0.0	3	0 0 2 23709
