This is cutadapt 2.9 with Python 3.5.2
Command line parameters: --nextseq-trim 10 --minimum-length 25 --cores 4 -a AGATCGGAAGAGCACACGTCTGAACTCCAGTCAC -A AGATCGGAAGAGCGTCGTGTAGGGAAAGAGTGTA -o Pacuta_ATHC_TP11_2668_R1_TrimmingRound1.fastq.gz -p Pacuta_ATHC_TP11_2668_R2_TrimmingRound1.fastq.gz Pacuta_ATHC_TP11_2668_R1.fastq.gz Pacuta_ATHC_TP11_2668_R2.fastq.gz
Processing reads on 4 cores in paired-end mode ...
Finished in 694.88 s (37 us/read; 1.60 M reads/minute).

=== Summary ===

Total read pairs processed:         18,570,925
  Read 1 with adapter:               7,180,093 (38.7%)
  Read 2 with adapter:               7,342,769 (39.5%)
Pairs written (passing filters):    18,523,059 (99.7%)

Total basepairs processed: 5,571,277,500 bp
  Read 1: 2,785,638,750 bp
  Read 2: 2,785,638,750 bp
Quality-trimmed:              11,305,838 bp (0.2%)
  Read 1:     4,747,660 bp
  Read 2:     6,558,178 bp
Total written (filtered):  4,973,148,659 bp (89.3%)
  Read 1: 2,487,053,271 bp
  Read 2: 2,486,095,388 bp

=== First read: Adapter 1 ===

Sequence: AGATCGGAAGAGCACACGTCTGAACTCCAGTCAC; Type: regular 3'; Length: 34; Trimmed: 7180093 times

No. of allowed errors:
0-9 bp: 0; 10-19 bp: 1; 20-29 bp: 2; 30-34 bp: 3

Bases preceding removed adapters:
  A: 18.3%
  C: 28.2%
  G: 35.5%
  T: 17.8%
  none/other: 0.2%

Overview of removed sequences
length	count	expect	max.err	error counts
3	332698	290170.7	0	332698
4	139637	72542.7	0	139637
5	253301	18135.7	0	253301
8	79980	283.4	0	79980
9	161412	70.8	0	161412
10	462	17.7	1	0 462
11	167109	4.4	1	163914 3195
12	403	1.1	1	0 403
13	85236	0.3	1	83268 1968
14	86269	0.1	1	84059 2210
15	85531	0.0	1	83275 2256
16	85901	0.0	1	83400 2501
17	170839	0.0	1	166409 4430
18	577	0.0	1	0 524 53
19	86674	0.0	1	83976 2600 98
20	87582	0.0	2	84064 3248 270
21	175437	0.0	2	169714 5193 530
22	819	0.0	2	0 754 65
23	89016	0.0	2	85554 3119 343
24	89440	0.0	2	85634 3418 388
25	89173	0.0	2	85333 3490 350
26	89557	0.0	2	85565 3655 337
27	88913	0.0	2	84931 3544 438
28	90503	0.0	2	85695 4427 324 57
29	178442	0.0	2	171290 6393 668 91
30	1416	0.0	3	0 991 164 261
31	91172	0.0	3	86271 4383 417 101
32	91919	0.0	3	86719 4556 523 121
33	92276	0.0	3	86139 5671 382 84
34	182469	0.0	3	173910 7628 749 182
35	1418	0.0	3	81 1185 115 37
36	91836	0.0	3	86891 4385 455 105
37	91427	0.0	3	86199 4707 411 110
38	92177	0.0	3	86981 4647 462 87
39	94378	0.0	3	88371 5495 402 110
40	183646	0.0	3	175220 7651 611 164
41	1417	0.0	3	66 1217 107 27
42	92587	0.0	3	87535 4574 382 96
43	93141	0.0	3	87904 4791 362 84
44	93416	0.0	3	88223 4689 373 131
45	94640	0.0	3	89186 4910 474 70
46	93079	0.0	3	87196 5463 340 80
47	182157	0.0	3	174060 7391 549 157
48	1548	0.0	3	211 1187 109 41
49	91662	0.0	3	86771 4450 370 71
50	92005	0.0	3	86359 5236 300 110
51	179411	0.0	3	171705 7062 476 168
52	1648	0.0	3	244 1208 181 15
53	90844	0.0	3	85455 5017 291 81
54	180451	0.0	3	172584 7234 480 153
55	1506	0.0	3	208 1150 122 26
56	89411	0.0	3	84814 4244 288 65
57	89370	0.0	3	84454 4488 332 96
58	87378	0.0	3	82639 4327 320 92
59	86508	0.0	3	81725 4380 352 51
60	86251	0.0	3	80747 5166 269 69
61	165378	0.0	3	158102 6771 403 102
62	1513	0.0	3	244 1128 91 50
63	82572	0.0	3	78224 3980 314 54
64	82913	0.0	3	77687 4886 263 77
65	158172	0.0	3	151146 6474 440 112
66	1317	0.0	3	184 1023 92 18
67	76117	0.0	3	72090 3689 281 57
68	74374	0.0	3	70337 3721 260 56
69	71814	0.0	3	68058 3404 290 62
70	68563	0.0	3	64888 3382 233 60
71	67395	0.0	3	63736 3393 222 44
72	78710	0.0	3	74674 3664 329 43
73	62487	0.0	3	59270 2946 213 58
74	62236	0.0	3	59103 2905 190 38
75	60015	0.0	3	57004 2744 216 51
76	53281	0.0	3	50472 2636 147 26
77	52348	0.0	3	49671 2477 171 29
78	46685	0.0	3	44280 2234 139 32
79	43449	0.0	3	41301 1984 133 31
80	39688	0.0	3	37782 1785 97 24
81	37953	0.0	3	36092 1732 104 25
82	32605	0.0	3	31003 1481 96 25
83	28871	0.0	3	27416 1360 71 24
84	27207	0.0	3	25905 1214 70 18
85	24655	0.0	3	23447 1136 62 10
86	22266	0.0	3	21129 1057 63 17
87	19888	0.0	3	18858 979 41 10
88	18881	0.0	3	17937 877 52 15
89	15133	0.0	3	14412 690 25 6
90	13918	0.0	3	13233 648 27 10
91	12267	0.0	3	11644 586 28 9
92	10496	0.0	3	9967 494 27 8
93	8214	0.0	3	7826 365 19 4
94	7163	0.0	3	6823 315 21 4
95	6596	0.0	3	6300 271 19 6
96	5048	0.0	3	4776 250 17 5
97	4725	0.0	3	4504 202 12 7
98	4352	0.0	3	4135 196 20 1
99	3815	0.0	3	3638 161 15 1
100	3164	0.0	3	3005 142 14 3
101	2519	0.0	3	2404 109 5 1
102	2197	0.0	3	2106 85 4 2
103	1660	0.0	3	1568 84 4 4
104	1450	0.0	3	1382 61 4 3
105	1226	0.0	3	1163 50 9 4
106	1111	0.0	3	1069 39 2 1
107	924	0.0	3	886 35 2 1
108	854	0.0	3	805 42 4 3
109	732	0.0	3	694 33 2 3
110	650	0.0	3	617 29 3 1
111	567	0.0	3	533 29 3 2
112	527	0.0	3	501 25 1
113	477	0.0	3	448 24 2 3
114	452	0.0	3	427 22 1 2
115	378	0.0	3	357 19 0 2
116	381	0.0	3	360 17 3 1
117	341	0.0	3	318 23
118	357	0.0	3	330 23 4
119	387	0.0	3	366 20 0 1
120	395	0.0	3	372 18 4 1
121	399	0.0	3	373 23 2 1
122	451	0.0	3	434 15 0 2
123	415	0.0	3	390 25
124	442	0.0	3	417 23 2
125	475	0.0	3	448 26 1
126	522	0.0	3	492 29 1
127	575	0.0	3	543 29 2 1
128	679	0.0	3	639 39 1
129	689	0.0	3	643 41 5
130	771	0.0	3	724 45 2
131	799	0.0	3	756 40 2 1
132	911	0.0	3	864 40 6 1
133	980	0.0	3	944 33 3
134	1039	0.0	3	977 60 2
135	1186	0.0	3	1109 70 7
136	1231	0.0	3	1159 68 3 1
137	1383	0.0	3	1287 90 4 2
138	1269	0.0	3	1192 72 4 1
139	1250	0.0	3	1148 97 4 1
140	1481	0.0	3	1366 110 5
141	1547	0.0	3	1419 123 4 1
142	927	0.0	3	824 97 5 1
143	1033	0.0	3	876 145 12
144	1075	0.0	3	867 199 9
145	1260	0.0	3	1015 227 18
146	1470	0.0	3	1094 349 25 2
147	1874	0.0	3	1080 764 29 1
148	2260	0.0	3	323 1822 109 6
149	6113	0.0	3	212 5586 303 12
150	14283	0.0	3	512 13110 644 17


=== Second read: Adapter 2 ===

Sequence: AGATCGGAAGAGCGTCGTGTAGGGAAAGAGTGTA; Type: regular 3'; Length: 34; Trimmed: 7342769 times

No. of allowed errors:
0-9 bp: 0; 10-19 bp: 1; 20-29 bp: 2; 30-34 bp: 3

Bases preceding removed adapters:
  A: 17.9%
  C: 26.4%
  G: 44.8%
  T: 10.7%
  none/other: 0.2%

Overview of removed sequences
length	count	expect	max.err	error counts
3	469173	290170.7	0	469173
4	169615	72542.7	0	169615
5	255829	18135.7	0	255829
8	80059	283.4	0	80059
9	161358	70.8	0	161358
10	609	17.7	1	0 609
11	166938	4.4	1	164064 2874
12	635	1.1	1	0 635
13	171244	0.3	1	167733 3511
14	432	0.1	1	0 432
15	85113	0.0	1	83017 2096
16	171186	0.0	1	166887 4299
17	737	0.0	1	0 737
18	170271	0.0	1	166071 4047 153
19	791	0.0	1	0 537 254
20	88088	0.0	2	83947 3785 356
21	351429	0.0	2	339350 10744 1335
22	862	0.0	2	0 755 107
23	368	0.0	2	0 103 265
24	696	0.0	2	0 570 126
25	88830	0.0	2	84808 3506 516
26	89868	0.0	2	85257 4145 466
27	176793	0.0	2	169358 6314 1121
28	1707	0.0	2	0 1551 96 60
29	178717	0.0	2	170959 6675 1055 28
30	1762	0.0	3	0 1576 115 71
31	180607	0.0	3	172246 6953 955 453
32	1265	0.0	3	0 945 222 98
33	91179	0.0	3	85862 4477 660 180
34	93040	0.0	3	86900 5352 580 208
35	182127	0.0	3	172537 8185 1065 340
36	1222	0.0	3	35 1001 133 53
37	91026	0.0	3	85544 4615 610 257
38	92217	0.0	3	86459 4850 731 177
39	95239	0.0	3	88140 6265 618 216
40	274895	0.0	3	261554 11590 1305 446
41	856	0.0	3	104 522 201 29
42	1692	0.0	3	250 1319 82 41
43	183591	0.0	3	174469 7895 910 317
44	1533	0.0	3	279 1028 201 25
45	93864	0.0	3	87832 5317 533 182
46	183840	0.0	3	174936 7656 943 305
47	1435	0.0	3	303 969 126 37
48	91285	0.0	3	86235 4411 479 160
49	91771	0.0	3	86564 4496 517 194
50	91217	0.0	3	85772 4609 699 137
51	92267	0.0	3	86081 5516 547 123
52	269122	0.0	3	256120 11229 1287 486
53	1186	0.0	3	360 525 273 28
54	2343	0.0	3	336 1883 107 17
55	266258	0.0	3	254972 9923 1034 329
56	1114	0.0	3	409 549 105 51
57	988	0.0	3	180 622 173 13
58	87642	0.0	3	82970 4174 369 129
59	169870	0.0	3	162781 6195 670 224
60	1358	0.0	3	286 907 152 13
61	84577	0.0	3	79943 4159 353 122
62	164594	0.0	3	157819 5923 633 219
63	1264	0.0	3	263 888 92 21
64	81348	0.0	3	77758 3145 362 83
65	81455	0.0	3	77637 3398 309 111
66	78667	0.0	3	75054 3165 333 115
67	76361	0.0	3	72571 3382 299 109
68	74389	0.0	3	70832 3147 311 99
69	71733	0.0	3	68386 2971 286 90
70	68448	0.0	3	65191 2907 270 80
71	67175	0.0	3	64188 2670 250 67
72	63943	0.0	3	60978 2620 262 83
73	61880	0.0	3	59155 2441 202 82
74	59552	0.0	3	56788 2448 249 67
75	57160	0.0	3	54532 2343 221 64
76	65407	0.0	3	62483 2599 248 77
77	52799	0.0	3	50434 2109 189 67
78	48096	0.0	3	45988 1876 176 56
79	45649	0.0	3	43659 1783 157 50
80	42091	0.0	3	40350 1576 117 48
81	36482	0.0	3	34963 1354 117 48
82	33628	0.0	3	32212 1271 105 40
83	29756	0.0	3	28563 1075 82 36
84	27495	0.0	3	26401 983 68 43
85	25443	0.0	3	24436 894 84 29
86	22327	0.0	3	21406 804 88 29
87	20233	0.0	3	19434 705 69 25
88	17902	0.0	3	17198 630 59 15
89	16343	0.0	3	15682 581 54 26
90	14399	0.0	3	13766 565 53 15
91	12232	0.0	3	11703 469 47 13
92	10353	0.0	3	9857 436 44 16
93	8628	0.0	3	8241 337 35 15
94	7077	0.0	3	6758 282 25 12
95	6267	0.0	3	6036 203 20 8
96	5379	0.0	3	5166 172 29 12
97	4761	0.0	3	4533 198 18 12
98	4396	0.0	3	4218 146 20 12
99	3758	0.0	3	3587 148 12 11
100	3148	0.0	3	3004 120 16 8
101	2622	0.0	3	2497 100 18 7
102	2089	0.0	3	2001 72 13 3
103	1844	0.0	3	1760 61 14 9
104	1519	0.0	3	1446 57 10 6
105	1295	0.0	3	1221 59 6 9
106	1122	0.0	3	1058 50 8 6
107	1007	0.0	3	938 51 4 14
108	937	0.0	3	889 40 5 3
109	743	0.0	3	678 51 11 3
110	687	0.0	3	638 39 7 3
111	627	0.0	3	578 33 9 7
112	574	0.0	3	528 27 13 6
113	540	0.0	3	487 34 10 9
114	450	0.0	3	414 24 9 3
115	447	0.0	3	412 23 8 4
116	395	0.0	3	357 23 9 6
117	400	0.0	3	366 23 9 2
118	397	0.0	3	356 28 7 6
119	407	0.0	3	377 19 7 4
120	406	0.0	3	377 23 5 1
121	434	0.0	3	391 33 7 3
122	455	0.0	3	421 24 8 2
123	382	0.0	3	350 20 6 6
124	470	0.0	3	434 22 7 7
125	497	0.0	3	462 27 6 2
126	518	0.0	3	491 25 2
127	584	0.0	3	557 19 7 1
128	659	0.0	3	617 37 1 4
129	639	0.0	3	595 36 6 2
130	749	0.0	3	702 41 1 5
131	817	0.0	3	782 31 2 2
132	887	0.0	3	851 34 2
133	952	0.0	3	904 40 6 2
134	1076	0.0	3	1019 52 4 1
135	1139	0.0	3	1076 59 2 2
136	1280	0.0	3	1219 59 2
137	1355	0.0	3	1282 68 4 1
138	1241	0.0	3	1182 53 6
139	1217	0.0	3	1139 71 4 3
140	1413	0.0	3	1318 90 3 2
141	1703	0.0	3	1574 124 5
142	903	0.0	3	832 68 2 1
143	992	0.0	3	897 90 3 2
144	1092	0.0	3	934 151 5 2
145	1150	0.0	3	986 156 5 3
146	1395	0.0	3	1127 258 7 3
147	1663	0.0	3	1181 467 13 2
148	1521	0.0	3	341 1145 34 1
149	4968	0.0	3	198 4597 160 13
150	16356	0.0	3	561 15239 504 52
