This is cutadapt 2.9 with Python 3.5.2
Command line parameters: --nextseq-trim 10 --minimum-length 25 --cores 4 -a AGATCGGAAGAGCACACGTCTGAACTCCAGTCAC -A AGATCGGAAGAGCGTCGTGTAGGGAAAGAGTGTA -o Pacuta_ATHC_TP4_2993_R1_TrimmingRound1.fastq.gz -p Pacuta_ATHC_TP4_2993_R2_TrimmingRound1.fastq.gz Pacuta_ATHC_TP4_2993_R1.fastq.gz Pacuta_ATHC_TP4_2993_R2.fastq.gz
Processing reads on 4 cores in paired-end mode ...
Finished in 647.00 s (37 us/read; 1.63 M reads/minute).

=== Summary ===

Total read pairs processed:         17,577,462
  Read 1 with adapter:               9,966,640 (56.7%)
  Read 2 with adapter:               9,256,783 (52.7%)
Pairs written (passing filters):    17,472,011 (99.4%)

Total basepairs processed: 5,273,238,600 bp
  Read 1: 2,636,619,300 bp
  Read 2: 2,636,619,300 bp
Quality-trimmed:              33,238,522 bp (0.6%)
  Read 1:     5,944,073 bp
  Read 2:    27,294,449 bp
Total written (filtered):  4,584,790,026 bp (86.9%)
  Read 1: 2,278,379,302 bp
  Read 2: 2,306,410,724 bp

=== First read: Adapter 1 ===

Sequence: AGATCGGAAGAGCACACGTCTGAACTCCAGTCAC; Type: regular 3'; Length: 34; Trimmed: 9966640 times

No. of allowed errors:
0-9 bp: 0; 10-19 bp: 1; 20-29 bp: 2; 30-34 bp: 3

Bases preceding removed adapters:
  A: 17.9%
  C: 40.4%
  G: 19.3%
  T: 22.4%
  none/other: 0.0%

Overview of removed sequences
length	count	expect	max.err	error counts
3	262020	274647.8	0	262020
4	143685	68662.0	0	143685
5	339805	17165.5	0	339805
8	109885	268.2	0	109885
9	217466	67.1	0	217466
10	603	16.8	1	0 603
11	285144	4.2	1	218958 66186
12	652	1.0	1	0 652
13	151400	0.3	1	115203 36197
14	159418	0.1	1	121351 38067
15	159340	0.0	1	121247 38093
16	172116	0.0	1	130023 42093
17	327881	0.0	1	249227 78654
18	1194	0.0	1	0 1070 124
19	166374	0.0	1	125131 40738 505
20	162949	0.0	2	120048 39885 3016
21	326917	0.0	2	242315 78834 5768
22	1987	0.0	2	0 1360 627
23	168743	0.0	2	123814 41628 3301
24	176186	0.0	2	128772 43583 3831
25	180234	0.0	2	132286 43996 3952
26	185516	0.0	2	135544 45940 4032
27	187330	0.0	2	135910 46845 4575
28	188059	0.0	2	135439 47820 4685 115
29	357771	0.0	2	261127 89086 7264 294
30	3225	0.0	3	0 1791 940 494
31	180296	0.0	3	128577 45487 4463 1769
32	172347	0.0	3	123682 43241 4015 1409
33	180411	0.0	3	127895 46589 4383 1544
34	363407	0.0	3	262404 90762 7623 2618
35	3669	0.0	3	293 2198 905 273
36	189464	0.0	3	136042 47737 4210 1475
37	189702	0.0	3	135619 48269 4286 1528
38	186868	0.0	3	133236 47779 4388 1465
39	185779	0.0	3	132002 47837 4411 1529
40	344412	0.0	3	247626 87575 6765 2446
41	3561	0.0	3	370 2067 865 259
42	165920	0.0	3	118711 42382 3610 1217
43	165887	0.0	3	118108 42621 3812 1346
44	164730	0.0	3	117378 42537 3582 1233
45	180046	0.0	3	128654 46050 4036 1306
46	155884	0.0	3	110776 40483 3521 1104
47	322185	0.0	3	232448 81720 5995 2022
48	3618	0.0	3	422 2116 829 251
49	150627	0.0	3	108024 38614 2986 1003
50	145706	0.0	3	103777 37890 3096 943
51	263947	0.0	3	189758 68030 4556 1603
52	4284	0.0	3	1178 2019 854 233
53	125462	0.0	3	88883 33147 2599 833
54	245858	0.0	3	175751 63966 4543 1598
55	2585	0.0	3	318 1473 627 167
56	110560	0.0	3	79629 28422 1952 557
57	111786	0.0	3	79731 29401 2040 614
58	101780	0.0	3	73252 26296 1650 582
59	97560	0.0	3	69211 25842 1939 568
60	91853	0.0	3	64987 24554 1795 517
61	153321	0.0	3	109269 40856 2343 853
62	1958	0.0	3	359 1048 443 108
63	70721	0.0	3	50078 18905 1309 429
64	64784	0.0	3	45386 17822 1226 350
65	115593	0.0	3	82616 30708 1717 552
66	1500	0.0	3	328 797 304 71
67	52738	0.0	3	37605 13974 870 289
68	49938	0.0	3	35376 13350 933 279
69	48146	0.0	3	33787 13118 965 276
70	105430	0.0	3	76342 27850 979 259
71	44766	0.0	3	31473 12290 775 228
72	33297	0.0	3	23304 9113 681 199
73	19392	0.0	3	13374 5420 446 152
74	17056	0.0	3	11874 4698 363 121
75	16299	0.0	3	11391 4481 325 102
76	14316	0.0	3	9972 3938 301 105
77	13219	0.0	3	9209 3691 246 73
78	10304	0.0	3	7103 2945 201 55
79	8973	0.0	3	6134 2620 168 51
80	7631	0.0	3	5296 2127 161 47
81	6776	0.0	3	4704 1893 131 48
82	5486	0.0	3	3842 1535 89 20
83	4522	0.0	3	3138 1277 77 30
84	4109	0.0	3	2948 1060 76 25
85	3636	0.0	3	2535 1021 60 20
86	3211	0.0	3	2270 859 66 16
87	2820	0.0	3	1970 772 55 23
88	2612	0.0	3	1866 680 53 13
89	2046	0.0	3	1445 534 54 13
90	1842	0.0	3	1304 498 30 10
91	1570	0.0	3	1114 424 23 9
92	1443	0.0	3	989 430 18 6
93	1097	0.0	3	761 312 21 3
94	982	0.0	3	664 294 13 11
95	920	0.0	3	642 254 17 7
96	718	0.0	3	486 210 17 5
97	642	0.0	3	423 199 13 7
98	522	0.0	3	370 132 18 2
99	493	0.0	3	349 133 9 2
100	391	0.0	3	268 103 14 6
101	338	0.0	3	229 97 11 1
102	332	0.0	3	218 101 11 2
103	241	0.0	3	177 51 11 2
104	206	0.0	3	141 55 8 2
105	175	0.0	3	118 47 10
106	164	0.0	3	104 44 14 2
107	116	0.0	3	69 34 11 2
108	96	0.0	3	50 31 12 3
109	105	0.0	3	49 42 13 1
110	95	0.0	3	53 29 13
111	96	0.0	3	52 19 25
112	91	0.0	3	55 13 23
113	41	0.0	3	17 9 15
114	55	0.0	3	26 6 21 2
115	58	0.0	3	22 6 26 4
116	37	0.0	3	6 10 21
117	58	0.0	3	9 5 42 2
118	43	0.0	3	8 7 27 1
119	49	0.0	3	10 2 36 1
120	58	0.0	3	10 5 43
121	51	0.0	3	6 3 41 1
122	64	0.0	3	5 2 56 1
123	74	0.0	3	6 3 62 3
124	71	0.0	3	7 4 59 1
125	69	0.0	3	4 3 59 3
126	65	0.0	3	5 4 54 2
127	73	0.0	3	8 0 65
128	82	0.0	3	6 2 71 3
129	91	0.0	3	3 4 83 1
130	110	0.0	3	4 4 101 1
131	103	0.0	3	7 1 93 2
132	142	0.0	3	12 4 122 4
133	144	0.0	3	9 3 127 5
134	141	0.0	3	3 1 137
135	154	0.0	3	9 2 140 3
136	167	0.0	3	3 4 155 5
137	220	0.0	3	6 5 205 4
138	233	0.0	3	2 3 221 7
139	212	0.0	3	1 2 205 4
140	264	0.0	3	1 1 258 4
141	263	0.0	3	6 2 247 8
142	398	0.0	3	2 5 379 12
143	479	0.0	3	2 7 461 9
144	580	0.0	3	4 9 554 13
145	600	0.0	3	5 4 568 23
146	730	0.0	3	5 8 703 14
147	980	0.0	3	12 10 929 29
148	1791	0.0	3	1 18 1729 43
149	4354	0.0	3	2 33 4208 111
150	10167	0.0	3	1 108 9749 309


=== Second read: Adapter 2 ===

Sequence: AGATCGGAAGAGCGTCGTGTAGGGAAAGAGTGTA; Type: regular 3'; Length: 34; Trimmed: 9256783 times

No. of allowed errors:
0-9 bp: 0; 10-19 bp: 1; 20-29 bp: 2; 30-34 bp: 3

Bases preceding removed adapters:
  A: 16.9%
  C: 39.0%
  G: 29.0%
  T: 15.1%
  none/other: 0.0%

Overview of removed sequences
length	count	expect	max.err	error counts
3	384806	274647.8	0	384806
4	165995	68662.0	0	165995
5	329674	17165.5	0	329674
8	104521	268.2	0	104521
9	205634	67.1	0	205634
10	821	16.8	1	0 821
11	263629	4.2	1	207507 56122
12	812	1.0	1	0 812
13	297687	0.3	1	232153 65534
14	499	0.1	1	0 499
15	146144	0.0	1	115027 31117
16	316125	0.0	1	247049 69076
17	548	0.0	1	0 548
18	282020	0.0	1	222661 58935 424
19	1058	0.0	1	0 704 354
20	152165	0.0	2	115045 33541 3579
21	610580	0.0	2	462809 135158 12613
22	2350	0.0	2	0 1536 814
23	660	0.0	2	0 255 405
24	865	0.0	2	0 559 306
25	163583	0.0	2	123151 36684 3748
26	170612	0.0	2	125978 39713 4921
27	337369	0.0	2	250628 78002 8739
28	2930	0.0	2	0 1897 899 134
29	330982	0.0	2	243099 78397 9364 122
30	3148	0.0	3	0 2072 800 276
31	314880	0.0	3	230145 72760 7979 3996
32	2526	0.0	3	0 1636 620 270
33	161925	0.0	3	116749 38010 5219 1947
34	163514	0.0	3	67 118773 39430 5244
35	168759	0.0	3	108 121671 41318 5662
36	339050	0.0	3	49 247207 81837 9957
37	3301	0.0	3	45 453 1873 930
38	168710	0.0	3	76 122360 41034 5240
39	167054	0.0	3	75 120729 40983 5267
40	162092	0.0	3	117 115892 40618 5465
41	317159	0.0	3	85 230806 76494 9774
42	6293	0.0	3	324 884 3928 1157
43	589780	0.0	3	99 474345 102938 12398
44	4461	0.0	3	36 638 2806 981
45	164998	0.0	3	61 122426 38036 4475
46	266134	0.0	3	64 190805 67692 7573
47	6236	0.0	3	28 3317 1983 908
48	128761	0.0	3	92 90689 34118 3862
49	162527	0.0	3	37 122198 35988 4304
50	104420	0.0	3	88 70572 30237 3523
51	164807	0.0	3	75 125816 34439 4477
52	295094	0.0	3	68 205046 80459 9521
53	2661	0.0	3	5 859 1157 640
54	2060	0.0	3	17 378 1120 545
55	230314	0.0	3	40 158258 66213 5803
56	1633	0.0	3	2 458 792 381
57	789	0.0	3	12 145 405 227
58	79878	0.0	3	23 55535 22031 2289
59	123170	0.0	3	33 84102 36038 2997
60	1157	0.0	3	6 221 601 329
61	56834	0.0	3	30 37798 17312 1694
62	102102	0.0	3	33 69507 29827 2735
63	725	0.0	3	4 97 404 220
64	41087	0.0	3	18 27960 12159 950
65	41079	0.0	3	31 27905 12137 1006
66	43223	0.0	3	12 29895 12199 1117
67	37558	0.0	3	8 25734 10878 938
68	36906	0.0	3	6 25652 10292 956
69	33092	0.0	3	9 22650 9554 879
70	31044	0.0	3	20 21762 8467 795
71	26058	0.0	3	12 17993 7398 655
72	24020	0.0	3	20 16656 6769 575
73	21398	0.0	3	9 14993 5911 485
74	19562	0.0	3	9 13707 5423 423
75	18845	0.0	3	7 13440 4977 421
76	19599	0.0	3	4 14033 5097 465
77	14958	0.0	3	5 10393 4197 363
78	11952	0.0	3	4 8289 3358 301
79	10571	0.0	3	6 7125 3181 259
80	9748	0.0	3	4 6558 2942 244
81	7638	0.0	3	5 5098 2370 165
82	6672	0.0	3	2 4497 2008 165
83	5809	0.0	3	2 3951 1731 125
84	4985	0.0	3	1 3320 1536 128
85	4636	0.0	3	3 3202 1335 96
86	3909	0.0	3	2 2617 1198 92
87	3237	0.0	3	2 2147 1002 86
88	2711	0.0	3	2 1798 855 56
89	2412	0.0	3	1 1564 780 67
90	1975	0.0	3	1 1294 635 45
91	1591	0.0	3	1 1042 516 32
92	1471	0.0	3	0 983 460 28
93	1231	0.0	3	0 811 399 21
94	917	0.0	3	0 584 309 24
95	880	0.0	3	0 558 298 24
96	840	0.0	3	1 525 302 12
97	566	0.0	3	0 381 166 19
98	483	0.0	3	0 309 165 9
99	436	0.0	3	0 283 137 16
100	358	0.0	3	0 220 132 6
101	355	0.0	3	0 214 133 8
102	313	0.0	3	0 191 113 9
103	281	0.0	3	0 163 110 8
104	205	0.0	3	0 135 64 6
105	164	0.0	3	0 107 50 7
106	156	0.0	3	0 98 53 5
107	125	0.0	3	0 73 46 6
108	116	0.0	3	0 73 38 5
109	114	0.0	3	1 77 30 6
110	109	0.0	3	0 69 34 6
111	91	0.0	3	0 53 28 10
112	82	0.0	3	0 55 23 4
113	44	0.0	3	0 19 20 5
114	53	0.0	3	0 30 17 6
115	45	0.0	3	0 27 13 5
116	25	0.0	3	0 15 6 4
117	24	0.0	3	0 15 7 2
118	26	0.0	3	0 16 1 9
119	29	0.0	3	0 9 11 9
120	25	0.0	3	0 15 5 5
121	26	0.0	3	0 11 8 7
122	17	0.0	3	0 8 4 5
123	25	0.0	3	0 12 4 9
124	26	0.0	3	0 9 5 12
125	24	0.0	3	0 11 6 7
126	30	0.0	3	0 6 4 20
127	40	0.0	3	0 8 3 29
128	52	0.0	3	0 11 4 37
129	47	0.0	3	0 4 5 38
130	67	0.0	3	0 0 3 64
131	93	0.0	3	0 10 2 81
132	116	0.0	3	0 14 3 99
133	113	0.0	3	0 5 5 103
134	126	0.0	3	0 2 2 122
135	167	0.0	3	0 3 3 161
136	166	0.0	3	0 5 1 160
137	181	0.0	3	0 5 4 172
138	203	0.0	3	0 2 7 194
139	230	0.0	3	0 5 3 222
140	250	0.0	3	0 2 4 244
141	288	0.0	3	0 4 5 279
142	336	0.0	3	0 2 4 330
143	397	0.0	3	0 4 8 385
144	545	0.0	3	0 1 7 537
145	567	0.0	3	0 2 6 559
146	667	0.0	3	0 1 8 658
147	865	0.0	3	0 8 12 845
148	1352	0.0	3	0 0 22 1330
149	3533	0.0	3	0 0 37 3496
150	11374	0.0	3	0 2 104 11268
