This is cutadapt 2.9 with Python 3.5.2
Command line parameters: --nextseq-trim 10 --minimum-length 25 --cores 4 -a AGATCGGAAGAGCACACGTCTGAACTCCAGTCAC -A AGATCGGAAGAGCGTCGTGTAGGGAAAGAGTGTA -o Pacuta_ATAC_TP8_1755_R1_TrimmingRound1.fastq.gz -p Pacuta_ATAC_TP8_1755_R2_TrimmingRound1.fastq.gz Pacuta_ATAC_TP8_1755_R1.fastq.gz Pacuta_ATAC_TP8_1755_R2.fastq.gz
Processing reads on 4 cores in paired-end mode ...
Finished in 600.25 s (34 us/read; 1.74 M reads/minute).

=== Summary ===

Total read pairs processed:         17,431,655
  Read 1 with adapter:               8,990,346 (51.6%)
  Read 2 with adapter:               8,456,646 (48.5%)
Pairs written (passing filters):    17,329,558 (99.4%)

Total basepairs processed: 5,229,496,500 bp
  Read 1: 2,614,748,250 bp
  Read 2: 2,614,748,250 bp
Quality-trimmed:              30,439,067 bp (0.6%)
  Read 1:     5,783,783 bp
  Read 2:    24,655,284 bp
Total written (filtered):  4,626,949,368 bp (88.5%)
  Read 1: 2,303,628,978 bp
  Read 2: 2,323,320,390 bp

=== First read: Adapter 1 ===

Sequence: AGATCGGAAGAGCACACGTCTGAACTCCAGTCAC; Type: regular 3'; Length: 34; Trimmed: 8990346 times

No. of allowed errors:
0-9 bp: 0; 10-19 bp: 1; 20-29 bp: 2; 30-34 bp: 3

Bases preceding removed adapters:
  A: 16.4%
  C: 39.9%
  G: 19.8%
  T: 23.9%
  none/other: 0.0%

Overview of removed sequences
length	count	expect	max.err	error counts
3	291157	272369.6	0	291157
4	154456	68092.4	0	154456
5	354508	17023.1	0	354508
8	114231	266.0	0	114231
9	225287	66.5	0	225287
10	679	16.6	1	0 679
11	285486	4.2	1	225224 60262
12	739	1.0	1	0 739
13	148431	0.3	1	116323 32108
14	155240	0.1	1	121511 33729
15	153612	0.0	1	120462 33150
16	163297	0.0	1	127445 35852
17	309401	0.0	1	242585 66816
18	1357	0.0	1	0 1179 178
19	156484	0.0	1	121502 34361 621
20	155167	0.0	2	118051 34454 2662
21	310743	0.0	2	238597 67011 5135
22	2129	0.0	2	0 1509 620
23	159936	0.0	2	121610 35403 2923
24	164539	0.0	2	124463 36607 3469
25	166101	0.0	2	125719 36941 3441
26	168631	0.0	2	127649 37439 3543
27	168299	0.0	2	127033 37304 3962
28	170189	0.0	2	127281 38795 3993 120
29	322631	0.0	2	245232 70969 6108 322
30	3114	0.0	3	0 1862 852 400
31	162181	0.0	3	120156 36656 3850 1519
32	156384	0.0	3	116340 35186 3515 1343
33	160733	0.0	3	119251 36572 3618 1292
34	163056	0.0	3	120035 37609 3959 1453
35	164989	0.0	3	122524 37309 3772 1384
36	166675	0.0	3	122910 38068 4162 1535
37	166177	0.0	3	121884 38726 3995 1572
38	322711	0.0	3	240803 71656 7293 2959
39	4527	0.0	3	304 3105 918 200
40	294493	0.0	3	221630 65036 5596 2231
41	2902	0.0	3	114 1885 728 175
42	150129	0.0	3	110908 34459 3409 1353
43	153717	0.0	3	114528 34873 3142 1174
44	128339	0.0	3	96410 28654 2362 913
45	160018	0.0	3	118946 36377 3473 1222
46	125802	0.0	3	93179 29138 2600 885
47	267628	0.0	3	202753 58766 4485 1624
48	3051	0.0	3	333 1864 632 222
49	125144	0.0	3	94037 27775 2481 851
50	121429	0.0	3	90062 28067 2530 770
51	220780	0.0	3	166278 49515 3591 1396
52	3580	0.0	3	894 1724 767 195
53	106362	0.0	3	79010 24453 2114 785
54	205928	0.0	3	154582 46147 3802 1397
55	2275	0.0	3	277 1354 513 131
56	91111	0.0	3	68496 20456 1610 549
57	92002	0.0	3	68786 20981 1637 598
58	82300	0.0	3	61697 18766 1381 456
59	79112	0.0	3	59016 18251 1410 435
60	76572	0.0	3	56785 17844 1480 463
61	124243	0.0	3	93369 28381 1838 655
62	1691	0.0	3	296 930 352 113
63	57905	0.0	3	43270 13317 965 353
64	53337	0.0	3	39534 12586 932 285
65	93412	0.0	3	70676 20995 1284 457
66	1276	0.0	3	244 713 247 72
67	42233	0.0	3	31540 9802 652 239
68	39795	0.0	3	29806 8979 752 258
69	38146	0.0	3	28066 9171 688 221
70	91300	0.0	3	70106 20207 759 228
71	36287	0.0	3	26910 8606 597 174
72	26067	0.0	3	19200 6153 524 190
73	14594	0.0	3	10580 3557 333 124
74	12509	0.0	3	9220 2953 262 74
75	11682	0.0	3	8578 2802 229 73
76	10827	0.0	3	7866 2673 216 72
77	9781	0.0	3	7229 2332 165 55
78	7366	0.0	3	5410 1773 142 41
79	6540	0.0	3	4899 1502 107 32
80	5073	0.0	3	3674 1278 90 31
81	4484	0.0	3	3314 1050 92 28
82	3472	0.0	3	2557 836 60 19
83	3026	0.0	3	2247 708 53 18
84	2642	0.0	3	1973 617 33 19
85	2272	0.0	3	1689 527 44 12
86	1996	0.0	3	1451 492 44 9
87	1756	0.0	3	1289 432 29 6
88	1571	0.0	3	1154 376 30 11
89	1243	0.0	3	910 305 19 9
90	1116	0.0	3	825 267 22 2
91	929	0.0	3	667 238 19 5
92	817	0.0	3	597 196 16 8
93	655	0.0	3	474 168 8 5
94	571	0.0	3	435 118 17 1
95	519	0.0	3	373 135 8 3
96	390	0.0	3	279 100 9 2
97	372	0.0	3	257 103 8 4
98	286	0.0	3	210 66 7 3
99	253	0.0	3	182 61 8 2
100	230	0.0	3	151 69 8 2
101	175	0.0	3	129 36 9 1
102	181	0.0	3	134 42 5
103	115	0.0	3	68 36 9 2
104	126	0.0	3	87 26 9 4
105	85	0.0	3	52 28 5
106	51	0.0	3	38 10 2 1
107	82	0.0	3	48 18 15 1
108	63	0.0	3	50 9 4
109	36	0.0	3	21 12 2 1
110	53	0.0	3	33 6 11 3
111	47	0.0	3	23 10 12 2
112	27	0.0	3	14 7 5 1
113	36	0.0	3	18 8 9 1
114	29	0.0	3	14 6 9
115	42	0.0	3	11 5 25 1
116	30	0.0	3	5 3 22
117	27	0.0	3	4 3 17 3
118	37	0.0	3	6 5 24 2
119	31	0.0	3	2 1 28
120	37	0.0	3	4 2 31
121	44	0.0	3	5 2 34 3
122	26	0.0	3	2 0 23 1
123	46	0.0	3	4 0 41 1
124	27	0.0	3	3 0 22 2
125	30	0.0	3	5 1 22 2
126	42	0.0	3	3 0 37 2
127	34	0.0	3	2 0 31 1
128	59	0.0	3	5 0 52 2
129	59	0.0	3	4 2 53
130	59	0.0	3	1 4 53 1
131	71	0.0	3	6 2 62 1
132	68	0.0	3	0 3 63 2
133	95	0.0	3	1 2 90 2
134	73	0.0	3	2 0 69 2
135	109	0.0	3	6 2 96 5
136	91	0.0	3	4 0 87
137	125	0.0	3	1 1 121 2
138	128	0.0	3	3 0 120 5
139	131	0.0	3	3 3 122 3
140	140	0.0	3	3 2 131 4
141	148	0.0	3	1 1 140 6
142	193	0.0	3	5 3 178 7
143	230	0.0	3	3 4 216 7
144	295	0.0	3	5 3 281 6
145	298	0.0	3	3 2 286 7
146	311	0.0	3	2 0 296 13
147	464	0.0	3	4 5 430 25
148	784	0.0	3	2 7 755 20
149	1930	0.0	3	1 18 1839 72
150	4311	0.0	3	4 39 4083 185


=== Second read: Adapter 2 ===

Sequence: AGATCGGAAGAGCGTCGTGTAGGGAAAGAGTGTA; Type: regular 3'; Length: 34; Trimmed: 8456646 times

No. of allowed errors:
0-9 bp: 0; 10-19 bp: 1; 20-29 bp: 2; 30-34 bp: 3

Bases preceding removed adapters:
  A: 14.0%
  C: 40.2%
  G: 31.6%
  T: 14.2%
  none/other: 0.0%

Overview of removed sequences
length	count	expect	max.err	error counts
3	428648	272369.6	0	428648
4	173145	68092.4	0	173145
5	341811	17023.1	0	341811
8	108530	266.0	0	108530
9	212744	66.5	0	212744
10	844	16.6	1	0 844
11	263382	4.2	1	213403 49979
12	787	1.0	1	0 787
13	289612	0.3	1	232368 57244
14	534	0.1	1	0 534
15	141061	0.0	1	114237 26824
16	296941	0.0	1	238995 57946
17	664	0.0	1	0 664
18	267765	0.0	1	218191 49140 434
19	1033	0.0	1	0 706 327
20	146412	0.0	2	114058 28809 3545
21	577436	0.0	2	455429 110854 11153
22	2520	0.0	2	0 1654 866
23	790	0.0	2	0 325 465
24	1001	0.0	2	0 657 344
25	151155	0.0	2	118059 29537 3559
26	155562	0.0	2	119364 32181 4017
27	305103	0.0	2	237025 61092 6986
28	3129	0.0	2	0 2136 819 174
29	298021	0.0	2	229763 60604 7540 114
30	3211	0.0	3	0 2194 768 249
31	287007	0.0	3	220091 57066 6537 3313
32	2609	0.0	3	0 1593 660 356
33	147127	0.0	3	110812 30555 4078 1682
34	150188	0.0	3	111699 32002 4623 1864
35	300690	0.0	3	228661 61246 7538 3245
36	2837	0.0	3	208 1650 670 309
37	149869	0.0	3	113387 30845 3953 1684
38	153438	0.0	3	113925 32549 4925 2039
39	161518	0.0	3	116093 36561 6129 2735
40	411725	0.0	3	317575 82035 8663 3452
41	2356	0.0	3	315 1184 591 266
42	2515	0.0	3	403 1514 460 138
43	236509	0.0	3	181721 48379 4660 1749
44	2722	0.0	3	380 1544 603 195
45	130530	0.0	3	97880 28079 3316 1255
46	260484	0.0	3	200630 51873 5736 2245
47	3759	0.0	3	1226 1618 639 276
48	121191	0.0	3	91554 25439 2928 1270
49	129365	0.0	3	99760 25247 3007 1351
50	111094	0.0	3	83456 23408 3027 1203
51	127808	0.0	3	97974 25295 3220 1319
52	368041	0.0	3	289715 66943 7988 3395
53	2445	0.0	3	443 1187 545 270
54	2328	0.0	3	444 1329 451 104
55	210829	0.0	3	158105 47109 4184 1431
56	1458	0.0	3	327 669 311 151
57	913	0.0	3	114 484 259 56
58	72811	0.0	3	54441 16115 1624 631
59	113038	0.0	3	84141 25799 2234 864
60	1234	0.0	3	184 682 273 95
61	53335	0.0	3	39295 12356 1217 467
62	99817	0.0	3	75434 21522 2034 827
63	769	0.0	3	124 434 159 52
64	36048	0.0	3	26708 8424 679 237
65	38548	0.0	3	29073 8447 767 261
66	39570	0.0	3	29944 8561 766 299
67	35419	0.0	3	26572 7855 730 262
68	36627	0.0	3	27966 7599 758 304
69	30556	0.0	3	22804 6884 621 247
70	27684	0.0	3	20962 5958 548 216
71	24121	0.0	3	18204 5275 447 195
72	21801	0.0	3	16500 4656 435 210
73	20761	0.0	3	16051 4148 410 152
74	21532	0.0	3	16864 4131 394 143
75	27331	0.0	3	22711 4126 354 140
76	20467	0.0	3	16361 3591 343 172
77	11342	0.0	3	8349 2621 246 126
78	8564	0.0	3	6070 2240 166 88
79	7857	0.0	3	5513 2125 150 69
80	7476	0.0	3	5292 1984 142 58
81	5579	0.0	3	3989 1431 121 38
82	4426	0.0	3	3124 1155 109 38
83	3884	0.0	3	2792 984 75 33
84	3514	0.0	3	2474 948 74 18
85	3114	0.0	3	2277 761 54 22
86	2517	0.0	3	1803 646 49 19
87	2115	0.0	3	1474 566 48 27
88	1796	0.0	3	1267 479 35 15
89	1572	0.0	3	1078 443 33 18
90	1232	0.0	3	824 375 25 8
91	900	0.0	3	617 252 21 10
92	840	0.0	3	570 237 19 14
93	743	0.0	3	516 204 14 9
94	608	0.0	3	424 162 15 7
95	523	0.0	3	358 148 12 5
96	443	0.0	3	302 121 17 3
97	318	0.0	3	211 101 5 1
98	266	0.0	3	183 76 5 2
99	297	0.0	3	200 88 8 1
100	229	0.0	3	165 59 1 4
101	164	0.0	3	106 47 10 1
102	151	0.0	3	96 47 7 1
103	127	0.0	3	82 36 4 5
104	139	0.0	3	87 45 3 4
105	95	0.0	3	65 24 1 5
106	86	0.0	3	46 31 6 3
107	71	0.0	3	52 12 5 2
108	60	0.0	3	39 14 7
109	58	0.0	3	38 17 2 1
110	38	0.0	3	23 13 2
111	34	0.0	3	27 5 0 2
112	31	0.0	3	19 9 1 2
113	22	0.0	3	13 4 2 3
114	35	0.0	3	17 12 4 2
115	29	0.0	3	16 6 6 1
116	16	0.0	3	6 6 2 2
117	13	0.0	3	8 1 4
118	29	0.0	3	14 6 6 3
119	13	0.0	3	6 2 4 1
120	17	0.0	3	4 5 5 3
121	7	0.0	3	2 3 2
122	8	0.0	3	3 2 3
123	11	0.0	3	7 1 3
124	14	0.0	3	3 0 9 2
125	15	0.0	3	4 1 9 1
126	15	0.0	3	3 2 10
127	22	0.0	3	1 4 17
128	31	0.0	3	3 0 26 2
129	48	0.0	3	3 4 37 4
130	37	0.0	3	3 2 29 3
131	62	0.0	3	3 4 51 4
132	63	0.0	3	4 3 51 5
133	71	0.0	3	1 1 64 5
134	84	0.0	3	5 4 71 4
135	79	0.0	3	3 2 71 3
136	96	0.0	3	4 3 84 5
137	95	0.0	3	2 1 89 3
138	129	0.0	3	3 1 118 7
139	127	0.0	3	0 3 120 4
140	149	0.0	3	2 3 134 10
141	164	0.0	3	2 2 155 5
142	189	0.0	3	3 3 176 7
143	203	0.0	3	2 1 197 3
144	256	0.0	3	3 6 231 16
145	310	0.0	3	3 2 285 20
146	337	0.0	3	2 3 317 15
147	450	0.0	3	4 5 423 18
148	708	0.0	3	0 6 665 37
149	1664	0.0	3	0 10 1580 74
150	5154	0.0	3	1 54 4878 221
