This is cutadapt 2.9 with Python 3.5.2
Command line parameters: --nextseq-trim 10 --minimum-length 25 --cores 4 -a AGATCGGAAGAGCACACGTCTGAACTCCAGTCAC -A AGATCGGAAGAGCGTCGTGTAGGGAAAGAGTGTA -o Pacuta_HTHC_TP8_1184_R1_TrimmingRound1.fastq.gz -p Pacuta_HTHC_TP8_1184_R2_TrimmingRound1.fastq.gz Pacuta_HTHC_TP8_1184_R1.fastq.gz Pacuta_HTHC_TP8_1184_R2.fastq.gz
Processing reads on 4 cores in paired-end mode ...
Finished in 663.65 s (39 us/read; 1.56 M reads/minute).

=== Summary ===

Total read pairs processed:         17,208,731
  Read 1 with adapter:              10,244,065 (59.5%)
  Read 2 with adapter:               9,460,462 (55.0%)
Pairs written (passing filters):    17,074,330 (99.2%)

Total basepairs processed: 5,162,619,300 bp
  Read 1: 2,581,309,650 bp
  Read 2: 2,581,309,650 bp
Quality-trimmed:              35,002,608 bp (0.7%)
  Read 1:     6,237,109 bp
  Read 2:    28,765,499 bp
Total written (filtered):  4,421,762,630 bp (85.6%)
  Read 1: 2,196,069,989 bp
  Read 2: 2,225,692,641 bp

=== First read: Adapter 1 ===

Sequence: AGATCGGAAGAGCACACGTCTGAACTCCAGTCAC; Type: regular 3'; Length: 34; Trimmed: 10244065 times

No. of allowed errors:
0-9 bp: 0; 10-19 bp: 1; 20-29 bp: 2; 30-34 bp: 3

Bases preceding removed adapters:
  A: 17.0%
  C: 41.6%
  G: 18.2%
  T: 23.2%
  none/other: 0.0%

Overview of removed sequences
length	count	expect	max.err	error counts
3	246954	268886.4	0	246954
4	137791	67221.6	0	137791
5	326680	16805.4	0	326680
8	106581	262.6	0	106581
9	212072	65.6	0	212072
10	587	16.4	1	0 587
11	276635	4.1	1	213419 63216
12	670	1.0	1	0 670
13	145521	0.3	1	111675 33846
14	153589	0.1	1	117896 35693
15	153868	0.0	1	118246 35622
16	165061	0.0	1	125934 39127
17	313613	0.0	1	240530 73083
18	1282	0.0	1	0 1154 128
19	160558	0.0	1	121418 38581 559
20	157396	0.0	2	117272 37488 2636
21	319197	0.0	2	239728 74115 5354
22	2020	0.0	2	0 1399 621
23	163675	0.0	2	121841 38848 2986
24	172885	0.0	2	128636 40758 3491
25	175685	0.0	2	130203 41887 3595
26	180840	0.0	2	133587 43396 3857
27	181863	0.0	2	134029 43592 4242
28	182775	0.0	2	133470 44806 4404 95
29	350548	0.0	2	260095 83542 6655 256
30	3301	0.0	3	0 1884 965 452
31	177366	0.0	3	128753 42795 4238 1580
32	170918	0.0	3	124584 41237 3713 1384
33	177814	0.0	3	129022 43414 4050 1328
34	180549	0.0	3	130925 43708 4333 1583
35	185572	0.0	3	135022 44932 4307 1311
36	199695	0.0	3	142280 49701 5556 2158
37	374801	0.0	3	274515 89572 7748 2966
38	5397	0.0	3	314 3605 1192 286
39	359498	0.0	3	264414 85967 6637 2480
40	3173	0.0	3	124 2097 771 181
41	169731	0.0	3	124552 40811 3221 1147
42	168087	0.0	3	122615 40986 3284 1202
43	170826	0.0	3	124189 41610 3747 1280
44	170992	0.0	3	124533 41613 3533 1313
45	189828	0.0	3	137777 46337 4190 1524
46	162404	0.0	3	117445 40219 3602 1138
47	341882	0.0	3	251897 81679 6073 2233
48	4119	0.0	3	661 2290 883 285
49	160469	0.0	3	116989 39174 3205 1101
50	157225	0.0	3	113659 39366 3162 1038
51	284869	0.0	3	210669 67921 4596 1683
52	6043	0.0	3	2209 2530 1003 301
53	139153	0.0	3	100935 34468 2805 945
54	275388	0.0	3	201946 66697 4965 1780
55	3561	0.0	3	631 1978 769 183
56	125175	0.0	3	92115 30226 2095 739
57	129201	0.0	3	94377 31648 2395 781
58	115930	0.0	3	84675 28611 1956 688
59	112703	0.0	3	81586 28426 2062 629
60	109767	0.0	3	79279 27702 2138 648
61	178164	0.0	3	130317 44413 2524 910
62	2595	0.0	3	592 1370 490 143
63	85781	0.0	3	62470 21354 1509 448
64	77514	0.0	3	55907 19762 1431 414
65	139557	0.0	3	102889 34058 1967 643
66	2135	0.0	3	550 1105 382 98
67	65186	0.0	3	47555 16301 987 343
68	61580	0.0	3	44640 15539 1048 353
69	60030	0.0	3	42919 15641 1155 315
70	141458	0.0	3	105316 34584 1214 344
71	64715	0.0	3	46969 16449 1013 284
72	43779	0.0	3	31301 11378 829 271
73	23715	0.0	3	16781 6188 562 184
74	20555	0.0	3	14759 5188 439 169
75	19353	0.0	3	13804 5035 384 130
76	18540	0.0	3	13235 4834 355 116
77	16295	0.0	3	11726 4153 323 93
78	12682	0.0	3	9154 3218 233 77
79	10338	0.0	3	7405 2671 206 56
80	8802	0.0	3	6260 2321 167 54
81	6960	0.0	3	4984 1833 114 29
82	6283	0.0	3	4511 1645 98 29
83	5157	0.0	3	3602 1398 112 45
84	4634	0.0	3	3257 1262 79 36
85	4033	0.0	3	2918 1017 82 16
86	3658	0.0	3	2592 980 61 25
87	3238	0.0	3	2288 864 69 17
88	2743	0.0	3	1965 720 37 21
89	2240	0.0	3	1634 561 36 9
90	2026	0.0	3	1444 536 38 8
91	1749	0.0	3	1283 425 29 12
92	1410	0.0	3	993 383 28 6
93	1167	0.0	3	846 299 17 5
94	991	0.0	3	682 278 25 6
95	944	0.0	3	674 253 13 4
96	684	0.0	3	487 182 13 2
97	624	0.0	3	422 183 13 6
98	541	0.0	3	384 142 13 2
99	463	0.0	3	322 129 12
100	426	0.0	3	289 126 7 4
101	321	0.0	3	228 78 9 6
102	316	0.0	3	225 79 11 1
103	221	0.0	3	140 65 13 3
104	184	0.0	3	115 57 12
105	162	0.0	3	107 49 5 1
106	118	0.0	3	77 33 8
107	103	0.0	3	66 27 10
108	89	0.0	3	52 27 9 1
109	95	0.0	3	45 33 17
110	66	0.0	3	39 17 10
111	80	0.0	3	46 11 21 2
112	72	0.0	3	38 9 24 1
113	39	0.0	3	18 8 12 1
114	50	0.0	3	14 8 27 1
115	48	0.0	3	18 3 26 1
116	40	0.0	3	7 3 30
117	53	0.0	3	13 3 36 1
118	38	0.0	3	7 4 27
119	52	0.0	3	5 4 42 1
120	41	0.0	3	3 4 34
121	53	0.0	3	7 0 46
122	64	0.0	3	7 2 53 2
123	57	0.0	3	6 3 47 1
124	58	0.0	3	8 1 44 5
125	70	0.0	3	4 2 60 4
126	56	0.0	3	2 2 48 4
127	72	0.0	3	3 2 66 1
128	73	0.0	3	6 0 62 5
129	77	0.0	3	5 0 71 1
130	80	0.0	3	4 3 72 1
131	101	0.0	3	4 2 90 5
132	116	0.0	3	4 2 103 7
133	115	0.0	3	4 1 106 4
134	110	0.0	3	5 2 97 6
135	143	0.0	3	4 2 135 2
136	157	0.0	3	3 3 147 4
137	171	0.0	3	6 4 156 5
138	202	0.0	3	6 3 184 9
139	195	0.0	3	5 3 185 2
140	217	0.0	3	4 5 202 6
141	199	0.0	3	4 5 182 8
142	245	0.0	3	2 5 235 3
143	393	0.0	3	6 8 366 13
144	412	0.0	3	8 3 388 13
145	430	0.0	3	5 8 402 15
146	496	0.0	3	4 10 467 15
147	594	0.0	3	4 8 560 22
148	1135	0.0	3	3 19 1074 39
149	2916	0.0	3	7 41 2790 78
150	6342	0.0	3	1 69 6066 206


=== Second read: Adapter 2 ===

Sequence: AGATCGGAAGAGCGTCGTGTAGGGAAAGAGTGTA; Type: regular 3'; Length: 34; Trimmed: 9460462 times

No. of allowed errors:
0-9 bp: 0; 10-19 bp: 1; 20-29 bp: 2; 30-34 bp: 3

Bases preceding removed adapters:
  A: 14.9%
  C: 41.8%
  G: 28.5%
  T: 14.8%
  none/other: 0.0%

Overview of removed sequences
length	count	expect	max.err	error counts
3	380487	268886.4	0	380487
4	155647	67221.6	0	155647
5	316044	16805.4	0	316044
8	101242	262.6	0	101242
9	200399	65.6	0	200399
10	750	16.4	1	0 750
11	252211	4.1	1	202874 49337
12	658	1.0	1	0 658
13	280429	0.3	1	222427 58002
14	431	0.1	1	0 431
15	138773	0.0	1	111601 27172
16	292275	0.0	1	232306 59969
17	689	0.0	1	0 689
18	275165	0.0	1	220491 54271 403
19	1149	0.0	1	0 761 388
20	147359	0.0	2	113235 30426 3698
21	591596	0.0	2	462426 118437 10733
22	3127	0.0	2	0 1974 1153
23	874	0.0	2	0 354 520
24	935	0.0	2	0 607 328
25	158126	0.0	2	123044 31761 3321
26	164753	0.0	2	125575 35100 4078
27	325285	0.0	2	250338 67754 7193
28	3294	0.0	2	0 2266 839 189
29	318883	0.0	2	243284 67805 7658 136
30	3478	0.0	3	0 2344 846 288
31	312281	0.0	3	236479 65389 7014 3399
32	2694	0.0	3	0 1636 651 407
33	160191	0.0	3	120194 33615 4504 1878
34	161980	0.0	3	415 122353 34950 4262
35	166723	0.0	3	432 126040 36023 4228
36	173227	0.0	3	381 129338 38368 5140
37	339299	0.0	3	817 254054 72392 12036
38	3194	0.0	3	11 462 1865 856
39	165789	0.0	3	363 123371 36127 5928
40	176306	0.0	3	443 127792 39751 8320
41	299611	0.0	3	657 224878 64555 9521
42	3299	0.0	3	4 318 2272 705
43	294630	0.0	3	732 223617 61526 8755
44	2919	0.0	3	19 531 1649 720
45	155555	0.0	3	379 115833 33936 5407
46	311579	0.0	3	655 235014 65722 10188
47	4234	0.0	3	48 1124 2072 990
48	152935	0.0	3	378 113659 33327 5571
49	150582	0.0	3	500 112302 32385 5395
50	141174	0.0	3	397 104719 30798 5260
51	142479	0.0	3	451 104408 31843 5777
52	459839	0.0	3	1163 352774 89257 16645
53	3011	0.0	3	13 699 1532 767
54	2588	0.0	3	3 372 1661 552
55	304080	0.0	3	534 227273 68244 8029
56	2033	0.0	3	17 573 951 492
57	1149	0.0	3	1 157 650 341
58	104276	0.0	3	250 76824 23756 3446
59	170574	0.0	3	248 126901 39248 4177
60	1615	0.0	3	10 267 915 423
61	79950	0.0	3	117 58643 18827 2363
62	153411	0.0	3	270 115087 33729 4325
63	1148	0.0	3	3 185 737 223
64	55183	0.0	3	74 40533 13283 1293
65	60565	0.0	3	145 45392 13393 1635
66	60308	0.0	3	107 44885 13607 1709
67	57113	0.0	3	80 42742 12805 1486
68	56778	0.0	3	101 42566 12434 1677
69	48475	0.0	3	84 35905 11188 1298
70	43750	0.0	3	84 32658 9870 1138
71	38091	0.0	3	72 28357 8593 1069
72	34300	0.0	3	77 25542 7707 974
73	32375	0.0	3	46 24278 7054 997
74	33842	0.0	3	61 26075 6761 945
75	48957	0.0	3	108 40079 7459 1311
76	35853	0.0	3	115 27962 6587 1189
77	18421	0.0	3	54 13142 4608 617
78	14581	0.0	3	29 10203 3953 396
79	13254	0.0	3	31 9119 3770 334
80	12092	0.0	3	20 8376 3434 262
81	9867	0.0	3	19 6768 2838 242
82	7945	0.0	3	8 5533 2231 173
83	6601	0.0	3	14 4631 1808 148
84	5791	0.0	3	3 4077 1588 123
85	5374	0.0	3	6 3732 1506 130
86	4530	0.0	3	2 3089 1338 101
87	3685	0.0	3	7 2469 1132 77
88	3108	0.0	3	0 2095 939 74
89	2691	0.0	3	4 1795 827 65
90	2220	0.0	3	0 1485 682 53
91	1765	0.0	3	1 1154 579 31
92	1568	0.0	3	0 1052 474 42
93	1310	0.0	3	2 885 388 35
94	1018	0.0	3	1 685 312 20
95	890	0.0	3	1 566 304 19
96	730	0.0	3	3 468 237 22
97	615	0.0	3	1 414 184 16
98	541	0.0	3	0 351 182 8
99	423	0.0	3	0 271 145 7
100	406	0.0	3	0 275 117 14
101	329	0.0	3	0 212 106 11
102	299	0.0	3	0 185 102 12
103	238	0.0	3	0 153 77 8
104	202	0.0	3	0 142 55 5
105	158	0.0	3	0 108 46 4
106	128	0.0	3	1 85 40 2
107	108	0.0	3	0 63 39 6
108	93	0.0	3	0 64 27 2
109	72	0.0	3	0 47 24 1
110	70	0.0	3	1 51 16 2
111	58	0.0	3	0 35 20 3
112	88	0.0	3	0 55 27 6
113	35	0.0	3	0 22 8 5
114	30	0.0	3	0 16 11 3
115	27	0.0	3	0 16 9 2
116	25	0.0	3	0 16 3 6
117	20	0.0	3	0 13 6 1
118	12	0.0	3	0 6 3 3
119	12	0.0	3	0 6 2 4
120	16	0.0	3	0 4 8 4
121	16	0.0	3	1 8 2 5
122	13	0.0	3	0 6 1 6
123	12	0.0	3	0 2 1 9
124	24	0.0	3	0 10 1 13
125	16	0.0	3	0 4 3 9
126	28	0.0	3	0 3 2 23
127	24	0.0	3	0 0 3 21
128	61	0.0	3	0 9 4 48
129	48	0.0	3	0 5 2 41
130	64	0.0	3	0 5 1 58
131	71	0.0	3	0 5 5 61
132	120	0.0	3	0 7 1 112
133	93	0.0	3	0 3 4 86
134	104	0.0	3	0 5 3 96
135	128	0.0	3	0 4 2 122
136	142	0.0	3	0 6 6 130
137	128	0.0	3	0 4 5 119
138	170	0.0	3	0 4 7 159
139	194	0.0	3	0 4 4 186
140	203	0.0	3	0 2 6 195
141	208	0.0	3	0 0 4 204
142	222	0.0	3	0 3 6 213
143	319	0.0	3	0 2 8 309
144	359	0.0	3	0 6 14 339
145	395	0.0	3	0 7 8 380
146	487	0.0	3	0 4 6 477
147	590	0.0	3	0 3 8 579
148	970	0.0	3	0 4 15 951
149	2363	0.0	3	0 2 26 2335
150	7440	0.0	3	0 3 104 7333
