This is cutadapt 2.9 with Python 3.5.2
Command line parameters: --nextseq-trim 10 --minimum-length 25 --cores 4 -a AGATCGGAAGAGCACACGTCTGAACTCCAGTCAC -A AGATCGGAAGAGCGTCGTGTAGGGAAAGAGTGTA -o Pacuta_ATHC_TP11_2879_R1_TrimmingRound1.fastq.gz -p Pacuta_ATHC_TP11_2879_R2_TrimmingRound1.fastq.gz Pacuta_ATHC_TP11_2879_R1.fastq.gz Pacuta_ATHC_TP11_2879_R2.fastq.gz
Processing reads on 4 cores in paired-end mode ...
Finished in 726.80 s (38 us/read; 1.59 M reads/minute).

=== Summary ===

Total read pairs processed:         19,289,808
  Read 1 with adapter:               7,505,286 (38.9%)
  Read 2 with adapter:               7,664,389 (39.7%)
Pairs written (passing filters):    19,238,757 (99.7%)

Total basepairs processed: 5,786,942,400 bp
  Read 1: 2,893,471,200 bp
  Read 2: 2,893,471,200 bp
Quality-trimmed:              11,908,290 bp (0.2%)
  Read 1:     5,104,101 bp
  Read 2:     6,804,189 bp
Total written (filtered):  5,171,531,111 bp (89.4%)
  Read 1: 2,586,120,493 bp
  Read 2: 2,585,410,618 bp

=== First read: Adapter 1 ===

Sequence: AGATCGGAAGAGCACACGTCTGAACTCCAGTCAC; Type: regular 3'; Length: 34; Trimmed: 7505286 times

No. of allowed errors:
0-9 bp: 0; 10-19 bp: 1; 20-29 bp: 2; 30-34 bp: 3

Bases preceding removed adapters:
  A: 17.8%
  C: 28.6%
  G: 36.4%
  T: 17.1%
  none/other: 0.1%

Overview of removed sequences
length	count	expect	max.err	error counts
3	343051	301403.2	0	343051
4	146561	75350.8	0	146561
5	273049	18837.7	0	273049
8	86627	294.3	0	86627
9	173977	73.6	0	173977
10	593	18.4	1	0 593
11	179263	4.6	1	175895 3368
12	437	1.1	1	0 437
13	91307	0.3	1	89162 2145
14	92523	0.1	1	90195 2328
15	91650	0.0	1	89315 2335
16	92108	0.0	1	89349 2759
17	183919	0.0	1	179328 4591
18	603	0.0	1	0 556 47
19	93917	0.0	1	90992 2817 108
20	93730	0.0	2	90019 3447 264
21	187962	0.0	2	181954 5420 588
22	831	0.0	2	0 782 49
23	95621	0.0	2	91839 3389 393
24	95604	0.0	2	91555 3677 372
25	95782	0.0	2	91859 3558 365
26	96206	0.0	2	92039 3804 363
27	95573	0.0	2	91273 3787 513
28	97288	0.0	2	91986 4863 385 54
29	192064	0.0	2	184248 7000 713 103
30	1589	0.0	3	0 1133 173 283
31	97409	0.0	3	92284 4547 457 121
32	98325	0.0	3	92882 4792 554 97
33	99486	0.0	3	93020 5928 412 126
34	194995	0.0	3	185746 8241 832 176
35	1577	0.0	3	74 1348 116 39
36	98632	0.0	3	93151 4862 513 106
37	98342	0.0	3	92625 5128 473 116
38	97942	0.0	3	92374 4946 524 98
39	100295	0.0	3	93802 5928 449 116
40	194079	0.0	3	185003 8198 686 192
41	1515	0.0	3	53 1307 122 33
42	97366	0.0	3	91923 4903 420 120
43	98364	0.0	3	92946 4919 395 104
44	98837	0.0	3	93169 5103 427 138
45	100726	0.0	3	94959 5218 454 95
46	98032	0.0	3	91829 5762 360 81
47	192318	0.0	3	183811 7785 587 135
48	1749	0.0	3	174 1381 141 53
49	96761	0.0	3	91643 4653 395 70
50	97348	0.0	3	91392 5614 265 77
51	189295	0.0	3	181130 7500 531 134
52	1742	0.0	3	235 1307 181 19
53	96192	0.0	3	90253 5500 334 105
54	186817	0.0	3	178579 7610 506 122
55	1523	0.0	3	199 1189 112 23
56	93453	0.0	3	88537 4539 298 79
57	92044	0.0	3	86861 4774 341 68
58	90134	0.0	3	85236 4495 314 89
59	89632	0.0	3	84697 4498 384 53
60	88742	0.0	3	83062 5315 296 69
61	170359	0.0	3	162783 7052 411 113
62	1487	0.0	3	239 1121 97 30
63	84723	0.0	3	80219 4124 328 52
64	85095	0.0	3	79638 5141 253 63
65	160437	0.0	3	153164 6708 457 108
66	1387	0.0	3	199 1046 116 26
67	77429	0.0	3	73369 3734 267 59
68	75285	0.0	3	71112 3862 258 53
69	72356	0.0	3	68494 3525 271 66
70	69123	0.0	3	65426 3430 216 51
71	66426	0.0	3	62873 3302 209 42
72	78600	0.0	3	74654 3633 258 55
73	62278	0.0	3	59108 2892 217 61
74	61473	0.0	3	58377 2866 194 36
75	58524	0.0	3	55633 2662 190 39
76	51500	0.0	3	48888 2432 146 34
77	50362	0.0	3	47831 2319 181 31
78	45345	0.0	3	43100 2087 121 37
79	42106	0.0	3	39998 1971 113 24
80	38660	0.0	3	36684 1840 108 28
81	36026	0.0	3	34076 1831 96 23
82	31207	0.0	3	29641 1479 69 18
83	28030	0.0	3	26666 1294 54 16
84	25343	0.0	3	24088 1175 65 15
85	23227	0.0	3	22053 1109 49 16
86	21051	0.0	3	20045 929 63 14
87	18736	0.0	3	17748 920 49 19
88	17463	0.0	3	16564 834 54 11
89	14001	0.0	3	13343 613 34 11
90	12688	0.0	3	12098 551 33 6
91	11324	0.0	3	10804 487 28 5
92	9639	0.0	3	9196 415 15 13
93	7551	0.0	3	7196 324 27 4
94	6755	0.0	3	6422 314 15 4
95	5982	0.0	3	5701 260 19 2
96	4653	0.0	3	4421 214 17 1
97	4408	0.0	3	4194 192 14 8
98	3847	0.0	3	3657 177 9 4
99	3493	0.0	3	3316 162 10 5
100	2856	0.0	3	2706 139 7 4
101	2383	0.0	3	2265 111 4 3
102	2034	0.0	3	1939 85 6 4
103	1455	0.0	3	1406 42 5 2
104	1347	0.0	3	1263 77 6 1
105	1114	0.0	3	1063 50 0 1
106	1027	0.0	3	981 39 6 1
107	796	0.0	3	749 44 3
108	759	0.0	3	712 39 7 1
109	709	0.0	3	677 29 1 2
110	568	0.0	3	542 22 2 2
111	539	0.0	3	512 21 2 4
112	499	0.0	3	467 26 4 2
113	473	0.0	3	453 17 2 1
114	454	0.0	3	429 23 2
115	397	0.0	3	362 27 2 6
116	380	0.0	3	362 15 1 2
117	416	0.0	3	377 36 2 1
118	395	0.0	3	372 18 5
119	415	0.0	3	392 23
120	391	0.0	3	367 23 0 1
121	455	0.0	3	428 24 2 1
122	461	0.0	3	436 22 1 2
123	457	0.0	3	430 24 3
124	452	0.0	3	435 15 1 1
125	514	0.0	3	493 19 1 1
126	557	0.0	3	534 23
127	610	0.0	3	575 31 4
128	673	0.0	3	630 43
129	694	0.0	3	642 49 3
130	769	0.0	3	726 38 5
131	877	0.0	3	828 49
132	981	0.0	3	919 59 2 1
133	999	0.0	3	940 55 4
134	1183	0.0	3	1101 80 2
135	1251	0.0	3	1169 79 3
136	1375	0.0	3	1284 88 3
137	1459	0.0	3	1380 77 1 1
138	1413	0.0	3	1327 82 2 2
139	1409	0.0	3	1292 116 1
140	1671	0.0	3	1546 115 10
141	1831	0.0	3	1688 136 6 1
142	1102	0.0	3	963 133 6
143	1186	0.0	3	997 181 6 2
144	1241	0.0	3	1034 200 6 1
145	1408	0.0	3	1183 214 10 1
146	1641	0.0	3	1295 322 24
147	1948	0.0	3	1155 753 39 1
148	2428	0.0	3	344 1974 104 6
149	6337	0.0	3	203 5810 309 15
150	14611	0.0	3	429 13462 688 32


=== Second read: Adapter 2 ===

Sequence: AGATCGGAAGAGCGTCGTGTAGGGAAAGAGTGTA; Type: regular 3'; Length: 34; Trimmed: 7664389 times

No. of allowed errors:
0-9 bp: 0; 10-19 bp: 1; 20-29 bp: 2; 30-34 bp: 3

Bases preceding removed adapters:
  A: 17.2%
  C: 27.3%
  G: 45.4%
  T: 10.0%
  none/other: 0.1%

Overview of removed sequences
length	count	expect	max.err	error counts
3	478639	301403.2	0	478639
4	179053	75350.8	0	179053
5	276243	18837.7	0	276243
8	86684	294.3	0	86684
9	173816	73.6	0	173816
10	737	18.4	1	0 737
11	179073	4.6	1	175785 3288
12	718	1.1	1	0 718
13	183498	0.3	1	179625 3873
14	453	0.1	1	0 453
15	91171	0.0	1	88672 2499
16	183653	0.0	1	178699 4954
17	729	0.0	1	0 729
18	184145	0.0	1	179048 4906 191
19	800	0.0	1	0 576 224
20	94392	0.0	2	89785 4205 402
21	376676	0.0	2	363278 12089 1309
22	858	0.0	2	0 751 107
23	408	0.0	2	0 125 283
24	700	0.0	2	0 570 130
25	95448	0.0	2	90970 3905 573
26	96543	0.0	2	91339 4734 470
27	190163	0.0	2	181698 7338 1127
28	1609	0.0	2	0 1409 121 79
29	192624	0.0	2	183485 8020 1091 28
30	1708	0.0	3	0 1534 109 65
31	193301	0.0	3	183749 7992 1111 449
32	1196	0.0	3	0 907 160 129
33	98177	0.0	3	92344 4395 1176 262
34	98282	0.0	3	22 92419 5206 635
35	98484	0.0	3	24 92521 5237 702
36	98956	0.0	3	16 92256 5919 765
37	193937	0.0	3	38 183556 8928 1415
38	1217	0.0	3	3 92 971 151
39	99094	0.0	3	42 93156 5054 842
40	98419	0.0	3	18 92134 5537 730
41	193823	0.0	3	46 183696 8670 1411
42	1816	0.0	3	0 118 1614 84
43	194347	0.0	3	57 184216 8768 1306
44	1308	0.0	3	0 236 875 197
45	99444	0.0	3	50 93150 5549 695
46	194165	0.0	3	84 184560 8332 1189
47	1296	0.0	3	0 217 957 122
48	96212	0.0	3	26 90757 4748 681
49	96709	0.0	3	18 91201 4766 724
50	96300	0.0	3	25 90694 4800 781
51	96862	0.0	3	23 90333 5849 657
52	283330	0.0	3	121 269404 11948 1857
53	1062	0.0	3	0 366 478 218
54	2101	0.0	3	0 105 1870 126
55	275728	0.0	3	157 263084 10988 1499
56	933	0.0	3	1 385 435 112
57	842	0.0	3	0 71 578 193
58	90378	0.0	3	12 85276 4486 604
59	175293	0.0	3	58 167677 6603 955
60	1192	0.0	3	0 223 828 141
61	86717	0.0	3	15 82000 4183 519
62	169556	0.0	3	102 162427 6064 963
63	1074	0.0	3	6 210 774 84
64	83448	0.0	3	27 79616 3365 440
65	82927	0.0	3	10 78712 3667 538
66	79382	0.0	3	26 75547 3360 449
67	77579	0.0	3	13 73727 3359 480
68	75207	0.0	3	52 71601 3152 402
69	72265	0.0	3	17 68895 2983 370
70	68959	0.0	3	11 65668 2948 332
71	66148	0.0	3	10 62953 2866 319
72	63657	0.0	3	3 60679 2615 360
73	61021	0.0	3	25 58120 2530 346
74	59119	0.0	3	21 56431 2372 295
75	56268	0.0	3	18 53649 2367 234
76	62559	0.0	3	8 59551 2680 320
77	50923	0.0	3	11 48601 2065 246
78	46148	0.0	3	4 44012 1910 222
79	43853	0.0	3	6 41874 1803 170
80	40769	0.0	3	9 38967 1598 195
81	35038	0.0	3	11 33510 1374 143
82	32453	0.0	3	10 31091 1200 152
83	29012	0.0	3	7 27727 1153 125
84	25657	0.0	3	5 24506 1026 120
85	24059	0.0	3	15 23078 855 111
86	21286	0.0	3	7 20332 836 111
87	19030	0.0	3	3 18189 734 104
88	16780	0.0	3	2 16094 622 62
89	15282	0.0	3	1 14599 600 82
90	13014	0.0	3	1 12376 558 79
91	11370	0.0	3	3 10860 448 59
92	9520	0.0	3	3 9092 371 54
93	8020	0.0	3	3 7676 299 42
94	6734	0.0	3	1 6420 272 41
95	5812	0.0	3	2 5534 252 24
96	5075	0.0	3	0 4825 215 35
97	4475	0.0	3	2 4243 197 33
98	3980	0.0	3	0 3786 165 29
99	3388	0.0	3	0 3236 131 21
100	2802	0.0	3	1 2659 124 18
101	2450	0.0	3	2 2345 87 16
102	2019	0.0	3	0 1917 86 16
103	1623	0.0	3	0 1545 59 19
104	1451	0.0	3	0 1369 67 15
105	1166	0.0	3	0 1098 57 11
106	1011	0.0	3	0 951 48 12
107	901	0.0	3	0 855 36 10
108	800	0.0	3	0 743 46 11
109	730	0.0	3	0 686 32 12
110	632	0.0	3	1 577 41 13
111	609	0.0	3	1 555 39 14
112	537	0.0	3	0 499 25 13
113	492	0.0	3	0 456 21 15
114	482	0.0	3	0 439 31 12
115	447	0.0	3	0 404 33 10
116	413	0.0	3	0 373 29 11
117	412	0.0	3	0 385 21 6
118	472	0.0	3	1 430 31 10
119	455	0.0	3	0 407 30 18
120	425	0.0	3	1 392 27 5
121	445	0.0	3	0 413 26 6
122	460	0.0	3	0 432 26 2
123	493	0.0	3	2 460 21 10
124	496	0.0	3	0 457 33 6
125	530	0.0	3	0 504 22 4
126	541	0.0	3	0 503 36 2
127	594	0.0	3	0 550 40 4
128	635	0.0	3	0 597 31 7
129	691	0.0	3	0 656 30 5
130	762	0.0	3	0 715 41 6
131	869	0.0	3	1 811 51 6
132	921	0.0	3	0 865 53 3
133	1041	0.0	3	0 981 54 6
134	1131	0.0	3	0 1054 70 7
135	1292	0.0	3	0 1225 62 5
136	1329	0.0	3	0 1260 58 11
137	1468	0.0	3	0 1381 78 9
138	1474	0.0	3	1 1405 64 4
139	1329	0.0	3	0 1241 81 7
140	1624	0.0	3	0 1527 93 4
141	1904	0.0	3	0 1764 131 9
142	1078	0.0	3	0 982 87 9
143	1123	0.0	3	0 1006 110 7
144	1220	0.0	3	0 1062 145 13
145	1373	0.0	3	0 1206 159 8
146	1636	0.0	3	0 1350 271 15
147	1730	0.0	3	0 1272 444 14
148	1652	0.0	3	0 373 1230 49
149	5091	0.0	3	0 175 4722 194
150	16819	0.0	3	0 508 15748 563
