This is cutadapt 2.9 with Python 3.5.2
Command line parameters: --nextseq-trim 10 --minimum-length 25 --cores 4 -a AGATCGGAAGAGCACACGTCTGAACTCCAGTCAC -A AGATCGGAAGAGCGTCGTGTAGGGAAAGAGTGTA -o Pacuta_ATHC_TP6_2870_R1_TrimmingRound1.fastq.gz -p Pacuta_ATHC_TP6_2870_R2_TrimmingRound1.fastq.gz Pacuta_ATHC_TP6_2870_R1.fastq.gz Pacuta_ATHC_TP6_2870_R2.fastq.gz
Processing reads on 4 cores in paired-end mode ...
Finished in 676.30 s (39 us/read; 1.53 M reads/minute).

=== Summary ===

Total read pairs processed:         17,292,386
  Read 1 with adapter:               8,131,830 (47.0%)
  Read 2 with adapter:               7,579,875 (43.8%)
Pairs written (passing filters):    17,186,126 (99.4%)

Total basepairs processed: 5,187,715,800 bp
  Read 1: 2,593,857,900 bp
  Read 2: 2,593,857,900 bp
Quality-trimmed:              35,827,028 bp (0.7%)
  Read 1:     5,596,902 bp
  Read 2:    30,230,126 bp
Total written (filtered):  4,652,404,776 bp (89.7%)
  Read 1: 2,316,359,006 bp
  Read 2: 2,336,045,770 bp

=== First read: Adapter 1 ===

Sequence: AGATCGGAAGAGCACACGTCTGAACTCCAGTCAC; Type: regular 3'; Length: 34; Trimmed: 8131830 times

No. of allowed errors:
0-9 bp: 0; 10-19 bp: 1; 20-29 bp: 2; 30-34 bp: 3

Bases preceding removed adapters:
  A: 17.6%
  C: 39.5%
  G: 19.4%
  T: 23.5%
  none/other: 0.0%

Overview of removed sequences
length	count	expect	max.err	error counts
3	297050	270193.5	0	297050
4	150807	67548.4	0	150807
5	328657	16887.1	0	328657
8	106000	263.9	0	106000
9	210199	66.0	0	210199
10	576	16.5	1	0 576
11	273463	4.1	1	208938 64525
12	586	1.0	1	0 586
13	141567	0.3	1	107452 34115
14	146337	0.1	1	111128 35209
15	142957	0.0	1	108973 33984
16	151829	0.0	1	115031 36798
17	288117	0.0	1	220526 67591
18	1128	0.0	1	0 959 169
19	147649	0.0	1	111212 35880 557
20	144913	0.0	2	107481 34831 2601
21	291511	0.0	2	217086 69304 5121
22	1832	0.0	2	0 1265 567
23	148168	0.0	2	109465 35939 2764
24	152199	0.0	2	111600 37345 3254
25	152404	0.0	2	111916 37202 3286
26	153503	0.0	2	112701 37522 3280
27	153174	0.0	2	112286 37152 3736
28	153185	0.0	2	111444 37904 3749 88
29	293617	0.0	2	216530 70880 5912 295
30	2892	0.0	3	0 1681 809 402
31	148338	0.0	3	107070 36213 3649 1406
32	143445	0.0	3	103878 35029 3316 1222
33	145657	0.0	3	104974 35976 3455 1252
34	147093	0.0	3	105744 36250 3750 1349
35	147580	0.0	3	106117 36640 3540 1283
36	148555	0.0	3	106744 36644 3725 1442
37	145624	0.0	3	104160 36418 3668 1378
38	285639	0.0	3	206980 69255 6642 2762
39	3849	0.0	3	286 2456 907 200
40	264968	0.0	3	194052 63766 5183 1967
41	2524	0.0	3	91 1619 641 173
42	133638	0.0	3	96359 32913 3201 1165
43	135860	0.0	3	98131 33693 3033 1003
44	113310	0.0	3	82512 27683 2307 808
45	142498	0.0	3	102850 35333 3198 1117
46	106336	0.0	3	76519 26864 2190 763
47	231948	0.0	3	170108 56070 4207 1563
48	2396	0.0	3	275 1399 558 164
49	109980	0.0	3	79955 26984 2286 755
50	105560	0.0	3	76372 26286 2191 711
51	192258	0.0	3	141041 46627 3306 1284
52	3000	0.0	3	757 1415 644 184
53	92611	0.0	3	66614 23308 1988 701
54	178261	0.0	3	129952 43565 3407 1337
55	1900	0.0	3	212 1123 449 116
56	78936	0.0	3	57751 19305 1413 467
57	78264	0.0	3	57055 19232 1486 491
58	70951	0.0	3	51679 17663 1199 410
59	66972	0.0	3	48543 16665 1343 421
60	64301	0.0	3	46382 16208 1285 426
61	107100	0.0	3	78225 26659 1642 574
62	1388	0.0	3	247 746 300 95
63	49522	0.0	3	35819 12499 911 293
64	44821	0.0	3	32269 11461 830 261
65	79543	0.0	3	58265 19810 1108 360
66	986	0.0	3	243 490 207 46
67	35328	0.0	3	25667 8905 556 200
68	33290	0.0	3	24095 8328 657 210
69	31955	0.0	3	23033 8180 592 150
70	77061	0.0	3	57725 18549 638 149
71	29520	0.0	3	21330 7484 530 176
72	21055	0.0	3	15144 5328 438 145
73	11876	0.0	3	8465 3017 291 103
74	10108	0.0	3	7151 2638 230 89
75	9280	0.0	3	6607 2389 215 69
76	8509	0.0	3	6057 2206 185 61
77	7405	0.0	3	5303 1921 135 46
78	5829	0.0	3	4107 1548 119 55
79	5032	0.0	3	3663 1257 92 20
80	3876	0.0	3	2775 989 85 27
81	3624	0.0	3	2597 930 72 25
82	2819	0.0	3	2056 700 46 17
83	2480	0.0	3	1795 633 37 15
84	2198	0.0	3	1604 538 44 12
85	1692	0.0	3	1241 406 33 12
86	1604	0.0	3	1155 398 37 14
87	1385	0.0	3	988 363 23 11
88	1244	0.0	3	893 320 24 7
89	965	0.0	3	674 268 19 4
90	836	0.0	3	614 198 19 5
91	735	0.0	3	538 172 17 8
92	608	0.0	3	444 148 8 8
93	511	0.0	3	357 131 16 7
94	421	0.0	3	299 110 10 2
95	415	0.0	3	287 117 9 2
96	301	0.0	3	212 76 12 1
97	241	0.0	3	169 63 7 2
98	226	0.0	3	160 58 7 1
99	183	0.0	3	142 36 2 3
100	178	0.0	3	127 43 8
101	130	0.0	3	91 32 6 1
102	139	0.0	3	91 43 4 1
103	97	0.0	3	64 30 2 1
104	87	0.0	3	58 25 4
105	49	0.0	3	25 19 5
106	60	0.0	3	42 14 4
107	51	0.0	3	33 14 4
108	42	0.0	3	27 10 5
109	45	0.0	3	26 13 5 1
110	31	0.0	3	18 7 6
111	44	0.0	3	22 9 13
112	30	0.0	3	16 4 10
113	20	0.0	3	9 4 7
114	21	0.0	3	10 5 6
115	22	0.0	3	6 4 10 2
116	25	0.0	3	7 4 14
117	19	0.0	3	6 4 9
118	19	0.0	3	4 1 14
119	28	0.0	3	6 3 19
120	27	0.0	3	6 0 21
121	21	0.0	3	4 1 16
122	35	0.0	3	4 1 29 1
123	30	0.0	3	6 4 18 2
124	21	0.0	3	3 1 16 1
125	22	0.0	3	2 1 18 1
126	17	0.0	3	2 0 13 2
127	29	0.0	3	4 1 24
128	46	0.0	3	3 2 39 2
129	44	0.0	3	2 0 39 3
130	41	0.0	3	3 1 36 1
131	44	0.0	3	3 1 37 3
132	45	0.0	3	3 3 38 1
133	56	0.0	3	3 1 51 1
134	62	0.0	3	4 1 54 3
135	62	0.0	3	4 2 53 3
136	62	0.0	3	2 0 58 2
137	78	0.0	3	3 0 72 3
138	74	0.0	3	4 1 69
139	85	0.0	3	1 1 82 1
140	123	0.0	3	1 1 117 4
141	137	0.0	3	6 2 126 3
142	126	0.0	3	1 1 119 5
143	188	0.0	3	1 1 177 9
144	197	0.0	3	2 4 187 4
145	231	0.0	3	1 4 220 6
146	272	0.0	3	3 3 258 8
147	322	0.0	3	5 2 307 8
148	592	0.0	3	2 3 565 22
149	1572	0.0	3	1 19 1499 53
150	3488	0.0	3	1 50 3331 106


=== Second read: Adapter 2 ===

Sequence: AGATCGGAAGAGCGTCGTGTAGGGAAAGAGTGTA; Type: regular 3'; Length: 34; Trimmed: 7579875 times

No. of allowed errors:
0-9 bp: 0; 10-19 bp: 1; 20-29 bp: 2; 30-34 bp: 3

Bases preceding removed adapters:
  A: 15.2%
  C: 39.5%
  G: 31.0%
  T: 14.3%
  none/other: 0.0%

Overview of removed sequences
length	count	expect	max.err	error counts
3	446175	270193.5	0	446175
4	169087	67548.4	0	169087
5	313908	16887.1	0	313908
8	99588	263.9	0	99588
9	196825	66.0	0	196825
10	847	16.5	1	0 847
11	248469	4.1	1	195306 53163
12	673	1.0	1	0 673
13	272328	0.3	1	211336 60992
14	407	0.1	1	0 407
15	129157	0.0	1	101653 27504
16	277342	0.0	1	216651 60691
17	504	0.0	1	0 504
18	244149	0.0	1	194229 49563 357
19	911	0.0	1	0 609 302
20	133949	0.0	2	100780 29541 3628
21	529750	0.0	2	400455 117065 12230
22	1947	0.0	2	0 1251 696
23	620	0.0	2	0 248 372
24	795	0.0	2	0 535 260
25	136365	0.0	2	101696 30969 3700
26	139821	0.0	2	102211 33183 4427
27	272246	0.0	2	202215 62065 7966
28	2384	0.0	2	0 1535 735 114
29	269622	0.0	2	197322 63240 8941 119
30	2617	0.0	3	0 1685 701 231
31	258335	0.0	3	188606 58468 7505 3756
32	2244	0.0	3	0 1245 725 274
33	132581	0.0	3	93874 32226 4734 1747
34	407759	0.0	3	293232 94920 14112 5495
35	2655	0.0	3	436 1192 637 390
36	1481	0.0	3	117 750 369 245
37	130639	0.0	3	93557 30426 4740 1916
38	135454	0.0	3	94355 33518 5433 2148
39	651971	0.0	3	491601 133783 18792 7795
40	4876	0.0	3	1208 2054 959 655
41	1096	0.0	3	310 239 308 239
42	2189	0.0	3	307 1282 445 155
43	235461	0.0	3	174122 52126 6395 2818
44	2154	0.0	3	261 1257 470 166
45	111903	0.0	3	82195 25522 3035 1151
46	216420	0.0	3	159224 48664 6027 2505
47	3647	0.0	3	1449 1380 571 247
48	95399	0.0	3	67865 23181 3049 1304
49	133555	0.0	3	102541 25839 3582 1593
50	79750	0.0	3	54903 20807 2804 1236
51	121684	0.0	3	92632 24106 3426 1520
52	231018	0.0	3	165205 54982 7335 3496
53	1715	0.0	3	334 755 386 240
54	1724	0.0	3	344 905 376 99
55	152920	0.0	3	105124 41914 4267 1615
56	1008	0.0	3	239 423 238 108
57	654	0.0	3	116 310 154 74
58	52415	0.0	3	36237 13835 1640 703
59	79942	0.0	3	55129 21874 2076 863
60	897	0.0	3	168 424 229 76
61	38311	0.0	3	25929 10656 1240 486
62	69977	0.0	3	48549 18542 2045 841
63	531	0.0	3	88 295 110 38
64	26764	0.0	3	18412 7428 670 254
65	27365	0.0	3	19016 7330 731 288
66	29102	0.0	3	20643 7384 750 325
67	24444	0.0	3	16823 6620 702 299
68	24790	0.0	3	17612 6244 676 258
69	21725	0.0	3	15321 5598 588 218
70	20753	0.0	3	14941 5029 544 239
71	17286	0.0	3	12208 4429 441 208
72	16040	0.0	3	11482 3973 405 180
73	14733	0.0	3	10647 3558 353 175
74	13883	0.0	3	10160 3224 354 145
75	13961	0.0	3	10419 3116 299 127
76	13945	0.0	3	10388 3073 328 156
77	8337	0.0	3	5797 2207 220 113
78	6708	0.0	3	4596 1835 182 95
79	5836	0.0	3	3948 1650 166 72
80	5513	0.0	3	3711 1637 104 61
81	4349	0.0	3	2914 1256 116 63
82	3560	0.0	3	2428 1002 100 30
83	3004	0.0	3	2097 813 73 21
84	2682	0.0	3	1815 780 66 21
85	2329	0.0	3	1638 620 49 22
86	1924	0.0	3	1269 580 59 16
87	1670	0.0	3	1081 519 48 22
88	1302	0.0	3	831 409 40 22
89	1190	0.0	3	787 339 45 19
90	950	0.0	3	631 291 22 6
91	671	0.0	3	447 209 8 7
92	579	0.0	3	378 170 28 3
93	545	0.0	3	351 172 13 9
94	419	0.0	3	272 127 14 6
95	406	0.0	3	261 133 8 4
96	327	0.0	3	214 97 12 4
97	243	0.0	3	167 67 8 1
98	220	0.0	3	141 68 6 5
99	175	0.0	3	116 49 7 3
100	157	0.0	3	100 52 3 2
101	126	0.0	3	93 29 2 2
102	131	0.0	3	77 44 6 4
103	119	0.0	3	75 44
104	91	0.0	3	59 25 5 2
105	51	0.0	3	31 17 2 1
106	62	0.0	3	37 18 4 3
107	56	0.0	3	40 14 1 1
108	53	0.0	3	33 18 1 1
109	42	0.0	3	30 9 0 3
110	42	0.0	3	30 10 1 1
111	43	0.0	3	24 11 4 4
112	30	0.0	3	17 8 3 2
113	23	0.0	3	9 10 1 3
114	23	0.0	3	11 8 2 2
115	9	0.0	3	5 0 0 4
116	15	0.0	3	10 1 1 3
117	16	0.0	3	5 9 1 1
118	16	0.0	3	6 2 5 3
119	20	0.0	3	13 3 4
120	11	0.0	3	5 5 1
121	7	0.0	3	3 0 2 2
122	15	0.0	3	6 3 3 3
123	12	0.0	3	3 2 6 1
124	13	0.0	3	4 3 4 2
125	12	0.0	3	2 1 9
126	9	0.0	3	3 0 5 1
127	13	0.0	3	5 1 6 1
128	25	0.0	3	2 2 20 1
129	38	0.0	3	3 1 31 3
130	38	0.0	3	3 2 31 2
131	40	0.0	3	3 0 35 2
132	57	0.0	3	4 0 49 4
133	54	0.0	3	4 0 49 1
134	57	0.0	3	2 2 51 2
135	67	0.0	3	3 5 55 4
136	77	0.0	3	6 0 67 4
137	85	0.0	3	2 2 78 3
138	111	0.0	3	5 0 99 7
139	117	0.0	3	2 6 105 4
140	93	0.0	3	0 1 88 4
141	126	0.0	3	2 2 116 6
142	134	0.0	3	3 2 123 6
143	181	0.0	3	0 4 166 11
144	182	0.0	3	0 5 171 6
145	245	0.0	3	0 2 232 11
146	284	0.0	3	1 2 260 21
147	341	0.0	3	1 6 311 23
148	525	0.0	3	4 9 481 31
149	1320	0.0	3	0 18 1226 76
150	3880	0.0	3	2 36 3637 205
