This is cutadapt 2.9 with Python 3.5.2
Command line parameters: --nextseq-trim 10 --minimum-length 25 --cores 4 -a AGATCGGAAGAGCACACGTCTGAACTCCAGTCAC -A AGATCGGAAGAGCGTCGTGTAGGGAAAGAGTGTA -o Pacuta_ATAC_TP9_1141_R1_TrimmingRound1.fastq.gz -p Pacuta_ATAC_TP9_1141_R2_TrimmingRound1.fastq.gz Pacuta_ATAC_TP9_1141_R1.fastq.gz Pacuta_ATAC_TP9_1141_R2.fastq.gz
Processing reads on 4 cores in paired-end mode ...
Finished in 794.27 s (40 us/read; 1.52 M reads/minute).

=== Summary ===

Total read pairs processed:         20,099,330
  Read 1 with adapter:              10,828,283 (53.9%)
  Read 2 with adapter:               9,994,858 (49.7%)
Pairs written (passing filters):    19,966,119 (99.3%)

Total basepairs processed: 6,029,799,000 bp
  Read 1: 3,014,899,500 bp
  Read 2: 3,014,899,500 bp
Quality-trimmed:              39,124,381 bp (0.6%)
  Read 1:     6,640,825 bp
  Read 2:    32,483,556 bp
Total written (filtered):  5,278,314,206 bp (87.5%)
  Read 1: 2,623,928,566 bp
  Read 2: 2,654,385,640 bp

=== First read: Adapter 1 ===

Sequence: AGATCGGAAGAGCACACGTCTGAACTCCAGTCAC; Type: regular 3'; Length: 34; Trimmed: 10828283 times

No. of allowed errors:
0-9 bp: 0; 10-19 bp: 1; 20-29 bp: 2; 30-34 bp: 3

Bases preceding removed adapters:
  A: 21.0%
  C: 37.2%
  G: 18.6%
  T: 23.2%
  none/other: 0.0%

Overview of removed sequences
length	count	expect	max.err	error counts
3	304926	314052.0	0	304926
4	160728	78513.0	0	160728
5	358835	19628.3	0	358835
8	115693	306.7	0	115693
9	227700	76.7	0	227700
10	745	19.2	1	0 745
11	332486	4.8	1	228329 104157
12	752	1.2	1	0 752
13	171647	0.3	1	117744 53903
14	182823	0.1	1	124843 57980
15	177622	0.0	1	121754 55868
16	191997	0.0	1	130905 61092
17	359544	0.0	1	246334 113210
18	1387	0.0	1	0 1210 177
19	184590	0.0	1	125481 58403 706
20	180059	0.0	2	119700 56434 3925
21	365159	0.0	2	243182 114000 7977
22	2527	0.0	2	0 1567 960
23	186734	0.0	2	123907 58291 4536
24	194608	0.0	2	127887 61347 5374
25	196554	0.0	2	129788 61615 5151
26	200068	0.0	2	131316 62988 5764
27	199520	0.0	2	130781 62950 5789
28	199640	0.0	2	129983 63405 6133 119
29	381708	0.0	2	251947 119885 9577 299
30	3982	0.0	3	0 2017 1379 586
31	196506	0.0	3	126713 61301 6200 2292
32	185563	0.0	3	119598 58632 5482 1851
33	193761	0.0	3	123997 61648 6103 2013
34	388941	0.0	3	253081 121186 10882 3792
35	5719	0.0	3	344 3405 1667 303
36	391256	0.0	3	256371 121837 9709 3339
37	4216	0.0	3	245 2344 1281 346
38	193680	0.0	3	125860 60788 5249 1783
39	190539	0.0	3	123421 59771 5545 1802
40	184822	0.0	3	119053 58480 5490 1799
41	180702	0.0	3	116087 57512 5356 1747
42	177129	0.0	3	113807 56854 4891 1577
43	175914	0.0	3	113357 55847 5051 1659
44	175147	0.0	3	113082 55373 4993 1699
45	196480	0.0	3	125930 62183 6256 2111
46	162497	0.0	3	106048 50881 4316 1252
47	332938	0.0	3	219705 103308 7498 2427
48	4117	0.0	3	470 2248 1062 337
49	159853	0.0	3	104561 50056 3971 1265
50	153516	0.0	3	99123 49088 4138 1167
51	279584	0.0	3	183488 88075 6026 1995
52	4730	0.0	3	1002 2263 1162 303
53	134981	0.0	3	87148 43178 3564 1091
54	266853	0.0	3	175016 83688 6088 2061
55	3029	0.0	3	374 1602 828 225
56	118119	0.0	3	77920 36762 2644 793
57	120396	0.0	3	78684 38231 2743 738
58	109760	0.0	3	71697 34915 2405 743
59	105187	0.0	3	68327 33663 2442 755
60	100127	0.0	3	64886 32104 2464 673
61	169336	0.0	3	110964 54252 3101 1019
62	2373	0.0	3	416 1169 614 174
63	78570	0.0	3	51133 25163 1749 525
64	72873	0.0	3	46897 23725 1784 467
65	129071	0.0	3	85262 40896 2221 692
66	1625	0.0	3	272 849 414 90
67	59359	0.0	3	39079 18662 1277 341
68	56515	0.0	3	36666 18264 1227 358
69	53946	0.0	3	34847 17505 1271 323
70	98770	0.0	3	65883 31278 1269 340
71	48350	0.0	3	31314 15722 1020 294
72	40107	0.0	3	25955 13001 887 264
73	24999	0.0	3	15899 8224 688 188
74	22720	0.0	3	14534 7424 601 161
75	22055	0.0	3	14275 7126 508 146
76	19447	0.0	3	12673 6232 424 118
77	18499	0.0	3	11908 6090 395 106
78	13271	0.0	3	8467 4393 314 97
79	11771	0.0	3	7601 3854 257 59
80	9975	0.0	3	6501 3201 212 61
81	8719	0.0	3	5749 2764 156 50
82	7592	0.0	3	5000 2407 146 39
83	6204	0.0	3	3973 2032 150 49
84	5489	0.0	3	3490 1832 122 45
85	4667	0.0	3	3033 1510 94 30
86	4139	0.0	3	2668 1353 99 19
87	3559	0.0	3	2343 1132 64 20
88	3329	0.0	3	2129 1121 60 19
89	2707	0.0	3	1747 892 55 13
90	2347	0.0	3	1572 722 41 12
91	2012	0.0	3	1336 633 35 8
92	1788	0.0	3	1115 630 32 11
93	1489	0.0	3	940 491 49 9
94	1287	0.0	3	780 463 33 11
95	1093	0.0	3	712 355 20 6
96	782	0.0	3	493 265 20 4
97	774	0.0	3	484 265 21 4
98	679	0.0	3	423 228 22 6
99	580	0.0	3	356 198 23 3
100	526	0.0	3	332 171 19 4
101	432	0.0	3	261 151 19 1
102	403	0.0	3	253 130 18 2
103	286	0.0	3	188 87 9 2
104	252	0.0	3	148 91 12 1
105	207	0.0	3	110 75 21 1
106	169	0.0	3	94 56 16 3
107	164	0.0	3	84 46 31 3
108	98	0.0	3	60 24 12 2
109	87	0.0	3	38 21 27 1
110	107	0.0	3	49 27 31
111	90	0.0	3	38 18 32 2
112	85	0.0	3	30 16 37 2
113	94	0.0	3	26 15 49 4
114	85	0.0	3	20 12 48 5
115	70	0.0	3	13 10 43 4
116	73	0.0	3	9 8 55 1
117	82	0.0	3	13 4 65
118	96	0.0	3	7 7 80 2
119	93	0.0	3	13 2 78
120	92	0.0	3	4 5 80 3
121	81	0.0	3	7 6 63 5
122	93	0.0	3	5 3 82 3
123	112	0.0	3	10 2 96 4
124	121	0.0	3	5 4 110 2
125	119	0.0	3	10 2 104 3
126	117	0.0	3	5 5 103 4
127	138	0.0	3	6 2 124 6
128	147	0.0	3	6 5 134 2
129	168	0.0	3	8 2 155 3
130	200	0.0	3	7 3 186 4
131	200	0.0	3	10 4 182 4
132	213	0.0	3	7 3 193 10
133	240	0.0	3	8 4 222 6
134	214	0.0	3	5 4 196 9
135	292	0.0	3	5 6 275 6
136	343	0.0	3	5 3 324 11
137	334	0.0	3	3 4 316 11
138	389	0.0	3	3 8 366 12
139	367	0.0	3	3 4 346 14
140	417	0.0	3	3 5 397 12
141	467	0.0	3	5 10 436 16
142	576	0.0	3	5 7 548 16
143	812	0.0	3	2 7 780 23
144	840	0.0	3	6 7 805 22
145	912	0.0	3	2 15 865 30
146	1080	0.0	3	2 8 1039 31
147	1475	0.0	3	9 9 1416 41
148	2594	0.0	3	2 27 2474 91
149	6241	0.0	3	1 59 6007 174
150	14426	0.0	3	2 117 13854 453


=== Second read: Adapter 2 ===

Sequence: AGATCGGAAGAGCGTCGTGTAGGGAAAGAGTGTA; Type: regular 3'; Length: 34; Trimmed: 9994858 times

No. of allowed errors:
0-9 bp: 0; 10-19 bp: 1; 20-29 bp: 2; 30-34 bp: 3

Bases preceding removed adapters:
  A: 19.7%
  C: 36.0%
  G: 28.7%
  T: 15.6%
  none/other: 0.0%

Overview of removed sequences
length	count	expect	max.err	error counts
3	466008	314052.0	0	466008
4	175414	78513.0	0	175414
5	333386	19628.3	0	333386
8	104589	306.7	0	104589
9	206166	76.7	0	206166
10	1070	19.2	1	0 1070
11	303700	4.8	1	206956 96744
12	1006	1.2	1	0 1006
13	337905	0.3	1	228123 109782
14	607	0.1	1	0 607
15	160973	0.0	1	110726 50247
16	345007	0.0	1	234781 110226
17	666	0.0	1	0 666
18	305438	0.0	1	211317 93637 484
19	1210	0.0	1	0 708 502
20	168947	0.0	2	110125 53404 5418
21	670295	0.0	2	443169 209485 17641
22	2842	0.0	2	0 1704 1138
23	896	0.0	2	0 333 563
24	1135	0.0	2	0 686 449
25	176370	0.0	2	116194 54873 5303
26	182402	0.0	2	117525 58250 6627
27	355492	0.0	2	232586 111776 11130
28	3593	0.0	2	0 2055 1390 148
29	348918	0.0	2	225186 111962 11612 158
30	3907	0.0	3	0 2203 1312 392
31	339362	0.0	3	217780 106395 10331 4856
32	2936	0.0	3	0 1597 922 417
33	173276	0.0	3	109943 54303 6282 2748
34	173809	0.0	3	37 111038 56123 6611
35	177799	0.0	3	27 113773 56078 7921
36	353605	0.0	3	29 1282 228940 123354
37	4529	0.0	3	7 94 541 3887
38	347317	0.0	3	66 1439 224187 121625
39	3432	0.0	3	13 74 500 2845
40	168535	0.0	3	25 881 107230 60399
41	345216	0.0	3	98 1900 222679 120539
42	6526	0.0	3	1 349 820 5356
43	693633	0.0	3	129 3684 547668 142152
44	3857	0.0	3	2 34 428 3393
45	141271	0.0	3	26 573 88627 52045
46	257480	0.0	3	50 839 156836 99755
47	3041	0.0	3	1 47 681 2312
48	127679	0.0	3	21 409 77002 50247
49	130117	0.0	3	16 482 81090 48529
50	113951	0.0	3	28 327 67354 46242
51	122556	0.0	3	22 440 75312 46782
52	319621	0.0	3	72 952 193306 125291
53	2682	0.0	3	5 31 683 1963
54	2516	0.0	3	2 30 501 1983
55	267979	0.0	3	36 656 163753 103534
56	1843	0.0	3	2 24 520 1297
57	947	0.0	3	2 23 199 723
58	90435	0.0	3	22 271 55383 34759
59	145312	0.0	3	36 305 88345 56626
60	1460	0.0	3	6 17 288 1149
61	68296	0.0	3	13 174 41174 26935
62	121965	0.0	3	38 323 73690 47914
63	921	0.0	3	2 10 144 765
64	49714	0.0	3	3 137 30416 19158
65	49072	0.0	3	64 168 29931 18909
66	49870	0.0	3	10 154 30756 18950
67	45480	0.0	3	10 145 27886 17439
68	43774	0.0	3	5 103 27026 16640
69	39564	0.0	3	13 132 23980 15439
70	35556	0.0	3	24 99 22077 13356
71	31061	0.0	3	8 90 19026 11937
72	27694	0.0	3	15 102 17001 10576
73	24921	0.0	3	7 65 15517 9332
74	22853	0.0	3	4 77 14432 8340
75	20993	0.0	3	6 63 13058 7866
76	21732	0.0	3	4 60 13710 7958
77	17528	0.0	3	4 58 10906 6560
78	15135	0.0	3	2 51 9450 5632
79	13960	0.0	3	4 33 8667 5256
80	12997	0.0	3	2 43 8111 4841
81	10518	0.0	3	0 31 6444 4043
82	8442	0.0	3	3 20 5235 3184
83	7128	0.0	3	2 27 4313 2786
84	6027	0.0	3	2 12 3711 2302
85	5609	0.0	3	0 19 3544 2046
86	4762	0.0	3	1 9 2915 1837
87	3973	0.0	3	2 11 2434 1526
88	3414	0.0	3	0 3 2055 1356
89	2942	0.0	3	0 6 1789 1147
90	2472	0.0	3	0 0 1477 995
91	2004	0.0	3	0 3 1202 799
92	1701	0.0	3	0 4 1001 696
93	1458	0.0	3	0 2 847 609
94	1226	0.0	3	0 2 742 482
95	1021	0.0	3	0 3 622 396
96	882	0.0	3	1 1 520 360
97	683	0.0	3	0 2 395 286
98	619	0.0	3	0 0 367 252
99	543	0.0	3	0 0 309 234
100	453	0.0	3	0 0 279 174
101	395	0.0	3	0 1 218 176
102	349	0.0	3	0 0 213 136
103	296	0.0	3	0 0 164 132
104	247	0.0	3	0 0 127 120
105	191	0.0	3	0 0 102 89
106	169	0.0	3	0 0 89 80
107	149	0.0	3	0 0 86 63
108	117	0.0	3	0 0 63 54
109	80	0.0	3	0 0 39 41
110	87	0.0	3	0 0 44 43
111	73	0.0	3	0 0 40 33
112	70	0.0	3	0 0 40 30
113	65	0.0	3	0 0 36 29
114	28	0.0	3	0 0 14 14
115	41	0.0	3	0 0 17 24
116	23	0.0	3	0 0 6 17
117	40	0.0	3	0 0 17 23
118	18	0.0	3	0 0 8 10
119	27	0.0	3	0 0 6 21
120	29	0.0	3	0 0 8 21
121	22	0.0	3	0 0 11 11
122	30	0.0	3	0 0 8 22
123	31	0.0	3	0 0 11 20
124	36	0.0	3	0 0 4 32
125	48	0.0	3	0 0 12 36
126	48	0.0	3	0 0 4 44
127	68	0.0	3	0 0 10 58
128	90	0.0	3	0 0 9 81
129	99	0.0	3	0 0 8 91
130	124	0.0	3	0 0 8 116
131	148	0.0	3	0 0 2 146
132	174	0.0	3	0 0 3 171
133	214	0.0	3	0 0 9 205
134	249	0.0	3	0 0 9 240
135	273	0.0	3	0 0 5 268
136	301	0.0	3	0 0 4 297
137	267	0.0	3	0 0 6 261
138	365	0.0	3	0 0 4 361
139	418	0.0	3	0 0 3 415
140	407	0.0	3	0 0 3 404
141	483	0.0	3	0 0 2 481
142	527	0.0	3	0 0 2 525
143	636	0.0	3	0 0 2 634
144	781	0.0	3	0 0 5 776
145	850	0.0	3	0 0 2 848
146	973	0.0	3	0 0 5 968
147	1285	0.0	3	0 0 3 1282
148	2167	0.0	3	0 0 3 2164
149	5326	0.0	3	0 0 0 5326
150	16297	0.0	3	0 0 4 16293
