This is cutadapt 2.9 with Python 3.5.2
Command line parameters: --nextseq-trim 10 --minimum-length 25 --cores 4 -a AGATCGGAAGAGCACACGTCTGAACTCCAGTCAC -A AGATCGGAAGAGCGTCGTGTAGGGAAAGAGTGTA -o Pacuta_HTAC_TP8_1765_R1_TrimmingRound1.fastq.gz -p Pacuta_HTAC_TP8_1765_R2_TrimmingRound1.fastq.gz Pacuta_HTAC_TP8_1765_R1.fastq.gz Pacuta_HTAC_TP8_1765_R2.fastq.gz
Processing reads on 4 cores in paired-end mode ...
Finished in 658.77 s (39 us/read; 1.56 M reads/minute).

=== Summary ===

Total read pairs processed:         17,089,280
  Read 1 with adapter:               9,068,805 (53.1%)
  Read 2 with adapter:               8,417,287 (49.3%)
Pairs written (passing filters):    16,979,123 (99.4%)

Total basepairs processed: 5,126,784,000 bp
  Read 1: 2,563,392,000 bp
  Read 2: 2,563,392,000 bp
Quality-trimmed:              36,935,078 bp (0.7%)
  Read 1:     5,647,544 bp
  Read 2:    31,287,534 bp
Total written (filtered):  4,513,983,175 bp (88.0%)
  Read 1: 2,245,509,804 bp
  Read 2: 2,268,473,371 bp

=== First read: Adapter 1 ===

Sequence: AGATCGGAAGAGCACACGTCTGAACTCCAGTCAC; Type: regular 3'; Length: 34; Trimmed: 9068805 times

No. of allowed errors:
0-9 bp: 0; 10-19 bp: 1; 20-29 bp: 2; 30-34 bp: 3

Bases preceding removed adapters:
  A: 18.0%
  C: 40.4%
  G: 18.8%
  T: 22.8%
  none/other: 0.0%

Overview of removed sequences
length	count	expect	max.err	error counts
3	272432	267020.0	0	272432
4	145354	66755.0	0	145354
5	335348	16688.8	0	335348
8	108062	260.8	0	108062
9	214360	65.2	0	214360
10	601	16.3	1	0 601
11	286776	4.1	1	213892 72884
12	488	1.0	1	0 488
13	149014	0.3	1	109924 39090
14	156788	0.1	1	116007 40781
15	154982	0.0	1	115517 39465
16	166408	0.0	1	123185 43223
17	313621	0.0	1	233214 80407
18	1093	0.0	1	0 949 144
19	158592	0.0	1	116231 41772 589
20	155938	0.0	2	112208 40741 2989
21	314595	0.0	2	228157 80674 5764
22	1869	0.0	2	0 1239 630
23	161644	0.0	2	115864 42484 3296
24	166682	0.0	2	118984 43746 3952
25	169424	0.0	2	121210 44174 4040
26	171009	0.0	2	121857 45048 4104
27	171556	0.0	2	122182 45146 4228
28	171814	0.0	2	121238 46104 4356 116
29	326779	0.0	2	234318 85470 6759 232
30	3093	0.0	3	0 1671 957 465
31	165585	0.0	3	116059 43827 4212 1487
32	158794	0.0	3	111653 41912 3893 1336
33	164173	0.0	3	115098 43700 3953 1422
34	166631	0.0	3	116031 44440 4614 1546
35	166510	0.0	3	116708 44218 4199 1385
36	331925	0.0	3	235319 87085 6997 2524
37	3450	0.0	3	198 1903 1083 266
38	165598	0.0	3	115372 44798 4108 1320
39	313833	0.0	3	224167 81310 6180 2176
40	3503	0.0	3	329 2007 898 269
41	151752	0.0	3	107055 40044 3495 1158
42	148426	0.0	3	103915 40029 3334 1148
43	145914	0.0	3	102203 39081 3509 1121
44	144653	0.0	3	101672 38421 3407 1153
45	158017	0.0	3	111095 42015 3683 1224
46	134505	0.0	3	94372 35924 3247 962
47	276415	0.0	3	197376 72142 5121 1776
48	3108	0.0	3	365 1742 759 242
49	130850	0.0	3	92966 34214 2765 905
50	124228	0.0	3	87346 33396 2693 793
51	226952	0.0	3	161852 59852 3894 1354
52	3544	0.0	3	788 1661 880 215
53	107858	0.0	3	75535 29298 2307 718
54	211261	0.0	3	150850 55001 3974 1436
55	2219	0.0	3	271 1282 517 149
56	94469	0.0	3	67496 24745 1666 562
57	94761	0.0	3	66939 25483 1826 513
58	85848	0.0	3	61062 22767 1519 500
59	81049	0.0	3	57112 21916 1531 490
60	77662	0.0	3	54448 21269 1507 438
61	129472	0.0	3	91838 35020 1971 643
62	1599	0.0	3	285 851 356 107
63	59854	0.0	3	42036 16395 1045 378
64	54895	0.0	3	38315 15232 1045 303
65	96606	0.0	3	69107 25608 1403 488
66	1189	0.0	3	215 623 285 66
67	43644	0.0	3	30902 11808 707 227
68	41282	0.0	3	28926 11288 852 216
69	39578	0.0	3	27463 11127 778 210
70	87589	0.0	3	63285 23265 837 202
71	35388	0.0	3	24800 9763 640 185
72	27088	0.0	3	18749 7618 556 165
73	15442	0.0	3	10667 4325 362 88
74	13760	0.0	3	9470 3915 292 83
75	12666	0.0	3	8772 3545 258 91
76	11722	0.0	3	8108 3307 233 74
77	10617	0.0	3	7475 2901 185 56
78	7529	0.0	3	5227 2106 146 50
79	6745	0.0	3	4742 1829 131 43
80	5940	0.0	3	4113 1664 117 46
81	4816	0.0	3	3358 1354 83 21
82	4089	0.0	3	2826 1166 79 18
83	3397	0.0	3	2362 952 74 9
84	3017	0.0	3	2116 829 56 16
85	2571	0.0	3	1786 708 64 13
86	2343	0.0	3	1645 640 43 15
87	2152	0.0	3	1471 626 43 12
88	1785	0.0	3	1241 507 28 9
89	1444	0.0	3	1030 374 28 12
90	1222	0.0	3	832 356 24 10
91	1060	0.0	3	709 315 25 11
92	949	0.0	3	657 265 22 5
93	778	0.0	3	545 209 16 8
94	675	0.0	3	484 174 13 4
95	623	0.0	3	436 167 15 5
96	479	0.0	3	335 130 11 3
97	443	0.0	3	306 122 13 2
98	347	0.0	3	235 101 6 5
99	349	0.0	3	231 107 10 1
100	266	0.0	3	192 66 5 3
101	235	0.0	3	175 55 3 2
102	178	0.0	3	121 56 1
103	161	0.0	3	102 52 5 2
104	145	0.0	3	95 39 7 4
105	101	0.0	3	67 30 3 1
106	95	0.0	3	60 28 5 2
107	60	0.0	3	38 19 1 2
108	61	0.0	3	33 23 3 2
109	51	0.0	3	33 10 7 1
110	48	0.0	3	23 17 6 2
111	46	0.0	3	29 9 8
112	43	0.0	3	27 7 9
113	35	0.0	3	15 7 12 1
114	39	0.0	3	17 7 14 1
115	30	0.0	3	17 4 9
116	31	0.0	3	6 8 15 2
117	27	0.0	3	5 5 14 3
118	28	0.0	3	9 5 12 2
119	27	0.0	3	7 2 17 1
120	32	0.0	3	5 2 24 1
121	28	0.0	3	4 0 24
122	32	0.0	3	3 3 24 2
123	36	0.0	3	6 7 23
124	34	0.0	3	8 3 22 1
125	37	0.0	3	3 3 28 3
126	35	0.0	3	6 1 25 3
127	30	0.0	3	4 2 22 2
128	37	0.0	3	6 1 28 2
129	51	0.0	3	4 3 44
130	44	0.0	3	5 2 37
131	64	0.0	3	7 3 52 2
132	61	0.0	3	9 1 50 1
133	80	0.0	3	7 1 72
134	61	0.0	3	2 1 57 1
135	64	0.0	3	3 2 58 1
136	81	0.0	3	5 4 68 4
137	95	0.0	3	5 2 85 3
138	96	0.0	3	4 2 89 1
139	114	0.0	3	6 1 104 3
140	140	0.0	3	5 2 131 2
141	141	0.0	3	3 4 131 3
142	190	0.0	3	1 4 176 9
143	242	0.0	3	3 7 225 7
144	249	0.0	3	3 1 239 6
145	259	0.0	3	2 3 251 3
146	344	0.0	3	3 5 321 15
147	414	0.0	3	5 3 387 19
148	763	0.0	3	0 7 735 21
149	1889	0.0	3	1 22 1806 60
150	4396	0.0	3	2 39 4223 132


=== Second read: Adapter 2 ===

Sequence: AGATCGGAAGAGCGTCGTGTAGGGAAAGAGTGTA; Type: regular 3'; Length: 34; Trimmed: 8417287 times

No. of allowed errors:
0-9 bp: 0; 10-19 bp: 1; 20-29 bp: 2; 30-34 bp: 3

Bases preceding removed adapters:
  A: 16.3%
  C: 39.8%
  G: 29.1%
  T: 14.8%
  none/other: 0.0%

Overview of removed sequences
length	count	expect	max.err	error counts
3	413861	267020.0	0	413861
4	163705	66755.0	0	163705
5	320856	16688.8	0	320856
8	101318	260.8	0	101318
9	199651	65.2	0	199651
10	852	16.3	1	0 852
11	261463	4.1	1	199765 61698
12	698	1.0	1	0 698
13	290827	0.3	1	219197 71630
14	437	0.1	1	0 437
15	139815	0.0	1	107071 32744
16	302207	0.0	1	229418 72789
17	494	0.0	1	0 494
18	263803	0.0	1	203055 60357 391
19	909	0.0	1	0 558 351
20	144149	0.0	2	105494 34575 4080
21	576187	0.0	2	422393 139612 14182
22	2024	0.0	2	0 1202 822
23	668	0.0	2	0 260 408
24	823	0.0	2	0 527 296
25	151788	0.0	2	110518 37041 4229
26	155269	0.0	2	111086 39071 5112
27	305656	0.0	2	220000 76377 9279
28	2750	0.0	2	0 1753 878 119
29	300710	0.0	2	213454 76889 10219 148
30	2915	0.0	3	0 1814 803 298
31	286452	0.0	3	202933 70535 8661 4323
32	2419	0.0	3	0 1319 821 279
33	149067	0.0	3	102906 38562 5570 2029
34	458475	0.0	3	319736 115909 16372 6458
35	2880	0.0	3	410 1307 729 434
36	1736	0.0	3	138 867 423 308
37	150640	0.0	3	104721 38074 5538 2307
38	155351	0.0	3	104855 41244 6511 2741
39	717349	0.0	3	524048 162046 22141 9114
40	5177	0.0	3	1225 2134 1101 717
41	1342	0.0	3	321 335 412 274
42	2571	0.0	3	377 1520 512 162
43	271257	0.0	3	194875 65206 7929 3247
44	2457	0.0	3	328 1319 593 217
45	131114	0.0	3	93387 32582 3685 1460
46	257903	0.0	3	184726 62663 7332 3182
47	4118	0.0	3	1609 1476 726 307
48	116011	0.0	3	79756 30738 3839 1678
49	152592	0.0	3	113065 33227 4406 1894
50	95639	0.0	3	63553 27007 3565 1514
51	138537	0.0	3	101987 30386 4281 1883
52	276679	0.0	3	191212 71841 9319 4307
53	1972	0.0	3	407 850 464 251
54	2062	0.0	3	371 1073 498 120
55	196606	0.0	3	132229 56697 5401 2279
56	1235	0.0	3	269 519 285 162
57	873	0.0	3	174 394 223 82
58	67282	0.0	3	45438 18795 2194 855
59	103851	0.0	3	69380 30549 2811 1111
60	1089	0.0	3	175 530 276 108
61	48897	0.0	3	31988 14680 1654 575
62	87705	0.0	3	58684 25372 2516 1133
63	682	0.0	3	91 378 154 59
64	33946	0.0	3	22575 10151 935 285
65	34592	0.0	3	23259 9978 967 388
66	36904	0.0	3	25184 10337 967 416
67	31756	0.0	3	21079 9381 928 368
68	31724	0.0	3	21881 8576 905 362
69	28313	0.0	3	19173 8026 777 337
70	26695	0.0	3	18465 7234 673 323
71	21896	0.0	3	14880 6164 578 274
72	20367	0.0	3	14033 5564 533 237
73	18504	0.0	3	12994 4838 482 190
74	17263	0.0	3	12068 4559 470 166
75	17592	0.0	3	12742 4212 455 183
76	17527	0.0	3	12604 4254 456 213
77	11173	0.0	3	7480 3233 326 134
78	9063	0.0	3	6013 2703 251 96
79	7813	0.0	3	5198 2333 196 86
80	7652	0.0	3	5006 2374 184 88
81	6047	0.0	3	3947 1862 167 71
82	4832	0.0	3	3164 1504 105 59
83	4059	0.0	3	2669 1255 90 45
84	3404	0.0	3	2270 1026 80 28
85	3099	0.0	3	2089 896 78 36
86	2620	0.0	3	1702 810 75 33
87	2335	0.0	3	1527 734 47 27
88	1919	0.0	3	1233 619 42 25
89	1700	0.0	3	1091 556 35 18
90	1263	0.0	3	815 404 31 13
91	1000	0.0	3	618 343 31 8
92	939	0.0	3	578 319 31 11
93	817	0.0	3	534 254 25 4
94	671	0.0	3	425 215 19 12
95	563	0.0	3	354 181 21 7
96	522	0.0	3	335 169 13 5
97	347	0.0	3	199 134 10 4
98	349	0.0	3	206 118 15 10
99	315	0.0	3	192 110 8 5
100	238	0.0	3	139 91 3 5
101	214	0.0	3	133 75 2 4
102	196	0.0	3	124 58 10 4
103	158	0.0	3	106 45 6 1
104	136	0.0	3	85 44 3 4
105	111	0.0	3	69 40 0 2
106	89	0.0	3	51 26 8 4
107	87	0.0	3	47 36 4
108	65	0.0	3	39 22 2 2
109	56	0.0	3	37 17 2
110	62	0.0	3	28 27 2 5
111	61	0.0	3	30 25 3 3
112	55	0.0	3	31 17 5 2
113	34	0.0	3	14 15 3 2
114	26	0.0	3	13 9 3 1
115	26	0.0	3	15 6 3 2
116	26	0.0	3	16 7 3
117	14	0.0	3	9 3 1 1
118	11	0.0	3	6 4 1
119	24	0.0	3	16 3 1 4
120	20	0.0	3	7 4 8 1
121	7	0.0	3	3 2 1 1
122	15	0.0	3	3 4 8
123	18	0.0	3	5 2 6 5
124	24	0.0	3	6 6 11 1
125	23	0.0	3	7 1 15
126	23	0.0	3	9 3 11
127	25	0.0	3	5 4 14 2
128	32	0.0	3	1 1 29 1
129	32	0.0	3	2 1 27 2
130	42	0.0	3	9 0 31 2
131	52	0.0	3	3 1 47 1
132	70	0.0	3	8 4 55 3
133	66	0.0	3	5 2 57 2
134	68	0.0	3	4 0 59 5
135	93	0.0	3	4 3 83 3
136	104	0.0	3	6 1 94 3
137	106	0.0	3	8 1 90 7
138	110	0.0	3	5 4 93 8
139	88	0.0	3	3 1 81 3
140	130	0.0	3	1 4 118 7
141	149	0.0	3	6 4 134 5
142	153	0.0	3	0 2 142 9
143	217	0.0	3	0 8 200 9
144	262	0.0	3	1 6 242 13
145	277	0.0	3	3 4 264 6
146	308	0.0	3	4 9 281 14
147	383	0.0	3	2 9 356 16
148	670	0.0	3	1 9 629 31
149	1672	0.0	3	1 18 1570 83
150	4923	0.0	3	0 40 4651 232
