This is cutadapt 2.9 with Python 3.5.2
Command line parameters: --nextseq-trim 10 --minimum-length 25 --cores 4 -a AGATCGGAAGAGCACACGTCTGAACTCCAGTCAC -A AGATCGGAAGAGCGTCGTGTAGGGAAAGAGTGTA -o Pacuta_ATHC_TP9_1451_R1_TrimmingRound1.fastq.gz -p Pacuta_ATHC_TP9_1451_R2_TrimmingRound1.fastq.gz Pacuta_ATHC_TP9_1451_R1.fastq.gz Pacuta_ATHC_TP9_1451_R2.fastq.gz
Processing reads on 4 cores in paired-end mode ...
Finished in 695.90 s (42 us/read; 1.44 M reads/minute).

=== Summary ===

Total read pairs processed:         16,737,847
  Read 1 with adapter:               8,274,132 (49.4%)
  Read 2 with adapter:               7,626,767 (45.6%)
Pairs written (passing filters):    16,617,154 (99.3%)

Total basepairs processed: 5,021,354,100 bp
  Read 1: 2,510,677,050 bp
  Read 2: 2,510,677,050 bp
Quality-trimmed:              36,590,816 bp (0.7%)
  Read 1:     5,335,432 bp
  Read 2:    31,255,384 bp
Total written (filtered):  4,471,288,073 bp (89.0%)
  Read 1: 2,224,345,198 bp
  Read 2: 2,246,942,875 bp

=== First read: Adapter 1 ===

Sequence: AGATCGGAAGAGCACACGTCTGAACTCCAGTCAC; Type: regular 3'; Length: 34; Trimmed: 8274132 times

No. of allowed errors:
0-9 bp: 0; 10-19 bp: 1; 20-29 bp: 2; 30-34 bp: 3

Bases preceding removed adapters:
  A: 18.5%
  C: 39.2%
  G: 19.1%
  T: 23.1%
  none/other: 0.0%

Overview of removed sequences
length	count	expect	max.err	error counts
3	277485	261528.9	0	277485
4	142675	65382.2	0	142675
5	316975	16345.6	0	316975
8	102099	255.4	0	102099
9	202431	63.8	0	202431
10	623	16.0	1	0 623
11	275733	4.0	1	201523 74210
12	583	1.0	1	0 583
13	142443	0.2	1	103902 38541
14	148881	0.1	1	108043 40838
15	145160	0.0	1	105897 39263
16	156749	0.0	1	113336 43413
17	295336	0.0	1	215536 79800
18	1087	0.0	1	0 951 136
19	149639	0.0	1	108158 40874 607
20	147103	0.0	2	103676 40545 2882
21	293314	0.0	2	209261 78755 5298
22	1897	0.0	2	0 1201 696
23	152187	0.0	2	107219 41866 3102
24	155273	0.0	2	108907 42985 3381
25	156624	0.0	2	110453 42681 3490
26	159459	0.0	2	111814 43976 3669
27	158658	0.0	2	111157 43479 4022
28	159428	0.0	2	110768 44610 3959 91
29	302428	0.0	2	213224 82742 6239 223
30	3142	0.0	3	0 1637 1010 495
31	153088	0.0	3	104821 42904 3919 1444
32	146271	0.0	3	101042 40359 3539 1331
33	150774	0.0	3	103703 42023 3850 1198
34	162539	0.0	3	109227 46496 5012 1804
35	296013	0.0	3	206407 81444 6021 2141
36	3506	0.0	3	299 1857 1062 288
37	154240	0.0	3	106009 43078 3821 1332
38	143996	0.0	3	99728 40026 3230 1012
39	146850	0.0	3	101456 40967 3394 1033
40	136037	0.0	3	94527 37785 2812 913
41	136336	0.0	3	94092 38045 3185 1014
42	132791	0.0	3	91390 37217 3152 1032
43	130956	0.0	3	90257 36521 3134 1044
44	129393	0.0	3	89811 35725 2864 993
45	140340	0.0	3	96686 39237 3309 1108
46	118509	0.0	3	81829 33039 2804 837
47	242189	0.0	3	169428 66611 4523 1627
48	2903	0.0	3	380 1565 720 238
49	113737	0.0	3	78744 31870 2353 770
50	110107	0.0	3	75372 31532 2471 732
51	198923	0.0	3	139388 54955 3427 1153
52	3252	0.0	3	750 1524 769 209
53	95009	0.0	3	65142 27071 2174 622
54	181947	0.0	3	127158 50349 3348 1092
55	2105	0.0	3	258 1191 508 148
56	81372	0.0	3	57010 22441 1450 471
57	80158	0.0	3	55862 22441 1397 458
58	72237	0.0	3	50619 19970 1251 397
59	69524	0.0	3	47963 19742 1414 405
60	66226	0.0	3	45736 18789 1292 409
61	108114	0.0	3	75315 30684 1579 536
62	1400	0.0	3	274 710 321 95
63	50437	0.0	3	34735 14417 1006 279
64	46092	0.0	3	31487 13415 944 246
65	80452	0.0	3	56242 22686 1150 374
66	1072	0.0	3	201 560 252 59
67	36002	0.0	3	24917 10312 586 187
68	33885	0.0	3	23398 9591 677 219
69	32743	0.0	3	22530 9340 697 176
70	74777	0.0	3	52749 21195 648 185
71	30380	0.0	3	20848 8760 592 180
72	21717	0.0	3	14901 6222 444 150
73	12073	0.0	3	8143 3561 290 79
74	10736	0.0	3	7201 3236 237 62
75	10214	0.0	3	6913 2982 247 72
76	9676	0.0	3	6575 2856 190 55
77	7960	0.0	3	5491 2268 154 47
78	6278	0.0	3	4304 1821 117 36
79	5394	0.0	3	3669 1592 109 24
80	4633	0.0	3	3164 1342 94 33
81	3785	0.0	3	2611 1081 67 26
82	3249	0.0	3	2222 941 72 14
83	2812	0.0	3	1894 847 56 15
84	2361	0.0	3	1617 686 47 11
85	2113	0.0	3	1434 624 37 18
86	1831	0.0	3	1264 531 28 8
87	1640	0.0	3	1120 485 27 8
88	1538	0.0	3	1070 435 25 8
89	1193	0.0	3	832 327 27 7
90	1110	0.0	3	766 319 21 4
91	861	0.0	3	552 278 23 8
92	768	0.0	3	524 225 15 4
93	642	0.0	3	449 175 14 4
94	562	0.0	3	400 148 12 2
95	501	0.0	3	335 162 4
96	402	0.0	3	275 115 8 4
97	315	0.0	3	218 84 11 2
98	301	0.0	3	203 88 8 2
99	262	0.0	3	174 77 9 2
100	226	0.0	3	150 65 9 2
101	199	0.0	3	139 55 4 1
102	167	0.0	3	104 58 3 2
103	145	0.0	3	94 49 1 1
104	114	0.0	3	67 41 5 1
105	95	0.0	3	65 23 4 3
106	86	0.0	3	48 33 4 1
107	70	0.0	3	49 15 5 1
108	59	0.0	3	38 18 1 2
109	53	0.0	3	29 19 4 1
110	44	0.0	3	25 10 9
111	53	0.0	3	32 9 9 3
112	67	0.0	3	45 10 9 3
113	27	0.0	3	13 6 8
114	34	0.0	3	13 10 10 1
115	24	0.0	3	8 3 12 1
116	30	0.0	3	4 3 22 1
117	31	0.0	3	8 6 17
118	36	0.0	3	9 3 22 2
119	30	0.0	3	5 4 19 2
120	32	0.0	3	9 3 20
121	33	0.0	3	2 3 27 1
122	36	0.0	3	4 2 29 1
123	40	0.0	3	6 1 32 1
124	46	0.0	3	6 2 37 1
125	41	0.0	3	3 3 35
126	43	0.0	3	5 1 35 2
127	58	0.0	3	2 0 54 2
128	59	0.0	3	3 2 54
129	40	0.0	3	2 1 34 3
130	75	0.0	3	10 2 63
131	74	0.0	3	5 3 65 1
132	73	0.0	3	1 0 67 5
133	85	0.0	3	3 2 80
134	91	0.0	3	2 0 88 1
135	104	0.0	3	4 1 96 3
136	103	0.0	3	6 3 93 1
137	148	0.0	3	5 3 137 3
138	131	0.0	3	4 1 124 2
139	159	0.0	3	2 2 150 5
140	126	0.0	3	3 0 118 5
141	204	0.0	3	1 3 192 8
142	221	0.0	3	3 1 207 10
143	306	0.0	3	2 8 290 6
144	352	0.0	3	2 9 332 9
145	396	0.0	3	4 7 379 6
146	419	0.0	3	1 10 402 6
147	567	0.0	3	2 5 542 18
148	977	0.0	3	2 7 940 28
149	2572	0.0	3	3 21 2484 64
150	5910	0.0	3	3 48 5673 186


=== Second read: Adapter 2 ===

Sequence: AGATCGGAAGAGCGTCGTGTAGGGAAAGAGTGTA; Type: regular 3'; Length: 34; Trimmed: 7626767 times

No. of allowed errors:
0-9 bp: 0; 10-19 bp: 1; 20-29 bp: 2; 30-34 bp: 3

Bases preceding removed adapters:
  A: 16.8%
  C: 38.5%
  G: 30.0%
  T: 14.7%
  none/other: 0.0%

Overview of removed sequences
length	count	expect	max.err	error counts
3	425268	261528.9	0	425268
4	160154	65382.2	0	160154
5	301995	16345.6	0	301995
8	95472	255.4	0	95472
9	187192	63.8	0	187192
10	881	16.0	1	0 881
11	248361	4.0	1	186855 61506
12	682	1.0	1	0 682
13	273179	0.2	1	203176 70003
14	416	0.1	1	0 416
15	130012	0.0	1	98084 31928
16	280678	0.0	1	210144 70534
17	495	0.0	1	0 495
18	245622	0.0	1	187150 58131 341
19	825	0.0	1	0 524 301
20	134387	0.0	2	96259 34159 3969
21	532670	0.0	2	385879 133787 13004
22	1899	0.0	2	0 1099 800
23	591	0.0	2	0 219 372
24	855	0.0	2	0 568 287
25	138943	0.0	2	99478 35536 3929
26	143302	0.0	2	100775 37594 4933
27	279748	0.0	2	198491 72502 8755
28	2514	0.0	2	0 1530 853 131
29	275061	0.0	2	192782 72620 9498 161
30	2747	0.0	3	0 1633 842 272
31	261325	0.0	3	182689 66598 8022 4016
32	2219	0.0	3	0 1163 725 331
33	134967	0.0	3	91320 36660 5157 1830
34	414408	0.0	3	284569 108707 15212 5920
35	2755	0.0	3	428 1184 718 425
36	1568	0.0	3	122 775 429 242
37	133555	0.0	3	91256 35231 5010 2058
38	139878	0.0	3	93495 38017 5947 2419
39	643618	0.0	3	465672 149479 20010 8457
40	4807	0.0	3	1125 2020 995 667
41	1103	0.0	3	253 294 336 220
42	2353	0.0	3	274 1422 507 150
43	239859	0.0	3	170075 59780 7045 2959
44	2161	0.0	3	255 1180 550 176
45	115100	0.0	3	80804 29555 3449 1292
46	224955	0.0	3	158797 56754 6609 2795
47	3894	0.0	3	1564 1415 628 287
48	98927	0.0	3	67303 26863 3357 1404
49	130297	0.0	3	95495 29289 3842 1671
50	82036	0.0	3	53481 24014 3174 1367
51	121245	0.0	3	88180 27598 3793 1674
52	232459	0.0	3	156575 63897 8254 3733
53	1660	0.0	3	323 703 404 230
54	1771	0.0	3	332 909 426 104
55	161197	0.0	3	105965 48692 4722 1818
56	946	0.0	3	216 400 211 119
57	678	0.0	3	118 321 172 67
58	54990	0.0	3	36217 16219 1810 744
59	86377	0.0	3	56657 26372 2403 945
60	865	0.0	3	136 410 245 74
61	39929	0.0	3	25830 12244 1367 488
62	72835	0.0	3	47737 21951 2187 960
63	503	0.0	3	62 263 138 40
64	28256	0.0	3	18528 8684 744 300
65	28429	0.0	3	18731 8618 737 343
66	30641	0.0	3	20827 8588 885 341
67	25395	0.0	3	16703 7638 743 311
68	25708	0.0	3	17300 7307 772 329
69	22626	0.0	3	15252 6516 592 266
70	21057	0.0	3	14400 5833 605 219
71	18046	0.0	3	12160 5159 522 205
72	16451	0.0	3	11274 4543 452 182
73	14799	0.0	3	10285 3968 368 178
74	13733	0.0	3	9583 3647 355 148
75	14434	0.0	3	10320 3606 351 157
76	14235	0.0	3	10166 3555 359 155
77	8881	0.0	3	5920 2602 247 112
78	7345	0.0	3	4766 2263 203 113
79	6476	0.0	3	4137 2085 182 72
80	6056	0.0	3	3888 1934 159 75
81	4724	0.0	3	3053 1500 117 54
82	3930	0.0	3	2576 1224 96 34
83	3360	0.0	3	2169 1069 89 33
84	2921	0.0	3	1944 862 82 33
85	2696	0.0	3	1768 816 78 34
86	2078	0.0	3	1326 679 48 25
87	1830	0.0	3	1147 611 53 19
88	1541	0.0	3	993 490 46 12
89	1340	0.0	3	848 431 36 25
90	1123	0.0	3	698 383 33 9
91	841	0.0	3	516 288 23 14
92	732	0.0	3	440 249 25 18
93	673	0.0	3	410 229 23 11
94	551	0.0	3	350 172 22 7
95	462	0.0	3	278 156 23 5
96	422	0.0	3	269 128 17 8
97	298	0.0	3	189 98 8 3
98	285	0.0	3	179 90 5 11
99	225	0.0	3	131 83 8 3
100	205	0.0	3	120 73 7 5
101	185	0.0	3	121 54 4 6
102	144	0.0	3	84 56 2 2
103	143	0.0	3	90 45 7 1
104	110	0.0	3	67 40 1 2
105	95	0.0	3	52 38 3 2
106	75	0.0	3	39 30 6
107	77	0.0	3	41 28 5 3
108	72	0.0	3	38 25 6 3
109	46	0.0	3	20 21 2 3
110	42	0.0	3	22 16 2 2
111	54	0.0	3	33 15 4 2
112	77	0.0	3	56 13 6 2
113	26	0.0	3	10 9 5 2
114	36	0.0	3	17 8 8 3
115	24	0.0	3	9 8 7
116	19	0.0	3	9 5 5
117	20	0.0	3	10 6 3 1
118	22	0.0	3	11 5 5 1
119	23	0.0	3	6 10 4 3
120	16	0.0	3	7 3 5 1
121	13	0.0	3	5 3 3 2
122	16	0.0	3	6 3 7
123	10	0.0	3	4 0 5 1
124	15	0.0	3	3 0 9 3
125	27	0.0	3	3 6 16 2
126	28	0.0	3	7 3 17 1
127	36	0.0	3	5 0 27 4
128	38	0.0	3	2 3 32 1
129	55	0.0	3	3 2 45 5
130	49	0.0	3	6 2 35 6
131	59	0.0	3	7 2 48 2
132	87	0.0	3	6 1 75 5
133	95	0.0	3	2 1 87 5
134	101	0.0	3	4 2 83 12
135	106	0.0	3	3 1 98 4
136	123	0.0	3	4 4 109 6
137	116	0.0	3	4 3 103 6
138	143	0.0	3	0 3 137 3
139	147	0.0	3	3 5 128 11
140	172	0.0	3	1 4 159 8
141	208	0.0	3	1 5 191 11
142	205	0.0	3	1 5 189 10
143	253	0.0	3	1 2 236 14
144	314	0.0	3	3 7 291 13
145	352	0.0	3	1 7 320 24
146	412	0.0	3	4 9 375 24
147	558	0.0	3	2 2 524 30
148	850	0.0	3	2 10 789 49
149	2238	0.0	3	1 22 2099 116
150	6641	0.0	3	1 57 6219 364
