This is cutadapt 2.9 with Python 3.5.2
Command line parameters: --nextseq-trim 10 --minimum-length 25 --cores 4 -a AGATCGGAAGAGCACACGTCTGAACTCCAGTCAC -A AGATCGGAAGAGCGTCGTGTAGGGAAAGAGTGTA -o Pacuta_HTHC_TP5_1168_R1_TrimmingRound1.fastq.gz -p Pacuta_HTHC_TP5_1168_R2_TrimmingRound1.fastq.gz Pacuta_HTHC_TP5_1168_R1.fastq.gz Pacuta_HTHC_TP5_1168_R2.fastq.gz
Processing reads on 4 cores in paired-end mode ...
Finished in 609.14 s (35 us/read; 1.74 M reads/minute).

=== Summary ===

Total read pairs processed:         17,638,654
  Read 1 with adapter:               7,947,713 (45.1%)
  Read 2 with adapter:               7,256,163 (41.1%)
Pairs written (passing filters):    17,493,759 (99.2%)

Total basepairs processed: 5,291,596,200 bp
  Read 1: 2,645,798,100 bp
  Read 2: 2,645,798,100 bp
Quality-trimmed:              40,744,251 bp (0.8%)
  Read 1:     6,093,237 bp
  Read 2:    34,651,014 bp
Total written (filtered):  4,768,906,756 bp (90.1%)
  Read 1: 2,372,118,964 bp
  Read 2: 2,396,787,792 bp

=== First read: Adapter 1 ===

Sequence: AGATCGGAAGAGCACACGTCTGAACTCCAGTCAC; Type: regular 3'; Length: 34; Trimmed: 7947713 times

No. of allowed errors:
0-9 bp: 0; 10-19 bp: 1; 20-29 bp: 2; 30-34 bp: 3

Bases preceding removed adapters:
  A: 18.6%
  C: 36.2%
  G: 20.5%
  T: 24.7%
  none/other: 0.1%

Overview of removed sequences
length	count	expect	max.err	error counts
3	312247	275604.0	0	312247
4	153160	68901.0	0	153160
5	322630	17225.2	0	322630
8	104003	269.1	0	104003
9	206451	67.3	0	206451
10	692	16.8	1	0 692
11	276054	4.2	1	205527 70527
12	752	1.1	1	0 752
13	141126	0.3	1	104889 36237
14	146411	0.1	1	108202 38209
15	143536	0.0	1	106207 37329
16	152279	0.0	1	111811 40468
17	288112	0.0	1	214321 73791
18	1276	0.0	1	0 1122 154
19	145250	0.0	1	106999 37674 577
20	144436	0.0	2	103933 37752 2751
21	286675	0.0	2	208712 73186 4777
22	2046	0.0	2	0 1353 693
23	146974	0.0	2	105788 38295 2891
24	150183	0.0	2	107311 39701 3171
25	149965	0.0	2	107393 39385 3187
26	151347	0.0	2	108256 39722 3369
27	150197	0.0	2	106791 39671 3735
28	149854	0.0	2	106289 39809 3684 72
29	286225	0.0	2	206071 74338 5587 229
30	3074	0.0	3	0 1688 938 448
31	145545	0.0	3	102389 38444 3450 1262
32	139508	0.0	3	98679 36583 3074 1172
33	143152	0.0	3	99994 38331 3616 1211
34	149904	0.0	3	103154 40757 4542 1451
35	416796	0.0	3	297823 108680 7614 2679
36	3487	0.0	3	418 1778 952 339
37	1765	0.0	3	82 996 529 158
38	139785	0.0	3	98816 36733 3077 1159
39	133849	0.0	3	94576 35424 2995 854
40	129226	0.0	3	90985 34689 2782 770
41	248026	0.0	3	177556 64510 4462 1498
42	3097	0.0	3	257 1830 797 213
43	121464	0.0	3	86447 31700 2472 845
44	120988	0.0	3	85467 32036 2651 834
45	133883	0.0	3	94339 35575 3029 940
46	107332	0.0	3	75155 28934 2538 705
47	221400	0.0	3	158863 57493 3820 1224
48	2844	0.0	3	272 1680 712 180
49	103970	0.0	3	73763 27442 2162 603
50	100562	0.0	3	70725 27038 2200 599
51	180110	0.0	3	129303 47138 2736 933
52	4686	0.0	3	1768 1941 793 184
53	87064	0.0	3	61512 23260 1747 545
54	167532	0.0	3	119954 43754 2824 1000
55	2211	0.0	3	346 1177 560 128
56	74350	0.0	3	53292 19435 1270 353
57	73809	0.0	3	52443 19657 1323 386
58	66247	0.0	3	47135 17643 1132 337
59	63748	0.0	3	44879 17254 1237 378
60	61471	0.0	3	43061 16882 1218 310
61	98865	0.0	3	70909 26141 1379 436
62	1566	0.0	3	355 797 335 79
63	47039	0.0	3	33469 12513 822 235
64	41285	0.0	3	29005 11307 768 205
65	73312	0.0	3	53049 19036 933 294
66	1264	0.0	3	321 647 227 69
67	32515	0.0	3	23102 8691 547 175
68	30753	0.0	3	21703 8276 608 166
69	30512	0.0	3	21190 8543 631 148
70	79805	0.0	3	57972 21035 662 136
71	34139	0.0	3	24277 9191 542 129
72	20547	0.0	3	14398 5588 444 117
73	10171	0.0	3	7000 2855 235 81
74	8336	0.0	3	5828 2266 191 51
75	7685	0.0	3	5313 2158 171 43
76	7401	0.0	3	5158 2020 177 46
77	6304	0.0	3	4428 1694 137 45
78	4428	0.0	3	3078 1205 109 36
79	3875	0.0	3	2701 1070 88 16
80	3231	0.0	3	2249 897 67 18
81	2819	0.0	3	2000 737 61 21
82	2557	0.0	3	1817 678 53 9
83	2040	0.0	3	1448 532 42 18
84	1796	0.0	3	1276 480 30 10
85	1603	0.0	3	1118 430 36 19
86	1428	0.0	3	998 392 32 6
87	1160	0.0	3	831 300 21 8
88	1101	0.0	3	770 307 22 2
89	880	0.0	3	631 230 17 2
90	790	0.0	3	559 214 13 4
91	702	0.0	3	512 168 19 3
92	558	0.0	3	385 157 11 5
93	480	0.0	3	327 140 12 1
94	401	0.0	3	266 121 12 2
95	358	0.0	3	242 98 13 5
96	278	0.0	3	198 72 8
97	289	0.0	3	204 80 3 2
98	227	0.0	3	151 68 6 2
99	193	0.0	3	135 52 6
100	162	0.0	3	108 49 4 1
101	138	0.0	3	95 38 5
102	137	0.0	3	96 35 6
103	118	0.0	3	71 32 13 2
104	103	0.0	3	64 31 7 1
105	64	0.0	3	41 16 7
106	65	0.0	3	35 22 8
107	50	0.0	3	26 13 10 1
108	54	0.0	3	30 12 12
109	38	0.0	3	19 10 9
110	38	0.0	3	19 6 12 1
111	47	0.0	3	24 8 15
112	47	0.0	3	22 9 14 2
113	50	0.0	3	17 10 22 1
114	34	0.0	3	11 3 20
115	50	0.0	3	6 6 35 3
116	35	0.0	3	5 3 26 1
117	30	0.0	3	5 0 25
118	60	0.0	3	4 2 53 1
119	43	0.0	3	5 2 34 2
120	59	0.0	3	6 2 50 1
121	47	0.0	3	2 1 43 1
122	56	0.0	3	0 1 54 1
123	75	0.0	3	2 1 72
124	43	0.0	3	3 1 37 2
125	50	0.0	3	2 0 47 1
126	77	0.0	3	1 2 73 1
127	64	0.0	3	1 2 60 1
128	62	0.0	3	2 1 57 2
129	80	0.0	3	4 1 75
130	88	0.0	3	5 1 81 1
131	101	0.0	3	2 1 96 2
132	123	0.0	3	0 1 121 1
133	156	0.0	3	7 2 143 4
134	158	0.0	3	0 1 150 7
135	159	0.0	3	5 0 148 6
136	179	0.0	3	5 1 166 7
137	187	0.0	3	2 1 181 3
138	218	0.0	3	5 4 201 8
139	252	0.0	3	1 4 238 9
140	292	0.0	3	4 2 276 10
141	267	0.0	3	2 2 254 9
142	367	0.0	3	4 2 348 13
143	491	0.0	3	3 2 474 12
144	549	0.0	3	0 2 532 15
145	584	0.0	3	2 1 565 16
146	666	0.0	3	3 6 635 22
147	865	0.0	3	3 6 828 28
148	1510	0.0	3	1 4 1458 47
149	3900	0.0	3	0 35 3751 114
150	9166	0.0	3	2 62 8821 281


=== Second read: Adapter 2 ===

Sequence: AGATCGGAAGAGCGTCGTGTAGGGAAAGAGTGTA; Type: regular 3'; Length: 34; Trimmed: 7256163 times

No. of allowed errors:
0-9 bp: 0; 10-19 bp: 1; 20-29 bp: 2; 30-34 bp: 3

Bases preceding removed adapters:
  A: 15.6%
  C: 36.5%
  G: 33.0%
  T: 14.7%
  none/other: 0.1%

Overview of removed sequences
length	count	expect	max.err	error counts
3	481257	275604.0	0	481257
4	172112	68901.0	0	172112
5	307805	17225.2	0	307805
8	97736	269.1	0	97736
9	192357	67.3	0	192357
10	819	16.8	1	0 819
11	243448	4.2	1	191971 51477
12	720	1.1	1	0 720
13	262163	0.3	1	203912 58251
14	432	0.1	1	0 432
15	126178	0.0	1	99595 26583
16	266611	0.0	1	208671 57940
17	653	0.0	1	0 653
18	238321	0.0	1	190041 47948 332
19	853	0.0	1	0 578 275
20	128832	0.0	2	97029 28592 3211
21	509367	0.0	2	385981 111922 11464
22	1893	0.0	2	0 1206 687
23	527	0.0	2	0 200 327
24	806	0.0	2	0 505 301
25	130891	0.0	2	98313 29219 3359
26	133825	0.0	2	98632 31015 4178
27	259053	0.0	2	192396 59321 7336
28	2417	0.0	2	0 1562 741 114
29	254752	0.0	2	187593 59125 7928 106
30	2636	0.0	3	0 1741 679 216
31	245295	0.0	3	179955 54953 6891 3496
32	2190	0.0	3	0 1238 708 244
33	125874	0.0	3	89854 30155 4282 1583
34	383766	0.0	3	277411 88918 12589 4848
35	2794	0.0	3	462 1253 673 406
36	1492	0.0	3	126 758 365 243
37	122354	0.0	3	87996 28406 4304 1648
38	127381	0.0	3	89127 31365 4935 1954
39	628823	0.0	3	476873 127920 17098 6932
40	5423	0.0	3	1320 2301 1066 736
41	1091	0.0	3	302 235 341 213
42	2161	0.0	3	215 1398 404 144
43	223448	0.0	3	167232 48009 5749 2458
44	2123	0.0	3	241 1235 494 153
45	106721	0.0	3	79205 23699 2681 1136
46	204570	0.0	3	152464 44593 5299 2214
47	4005	0.0	3	1716 1396 594 299
48	87309	0.0	3	62326 21033 2730 1220
49	130147	0.0	3	100818 24623 3228 1478
50	70155	0.0	3	48141 18355 2548 1111
51	116550	0.0	3	89673 22369 3145 1363
52	208651	0.0	3	150997 48555 6238 2861
53	1586	0.0	3	330 694 349 213
54	1507	0.0	3	284 780 342 101
55	127284	0.0	3	86615 36017 3317 1335
56	949	0.0	3	200 401 234 114
57	642	0.0	3	113 289 191 49
58	44550	0.0	3	30525 12088 1367 570
59	66338	0.0	3	45105 18813 1742 678
60	743	0.0	3	119 371 188 65
61	32304	0.0	3	21901 8956 1032 415
62	58778	0.0	3	40653 15746 1652 727
63	467	0.0	3	61 257 107 42
64	22077	0.0	3	15177 6199 499 202
65	23139	0.0	3	15868 6388 605 278
66	25441	0.0	3	18165 6360 626 290
67	20530	0.0	3	14249 5534 514 233
68	21241	0.0	3	15128 5329 563 221
69	18860	0.0	3	13182 4942 528 208
70	18356	0.0	3	13353 4383 453 167
71	15230	0.0	3	10882 3741 423 184
72	14324	0.0	3	10187 3643 332 162
73	13308	0.0	3	9639 3199 332 138
74	12678	0.0	3	9400 2849 300 129
75	13682	0.0	3	10372 2861 321 128
76	13610	0.0	3	10275 2880 327 128
77	8025	0.0	3	5591 2101 235 98
78	5892	0.0	3	3987 1693 145 67
79	5030	0.0	3	3305 1535 131 59
80	4845	0.0	3	3269 1402 129 45
81	3692	0.0	3	2450 1099 97 46
82	3074	0.0	3	2058 898 77 41
83	2780	0.0	3	1933 749 68 30
84	2360	0.0	3	1613 671 58 18
85	2188	0.0	3	1466 644 49 29
86	1824	0.0	3	1197 560 49 18
87	1380	0.0	3	892 438 34 16
88	1217	0.0	3	819 347 32 19
89	995	0.0	3	644 323 17 11
90	889	0.0	3	575 283 24 7
91	650	0.0	3	419 212 11 8
92	579	0.0	3	380 174 17 8
93	522	0.0	3	326 177 14 5
94	387	0.0	3	238 121 21 7
95	359	0.0	3	225 117 9 8
96	327	0.0	3	202 108 12 5
97	251	0.0	3	166 74 4 7
98	212	0.0	3	141 62 6 3
99	180	0.0	3	114 63 3
100	151	0.0	3	93 53 3 2
101	156	0.0	3	111 41 2 2
102	131	0.0	3	75 48 5 3
103	109	0.0	3	68 36 3 2
104	105	0.0	3	66 32 3 4
105	72	0.0	3	41 23 2 6
106	49	0.0	3	31 16 1 1
107	58	0.0	3	31 22 5
108	62	0.0	3	28 27 3 4
109	61	0.0	3	35 20 6
110	41	0.0	3	15 21 5
111	40	0.0	3	18 13 8 1
112	41	0.0	3	27 8 3 3
113	29	0.0	3	15 11 3
114	35	0.0	3	17 16 2
115	18	0.0	3	10 5 3
116	15	0.0	3	6 4 4 1
117	15	0.0	3	4 4 7
118	21	0.0	3	5 6 9 1
119	16	0.0	3	5 3 7 1
120	17	0.0	3	8 2 6 1
121	16	0.0	3	5 2 7 2
122	14	0.0	3	2 1 11
123	22	0.0	3	3 1 14 4
124	19	0.0	3	1 2 15 1
125	30	0.0	3	3 1 24 2
126	31	0.0	3	4 2 19 6
127	31	0.0	3	2 0 25 4
128	61	0.0	3	3 1 55 2
129	70	0.0	3	1 1 64 4
130	92	0.0	3	5 2 82 3
131	100	0.0	3	2 0 95 3
132	128	0.0	3	1 3 116 8
133	140	0.0	3	1 3 130 6
134	148	0.0	3	5 3 135 5
135	196	0.0	3	6 2 180 8
136	183	0.0	3	4 1 169 9
137	208	0.0	3	0 0 194 14
138	227	0.0	3	3 4 205 15
139	266	0.0	3	3 2 245 16
140	271	0.0	3	1 4 250 16
141	279	0.0	3	3 0 262 14
142	334	0.0	3	2 2 314 16
143	445	0.0	3	2 2 420 21
144	536	0.0	3	0 4 518 14
145	551	0.0	3	1 5 512 33
146	664	0.0	3	1 4 625 34
147	812	0.0	3	4 8 749 51
148	1346	0.0	3	0 6 1275 65
149	3389	0.0	3	0 19 3189 181
150	10243	0.0	3	0 73 9585 585
