This is cutadapt 2.9 with Python 3.5.2
Command line parameters: --nextseq-trim 10 --minimum-length 25 --cores 4 -a AGATCGGAAGAGCACACGTCTGAACTCCAGTCAC -A AGATCGGAAGAGCGTCGTGTAGGGAAAGAGTGTA -o Pacuta_ATAC_TP11_1777_R1_TrimmingRound1.fastq.gz -p Pacuta_ATAC_TP11_1777_R2_TrimmingRound1.fastq.gz Pacuta_ATAC_TP11_1777_R1.fastq.gz Pacuta_ATAC_TP11_1777_R2.fastq.gz
Processing reads on 4 cores in paired-end mode ...
Finished in 671.84 s (36 us/read; 1.67 M reads/minute).

=== Summary ===

Total read pairs processed:         18,725,771
  Read 1 with adapter:               7,206,248 (38.5%)
  Read 2 with adapter:               7,358,535 (39.3%)
Pairs written (passing filters):    18,670,100 (99.7%)

Total basepairs processed: 5,617,731,300 bp
  Read 1: 2,808,865,650 bp
  Read 2: 2,808,865,650 bp
Quality-trimmed:              11,764,458 bp (0.2%)
  Read 1:     5,014,248 bp
  Read 2:     6,750,210 bp
Total written (filtered):  5,017,315,734 bp (89.3%)
  Read 1: 2,509,018,154 bp
  Read 2: 2,508,297,580 bp

=== First read: Adapter 1 ===

Sequence: AGATCGGAAGAGCACACGTCTGAACTCCAGTCAC; Type: regular 3'; Length: 34; Trimmed: 7206248 times

No. of allowed errors:
0-9 bp: 0; 10-19 bp: 1; 20-29 bp: 2; 30-34 bp: 3

Bases preceding removed adapters:
  A: 17.5%
  C: 28.7%
  G: 36.8%
  T: 16.9%
  none/other: 0.1%

Overview of removed sequences
length	count	expect	max.err	error counts
3	332889	292590.2	0	332889
4	140101	73147.5	0	140101
5	259997	18286.9	0	259997
8	81518	285.7	0	81518
9	164497	71.4	0	164497
10	515	17.9	1	0 515
11	170868	4.5	1	167553 3315
12	440	1.1	1	0 440
13	86007	0.3	1	83801 2206
14	87380	0.1	1	85172 2208
15	86616	0.0	1	84265 2351
16	86990	0.0	1	84381 2609
17	172926	0.0	1	168434 4492
18	576	0.0	1	0 534 42
19	87638	0.0	1	84829 2689 120
20	88423	0.0	2	84983 3215 225
21	176762	0.0	2	170936 5267 559
22	881	0.0	2	0 795 86
23	89756	0.0	2	86231 3145 380
24	90078	0.0	2	86223 3457 398
25	89773	0.0	2	85697 3673 403
26	89081	0.0	2	84979 3714 388
27	88865	0.0	2	84703 3653 509
28	90870	0.0	2	85713 4756 346 55
29	178669	0.0	2	171266 6556 721 126
30	1528	0.0	3	0 1067 161 300
31	91284	0.0	3	86328 4353 479 124
32	91222	0.0	3	86030 4550 529 113
33	92692	0.0	3	86532 5643 404 113
34	182552	0.0	3	173707 7892 768 185
35	1419	0.0	3	72 1216 99 32
36	91909	0.0	3	86558 4751 486 114
37	91851	0.0	3	86442 4819 458 132
38	92982	0.0	3	87502 4836 529 115
39	93866	0.0	3	87615 5724 408 119
40	182107	0.0	3	173365 7858 708 176
41	1504	0.0	3	64 1266 127 47
42	91599	0.0	3	86399 4692 378 130
43	92635	0.0	3	87214 4890 404 127
44	93213	0.0	3	87801 4875 413 124
45	94370	0.0	3	88915 4902 482 71
46	91879	0.0	3	85816 5597 354 112
47	181654	0.0	3	173373 7480 624 177
48	1595	0.0	3	180 1244 124 47
49	90983	0.0	3	86031 4482 406 64
50	92281	0.0	3	86337 5508 338 98
51	179030	0.0	3	170948 7384 526 172
52	1664	0.0	3	241 1229 175 19
53	92179	0.0	3	86339 5421 331 88
54	178908	0.0	3	170601 7607 560 140
55	1599	0.0	3	192 1251 122 34
56	89155	0.0	3	84392 4351 310 102
57	88379	0.0	3	83408 4564 328 79
58	87032	0.0	3	82028 4576 331 97
59	86611	0.0	3	81675 4475 403 58
60	85556	0.0	3	79885 5285 305 81
61	165471	0.0	3	157808 7091 469 103
62	1431	0.0	3	239 1053 96 43
63	82894	0.0	3	78337 4156 347 54
64	82740	0.0	3	77326 5053 276 85
65	157556	0.0	3	150239 6727 488 102
66	1365	0.0	3	168 1078 97 22
67	76188	0.0	3	72021 3763 332 72
68	74747	0.0	3	70587 3834 266 60
69	71247	0.0	3	67336 3558 293 60
70	69842	0.0	3	65940 3559 294 49
71	66572	0.0	3	62894 3388 238 52
72	79399	0.0	3	75173 3868 276 82
73	63311	0.0	3	59938 3097 224 52
74	62260	0.0	3	58887 3078 238 57
75	59268	0.0	3	56091 2885 239 53
76	52606	0.0	3	49661 2730 168 47
77	51939	0.0	3	49225 2515 174 25
78	46692	0.0	3	44148 2365 145 34
79	42974	0.0	3	40602 2205 127 40
80	39856	0.0	3	37757 1969 100 30
81	37359	0.0	3	35348 1867 117 27
82	32673	0.0	3	30942 1587 118 26
83	29304	0.0	3	27692 1490 95 27
84	27002	0.0	3	25557 1332 85 28
85	24624	0.0	3	23291 1252 63 18
86	22226	0.0	3	21017 1127 65 17
87	20440	0.0	3	19401 960 62 17
88	18838	0.0	3	17910 864 51 13
89	15283	0.0	3	14498 712 59 14
90	13792	0.0	3	13140 595 45 12
91	12086	0.0	3	11475 568 36 7
92	10293	0.0	3	9809 449 30 5
93	8274	0.0	3	7829 419 20 6
94	7175	0.0	3	6801 347 21 6
95	6464	0.0	3	6155 287 18 4
96	5133	0.0	3	4872 236 21 4
97	4560	0.0	3	4310 233 13 4
98	4051	0.0	3	3825 206 14 6
99	3633	0.0	3	3471 153 7 2
100	3074	0.0	3	2922 138 12 2
101	2527	0.0	3	2403 109 11 4
102	2141	0.0	3	2059 73 5 4
103	1651	0.0	3	1579 64 6 2
104	1464	0.0	3	1396 65 2 1
105	1221	0.0	3	1162 53 6
106	1071	0.0	3	1031 37 2 1
107	934	0.0	3	876 48 8 2
108	847	0.0	3	792 43 8 4
109	788	0.0	3	743 38 6 1
110	612	0.0	3	575 35 1 1
111	590	0.0	3	556 32 1 1
112	523	0.0	3	486 32 4 1
113	512	0.0	3	480 29 1 2
114	420	0.0	3	393 21 5 1
115	438	0.0	3	410 26 2
116	394	0.0	3	369 21 2 2
117	412	0.0	3	380 30 1 1
118	380	0.0	3	346 31 3
119	423	0.0	3	403 19 0 1
120	415	0.0	3	380 31 4
121	420	0.0	3	389 29 0 2
122	401	0.0	3	375 24 2
123	422	0.0	3	395 24 2 1
124	450	0.0	3	414 34 1 1
125	528	0.0	3	491 34 0 3
126	571	0.0	3	527 41 2 1
127	616	0.0	3	569 42 2 3
128	638	0.0	3	589 46 3
129	683	0.0	3	626 52 4 1
130	727	0.0	3	691 35 1
131	808	0.0	3	758 48 1 1
132	922	0.0	3	863 52 5 2
133	1032	0.0	3	948 80 4
134	1126	0.0	3	1050 72 3 1
135	1254	0.0	3	1178 73 3
136	1302	0.0	3	1206 93 3
137	1449	0.0	3	1343 98 8
138	1382	0.0	3	1275 100 6 1
139	1344	0.0	3	1243 97 4
140	1592	0.0	3	1444 142 5 1
141	1707	0.0	3	1569 131 6 1
142	1045	0.0	3	907 130 8
143	1123	0.0	3	936 180 7
144	1238	0.0	3	992 233 13
145	1353	0.0	3	1074 264 14 1
146	1698	0.0	3	1286 389 23
147	2118	0.0	3	1115 959 42 2
148	2821	0.0	3	327 2341 147 6
149	7598	0.0	3	244 6930 405 19
150	18121	0.0	3	623 16559 892 47


=== Second read: Adapter 2 ===

Sequence: AGATCGGAAGAGCGTCGTGTAGGGAAAGAGTGTA; Type: regular 3'; Length: 34; Trimmed: 7358535 times

No. of allowed errors:
0-9 bp: 0; 10-19 bp: 1; 20-29 bp: 2; 30-34 bp: 3

Bases preceding removed adapters:
  A: 17.1%
  C: 27.1%
  G: 45.7%
  T: 10.0%
  none/other: 0.1%

Overview of removed sequences
length	count	expect	max.err	error counts
3	461521	292590.2	0	461521
4	171364	73147.5	0	171364
5	263576	18286.9	0	263576
8	81514	285.7	0	81514
9	164420	71.4	0	164420
10	719	17.9	1	0 719
11	170879	4.5	1	167699 3180
12	688	1.1	1	0 688
13	173128	0.3	1	169478 3650
14	449	0.1	1	0 449
15	86365	0.0	1	84022 2343
16	173738	0.0	1	169018 4720
17	757	0.0	1	0 757
18	171969	0.0	1	167204 4605 160
19	713	0.0	1	0 477 236
20	88876	0.0	2	84530 3928 418
21	354192	0.0	2	340718 11967 1507
22	898	0.0	2	0 793 105
23	417	0.0	2	0 105 312
24	687	0.0	2	0 578 109
25	89466	0.0	2	84955 3934 577
26	89517	0.0	2	84426 4548 543
27	177118	0.0	2	168932 6880 1306
28	1580	0.0	2	0 1407 124 49
29	179208	0.0	2	170388 7599 1194 27
30	1697	0.0	3	0 1513 123 61
31	180098	0.0	3	170785 7781 1086 446
32	1253	0.0	3	0 945 199 109
33	91471	0.0	3	85604 4362 1248 257
34	91694	0.0	3	4 86050 4946 694
35	92991	0.0	3	24 86537 4690 1740
36	181825	0.0	3	12 99 171597 10117
37	1601	0.0	3	1 7 126 1467
38	183731	0.0	3	41 96 173690 9904
39	1191	0.0	3	4 8 106 1073
40	91770	0.0	3	14 106 85890 5760
41	182806	0.0	3	19 110 172881 9796
42	1757	0.0	3	0 3 212 1542
43	182907	0.0	3	45 117 173234 9511
44	1360	0.0	3	0 1 310 1049
45	92981	0.0	3	29 96 87009 5847
46	182664	0.0	3	61 176 173080 9347
47	1292	0.0	3	0 6 286 1000
48	90858	0.0	3	12 106 85513 5227
49	91017	0.0	3	7 67 85739 5204
50	91215	0.0	3	21 40 85663 5491
51	91727	0.0	3	20 56 85536 6115
52	269789	0.0	3	114 251 256134 13290
53	1250	0.0	3	0 2 453 795
54	1874	0.0	3	1 8 217 1648
55	264107	0.0	3	151 449 251376 12131
56	1089	0.0	3	0 7 447 635
57	774	0.0	3	0 27 104 643
58	87172	0.0	3	8 101 82288 4775
59	169097	0.0	3	52 84 161424 7537
60	1294	0.0	3	0 5 298 991
61	84463	0.0	3	11 62 79783 4607
62	165012	0.0	3	81 193 157774 6964
63	1169	0.0	3	3 3 274 889
64	81131	0.0	3	32 135 77255 3709
65	80958	0.0	3	7 143 76733 4075
66	78305	0.0	3	14 87 74322 3882
67	76341	0.0	3	6 34 72469 3832
68	74685	0.0	3	39 47 71010 3589
69	71147	0.0	3	17 53 67712 3365
70	69671	0.0	3	8 102 66169 3392
71	66280	0.0	3	6 52 63053 3169
72	63954	0.0	3	4 44 60890 3016
73	62307	0.0	3	8 41 59410 2848
74	59822	0.0	3	33 26 57065 2698
75	56991	0.0	3	29 67 54275 2620
76	63990	0.0	3	3 72 60828 3087
77	52647	0.0	3	14 65 50208 2360
78	47690	0.0	3	3 20 45557 2110
79	44319	0.0	3	5 32 42225 2057
80	42380	0.0	3	11 17 40561 1791
81	36580	0.0	3	4 19 34945 1612
82	33761	0.0	3	4 21 32315 1421
83	29951	0.0	3	7 22 28561 1361
84	27657	0.0	3	5 26 26471 1155
85	25288	0.0	3	3 20 24209 1056
86	22656	0.0	3	4 18 21663 971
87	20636	0.0	3	1 21 19685 929
88	17997	0.0	3	4 19 17196 778
89	16544	0.0	3	1 8 15833 702
90	14113	0.0	3	1 6 13434 672
91	12136	0.0	3	0 8 11538 590
92	10240	0.0	3	2 3 9746 489
93	8677	0.0	3	2 1 8264 410
94	7119	0.0	3	4 1 6759 355
95	6204	0.0	3	4 6 5955 239
96	5589	0.0	3	2 11 5330 246
97	4525	0.0	3	1 3 4305 216
98	4104	0.0	3	1 4 3917 182
99	3572	0.0	3	0 1 3403 168
100	3097	0.0	3	0 3 2950 144
101	2613	0.0	3	1 1 2472 139
102	2085	0.0	3	0 5 1980 100
103	1798	0.0	3	0 0 1712 86
104	1506	0.0	3	0 0 1440 66
105	1234	0.0	3	0 0 1158 76
106	1164	0.0	3	0 2 1100 62
107	1036	0.0	3	0 0 960 76
108	892	0.0	3	0 0 827 65
109	789	0.0	3	0 1 752 36
110	716	0.0	3	0 2 667 47
111	631	0.0	3	0 0 583 48
112	561	0.0	3	0 1 511 49
113	506	0.0	3	0 2 460 44
114	486	0.0	3	0 0 456 30
115	463	0.0	3	0 0 426 37
116	440	0.0	3	0 1 402 37
117	431	0.0	3	0 0 401 30
118	412	0.0	3	0 0 381 31
119	453	0.0	3	0 1 416 36
120	453	0.0	3	1 1 411 40
121	409	0.0	3	0 0 379 30
122	488	0.0	3	1 0 435 52
123	449	0.0	3	1 0 411 37
124	456	0.0	3	0 0 425 31
125	514	0.0	3	0 0 476 38
126	586	0.0	3	0 0 545 41
127	622	0.0	3	0 0 584 38
128	650	0.0	3	0 1 608 41
129	659	0.0	3	0 0 619 40
130	718	0.0	3	0 0 672 46
131	827	0.0	3	0 1 765 61
132	911	0.0	3	0 0 855 56
133	1036	0.0	3	0 0 977 59
134	1112	0.0	3	0 1 1047 64
135	1193	0.0	3	0 0 1130 63
136	1323	0.0	3	0 0 1249 74
137	1482	0.0	3	1 2 1384 95
138	1341	0.0	3	0 1 1258 82
139	1290	0.0	3	1 0 1199 90
140	1534	0.0	3	0 1 1438 95
141	1741	0.0	3	0 0 1625 116
142	1087	0.0	3	0 0 970 117
143	1074	0.0	3	0 1 945 128
144	1135	0.0	3	0 0 967 168
145	1286	0.0	3	0 2 1082 202
146	1653	0.0	3	0 0 1354 299
147	1766	0.0	3	0 1 1229 536
148	1879	0.0	3	0 0 342 1537
149	6311	0.0	3	0 0 230 6081
150	20515	0.0	3	0 8 727 19780
