This is cutadapt 2.9 with Python 3.5.2
Command line parameters: --nextseq-trim 10 --minimum-length 25 --cores 4 -a AGATCGGAAGAGCACACGTCTGAACTCCAGTCAC -A AGATCGGAAGAGCGTCGTGTAGGGAAAGAGTGTA -o Pacuta_HTAC_TP6_1330_R1_TrimmingRound1.fastq.gz -p Pacuta_HTAC_TP6_1330_R2_TrimmingRound1.fastq.gz Pacuta_HTAC_TP6_1330_R1.fastq.gz Pacuta_HTAC_TP6_1330_R2.fastq.gz
Processing reads on 4 cores in paired-end mode ...
Finished in 605.33 s (35 us/read; 1.73 M reads/minute).

=== Summary ===

Total read pairs processed:         17,410,678
  Read 1 with adapter:              10,298,290 (59.1%)
  Read 2 with adapter:               9,450,777 (54.3%)
Pairs written (passing filters):    17,257,280 (99.1%)

Total basepairs processed: 5,223,203,400 bp
  Read 1: 2,611,601,700 bp
  Read 2: 2,611,601,700 bp
Quality-trimmed:              37,413,563 bp (0.7%)
  Read 1:     6,321,917 bp
  Read 2:    31,091,646 bp
Total written (filtered):  4,494,611,704 bp (86.1%)
  Read 1: 2,231,881,292 bp
  Read 2: 2,262,730,412 bp

=== First read: Adapter 1 ===

Sequence: AGATCGGAAGAGCACACGTCTGAACTCCAGTCAC; Type: regular 3'; Length: 34; Trimmed: 10298290 times

No. of allowed errors:
0-9 bp: 0; 10-19 bp: 1; 20-29 bp: 2; 30-34 bp: 3

Bases preceding removed adapters:
  A: 17.3%
  C: 42.6%
  G: 18.1%
  T: 21.9%
  none/other: 0.0%

Overview of removed sequences
length	count	expect	max.err	error counts
3	249832	272041.8	0	249832
4	141405	68010.5	0	141405
5	342313	17002.6	0	342313
8	110387	265.7	0	110387
9	218586	66.4	0	218586
10	555	16.6	1	0 555
11	294368	4.2	1	220621 73747
12	719	1.0	1	0 719
13	155740	0.3	1	116148 39592
14	162819	0.1	1	121016 41803
15	163700	0.0	1	121911 41789
16	175790	0.0	1	130132 45658
17	335288	0.0	1	250529 84759
18	1388	0.0	1	0 1159 229
19	170357	0.0	1	125540 44185 632
20	167332	0.0	2	120929 43245 3158
21	335688	0.0	2	244468 85116 6104
22	2158	0.0	2	0 1522 636
23	172877	0.0	2	125019 44429 3429
24	181287	0.0	2	129666 47637 3984
25	185530	0.0	2	133852 47526 4152
26	190609	0.0	2	136702 49378 4529
27	190455	0.0	2	135672 50007 4776
28	192171	0.0	2	136053 51040 4943 135
29	364362	0.0	2	261231 95180 7608 343
30	3554	0.0	3	0 2009 1080 465
31	183510	0.0	3	128687 48567 4566 1690
32	177161	0.0	3	124755 46588 4208 1610
33	182909	0.0	3	128407 48575 4374 1553
34	187572	0.0	3	130961 49787 5078 1746
35	190683	0.0	3	133881 50531 4647 1624
36	194529	0.0	3	135886 51495 5225 1923
37	194614	0.0	3	135092 52525 5147 1850
38	384023	0.0	3	269719 101043 9505 3756
39	5009	0.0	3	337 3208 1227 237
40	349807	0.0	3	247887 92075 7089 2756
41	3260	0.0	3	127 1968 944 221
42	178338	0.0	3	124416 47701 4578 1643
43	182726	0.0	3	128624 48554 4140 1408
44	152990	0.0	3	107997 40782 3094 1117
45	195757	0.0	3	137278 52355 4563 1561
46	149963	0.0	3	105172 40310 3441 1040
47	334119	0.0	3	236820 88788 6291 2220
48	3674	0.0	3	428 2017 908 321
49	157467	0.0	3	110398 42628 3311 1130
50	151862	0.0	3	105851 41638 3325 1048
51	276006	0.0	3	196244 72789 5044 1929
52	4326	0.0	3	1022 2138 937 229
53	132514	0.0	3	92374 36293 2858 989
54	263138	0.0	3	184581 71256 5405 1896
55	2876	0.0	3	350 1627 722 177
56	118619	0.0	3	83700 32064 2156 699
57	120970	0.0	3	85084 32716 2364 806
58	109067	0.0	3	76738 29571 2089 669
59	106029	0.0	3	74166 29003 2174 686
60	100223	0.0	3	69801 27708 2056 658
61	166677	0.0	3	117745 45230 2763 939
62	2084	0.0	3	366 1086 495 137
63	77761	0.0	3	54347 21334 1555 525
64	72469	0.0	3	50306 20364 1378 421
65	126959	0.0	3	90083 34406 1810 660
66	1627	0.0	3	327 858 345 97
67	57770	0.0	3	40578 15853 1018 321
68	54818	0.0	3	38142 15317 1024 335
69	53298	0.0	3	36333 15561 1112 292
70	122104	0.0	3	86953 33607 1187 357
71	49756	0.0	3	34509 13983 974 290
72	36265	0.0	3	24842 10366 787 270
73	20371	0.0	3	13819 5880 499 173
74	17907	0.0	3	12205 5114 433 155
75	16711	0.0	3	11420 4804 378 109
76	15664	0.0	3	10701 4513 342 108
77	13889	0.0	3	9601 3968 254 66
78	10472	0.0	3	7147 3055 212 58
79	9214	0.0	3	6361 2600 200 53
80	7060	0.0	3	4818 2021 176 45
81	6422	0.0	3	4413 1839 128 42
82	4977	0.0	3	3370 1461 107 39
83	4196	0.0	3	2899 1177 92 28
84	3634	0.0	3	2503 1032 82 17
85	3127	0.0	3	2102 943 59 23
86	2844	0.0	3	1904 863 57 20
87	2365	0.0	3	1560 745 46 14
88	2198	0.0	3	1502 636 45 15
89	1744	0.0	3	1195 507 30 12
90	1486	0.0	3	988 436 48 14
91	1272	0.0	3	861 359 36 16
92	1076	0.0	3	713 333 22 8
93	858	0.0	3	576 252 22 8
94	738	0.0	3	500 211 21 6
95	640	0.0	3	431 189 16 4
96	526	0.0	3	358 156 10 2
97	459	0.0	3	322 116 16 5
98	419	0.0	3	273 124 18 4
99	400	0.0	3	265 113 19 3
100	318	0.0	3	202 97 17 2
101	262	0.0	3	183 69 9 1
102	223	0.0	3	142 66 14 1
103	190	0.0	3	133 47 9 1
104	162	0.0	3	107 36 14 5
105	113	0.0	3	77 32 4
106	89	0.0	3	54 26 9
107	75	0.0	3	43 17 14 1
108	67	0.0	3	41 16 10
109	75	0.0	3	37 26 12
110	67	0.0	3	32 16 19
111	50	0.0	3	18 7 23 2
112	69	0.0	3	21 16 31 1
113	45	0.0	3	18 8 18 1
114	48	0.0	3	9 7 32
115	55	0.0	3	9 6 38 2
116	49	0.0	3	9 3 36 1
117	51	0.0	3	9 3 36 3
118	61	0.0	3	3 6 49 3
119	69	0.0	3	5 3 58 3
120	60	0.0	3	5 1 53 1
121	69	0.0	3	7 1 58 3
122	66	0.0	3	7 6 52 1
123	68	0.0	3	2 4 61 1
124	74	0.0	3	3 2 66 3
125	84	0.0	3	2 2 78 2
126	68	0.0	3	2 2 64
127	81	0.0	3	1 5 72 3
128	80	0.0	3	0 4 73 3
129	124	0.0	3	2 4 112 6
130	115	0.0	3	6 5 102 2
131	124	0.0	3	4 3 114 3
132	133	0.0	3	6 4 117 6
133	144	0.0	3	2 1 135 6
134	160	0.0	3	2 6 142 10
135	163	0.0	3	2 3 156 2
136	201	0.0	3	2 9 182 8
137	208	0.0	3	2 5 197 4
138	233	0.0	3	1 7 216 9
139	246	0.0	3	1 8 227 10
140	276	0.0	3	2 7 260 7
141	301	0.0	3	2 6 280 13
142	408	0.0	3	2 4 393 9
143	503	0.0	3	1 14 480 8
144	546	0.0	3	0 9 522 15
145	561	0.0	3	2 14 534 11
146	649	0.0	3	2 14 620 13
147	913	0.0	3	1 19 863 30
148	1586	0.0	3	0 41 1495 50
149	3892	0.0	3	1 80 3701 110
150	8748	0.0	3	1 201 8224 322


=== Second read: Adapter 2 ===

Sequence: AGATCGGAAGAGCGTCGTGTAGGGAAAGAGTGTA; Type: regular 3'; Length: 34; Trimmed: 9450777 times

No. of allowed errors:
0-9 bp: 0; 10-19 bp: 1; 20-29 bp: 2; 30-34 bp: 3

Bases preceding removed adapters:
  A: 14.9%
  C: 42.9%
  G: 30.2%
  T: 12.0%
  none/other: 0.0%

Overview of removed sequences
length	count	expect	max.err	error counts
3	390599	272041.8	0	390599
4	158197	68010.5	0	158197
5	327179	17002.6	0	327179
8	104184	265.7	0	104184
9	204543	66.4	0	204543
10	824	16.6	1	0 824
11	266506	4.2	1	206072 60434
12	762	1.0	1	0 762
13	298230	0.3	1	228763 69467
14	441	0.1	1	0 441
15	145472	0.0	1	113292 32180
16	311270	0.0	1	239526 71744
17	620	0.0	1	0 620
18	289591	0.0	1	224672 64543 376
19	1109	0.0	1	0 722 387
20	155893	0.0	2	114763 36852 4278
21	617455	0.0	2	463730 141003 12722
22	3292	0.0	2	0 1987 1305
23	853	0.0	2	0 370 483
24	979	0.0	2	0 609 370
25	166114	0.0	2	124312 37971 3831
26	172732	0.0	2	126405 41491 4836
27	338652	0.0	2	249669 80492 8491
28	3176	0.0	2	0 2033 975 168
29	330447	0.0	2	241660 79848 8863 76
30	3387	0.0	3	0 2145 900 342
31	320717	0.0	3	232282 76433 8167 3835
32	2851	0.0	3	0 1695 772 384
33	163712	0.0	3	117968 38720 4948 2076
34	166277	0.0	3	338 120163 40893 4883
35	170092	0.0	3	373 123339 41427 4953
36	174344	0.0	3	323 124706 43430 5885
37	341880	0.0	3	768 244644 83096 13372
38	3326	0.0	3	11 411 2041 863
39	168263	0.0	3	369 119939 41354 6601
40	179034	0.0	3	462 123989 45536 9047
41	296707	0.0	3	570 213096 73027 10014
42	3094	0.0	3	2 303 2054 735
43	290323	0.0	3	594 210722 69731 9276
44	2804	0.0	3	14 470 1564 756
45	153716	0.0	3	336 109623 37948 5809
46	305097	0.0	3	640 218834 74678 10945
47	4077	0.0	3	55 957 1986 1079
48	149370	0.0	3	316 106570 36710 5774
49	145134	0.0	3	436 103147 35879 5672
50	136508	0.0	3	340 96492 34262 5414
51	136162	0.0	3	333 95158 34426 6245
52	434156	0.0	3	1013 317818 98097 17228
53	2781	0.0	3	11 633 1389 748
54	2549	0.0	3	6 331 1570 642
55	284241	0.0	3	476 200233 75368 8164
56	1955	0.0	3	16 516 966 457
57	880	0.0	3	3 87 507 283
58	97037	0.0	3	176 67931 25489 3441
59	158982	0.0	3	225 112523 41857 4377
60	1515	0.0	3	4 266 820 425
61	74875	0.0	3	99 52348 19968 2460
62	140338	0.0	3	265 99994 35840 4239
63	971	0.0	3	6 136 594 235
64	50866	0.0	3	74 35445 13932 1415
65	54795	0.0	3	113 39038 14074 1570
66	54095	0.0	3	81 38034 14300 1680
67	50241	0.0	3	100 35909 12750 1482
68	50152	0.0	3	79 35764 12640 1669
69	42857	0.0	3	82 29986 11470 1319
70	38201	0.0	3	74 27000 9917 1210
71	33213	0.0	3	64 23323 8777 1049
72	29301	0.0	3	57 20470 7860 914
73	27508	0.0	3	55 19585 7000 868
74	27808	0.0	3	58 20327 6567 856
75	38557	0.0	3	117 30136 7111 1193
76	28684	0.0	3	92 21217 6272 1103
77	15424	0.0	3	48 10314 4489 573
78	12216	0.0	3	33 8030 3755 398
79	11127	0.0	3	23 7264 3522 318
80	10229	0.0	3	19 6533 3407 270
81	8073	0.0	3	10 5084 2779 200
82	6286	0.0	3	6 4170 1954 156
83	5264	0.0	3	7 3546 1569 142
84	4700	0.0	3	9 3038 1517 136
85	4092	0.0	3	12 2744 1231 105
86	3439	0.0	3	6 2214 1127 92
87	2791	0.0	3	2 1728 976 85
88	2378	0.0	3	1 1490 827 60
89	1994	0.0	3	1 1260 675 58
90	1684	0.0	3	2 1070 560 52
91	1279	0.0	3	0 782 463 34
92	1136	0.0	3	1 708 389 38
93	932	0.0	3	0 586 326 20
94	743	0.0	3	0 466 257 20
95	667	0.0	3	0 418 235 14
96	609	0.0	3	0 371 224 14
97	453	0.0	3	0 301 142 10
98	415	0.0	3	1 250 156 8
99	357	0.0	3	0 225 122 10
100	289	0.0	3	0 188 87 14
101	239	0.0	3	2 144 89 4
102	194	0.0	3	0 126 59 9
103	190	0.0	3	0 122 62 6
104	165	0.0	3	1 97 59 8
105	121	0.0	3	0 84 33 4
106	93	0.0	3	1 57 32 3
107	89	0.0	3	0 54 29 6
108	56	0.0	3	0 31 22 3
109	81	0.0	3	0 49 27 5
110	64	0.0	3	0 39 23 2
111	30	0.0	3	0 15 11 4
112	43	0.0	3	0 25 13 5
113	40	0.0	3	0 22 14 4
114	20	0.0	3	0 9 8 3
115	26	0.0	3	0 13 4 9
116	17	0.0	3	0 6 7 4
117	25	0.0	3	0 13 6 6
118	14	0.0	3	0 7 4 3
119	10	0.0	3	0 4 3 3
120	19	0.0	3	0 5 4 10
121	14	0.0	3	0 3 1 10
122	27	0.0	3	0 9 4 14
123	18	0.0	3	0 1 4 13
124	21	0.0	3	0 2 2 17
125	23	0.0	3	0 4 1 18
126	34	0.0	3	0 3 3 28
127	40	0.0	3	0 2 2 36
128	59	0.0	3	0 3 1 55
129	50	0.0	3	0 2 3 45
130	79	0.0	3	1 4 4 70
131	107	0.0	3	0 6 7 94
132	122	0.0	3	0 5 3 114
133	135	0.0	3	0 2 3 130
134	136	0.0	3	0 2 3 131
135	179	0.0	3	0 3 9 167
136	174	0.0	3	0 1 5 168
137	229	0.0	3	0 0 10 219
138	231	0.0	3	0 1 7 223
139	244	0.0	3	0 2 6 236
140	274	0.0	3	0 0 6 268
141	303	0.0	3	0 1 6 296
142	309	0.0	3	0 1 3 305
143	425	0.0	3	0 1 8 416
144	499	0.0	3	0 1 9 489
145	581	0.0	3	0 1 16 564
146	637	0.0	3	0 2 15 620
147	830	0.0	3	0 1 18 811
148	1345	0.0	3	0 0 27 1318
149	3263	0.0	3	0 0 74 3189
150	9723	0.0	3	0 1 218 9504
