This is cutadapt 2.9 with Python 3.5.2
Command line parameters: -G G{20} -e 0.0 -n 10 --minimum-length 25 --cores 4 -o Pacuta_ATAC_TP5_1059_R1_TrimmingRound2.fastq.gz -p Pacuta_ATAC_TP5_1059_R2_TrimmingRound2.fastq.gz Pacuta_ATAC_TP5_1059_R1_TrimmingRound1.fastq.gz Pacuta_ATAC_TP5_1059_R2_TrimmingRound1.fastq.gz
Processing reads on 4 cores in paired-end mode ...
Finished in 426.67 s (27 us/read; 2.24 M reads/minute).

=== Summary ===

Total read pairs processed:         15,933,631
  Read 1 with adapter:                       0 (0.0%)
  Read 2 with adapter:                 286,424 (1.8%)
Pairs written (passing filters):    15,933,582 (100.0%)

Total basepairs processed: 4,307,183,440 bp
  Read 1: 2,153,860,736 bp
  Read 2: 2,153,322,704 bp
Total written (filtered):  4,306,214,860 bp (100.0%)
  Read 1: 2,153,856,478 bp
  Read 2: 2,152,358,382 bp

=== Second read: Adapter 1 ===

Sequence: GGGGGGGGGGGGGGGGGGGG; Type: regular 5'; Length: 20; Trimmed: 286703 times

No. of allowed errors:
0-20 bp: 0

Overview of removed sequences
length	count	expect	max.err	error counts
3	219958	248963.0	0	219958
4	52825	62240.7	0	52825
5	10825	15560.2	0	10825
6	1703	3890.0	0	1703
7	474	972.5	0	474
8	212	243.1	0	212
9	116	60.8	0	116
10	63	15.2	0	63
11	45	3.8	0	45
12	28	0.9	0	28
13	15	0.2	0	15
14	10	0.1	0	10
15	12	0.0	0	12
16	12	0.0	0	12
17	6	0.0	0	6
18	7	0.0	0	7
19	7	0.0	0	7
20	76	0.0	0	76
21	7	0.0	0	7
22	8	0.0	0	8
23	4	0.0	0	4
24	7	0.0	0	7
25	5	0.0	0	5
26	9	0.0	0	9
27	4	0.0	0	4
28	4	0.0	0	4
29	10	0.0	0	10
30	7	0.0	0	7
31	7	0.0	0	7
32	7	0.0	0	7
33	12	0.0	0	12
34	2	0.0	0	2
35	7	0.0	0	7
36	11	0.0	0	11
37	11	0.0	0	11
38	4	0.0	0	4
39	5	0.0	0	5
40	3	0.0	0	3
41	5	0.0	0	5
42	2	0.0	0	2
43	4	0.0	0	4
44	6	0.0	0	6
45	3	0.0	0	3
46	3	0.0	0	3
47	2	0.0	0	2
48	3	0.0	0	3
49	6	0.0	0	6
50	1	0.0	0	1
52	3	0.0	0	3
53	6	0.0	0	6
54	2	0.0	0	2
55	2	0.0	0	2
56	5	0.0	0	5
57	3	0.0	0	3
58	6	0.0	0	6
59	4	0.0	0	4
60	4	0.0	0	4
61	3	0.0	0	3
62	3	0.0	0	3
63	2	0.0	0	2
64	2	0.0	0	2
65	2	0.0	0	2
66	2	0.0	0	2
67	2	0.0	0	2
68	2	0.0	0	2
70	6	0.0	0	6
71	2	0.0	0	2
73	2	0.0	0	2
74	1	0.0	0	1
77	1	0.0	0	1
79	1	0.0	0	1
81	1	0.0	0	1
82	4	0.0	0	4
83	2	0.0	0	2
85	2	0.0	0	2
86	1	0.0	0	1
87	3	0.0	0	3
88	1	0.0	0	1
91	1	0.0	0	1
92	1	0.0	0	1
93	2	0.0	0	2
94	1	0.0	0	1
96	1	0.0	0	1
98	3	0.0	0	3
99	1	0.0	0	1
100	1	0.0	0	1
101	4	0.0	0	4
102	1	0.0	0	1
104	1	0.0	0	1
106	1	0.0	0	1
107	2	0.0	0	2
108	2	0.0	0	2
109	1	0.0	0	1
111	2	0.0	0	2
112	2	0.0	0	2
113	1	0.0	0	1
116	2	0.0	0	2
118	2	0.0	0	2
119	1	0.0	0	1
120	2	0.0	0	2
121	2	0.0	0	2
122	2	0.0	0	2
123	3	0.0	0	3
124	1	0.0	0	1
125	1	0.0	0	1
127	1	0.0	0	1
128	1	0.0	0	1
129	1	0.0	0	1
130	1	0.0	0	1
132	1	0.0	0	1
135	3	0.0	0	3
139	2	0.0	0	2
141	1	0.0	0	1
142	1	0.0	0	1
143	2	0.0	0	2
147	1	0.0	0	1
148	1	0.0	0	1
