This is cutadapt 2.9 with Python 3.5.2
Command line parameters: --nextseq-trim 10 --minimum-length 25 --cores 4 -a AGATCGGAAGAGCACACGTCTGAACTCCAGTCAC -A AGATCGGAAGAGCGTCGTGTAGGGAAAGAGTGTA -o Pacuta_ATAC_TP9_2357_R1_TrimmingRound1.fastq.gz -p Pacuta_ATAC_TP9_2357_R2_TrimmingRound1.fastq.gz Pacuta_ATAC_TP9_2357_R1.fastq.gz Pacuta_ATAC_TP9_2357_R2.fastq.gz
Processing reads on 4 cores in paired-end mode ...
Finished in 618.28 s (36 us/read; 1.68 M reads/minute).

=== Summary ===

Total read pairs processed:         17,303,595
  Read 1 with adapter:               8,885,854 (51.4%)
  Read 2 with adapter:               8,211,729 (47.5%)
Pairs written (passing filters):    17,161,596 (99.2%)

Total basepairs processed: 5,191,078,500 bp
  Read 1: 2,595,539,250 bp
  Read 2: 2,595,539,250 bp
Quality-trimmed:              36,432,901 bp (0.7%)
  Read 1:     5,686,861 bp
  Read 2:    30,746,040 bp
Total written (filtered):  4,589,135,900 bp (88.4%)
  Read 1: 2,282,552,390 bp
  Read 2: 2,306,583,510 bp

=== First read: Adapter 1 ===

Sequence: AGATCGGAAGAGCACACGTCTGAACTCCAGTCAC; Type: regular 3'; Length: 34; Trimmed: 8885854 times

No. of allowed errors:
0-9 bp: 0; 10-19 bp: 1; 20-29 bp: 2; 30-34 bp: 3

Bases preceding removed adapters:
  A: 17.2%
  C: 41.5%
  G: 18.8%
  T: 22.5%
  none/other: 0.0%

Overview of removed sequences
length	count	expect	max.err	error counts
3	281576	270368.7	0	281576
4	149996	67592.2	0	149996
5	340738	16898.0	0	340738
8	109374	264.0	0	109374
9	215248	66.0	0	215248
10	584	16.5	1	0 584
11	278069	4.1	1	215146 62923
12	690	1.0	1	0 690
13	146012	0.3	1	113048 32964
14	153353	0.1	1	117702 35651
15	152423	0.0	1	117783 34640
16	163778	0.0	1	126034 37744
17	307196	0.0	1	236657 70539
18	1092	0.0	1	0 957 135
19	155607	0.0	1	118414 36622 571
20	152997	0.0	2	114263 36111 2623
21	304394	0.0	2	229350 70194 4850
22	1796	0.0	2	0 1272 524
23	157662	0.0	2	117840 37021 2801
24	163298	0.0	2	121171 38760 3367
25	168098	0.0	2	124695 39967 3436
26	170267	0.0	2	126035 40723 3509
27	169130	0.0	2	124516 40787 3827
28	169860	0.0	2	124454 41369 3933 104
29	321114	0.0	2	238311 76585 5883 335
30	3034	0.0	3	0 1829 818 387
31	162226	0.0	3	117738 39452 3699 1337
32	156343	0.0	3	113990 37982 3204 1167
33	159934	0.0	3	116228 39017 3535 1154
34	162119	0.0	3	117682 39531 3621 1285
35	165904	0.0	3	120852 40185 3683 1184
36	167573	0.0	3	121897 40683 3742 1251
37	166123	0.0	3	120543 40823 3592 1165
38	163640	0.0	3	118796 40054 3512 1278
39	159208	0.0	3	115901 38755 3365 1187
40	154595	0.0	3	111246 38707 3527 1115
41	290954	0.0	3	213221 70354 5463 1916
42	3130	0.0	3	338 1832 749 211
43	141858	0.0	3	103474 34545 2871 968
44	140371	0.0	3	102041 34570 2804 956
45	158949	0.0	3	114877 39228 3636 1208
46	130073	0.0	3	93863 32845 2617 748
47	272634	0.0	3	200441 66217 4429 1547
48	2839	0.0	3	295 1677 692 175
49	123364	0.0	3	89873 30420 2348 723
50	121519	0.0	3	87725 30679 2410 705
51	215160	0.0	3	157872 52684 3423 1181
52	7358	0.0	3	3712 2627 812 207
53	102450	0.0	3	73728 26078 2009 635
54	202089	0.0	3	147948 49468 3489 1184
55	2909	0.0	3	681 1464 589 175
56	89660	0.0	3	65642 22087 1458 473
57	91943	0.0	3	66852 23150 1487 454
58	81497	0.0	3	59469 20269 1307 452
59	80643	0.0	3	58490 20309 1455 389
60	75118	0.0	3	54280 19115 1354 369
61	118514	0.0	3	86245 30012 1695 562
62	1867	0.0	3	532 888 339 108
63	57824	0.0	3	42046 14481 1002 295
64	48797	0.0	3	34900 12751 917 229
65	89306	0.0	3	65154 22630 1167 355
66	1703	0.0	3	603 767 285 48
67	39420	0.0	3	28602 10015 615 188
68	38269	0.0	3	27499 9886 678 206
69	36836	0.0	3	26106 9809 732 189
70	83888	0.0	3	61916 21047 745 180
71	45824	0.0	3	33526 11514 628 156
72	26968	0.0	3	19183 7099 530 156
73	13140	0.0	3	9264 3457 316 103
74	10878	0.0	3	7596 2902 298 82
75	9821	0.0	3	6894 2665 189 73
76	8950	0.0	3	6443 2289 155 63
77	7736	0.0	3	5523 2040 137 36
78	5963	0.0	3	4253 1558 116 36
79	5247	0.0	3	3721 1414 86 26
80	4421	0.0	3	3105 1200 81 35
81	3790	0.0	3	2695 1019 69 7
82	3177	0.0	3	2253 842 66 16
83	2541	0.0	3	1793 691 48 9
84	2225	0.0	3	1578 594 39 14
85	2024	0.0	3	1432 533 43 16
86	1825	0.0	3	1336 447 34 8
87	1561	0.0	3	1099 428 24 10
88	1472	0.0	3	1040 401 26 5
89	1179	0.0	3	845 308 22 4
90	1044	0.0	3	741 286 15 2
91	837	0.0	3	583 234 17 3
92	784	0.0	3	543 221 16 4
93	588	0.0	3	422 155 11
94	516	0.0	3	359 145 10 2
95	457	0.0	3	319 127 9 2
96	320	0.0	3	216 96 8
97	313	0.0	3	219 84 6 4
98	269	0.0	3	195 70 3 1
99	258	0.0	3	172 72 11 3
100	225	0.0	3	153 52 19 1
101	201	0.0	3	132 62 6 1
102	165	0.0	3	102 51 12
103	114	0.0	3	71 37 5 1
104	101	0.0	3	58 33 9 1
105	83	0.0	3	53 23 5 2
106	74	0.0	3	42 28 3 1
107	53	0.0	3	38 11 4
108	45	0.0	3	26 11 8
109	46	0.0	3	32 5 9
110	42	0.0	3	20 5 17
111	37	0.0	3	25 6 4 2
112	48	0.0	3	15 10 23
113	37	0.0	3	12 6 18 1
114	33	0.0	3	8 7 17 1
115	35	0.0	3	5 6 21 3
116	36	0.0	3	10 4 22
117	33	0.0	3	7 3 22 1
118	30	0.0	3	6 2 21 1
119	31	0.0	3	0 2 26 3
120	38	0.0	3	4 1 31 2
121	38	0.0	3	3 2 32 1
122	49	0.0	3	6 3 38 2
123	48	0.0	3	10 2 35 1
124	53	0.0	3	7 1 43 2
125	67	0.0	3	7 2 56 2
126	50	0.0	3	4 6 40
127	50	0.0	3	5 1 44
128	62	0.0	3	5 1 54 2
129	69	0.0	3	2 0 66 1
130	73	0.0	3	3 2 67 1
131	86	0.0	3	3 1 80 2
132	86	0.0	3	5 2 75 4
133	96	0.0	3	9 4 82 1
134	122	0.0	3	9 5 106 2
135	124	0.0	3	2 2 117 3
136	137	0.0	3	4 3 126 4
137	174	0.0	3	5 2 160 7
138	161	0.0	3	3 3 149 6
139	155	0.0	3	0 1 153 1
140	198	0.0	3	5 1 190 2
141	221	0.0	3	0 2 211 8
142	253	0.0	3	2 4 238 9
143	338	0.0	3	3 5 318 12
144	346	0.0	3	2 10 319 15
145	371	0.0	3	3 5 355 8
146	437	0.0	3	5 5 411 16
147	634	0.0	3	3 8 601 22
148	1046	0.0	3	0 14 1002 30
149	2730	0.0	3	1 42 2625 62
150	5952	0.0	3	0 97 5655 200


=== Second read: Adapter 2 ===

Sequence: AGATCGGAAGAGCGTCGTGTAGGGAAAGAGTGTA; Type: regular 3'; Length: 34; Trimmed: 8211729 times

No. of allowed errors:
0-9 bp: 0; 10-19 bp: 1; 20-29 bp: 2; 30-34 bp: 3

Bases preceding removed adapters:
  A: 14.9%
  C: 41.5%
  G: 28.8%
  T: 14.9%
  none/other: 0.0%

Overview of removed sequences
length	count	expect	max.err	error counts
3	424218	270368.7	0	424218
4	168580	67592.2	0	168580
5	331349	16898.0	0	331349
8	105077	264.0	0	105077
9	205261	66.0	0	205261
10	763	16.5	1	0 763
11	251434	4.1	1	205696 45738
12	687	1.0	1	0 687
13	278521	0.3	1	225973 52548
14	472	0.1	1	0 472
15	137414	0.0	1	112716 24698
16	290387	0.0	1	236877 53510
17	601	0.0	1	0 601
18	262890	0.0	1	216318 46171 401
19	945	0.0	1	0 646 299
20	140812	0.0	2	110931 26649 3232
21	557986	0.0	2	444769 103251 9966
22	2290	0.0	2	0 1482 808
23	700	0.0	2	0 282 418
24	893	0.0	2	0 615 278
25	150374	0.0	2	118526 28635 3213
26	153489	0.0	2	119079 30764 3646
27	299427	0.0	2	234130 58603 6694
28	2981	0.0	2	0 2021 792 168
29	290228	0.0	2	225470 57942 6719 97
30	3043	0.0	3	0 2069 708 266
31	281511	0.0	3	217623 54758 6073 3057
32	2550	0.0	3	0 1639 608 303
33	143019	0.0	3	108768 29167 3586 1498
34	146628	0.0	3	110184 30633 4107 1704
35	296016	0.0	3	226891 59139 7017 2969
36	2766	0.0	3	185 1688 631 262
37	147713	0.0	3	112531 29993 3624 1565
38	150582	0.0	3	112854 31268 4581 1879
39	157175	0.0	3	114165 34943 5453 2614
40	407549	0.0	3	315691 80164 8356 3338
41	2317	0.0	3	322 1137 573 285
42	2217	0.0	3	360 1305 435 117
43	227473	0.0	3	176150 45513 4182 1628
44	2411	0.0	3	321 1392 498 200
45	127610	0.0	3	96476 26828 3099 1207
46	255571	0.0	3	197730 50437 5274 2130
47	4132	0.0	3	1411 1747 658 316
48	118476	0.0	3	90100 24385 2808 1183
49	129458	0.0	3	100311 24863 2972 1312
50	107960	0.0	3	81559 22386 2851 1164
51	126703	0.0	3	97834 24538 3030 1301
52	358944	0.0	3	284641 63816 7197 3290
53	2359	0.0	3	405 1234 488 232
54	2271	0.0	3	453 1282 412 124
55	200094	0.0	3	150356 44697 3638 1403
56	1368	0.0	3	331 638 246 153
57	872	0.0	3	110 449 226 87
58	67999	0.0	3	50704 15246 1530 519
59	103850	0.0	3	77646 23597 1906 701
60	1057	0.0	3	170 566 254 67
61	48974	0.0	3	35841 11601 1133 399
62	92422	0.0	3	69279 20592 1800 751
63	729	0.0	3	101 428 149 51
64	32368	0.0	3	23701 7842 612 213
65	35360	0.0	3	26553 7869 691 247
66	36532	0.0	3	27596 7973 671 292
67	32135	0.0	3	24145 7130 642 218
68	34090	0.0	3	25978 7133 692 287
69	28516	0.0	3	21190 6492 594 240
70	26308	0.0	3	20080 5533 501 194
71	22230	0.0	3	16844 4751 437 198
72	20044	0.0	3	15154 4335 396 159
73	19041	0.0	3	14646 3867 360 168
74	20460	0.0	3	15989 3991 330 150
75	26800	0.0	3	22259 4066 348 127
76	19451	0.0	3	15527 3412 333 179
77	10003	0.0	3	7146 2519 229 109
78	7682	0.0	3	5436 1987 180 79
79	6733	0.0	3	4697 1866 114 56
80	6249	0.0	3	4349 1740 111 49
81	4901	0.0	3	3437 1308 110 46
82	3903	0.0	3	2697 1088 84 34
83	3388	0.0	3	2403 899 60 26
84	2893	0.0	3	2025 782 59 27
85	2687	0.0	3	1878 723 62 24
86	2274	0.0	3	1584 635 42 13
87	1792	0.0	3	1205 520 50 17
88	1583	0.0	3	1076 444 42 21
89	1381	0.0	3	935 413 22 11
90	1129	0.0	3	768 327 19 15
91	809	0.0	3	548 234 16 11
92	770	0.0	3	512 234 18 6
93	655	0.0	3	416 219 14 6
94	515	0.0	3	333 166 8 8
95	438	0.0	3	284 133 11 10
96	375	0.0	3	246 117 9 3
97	303	0.0	3	200 89 12 2
98	260	0.0	3	177 76 3 4
99	242	0.0	3	159 69 9 5
100	205	0.0	3	142 49 9 5
101	201	0.0	3	131 65 2 3
102	131	0.0	3	86 38 6 1
103	117	0.0	3	74 37 4 2
104	112	0.0	3	72 38 0 2
105	103	0.0	3	66 36 0 1
106	88	0.0	3	58 25 3 2
107	75	0.0	3	50 20 3 2
108	51	0.0	3	29 19 1 2
109	57	0.0	3	32 23 2
110	37	0.0	3	24 11 0 2
111	37	0.0	3	23 13 1
112	40	0.0	3	24 11 3 2
113	23	0.0	3	13 7 0 3
114	24	0.0	3	15 6 0 3
115	27	0.0	3	12 10 4 1
116	22	0.0	3	9 9 3 1
117	15	0.0	3	7 5 3
118	20	0.0	3	10 7 3
119	17	0.0	3	8 0 7 2
120	7	0.0	3	2 1 2 2
121	6	0.0	3	3 2 1
122	15	0.0	3	7 1 6 1
123	22	0.0	3	9 1 8 4
124	23	0.0	3	7 3 9 4
125	21	0.0	3	6 2 13
126	31	0.0	3	10 4 15 2
127	26	0.0	3	6 1 19
128	37	0.0	3	4 1 28 4
129	42	0.0	3	3 1 37 1
130	62	0.0	3	1 4 55 2
131	60	0.0	3	2 0 53 5
132	77	0.0	3	8 2 61 6
133	80	0.0	3	6 0 72 2
134	100	0.0	3	9 3 83 5
135	111	0.0	3	3 6 100 2
136	122	0.0	3	6 3 109 4
137	141	0.0	3	5 0 128 8
138	151	0.0	3	1 5 143 2
139	179	0.0	3	2 3 167 7
140	160	0.0	3	3 2 146 9
141	194	0.0	3	2 3 175 14
142	224	0.0	3	1 6 208 9
143	293	0.0	3	1 9 270 13
144	309	0.0	3	0 4 285 20
145	396	0.0	3	1 7 377 11
146	441	0.0	3	0 12 413 16
147	599	0.0	3	3 15 557 24
148	913	0.0	3	1 13 866 33
149	2324	0.0	3	1 31 2184 108
150	7263	0.0	3	0 110 6847 306
