This is cutadapt 2.9 with Python 3.5.2
Command line parameters: --nextseq-trim 10 --minimum-length 25 --cores 4 -a AGATCGGAAGAGCACACGTCTGAACTCCAGTCAC -A AGATCGGAAGAGCGTCGTGTAGGGAAAGAGTGTA -o Pacuta_HTAC_TP3_2026_R1_TrimmingRound1.fastq.gz -p Pacuta_HTAC_TP3_2026_R2_TrimmingRound1.fastq.gz Pacuta_HTAC_TP3_2026_R1.fastq.gz Pacuta_HTAC_TP3_2026_R2.fastq.gz
Processing reads on 4 cores in paired-end mode ...
Finished in 697.62 s (39 us/read; 1.53 M reads/minute).

=== Summary ===

Total read pairs processed:         17,769,788
  Read 1 with adapter:               8,622,308 (48.5%)
  Read 2 with adapter:               7,709,845 (43.4%)
Pairs written (passing filters):    17,565,176 (98.8%)

Total basepairs processed: 5,330,936,400 bp
  Read 1: 2,665,468,200 bp
  Read 2: 2,665,468,200 bp
Quality-trimmed:              48,303,580 bp (0.9%)
  Read 1:     5,873,164 bp
  Read 2:    42,430,416 bp
Total written (filtered):  4,741,083,536 bp (88.9%)
  Read 1: 2,354,145,573 bp
  Read 2: 2,386,937,963 bp

=== First read: Adapter 1 ===

Sequence: AGATCGGAAGAGCACACGTCTGAACTCCAGTCAC; Type: regular 3'; Length: 34; Trimmed: 8622308 times

No. of allowed errors:
0-9 bp: 0; 10-19 bp: 1; 20-29 bp: 2; 30-34 bp: 3

Bases preceding removed adapters:
  A: 20.1%
  C: 39.4%
  G: 17.5%
  T: 23.0%
  none/other: 0.1%

Overview of removed sequences
length	count	expect	max.err	error counts
3	295817	277652.9	0	295817
4	149461	69413.2	0	149461
5	323194	17353.3	0	323194
8	103167	271.1	0	103167
9	203669	67.8	0	203669
10	639	16.9	1	0 639
11	280320	4.2	1	202408 77912
12	753	1.1	1	0 753
13	144808	0.3	1	104400 40408
14	151301	0.1	1	108471 42830
15	150495	0.0	1	108741 41754
16	160080	0.0	1	114711 45369
17	302552	0.0	1	218876 83676
18	1258	0.0	1	0 1078 180
19	152232	0.0	1	109076 42580 576
20	151429	0.0	2	105773 42821 2835
21	301982	0.0	2	212842 83712 5428
22	2095	0.0	2	0 1358 737
23	154168	0.0	2	107455 43587 3126
24	160000	0.0	2	110464 45944 3592
25	162907	0.0	2	113676 45670 3561
26	162875	0.0	2	112730 46419 3726
27	162633	0.0	2	112282 46420 3931
28	162855	0.0	2	111676 46795 4287 97
29	308318	0.0	2	214649 87012 6361 296
30	3117	0.0	3	0 1728 1000 389
31	157088	0.0	3	107042 44821 3828 1397
32	150873	0.0	3	102398 43597 3597 1281
33	155283	0.0	3	105059 45026 3887 1311
34	157368	0.0	3	106624 45326 4090 1328
35	157926	0.0	3	106753 46053 3830 1290
36	159377	0.0	3	108213 46093 3797 1274
37	156929	0.0	3	106346 45529 3783 1271
38	154304	0.0	3	105281 44097 3721 1205
39	151242	0.0	3	102796 43616 3664 1166
40	147181	0.0	3	99270 43235 3538 1138
41	277745	0.0	3	190350 79820 5567 2008
42	3032	0.0	3	306 1712 813 201
43	136750	0.0	3	92925 39865 2930 1030
44	134554	0.0	3	91349 39299 2946 960
45	152255	0.0	3	102588 44718 3774 1175
46	121295	0.0	3	81974 35788 2780 753
47	256682	0.0	3	177125 73484 4562 1511
48	2961	0.0	3	305 1692 737 227
49	118073	0.0	3	80750 34181 2387 755
50	114557	0.0	3	77619 33720 2501 717
51	205819	0.0	3	141530 59517 3587 1185
52	8607	0.0	3	4300 3077 963 267
53	98583	0.0	3	66424 29390 2151 618
54	194375	0.0	3	132770 56823 3618 1164
55	2742	0.0	3	590 1414 591 147
56	85676	0.0	3	58722 24974 1517 463
57	88383	0.0	3	59878 26321 1707 477
58	77703	0.0	3	52870 22927 1493 413
59	76938	0.0	3	51902 22959 1641 436
60	72870	0.0	3	48984 22041 1455 390
61	114896	0.0	3	78210 34260 1897 529
62	1938	0.0	3	536 921 382 99
63	55813	0.0	3	37730 16775 1011 297
64	47945	0.0	3	32107 14626 950 262
65	87284	0.0	3	59425 26103 1340 416
66	1745	0.0	3	600 739 325 81
67	39066	0.0	3	26418 11735 673 240
68	37654	0.0	3	25360 11366 720 208
69	35804	0.0	3	23637 11183 790 194
70	84908	0.0	3	58384 25467 871 186
71	46184	0.0	3	31308 13960 722 194
72	26688	0.0	3	17689 8274 579 146
73	12584	0.0	3	8212 3882 379 111
74	10002	0.0	3	6501 3188 231 82
75	8869	0.0	3	5854 2720 228 67
76	8412	0.0	3	5512 2656 185 59
77	7263	0.0	3	4779 2263 178 43
78	5466	0.0	3	3597 1713 115 41
79	4691	0.0	3	3146 1428 90 27
80	4147	0.0	3	2738 1303 76 30
81	3550	0.0	3	2356 1100 76 18
82	2942	0.0	3	1869 990 62 21
83	2448	0.0	3	1611 750 69 18
84	2141	0.0	3	1407 676 46 12
85	1966	0.0	3	1300 613 36 17
86	1818	0.0	3	1199 564 44 11
87	1494	0.0	3	928 527 32 7
88	1352	0.0	3	889 427 26 10
89	1073	0.0	3	703 334 28 8
90	922	0.0	3	618 272 24 8
91	788	0.0	3	530 235 17 6
92	675	0.0	3	448 209 12 6
93	570	0.0	3	391 159 17 3
94	439	0.0	3	285 146 7 1
95	394	0.0	3	252 132 7 3
96	329	0.0	3	220 94 13 2
97	295	0.0	3	190 94 8 3
98	254	0.0	3	164 74 11 5
99	214	0.0	3	135 64 13 2
100	213	0.0	3	136 64 12 1
101	165	0.0	3	119 41 3 2
102	133	0.0	3	88 33 11 1
103	114	0.0	3	68 36 10
104	89	0.0	3	47 35 6 1
105	83	0.0	3	54 24 3 2
106	67	0.0	3	37 18 11 1
107	58	0.0	3	33 14 9 2
108	45	0.0	3	22 18 5
109	51	0.0	3	18 16 16 1
110	48	0.0	3	23 11 14
111	59	0.0	3	19 13 26 1
112	43	0.0	3	8 9 26
113	42	0.0	3	10 9 23
114	41	0.0	3	9 5 26 1
115	31	0.0	3	6 1 22 2
116	48	0.0	3	7 3 35 3
117	55	0.0	3	8 2 42 3
118	47	0.0	3	3 6 37 1
119	67	0.0	3	4 6 51 6
120	58	0.0	3	5 1 50 2
121	54	0.0	3	0 1 53
122	60	0.0	3	1 1 57 1
123	56	0.0	3	2 2 50 2
124	70	0.0	3	5 2 62 1
125	81	0.0	3	6 3 69 3
126	76	0.0	3	5 3 66 2
127	74	0.0	3	1 1 70 2
128	93	0.0	3	3 1 83 6
129	95	0.0	3	3 1 88 3
130	132	0.0	3	2 0 121 9
131	129	0.0	3	0 3 122 4
132	128	0.0	3	3 2 121 2
133	159	0.0	3	3 1 152 3
134	194	0.0	3	4 0 179 11
135	195	0.0	3	1 3 186 5
136	203	0.0	3	2 3 192 6
137	245	0.0	3	5 4 228 8
138	282	0.0	3	1 8 265 8
139	281	0.0	3	3 5 258 15
140	318	0.0	3	1 3 303 11
141	338	0.0	3	1 9 315 13
142	445	0.0	3	3 3 428 11
143	586	0.0	3	1 5 565 15
144	666	0.0	3	1 11 642 12
145	699	0.0	3	4 10 666 19
146	850	0.0	3	3 8 805 34
147	1080	0.0	3	2 7 1043 28
148	1923	0.0	3	1 24 1840 58
149	5136	0.0	3	0 53 4925 158
150	11784	0.0	3	0 116 11238 430


=== Second read: Adapter 2 ===

Sequence: AGATCGGAAGAGCGTCGTGTAGGGAAAGAGTGTA; Type: regular 3'; Length: 34; Trimmed: 7709845 times

No. of allowed errors:
0-9 bp: 0; 10-19 bp: 1; 20-29 bp: 2; 30-34 bp: 3

Bases preceding removed adapters:
  A: 17.6%
  C: 39.7%
  G: 27.8%
  T: 14.9%
  none/other: 0.0%

Overview of removed sequences
length	count	expect	max.err	error counts
3	453863	277652.9	0	453863
4	170679	69413.2	0	170679
5	310253	17353.3	0	310253
8	97577	271.1	0	97577
9	191795	67.8	0	191795
10	807	16.9	1	0 807
11	245121	4.2	1	191593 53528
12	663	1.1	1	0 663
13	266414	0.3	1	205785 60629
14	489	0.1	1	0 489
15	130978	0.0	1	102662 28316
16	277324	0.0	1	215941 61383
17	609	0.0	1	0 609
18	249176	0.0	1	196098 52764 314
19	921	0.0	1	0 630 291
20	132968	0.0	2	99574 30181 3213
21	529535	0.0	2	398213 120041 11281
22	2182	0.0	2	0 1411 771
23	568	0.0	2	0 234 334
24	765	0.0	2	0 518 247
25	140214	0.0	2	104917 31864 3433
26	141937	0.0	2	103337 34403 4197
27	277994	0.0	2	204904 65692 7398
28	2525	0.0	2	0 1655 752 118
29	270485	0.0	2	197530 65029 7812 114
30	2675	0.0	3	0 1779 666 230
31	261104	0.0	3	189817 61016 6899 3372
32	2039	0.0	3	0 1284 514 241
33	132526	0.0	3	95377 31252 4218 1679
34	134153	0.0	3	78 96699 33026 4350
35	135596	0.0	3	94 97053 33857 4592
36	266685	0.0	3	52 193266 65184 8183
37	2920	0.0	3	73 443 1645 759
38	133043	0.0	3	79 96321 32281 4362
39	129502	0.0	3	79 93371 31857 4195
40	127860	0.0	3	112 90611 32616 4521
41	257164	0.0	3	68 186862 61950 8284
42	5969	0.0	3	322 859 3698 1090
43	523047	0.0	3	77 420445 91030 11495
44	3924	0.0	3	44 541 2512 827
45	132348	0.0	3	91 98842 29774 3641
46	191580	0.0	3	49 136243 49735 5553
47	6149	0.0	3	23 3537 1797 792
48	93582	0.0	3	70 65769 24705 3038
49	133139	0.0	3	38 101712 27842 3547
50	71008	0.0	3	78 46899 21263 2768
51	137705	0.0	3	89 107315 26659 3642
52	207455	0.0	3	69 144337 56349 6700
53	2272	0.0	3	9 831 913 519
54	1526	0.0	3	16 318 803 389
55	149941	0.0	3	31 100355 45509 4046
56	1311	0.0	3	2 433 564 312
57	654	0.0	3	17 149 308 180
58	53069	0.0	3	24 36161 15249 1635
59	75569	0.0	3	20 49380 24142 2027
60	791	0.0	3	7 142 397 245
61	35811	0.0	3	24 23361 11291 1135
62	63036	0.0	3	22 41655 19595 1764
63	481	0.0	3	3 77 277 124
64	25654	0.0	3	8 17029 8015 602
65	26230	0.0	3	23 17547 7994 666
66	27762	0.0	3	11 18940 8067 744
67	23472	0.0	3	14 15578 7241 639
68	24140	0.0	3	10 16584 6880 666
69	20899	0.0	3	10 14230 6096 563
70	20383	0.0	3	14 14260 5578 531
71	16796	0.0	3	11 11434 4888 463
72	15694	0.0	3	5 10949 4353 387
73	14200	0.0	3	5 10035 3790 370
74	13081	0.0	3	7 9153 3586 335
75	12789	0.0	3	2 9256 3217 314
76	13330	0.0	3	4 9704 3312 310
77	9342	0.0	3	5 6513 2580 244
78	7334	0.0	3	4 4947 2187 196
79	6129	0.0	3	2 4144 1806 177
80	5794	0.0	3	5 3827 1833 129
81	4440	0.0	3	1 2946 1371 122
82	3825	0.0	3	2 2542 1176 105
83	3338	0.0	3	0 2289 949 100
84	2888	0.0	3	1 1951 875 61
85	2676	0.0	3	0 1834 785 57
86	2142	0.0	3	0 1381 701 60
87	1791	0.0	3	1 1109 641 40
88	1421	0.0	3	0 917 466 38
89	1225	0.0	3	0 784 416 25
90	960	0.0	3	0 599 332 29
91	823	0.0	3	0 519 291 13
92	700	0.0	3	0 435 249 16
93	589	0.0	3	0 362 213 14
94	514	0.0	3	0 314 180 20
95	389	0.0	3	0 236 137 16
96	351	0.0	3	0 203 141 7
97	281	0.0	3	0 169 100 12
98	225	0.0	3	0 136 83 6
99	197	0.0	3	0 106 80 11
100	183	0.0	3	0 117 61 5
101	145	0.0	3	0 94 45 6
102	145	0.0	3	1 94 45 5
103	104	0.0	3	0 58 43 3
104	89	0.0	3	0 49 33 7
105	80	0.0	3	0 49 27 4
106	71	0.0	3	0 36 32 3
107	64	0.0	3	0 37 23 4
108	55	0.0	3	0 37 16 2
109	29	0.0	3	0 14 12 3
110	39	0.0	3	0 25 11 3
111	47	0.0	3	0 25 16 6
112	21	0.0	3	0 13 6 2
113	36	0.0	3	0 20 13 3
114	14	0.0	3	0 8 3 3
115	16	0.0	3	0 7 6 3
116	23	0.0	3	0 9 9 5
117	21	0.0	3	0 9 4 8
118	18	0.0	3	0 7 4 7
119	18	0.0	3	0 10 2 6
120	17	0.0	3	0 6 7 4
121	12	0.0	3	0 1 2 9
122	13	0.0	3	0 1 2 10
123	19	0.0	3	0 4 0 15
124	17	0.0	3	0 3 1 13
125	33	0.0	3	0 8 3 22
126	33	0.0	3	0 5 2 26
127	36	0.0	3	0 4 2 30
128	54	0.0	3	0 3 1 50
129	69	0.0	3	0 3 1 65
130	80	0.0	3	0 5 1 74
131	95	0.0	3	0 2 2 91
132	105	0.0	3	0 0 2 103
133	131	0.0	3	0 2 4 125
134	129	0.0	3	0 4 4 121
135	145	0.0	3	0 3 4 138
136	184	0.0	3	0 3 1 180
137	192	0.0	3	0 5 6 181
138	238	0.0	3	0 2 5 231
139	244	0.0	3	0 4 4 236
140	269	0.0	3	0 1 2 266
141	325	0.0	3	0 2 4 319
142	375	0.0	3	0 1 5 369
143	466	0.0	3	0 2 4 460
144	605	0.0	3	0 1 3 601
145	690	0.0	3	0 1 6 683
146	770	0.0	3	0 1 17 752
147	978	0.0	3	0 0 8 970
148	1648	0.0	3	0 2 21 1625
149	4243	0.0	3	0 0 56 4187
150	13132	0.0	3	0 1 140 12991
