This is cutadapt 2.9 with Python 3.5.2
Command line parameters: --nextseq-trim 10 --minimum-length 25 --cores 4 -a AGATCGGAAGAGCACACGTCTGAACTCCAGTCAC -A AGATCGGAAGAGCGTCGTGTAGGGAAAGAGTGTA -o Pacuta_HTHC_TP6_1138_R1_TrimmingRound1.fastq.gz -p Pacuta_HTHC_TP6_1138_R2_TrimmingRound1.fastq.gz Pacuta_HTHC_TP6_1138_R1.fastq.gz Pacuta_HTHC_TP6_1138_R2.fastq.gz
Processing reads on 4 cores in paired-end mode ...
Finished in 741.90 s (41 us/read; 1.45 M reads/minute).

=== Summary ===

Total read pairs processed:         17,944,888
  Read 1 with adapter:               6,583,480 (36.7%)
  Read 2 with adapter:               6,486,603 (36.1%)
Pairs written (passing filters):    17,863,764 (99.5%)

Total basepairs processed: 5,383,466,400 bp
  Read 1: 2,691,733,200 bp
  Read 2: 2,691,733,200 bp
Quality-trimmed:              11,465,541 bp (0.2%)
  Read 1:     4,526,649 bp
  Read 2:     6,938,892 bp
Total written (filtered):  4,976,367,504 bp (92.4%)
  Read 1: 2,485,258,172 bp
  Read 2: 2,491,109,332 bp

=== First read: Adapter 1 ===

Sequence: AGATCGGAAGAGCACACGTCTGAACTCCAGTCAC; Type: regular 3'; Length: 34; Trimmed: 6583480 times

No. of allowed errors:
0-9 bp: 0; 10-19 bp: 1; 20-29 bp: 2; 30-34 bp: 3

Bases preceding removed adapters:
  A: 16.0%
  C: 31.3%
  G: 30.7%
  T: 21.8%
  none/other: 0.1%

Overview of removed sequences
length	count	expect	max.err	error counts
3	377376	280388.9	0	377376
4	174537	70097.2	0	174537
5	347876	17524.3	0	347876
8	111495	273.8	0	111495
9	221391	68.5	0	221391
10	450	17.1	1	0 450
11	252089	4.3	1	219436 32653
12	474	1.1	1	0 474
13	126918	0.3	1	110181 16737
14	125948	0.1	1	108750 17198
15	125249	0.0	1	108292 16957
16	125387	0.0	1	108174 17213
17	246014	0.0	1	212403 33611
18	905	0.0	1	0 809 96
19	120565	0.0	1	103900 16316 349
20	123215	0.0	2	103780 17997 1438
21	240384	0.0	2	204703 33082 2599
22	1422	0.0	2	0 1135 287
23	122525	0.0	2	103485 17437 1603
24	120818	0.0	2	101578 17553 1687
25	118114	0.0	2	99289 17142 1683
26	117829	0.0	2	98858 17238 1733
27	114510	0.0	2	96005 16683 1822
28	114558	0.0	2	95222 17547 1711 78
29	221494	0.0	2	187023 31229 2949 293
30	2093	0.0	3	0 1401 425 267
31	110035	0.0	3	91819 16026 1707 483
32	110848	0.0	3	92140 16326 1819 563
33	109074	0.0	3	90197 16447 1935 495
34	108860	0.0	3	89475 17048 1812 525
35	206483	0.0	3	172860 29893 2900 830
36	2184	0.0	3	196 1456 404 128
37	100301	0.0	3	83068 15147 1622 464
38	98751	0.0	3	81661 15083 1559 448
39	96564	0.0	3	80158 14466 1537 403
40	93057	0.0	3	77349 13968 1358 382
41	92858	0.0	3	77418 13646 1358 436
42	89451	0.0	3	74242 13522 1339 348
43	87657	0.0	3	72817 13061 1431 348
44	86914	0.0	3	72680 12624 1246 364
45	86554	0.0	3	71543 13261 1367 383
46	80450	0.0	3	66951 12178 1031 290
47	152088	0.0	3	128829 20963 1765 531
48	1737	0.0	3	259 1122 276 80
49	71638	0.0	3	60389 10031 979 239
50	70772	0.0	3	58834 10704 959 275
51	127508	0.0	3	108342 17473 1292 401
52	1560	0.0	3	275 955 283 47
53	62538	0.0	3	52338 9191 793 216
54	113651	0.0	3	96358 15686 1244 363
55	1273	0.0	3	200 833 184 56
56	52975	0.0	3	44756 7486 569 164
57	50703	0.0	3	42632 7269 620 182
58	46824	0.0	3	39401 6693 581 149
59	43674	0.0	3	36544 6449 548 133
60	41746	0.0	3	34862 6242 512 130
61	72869	0.0	3	61538 10335 784 212
62	853	0.0	3	143 531 137 42
63	33510	0.0	3	27884 5053 465 108
64	32008	0.0	3	26358 5120 424 106
65	55915	0.0	3	47333 7833 619 130
66	599	0.0	3	104 376 97 22
67	24985	0.0	3	20732 3877 300 76
68	22992	0.0	3	19038 3589 297 68
69	20833	0.0	3	17422 3103 236 72
70	18424	0.0	3	15354 2758 255 57
71	17040	0.0	3	14192 2572 216 60
72	18790	0.0	3	15719 2767 240 64
73	13195	0.0	3	10988 2007 161 39
74	12958	0.0	3	10885 1865 179 29
75	11722	0.0	3	9755 1803 134 30
76	11002	0.0	3	9147 1664 157 34
77	9316	0.0	3	7812 1361 128 15
78	8474	0.0	3	7014 1330 103 27
79	7457	0.0	3	6271 1094 70 22
80	6724	0.0	3	5623 994 89 18
81	6053	0.0	3	5097 875 63 18
82	5349	0.0	3	4463 807 70 9
83	4650	0.0	3	3921 676 42 11
84	4073	0.0	3	3417 595 51 10
85	3656	0.0	3	3108 499 39 10
86	3322	0.0	3	2819 457 37 9
87	3068	0.0	3	2589 444 27 8
88	2826	0.0	3	2433 366 18 9
89	2323	0.0	3	1974 317 26 6
90	2145	0.0	3	1776 325 36 8
91	1920	0.0	3	1609 280 23 8
92	1575	0.0	3	1336 228 8 3
93	1233	0.0	3	1025 196 11 1
94	1115	0.0	3	942 155 16 2
95	1060	0.0	3	891 155 12 2
96	821	0.0	3	684 123 13 1
97	752	0.0	3	630 111 10 1
98	690	0.0	3	581 100 6 3
99	657	0.0	3	557 95 3 2
100	577	0.0	3	490 79 6 2
101	475	0.0	3	377 92 4 2
102	435	0.0	3	356 64 10 5
103	311	0.0	3	245 57 5 4
104	279	0.0	3	229 45 4 1
105	238	0.0	3	185 48 5
106	198	0.0	3	162 34 2
107	145	0.0	3	118 21 6
108	145	0.0	3	126 18 1
109	118	0.0	3	97 17 1 3
110	111	0.0	3	92 14 4 1
111	103	0.0	3	84 12 4 3
112	82	0.0	3	70 11 1
113	67	0.0	3	49 10 6 2
114	47	0.0	3	36 8 3
115	31	0.0	3	22 7 2
116	26	0.0	3	20 3 3
117	19	0.0	3	14 3 2
118	22	0.0	3	11 4 6 1
119	22	0.0	3	14 4 4
120	17	0.0	3	12 1 4
121	16	0.0	3	5 2 8 1
122	14	0.0	3	9 1 4
123	25	0.0	3	16 2 7
124	10	0.0	3	5 0 3 2
125	16	0.0	3	4 1 11
126	15	0.0	3	7 2 6
127	12	0.0	3	2 1 8 1
128	20	0.0	3	4 1 13 2
129	11	0.0	3	3 3 5
130	34	0.0	3	3 1 28 2
131	23	0.0	3	5 3 14 1
132	29	0.0	3	6 0 22 1
133	29	0.0	3	5 2 22
134	40	0.0	3	4 1 35
135	33	0.0	3	3 0 29 1
136	40	0.0	3	2 1 34 3
137	48	0.0	3	3 0 43 2
138	69	0.0	3	3 1 64 1
139	84	0.0	3	4 3 75 2
140	115	0.0	3	1 0 104 10
141	134	0.0	3	6 1 122 5
142	163	0.0	3	4 0 152 7
143	328	0.0	3	0 3 311 14
144	452	0.0	3	2 2 434 14
145	382	0.0	3	8 2 361 11
146	931	0.0	3	7 8 882 34
147	2360	0.0	3	5 12 2246 97
148	6809	0.0	3	4 37 6525 243
149	20155	0.0	3	3 129 19232 791
150	48297	0.0	3	3 329 46170 1795


=== Second read: Adapter 2 ===

Sequence: AGATCGGAAGAGCGTCGTGTAGGGAAAGAGTGTA; Type: regular 3'; Length: 34; Trimmed: 6486603 times

No. of allowed errors:
0-9 bp: 0; 10-19 bp: 1; 20-29 bp: 2; 30-34 bp: 3

Bases preceding removed adapters:
  A: 14.4%
  C: 28.4%
  G: 45.7%
  T: 11.4%
  none/other: 0.1%

Overview of removed sequences
length	count	expect	max.err	error counts
3	530903	280388.9	0	530903
4	192406	70097.2	0	192406
5	321773	17524.3	0	321773
8	100650	273.8	0	100650
9	197761	68.5	0	197761
10	1218	17.1	1	0 1218
11	242372	4.3	1	196289 46083
12	904	1.1	1	0 904
13	244928	0.3	1	197909 47019
14	634	0.1	1	0 634
15	118421	0.0	1	95505 22916
16	239595	0.0	1	191853 47742
17	796	0.0	1	0 796
18	225011	0.0	1	180990 43388 633
19	1118	0.0	1	0 662 456
20	119389	0.0	2	91046 23985 4358
21	459324	0.0	2	356581 89052 13691
22	2383	0.0	2	0 1517 866
23	1275	0.0	2	0 446 829
24	998	0.0	2	0 597 401
25	112460	0.0	2	85649 22774 4037
26	113480	0.0	2	85663 23586 4231
27	215780	0.0	2	164849 42713 8218
28	2225	0.0	2	0 1439 653 133
29	213757	0.0	2	162616 43143 7887 111
30	2495	0.0	3	0 1607 589 299
31	207837	0.0	3	157454 39386 7076 3921
32	1883	0.0	3	0 1036 492 355
33	104642	0.0	3	77315 21151 4209 1967
34	104372	0.0	3	76389 21614 4308 2061
35	199389	0.0	3	148881 39610 7446 3452
36	1944	0.0	3	172 1040 511 221
37	95400	0.0	3	71130 19064 3582 1624
38	96110	0.0	3	70441 19660 4154 1855
39	97553	0.0	3	69929 20994 4541 2089
40	259358	0.0	3	195201 51091 8999 4067
41	1868	0.0	3	387 804 419 258
42	2119	0.0	3	447 1071 391 210
43	163176	0.0	3	123608 31577 5531 2460
44	1925	0.0	3	353 934 450 188
45	81733	0.0	3	60524 16791 2987 1431
46	152059	0.0	3	114386 29995 5326 2352
47	1746	0.0	3	320 880 368 178
48	72585	0.0	3	54193 14577 2594 1221
49	69345	0.0	3	51608 14125 2520 1092
50	67672	0.0	3	50085 13782 2620 1185
51	65192	0.0	3	47924 13673 2457 1138
52	177258	0.0	3	133583 35063 5981 2631
53	1539	0.0	3	355 584 382 218
54	2019	0.0	3	433 1045 388 153
55	150264	0.0	3	114629 29232 4458 1945
56	1341	0.0	3	373 539 262 167
57	845	0.0	3	174 359 196 116
58	45155	0.0	3	33816 9186 1472 681
59	80447	0.0	3	61009 15857 2416 1165
60	885	0.0	3	189 389 218 89
61	37305	0.0	3	27787 7631 1345 542
62	67056	0.0	3	50723 13213 2150 970
63	724	0.0	3	115 384 153 72
64	29795	0.0	3	22635 5867 909 384
65	28561	0.0	3	21432 5733 975 421
66	26297	0.0	3	19936 5212 804 345
67	24319	0.0	3	18378 4798 818 325
68	22412	0.0	3	16920 4459 715 318
69	20256	0.0	3	15136 4201 632 287
70	17749	0.0	3	13380 3612 538 219
71	16478	0.0	3	12400 3319 529 230
72	14722	0.0	3	11120 2922 485 195
73	13222	0.0	3	9990 2616 419 197
74	12381	0.0	3	9320 2497 378 186
75	11314	0.0	3	8576 2240 346 152
76	13097	0.0	3	9773 2703 420 201
77	9871	0.0	3	7551 1895 298 127
78	8246	0.0	3	6174 1703 232 137
79	7616	0.0	3	5787 1510 215 104
80	7146	0.0	3	5451 1418 199 78
81	5558	0.0	3	4275 1077 144 62
82	5242	0.0	3	3985 1028 165 64
83	4449	0.0	3	3374 884 130 61
84	3900	0.0	3	2945 785 117 53
85	3757	0.0	3	2908 703 92 54
86	3417	0.0	3	2601 681 92 43
87	3082	0.0	3	2372 592 74 44
88	2567	0.0	3	1978 490 60 39
89	2512	0.0	3	1877 521 77 37
90	2101	0.0	3	1614 405 59 23
91	1605	0.0	3	1226 308 48 23
92	1405	0.0	3	1075 265 44 21
93	1380	0.0	3	1047 267 48 18
94	997	0.0	3	755 200 27 15
95	953	0.0	3	709 201 28 15
96	905	0.0	3	672 194 28 11
97	710	0.0	3	540 142 16 12
98	690	0.0	3	535 130 21 4
99	578	0.0	3	461 95 16 6
100	572	0.0	3	433 104 22 13
101	479	0.0	3	357 99 19 4
102	410	0.0	3	300 91 12 7
103	323	0.0	3	232 68 18 5
104	301	0.0	3	211 65 15 10
105	216	0.0	3	154 45 13 4
106	189	0.0	3	132 44 9 4
107	174	0.0	3	124 40 8 2
108	148	0.0	3	101 35 8 4
109	154	0.0	3	114 26 7 7
110	129	0.0	3	95 26 5 3
111	105	0.0	3	76 17 10 2
112	99	0.0	3	68 19 9 3
113	73	0.0	3	48 16 8 1
114	66	0.0	3	40 11 13 2
115	48	0.0	3	29 8 6 5
116	40	0.0	3	17 4 12 7
117	32	0.0	3	16 7 6 3
118	36	0.0	3	15 7 10 4
119	39	0.0	3	17 8 11 3
120	37	0.0	3	13 3 16 5
121	23	0.0	3	7 1 10 5
122	35	0.0	3	11 3 15 6
123	38	0.0	3	15 6 14 3
124	23	0.0	3	6 1 11 5
125	25	0.0	3	9 1 15
126	21	0.0	3	9 3 9
127	25	0.0	3	6 1 17 1
128	21	0.0	3	4 0 13 4
129	20	0.0	3	2 1 16 1
130	32	0.0	3	4 1 25 2
131	37	0.0	3	7 3 27
132	29	0.0	3	5 2 21 1
133	22	0.0	3	4 0 16 2
134	32	0.0	3	6 0 23 3
135	40	0.0	3	3 0 29 8
136	68	0.0	3	3 0 59 6
137	47	0.0	3	2 0 40 5
138	96	0.0	3	5 2 84 5
139	100	0.0	3	3 2 83 12
140	119	0.0	3	2 0 102 15
141	145	0.0	3	4 1 127 13
142	240	0.0	3	3 4 217 16
143	375	0.0	3	0 3 340 32
144	527	0.0	3	3 4 473 47
145	516	0.0	3	5 8 462 41
146	862	0.0	3	3 6 795 58
147	1967	0.0	3	5 12 1779 171
148	5291	0.0	3	1 44 4847 399
149	18028	0.0	3	3 106 16742 1177
150	50037	0.0	3	1 311 46748 2977
