This is cutadapt 2.9 with Python 3.5.2
Command line parameters: --nextseq-trim 10 --minimum-length 25 --cores 4 -a AGATCGGAAGAGCACACGTCTGAACTCCAGTCAC -A AGATCGGAAGAGCGTCGTGTAGGGAAAGAGTGTA -o Pacuta_HTAC_TP6_1744_R1_TrimmingRound1.fastq.gz -p Pacuta_HTAC_TP6_1744_R2_TrimmingRound1.fastq.gz Pacuta_HTAC_TP6_1744_R1.fastq.gz Pacuta_HTAC_TP6_1744_R2.fastq.gz
Processing reads on 4 cores in paired-end mode ...
Finished in 741.97 s (37 us/read; 1.61 M reads/minute).

=== Summary ===

Total read pairs processed:         19,916,344
  Read 1 with adapter:               7,286,787 (36.6%)
  Read 2 with adapter:               7,213,680 (36.2%)
Pairs written (passing filters):    19,863,069 (99.7%)

Total basepairs processed: 5,974,903,200 bp
  Read 1: 2,987,451,600 bp
  Read 2: 2,987,451,600 bp
Quality-trimmed:              13,021,806 bp (0.2%)
  Read 1:     5,161,139 bp
  Read 2:     7,860,667 bp
Total written (filtered):  5,543,691,934 bp (92.8%)
  Read 1: 2,769,147,257 bp
  Read 2: 2,774,544,677 bp

=== First read: Adapter 1 ===

Sequence: AGATCGGAAGAGCACACGTCTGAACTCCAGTCAC; Type: regular 3'; Length: 34; Trimmed: 7286787 times

No. of allowed errors:
0-9 bp: 0; 10-19 bp: 1; 20-29 bp: 2; 30-34 bp: 3

Bases preceding removed adapters:
  A: 15.2%
  C: 31.2%
  G: 33.7%
  T: 19.6%
  none/other: 0.2%

Overview of removed sequences
length	count	expect	max.err	error counts
3	427238	311192.9	0	427238
4	199167	77798.2	0	199167
5	407109	19449.6	0	407109
8	131209	303.9	0	131209
9	258775	76.0	0	258775
10	457	19.0	1	0 457
11	286958	4.7	1	257042 29916
12	496	1.2	1	0 496
13	144272	0.3	1	128457 15815
14	143802	0.1	1	127769 16033
15	141021	0.0	1	125175 15846
16	141870	0.0	1	125768 16102
17	277972	0.0	1	246492 31480
18	903	0.0	1	0 810 93
19	138148	0.0	1	122234 15583 331
20	140919	0.0	2	121838 17443 1638
21	274355	0.0	2	239907 31567 2881
22	1446	0.0	2	0 1117 329
23	137576	0.0	2	119464 16233 1879
24	136115	0.0	2	117083 17139 1893
25	135264	0.0	2	116313 16949 2002
26	132535	0.0	2	113820 16908 1807
27	129669	0.0	2	111341 16236 2092
28	130769	0.0	2	111601 17215 1877 76
29	250868	0.0	2	216690 30374 3428 376
30	2188	0.0	3	0 1508 386 294
31	124714	0.0	3	106673 15586 1903 552
32	124828	0.0	3	105733 16326 2068 701
33	122040	0.0	3	103384 16020 2004 632
34	120580	0.0	3	102122 15890 1974 594
35	117984	0.0	3	100157 15318 1904 605
36	116146	0.0	3	98454 15334 1808 550
37	112135	0.0	3	95142 14706 1765 522
38	111406	0.0	3	94415 14660 1755 576
39	108149	0.0	3	91970 13948 1740 491
40	105794	0.0	3	89656 14158 1531 449
41	199758	0.0	3	172183 24147 2617 811
42	2000	0.0	3	282 1368 270 80
43	97470	0.0	3	83519 12130 1438 383
44	95593	0.0	3	81792 11982 1403 416
45	94644	0.0	3	80517 12222 1483 422
46	87537	0.0	3	74781 11228 1156 372
47	166034	0.0	3	143798 19593 1997 646
48	1540	0.0	3	192 1015 233 100
49	77651	0.0	3	66902 9428 1050 271
50	76095	0.0	3	64836 9932 1028 299
51	137879	0.0	3	119967 15955 1504 453
52	1420	0.0	3	183 952 240 45
53	66571	0.0	3	56924 8588 820 239
54	121664	0.0	3	105470 14352 1428 414
55	1212	0.0	3	158 830 173 51
56	56169	0.0	3	48569 6767 634 199
57	52838	0.0	3	45518 6515 630 175
58	49552	0.0	3	42571 6191 608 182
59	46031	0.0	3	39465 5831 600 135
60	43165	0.0	3	36696 5721 588 160
61	75366	0.0	3	65364 9042 757 203
62	803	0.0	3	124 536 99 44
63	33574	0.0	3	28839 4188 449 98
64	32029	0.0	3	27308 4210 386 125
65	55305	0.0	3	47647 6886 617 155
66	528	0.0	3	81 353 78 16
67	23710	0.0	3	20308 3073 251 78
68	21819	0.0	3	18585 2850 319 65
69	19644	0.0	3	16822 2501 260 61
70	17429	0.0	3	14949 2219 216 45
71	15957	0.0	3	13691 2005 199 62
72	17281	0.0	3	14786 2238 213 44
73	12289	0.0	3	10538 1556 165 30
74	11574	0.0	3	9960 1440 148 26
75	10217	0.0	3	8844 1235 110 28
76	9203	0.0	3	7901 1172 99 31
77	8213	0.0	3	7018 1100 75 20
78	7058	0.0	3	6039 911 86 22
79	6452	0.0	3	5523 832 80 17
80	5542	0.0	3	4804 673 50 15
81	4920	0.0	3	4252 615 42 11
82	4407	0.0	3	3794 552 50 11
83	3538	0.0	3	3050 447 29 12
84	3205	0.0	3	2813 360 26 6
85	2820	0.0	3	2403 372 33 12
86	2632	0.0	3	2248 346 34 4
87	2508	0.0	3	2140 336 25 7
88	2330	0.0	3	1998 305 26 1
89	1755	0.0	3	1524 213 13 5
90	1588	0.0	3	1350 216 19 3
91	1431	0.0	3	1210 200 14 7
92	1302	0.0	3	1099 184 14 5
93	988	0.0	3	841 130 11 6
94	790	0.0	3	683 103 3 1
95	786	0.0	3	666 110 9 1
96	620	0.0	3	531 76 10 3
97	580	0.0	3	504 71 5
98	567	0.0	3	488 73 5 1
99	535	0.0	3	449 74 9 3
100	433	0.0	3	376 52 4 1
101	348	0.0	3	301 38 7 2
102	341	0.0	3	296 40 4 1
103	238	0.0	3	211 23 4
104	223	0.0	3	181 34 4 4
105	194	0.0	3	157 26 8 3
106	147	0.0	3	125 16 5 1
107	125	0.0	3	106 15 4
108	144	0.0	3	121 19 3 1
109	110	0.0	3	90 16 4
110	105	0.0	3	92 12 1
111	80	0.0	3	71 9
112	107	0.0	3	86 19 2
113	59	0.0	3	43 11 4 1
114	47	0.0	3	41 5 1
115	38	0.0	3	34 2 2
116	22	0.0	3	20 1 1
117	25	0.0	3	20 2 3
118	23	0.0	3	14 3 6
119	21	0.0	3	15 2 4
120	18	0.0	3	10 6 2
121	19	0.0	3	10 4 3 2
122	15	0.0	3	6 1 7 1
123	12	0.0	3	3 2 7
124	16	0.0	3	8 2 5 1
125	17	0.0	3	5 1 9 2
126	8	0.0	3	3 0 5
127	17	0.0	3	10 0 7
128	20	0.0	3	4 0 16
129	16	0.0	3	3 1 12
130	13	0.0	3	4 0 9
131	20	0.0	3	2 3 14 1
132	20	0.0	3	6 2 11 1
133	20	0.0	3	2 0 16 2
134	25	0.0	3	4 2 19
135	40	0.0	3	8 0 28 4
136	43	0.0	3	5 0 37 1
137	41	0.0	3	3 1 34 3
138	45	0.0	3	1 1 41 2
139	68	0.0	3	3 0 65
140	70	0.0	3	1 1 66 2
141	72	0.0	3	3 1 65 3
142	122	0.0	3	5 0 110 7
143	189	0.0	3	4 1 176 8
144	299	0.0	3	5 1 279 14
145	286	0.0	3	8 3 263 12
146	619	0.0	3	4 5 585 25
147	1644	0.0	3	9 2 1579 54
148	4411	0.0	3	3 29 4206 173
149	13230	0.0	3	0 88 12654 488
150	31527	0.0	3	3 191 30140 1193


=== Second read: Adapter 2 ===

Sequence: AGATCGGAAGAGCGTCGTGTAGGGAAAGAGTGTA; Type: regular 3'; Length: 34; Trimmed: 7213680 times

No. of allowed errors:
0-9 bp: 0; 10-19 bp: 1; 20-29 bp: 2; 30-34 bp: 3

Bases preceding removed adapters:
  A: 13.0%
  C: 27.9%
  G: 48.6%
  T: 10.3%
  none/other: 0.2%

Overview of removed sequences
length	count	expect	max.err	error counts
3	590264	311192.9	0	590264
4	222724	77798.2	0	222724
5	382312	19449.6	0	382312
8	120293	303.9	0	120293
9	236236	76.0	0	236236
10	1296	19.0	1	0 1296
11	277240	4.7	1	234073 43167
12	961	1.2	1	0 961
13	280815	0.3	1	236117 44698
14	681	0.1	1	0 681
15	133824	0.0	1	112564 21260
16	272842	0.0	1	227616 45226
17	946	0.0	1	0 946
18	257866	0.0	1	215913 41152 801
19	1233	0.0	1	0 754 479
20	137067	0.0	2	109045 23485 4537
21	523250	0.0	2	423868 85022 14360
22	2767	0.0	2	0 1799 968
23	1393	0.0	2	0 514 879
24	1214	0.0	2	0 741 473
25	129090	0.0	2	103019 21916 4155
26	128648	0.0	2	101927 22258 4463
27	246938	0.0	2	197331 41030 8577
28	2355	0.0	2	0 1613 589 153
29	242995	0.0	2	193037 41334 8542 82
30	2790	0.0	3	0 1855 616 319
31	236023	0.0	3	186465 37987 7400 4171
32	2021	0.0	3	0 1169 513 339
33	117819	0.0	3	90810 20537 4462 2010
34	117369	0.0	3	89831 20951 4492 2095
35	223716	0.0	3	173996 38290 7733 3697
36	2121	0.0	3	198 1258 410 255
37	107365	0.0	3	83270 18602 3732 1761
38	108255	0.0	3	83423 18927 3937 1968
39	109347	0.0	3	82206 20312 4554 2275
40	290872	0.0	3	228771 48677 9157 4267
41	2098	0.0	3	429 940 464 265
42	2295	0.0	3	494 1204 372 225
43	181793	0.0	3	143594 29962 5602 2635
44	2122	0.0	3	395 1095 435 197
45	89463	0.0	3	69101 15857 3092 1413
46	167429	0.0	3	131580 27831 5447 2571
47	1840	0.0	3	376 949 343 172
48	78744	0.0	3	61370 13572 2573 1229
49	75511	0.0	3	58760 13142 2460 1149
50	73132	0.0	3	56972 12512 2482 1166
51	70341	0.0	3	54104 12699 2416 1122
52	190855	0.0	3	150254 32054 5862 2685
53	1679	0.0	3	413 670 376 220
54	2121	0.0	3	575 1067 310 169
55	159850	0.0	3	127179 26273 4412 1986
56	1301	0.0	3	355 543 260 143
57	880	0.0	3	221 379 186 94
58	47856	0.0	3	37466 8250 1459 681
59	84249	0.0	3	66908 13852 2401 1088
60	1008	0.0	3	213 513 187 95
61	39293	0.0	3	30708 6833 1220 532
62	67934	0.0	3	54067 11102 1915 850
63	759	0.0	3	143 391 159 66
64	30013	0.0	3	24018 4821 813 361
65	28522	0.0	3	22400 4880 868 374
66	25924	0.0	3	20420 4447 744 313
67	23204	0.0	3	18243 4001 655 305
68	21378	0.0	3	16739 3729 632 278
69	19115	0.0	3	15086 3221 553 255
70	16857	0.0	3	13288 2912 442 215
71	15535	0.0	3	12272 2605 455 203
72	13392	0.0	3	10556 2304 355 177
73	12513	0.0	3	9897 2121 326 169
74	11262	0.0	3	8865 1948 310 139
75	10270	0.0	3	8041 1800 307 122
76	11312	0.0	3	8920 1891 348 153
77	8314	0.0	3	6590 1386 243 95
78	6834	0.0	3	5478 1085 193 78
79	6483	0.0	3	5156 1078 172 77
80	5895	0.0	3	4695 973 162 65
81	4582	0.0	3	3660 745 117 60
82	4123	0.0	3	3243 706 121 53
83	3582	0.0	3	2809 642 81 50
84	3198	0.0	3	2594 488 82 34
85	2973	0.0	3	2425 424 85 39
86	2790	0.0	3	2233 451 69 37
87	2301	0.0	3	1773 421 70 37
88	2082	0.0	3	1666 346 49 21
89	1914	0.0	3	1518 314 59 23
90	1570	0.0	3	1237 258 54 21
91	1287	0.0	3	1001 233 36 17
92	1237	0.0	3	1006 175 36 20
93	1015	0.0	3	803 171 31 10
94	779	0.0	3	607 130 26 16
95	716	0.0	3	561 129 13 13
96	691	0.0	3	555 110 16 10
97	557	0.0	3	439 95 12 11
98	556	0.0	3	446 87 17 6
99	489	0.0	3	394 72 13 10
100	460	0.0	3	354 83 15 8
101	340	0.0	3	272 52 9 7
102	313	0.0	3	232 58 13 10
103	256	0.0	3	203 40 8 5
104	243	0.0	3	191 41 7 4
105	206	0.0	3	154 36 13 3
106	149	0.0	3	114 26 5 4
107	132	0.0	3	100 24 6 2
108	170	0.0	3	123 31 12 4
109	115	0.0	3	80 23 9 3
110	109	0.0	3	86 13 7 3
111	108	0.0	3	76 22 3 7
112	109	0.0	3	76 21 9 3
113	68	0.0	3	45 11 8 4
114	53	0.0	3	38 8 4 3
115	62	0.0	3	39 7 15 1
116	46	0.0	3	24 10 8 4
117	31	0.0	3	9 11 8 3
118	46	0.0	3	24 7 12 3
119	28	0.0	3	12 2 10 4
120	38	0.0	3	23 7 5 3
121	39	0.0	3	15 6 13 5
122	24	0.0	3	9 4 10 1
123	24	0.0	3	7 8 6 3
124	15	0.0	3	6 4 3 2
125	28	0.0	3	13 2 8 5
126	13	0.0	3	6 2 4 1
127	23	0.0	3	8 2 12 1
128	19	0.0	3	6 2 10 1
129	13	0.0	3	3 1 9
130	24	0.0	3	5 2 15 2
131	16	0.0	3	6 0 9 1
132	25	0.0	3	5 1 18 1
133	23	0.0	3	2 2 17 2
134	38	0.0	3	9 1 24 4
135	31	0.0	3	4 1 22 4
136	35	0.0	3	4 2 24 5
137	41	0.0	3	3 2 35 1
138	44	0.0	3	3 1 36 4
139	70	0.0	3	2 1 59 8
140	86	0.0	3	2 1 78 5
141	100	0.0	3	2 3 86 9
142	152	0.0	3	2 3 132 15
143	250	0.0	3	4 4 211 31
144	332	0.0	3	3 1 301 27
145	347	0.0	3	6 4 311 26
146	595	0.0	3	2 6 553 34
147	1327	0.0	3	4 9 1218 96
148	3393	0.0	3	0 26 3143 224
149	11923	0.0	3	2 75 11093 753
150	32782	0.0	3	2 193 30652 1935
