This is cutadapt 2.9 with Python 3.5.2
Command line parameters: --nextseq-trim 10 --minimum-length 25 --cores 4 -a AGATCGGAAGAGCACACGTCTGAACTCCAGTCAC -A AGATCGGAAGAGCGTCGTGTAGGGAAAGAGTGTA -o Pacuta_ATAC_TP7_1047_R1_TrimmingRound1.fastq.gz -p Pacuta_ATAC_TP7_1047_R2_TrimmingRound1.fastq.gz Pacuta_ATAC_TP7_1047_R1.fastq.gz Pacuta_ATAC_TP7_1047_R2.fastq.gz
Processing reads on 4 cores in paired-end mode ...
Finished in 692.28 s (36 us/read; 1.67 M reads/minute).

=== Summary ===

Total read pairs processed:         19,280,437
  Read 1 with adapter:               7,503,065 (38.9%)
  Read 2 with adapter:               7,380,209 (38.3%)
Pairs written (passing filters):    19,217,133 (99.7%)

Total basepairs processed: 5,784,131,100 bp
  Read 1: 2,892,065,550 bp
  Read 2: 2,892,065,550 bp
Quality-trimmed:              12,636,953 bp (0.2%)
  Read 1:     5,192,724 bp
  Read 2:     7,444,229 bp
Total written (filtered):  5,332,811,824 bp (92.2%)
  Read 1: 2,662,421,244 bp
  Read 2: 2,670,390,580 bp

=== First read: Adapter 1 ===

Sequence: AGATCGGAAGAGCACACGTCTGAACTCCAGTCAC; Type: regular 3'; Length: 34; Trimmed: 7503065 times

No. of allowed errors:
0-9 bp: 0; 10-19 bp: 1; 20-29 bp: 2; 30-34 bp: 3

Bases preceding removed adapters:
  A: 15.5%
  C: 31.5%
  G: 32.9%
  T: 20.1%
  none/other: 0.0%

Overview of removed sequences
length	count	expect	max.err	error counts
3	409820	301256.8	0	409820
4	194238	75314.2	0	194238
5	401596	18828.6	0	401596
8	130138	294.2	0	130138
9	259529	73.5	0	259529
10	550	18.4	1	0 550
11	286161	4.6	1	259555 26606
12	507	1.1	1	0 507
13	143861	0.3	1	129851 14010
14	143392	0.1	1	129232 14160
15	142456	0.0	1	128032 14424
16	142446	0.0	1	127768 14678
17	279786	0.0	1	251340 28446
18	1031	0.0	1	0 931 100
19	139313	0.0	1	124559 14408 346
20	142500	0.0	2	124711 16277 1512
21	282065	0.0	2	250276 29011 2778
22	1548	0.0	2	0 1263 285
23	142041	0.0	2	125317 15085 1639
24	140515	0.0	2	123201 15639 1675
25	139258	0.0	2	121523 15772 1963
26	136436	0.0	2	119311 15380 1745
27	135000	0.0	2	117660 15286 2054
28	134787	0.0	2	116838 16057 1820 72
29	261067	0.0	2	229503 28034 3157 373
30	2256	0.0	3	0 1563 379 314
31	130586	0.0	3	113498 14787 1722 579
32	130039	0.0	3	112095 15254 2019 671
33	127827	0.0	3	109985 15231 2027 584
34	126317	0.0	3	108419 15155 1954 789
35	124558	0.0	3	106976 14791 2142 649
36	124056	0.0	3	104795 16544 2105 612
37	344392	0.0	3	299878 38014 4820 1680
38	2189	0.0	3	348 1315 442 84
39	2287	0.0	3	222 1720 254 91
40	217434	0.0	3	190439 23300 2704 991
41	2044	0.0	3	169 1443 348 84
42	105175	0.0	3	91482 11689 1548 456
43	104803	0.0	3	90471 12181 1598 553
44	101298	0.0	3	87678 11770 1325 525
45	101464	0.0	3	87196 11723 2039 506
46	92558	0.0	3	80150 10863 1152 393
47	176663	0.0	3	155510 18417 2034 702
48	1871	0.0	3	305 1219 237 110
49	82162	0.0	3	71648 9092 1097 325
50	80265	0.0	3	69231 9560 1050 424
51	146668	0.0	3	129402 15066 1630 570
52	1709	0.0	3	326 1029 307 47
53	70736	0.0	3	61365 8225 854 292
54	129572	0.0	3	114154 13472 1498 448
55	1444	0.0	3	228 973 185 58
56	59252	0.0	3	51954 6380 678 240
57	55981	0.0	3	48961 6097 699 224
58	52017	0.0	3	45242 5969 588 218
59	48101	0.0	3	41904 5424 620 153
60	45102	0.0	3	38990 5444 493 175
61	79584	0.0	3	70095 8454 823 212
62	844	0.0	3	148 542 110 44
63	35893	0.0	3	31169 4079 502 143
64	34159	0.0	3	29344 4286 420 109
65	58557	0.0	3	51344 6453 589 171
66	625	0.0	3	125 400 75 25
67	25343	0.0	3	22065 2919 265 94
68	23147	0.0	3	20096 2681 302 68
69	21000	0.0	3	18216 2458 250 76
70	18759	0.0	3	16310 2150 238 61
71	17134	0.0	3	14905 1952 210 67
72	19254	0.0	3	16834 2143 211 66
73	13122	0.0	3	11391 1527 158 46
74	12683	0.0	3	11034 1454 144 51
75	11230	0.0	3	9810 1272 112 36
76	10144	0.0	3	8807 1181 126 30
77	9614	0.0	3	8393 1084 111 26
78	8546	0.0	3	7444 978 98 26
79	6999	0.0	3	6114 779 86 20
80	6022	0.0	3	5282 665 55 20
81	5686	0.0	3	4972 648 58 8
82	4652	0.0	3	4053 549 39 11
83	4237	0.0	3	3705 479 40 13
84	3773	0.0	3	3300 414 45 14
85	3452	0.0	3	2995 410 30 17
86	3075	0.0	3	2726 320 19 10
87	2780	0.0	3	2434 312 22 12
88	2722	0.0	3	2389 298 30 5
89	2065	0.0	3	1809 229 17 10
90	1944	0.0	3	1684 230 20 10
91	1759	0.0	3	1530 204 21 4
92	1504	0.0	3	1306 178 13 7
93	1114	0.0	3	969 122 18 5
94	1001	0.0	3	880 108 9 4
95	925	0.0	3	807 103 14 1
96	715	0.0	3	628 75 11 1
97	701	0.0	3	619 74 5 3
98	682	0.0	3	602 74 3 3
99	609	0.0	3	529 66 11 3
100	552	0.0	3	469 70 10 3
101	429	0.0	3	377 41 8 3
102	400	0.0	3	349 47 2 2
103	284	0.0	3	236 44 4
104	240	0.0	3	210 23 7
105	183	0.0	3	164 18 0 1
106	190	0.0	3	167 21 2
107	134	0.0	3	120 11 2 1
108	135	0.0	3	118 14 2 1
109	130	0.0	3	112 13 4 1
110	98	0.0	3	82 11 4 1
111	80	0.0	3	67 8 5
112	65	0.0	3	56 6 2 1
113	65	0.0	3	49 11 3 2
114	42	0.0	3	32 5 5
115	41	0.0	3	27 4 7 3
116	32	0.0	3	22 5 4 1
117	22	0.0	3	17 3 2
118	16	0.0	3	7 3 5 1
119	11	0.0	3	7 1 1 2
120	13	0.0	3	7 2 4
121	13	0.0	3	8 0 5
122	10	0.0	3	5 0 5
123	11	0.0	3	6 0 4 1
124	8	0.0	3	4 1 3
125	10	0.0	3	4 2 4
126	14	0.0	3	4 0 9 1
127	16	0.0	3	1 2 12 1
128	11	0.0	3	1 0 10
129	12	0.0	3	3 1 7 1
130	16	0.0	3	4 0 12
131	20	0.0	3	4 0 16
132	23	0.0	3	5 2 16
133	24	0.0	3	1 2 20 1
134	23	0.0	3	2 2 18 1
135	31	0.0	3	4 0 19 8
136	50	0.0	3	3 1 43 3
137	48	0.0	3	5 2 37 4
138	65	0.0	3	3 6 55 1
139	87	0.0	3	3 4 76 4
140	99	0.0	3	2 2 93 2
141	112	0.0	3	2 2 107 1
142	146	0.0	3	3 1 141 1
143	255	0.0	3	4 6 232 13
144	363	0.0	3	6 3 342 12
145	341	0.0	3	6 6 309 20
146	747	0.0	3	5 11 709 22
147	1842	0.0	3	10 42 1731 59
148	5356	0.0	3	7 121 5025 203
149	15690	0.0	3	13 359 14729 589
150	37538	0.0	3	30 775 35257 1476


=== Second read: Adapter 2 ===

Sequence: AGATCGGAAGAGCGTCGTGTAGGGAAAGAGTGTA; Type: regular 3'; Length: 34; Trimmed: 7380209 times

No. of allowed errors:
0-9 bp: 0; 10-19 bp: 1; 20-29 bp: 2; 30-34 bp: 3

Bases preceding removed adapters:
  A: 13.0%
  C: 28.3%
  G: 48.4%
  T: 10.3%
  none/other: 0.0%

Overview of removed sequences
length	count	expect	max.err	error counts
3	581643	301256.8	0	581643
4	216966	75314.2	0	216966
5	378706	18828.6	0	378706
8	120110	294.2	0	120110
9	237913	73.5	0	237913
10	1334	18.4	1	0 1334
11	276077	4.6	1	236659 39418
12	972	1.1	1	0 972
13	279560	0.3	1	238524 41036
14	695	0.1	1	0 695
15	134948	0.0	1	114877 20071
16	273419	0.0	1	231189 42230
17	930	0.0	1	0 930
18	260483	0.0	1	221006 38636 841
19	1225	0.0	1	0 772 453
20	138346	0.0	2	112047 21843 4456
21	538099	0.0	2	441398 81960 14741
22	2893	0.0	2	0 1911 982
23	1521	0.0	2	0 573 948
24	1166	0.0	2	0 733 433
25	132693	0.0	2	106944 21387 4362
26	132119	0.0	2	105705 21783 4631
27	255655	0.0	2	206192 40269 9194
28	2274	0.0	2	0 1503 608 163
29	252888	0.0	2	202930 40720 9137 101
30	2597	0.0	3	0 1703 564 330
31	247362	0.0	3	196888 37411 8162 4901
32	2423	0.0	3	0 1546 533 344
33	241183	0.0	3	190461 38365 8253 4104
34	1897	0.0	3	75 687 770 365
35	117344	0.0	3	122 93546 19164 4512
36	116654	0.0	3	70 91862 18150 6572
37	221266	0.0	3	175 444 32524 188123
38	1736	0.0	3	7 29 972 728
39	107175	0.0	3	52 362 16048 90713
40	106821	0.0	3	72 370 16410 89969
41	203391	0.0	3	91 605 29800 172895
42	1969	0.0	3	1 7 1148 813
43	193107	0.0	3	118 537 27952 164500
44	1506	0.0	3	1 9 797 699
45	93419	0.0	3	63 293 14337 78726
46	175709	0.0	3	99 542 25813 149255
47	1495	0.0	3	6 11 786 692
48	83177	0.0	3	42 223 12289 70623
49	78433	0.0	3	36 201 11649 66547
50	75699	0.0	3	137 183 11428 63951
51	73554	0.0	3	27 290 11334 61903
52	200064	0.0	3	110 588 29218 170148
53	1400	0.0	3	5 10 604 781
54	1401	0.0	3	3 7 706 685
55	168411	0.0	3	137 499 24146 143629
56	1149	0.0	3	4 6 530 609
57	604	0.0	3	1 6 246 351
58	49344	0.0	3	41 132 7237 41934
59	87386	0.0	3	44 241 12574 74527
60	809	0.0	3	1 5 407 396
61	40874	0.0	3	17 133 6013 34711
62	71249	0.0	3	47 183 10279 60740
63	535	0.0	3	1 2 284 248
64	31530	0.0	3	28 61 4439 27002
65	29702	0.0	3	9 98 4308 25287
66	27212	0.0	3	29 55 3835 23293
67	24497	0.0	3	7 89 3679 20722
68	22280	0.0	3	9 65 3183 19023
69	20141	0.0	3	5 75 2932 17129
70	17901	0.0	3	25 38 2584 15254
71	16408	0.0	3	9 46 2423 13930
72	14829	0.0	3	5 28 2193 12603
73	12939	0.0	3	9 36 1917 10977
74	12140	0.0	3	8 22 1722 10388
75	10843	0.0	3	3 20 1563 9257
76	12326	0.0	3	11 36 1726 10553
77	9510	0.0	3	2 20 1347 8141
78	7669	0.0	3	7 12 1126 6524
79	7136	0.0	3	4 26 977 6129
80	6743	0.0	3	3 16 942 5782
81	5202	0.0	3	0 14 724 4464
82	4689	0.0	3	1 10 658 4020
83	4121	0.0	3	4 7 601 3509
84	3726	0.0	3	3 4 552 3167
85	3403	0.0	3	1 10 472 2920
86	3136	0.0	3	1 6 471 2658
87	2772	0.0	3	0 2 382 2388
88	2446	0.0	3	3 7 369 2067
89	2301	0.0	3	0 3 318 1980
90	1903	0.0	3	0 6 249 1648
91	1539	0.0	3	2 7 211 1319
92	1400	0.0	3	0 3 209 1188
93	1168	0.0	3	3 5 149 1011
94	926	0.0	3	1 3 164 758
95	845	0.0	3	0 6 119 720
96	814	0.0	3	0 1 114 699
97	674	0.0	3	1 1 77 595
98	603	0.0	3	1 5 86 511
99	596	0.0	3	1 1 93 501
100	500	0.0	3	0 3 68 429
101	457	0.0	3	0 2 62 393
102	383	0.0	3	0 1 48 334
103	305	0.0	3	1 0 42 262
104	245	0.0	3	0 1 36 208
105	195	0.0	3	0 1 27 167
106	171	0.0	3	0 0 18 153
107	163	0.0	3	0 0 27 136
108	149	0.0	3	0 1 11 137
109	128	0.0	3	0 3 13 112
110	103	0.0	3	0 0 16 87
111	85	0.0	3	0 0 11 74
112	93	0.0	3	0 0 10 83
113	55	0.0	3	0 0 3 52
114	58	0.0	3	0 0 15 43
115	36	0.0	3	0 0 5 31
116	39	0.0	3	0 0 7 32
117	25	0.0	3	0 1 3 21
118	20	0.0	3	0 0 3 17
119	19	0.0	3	0 0 0 19
120	25	0.0	3	1 0 1 23
121	18	0.0	3	0 0 4 14
122	14	0.0	3	0 0 2 12
123	20	0.0	3	0 1 4 15
124	17	0.0	3	0 0 3 14
125	10	0.0	3	0 0 3 7
126	16	0.0	3	0 0 2 14
127	14	0.0	3	0 0 0 14
128	9	0.0	3	0 0 2 7
129	20	0.0	3	0 0 0 20
130	20	0.0	3	0 0 0 20
131	14	0.0	3	0 0 2 12
132	34	0.0	3	0 0 4 30
133	22	0.0	3	0 0 0 22
134	36	0.0	3	0 0 1 35
135	40	0.0	3	0 0 1 39
136	36	0.0	3	0 1 1 34
137	33	0.0	3	0 0 1 32
138	45	0.0	3	0 0 0 45
139	64	0.0	3	0 0 3 61
140	72	0.0	3	0 0 5 67
141	101	0.0	3	0 0 4 97
142	161	0.0	3	0 0 5 156
143	237	0.0	3	0 0 7 230
144	411	0.0	3	0 0 11 400
145	414	0.0	3	0 0 12 402
146	662	0.0	3	0 0 18 644
147	1405	0.0	3	0 0 43 1362
148	3682	0.0	3	0 0 101 3581
149	12784	0.0	3	0 0 289 12495
150	36696	0.0	3	0 2 819 35875
