This is cutadapt 2.9 with Python 3.5.2
Command line parameters: --nextseq-trim 10 --minimum-length 25 --cores 4 -a AGATCGGAAGAGCACACGTCTGAACTCCAGTCAC -A AGATCGGAAGAGCGTCGTGTAGGGAAAGAGTGTA -o Pacuta_HTHC_TP4_2195_R1_TrimmingRound1.fastq.gz -p Pacuta_HTHC_TP4_2195_R2_TrimmingRound1.fastq.gz Pacuta_HTHC_TP4_2195_R1.fastq.gz Pacuta_HTHC_TP4_2195_R2.fastq.gz
Processing reads on 4 cores in paired-end mode ...
Finished in 733.35 s (34 us/read; 1.77 M reads/minute).

=== Summary ===

Total read pairs processed:         21,615,104
  Read 1 with adapter:               8,923,666 (41.3%)
  Read 2 with adapter:               9,081,606 (42.0%)
Pairs written (passing filters):    21,544,388 (99.7%)

Total basepairs processed: 6,484,531,200 bp
  Read 1: 3,242,265,600 bp
  Read 2: 3,242,265,600 bp
Quality-trimmed:              12,876,364 bp (0.2%)
  Read 1:     5,484,220 bp
  Read 2:     7,392,144 bp
Total written (filtered):  5,728,321,382 bp (88.3%)
  Read 1: 2,864,366,765 bp
  Read 2: 2,863,954,617 bp

=== First read: Adapter 1 ===

Sequence: AGATCGGAAGAGCACACGTCTGAACTCCAGTCAC; Type: regular 3'; Length: 34; Trimmed: 8923666 times

No. of allowed errors:
0-9 bp: 0; 10-19 bp: 1; 20-29 bp: 2; 30-34 bp: 3

Bases preceding removed adapters:
  A: 18.8%
  C: 28.0%
  G: 35.0%
  T: 18.1%
  none/other: 0.1%

Overview of removed sequences
length	count	expect	max.err	error counts
3	380213	337736.0	0	380213
4	165013	84434.0	0	165013
5	309169	21108.5	0	309169
8	98769	329.8	0	98769
9	197750	82.5	0	197750
10	567	20.6	1	0 567
11	204208	5.2	1	200362 3846
12	508	1.3	1	0 508
13	104405	0.3	1	101784 2621
14	104340	0.1	1	101693 2647
15	105184	0.0	1	102194 2990
16	105365	0.0	1	102141 3224
17	209674	0.0	1	204122 5552
18	735	0.0	1	0 679 56
19	105863	0.0	1	102430 3318 115
20	106610	0.0	2	102148 4182 280
21	213981	0.0	2	207337 6063 581
22	1080	0.0	2	0 1003 77
23	108937	0.0	2	104734 3781 422
24	110858	0.0	2	106389 4064 405
25	109572	0.0	2	104827 4339 406
26	109109	0.0	2	104216 4472 421
27	109152	0.0	2	104123 4524 505
28	110808	0.0	2	104571 5736 427 74
29	219026	0.0	2	210217 7826 834 149
30	1934	0.0	3	0 1410 183 341
31	111745	0.0	3	105790 5279 544 132
32	113070	0.0	3	106564 5702 644 160
33	112273	0.0	3	105490 6133 533 117
34	112884	0.0	3	105941 6205 588 150
35	114150	0.0	3	107325 6050 645 130
36	115362	0.0	3	107402 7147 646 167
37	223296	0.0	3	212579 9398 1092 227
38	3343	0.0	3	90 3072 139 42
39	225229	0.0	3	214837 9096 1078 218
40	2099	0.0	3	79 1835 152 33
41	113345	0.0	3	106879 5813 523 130
42	113824	0.0	3	107043 6021 629 131
43	114309	0.0	3	107637 5945 604 123
44	114833	0.0	3	108095 6035 560 143
45	116854	0.0	3	109989 6066 684 115
46	114589	0.0	3	106725 7112 604 148
47	224643	0.0	3	214634 8867 917 225
48	2431	0.0	3	382 1867 133 49
49	112342	0.0	3	106144 5429 639 130
50	114264	0.0	3	106592 7077 470 125
51	221437	0.0	3	211674 8825 764 174
52	2460	0.0	3	398 1839 200 23
53	114290	0.0	3	106880 6822 481 107
54	223558	0.0	3	213629 8963 815 151
55	2402	0.0	3	368 1857 150 27
56	111873	0.0	3	105538 5769 471 95
57	111615	0.0	3	104976 5963 565 111
58	109400	0.0	3	102919 5929 463 89
59	108233	0.0	3	102004 5644 498 87
60	107408	0.0	3	100138 6693 460 117
61	208063	0.0	3	198435 8733 758 137
62	2229	0.0	3	363 1713 123 30
63	104493	0.0	3	98907 5037 477 72
64	106248	0.0	3	99074 6606 489 79
65	199416	0.0	3	190463 8033 784 136
66	2194	0.0	3	332 1693 145 24
67	96905	0.0	3	91494 4846 473 92
68	95892	0.0	3	90279 4988 544 81
69	91905	0.0	3	86799 4612 429 65
70	88785	0.0	3	83698 4603 424 60
71	85210	0.0	3	80337 4457 354 62
72	104807	0.0	3	99325 4906 487 89
73	79406	0.0	3	75001 3943 402 60
74	79387	0.0	3	75030 3932 349 76
75	75174	0.0	3	71093 3620 375 86
76	71373	0.0	3	67490 3539 282 62
77	69927	0.0	3	66121 3476 252 78
78	63002	0.0	3	59720 3029 211 42
79	55722	0.0	3	52727 2727 225 43
80	53582	0.0	3	50797 2562 182 41
81	46716	0.0	3	44035 2479 169 33
82	43721	0.0	3	41377 2153 160 31
83	40209	0.0	3	38061 2002 117 29
84	36857	0.0	3	34903 1810 122 22
85	33957	0.0	3	32173 1620 142 22
86	29609	0.0	3	28132 1349 106 22
87	27677	0.0	3	26219 1338 98 22
88	24820	0.0	3	23550 1138 114 18
89	21103	0.0	3	19967 1032 91 13
90	19170	0.0	3	18144 942 65 19
91	17088	0.0	3	16240 782 53 13
92	14738	0.0	3	14011 675 45 7
93	11478	0.0	3	10885 547 34 12
94	10095	0.0	3	9580 472 34 9
95	8949	0.0	3	8513 403 25 8
96	6973	0.0	3	6610 326 33 4
97	6491	0.0	3	6170 291 27 3
98	5924	0.0	3	5636 255 30 3
99	5178	0.0	3	4896 257 23 2
100	4224	0.0	3	4018 190 15 1
101	3567	0.0	3	3397 154 14 2
102	3146	0.0	3	3025 107 11 3
103	2233	0.0	3	2122 107 4
104	1807	0.0	3	1716 83 7 1
105	1632	0.0	3	1555 71 5 1
106	1445	0.0	3	1362 71 8 4
107	1176	0.0	3	1117 50 5 4
108	1083	0.0	3	1027 52 3 1
109	1039	0.0	3	983 51 3 2
110	822	0.0	3	765 49 5 3
111	709	0.0	3	665 38 4 2
112	634	0.0	3	595 37 0 2
113	537	0.0	3	506 27 3 1
114	475	0.0	3	442 31 2
115	485	0.0	3	458 24 2 1
116	478	0.0	3	458 17 3
117	432	0.0	3	405 23 3 1
118	444	0.0	3	421 20 2 1
119	464	0.0	3	427 36 0 1
120	454	0.0	3	430 23 0 1
121	445	0.0	3	414 30 1
122	491	0.0	3	449 38 3 1
123	484	0.0	3	453 26 4 1
124	466	0.0	3	430 33 3
125	534	0.0	3	502 29 3
126	555	0.0	3	520 33 1 1
127	654	0.0	3	619 33 2
128	745	0.0	3	680 61 3 1
129	728	0.0	3	675 49 2 2
130	732	0.0	3	673 56 3
131	833	0.0	3	770 60 3
132	939	0.0	3	854 79 6
133	1048	0.0	3	977 66 5
134	1103	0.0	3	1035 62 5 1
135	1255	0.0	3	1160 86 6 3
136	1408	0.0	3	1312 90 4 2
137	1463	0.0	3	1343 111 9
138	1446	0.0	3	1315 124 7
139	1438	0.0	3	1307 123 8
140	1764	0.0	3	1599 155 10
141	1828	0.0	3	1623 192 12 1
142	1171	0.0	3	964 191 14 2
143	1289	0.0	3	1019 253 17
144	1554	0.0	3	1203 329 21 1
145	1626	0.0	3	1250 355 20 1
146	2052	0.0	3	1412 597 41 2
147	2814	0.0	3	1417 1316 79 2
148	4143	0.0	3	514 3398 221 10
149	10681	0.0	3	458 9628 569 26
150	25827	0.0	3	1179 23216 1345 87


=== Second read: Adapter 2 ===

Sequence: AGATCGGAAGAGCGTCGTGTAGGGAAAGAGTGTA; Type: regular 3'; Length: 34; Trimmed: 9081606 times

No. of allowed errors:
0-9 bp: 0; 10-19 bp: 1; 20-29 bp: 2; 30-34 bp: 3

Bases preceding removed adapters:
  A: 18.2%
  C: 26.2%
  G: 44.3%
  T: 11.1%
  none/other: 0.2%

Overview of removed sequences
length	count	expect	max.err	error counts
3	524427	337736.0	0	524427
4	195286	84434.0	0	195286
5	311898	21108.5	0	311898
8	98885	329.8	0	98885
9	197733	82.5	0	197733
10	756	20.6	1	0 756
11	204120	5.2	1	200567 3553
12	799	1.3	1	0 799
13	208386	0.3	1	203947 4439
14	646	0.1	1	0 646
15	104643	0.0	1	101762 2881
16	210402	0.0	1	204668 5734
17	992	0.0	1	0 992
18	207718	0.0	1	202054 5439 225
19	950	0.0	1	0 688 262
20	107014	0.0	2	101676 4867 471
21	430380	0.0	2	414039 14595 1746
22	1305	0.0	2	0 1163 142
23	552	0.0	2	0 167 385
24	841	0.0	2	0 681 160
25	109128	0.0	2	103837 4600 691
26	109521	0.0	2	103559 5372 590
27	216528	0.0	2	206952 8107 1469
28	1959	0.0	2	0 1765 134 60
29	220009	0.0	2	209505 9145 1325 34
30	2038	0.0	3	0 1843 117 78
31	221919	0.0	3	210624 9245 1396 654
32	2138	0.0	3	0 1846 215 77
33	222352	0.0	3	210143 10404 1302 503
34	1400	0.0	3	19 541 724 116
35	113531	0.0	3	32 106668 6005 826
36	113977	0.0	3	22 106735 6355 865
37	111821	0.0	3	18 104869 6173 761
38	113515	0.0	3	31 106361 6248 875
39	114134	0.0	3	44 107073 6209 808
40	114012	0.0	3	19 106661 6606 726
41	225072	0.0	3	30 212738 10827 1477
42	2114	0.0	3	0 156 1841 117
43	225997	0.0	3	91 214150 10429 1327
44	1648	0.0	3	0 244 1226 178
45	114920	0.0	3	55 107621 6532 712
46	226669	0.0	3	117 214947 10291 1314
47	1630	0.0	3	2 267 1180 181
48	112969	0.0	3	13 106419 5796 741
49	112343	0.0	3	20 105752 5835 736
50	112688	0.0	3	22 105968 5872 826
51	113645	0.0	3	23 105897 7030 695
52	335408	0.0	3	136 318353 15064 1855
53	1596	0.0	3	0 475 827 294
54	2119	0.0	3	3 98 1905 113
55	332034	0.0	3	191 316775 13504 1564
56	1472	0.0	3	3 514 824 131
57	958	0.0	3	0 99 675 184
58	109512	0.0	3	9 103425 5444 634
59	211748	0.0	3	58 202475 8305 910
60	1500	0.0	3	0 262 1064 174
61	105663	0.0	3	20 100042 5080 521
62	208653	0.0	3	107 199720 7928 898
63	1414	0.0	3	10 253 1049 102
64	103831	0.0	3	57 99067 4223 484
65	102179	0.0	3	8 96953 4693 525
66	99986	0.0	3	21 95133 4323 509
67	97123	0.0	3	9 92351 4288 475
68	95695	0.0	3	43 91030 4165 457
69	91684	0.0	3	26 87296 3972 390
70	88556	0.0	3	22 84245 3897 392
71	84737	0.0	3	12 80602 3721 402
72	82500	0.0	3	8 78621 3488 383
73	79455	0.0	3	24 75890 3232 309
74	77224	0.0	3	48 73722 3155 299
75	73487	0.0	3	25 70057 3117 288
76	83539	0.0	3	5 79746 3462 326
77	69040	0.0	3	17 65902 2843 278
78	62605	0.0	3	8 59756 2628 213
79	59840	0.0	3	15 57179 2420 226
80	56438	0.0	3	16 53925 2288 209
81	48699	0.0	3	6 46586 1944 163
82	45111	0.0	3	4 43217 1731 159
83	40070	0.0	3	19 38356 1559 136
84	37008	0.0	3	5 35460 1417 126
85	34361	0.0	3	10 32904 1309 138
86	30007	0.0	3	13 28706 1160 128
87	27710	0.0	3	1 26566 1037 106
88	25029	0.0	3	3 23926 977 123
89	22561	0.0	3	2 21603 865 91
90	19889	0.0	3	1 19093 735 60
91	17275	0.0	3	2 16558 638 77
92	14469	0.0	3	0 13899 515 55
93	12024	0.0	3	2 11518 458 46
94	10032	0.0	3	0 9624 374 34
95	8672	0.0	3	4 8288 343 37
96	7438	0.0	3	2 7123 283 30
97	6372	0.0	3	1 6100 247 24
98	6033	0.0	3	0 5779 233 21
99	5017	0.0	3	2 4813 187 15
100	4222	0.0	3	0 4001 195 26
101	3661	0.0	3	3 3490 148 20
102	2994	0.0	3	0 2855 127 12
103	2406	0.0	3	0 2293 96 17
104	1872	0.0	3	1 1787 77 7
105	1718	0.0	3	2 1626 82 8
106	1433	0.0	3	0 1353 65 15
107	1296	0.0	3	1 1223 66 6
108	1134	0.0	3	0 1079 47 8
109	1019	0.0	3	0 965 50 4
110	872	0.0	3	0 827 37 8
111	749	0.0	3	0 698 42 9
112	648	0.0	3	0 609 30 9
113	572	0.0	3	0 544 24 4
114	534	0.0	3	0 503 23 8
115	504	0.0	3	0 462 32 10
116	495	0.0	3	0 470 21 4
117	487	0.0	3	0 454 26 7
118	462	0.0	3	0 429 30 3
119	443	0.0	3	1 402 35 5
120	470	0.0	3	1 425 32 12
121	470	0.0	3	0 430 31 9
122	496	0.0	3	0 465 26 5
123	487	0.0	3	0 446 33 8
124	448	0.0	3	0 410 34 4
125	545	0.0	3	1 505 36 3
126	586	0.0	3	0 547 34 5
127	640	0.0	3	0 605 32 3
128	707	0.0	3	0 657 45 5
129	707	0.0	3	0 658 46 3
130	789	0.0	3	0 729 55 5
131	760	0.0	3	0 715 38 7
132	959	0.0	3	0 906 50 3
133	1033	0.0	3	1 959 68 5
134	1074	0.0	3	0 998 67 9
135	1236	0.0	3	0 1167 65 4
136	1376	0.0	3	0 1289 81 6
137	1509	0.0	3	0 1434 69 6
138	1360	0.0	3	0 1274 85 1
139	1416	0.0	3	1 1314 98 3
140	1663	0.0	3	0 1548 112 3
141	1919	0.0	3	0 1777 131 11
142	1161	0.0	3	1 998 156 6
143	1215	0.0	3	0 1017 193 5
144	1349	0.0	3	0 1149 188 12
145	1596	0.0	3	0 1311 275 10
146	1855	0.0	3	0 1418 421 16
147	2420	0.0	3	0 1591 798 31
148	2761	0.0	3	0 514 2189 58
149	8802	0.0	3	0 396 8138 268
150	29093	0.0	3	0 1373 26738 982
