This is cutadapt 2.9 with Python 3.5.2
Command line parameters: --nextseq-trim 10 --minimum-length 25 --cores 4 -a AGATCGGAAGAGCACACGTCTGAACTCCAGTCAC -A AGATCGGAAGAGCGTCGTGTAGGGAAAGAGTGTA -o Pacuta_ATHC_TP6_2999_R1_TrimmingRound1.fastq.gz -p Pacuta_ATHC_TP6_2999_R2_TrimmingRound1.fastq.gz Pacuta_ATHC_TP6_2999_R1.fastq.gz Pacuta_ATHC_TP6_2999_R2.fastq.gz
Processing reads on 4 cores in paired-end mode ...
Finished in 572.44 s (36 us/read; 1.69 M reads/minute).

=== Summary ===

Total read pairs processed:         16,112,910
  Read 1 with adapter:               7,902,555 (49.0%)
  Read 2 with adapter:               7,309,942 (45.4%)
Pairs written (passing filters):    16,007,456 (99.3%)

Total basepairs processed: 4,833,873,000 bp
  Read 1: 2,416,936,500 bp
  Read 2: 2,416,936,500 bp
Quality-trimmed:              36,504,386 bp (0.8%)
  Read 1:     5,337,221 bp
  Read 2:    31,167,165 bp
Total written (filtered):  4,305,815,282 bp (89.1%)
  Read 1: 2,141,971,795 bp
  Read 2: 2,163,843,487 bp

=== First read: Adapter 1 ===

Sequence: AGATCGGAAGAGCACACGTCTGAACTCCAGTCAC; Type: regular 3'; Length: 34; Trimmed: 7902555 times

No. of allowed errors:
0-9 bp: 0; 10-19 bp: 1; 20-29 bp: 2; 30-34 bp: 3

Bases preceding removed adapters:
  A: 17.9%
  C: 38.2%
  G: 19.9%
  T: 24.0%
  none/other: 0.0%

Overview of removed sequences
length	count	expect	max.err	error counts
3	274523	251764.2	0	274523
4	140880	62941.1	0	140880
5	304936	15735.3	0	304936
8	98131	245.9	0	98131
9	197459	61.5	0	197459
10	550	15.4	1	0 550
11	256810	3.8	1	197245 59565
12	503	1.0	1	0 503
13	132596	0.2	1	101545 31051
14	137174	0.1	1	104449 32725
15	135405	0.0	1	103875 31530
16	143290	0.0	1	108992 34298
17	271675	0.0	1	208381 63294
18	1156	0.0	1	0 989 167
19	137520	0.0	1	104835 32158 527
20	137367	0.0	2	102307 32828 2232
21	276792	0.0	2	207937 64276 4579
22	1846	0.0	2	0 1285 561
23	141251	0.0	2	105478 33299 2474
24	144575	0.0	2	107316 34303 2956
25	145467	0.0	2	107827 34708 2932
26	146300	0.0	2	108336 34865 3099
27	146299	0.0	2	108048 34923 3328
28	147091	0.0	2	107817 35693 3476 105
29	280761	0.0	2	208695 66335 5453 278
30	2579	0.0	3	0 1544 708 327
31	143526	0.0	3	104554 34358 3323 1291
32	139355	0.0	3	101712 33204 3256 1183
33	140896	0.0	3	102481 34098 3225 1092
34	143068	0.0	3	103322 34939 3545 1262
35	143677	0.0	3	104780 34548 3184 1165
36	144067	0.0	3	104573 34609 3558 1327
37	142181	0.0	3	102233 35324 3354 1270
38	279348	0.0	3	204238 66333 6252 2525
39	3655	0.0	3	261 2334 875 185
40	259331	0.0	3	191502 61134 4877 1818
41	2299	0.0	3	103 1486 568 142
42	131029	0.0	3	95137 31859 2908 1125
43	135081	0.0	3	98405 32809 2874 993
44	113444	0.0	3	83006 27485 2173 780
45	139346	0.0	3	101460 33805 3024 1057
46	108441	0.0	3	79019 26519 2230 673
47	232687	0.0	3	172156 55076 4004 1451
48	2392	0.0	3	269 1366 603 154
49	109792	0.0	3	80646 26347 2092 707
50	106211	0.0	3	77557 25883 2062 709
51	193801	0.0	3	142857 46523 3239 1182
52	3226	0.0	3	931 1503 635 157
53	93528	0.0	3	68330 22675 1871 652
54	181338	0.0	3	133664 43175 3303 1196
55	1882	0.0	3	235 1072 457 118
56	81174	0.0	3	59955 19489 1322 408
57	80575	0.0	3	58977 19660 1456 482
58	72660	0.0	3	53725 17281 1262 392
59	69045	0.0	3	50580 16870 1196 399
60	65803	0.0	3	47682 16429 1297 395
61	110138	0.0	3	80972 27030 1599 537
62	1338	0.0	3	242 709 297 90
63	51895	0.0	3	37894 12761 918 322
64	47080	0.0	3	34096 11943 790 251
65	82907	0.0	3	61368 20028 1095 416
66	1082	0.0	3	218 608 202 54
67	36998	0.0	3	27210 9088 530 170
68	34893	0.0	3	25374 8622 687 210
69	33383	0.0	3	24037 8538 631 177
70	86823	0.0	3	65287 20645 684 207
71	32915	0.0	3	23964 8242 551 158
72	22666	0.0	3	16305 5724 486 151
73	12036	0.0	3	8618 3002 308 108
74	10101	0.0	3	7222 2577 215 87
75	9269	0.0	3	6622 2365 217 65
76	8851	0.0	3	6349 2260 185 57
77	7762	0.0	3	5587 1974 157 44
78	5770	0.0	3	4116 1510 105 39
79	5132	0.0	3	3714 1280 102 36
80	3941	0.0	3	2871 969 77 24
81	3564	0.0	3	2555 907 77 25
82	2741	0.0	3	1950 712 59 20
83	2300	0.0	3	1640 599 49 12
84	2058	0.0	3	1431 564 45 18
85	1773	0.0	3	1275 449 38 11
86	1693	0.0	3	1223 430 25 15
87	1323	0.0	3	901 381 28 13
88	1249	0.0	3	895 330 17 7
89	1000	0.0	3	698 286 12 4
90	819	0.0	3	578 218 17 6
91	712	0.0	3	525 168 16 3
92	596	0.0	3	432 150 11 3
93	506	0.0	3	360 133 8 5
94	401	0.0	3	281 108 7 5
95	387	0.0	3	275 96 12 4
96	302	0.0	3	217 74 9 2
97	291	0.0	3	215 72 2 2
98	236	0.0	3	172 56 6 2
99	219	0.0	3	153 55 10 1
100	161	0.0	3	117 40 4
101	139	0.0	3	94 37 7 1
102	156	0.0	3	99 47 8 2
103	111	0.0	3	72 30 9
104	83	0.0	3	56 20 7
105	71	0.0	3	50 16 5
106	54	0.0	3	36 10 7 1
107	65	0.0	3	43 15 6 1
108	44	0.0	3	26 12 6
109	38	0.0	3	24 5 9
110	38	0.0	3	21 4 12 1
111	43	0.0	3	16 10 15 2
112	44	0.0	3	21 5 16 2
113	32	0.0	3	14 6 12
114	25	0.0	3	12 3 10
115	24	0.0	3	9 7 8
116	26	0.0	3	6 1 19
117	22	0.0	3	7 3 12
118	32	0.0	3	5 1 26
119	22	0.0	3	6 0 16
120	23	0.0	3	6 2 15
121	31	0.0	3	2 1 27 1
122	28	0.0	3	4 1 22 1
123	25	0.0	3	5 1 19
124	27	0.0	3	5 0 22
125	33	0.0	3	5 1 26 1
126	25	0.0	3	2 1 22
127	36	0.0	3	3 1 31 1
128	47	0.0	3	5 1 41
129	42	0.0	3	1 0 41
130	57	0.0	3	7 1 48 1
131	51	0.0	3	2 0 47 2
132	52	0.0	3	2 4 46
133	62	0.0	3	2 2 58
134	53	0.0	3	0 1 50 2
135	70	0.0	3	2 0 66 2
136	96	0.0	3	2 2 90 2
137	82	0.0	3	5 1 72 4
138	99	0.0	3	4 4 91
139	100	0.0	3	2 1 96 1
140	102	0.0	3	3 5 93 1
141	136	0.0	3	7 3 122 4
142	151	0.0	3	4 1 143 3
143	209	0.0	3	2 2 198 7
144	197	0.0	3	2 4 185 6
145	248	0.0	3	2 1 236 9
146	270	0.0	3	3 4 252 11
147	359	0.0	3	3 4 337 15
148	647	0.0	3	1 7 616 23
149	1597	0.0	3	1 13 1529 54
150	3426	0.0	3	0 23 3287 116


=== Second read: Adapter 2 ===

Sequence: AGATCGGAAGAGCGTCGTGTAGGGAAAGAGTGTA; Type: regular 3'; Length: 34; Trimmed: 7309942 times

No. of allowed errors:
0-9 bp: 0; 10-19 bp: 1; 20-29 bp: 2; 30-34 bp: 3

Bases preceding removed adapters:
  A: 14.9%
  C: 38.8%
  G: 32.2%
  T: 14.2%
  none/other: 0.0%

Overview of removed sequences
length	count	expect	max.err	error counts
3	422302	251764.2	0	422302
4	156429	62941.1	0	156429
5	291848	15735.3	0	291848
8	92289	245.9	0	92289
9	185250	61.5	0	185250
10	732	15.4	1	0 732
11	232313	3.8	1	185902 46411
12	617	1.0	1	0 617
13	251920	0.2	1	199706 52214
14	401	0.1	1	0 401
15	122102	0.0	1	98096 24006
16	256239	0.0	1	204057 52182
17	465	0.0	1	0 465
18	231906	0.0	1	187039 44536 331
19	852	0.0	1	0 562 290
20	126249	0.0	2	97313 25969 2967
21	502250	0.0	2	391078 101159 10013
22	2025	0.0	2	0 1320 705
23	609	0.0	2	0 257 352
24	815	0.0	2	0 531 284
25	129899	0.0	2	100193 26556 3150
26	132354	0.0	2	99657 29082 3615
27	259899	0.0	2	198952 54684 6263
28	2460	0.0	2	0 1592 717 151
29	253830	0.0	2	192263 54779 6680 108
30	2754	0.0	3	0 1849 653 252
31	251130	0.0	3	189623 52644 5957 2906
32	2045	0.0	3	0 1334 455 256
33	126310	0.0	3	94159 26786 3769 1596
34	127054	0.0	3	22 95531 27889 3612
35	128956	0.0	3	24 96318 27839 4775
36	250976	0.0	3	36 1258 190302 59380
37	3133	0.0	3	2 126 419 2586
38	246923	0.0	3	60 1465 187034 58364
39	2415	0.0	3	6 98 374 1937
40	120661	0.0	3	29 853 89867 29912
41	261318	0.0	3	84 2010 196752 62472
42	6545	0.0	3	3 438 803 5301
43	735160	0.0	3	115 3891 633796 97358
44	3390	0.0	3	2 32 314 3042
45	84403	0.0	3	14 533 60959 22897
46	141740	0.0	3	35 636 98995 42074
47	1903	0.0	3	0 43 558 1302
48	71955	0.0	3	18 330 50792 20815
49	79098	0.0	3	5 487 57668 20938
50	64551	0.0	3	19 343 44768 19421
51	80249	0.0	3	18 482 59114 20635
52	185904	0.0	3	48 889 131750 53217
53	1709	0.0	3	2 38 567 1102
54	1483	0.0	3	3 42 414 1024
55	140917	0.0	3	19 462 98428 42008
56	1146	0.0	3	3 25 373 745
57	604	0.0	3	5 23 152 424
58	48278	0.0	3	15 222 34043 13998
59	74705	0.0	3	22 212 52289 22182
60	757	0.0	3	1 11 180 565
61	35389	0.0	3	11 128 24403 10847
62	62783	0.0	3	21 229 43686 18847
63	527	0.0	3	0 6 87 434
64	25314	0.0	3	7 79 17835 7393
65	25307	0.0	3	23 108 17918 7258
66	27052	0.0	3	6 110 19478 7458
67	23224	0.0	3	6 107 16419 6692
68	22559	0.0	3	4 98 16202 6255
69	19662	0.0	3	7 92 13847 5716
70	18297	0.0	3	12 74 13149 5062
71	15775	0.0	3	5 73 11284 4413
72	14510	0.0	3	6 85 10516 3903
73	13114	0.0	3	7 52 9560 3495
74	11939	0.0	3	4 66 8675 3194
75	10892	0.0	3	2 64 8004 2822
76	11383	0.0	3	1 58 8319 3005
77	8912	0.0	3	6 55 6418 2433
78	7394	0.0	3	1 25 5288 2080
79	6793	0.0	3	1 36 4874 1882
80	6207	0.0	3	1 24 4365 1817
81	4910	0.0	3	0 18 3521 1371
82	3904	0.0	3	0 8 2787 1109
83	3485	0.0	3	1 21 2539 924
84	2961	0.0	3	1 15 2141 804
85	2705	0.0	3	1 9 1967 728
86	2208	0.0	3	1 10 1569 628
87	1767	0.0	3	1 8 1232 526
88	1502	0.0	3	0 6 1064 432
89	1215	0.0	3	1 4 821 389
90	921	0.0	3	0 3 628 290
91	769	0.0	3	0 0 535 234
92	640	0.0	3	0 3 436 201
93	577	0.0	3	0 2 395 180
94	459	0.0	3	0 2 319 138
95	413	0.0	3	0 2 282 129
96	343	0.0	3	0 1 224 118
97	249	0.0	3	0 0 178 71
98	224	0.0	3	0 1 152 71
99	210	0.0	3	0 0 135 75
100	149	0.0	3	0 0 108 41
101	133	0.0	3	0 0 91 42
102	143	0.0	3	0 0 94 49
103	129	0.0	3	0 1 98 30
104	84	0.0	3	0 0 54 30
105	66	0.0	3	0 0 39 27
106	60	0.0	3	0 0 42 18
107	63	0.0	3	0 0 39 24
108	43	0.0	3	0 0 25 18
109	45	0.0	3	0 0 34 11
110	35	0.0	3	0 0 24 11
111	40	0.0	3	0 0 24 16
112	39	0.0	3	0 0 21 18
113	22	0.0	3	0 0 10 12
114	24	0.0	3	0 0 14 10
115	19	0.0	3	0 0 16 3
116	12	0.0	3	0 0 4 8
117	19	0.0	3	0 0 6 13
118	10	0.0	3	0 0 5 5
119	10	0.0	3	0 0 6 4
120	17	0.0	3	0 0 6 11
121	17	0.0	3	0 0 10 7
122	19	0.0	3	0 0 6 13
123	13	0.0	3	0 0 4 9
124	14	0.0	3	0 0 4 10
125	15	0.0	3	0 0 3 12
126	19	0.0	3	0 0 2 17
127	19	0.0	3	0 0 5 14
128	24	0.0	3	0 0 5 19
129	40	0.0	3	0 0 4 36
130	37	0.0	3	0 0 5 32
131	45	0.0	3	0 0 4 41
132	63	0.0	3	0 0 4 59
133	52	0.0	3	0 0 6 46
134	57	0.0	3	0 0 2 55
135	78	0.0	3	0 0 3 75
136	79	0.0	3	0 0 4 75
137	86	0.0	3	0 0 1 85
138	96	0.0	3	0 0 1 95
139	89	0.0	3	0 0 0 89
140	113	0.0	3	0 0 2 111
141	125	0.0	3	0 0 3 122
142	112	0.0	3	0 0 2 110
143	130	0.0	3	0 0 0 130
144	220	0.0	3	0 0 3 217
145	242	0.0	3	0 0 2 240
146	258	0.0	3	0 0 2 256
147	328	0.0	3	0 0 3 325
148	535	0.0	3	0 0 0 535
149	1334	0.0	3	0 0 0 1334
150	3799	0.0	3	0 0 0 3799
