This is cutadapt 2.9 with Python 3.5.2
Command line parameters: --nextseq-trim 10 --minimum-length 25 --cores 4 -a AGATCGGAAGAGCACACGTCTGAACTCCAGTCAC -A AGATCGGAAGAGCGTCGTGTAGGGAAAGAGTGTA -o Pacuta_HTHC_TP8_2304_R1_TrimmingRound1.fastq.gz -p Pacuta_HTHC_TP8_2304_R2_TrimmingRound1.fastq.gz Pacuta_HTHC_TP8_2304_R1.fastq.gz Pacuta_HTHC_TP8_2304_R2.fastq.gz
Processing reads on 4 cores in paired-end mode ...
Finished in 585.66 s (34 us/read; 1.74 M reads/minute).

=== Summary ===

Total read pairs processed:         16,994,270
  Read 1 with adapter:               7,716,678 (45.4%)
  Read 2 with adapter:               7,069,721 (41.6%)
Pairs written (passing filters):    16,869,090 (99.3%)

Total basepairs processed: 5,098,281,000 bp
  Read 1: 2,549,140,500 bp
  Read 2: 2,549,140,500 bp
Quality-trimmed:              31,259,246 bp (0.6%)
  Read 1:     5,112,486 bp
  Read 2:    26,146,760 bp
Total written (filtered):  4,597,279,867 bp (90.2%)
  Read 1: 2,287,267,192 bp
  Read 2: 2,310,012,675 bp

=== First read: Adapter 1 ===

Sequence: AGATCGGAAGAGCACACGTCTGAACTCCAGTCAC; Type: regular 3'; Length: 34; Trimmed: 7716678 times

No. of allowed errors:
0-9 bp: 0; 10-19 bp: 1; 20-29 bp: 2; 30-34 bp: 3

Bases preceding removed adapters:
  A: 19.9%
  C: 33.4%
  G: 21.2%
  T: 25.4%
  none/other: 0.1%

Overview of removed sequences
length	count	expect	max.err	error counts
3	306227	265535.5	0	306227
4	149127	66383.9	0	149127
5	311248	16596.0	0	311248
8	100144	259.3	0	100144
9	200066	64.8	0	200066
10	638	16.2	1	0 638
11	274390	4.1	1	199655 74735
12	660	1.0	1	0 660
13	140786	0.3	1	102177 38609
14	144916	0.1	1	104902 40014
15	140939	0.0	1	102338 38601
16	148711	0.0	1	107190 41521
17	284082	0.0	1	206312 77770
18	1055	0.0	1	0 899 156
19	143410	0.0	1	103573 39331 506
20	141149	0.0	2	99581 39018 2550
21	285302	0.0	2	202552 77745 5005
22	1779	0.0	2	0 1146 633
23	144026	0.0	2	101958 39356 2712
24	147072	0.0	2	103078 40745 3249
25	148688	0.0	2	104423 40972 3293
26	148687	0.0	2	103853 41499 3335
27	147162	0.0	2	102620 40892 3650
28	147305	0.0	2	102613 40793 3807 92
29	280394	0.0	2	197376 77126 5714 178
30	2687	0.0	3	0 1397 866 424
31	141863	0.0	3	97944 39406 3346 1167
32	137491	0.0	3	94608 38496 3240 1147
33	138339	0.0	3	95392 38554 3287 1106
34	139341	0.0	3	95885 38871 3490 1095
35	138949	0.0	3	96086 38530 3281 1052
36	139154	0.0	3	95883 38709 3356 1206
37	136499	0.0	3	93859 38116 3455 1069
38	134754	0.0	3	92158 38098 3451 1047
39	254692	0.0	3	178508 69286 5151 1747
40	2768	0.0	3	227 1524 793 224
41	122982	0.0	3	85600 33737 2708 937
42	120551	0.0	3	83321 33610 2740 880
43	117761	0.0	3	81512 32792 2603 854
44	116560	0.0	3	80768 32441 2480 871
45	121960	0.0	3	84753 33547 2761 899
46	108418	0.0	3	74935 30186 2498 799
47	214424	0.0	3	150327 58777 3999 1321
48	2461	0.0	3	340 1296 625 200
49	98374	0.0	3	68352 27401 1998 623
50	96474	0.0	3	66687 27116 2029 642
51	173010	0.0	3	121899 47291 2822 998
52	3591	0.0	3	1258 1572 593 168
53	83275	0.0	3	57426 23511 1779 559
54	159147	0.0	3	111569 43761 2865 952
55	1956	0.0	3	335 1094 424 103
56	70412	0.0	3	49250 19554 1201 407
57	69886	0.0	3	49020 19200 1266 400
58	63441	0.0	3	44419 17616 1087 319
59	60064	0.0	3	41708 16875 1154 327
60	57574	0.0	3	39870 16270 1150 284
61	95514	0.0	3	67026 26592 1446 450
62	1329	0.0	3	295 675 281 78
63	44634	0.0	3	31080 12445 841 268
64	39637	0.0	3	27283 11356 795 203
65	70220	0.0	3	49557 19431 966 266
66	985	0.0	3	252 491 194 48
67	31187	0.0	3	21912 8604 508 163
68	29372	0.0	3	20411 8229 577 155
69	27685	0.0	3	19005 7966 588 126
70	66674	0.0	3	47577 18387 561 149
71	29374	0.0	3	20410 8372 463 129
72	19761	0.0	3	13464 5759 409 129
73	10521	0.0	3	7121 3078 236 86
74	9004	0.0	3	6080 2644 214 66
75	8010	0.0	3	5457 2318 171 64
76	7626	0.0	3	5256 2181 141 48
77	6668	0.0	3	4575 1945 113 35
78	5057	0.0	3	3494 1432 103 28
79	4449	0.0	3	3063 1275 92 19
80	3983	0.0	3	2739 1154 69 21
81	3149	0.0	3	2183 880 56 30
82	2801	0.0	3	1909 826 53 13
83	2372	0.0	3	1596 719 43 14
84	2057	0.0	3	1385 626 33 13
85	1788	0.0	3	1215 515 47 11
86	1572	0.0	3	1047 478 36 11
87	1533	0.0	3	1070 428 25 10
88	1235	0.0	3	842 365 21 7
89	1007	0.0	3	672 312 14 9
90	919	0.0	3	634 259 22 4
91	772	0.0	3	553 207 11 1
92	703	0.0	3	474 209 15 5
93	532	0.0	3	362 160 6 4
94	472	0.0	3	329 130 11 2
95	451	0.0	3	304 130 11 6
96	335	0.0	3	248 76 9 2
97	317	0.0	3	211 94 9 3
98	265	0.0	3	181 74 7 3
99	204	0.0	3	134 64 5 1
100	198	0.0	3	132 58 6 2
101	148	0.0	3	106 38 3 1
102	152	0.0	3	98 47 6 1
103	114	0.0	3	75 35 3 1
104	101	0.0	3	65 29 7
105	89	0.0	3	66 19 4
106	70	0.0	3	46 17 7
107	51	0.0	3	33 11 6 1
108	58	0.0	3	36 12 9 1
109	42	0.0	3	27 7 8
110	40	0.0	3	26 8 6
111	30	0.0	3	21 3 5 1
112	38	0.0	3	19 10 9
113	31	0.0	3	12 7 12
114	23	0.0	3	14 3 5 1
115	40	0.0	3	16 1 21 2
116	31	0.0	3	5 4 20 2
117	30	0.0	3	9 3 16 2
118	41	0.0	3	7 4 29 1
119	31	0.0	3	4 4 22 1
120	34	0.0	3	4 1 28 1
121	28	0.0	3	5 1 22
122	51	0.0	3	3 3 43 2
123	37	0.0	3	5 1 30 1
124	43	0.0	3	3 0 39 1
125	49	0.0	3	6 1 39 3
126	57	0.0	3	6 0 48 3
127	42	0.0	3	4 1 36 1
128	45	0.0	3	4 2 35 4
129	61	0.0	3	3 0 58
130	60	0.0	3	4 2 54
131	75	0.0	3	3 1 71
132	85	0.0	3	5 1 78 1
133	83	0.0	3	4 2 75 2
134	103	0.0	3	1 3 95 4
135	108	0.0	3	5 1 97 5
136	144	0.0	3	0 1 140 3
137	136	0.0	3	2 1 128 5
138	152	0.0	3	4 4 137 7
139	160	0.0	3	1 1 152 6
140	175	0.0	3	2 2 167 4
141	219	0.0	3	2 1 210 6
142	236	0.0	3	2 4 225 5
143	316	0.0	3	3 3 295 15
144	368	0.0	3	4 4 341 19
145	408	0.0	3	2 1 389 16
146	447	0.0	3	6 4 424 13
147	582	0.0	3	8 6 553 15
148	1053	0.0	3	0 3 1021 29
149	2720	0.0	3	1 8 2635 76
150	6248	0.0	3	1 26 6015 206


=== Second read: Adapter 2 ===

Sequence: AGATCGGAAGAGCGTCGTGTAGGGAAAGAGTGTA; Type: regular 3'; Length: 34; Trimmed: 7069721 times

No. of allowed errors:
0-9 bp: 0; 10-19 bp: 1; 20-29 bp: 2; 30-34 bp: 3

Bases preceding removed adapters:
  A: 17.5%
  C: 32.8%
  G: 33.9%
  T: 15.8%
  none/other: 0.0%

Overview of removed sequences
length	count	expect	max.err	error counts
3	460962	265535.5	0	460962
4	164730	66383.9	0	164730
5	290907	16596.0	0	290907
8	91975	259.3	0	91975
9	182772	64.8	0	182772
10	791	16.2	1	0 791
11	244836	4.1	1	183380 61456
12	754	1.0	1	0 754
13	263463	0.3	1	194610 68853
14	434	0.1	1	0 434
15	125165	0.0	1	93777 31388
16	261933	0.0	1	195003 66930
17	561	0.0	1	0 561
18	237765	0.0	1	179574 57829 362
19	917	0.0	1	0 604 313
20	128525	0.0	2	92438 32619 3468
21	507048	0.0	2	369034 126952 11062
22	2127	0.0	2	0 1276 851
23	587	0.0	2	0 236 351
24	797	0.0	2	0 511 286
25	131525	0.0	2	94686 33435 3404
26	132843	0.0	2	94811 34234 3798
27	258221	0.0	2	185973 65621 6627
28	2552	0.0	2	0 1598 828 126
29	251026	0.0	2	179423 64774 6757 72
30	2667	0.0	3	0 1645 738 284
31	244675	0.0	3	174371 61245 6025 3034
32	2673	0.0	3	0 1624 731 318
33	245962	0.0	3	173622 62924 6629 2787
34	2130	0.0	3	38 755 906 431
35	122135	0.0	3	24 86779 31702 3630
36	125046	0.0	3	26 87889 32871 4260
37	116161	0.0	3	20 82842 30032 3267
38	119337	0.0	3	37 84379 30960 3961
39	110951	0.0	3	19 79564 28306 3062
40	113482	0.0	3	21 79938 29871 3652
41	211773	0.0	3	54 151186 54554 5979
42	2604	0.0	3	0 342 1574 688
43	202672	0.0	3	56 145620 51505 5491
44	1904	0.0	3	0 315 1028 561
45	101092	0.0	3	29 72077 25982 3004
46	196995	0.0	3	52 142164 49444 5335
47	2184	0.0	3	0 503 1124 557
48	92605	0.0	3	20 66043 23945 2597
49	90266	0.0	3	20 64243 23268 2735
50	84236	0.0	3	24 59916 21757 2539
51	85801	0.0	3	12 60719 22253 2817
52	262821	0.0	3	62 194434 61052 7273
53	1580	0.0	3	1 316 824 439
54	1422	0.0	3	4 154 918 346
55	170185	0.0	3	31 120868 45625 3661
56	1007	0.0	3	3 226 524 254
57	529	0.0	3	1 76 287 165
58	55845	0.0	3	15 39128 15181 1521
59	89175	0.0	3	19 63687 23618 1851
60	729	0.0	3	2 115 395 217
61	42305	0.0	3	9 29777 11353 1166
62	75999	0.0	3	32 54187 19844 1936
63	546	0.0	3	2 53 344 147
64	28196	0.0	3	6 19830 7871 489
65	29954	0.0	3	28 21551 7723 652
66	29066	0.0	3	6 20722 7664 674
67	26720	0.0	3	5 19065 7045 605
68	26366	0.0	3	6 18994 6696 670
69	21942	0.0	3	9 15594 5835 504
70	19719	0.0	3	7 14179 5103 430
71	17612	0.0	3	5 12720 4492 395
72	15729	0.0	3	3 11154 4183 389
73	15272	0.0	3	5 11188 3727 352
74	16294	0.0	3	3 12332 3661 298
75	20676	0.0	3	2 16614 3687 373
76	14365	0.0	3	1 10829 3174 361
77	7478	0.0	3	0 4971 2277 230
78	6020	0.0	3	1 3976 1872 171
79	5257	0.0	3	5 3385 1721 146
80	5025	0.0	3	1 3268 1637 119
81	4041	0.0	3	0 2599 1336 106
82	3359	0.0	3	1 2214 1079 65
83	2844	0.0	3	1 1894 872 77
84	2498	0.0	3	0 1638 809 51
85	2263	0.0	3	0 1535 671 57
86	1837	0.0	3	0 1197 591 49
87	1647	0.0	3	1 1090 529 27
88	1362	0.0	3	0 901 424 37
89	1173	0.0	3	0 728 418 27
90	974	0.0	3	0 612 344 18
91	775	0.0	3	0 497 264 14
92	702	0.0	3	0 449 232 21
93	574	0.0	3	0 334 228 12
94	524	0.0	3	0 329 177 18
95	414	0.0	3	0 270 132 12
96	342	0.0	3	0 220 113 9
97	319	0.0	3	0 202 104 13
98	264	0.0	3	0 165 90 9
99	211	0.0	3	1 123 76 11
100	193	0.0	3	0 114 72 7
101	161	0.0	3	0 99 53 9
102	148	0.0	3	0 83 61 4
103	132	0.0	3	0 82 48 2
104	94	0.0	3	0 54 37 3
105	79	0.0	3	0 58 18 3
106	79	0.0	3	0 50 23 6
107	57	0.0	3	0 41 14 2
108	52	0.0	3	0 33 16 3
109	52	0.0	3	0 26 23 3
110	42	0.0	3	0 21 19 2
111	35	0.0	3	0 21 11 3
112	48	0.0	3	0 23 19 6
113	29	0.0	3	0 15 11 3
114	26	0.0	3	0 16 7 3
115	21	0.0	3	0 10 9 2
116	14	0.0	3	0 8 4 2
117	25	0.0	3	0 10 8 7
118	22	0.0	3	0 10 7 5
119	12	0.0	3	0 2 5 5
120	16	0.0	3	0 7 6 3
121	15	0.0	3	0 8 4 3
122	6	0.0	3	0 1 4 1
123	13	0.0	3	0 6 2 5
124	15	0.0	3	0 2 2 11
125	23	0.0	3	0 5 3 15
126	16	0.0	3	0 4 1 11
127	28	0.0	3	0 3 2 23
128	46	0.0	3	0 3 4 39
129	37	0.0	3	0 1 0 36
130	38	0.0	3	0 5 1 32
131	57	0.0	3	0 4 2 51
132	80	0.0	3	0 6 3 71
133	77	0.0	3	0 2 3 72
134	83	0.0	3	0 4 3 76
135	87	0.0	3	0 3 2 82
136	106	0.0	3	0 3 2 101
137	110	0.0	3	0 3 1 106
138	131	0.0	3	0 4 3 124
139	128	0.0	3	0 1 1 126
140	189	0.0	3	0 0 1 188
141	204	0.0	3	0 2 5 197
142	195	0.0	3	0 2 5 188
143	244	0.0	3	0 2 3 239
144	327	0.0	3	0 5 2 320
145	345	0.0	3	0 1 2 342
146	411	0.0	3	0 2 8 401
147	529	0.0	3	0 2 8 519
148	862	0.0	3	0 2 4 856
149	2267	0.0	3	0 1 10 2256
150	7191	0.0	3	0 1 32 7158
