This is cutadapt 2.9 with Python 3.5.2
Command line parameters: --nextseq-trim 10 --minimum-length 25 --cores 4 -a AGATCGGAAGAGCACACGTCTGAACTCCAGTCAC -A AGATCGGAAGAGCGTCGTGTAGGGAAAGAGTGTA -o Pacuta_HTAC_TP7_1728_R1_TrimmingRound1.fastq.gz -p Pacuta_HTAC_TP7_1728_R2_TrimmingRound1.fastq.gz Pacuta_HTAC_TP7_1728_R1.fastq.gz Pacuta_HTAC_TP7_1728_R2.fastq.gz
Processing reads on 4 cores in paired-end mode ...
Finished in 699.42 s (36 us/read; 1.66 M reads/minute).

=== Summary ===

Total read pairs processed:         19,306,548
  Read 1 with adapter:               4,734,464 (24.5%)
  Read 2 with adapter:               4,767,789 (24.7%)
Pairs written (passing filters):    19,252,427 (99.7%)

Total basepairs processed: 5,791,964,400 bp
  Read 1: 2,895,982,200 bp
  Read 2: 2,895,982,200 bp
Quality-trimmed:              11,835,466 bp (0.2%)
  Read 1:     4,953,729 bp
  Read 2:     6,881,737 bp
Total written (filtered):  5,539,855,485 bp (95.6%)
  Read 1: 2,768,421,708 bp
  Read 2: 2,771,433,777 bp

=== First read: Adapter 1 ===

Sequence: AGATCGGAAGAGCACACGTCTGAACTCCAGTCAC; Type: regular 3'; Length: 34; Trimmed: 4734464 times

No. of allowed errors:
0-9 bp: 0; 10-19 bp: 1; 20-29 bp: 2; 30-34 bp: 3

Bases preceding removed adapters:
  A: 16.5%
  C: 28.3%
  G: 35.3%
  T: 19.8%
  none/other: 0.1%

Overview of removed sequences
length	count	expect	max.err	error counts
3	449811	301664.8	0	449811
4	189274	75416.2	0	189274
5	331565	18854.1	0	331565
8	102965	294.6	0	102965
9	200511	73.6	0	200511
10	452	18.4	1	0 452
11	211934	4.6	1	193770 18164
12	430	1.2	1	0 430
13	104494	0.3	1	95118 9376
14	102481	0.1	1	93146 9335
15	99910	0.0	1	90580 9330
16	99558	0.0	1	90150 9408
17	189630	0.0	1	171336 18294
18	639	0.0	1	0 597 42
19	92948	0.0	1	83808 8855 285
20	92948	0.0	2	82219 9745 984
21	180447	0.0	2	160702 17873 1872
22	1111	0.0	2	0 934 177
23	89636	0.0	2	79521 8990 1125
24	87325	0.0	2	76869 9357 1099
25	84626	0.0	2	74361 9089 1176
26	81612	0.0	2	71616 8894 1102
27	78673	0.0	2	69021 8500 1152
28	78414	0.0	2	68168 9063 1133 50
29	148633	0.0	2	131364 15178 1884 207
30	1281	0.0	3	0 868 205 208
31	73184	0.0	3	63798 7985 1068 333
32	71819	0.0	3	62162 8191 1094 372
33	70223	0.0	3	60909 7899 1064 351
34	68636	0.0	3	59372 7836 1057 371
35	66065	0.0	3	57351 7379 1025 310
36	63533	0.0	3	54937 7380 951 265
37	61050	0.0	3	52671 7119 936 324
38	59327	0.0	3	51221 6883 920 303
39	57763	0.0	3	50154 6463 880 266
40	56084	0.0	3	48328 6682 804 270
41	104542	0.0	3	92153 10694 1279 416
42	1040	0.0	3	139 727 132 42
43	50890	0.0	3	44462 5541 682 205
44	49278	0.0	3	42984 5415 656 223
45	48867	0.0	3	42387 5560 710 210
46	44881	0.0	3	39125 5066 529 161
47	83099	0.0	3	73703 8223 932 241
48	835	0.0	3	97 594 107 37
49	38695	0.0	3	33934 4064 547 150
50	37230	0.0	3	32393 4209 468 160
51	67083	0.0	3	59457 6693 694 239
52	760	0.0	3	133 487 114 26
53	32210	0.0	3	28073 3626 402 109
54	59034	0.0	3	52451 5781 620 182
55	616	0.0	3	91 408 91 26
56	27048	0.0	3	23817 2848 285 98
57	25083	0.0	3	21946 2725 317 95
58	23269	0.0	3	20393 2513 283 80
59	21317	0.0	3	18674 2311 266 66
60	19846	0.0	3	17351 2166 250 79
61	34840	0.0	3	30849 3537 345 109
62	361	0.0	3	52 236 54 19
63	15517	0.0	3	13585 1678 211 43
64	14905	0.0	3	12967 1731 155 52
65	25470	0.0	3	22538 2653 223 56
66	215	0.0	3	31 144 30 10
67	11069	0.0	3	9666 1224 137 42
68	10040	0.0	3	8803 1092 124 21
69	8824	0.0	3	7741 957 106 20
70	7984	0.0	3	7002 860 94 28
71	7313	0.0	3	6412 803 75 23
72	8101	0.0	3	7180 815 87 19
73	5489	0.0	3	4809 610 53 17
74	5508	0.0	3	4875 551 68 14
75	4622	0.0	3	4062 503 48 9
76	4265	0.0	3	3725 484 49 7
77	3901	0.0	3	3406 429 57 9
78	3242	0.0	3	2800 381 51 10
79	2892	0.0	3	2544 305 34 9
80	2468	0.0	3	2194 239 28 7
81	2253	0.0	3	1973 262 17 1
82	2024	0.0	3	1793 202 24 5
83	1675	0.0	3	1460 185 25 5
84	1489	0.0	3	1310 165 10 4
85	1335	0.0	3	1168 140 19 8
86	1272	0.0	3	1116 132 17 7
87	1098	0.0	3	966 115 11 6
88	1040	0.0	3	922 103 11 4
89	860	0.0	3	747 96 12 5
90	835	0.0	3	733 84 14 4
91	718	0.0	3	638 72 4 4
92	605	0.0	3	533 58 14
93	423	0.0	3	372 44 6 1
94	418	0.0	3	366 46 5 1
95	377	0.0	3	327 44 2 4
96	301	0.0	3	271 22 7 1
97	309	0.0	3	277 31 1
98	311	0.0	3	266 39 4 2
99	268	0.0	3	233 27 7 1
100	223	0.0	3	182 36 4 1
101	182	0.0	3	162 13 2 5
102	144	0.0	3	123 18 3
103	116	0.0	3	99 14 2 1
104	95	0.0	3	85 10
105	86	0.0	3	77 9
106	81	0.0	3	69 10 2
107	75	0.0	3	60 11 4
108	64	0.0	3	52 5 3 4
109	54	0.0	3	50 1 3
110	40	0.0	3	34 3 2 1
111	47	0.0	3	38 5 1 3
112	47	0.0	3	41 5 1
113	26	0.0	3	21 2 3
114	14	0.0	3	13 1
115	29	0.0	3	22 4 3
116	20	0.0	3	15 2 3
117	9	0.0	3	8 0 1
118	15	0.0	3	10 2 2 1
119	15	0.0	3	10 0 4 1
120	11	0.0	3	5 0 5 1
121	13	0.0	3	4 0 9
122	7	0.0	3	1 2 4
123	9	0.0	3	3 0 5 1
124	14	0.0	3	3 2 9
125	12	0.0	3	1 2 9
126	9	0.0	3	2 1 6
127	11	0.0	3	2 0 7 2
128	14	0.0	3	6 0 7 1
129	13	0.0	3	5 0 8
130	17	0.0	3	6 1 10
131	18	0.0	3	4 1 13
132	16	0.0	3	2 0 13 1
133	19	0.0	3	3 0 16
134	28	0.0	3	2 0 25 1
135	31	0.0	3	5 0 24 2
136	30	0.0	3	1 0 25 4
137	31	0.0	3	3 3 25
138	43	0.0	3	2 1 39 1
139	60	0.0	3	1 3 55 1
140	76	0.0	3	4 0 70 2
141	93	0.0	3	3 0 85 5
142	113	0.0	3	2 1 106 4
143	185	0.0	3	1 1 176 7
144	332	0.0	3	1 3 314 14
145	294	0.0	3	5 4 277 8
146	628	0.0	3	0 4 594 30
147	1630	0.0	3	4 8 1568 50
148	4485	0.0	3	1 29 4274 181
149	13445	0.0	3	2 92 12856 495
150	32143	0.0	3	2 236 30676 1229


=== Second read: Adapter 2 ===

Sequence: AGATCGGAAGAGCGTCGTGTAGGGAAAGAGTGTA; Type: regular 3'; Length: 34; Trimmed: 4767789 times

No. of allowed errors:
0-9 bp: 0; 10-19 bp: 1; 20-29 bp: 2; 30-34 bp: 3

Bases preceding removed adapters:
  A: 14.2%
  C: 24.8%
  G: 50.3%
  T: 10.6%
  none/other: 0.1%

Overview of removed sequences
length	count	expect	max.err	error counts
3	632662	301664.8	0	632662
4	216107	75416.2	0	216107
5	314354	18854.1	0	314354
8	95516	294.6	0	95516
9	185264	73.6	0	185264
10	1132	18.4	1	0 1132
11	205497	4.6	1	178684 26813
12	744	1.2	1	0 744
13	201989	0.3	1	174196 27793
14	570	0.1	1	0 570
15	95169	0.0	1	81977 13192
16	189515	0.0	1	162258 27257
17	649	0.0	1	0 649
18	174873	0.0	1	150536 23792 545
19	918	0.0	1	0 576 342
20	90338	0.0	2	73902 13681 2755
21	341660	0.0	2	284441 48343 8876
22	1747	0.0	2	0 1123 624
23	1014	0.0	2	0 378 636
24	767	0.0	2	0 497 270
25	80986	0.0	2	66424 12059 2503
26	79056	0.0	2	63942 12406 2708
27	149153	0.0	2	122093 21963 5097
28	1504	0.0	2	0 1054 364 86
29	144065	0.0	2	117640 21575 4795 55
30	1726	0.0	3	0 1211 335 180
31	137491	0.0	3	111807 19246 4095 2343
32	1214	0.0	3	0 782 236 196
33	67489	0.0	3	53696 9974 2549 1270
34	65248	0.0	3	13 52748 10166 2321
35	63462	0.0	3	47 50694 9713 3008
36	117466	0.0	3	73 293 96115 20985
37	1380	0.0	3	3 10 212 1155
38	110020	0.0	3	42 386 89776 19816
39	1099	0.0	3	7 12 197 883
40	53455	0.0	3	24 196 43099 10136
41	100687	0.0	3	23 307 81995 18362
42	1158	0.0	3	0 1 174 983
43	93886	0.0	3	31 264 77225 16366
44	934	0.0	3	0 4 195 735
45	45353	0.0	3	20 148 36713 8472
46	84103	0.0	3	27 239 69119 14718
47	813	0.0	3	1 3 167 642
48	39022	0.0	3	11 114 31764 7133
49	37106	0.0	3	4 89 30334 6679
50	35355	0.0	3	36 98 28734 6487
51	33562	0.0	3	6 122 27130 6304
52	91728	0.0	3	28 306 75334 16060
53	731	0.0	3	3 4 224 500
54	778	0.0	3	0 2 183 593
55	76200	0.0	3	51 209 63315 12625
56	584	0.0	3	1 6 175 402
57	319	0.0	3	0 4 74 241
58	22223	0.0	3	15 74 18198 3936
59	38668	0.0	3	13 132 32178 6345
60	376	0.0	3	0 0 83 293
61	17643	0.0	3	1 51 14547 3044
62	31343	0.0	3	14 89 25840 5400
63	283	0.0	3	0 1 62 220
64	13806	0.0	3	12 41 11441 2312
65	13010	0.0	3	1 35 10665 2309
66	11813	0.0	3	14 41 9770 1988
67	10754	0.0	3	9 36 8866 1843
68	9699	0.0	3	5 39 7984 1671
69	8508	0.0	3	2 27 7006 1473
70	7686	0.0	3	9 22 6245 1410
71	7006	0.0	3	2 14 5803 1187
72	6216	0.0	3	1 20 5162 1033
73	5575	0.0	3	8 17 4560 990
74	5275	0.0	3	0 15 4365 895
75	4584	0.0	3	0 10 3766 808
76	5217	0.0	3	0 6 4299 912
77	3910	0.0	3	1 16 3252 641
78	3146	0.0	3	2 10 2578 556
79	2793	0.0	3	1 13 2310 469
80	2750	0.0	3	0 12 2315 423
81	2000	0.0	3	1 3 1647 349
82	1927	0.0	3	0 5 1604 318
83	1676	0.0	3	1 1 1376 298
84	1483	0.0	3	0 2 1234 247
85	1385	0.0	3	1 3 1140 241
86	1309	0.0	3	0 4 1078 227
87	1082	0.0	3	2 5 890 185
88	925	0.0	3	0 3 772 150
89	909	0.0	3	0 4 737 168
90	829	0.0	3	1 2 688 138
91	624	0.0	3	1 4 510 109
92	564	0.0	3	0 2 461 101
93	462	0.0	3	0 0 395 67
94	385	0.0	3	0 2 314 69
95	373	0.0	3	0 1 319 53
96	352	0.0	3	1 1 288 62
97	305	0.0	3	0 0 239 66
98	294	0.0	3	0 1 239 54
99	260	0.0	3	0 3 208 49
100	239	0.0	3	1 0 197 41
101	165	0.0	3	1 1 138 25
102	162	0.0	3	0 0 130 32
103	125	0.0	3	0 0 106 19
104	107	0.0	3	0 0 93 14
105	84	0.0	3	0 1 55 28
106	94	0.0	3	0 0 80 14
107	83	0.0	3	0 0 65 18
108	66	0.0	3	0 0 48 18
109	63	0.0	3	0 0 48 15
110	57	0.0	3	0 1 42 14
111	63	0.0	3	0 0 49 14
112	55	0.0	3	0 0 43 12
113	32	0.0	3	0 0 18 14
114	31	0.0	3	0 0 16 15
115	39	0.0	3	0 0 25 14
116	27	0.0	3	0 0 15 12
117	27	0.0	3	0 0 14 13
118	23	0.0	3	0 1 8 14
119	18	0.0	3	0 0 12 6
120	17	0.0	3	0 0 5 12
121	22	0.0	3	0 0 4 18
122	19	0.0	3	0 1 9 9
123	13	0.0	3	0 0 2 11
124	15	0.0	3	0 0 8 7
125	20	0.0	3	0 0 3 17
126	16	0.0	3	0 0 5 11
127	10	0.0	3	0 1 3 6
128	19	0.0	3	0 0 4 15
129	15	0.0	3	0 0 5 10
130	24	0.0	3	0 0 8 16
131	24	0.0	3	0 0 6 18
132	33	0.0	3	0 0 0 33
133	27	0.0	3	0 0 2 25
134	26	0.0	3	0 0 5 21
135	24	0.0	3	0 0 3 21
136	37	0.0	3	0 0 2 35
137	35	0.0	3	0 0 0 35
138	43	0.0	3	0 0 2 41
139	51	0.0	3	0 0 1 50
140	90	0.0	3	0 0 4 86
141	112	0.0	3	0 0 1 111
142	148	0.0	3	0 0 2 146
143	228	0.0	3	0 0 2 226
144	308	0.0	3	0 0 2 306
145	317	0.0	3	0 0 2 315
146	517	0.0	3	0 0 2 515
147	1196	0.0	3	0 0 3 1193
148	3150	0.0	3	0 1 0 3149
149	11291	0.0	3	0 0 1 11290
150	31336	0.0	3	0 1 4 31331
