This is cutadapt 2.9 with Python 3.5.2
Command line parameters: --nextseq-trim 10 --minimum-length 25 --cores 4 -a AGATCGGAAGAGCACACGTCTGAACTCCAGTCAC -A AGATCGGAAGAGCGTCGTGTAGGGAAAGAGTGTA -o Pacuta_HTHC_TP9_2305_R1_TrimmingRound1.fastq.gz -p Pacuta_HTHC_TP9_2305_R2_TrimmingRound1.fastq.gz Pacuta_HTHC_TP9_2305_R1.fastq.gz Pacuta_HTHC_TP9_2305_R2.fastq.gz
Processing reads on 4 cores in paired-end mode ...
Finished in 571.12 s (34 us/read; 1.74 M reads/minute).

=== Summary ===

Total read pairs processed:         16,596,950
  Read 1 with adapter:               9,343,810 (56.3%)
  Read 2 with adapter:               8,602,980 (51.8%)
Pairs written (passing filters):    16,474,480 (99.3%)

Total basepairs processed: 4,979,085,000 bp
  Read 1: 2,489,542,500 bp
  Read 2: 2,489,542,500 bp
Quality-trimmed:              39,534,546 bp (0.8%)
  Read 1:     5,448,789 bp
  Read 2:    34,085,757 bp
Total written (filtered):  4,344,236,339 bp (87.2%)
  Read 1: 2,159,089,214 bp
  Read 2: 2,185,147,125 bp

=== First read: Adapter 1 ===

Sequence: AGATCGGAAGAGCACACGTCTGAACTCCAGTCAC; Type: regular 3'; Length: 34; Trimmed: 9343810 times

No. of allowed errors:
0-9 bp: 0; 10-19 bp: 1; 20-29 bp: 2; 30-34 bp: 3

Bases preceding removed adapters:
  A: 19.3%
  C: 39.6%
  G: 17.3%
  T: 23.8%
  none/other: 0.0%

Overview of removed sequences
length	count	expect	max.err	error counts
3	258148	259327.3	0	258148
4	143888	64831.8	0	143888
5	340515	16208.0	0	340515
8	110541	253.2	0	110541
9	216721	63.3	0	216721
10	548	15.8	1	0 548
11	288254	4.0	1	215912 72342
12	607	1.0	1	0 607
13	150579	0.2	1	112820 37759
14	159479	0.1	1	119387 40092
15	159044	0.0	1	119133 39911
16	171038	0.0	1	126911 44127
17	324239	0.0	1	242836 81403
18	1182	0.0	1	0 1036 146
19	162556	0.0	1	120331 41723 502
20	159284	0.0	2	114969 41259 3056
21	318713	0.0	2	232763 80272 5678
22	1819	0.0	2	0 1220 599
23	164147	0.0	2	119006 41986 3155
24	171718	0.0	2	123362 44693 3663
25	175524	0.0	2	126735 44978 3811
26	178146	0.0	2	128709 45439 3998
27	179666	0.0	2	129149 46167 4350
28	179270	0.0	2	127828 46820 4514 108
29	338406	0.0	2	244765 86541 6801 299
30	3011	0.0	3	0 1684 914 413
31	172366	0.0	3	121086 45336 4264 1680
32	163574	0.0	3	116459 42003 3793 1319
33	169103	0.0	3	118594 44893 4291 1325
34	339624	0.0	3	243156 86877 7051 2540
35	3259	0.0	3	251 1932 816 260
36	175872	0.0	3	125842 44879 3757 1394
37	175989	0.0	3	124583 45843 4074 1489
38	172877	0.0	3	122616 44828 4077 1356
39	171621	0.0	3	120928 45372 3987 1334
40	316282	0.0	3	225907 81828 6295 2252
41	3248	0.0	3	305 1921 804 218
42	152599	0.0	3	108434 39742 3205 1218
43	150143	0.0	3	106222 39346 3399 1176
44	149007	0.0	3	106012 38569 3247 1179
45	163287	0.0	3	115719 42764 3602 1202
46	140193	0.0	3	99346 36742 3125 980
47	291608	0.0	3	209454 75088 5209 1857
48	3087	0.0	3	349 1774 766 198
49	137111	0.0	3	97360 36063 2792 896
50	131232	0.0	3	92722 34964 2731 815
51	235212	0.0	3	168914 61163 3776 1359
52	3949	0.0	3	1076 1812 867 194
53	111491	0.0	3	78729 29807 2238 717
54	218502	0.0	3	156461 56545 4094 1402
55	2273	0.0	3	285 1282 568 138
56	100260	0.0	3	72452 25577 1643 588
57	99113	0.0	3	70835 25981 1766 531
58	91170	0.0	3	65332 23776 1541 521
59	85984	0.0	3	61034 22847 1629 474
60	81978	0.0	3	58021 21920 1577 460
61	134872	0.0	3	96250 35948 2011 663
62	1643	0.0	3	370 811 350 112
63	62871	0.0	3	44700 16708 1124 339
64	57041	0.0	3	40187 15482 1085 287
65	100668	0.0	3	72332 26534 1378 424
66	1354	0.0	3	305 704 271 74
67	45968	0.0	3	32829 12157 733 249
68	43452	0.0	3	30848 11571 793 240
69	42541	0.0	3	30061 11456 829 195
70	95309	0.0	3	68998 25245 824 242
71	39262	0.0	3	27644 10779 664 175
72	27460	0.0	3	19227 7518 546 169
73	15334	0.0	3	10542 4336 335 121
74	13087	0.0	3	9115 3617 270 85
75	12619	0.0	3	8749 3555 222 93
76	10815	0.0	3	7592 2967 188 68
77	9993	0.0	3	7011 2744 168 70
78	7773	0.0	3	5413 2173 147 40
79	6935	0.0	3	4828 1949 120 38
80	5581	0.0	3	4004 1461 81 35
81	5048	0.0	3	3512 1418 92 26
82	3884	0.0	3	2742 1057 62 23
83	3249	0.0	3	2268 884 71 26
84	2906	0.0	3	2062 781 49 14
85	2400	0.0	3	1637 706 45 12
86	2155	0.0	3	1476 617 46 16
87	1960	0.0	3	1374 546 26 14
88	1814	0.0	3	1267 502 26 19
89	1370	0.0	3	950 384 24 12
90	1178	0.0	3	789 348 33 8
91	1092	0.0	3	762 308 19 3
92	926	0.0	3	651 248 24 3
93	680	0.0	3	485 179 12 4
94	621	0.0	3	411 195 12 3
95	513	0.0	3	350 151 12
96	409	0.0	3	277 125 4 3
97	347	0.0	3	230 113 2 2
98	298	0.0	3	204 89 4 1
99	283	0.0	3	188 88 5 2
100	238	0.0	3	158 74 4 2
101	200	0.0	3	130 65 5
102	172	0.0	3	119 50 2 1
103	116	0.0	3	88 25 3
104	98	0.0	3	55 39 3 1
105	84	0.0	3	56 27 0 1
106	75	0.0	3	48 19 8
107	50	0.0	3	29 15 6
108	60	0.0	3	39 15 6
109	45	0.0	3	21 16 8
110	25	0.0	3	15 6 4
111	41	0.0	3	24 11 6
112	36	0.0	3	21 7 8
113	35	0.0	3	18 8 8 1
114	21	0.0	3	7 4 10
115	28	0.0	3	10 4 14
116	23	0.0	3	11 0 11 1
117	25	0.0	3	2 1 22
118	18	0.0	3	6 2 10
119	21	0.0	3	4 0 17
120	19	0.0	3	5 2 12
121	29	0.0	3	6 1 21 1
122	26	0.0	3	3 4 19
123	26	0.0	3	7 0 19
124	26	0.0	3	3 3 19 1
125	30	0.0	3	1 3 24 2
126	19	0.0	3	2 0 16 1
127	35	0.0	3	4 3 28
128	34	0.0	3	3 2 28 1
129	41	0.0	3	2 3 35 1
130	39	0.0	3	5 2 31 1
131	42	0.0	3	3 2 37
132	53	0.0	3	0 1 52
133	45	0.0	3	3 2 40
134	51	0.0	3	1 0 47 3
135	74	0.0	3	5 2 65 2
136	72	0.0	3	4 1 65 2
137	81	0.0	3	4 1 74 2
138	91	0.0	3	3 2 85 1
139	86	0.0	3	1 2 82 1
140	97	0.0	3	1 1 93 2
141	86	0.0	3	1 3 81 1
142	131	0.0	3	0 1 128 2
143	161	0.0	3	1 2 154 4
144	218	0.0	3	1 3 206 8
145	185	0.0	3	2 1 180 2
146	253	0.0	3	2 7 238 6
147	269	0.0	3	3 6 253 7
148	568	0.0	3	0 11 540 17
149	1432	0.0	3	2 14 1378 38
150	3312	0.0	3	1 42 3160 109


=== Second read: Adapter 2 ===

Sequence: AGATCGGAAGAGCGTCGTGTAGGGAAAGAGTGTA; Type: regular 3'; Length: 34; Trimmed: 8602980 times

No. of allowed errors:
0-9 bp: 0; 10-19 bp: 1; 20-29 bp: 2; 30-34 bp: 3

Bases preceding removed adapters:
  A: 17.6%
  C: 39.4%
  G: 26.9%
  T: 16.2%
  none/other: 0.0%

Overview of removed sequences
length	count	expect	max.err	error counts
3	395198	259327.3	0	395198
4	159381	64831.8	0	159381
5	328540	16208.0	0	328540
8	104832	253.2	0	104832
9	205304	63.3	0	205304
10	834	15.8	1	0 834
11	260662	4.0	1	204718 55944
12	671	1.0	1	0 671
13	290850	0.2	1	226027 64823
14	445	0.1	1	0 445
15	143665	0.0	1	113204 30461
16	306847	0.0	1	239889 66958
17	626	0.0	1	0 626
18	271684	0.0	1	215152 56110 422
19	976	0.0	1	0 659 317
20	145816	0.0	2	109650 32488 3678
21	582885	0.0	2	442238 128018 12629
22	2100	0.0	2	0 1344 756
23	675	0.0	2	0 281 394
24	862	0.0	2	0 579 283
25	156036	0.0	2	117040 35077 3919
26	161019	0.0	2	118779 37500 4740
27	317276	0.0	2	236590 71985 8701
28	2646	0.0	2	0 1732 780 134
29	308186	0.0	2	226131 72553 9345 157
30	2933	0.0	3	0 1929 751 253
31	294495	0.0	3	215901 66720 7819 4055
32	2466	0.0	3	0 1386 791 289
33	151253	0.0	3	107902 36420 5075 1856
34	475742	0.0	3	343821 110708 15222 5991
35	2928	0.0	3	482 1326 734 386
36	1723	0.0	3	154 869 426 274
37	157194	0.0	3	113351 36517 5177 2149
38	162581	0.0	3	114049 40152 5798 2582
39	755707	0.0	3	570596 156398 20246 8467
40	5356	0.0	3	1294 2299 1060 703
41	1246	0.0	3	327 293 397 229
42	2691	0.0	3	368 1642 528 153
43	289019	0.0	3	216054 62868 7064 3033
44	2620	0.0	3	331 1551 550 188
45	137275	0.0	3	101629 30889 3437 1320
46	272229	0.0	3	201864 60507 6989 2869
47	4598	0.0	3	1907 1658 740 293
48	118533	0.0	3	84045 29269 3657 1562
49	162221	0.0	3	124435 31875 4116 1795
50	95901	0.0	3	65318 25672 3388 1523
51	148377	0.0	3	112943 29757 3890 1787
52	274073	0.0	3	193668 67937 8527 3941
53	1894	0.0	3	366 827 441 260
54	2124	0.0	3	430 1121 450 123
55	194059	0.0	3	133230 53722 5108 1999
56	1161	0.0	3	286 527 240 108
57	801	0.0	3	152 387 202 60
58	67739	0.0	3	46518 18418 1985 818
59	104643	0.0	3	71384 29530 2641 1088
60	1116	0.0	3	182 572 278 84
61	49150	0.0	3	32950 14042 1552 606
62	90373	0.0	3	62712 24176 2370 1115
63	688	0.0	3	122 361 154 51
64	34259	0.0	3	23425 9700 842 292
65	34663	0.0	3	23748 9700 831 384
66	37556	0.0	3	26431 9850 913 362
67	31683	0.0	3	21735 8769 834 345
68	32387	0.0	3	22971 8216 860 340
69	29033	0.0	3	20401 7564 757 311
70	27217	0.0	3	19489 6773 677 278
71	22263	0.0	3	15455 5986 570 252
72	20402	0.0	3	14343 5319 502 238
73	18733	0.0	3	13445 4637 449 202
74	17053	0.0	3	12268 4252 384 149
75	17482	0.0	3	13036 3860 405 181
76	17974	0.0	3	13297 4095 389 193
77	11147	0.0	3	7675 3070 258 144
78	9072	0.0	3	6124 2603 234 111
79	7798	0.0	3	5263 2229 218 88
80	7448	0.0	3	4985 2213 185 65
81	5551	0.0	3	3753 1609 128 61
82	4656	0.0	3	3090 1401 116 49
83	3960	0.0	3	2725 1122 72 41
84	3463	0.0	3	2360 999 79 25
85	3071	0.0	3	2070 894 83 24
86	2526	0.0	3	1684 753 62 27
87	2139	0.0	3	1420 649 39 31
88	1819	0.0	3	1173 593 36 17
89	1498	0.0	3	980 472 26 20
90	1252	0.0	3	825 374 44 9
91	999	0.0	3	670 302 21 6
92	833	0.0	3	526 280 17 10
93	719	0.0	3	451 250 15 3
94	555	0.0	3	341 180 22 12
95	514	0.0	3	316 176 14 8
96	414	0.0	3	258 136 12 8
97	329	0.0	3	213 106 7 3
98	303	0.0	3	184 106 10 3
99	255	0.0	3	154 90 7 4
100	216	0.0	3	147 62 5 2
101	182	0.0	3	113 62 4 3
102	152	0.0	3	95 51 4 2
103	123	0.0	3	77 44 0 2
104	106	0.0	3	60 39 5 2
105	87	0.0	3	55 22 4 6
106	68	0.0	3	39 23 2 4
107	61	0.0	3	34 22 4 1
108	63	0.0	3	44 14 3 2
109	45	0.0	3	24 18 2 1
110	34	0.0	3	20 11 3
111	29	0.0	3	22 5 2
112	41	0.0	3	26 10 4 1
113	32	0.0	3	21 7 2 2
114	16	0.0	3	9 3 3 1
115	17	0.0	3	8 8 1
116	19	0.0	3	9 6 1 3
117	7	0.0	3	4 2 1
118	16	0.0	3	7 3 5 1
119	10	0.0	3	4 2 2 2
120	10	0.0	3	6 2 1 1
121	17	0.0	3	11 3 1 2
122	15	0.0	3	3 2 9 1
123	8	0.0	3	4 0 3 1
124	15	0.0	3	6 2 5 2
125	9	0.0	3	1 1 6 1
126	10	0.0	3	2 1 6 1
127	15	0.0	3	2 5 8
128	19	0.0	3	2 5 12
129	28	0.0	3	4 4 19 1
130	38	0.0	3	6 3 28 1
131	39	0.0	3	4 3 31 1
132	43	0.0	3	3 0 36 4
133	44	0.0	3	2 1 38 3
134	56	0.0	3	1 1 54
135	61	0.0	3	3 1 56 1
136	50	0.0	3	1 1 46 2
137	81	0.0	3	5 4 67 5
138	81	0.0	3	0 3 74 4
139	98	0.0	3	2 0 91 5
140	84	0.0	3	3 3 74 4
141	109	0.0	3	0 0 102 7
142	105	0.0	3	0 0 96 9
143	145	0.0	3	0 1 134 10
144	178	0.0	3	2 2 158 16
145	231	0.0	3	2 7 203 19
146	227	0.0	3	0 6 210 11
147	322	0.0	3	0 7 301 14
148	496	0.0	3	0 10 463 23
149	1236	0.0	3	0 20 1151 65
150	3835	0.0	3	4 36 3590 205
