This is cutadapt 2.9 with Python 3.5.2
Command line parameters: --nextseq-trim 10 --minimum-length 25 --cores 4 -a AGATCGGAAGAGCACACGTCTGAACTCCAGTCAC -A AGATCGGAAGAGCGTCGTGTAGGGAAAGAGTGTA -o Pacuta_ATHC_TP7_2878_R1_TrimmingRound1.fastq.gz -p Pacuta_ATHC_TP7_2878_R2_TrimmingRound1.fastq.gz Pacuta_ATHC_TP7_2878_R1.fastq.gz Pacuta_ATHC_TP7_2878_R2.fastq.gz
Processing reads on 4 cores in paired-end mode ...
Finished in 805.84 s (37 us/read; 1.63 M reads/minute).

=== Summary ===

Total read pairs processed:         21,917,286
  Read 1 with adapter:               8,994,019 (41.0%)
  Read 2 with adapter:               8,767,330 (40.0%)
Pairs written (passing filters):    21,804,685 (99.5%)

Total basepairs processed: 6,575,185,800 bp
  Read 1: 3,287,592,900 bp
  Read 2: 3,287,592,900 bp
Quality-trimmed:              14,059,773 bp (0.2%)
  Read 1:     5,495,314 bp
  Read 2:     8,564,459 bp
Total written (filtered):  6,009,177,279 bp (91.4%)
  Read 1: 2,998,900,688 bp
  Read 2: 3,010,276,591 bp

=== First read: Adapter 1 ===

Sequence: AGATCGGAAGAGCACACGTCTGAACTCCAGTCAC; Type: regular 3'; Length: 34; Trimmed: 8994019 times

No. of allowed errors:
0-9 bp: 0; 10-19 bp: 1; 20-29 bp: 2; 30-34 bp: 3

Bases preceding removed adapters:
  A: 16.7%
  C: 34.9%
  G: 27.5%
  T: 20.7%
  none/other: 0.2%

Overview of removed sequences
length	count	expect	max.err	error counts
3	437094	342457.6	0	437094
4	210645	85614.4	0	210645
5	441774	21403.6	0	441774
8	142163	334.4	0	142163
9	282040	83.6	0	282040
10	701	20.9	1	0 701
11	325330	5.2	1	279149 46181
12	695	1.3	1	0 695
13	164958	0.3	1	141098 23860
14	166964	0.1	1	142373 24591
15	166950	0.0	1	142135 24815
16	168958	0.0	1	143429 25529
17	331972	0.0	1	281984 49988
18	1216	0.0	1	0 1083 133
19	162868	0.0	1	137235 25206 427
20	165694	0.0	2	136824 26678 2192
21	327616	0.0	2	274291 49287 4038
22	2014	0.0	2	0 1577 437
23	165424	0.0	2	137377 25536 2511
24	165168	0.0	2	135979 26696 2493
25	166327	0.0	2	136970 26555 2802
26	164394	0.0	2	134637 27097 2660
27	163664	0.0	2	133745 26991 2928
28	163235	0.0	2	132529 27736 2888 82
29	312874	0.0	2	258030 49546 4824 474
30	2916	0.0	3	0 1926 661 329
31	155124	0.0	3	126554 25062 2671 837
32	154700	0.0	3	125060 25771 3005 864
33	153953	0.0	3	124515 25702 2893 843
34	152894	0.0	3	123411 25689 2934 860
35	151792	0.0	3	122583 25488 2854 867
36	150423	0.0	3	121755 25206 2680 782
37	148041	0.0	3	119321 25206 2732 782
38	144017	0.0	3	116530 24167 2558 762
39	141071	0.0	3	113554 24071 2688 758
40	137442	0.0	3	110491 23911 2349 691
41	260606	0.0	3	214385 41109 3918 1194
42	2797	0.0	3	352 1834 488 123
43	126974	0.0	3	103759 20371 2218 626
44	124754	0.0	3	101785 20236 2075 658
45	126540	0.0	3	102733 20828 2326 653
46	118008	0.0	3	95889 19734 1896 489
47	225849	0.0	3	186759 35198 2990 902
48	2433	0.0	3	302 1570 416 145
49	106889	0.0	3	87583 17242 1624 440
50	102663	0.0	3	83177 17313 1694 479
51	186323	0.0	3	154545 28697 2341 740
52	2116	0.0	3	312 1335 391 78
53	89037	0.0	3	72784 14621 1291 341
54	165883	0.0	3	138062 25142 2032 647
55	1707	0.0	3	227 1063 335 82
56	77712	0.0	3	64167 12260 1008 277
57	74309	0.0	3	61247 11752 1007 303
58	69066	0.0	3	56647 11156 959 304
59	63884	0.0	3	52460 10308 906 210
60	59877	0.0	3	48627 10108 913 229
61	103763	0.0	3	86050 16093 1319 301
62	1111	0.0	3	171 696 186 58
63	46955	0.0	3	38664 7387 709 195
64	44720	0.0	3	36343 7552 653 172
65	76704	0.0	3	63690 11777 990 247
66	803	0.0	3	115 523 136 29
67	34387	0.0	3	28396 5394 489 108
68	31359	0.0	3	25680 5095 472 112
69	27807	0.0	3	22781 4512 406 108
70	25259	0.0	3	20683 4149 330 97
71	22479	0.0	3	18476 3640 292 71
72	25028	0.0	3	20583 4022 347 76
73	17321	0.0	3	14352 2664 244 61
74	16490	0.0	3	13717 2490 234 49
75	14654	0.0	3	12110 2309 190 45
76	13306	0.0	3	11090 2006 171 39
77	12110	0.0	3	9992 1929 159 30
78	10272	0.0	3	8524 1593 132 23
79	9336	0.0	3	7763 1427 118 28
80	8196	0.0	3	6885 1190 97 24
81	7264	0.0	3	6008 1128 104 24
82	6603	0.0	3	5505 995 90 13
83	5004	0.0	3	4173 743 72 16
84	4712	0.0	3	3973 663 62 14
85	4267	0.0	3	3570 629 52 16
86	3917	0.0	3	3260 595 51 11
87	3481	0.0	3	2917 509 44 11
88	3322	0.0	3	2797 478 39 8
89	2757	0.0	3	2319 402 28 8
90	2468	0.0	3	2064 363 27 14
91	2111	0.0	3	1761 316 28 6
92	1895	0.0	3	1601 271 18 5
93	1462	0.0	3	1254 186 16 6
94	1292	0.0	3	1069 199 20 4
95	1226	0.0	3	1043 173 9 1
96	923	0.0	3	783 130 8 2
97	872	0.0	3	763 102 5 2
98	823	0.0	3	692 121 8 2
99	815	0.0	3	684 116 11 4
100	722	0.0	3	604 114 3 1
101	600	0.0	3	498 89 11 2
102	474	0.0	3	398 71 5
103	376	0.0	3	324 45 6 1
104	295	0.0	3	245 39 7 4
105	261	0.0	3	220 37 4
106	216	0.0	3	170 41 5
107	192	0.0	3	153 32 5 2
108	181	0.0	3	149 24 5 3
109	145	0.0	3	126 17 2
110	117	0.0	3	91 19 7
111	122	0.0	3	94 20 6 2
112	107	0.0	3	87 15 5
113	73	0.0	3	59 7 6 1
114	59	0.0	3	47 6 4 2
115	51	0.0	3	39 7 3 2
116	40	0.0	3	27 8 4 1
117	33	0.0	3	22 6 5
118	33	0.0	3	21 7 5
119	19	0.0	3	14 2 3
120	18	0.0	3	9 1 7 1
121	26	0.0	3	12 3 11
122	21	0.0	3	12 2 6 1
123	19	0.0	3	9 3 7
124	17	0.0	3	3 2 12
125	23	0.0	3	5 4 12 2
126	15	0.0	3	5 1 9
127	18	0.0	3	3 1 12 2
128	23	0.0	3	5 0 16 2
129	28	0.0	3	2 1 25
130	27	0.0	3	4 1 20 2
131	24	0.0	3	2 4 17 1
132	27	0.0	3	2 1 23 1
133	45	0.0	3	3 1 40 1
134	45	0.0	3	3 0 41 1
135	49	0.0	3	2 2 45
136	67	0.0	3	4 3 58 2
137	54	0.0	3	2 1 50 1
138	89	0.0	3	3 1 81 4
139	128	0.0	3	2 4 118 4
140	169	0.0	3	3 3 159 4
141	180	0.0	3	3 4 164 9
142	241	0.0	3	3 4 222 12
143	407	0.0	3	3 6 382 16
144	605	0.0	3	2 11 572 20
145	527	0.0	3	9 4 490 24
146	1257	0.0	3	6 14 1185 52
147	3288	0.0	3	3 36 3141 108
148	9179	0.0	3	2 74 8780 323
149	27938	0.0	3	2 245 26637 1054
150	67537	0.0	3	4 567 64432 2534


=== Second read: Adapter 2 ===

Sequence: AGATCGGAAGAGCGTCGTGTAGGGAAAGAGTGTA; Type: regular 3'; Length: 34; Trimmed: 8767330 times

No. of allowed errors:
0-9 bp: 0; 10-19 bp: 1; 20-29 bp: 2; 30-34 bp: 3

Bases preceding removed adapters:
  A: 15.0%
  C: 32.6%
  G: 40.6%
  T: 11.7%
  none/other: 0.1%

Overview of removed sequences
length	count	expect	max.err	error counts
3	611151	342457.6	0	611151
4	234929	85614.4	0	234929
5	413708	21403.6	0	413708
8	129684	334.4	0	129684
9	255116	83.6	0	255116
10	1556	20.9	1	0 1556
11	312755	5.2	1	252919 59836
12	1197	1.3	1	0 1197
13	321656	0.3	1	258724 62932
14	859	0.1	1	0 859
15	157629	0.0	1	126563 31066
16	323506	0.0	1	256952 66554
17	1143	0.0	1	0 1143
18	304672	0.0	1	242886 60901 885
19	1605	0.0	1	0 959 646
20	159951	0.0	2	121436 32860 5655
21	625220	0.0	2	481106 125048 19066
22	3360	0.0	2	0 2135 1225
23	1728	0.0	2	0 628 1100
24	1275	0.0	2	0 772 503
25	157681	0.0	2	119570 32542 5569
26	158536	0.0	2	118639 33742 6155
27	308099	0.0	2	232750 63431 11918
28	2899	0.0	2	0 1874 856 169
29	302153	0.0	2	226874 63278 11881 120
30	3211	0.0	3	0 1964 836 411
31	292785	0.0	3	218707 57936 10283 5859
32	3075	0.0	3	0 1863 767 445
33	289829	0.0	3	214504 59702 10712 4911
34	2400	0.0	3	62 832 1011 495
35	141815	0.0	3	129 106001 29946 5739
36	143230	0.0	3	93 105947 28831 8359
37	273189	0.0	3	175 533 54434 218047
38	2065	0.0	3	3 23 1152 887
39	131997	0.0	3	67 388 26688 104854
40	129739	0.0	3	98 431 26434 102776
41	248402	0.0	3	100 700 49516 198086
42	2516	0.0	3	1 10 1440 1065
43	234852	0.0	3	138 631 45995 188088
44	1989	0.0	3	4 8 1020 957
45	116655	0.0	3	77 338 23616 92624
46	221933	0.0	3	111 638 44148 177036
47	1919	0.0	3	0 15 1010 894
48	106015	0.0	3	45 291 21293 84386
49	101535	0.0	3	28 238 20517 80752
50	96610	0.0	3	145 276 19646 76543
51	92959	0.0	3	42 304 19147 73466
52	252362	0.0	3	112 763 49439 202048
53	1873	0.0	3	1 17 894 961
54	1882	0.0	3	1 13 930 938
55	218582	0.0	3	153 600 42446 175383
56	1558	0.0	3	4 7 711 836
57	894	0.0	3	6 4 373 511
58	65300	0.0	3	47 184 13164 51905
59	115075	0.0	3	52 310 22717 91996
60	1004	0.0	3	1 9 505 489
61	52369	0.0	3	22 175 10432 41740
62	93126	0.0	3	51 216 17916 74943
63	742	0.0	3	0 3 416 323
64	41046	0.0	3	43 90 7649 33264
65	38773	0.0	3	8 116 7466 31183
66	35406	0.0	3	34 60 6900 28412
67	33103	0.0	3	13 103 6438 26549
68	30128	0.0	3	27 67 5971 24063
69	26574	0.0	3	4 86 5158 21326
70	24020	0.0	3	18 51 4665 19286
71	21412	0.0	3	15 84 4300 17013
72	19298	0.0	3	7 45 3784 15462
73	17215	0.0	3	13 51 3302 13849
74	15658	0.0	3	6 44 2936 12672
75	14369	0.0	3	3 25 2757 11584
76	16007	0.0	3	14 29 3004 12960
77	12045	0.0	3	3 23 2310 9709
78	9644	0.0	3	5 26 1882 7731
79	9072	0.0	3	0 21 1674 7377
80	8803	0.0	3	3 13 1684 7103
81	6474	0.0	3	1 18 1222 5233
82	6175	0.0	3	2 16 1170 4987
83	4981	0.0	3	1 8 926 4046
84	4569	0.0	3	3 8 818 3740
85	4230	0.0	3	0 11 795 3424
86	4118	0.0	3	2 6 757 3353
87	3386	0.0	3	2 7 624 2753
88	3020	0.0	3	2 10 559 2449
89	2790	0.0	3	0 2 491 2297
90	2318	0.0	3	1 6 403 1908
91	1894	0.0	3	0 4 332 1558
92	1772	0.0	3	0 2 320 1450
93	1557	0.0	3	2 5 254 1296
94	1115	0.0	3	0 3 184 928
95	1128	0.0	3	2 2 199 925
96	1001	0.0	3	1 2 173 825
97	767	0.0	3	0 1 129 637
98	791	0.0	3	0 1 142 648
99	771	0.0	3	0 0 123 648
100	647	0.0	3	1 4 108 534
101	592	0.0	3	0 2 99 491
102	446	0.0	3	0 0 97 349
103	376	0.0	3	1 0 63 312
104	311	0.0	3	0 1 58 252
105	266	0.0	3	0 0 49 217
106	226	0.0	3	0 1 46 179
107	195	0.0	3	0 0 27 168
108	174	0.0	3	0 1 32 141
109	167	0.0	3	0 0 30 137
110	122	0.0	3	0 0 14 108
111	134	0.0	3	0 1 23 110
112	117	0.0	3	0 0 16 101
113	71	0.0	3	0 0 14 57
114	67	0.0	3	0 0 16 51
115	62	0.0	3	0 0 12 50
116	43	0.0	3	0 0 5 38
117	43	0.0	3	0 1 8 34
118	52	0.0	3	0 0 8 44
119	30	0.0	3	0 0 3 27
120	28	0.0	3	0 0 3 25
121	28	0.0	3	0 0 5 23
122	33	0.0	3	0 0 6 27
123	25	0.0	3	0 0 4 21
124	20	0.0	3	0 0 0 20
125	25	0.0	3	0 0 5 20
126	26	0.0	3	0 0 1 25
127	21	0.0	3	0 0 0 21
128	33	0.0	3	0 0 3 30
129	30	0.0	3	0 0 4 26
130	47	0.0	3	0 0 3 44
131	30	0.0	3	0 0 3 27
132	31	0.0	3	0 0 0 31
133	56	0.0	3	0 0 2 54
134	56	0.0	3	0 0 3 53
135	47	0.0	3	0 0 1 46
136	54	0.0	3	0 0 0 54
137	76	0.0	3	0 0 1 75
138	73	0.0	3	0 0 4 69
139	119	0.0	3	0 0 2 117
140	144	0.0	3	0 0 2 142
141	210	0.0	3	0 0 4 206
142	275	0.0	3	0 0 2 273
143	471	0.0	3	0 0 3 468
144	668	0.0	3	0 0 5 663
145	662	0.0	3	0 0 7 655
146	1091	0.0	3	0 0 13 1078
147	2480	0.0	3	0 0 20 2460
148	6493	0.0	3	0 0 54 6439
149	23092	0.0	3	0 0 227 22865
150	65760	0.0	3	0 0 624 65136
