This is cutadapt 2.9 with Python 3.5.2
Command line parameters: --nextseq-trim 10 --minimum-length 25 --cores 4 -a AGATCGGAAGAGCACACGTCTGAACTCCAGTCAC -A AGATCGGAAGAGCGTCGTGTAGGGAAAGAGTGTA -o Pacuta_HTAC_TP4_1581_R1_TrimmingRound1.fastq.gz -p Pacuta_HTAC_TP4_1581_R2_TrimmingRound1.fastq.gz Pacuta_HTAC_TP4_1581_R1.fastq.gz Pacuta_HTAC_TP4_1581_R2.fastq.gz
Processing reads on 4 cores in paired-end mode ...
Finished in 758.70 s (36 us/read; 1.69 M reads/minute).

=== Summary ===

Total read pairs processed:         21,323,841
  Read 1 with adapter:               8,114,061 (38.1%)
  Read 2 with adapter:               8,282,444 (38.8%)
Pairs written (passing filters):    21,221,005 (99.5%)

Total basepairs processed: 6,397,152,300 bp
  Read 1: 3,198,576,150 bp
  Read 2: 3,198,576,150 bp
Quality-trimmed:              12,647,654 bp (0.2%)
  Read 1:     5,372,755 bp
  Read 2:     7,274,899 bp
Total written (filtered):  5,727,237,894 bp (89.5%)
  Read 1: 2,863,936,068 bp
  Read 2: 2,863,301,826 bp

=== First read: Adapter 1 ===

Sequence: AGATCGGAAGAGCACACGTCTGAACTCCAGTCAC; Type: regular 3'; Length: 34; Trimmed: 8114061 times

No. of allowed errors:
0-9 bp: 0; 10-19 bp: 1; 20-29 bp: 2; 30-34 bp: 3

Bases preceding removed adapters:
  A: 18.6%
  C: 28.1%
  G: 35.1%
  T: 18.0%
  none/other: 0.2%

Overview of removed sequences
length	count	expect	max.err	error counts
3	394106	333185.0	0	394106
4	164753	83296.3	0	164753
5	297774	20824.1	0	297774
8	94490	325.4	0	94490
9	190390	81.3	0	190390
10	590	20.3	1	0 590
11	196460	5.1	1	192951 3509
12	546	1.3	1	0 546
13	99693	0.3	1	97378 2315
14	98968	0.1	1	96471 2497
15	99804	0.0	1	97209 2595
16	99079	0.0	1	96067 3012
17	199417	0.0	1	194228 5189
18	700	0.0	1	0 633 67
19	100435	0.0	1	97351 2963 121
20	101562	0.0	2	97697 3622 243
21	203222	0.0	2	196777 5887 558
22	997	0.0	2	0 913 84
23	103878	0.0	2	99927 3553 398
24	104196	0.0	2	100007 3771 418
25	103288	0.0	2	99008 3911 369
26	102669	0.0	2	98266 4024 379
27	102544	0.0	2	98032 4019 493
28	104409	0.0	2	98912 5035 364 98
29	206917	0.0	2	198681 7372 719 145
30	1579	0.0	3	0 1121 188 270
31	105064	0.0	3	99914 4541 494 115
32	105458	0.0	3	99734 5067 515 142
33	105407	0.0	3	99399 5390 515 103
34	106087	0.0	3	99340 6201 436 110
35	207404	0.0	3	197644 8733 833 194
36	1703	0.0	3	81 1433 154 35
37	104518	0.0	3	98870 5073 475 100
38	104690	0.0	3	98970 5221 404 95
39	104862	0.0	3	98985 5307 468 102
40	104728	0.0	3	98864 5351 413 100
41	105081	0.0	3	99252 5234 477 118
42	104216	0.0	3	98456 5220 448 92
43	105222	0.0	3	99471 5158 448 145
44	105405	0.0	3	99536 5325 411 133
45	105999	0.0	3	100111 5326 470 92
46	104206	0.0	3	97581 6135 375 115
47	204295	0.0	3	195224 8333 576 162
48	1850	0.0	3	296 1358 134 62
49	102051	0.0	3	96740 4771 468 72
50	102604	0.0	3	96625 5569 294 116
51	200426	0.0	3	191827 7932 512 155
52	1907	0.0	3	318 1391 187 11
53	102431	0.0	3	96643 5430 276 82
54	199700	0.0	3	190830 8216 512 142
55	1753	0.0	3	288 1281 144 40
56	98893	0.0	3	93774 4746 316 57
57	98228	0.0	3	92931 4880 331 86
58	95800	0.0	3	90628 4766 315 91
59	94850	0.0	3	89769 4658 362 61
60	94201	0.0	3	88396 5432 286 87
61	181371	0.0	3	173115 7678 480 98
62	1700	0.0	3	303 1237 105 55
63	89578	0.0	3	84864 4353 308 53
64	89733	0.0	3	84277 5112 282 62
65	170209	0.0	3	162664 6971 467 107
66	1485	0.0	3	200 1128 130 27
67	82309	0.0	3	78066 3894 300 49
68	79512	0.0	3	75186 3956 299 71
69	76668	0.0	3	72625 3724 249 70
70	73736	0.0	3	69747 3655 255 79
71	70537	0.0	3	66653 3609 225 50
72	84879	0.0	3	80679 3840 306 54
73	65096	0.0	3	61743 3103 201 49
74	64787	0.0	3	61551 2953 222 61
75	61190	0.0	3	58016 2906 221 47
76	58399	0.0	3	55501 2704 166 28
77	53083	0.0	3	50339 2547 167 30
78	47323	0.0	3	44834 2340 125 24
79	44072	0.0	3	41795 2118 131 28
80	40065	0.0	3	37948 1966 124 27
81	37263	0.0	3	35270 1859 116 18
82	33668	0.0	3	32009 1531 103 25
83	31054	0.0	3	29492 1461 86 15
84	27038	0.0	3	25687 1252 82 17
85	24504	0.0	3	23303 1125 58 18
86	22340	0.0	3	21253 1020 53 14
87	19995	0.0	3	18970 968 45 12
88	18344	0.0	3	17481 809 45 9
89	15246	0.0	3	14496 708 36 6
90	13814	0.0	3	13112 649 46 7
91	12271	0.0	3	11647 569 46 9
92	10417	0.0	3	9903 477 33 4
93	8300	0.0	3	7916 357 24 3
94	6987	0.0	3	6642 326 13 6
95	6388	0.0	3	6085 284 14 5
96	4908	0.0	3	4660 228 15 5
97	4544	0.0	3	4330 198 10 6
98	4029	0.0	3	3826 184 17 2
99	3578	0.0	3	3393 162 16 7
100	2925	0.0	3	2781 131 9 4
101	2507	0.0	3	2395 108 3 1
102	2141	0.0	3	2042 87 6 6
103	1603	0.0	3	1508 90 3 2
104	1377	0.0	3	1308 64 3 2
105	1135	0.0	3	1074 59 1 1
106	1005	0.0	3	953 47 3 2
107	865	0.0	3	811 48 4 2
108	746	0.0	3	688 49 7 2
109	679	0.0	3	636 38 1 4
110	579	0.0	3	545 30 3 1
111	538	0.0	3	499 35 1 3
112	454	0.0	3	418 30 4 2
113	437	0.0	3	404 31 2
114	375	0.0	3	343 27 5
115	356	0.0	3	323 31 1 1
116	342	0.0	3	314 22 5 1
117	340	0.0	3	312 24 3 1
118	340	0.0	3	312 24 4
119	326	0.0	3	296 28 1 1
120	343	0.0	3	307 30 5 1
121	383	0.0	3	346 33 1 3
122	356	0.0	3	315 35 3 3
123	360	0.0	3	327 29 3 1
124	387	0.0	3	339 45 1 2
125	475	0.0	3	432 41 2
126	457	0.0	3	410 46 0 1
127	502	0.0	3	446 51 5
128	555	0.0	3	495 56 3 1
129	646	0.0	3	558 78 10
130	684	0.0	3	615 66 3
131	703	0.0	3	627 69 7
132	781	0.0	3	699 75 6 1
133	865	0.0	3	765 95 3 2
134	937	0.0	3	824 108 5
135	1000	0.0	3	873 120 6 1
136	1079	0.0	3	943 124 11 1
137	1099	0.0	3	951 141 7
138	1108	0.0	3	939 160 7 2
139	1114	0.0	3	896 198 17 3
140	1284	0.0	3	1054 213 17
141	1421	0.0	3	1131 269 21
142	976	0.0	3	661 293 21 1
143	1095	0.0	3	672 388 35
144	1481	0.0	3	786 651 42 2
145	1439	0.0	3	823 576 40
146	2035	0.0	3	907 1062 61 5
147	3442	0.0	3	876 2388 172 6
148	7070	0.0	3	326 6328 397 19
149	20026	0.0	3	191 18520 1251 64
150	48963	0.0	3	481 45280 3053 149


=== Second read: Adapter 2 ===

Sequence: AGATCGGAAGAGCGTCGTGTAGGGAAAGAGTGTA; Type: regular 3'; Length: 34; Trimmed: 8282444 times

No. of allowed errors:
0-9 bp: 0; 10-19 bp: 1; 20-29 bp: 2; 30-34 bp: 3

Bases preceding removed adapters:
  A: 18.0%
  C: 26.5%
  G: 44.0%
  T: 10.8%
  none/other: 0.7%

Overview of removed sequences
length	count	expect	max.err	error counts
3	544389	333185.0	0	544389
4	198031	83296.3	0	198031
5	300237	20824.1	0	300237
8	94399	325.4	0	94399
9	190085	81.3	0	190085
10	792	20.3	1	0 792
11	196165	5.1	1	192633 3532
12	734	1.3	1	0 734
13	198169	0.3	1	193868 4301
14	498	0.1	1	0 498
15	99323	0.0	1	96572 2751
16	198021	0.0	1	192666 5355
17	851	0.0	1	0 851
18	198251	0.0	1	192828 5217 206
19	851	0.0	1	0 603 248
20	102315	0.0	2	97232 4636 447
21	408446	0.0	2	394003 13073 1370
22	964	0.0	2	0 824 140
23	459	0.0	2	0 150 309
24	733	0.0	2	0 603 130
25	102855	0.0	2	98004 4234 617
26	102959	0.0	2	97502 4987 470
27	204039	0.0	2	195019 7744 1276
28	1727	0.0	2	0 1527 119 81
29	207115	0.0	2	197363 8554 1162 36
30	1907	0.0	3	0 1724 120 63
31	207889	0.0	3	197443 8756 1157 533
32	1299	0.0	3	0 1008 161 130
33	104936	0.0	3	98464 4920 1254 298
34	104635	0.0	3	23 98342 5572 698
35	104660	0.0	3	45 98203 5662 750
36	105193	0.0	3	12 98080 6335 766
37	206875	0.0	3	58 195752 9589 1476
38	1232	0.0	3	5 103 963 161
39	104417	0.0	3	41 98138 5363 875
40	105563	0.0	3	31 98671 6094 767
41	206834	0.0	3	36 195821 9449 1528
42	1797	0.0	3	0 111 1579 107
43	207468	0.0	3	78 196820 9139 1431
44	1475	0.0	3	1 231 1035 208
45	104832	0.0	3	47 98134 5925 726
46	205881	0.0	3	102 195517 8921 1341
47	1410	0.0	3	0 225 1035 150
48	102339	0.0	3	14 96439 5148 738
49	102102	0.0	3	23 96167 5186 726
50	101615	0.0	3	31 95550 5206 828
51	102095	0.0	3	32 95087 6251 725
52	302059	0.0	3	123 287293 12656 1987
53	1152	0.0	3	0 389 501 262
54	2114	0.0	3	1 97 1878 138
55	293397	0.0	3	177 279915 11753 1552
56	967	0.0	3	0 416 455 96
57	915	0.0	3	0 79 667 169
58	96013	0.0	3	18 90595 4818 582
59	186026	0.0	3	65 177722 7247 992
60	1288	0.0	3	0 237 905 146
61	92423	0.0	3	20 87328 4511 564
62	179641	0.0	3	117 171915 6586 1023
63	1122	0.0	3	3 205 799 115
64	88149	0.0	3	35 83965 3663 486
65	87000	0.0	3	13 82655 3820 512
66	84852	0.0	3	21 80603 3690 538
67	82505	0.0	3	7 78344 3626 528
68	79400	0.0	3	46 75418 3500 436
69	76541	0.0	3	26 72826 3267 422
70	73569	0.0	3	16 70040 3163 350
71	70188	0.0	3	14 66749 3054 371
72	68114	0.0	3	9 64882 2871 352
73	64865	0.0	3	18 61915 2579 353
74	62996	0.0	3	28 60103 2548 317
75	59698	0.0	3	18 56981 2430 269
76	67367	0.0	3	8 64232 2774 353
77	54020	0.0	3	15 51384 2361 260
78	48849	0.0	3	6 46673 1936 234
79	46508	0.0	3	8 44457 1857 186
80	43227	0.0	3	13 41306 1747 161
81	37469	0.0	3	6 35772 1541 150
82	34081	0.0	3	10 32566 1326 179
83	30183	0.0	3	13 28828 1200 142
84	27612	0.0	3	6 26446 1019 141
85	25724	0.0	3	11 24618 956 139
86	22292	0.0	3	9 21393 792 98
87	20202	0.0	3	2 19288 823 89
88	17883	0.0	3	5 17096 703 79
89	16281	0.0	3	3 15547 642 89
90	14393	0.0	3	3 13768 548 74
91	12264	0.0	3	1 11672 521 70
92	10279	0.0	3	1 9803 432 43
93	8511	0.0	3	1 8092 359 59
94	6992	0.0	3	4 6672 273 43
95	6249	0.0	3	1 5979 238 31
96	5162	0.0	3	1 4922 211 28
97	4554	0.0	3	2 4342 183 27
98	4017	0.0	3	0 3839 148 30
99	3476	0.0	3	1 3306 148 21
100	2947	0.0	3	0 2799 119 29
101	2562	0.0	3	0 2443 99 20
102	2048	0.0	3	0 1946 90 12
103	1698	0.0	3	1 1607 77 13
104	1429	0.0	3	0 1355 63 11
105	1209	0.0	3	0 1121 73 15
106	1050	0.0	3	2 975 56 17
107	968	0.0	3	1 906 49 12
108	778	0.0	3	2 726 38 12
109	716	0.0	3	2 669 35 10
110	633	0.0	3	0 595 29 9
111	583	0.0	3	1 533 35 14
112	506	0.0	3	0 461 37 8
113	435	0.0	3	0 403 23 9
114	413	0.0	3	0 375 27 11
115	420	0.0	3	0 369 46 5
116	368	0.0	3	0 339 24 5
117	376	0.0	3	0 339 30 7
118	378	0.0	3	2 332 31 13
119	330	0.0	3	0 284 36 10
120	374	0.0	3	0 332 38 4
121	364	0.0	3	0 326 34 4
122	381	0.0	3	0 347 28 6
123	370	0.0	3	1 325 37 7
124	428	0.0	3	1 387 35 5
125	439	0.0	3	1 395 37 6
126	483	0.0	3	0 422 55 6
127	482	0.0	3	0 427 47 8
128	562	0.0	3	0 506 50 6
129	601	0.0	3	0 528 64 9
130	663	0.0	3	1 586 70 6
131	741	0.0	3	0 658 74 9
132	735	0.0	3	0 659 70 6
133	880	0.0	3	1 783 85 11
134	880	0.0	3	0 785 84 11
135	922	0.0	3	0 823 91 8
136	1022	0.0	3	0 926 83 13
137	1138	0.0	3	1 1012 113 12
138	1027	0.0	3	0 908 108 11
139	1062	0.0	3	0 906 145 11
140	1233	0.0	3	1 1076 142 14
141	1349	0.0	3	0 1169 172 8
142	877	0.0	3	0 656 210 11
143	984	0.0	3	0 701 272 11
144	1193	0.0	3	0 775 402 16
145	1252	0.0	3	0 819 414 19
146	1653	0.0	3	0 911 709 33
147	2529	0.0	3	0 942 1521 66
148	4474	0.0	3	0 342 3958 174
149	17000	0.0	3	0 195 16215 590
150	55048	0.0	3	1 540 52448 2059
