This is cutadapt 2.9 with Python 3.5.2
Command line parameters: --nextseq-trim 10 --minimum-length 25 --cores 4 -a AGATCGGAAGAGCACACGTCTGAACTCCAGTCAC -A AGATCGGAAGAGCGTCGTGTAGGGAAAGAGTGTA -o Pacuta_HTAC_TP9_1696_R1_TrimmingRound1.fastq.gz -p Pacuta_HTAC_TP9_1696_R2_TrimmingRound1.fastq.gz Pacuta_HTAC_TP9_1696_R1.fastq.gz Pacuta_HTAC_TP9_1696_R2.fastq.gz
Processing reads on 4 cores in paired-end mode ...
Finished in 758.65 s (33 us/read; 1.82 M reads/minute).

=== Summary ===

Total read pairs processed:         23,039,863
  Read 1 with adapter:               8,559,896 (37.2%)
  Read 2 with adapter:               8,747,407 (38.0%)
Pairs written (passing filters):    22,909,871 (99.4%)

Total basepairs processed: 6,911,958,900 bp
  Read 1: 3,455,979,450 bp
  Read 2: 3,455,979,450 bp
Quality-trimmed:              13,590,664 bp (0.2%)
  Read 1:     5,636,456 bp
  Read 2:     7,954,208 bp
Total written (filtered):  6,213,967,238 bp (89.9%)
  Read 1: 3,107,505,387 bp
  Read 2: 3,106,461,851 bp

=== First read: Adapter 1 ===

Sequence: AGATCGGAAGAGCACACGTCTGAACTCCAGTCAC; Type: regular 3'; Length: 34; Trimmed: 8559896 times

No. of allowed errors:
0-9 bp: 0; 10-19 bp: 1; 20-29 bp: 2; 30-34 bp: 3

Bases preceding removed adapters:
  A: 19.7%
  C: 27.9%
  G: 33.4%
  T: 18.7%
  none/other: 0.3%

Overview of removed sequences
length	count	expect	max.err	error counts
3	435096	359997.9	0	435096
4	180781	89999.5	0	180781
5	329223	22499.9	0	329223
8	104980	351.6	0	104980
9	211244	87.9	0	211244
10	699	22.0	1	0 699
11	214438	5.5	1	210559 3879
12	512	1.4	1	0 512
13	109358	0.3	1	106808 2550
14	110003	0.1	1	107197 2806
15	109073	0.0	1	106207 2866
16	108841	0.0	1	105567 3274
17	216380	0.0	1	210719 5661
18	716	0.0	1	0 633 83
19	109839	0.0	1	106360 3343 136
20	110090	0.0	2	105607 4143 340
21	219989	0.0	2	212739 6550 700
22	897	0.0	2	0 822 75
23	111311	0.0	2	106930 3897 484
24	111458	0.0	2	106850 4115 493
25	111369	0.0	2	106511 4385 473
26	110322	0.0	2	105310 4537 475
27	109708	0.0	2	104686 4461 561
28	111651	0.0	2	105697 5470 412 72
29	220641	0.0	2	211465 8055 926 195
30	1495	0.0	3	0 968 187 340
31	112077	0.0	3	106335 5024 558 160
32	112108	0.0	3	105878 5468 580 182
33	111663	0.0	3	105200 5796 524 143
34	110893	0.0	3	104571 5586 563 173
35	112273	0.0	3	105766 5833 532 142
36	111480	0.0	3	104927 5841 566 146
37	110266	0.0	3	103956 5671 500 139
38	110737	0.0	3	104292 5751 531 163
39	110355	0.0	3	103838 5788 606 123
40	110939	0.0	3	103823 6476 474 166
41	218479	0.0	3	207919 9452 880 228
42	1507	0.0	3	130 1174 149 54
43	109529	0.0	3	103419 5521 454 135
44	109781	0.0	3	103342 5797 482 160
45	111016	0.0	3	104827 5559 517 113
46	107732	0.0	3	100980 6225 407 120
47	212376	0.0	3	202342 9131 723 180
48	1498	0.0	3	172 1145 109 72
49	104763	0.0	3	99255 4983 449 76
50	105695	0.0	3	99399 5845 338 113
51	205914	0.0	3	196476 8584 647 207
52	1574	0.0	3	191 1141 222 20
53	104969	0.0	3	98773 5750 348 98
54	205832	0.0	3	196200 8854 613 165
55	1481	0.0	3	191 1118 135 37
56	101103	0.0	3	95680 4972 351 100
57	100312	0.0	3	94618 5256 352 86
58	98173	0.0	3	92502 5213 354 104
59	94948	0.0	3	89452 5000 427 69
60	94664	0.0	3	88643 5623 307 91
61	182663	0.0	3	173967 8038 533 125
62	1361	0.0	3	206 984 126 45
63	90982	0.0	3	86141 4404 371 66
64	90981	0.0	3	85404 5203 291 83
65	172794	0.0	3	164707 7433 551 103
66	1261	0.0	3	189 959 85 28
67	82483	0.0	3	78062 4030 309 82
68	79947	0.0	3	75541 4035 302 69
69	76471	0.0	3	72459 3668 288 56
70	72947	0.0	3	69018 3590 289 50
71	70960	0.0	3	66950 3708 261 41
72	83840	0.0	3	79583 3895 301 61
73	65379	0.0	3	61728 3339 247 65
74	64099	0.0	3	60715 3082 241 61
75	60276	0.0	3	57130 2888 226 32
76	57388	0.0	3	54421 2735 188 44
77	53860	0.0	3	51073 2571 165 51
78	47787	0.0	3	45263 2338 154 32
79	45200	0.0	3	42818 2218 130 34
80	40776	0.0	3	38619 2005 126 26
81	37514	0.0	3	35587 1809 101 17
82	34265	0.0	3	32501 1637 97 30
83	29507	0.0	3	27929 1485 63 30
84	27560	0.0	3	26196 1250 87 27
85	25037	0.0	3	23707 1239 77 14
86	22635	0.0	3	21428 1121 77 9
87	20396	0.0	3	19361 957 58 20
88	19050	0.0	3	18114 870 50 16
89	16193	0.0	3	15419 725 40 9
90	14161	0.0	3	13429 675 43 14
91	12364	0.0	3	11715 598 43 8
92	10454	0.0	3	9922 486 37 9
93	8333	0.0	3	7945 361 23 4
94	7198	0.0	3	6842 331 21 4
95	6000	0.0	3	5690 286 22 2
96	4819	0.0	3	4567 234 14 4
97	4441	0.0	3	4199 224 14 4
98	3965	0.0	3	3761 182 15 7
99	3558	0.0	3	3361 184 12 1
100	2916	0.0	3	2752 152 10 2
101	2437	0.0	3	2312 117 4 4
102	2116	0.0	3	2012 94 8 2
103	1497	0.0	3	1399 89 6 3
104	1262	0.0	3	1190 69 2 1
105	1027	0.0	3	959 58 10
106	960	0.0	3	898 53 7 2
107	765	0.0	3	715 45 4 1
108	661	0.0	3	601 56 3 1
109	643	0.0	3	596 43 4
110	558	0.0	3	522 32 4
111	409	0.0	3	379 27 2 1
112	413	0.0	3	389 23 1
113	378	0.0	3	332 38 6 2
114	283	0.0	3	247 31 3 2
115	308	0.0	3	271 28 5 4
116	302	0.0	3	263 36 3
117	307	0.0	3	262 44 1
118	299	0.0	3	259 33 5 2
119	293	0.0	3	263 29 0 1
120	296	0.0	3	252 41 3
121	277	0.0	3	241 35 1
122	264	0.0	3	233 27 3 1
123	289	0.0	3	233 55 1
124	287	0.0	3	245 40 1 1
125	324	0.0	3	274 41 9
126	361	0.0	3	308 47 6
127	384	0.0	3	330 48 4 2
128	422	0.0	3	364 57 0 1
129	476	0.0	3	373 100 2 1
130	480	0.0	3	413 62 5
131	515	0.0	3	423 81 11
132	538	0.0	3	453 81 3 1
133	643	0.0	3	536 96 11
134	630	0.0	3	530 93 7
135	719	0.0	3	601 113 3 2
136	767	0.0	3	609 152 6
137	847	0.0	3	682 154 11
138	869	0.0	3	687 172 10
139	852	0.0	3	604 227 20 1
140	959	0.0	3	691 250 18
141	1044	0.0	3	745 279 19 1
142	812	0.0	3	430 362 20
143	1057	0.0	3	493 533 30 1
144	1264	0.0	3	465 738 58 3
145	1308	0.0	3	527 719 59 3
146	1986	0.0	3	594 1302 82 8
147	3976	0.0	3	607 3119 242 8
148	9079	0.0	3	248 8175 611 45
149	27393	0.0	3	341 25159 1815 78
150	69788	0.0	3	830 64107 4609 242


=== Second read: Adapter 2 ===

Sequence: AGATCGGAAGAGCGTCGTGTAGGGAAAGAGTGTA; Type: regular 3'; Length: 34; Trimmed: 8747407 times

No. of allowed errors:
0-9 bp: 0; 10-19 bp: 1; 20-29 bp: 2; 30-34 bp: 3

Bases preceding removed adapters:
  A: 19.1%
  C: 26.0%
  G: 42.8%
  T: 11.6%
  none/other: 0.4%

Overview of removed sequences
length	count	expect	max.err	error counts
3	602304	359997.9	0	602304
4	215370	89999.5	0	215370
5	330659	22499.9	0	330659
8	104876	351.6	0	104876
9	207748	87.9	0	207748
10	4667	22.0	1	0 4667
11	209279	5.5	1	205877 3402
12	5999	1.4	1	0 5999
13	212754	0.3	1	208825 3929
14	4042	0.1	1	0 4042
15	110904	0.0	1	102970 7934
16	210093	0.0	1	204571 5522
17	8226	0.0	1	0 8226
18	207198	0.0	1	202041 4617 540
19	6819	0.0	1	0 5374 1445
20	121081	0.0	2	101350 18858 873
21	420750	0.0	2	405822 13167 1761
22	3925	0.0	2	0 3726 199
23	693	0.0	2	0 157 536
24	5001	0.0	2	0 4451 550
25	110356	0.0	2	101286 7631 1439
26	114297	0.0	2	100355 13070 872
27	209436	0.0	2	199723 7771 1942
28	11558	0.0	2	0 10979 470 109
29	211315	0.0	2	201783 7515 1969 48
30	12007	0.0	3	0 11399 461 147
31	210772	0.0	3	200834 7593 1634 711
32	8512	0.0	3	0 6904 1483 125
33	119660	0.0	3	99887 18256 1184 333
34	315074	0.0	3	298377 14216 1858 623
35	4293	0.0	3	141 3426 632 94
36	5514	0.0	3	64 4702 636 112
37	108972	0.0	3	98414 9013 1271 274
38	110419	0.0	3	98886 9952 1239 342
39	110422	0.0	3	98360 10119 1667 276
40	114397	0.0	3	98661 14341 1014 381
41	209370	0.0	3	197133 9839 2003 395
42	11961	0.0	3	95 11287 442 137
43	206455	0.0	3	195914 8569 1514 458
44	8254	0.0	3	222 6891 1053 88
45	112343	0.0	3	98033 13158 881 271
46	204584	0.0	3	193542 9071 1555 416
47	7687	0.0	3	229 6671 671 116
48	105431	0.0	3	95716 8424 1068 223
49	104841	0.0	3	94298 9196 1063 284
50	105464	0.0	3	93960 9473 1814 217
51	112369	0.0	3	93677 17442 1027 223
52	295248	0.0	3	280177 12741 1678 652
53	5184	0.0	3	363 3423 1316 82
54	13365	0.0	3	74 12696 521 74
55	286459	0.0	3	274359 10342 1292 466
56	4140	0.0	3	403 3131 487 119
57	5174	0.0	3	103 4188 841 42
58	100750	0.0	3	88708 11154 705 183
59	178903	0.0	3	170490 7026 1094 293
60	6856	0.0	3	200 5752 862 42
61	95813	0.0	3	84435 10531 651 196
62	173285	0.0	3	165424 6545 1052 264
63	6318	0.0	3	195 5561 501 61
64	88732	0.0	3	81435 6372 783 142
65	88627	0.0	3	80475 7247 756 149
66	85914	0.0	3	78010 6920 803 181
67	82618	0.0	3	74966 6827 675 150
68	79952	0.0	3	72551 6544 724 133
69	76407	0.0	3	69530 6078 658 141
70	72848	0.0	3	66273 5843 613 119
71	70696	0.0	3	64347 5671 552 126
72	67391	0.0	3	61299 5392 588 112
73	65386	0.0	3	59605 5143 517 121
74	62807	0.0	3	56982 5150 566 109
75	60369	0.0	3	54568 5244 461 96
76	67048	0.0	3	61429 4974 519 126
77	54176	0.0	3	49370 4295 413 98
78	49656	0.0	3	45274 3914 413 55
79	46360	0.0	3	42160 3752 375 73
80	43816	0.0	3	40210 3210 319 77
81	36859	0.0	3	33682 2855 273 49
82	34277	0.0	3	31341 2619 256 61
83	30355	0.0	3	27604 2469 248 34
84	27821	0.0	3	25438 2113 220 50
85	25931	0.0	3	23754 1941 190 46
86	22661	0.0	3	20644 1801 173 43
87	20806	0.0	3	18990 1615 165 36
88	18392	0.0	3	16808 1423 132 29
89	16882	0.0	3	15481 1241 125 35
90	14513	0.0	3	13199 1159 129 26
91	12312	0.0	3	11177 1016 92 27
92	10295	0.0	3	9413 781 89 12
93	8705	0.0	3	7955 659 69 22
94	6880	0.0	3	6254 543 65 18
95	5997	0.0	3	5456 471 52 18
96	5176	0.0	3	4741 379 48 8
97	4268	0.0	3	3875 339 45 9
98	4034	0.0	3	3670 317 38 9
99	3433	0.0	3	3102 286 29 16
100	2884	0.0	3	2596 242 38 8
101	2533	0.0	3	2297 196 28 12
102	1994	0.0	3	1802 160 22 10
103	1619	0.0	3	1453 139 16 11
104	1317	0.0	3	1206 87 15 9
105	1072	0.0	3	973 77 16 6
106	924	0.0	3	821 88 10 5
107	871	0.0	3	761 84 16 10
108	762	0.0	3	665 76 14 7
109	670	0.0	3	584 61 13 12
110	650	0.0	3	556 72 14 8
111	455	0.0	3	395 50 6 4
112	462	0.0	3	365 75 9 13
113	398	0.0	3	340 43 9 6
114	285	0.0	3	250 25 5 5
115	348	0.0	3	296 31 15 6
116	339	0.0	3	282 33 16 8
117	289	0.0	3	237 38 10 4
118	343	0.0	3	289 32 12 10
119	285	0.0	3	236 35 7 7
120	304	0.0	3	260 33 6 5
121	322	0.0	3	256 49 12 5
122	282	0.0	3	239 31 10 2
123	290	0.0	3	226 46 12 6
124	320	0.0	3	256 45 11 8
125	352	0.0	3	307 36 6 3
126	394	0.0	3	322 61 7 4
127	385	0.0	3	316 55 9 5
128	378	0.0	3	326 50 1 1
129	433	0.0	3	349 65 13 6
130	495	0.0	3	402 78 10 5
131	527	0.0	3	435 78 10 4
132	506	0.0	3	421 67 16 2
133	621	0.0	3	477 127 12 5
134	601	0.0	3	502 85 10 4
135	701	0.0	3	574 116 10 1
136	724	0.0	3	600 109 11 4
137	844	0.0	3	663 173 6 2
138	852	0.0	3	684 153 12 3
139	768	0.0	3	586 164 13 5
140	845	0.0	3	639 181 23 2
141	995	0.0	3	742 230 21 2
142	724	0.0	3	405 289 29 1
143	880	0.0	3	448 396 34 2
144	994	0.0	3	449 508 33 4
145	1042	0.0	3	509 490 40 3
146	1610	0.0	3	561 968 78 3
147	2844	0.0	3	641 2029 164 10
148	5974	0.0	3	223 5299 426 26
149	23556	0.0	3	260 21586 1608 102
150	77298	0.0	3	893 70826 5257 322
