This is cutadapt 2.9 with Python 3.5.2
Command line parameters: --nextseq-trim 10 --minimum-length 25 --cores 4 -a AGATCGGAAGAGCACACGTCTGAACTCCAGTCAC -A AGATCGGAAGAGCGTCGTGTAGGGAAAGAGTGTA -o Pacuta_ATHC_TP3_2750_R1_TrimmingRound1.fastq.gz -p Pacuta_ATHC_TP3_2750_R2_TrimmingRound1.fastq.gz Pacuta_ATHC_TP3_2750_R1.fastq.gz Pacuta_ATHC_TP3_2750_R2.fastq.gz
Processing reads on 4 cores in paired-end mode ...
Finished in 750.56 s (37 us/read; 1.62 M reads/minute).

=== Summary ===

Total read pairs processed:         20,254,653
  Read 1 with adapter:               7,430,012 (36.7%)
  Read 2 with adapter:               7,601,369 (37.5%)
Pairs written (passing filters):    20,210,338 (99.8%)

Total basepairs processed: 6,076,395,900 bp
  Read 1: 3,038,197,950 bp
  Read 2: 3,038,197,950 bp
Quality-trimmed:              11,937,866 bp (0.2%)
  Read 1:     5,037,980 bp
  Read 2:     6,899,886 bp
Total written (filtered):  5,482,028,932 bp (90.2%)
  Read 1: 2,741,382,521 bp
  Read 2: 2,740,646,411 bp

=== First read: Adapter 1 ===

Sequence: AGATCGGAAGAGCACACGTCTGAACTCCAGTCAC; Type: regular 3'; Length: 34; Trimmed: 7430012 times

No. of allowed errors:
0-9 bp: 0; 10-19 bp: 1; 20-29 bp: 2; 30-34 bp: 3

Bases preceding removed adapters:
  A: 18.5%
  C: 28.0%
  G: 35.7%
  T: 17.7%
  none/other: 0.1%

Overview of removed sequences
length	count	expect	max.err	error counts
3	377280	316479.0	0	377280
4	156672	79119.7	0	156672
5	284555	19779.9	0	284555
8	89697	309.1	0	89697
9	180808	77.3	0	180808
10	1138	19.3	1	0 1138
11	184260	4.8	1	181283 2977
12	838	1.2	1	0 838
13	94224	0.3	1	91810 2414
14	94661	0.1	1	92018 2643
15	94088	0.0	1	91289 2799
16	94677	0.0	1	90949 3728
17	186345	0.0	1	182065 4280
18	1374	0.0	1	0 1274 100
19	95212	0.0	1	91710 3275 227
20	96040	0.0	2	91234 4544 262
21	188684	0.0	2	183317 4815 552
22	1737	0.0	2	0 1602 135
23	96336	0.0	2	92358 3540 438
24	96675	0.0	2	92197 4064 414
25	97312	0.0	2	92688 4221 403
26	95718	0.0	2	90976 4325 417
27	95997	0.0	2	91259 4134 604
28	97701	0.0	2	91048 6162 400 91
29	190753	0.0	2	183682 6122 830 119
30	2495	0.0	3	0 2024 222 249
31	97670	0.0	3	92273 4737 537 123
32	96606	0.0	3	90887 5011 570 138
33	96772	0.0	3	90868 5266 503 135
34	97367	0.0	3	91462 5249 522 134
35	97734	0.0	3	91692 5375 551 116
36	96862	0.0	3	90863 5303 540 156
37	97349	0.0	3	91370 5173 671 135
38	98532	0.0	3	91042 6873 451 166
39	189103	0.0	3	181280 6948 685 190
40	2570	0.0	3	68 2205 235 62
41	96555	0.0	3	90976 4897 544 138
42	96206	0.0	3	90339 5253 479 135
43	96440	0.0	3	90590 5241 492 117
44	96124	0.0	3	90273 5170 498 183
45	97554	0.0	3	91700 5170 576 108
46	96219	0.0	3	89116 6585 359 159
47	184568	0.0	3	177254 6499 648 167
48	2946	0.0	3	472 2180 222 72
49	93625	0.0	3	88309 4645 575 96
50	94858	0.0	3	87976 6434 297 151
51	180687	0.0	3	173741 6207 567 172
52	2957	0.0	3	492 2113 312 40
53	93790	0.0	3	87235 6087 313 155
54	179089	0.0	3	172132 6322 517 118
55	2857	0.0	3	456 2142 207 52
56	90215	0.0	3	85188 4543 358 126
57	89439	0.0	3	84108 4860 385 86
58	87105	0.0	3	81816 4794 368 127
59	85259	0.0	3	80120 4598 455 86
60	86529	0.0	3	80120 6018 281 110
61	161887	0.0	3	155468 5845 465 109
62	2630	0.0	3	436 1903 211 80
63	81215	0.0	3	76565 4143 435 72
64	82312	0.0	3	76367 5548 273 124
65	152072	0.0	3	146074 5387 506 105
66	2317	0.0	3	372 1701 191 53
67	74053	0.0	3	69750 3860 363 80
68	71315	0.0	3	67151 3763 317 84
69	68371	0.0	3	64434 3523 320 94
70	65583	0.0	3	61745 3485 292 61
71	63941	0.0	3	60063 3524 289 65
72	75787	0.0	3	71894 3519 305 69
73	58120	0.0	3	54769 3054 243 54
74	57066	0.0	3	53812 2941 266 47
75	53472	0.0	3	50585 2608 238 41
76	50699	0.0	3	47803 2659 192 45
77	47724	0.0	3	45133 2379 171 41
78	42246	0.0	3	39892 2144 170 40
79	39039	0.0	3	36824 2051 144 20
80	36781	0.0	3	34776 1833 131 41
81	31243	0.0	3	29501 1583 127 32
82	29171	0.0	3	27546 1503 104 18
83	26953	0.0	3	25562 1276 94 21
84	23809	0.0	3	22547 1155 90 17
85	21618	0.0	3	20430 1083 75 30
86	19584	0.0	3	18552 959 55 18
87	17756	0.0	3	16768 903 67 18
88	15642	0.0	3	14779 790 58 15
89	13133	0.0	3	12431 643 44 15
90	11983	0.0	3	11318 604 41 20
91	10522	0.0	3	9975 496 37 14
92	8991	0.0	3	8514 438 28 11
93	7186	0.0	3	6783 378 19 6
94	6128	0.0	3	5826 286 14 2
95	5377	0.0	3	5119 239 14 5
96	4165	0.0	3	3929 214 16 6
97	3808	0.0	3	3614 174 17 3
98	3423	0.0	3	3237 166 16 4
99	3012	0.0	3	2866 131 9 6
100	2458	0.0	3	2340 107 7 4
101	2175	0.0	3	2055 110 4 6
102	1768	0.0	3	1684 75 7 2
103	1290	0.0	3	1204 83 3
104	1143	0.0	3	1075 60 4 4
105	952	0.0	3	893 54 2 3
106	851	0.0	3	797 39 8 7
107	727	0.0	3	685 38 3 1
108	617	0.0	3	589 23 2 3
109	554	0.0	3	521 30 2 1
110	519	0.0	3	493 20 4 2
111	436	0.0	3	409 21 4 2
112	379	0.0	3	358 18 3
113	345	0.0	3	314 25 3 3
114	321	0.0	3	297 22 2
115	301	0.0	3	279 19 2 1
116	303	0.0	3	284 16 0 3
117	303	0.0	3	282 16 3 2
118	291	0.0	3	266 20 3 2
119	247	0.0	3	228 18 0 1
120	292	0.0	3	274 16 1 1
121	266	0.0	3	250 14 1 1
122	327	0.0	3	302 20 4 1
123	318	0.0	3	290 22 3 3
124	339	0.0	3	313 22 4
125	336	0.0	3	315 20 1
126	404	0.0	3	375 27 1 1
127	413	0.0	3	386 26 1
128	475	0.0	3	446 25 3 1
129	542	0.0	3	514 28
130	548	0.0	3	517 28 2 1
131	606	0.0	3	562 42 2
132	651	0.0	3	596 55
133	730	0.0	3	681 47 2
134	798	0.0	3	746 47 4 1
135	856	0.0	3	802 50 2 2
136	928	0.0	3	858 64 6
137	1006	0.0	3	938 60 7 1
138	934	0.0	3	866 61 7
139	992	0.0	3	899 83 10
140	1126	0.0	3	1015 104 6 1
141	1212	0.0	3	1091 114 7
142	797	0.0	3	683 109 5
143	847	0.0	3	691 152 4
144	994	0.0	3	797 187 10
145	1127	0.0	3	912 206 8 1
146	1415	0.0	3	1031 363 20 1
147	1836	0.0	3	1035 757 42 2
148	2401	0.0	3	330 1939 130 2
149	6340	0.0	3	229 5766 326 19
150	15178	0.0	3	482 13808 829 59


=== Second read: Adapter 2 ===

Sequence: AGATCGGAAGAGCGTCGTGTAGGGAAAGAGTGTA; Type: regular 3'; Length: 34; Trimmed: 7601369 times

No. of allowed errors:
0-9 bp: 0; 10-19 bp: 1; 20-29 bp: 2; 30-34 bp: 3

Bases preceding removed adapters:
  A: 18.1%
  C: 26.1%
  G: 44.7%
  T: 10.9%
  none/other: 0.2%

Overview of removed sequences
length	count	expect	max.err	error counts
3	525830	316479.0	0	525830
4	190517	79119.7	0	190517
5	286827	19779.9	0	286827
8	89552	309.1	0	89552
9	180882	77.3	0	180882
10	725	19.3	1	0 725
11	184802	4.8	1	181637 3165
12	810	1.2	1	0 810
13	188629	0.3	1	184771 3858
14	522	0.1	1	0 522
15	93692	0.0	1	91092 2600
16	188115	0.0	1	183161 4954
17	856	0.0	1	0 856
18	186494	0.0	1	181583 4740 171
19	867	0.0	1	0 622 245
20	95726	0.0	2	91066 4230 430
21	380316	0.0	2	366552 12246 1518
22	1132	0.0	2	0 1005 127
23	416	0.0	2	0 126 290
24	676	0.0	2	0 543 133
25	96850	0.0	2	92364 3866 620
26	96135	0.0	2	91013 4607 515
27	189992	0.0	2	181845 6878 1269
28	1809	0.0	2	0 1627 123 59
29	193012	0.0	2	184474 7381 1131 26
30	1838	0.0	3	0 1666 97 75
31	191843	0.0	3	182533 7567 1190 553
32	1704	0.0	3	0 1496 150 58
33	192017	0.0	3	182050 8478 1053 436
34	1137	0.0	3	13 472 575 77
35	97203	0.0	3	29 91595 4942 637
36	96844	0.0	3	18 90817 5258 751
37	96502	0.0	3	17 90574 5290 621
38	96837	0.0	3	22 91027 5031 757
39	95849	0.0	3	41 90071 5042 695
40	96881	0.0	3	18 90865 5403 595
41	190802	0.0	3	33 180817 8721 1231
42	1799	0.0	3	0 139 1537 123
43	189869	0.0	3	70 180228 8456 1115
44	1489	0.0	3	0 193 1098 198
45	96128	0.0	3	37 90248 5297 546
46	188689	0.0	3	90 179395 8134 1070
47	1321	0.0	3	0 214 995 112
48	93352	0.0	3	25 88188 4573 566
49	93591	0.0	3	23 88347 4597 624
50	92807	0.0	3	28 87423 4684 672
51	93770	0.0	3	19 87590 5622 539
52	273365	0.0	3	116 260263 11610 1376
53	1227	0.0	3	1 340 664 222
54	1819	0.0	3	1 108 1612 98
55	267646	0.0	3	161 255838 10357 1290
56	1189	0.0	3	2 376 719 92
57	760	0.0	3	0 92 544 124
58	87175	0.0	3	10 82474 4177 514
59	168042	0.0	3	49 160947 6315 731
60	1250	0.0	3	0 213 875 162
61	83397	0.0	3	18 79068 3931 380
62	162628	0.0	3	88 156099 5750 691
63	1124	0.0	3	9 179 848 88
64	79818	0.0	3	40 76372 3042 364
65	79160	0.0	3	7 75249 3496 408
66	76503	0.0	3	21 72887 3210 385
67	74215	0.0	3	4 70739 3131 341
68	71285	0.0	3	52 67976 2898 359
69	68243	0.0	3	22 65059 2901 261
70	65413	0.0	3	12 62427 2709 265
71	63521	0.0	3	9 60692 2519 301
72	60556	0.0	3	8 57812 2482 254
73	58210	0.0	3	16 55692 2315 187
74	56039	0.0	3	31 53571 2225 212
75	53216	0.0	3	22 50925 2077 192
76	59277	0.0	3	7 56692 2343 235
77	47725	0.0	3	11 45654 1883 177
78	43393	0.0	3	7 41391 1824 171
79	40527	0.0	3	4 38818 1553 152
80	37992	0.0	3	9 36426 1426 131
81	32828	0.0	3	3 31452 1249 124
82	30132	0.0	3	7 28913 1117 95
83	26584	0.0	3	13 25467 1015 89
84	24077	0.0	3	3 23114 867 93
85	22279	0.0	3	11 21408 780 80
86	19638	0.0	3	8 18792 748 90
87	17525	0.0	3	2 16768 673 82
88	15651	0.0	3	0 15021 558 72
89	13863	0.0	3	4 13295 508 56
90	12079	0.0	3	2 11566 464 47
91	10590	0.0	3	2 10128 413 47
92	8964	0.0	3	0 8553 365 46
93	7488	0.0	3	0 7132 308 48
94	6199	0.0	3	4 5923 238 34
95	5162	0.0	3	0 4937 197 28
96	4432	0.0	3	0 4219 189 24
97	3794	0.0	3	3 3644 119 28
98	3536	0.0	3	1 3357 159 19
99	2960	0.0	3	3 2824 110 23
100	2504	0.0	3	0 2362 119 23
101	2164	0.0	3	1 2048 97 18
102	1748	0.0	3	0 1667 64 17
103	1377	0.0	3	0 1303 64 10
104	1202	0.0	3	0 1128 63 11
105	1018	0.0	3	0 967 35 16
106	839	0.0	3	0 804 25 10
107	787	0.0	3	1 729 51 6
108	702	0.0	3	2 661 27 12
109	585	0.0	3	0 554 22 9
110	566	0.0	3	0 522 37 7
111	491	0.0	3	0 457 31 3
112	422	0.0	3	0 388 23 11
113	355	0.0	3	0 313 30 12
114	363	0.0	3	0 331 26 6
115	356	0.0	3	0 316 27 13
116	329	0.0	3	0 292 28 9
117	310	0.0	3	0 285 18 7
118	322	0.0	3	0 289 23 10
119	297	0.0	3	0 269 24 4
120	303	0.0	3	0 269 23 11
121	315	0.0	3	0 285 22 8
122	320	0.0	3	0 291 18 11
123	313	0.0	3	1 293 16 3
124	336	0.0	3	0 307 19 10
125	386	0.0	3	0 357 24 5
126	373	0.0	3	0 347 23 3
127	424	0.0	3	0 389 30 5
128	501	0.0	3	0 452 45 4
129	518	0.0	3	1 483 31 3
130	515	0.0	3	0 474 36 5
131	593	0.0	3	0 554 30 9
132	674	0.0	3	1 631 38 4
133	710	0.0	3	0 674 31 5
134	794	0.0	3	0 755 34 5
135	853	0.0	3	0 801 45 7
136	932	0.0	3	0 874 51 7
137	988	0.0	3	2 934 49 3
138	918	0.0	3	0 859 57 2
139	990	0.0	3	1 924 57 8
140	1126	0.0	3	1 1051 71 3
141	1234	0.0	3	1 1163 67 3
142	735	0.0	3	0 648 83 4
143	820	0.0	3	0 715 98 7
144	964	0.0	3	0 829 128 7
145	1018	0.0	3	0 864 144 10
146	1324	0.0	3	0 1093 224 7
147	1648	0.0	3	0 1153 479 16
148	1540	0.0	3	0 353 1156 31
149	5225	0.0	3	0 193 4852 180
150	17290	0.0	3	0 595 16094 601
