This is cutadapt 2.9 with Python 3.5.2
Command line parameters: --nextseq-trim 10 --minimum-length 25 --cores 4 -a AGATCGGAAGAGCACACGTCTGAACTCCAGTCAC -A AGATCGGAAGAGCGTCGTGTAGGGAAAGAGTGTA -o Pacuta_ATAC_TP6_1468_R1_TrimmingRound1.fastq.gz -p Pacuta_ATAC_TP6_1468_R2_TrimmingRound1.fastq.gz Pacuta_ATAC_TP6_1468_R1.fastq.gz Pacuta_ATAC_TP6_1468_R2.fastq.gz
Processing reads on 4 cores in paired-end mode ...
Finished in 771.23 s (34 us/read; 1.75 M reads/minute).

=== Summary ===

Total read pairs processed:         22,512,663
  Read 1 with adapter:               8,654,787 (38.4%)
  Read 2 with adapter:               8,831,272 (39.2%)
Pairs written (passing filters):    22,445,104 (99.7%)

Total basepairs processed: 6,753,798,900 bp
  Read 1: 3,376,899,450 bp
  Read 2: 3,376,899,450 bp
Quality-trimmed:              13,751,655 bp (0.2%)
  Read 1:     5,893,448 bp
  Read 2:     7,858,207 bp
Total written (filtered):  6,046,987,740 bp (89.5%)
  Read 1: 3,023,841,250 bp
  Read 2: 3,023,146,490 bp

=== First read: Adapter 1 ===

Sequence: AGATCGGAAGAGCACACGTCTGAACTCCAGTCAC; Type: regular 3'; Length: 34; Trimmed: 8654787 times

No. of allowed errors:
0-9 bp: 0; 10-19 bp: 1; 20-29 bp: 2; 30-34 bp: 3

Bases preceding removed adapters:
  A: 18.3%
  C: 28.5%
  G: 35.5%
  T: 17.6%
  none/other: 0.1%

Overview of removed sequences
length	count	expect	max.err	error counts
3	408186	351760.4	0	408186
4	174968	87940.1	0	174968
5	322888	21985.0	0	322888
8	102807	343.5	0	102807
9	206379	85.9	0	206379
10	551	21.5	1	0 551
11	210551	5.4	1	206547 4004
12	551	1.3	1	0 551
13	107948	0.3	1	105302 2646
14	108242	0.1	1	105425 2817
15	107852	0.0	1	104943 2909
16	107607	0.0	1	104186 3421
17	214960	0.0	1	209209 5751
18	809	0.0	1	0 748 61
19	109599	0.0	1	106082 3414 103
20	109319	0.0	2	104840 4180 299
21	218643	0.0	2	211519 6461 663
22	1219	0.0	2	0 1142 77
23	111180	0.0	2	106761 3975 444
24	111141	0.0	2	106564 4140 437
25	110653	0.0	2	105892 4326 435
26	110445	0.0	2	105383 4663 399
27	110216	0.0	2	105208 4467 541
28	112013	0.0	2	105472 6025 434 82
29	219749	0.0	2	210815 7899 879 156
30	2084	0.0	3	0 1540 188 356
31	111955	0.0	3	105866 5362 602 125
32	113086	0.0	3	106574 5719 661 132
33	112446	0.0	3	105565 6211 535 135
34	112979	0.0	3	105977 6280 573 149
35	112906	0.0	3	106025 6171 603 107
36	114088	0.0	3	105979 7179 748 182
37	221011	0.0	3	210482 9154 1144 231
38	3416	0.0	3	93 3127 160 36
39	220174	0.0	3	210186 8663 1080 245
40	2037	0.0	3	79 1782 148 28
41	111896	0.0	3	105545 5681 547 123
42	111805	0.0	3	105092 5917 668 128
43	112189	0.0	3	105538 5891 638 122
44	112425	0.0	3	105712 5960 559 194
45	113942	0.0	3	106981 6185 659 117
46	110714	0.0	3	103022 6938 616 138
47	216717	0.0	3	206940 8670 904 203
48	2388	0.0	3	374 1800 149 65
49	108668	0.0	3	102687 5271 599 111
50	109735	0.0	3	102422 6776 420 117
51	212124	0.0	3	202861 8318 765 180
52	2471	0.0	3	377 1849 224 21
53	109628	0.0	3	102493 6553 479 103
54	211959	0.0	3	202452 8590 740 177
55	2312	0.0	3	352 1788 141 31
56	106395	0.0	3	100530 5372 412 81
57	104261	0.0	3	98182 5503 476 100
58	102169	0.0	3	96208 5453 409 99
59	100388	0.0	3	94637 5205 481 65
60	100423	0.0	3	93550 6338 442 93
61	192337	0.0	3	183627 7854 699 157
62	2171	0.0	3	344 1661 138 28
63	95684	0.0	3	90273 4856 482 73
64	96767	0.0	3	90133 6158 401 75
65	181519	0.0	3	173203 7504 684 128
66	1862	0.0	3	263 1465 109 25
67	87861	0.0	3	82973 4372 448 68
68	84843	0.0	3	80038 4290 441 74
69	82437	0.0	3	77672 4331 369 65
70	78227	0.0	3	73904 3926 331 66
71	75467	0.0	3	71145 3916 350 56
72	92955	0.0	3	88119 4332 432 72
73	70182	0.0	3	66237 3519 361 65
74	69506	0.0	3	65681 3443 322 60
75	66067	0.0	3	62467 3235 296 69
76	61441	0.0	3	58049 3091 246 55
77	59566	0.0	3	56173 3085 244 64
78	53875	0.0	3	50904 2741 187 43
79	46999	0.0	3	44354 2416 196 33
80	44636	0.0	3	42323 2124 154 35
81	38307	0.0	3	36151 2009 118 29
82	36418	0.0	3	34393 1881 119 25
83	33144	0.0	3	31377 1589 152 26
84	30005	0.0	3	28375 1505 102 23
85	27841	0.0	3	26401 1285 135 20
86	24179	0.0	3	22848 1227 92 12
87	22118	0.0	3	20925 1099 79 15
88	19814	0.0	3	18775 943 85 11
89	16704	0.0	3	15803 835 56 10
90	15197	0.0	3	14447 699 44 7
91	13255	0.0	3	12577 624 47 7
92	11474	0.0	3	10901 533 30 10
93	9252	0.0	3	8781 427 37 7
94	7842	0.0	3	7440 374 23 5
95	7042	0.0	3	6685 321 31 5
96	5455	0.0	3	5165 265 22 3
97	5199	0.0	3	4951 231 13 4
98	4447	0.0	3	4227 206 13 1
99	4025	0.0	3	3837 175 12 1
100	3367	0.0	3	3182 171 10 4
101	2810	0.0	3	2659 139 8 4
102	2419	0.0	3	2285 113 17 4
103	1775	0.0	3	1670 94 9 2
104	1499	0.0	3	1428 64 5 2
105	1377	0.0	3	1296 71 7 3
106	1240	0.0	3	1169 68 3
107	1022	0.0	3	979 40 3
108	958	0.0	3	903 47 7 1
109	827	0.0	3	790 33 3 1
110	674	0.0	3	637 34 3
111	691	0.0	3	653 33 4 1
112	573	0.0	3	527 41 3 2
113	554	0.0	3	524 27 1 2
114	486	0.0	3	446 38 2
115	438	0.0	3	411 25 2
116	454	0.0	3	415 32 6 1
117	478	0.0	3	447 28 3
118	445	0.0	3	410 30 5
119	432	0.0	3	399 31 2
120	430	0.0	3	403 23 3 1
121	448	0.0	3	415 30 2 1
122	469	0.0	3	428 36 4 1
123	480	0.0	3	446 33 0 1
124	530	0.0	3	487 41 2
125	553	0.0	3	511 39 3
126	567	0.0	3	520 44 2 1
127	733	0.0	3	685 45 3
128	745	0.0	3	706 37 2
129	785	0.0	3	732 51 1 1
130	849	0.0	3	792 50 6 1
131	881	0.0	3	804 72 4 1
132	1079	0.0	3	1010 65 4
133	1189	0.0	3	1103 76 9 1
134	1260	0.0	3	1184 72 3 1
135	1425	0.0	3	1318 103 2 2
136	1590	0.0	3	1460 122 7 1
137	1689	0.0	3	1573 109 6 1
138	1675	0.0	3	1549 118 8
139	1672	0.0	3	1537 129 6
140	1970	0.0	3	1790 165 15
141	2036	0.0	3	1838 184 11 3
142	1386	0.0	3	1196 181 8 1
143	1448	0.0	3	1208 231 9
144	1574	0.0	3	1223 334 17
145	1717	0.0	3	1407 288 21 1
146	2120	0.0	3	1565 515 39 1
147	2599	0.0	3	1384 1155 54 6
148	3440	0.0	3	375 2876 180 9
149	9394	0.0	3	244 8627 495 28
150	22148	0.0	3	555 20376 1136 81


=== Second read: Adapter 2 ===

Sequence: AGATCGGAAGAGCGTCGTGTAGGGAAAGAGTGTA; Type: regular 3'; Length: 34; Trimmed: 8831272 times

No. of allowed errors:
0-9 bp: 0; 10-19 bp: 1; 20-29 bp: 2; 30-34 bp: 3

Bases preceding removed adapters:
  A: 17.6%
  C: 27.2%
  G: 44.8%
  T: 10.3%
  none/other: 0.1%

Overview of removed sequences
length	count	expect	max.err	error counts
3	561303	351760.4	0	561303
4	210508	87940.1	0	210508
5	327096	21985.0	0	327096
8	102719	343.5	0	102719
9	206184	85.9	0	206184
10	831	21.5	1	0 831
11	210378	5.4	1	206344 4034
12	805	1.3	1	0 805
13	215877	0.3	1	211072 4805
14	549	0.1	1	0 549
15	107366	0.0	1	104341 3025
16	214801	0.0	1	208752 6049
17	906	0.0	1	0 906
18	214871	0.0	1	208659 5987 225
19	898	0.0	1	0 630 268
20	110079	0.0	2	104424 5171 484
21	438033	0.0	2	421735 14632 1666
22	1092	0.0	2	0 955 137
23	474	0.0	2	0 141 333
24	782	0.0	2	0 625 157
25	110209	0.0	2	104985 4576 648
26	110914	0.0	2	104745 5596 573
27	218888	0.0	2	208875 8496 1517
28	1830	0.0	2	0 1634 115 81
29	220686	0.0	2	210093 9194 1356 43
30	1946	0.0	3	0 1747 121 78
31	222484	0.0	3	210934 9668 1323 559
32	1353	0.0	3	0 1000 203 150
33	111990	0.0	3	105013 5307 1345 325
34	112565	0.0	3	22 105659 6171 713
35	112557	0.0	3	48 105482 6250 777
36	112878	0.0	3	29 105148 6852 849
37	221466	0.0	3	60 208988 10724 1694
38	1302	0.0	3	7 101 1022 172
39	111542	0.0	3	52 104643 5923 924
40	112384	0.0	3	27 104823 6650 884
41	221351	0.0	3	32 209190 10501 1628
42	1970	0.0	3	0 137 1733 100
43	221378	0.0	3	69 209589 10259 1461
44	1512	0.0	3	0 256 1042 214
45	112166	0.0	3	41 104985 6338 802
46	218870	0.0	3	108 207394 9864 1504
47	1464	0.0	3	0 247 1061 156
48	109266	0.0	3	24 102877 5551 814
49	108700	0.0	3	22 102194 5635 849
50	108241	0.0	3	25 101663 5586 967
51	108811	0.0	3	28 101293 6734 756
52	320907	0.0	3	179 304536 13960 2232
53	1281	0.0	3	1 463 534 283
54	2231	0.0	3	4 110 2000 117
55	313701	0.0	3	234 298828 12888 1751
56	1076	0.0	3	1 437 519 119
57	983	0.0	3	0 103 697 183
58	102417	0.0	3	28 96341 5334 714
59	197177	0.0	3	77 188106 7867 1127
60	1347	0.0	3	2 247 906 192
61	98682	0.0	3	29 93077 4941 635
62	191319	0.0	3	112 182977 7131 1099
63	1174	0.0	3	7 194 863 110
64	94605	0.0	3	44 90081 3930 550
65	93597	0.0	3	17 88636 4321 623
66	90534	0.0	3	28 85851 4053 602
67	88014	0.0	3	16 83521 3932 545
68	84775	0.0	3	41 80471 3730 533
69	82219	0.0	3	22 78220 3555 422
70	78032	0.0	3	24 74269 3345 394
71	75019	0.0	3	10 71352 3241 416
72	72835	0.0	3	12 69285 3153 385
73	70176	0.0	3	28 66807 2989 352
74	67885	0.0	3	28 64564 2924 369
75	64791	0.0	3	23 61757 2732 279
76	72675	0.0	3	7 69149 3107 412
77	58436	0.0	3	27 55736 2378 295
78	53943	0.0	3	6 51435 2228 274
79	50239	0.0	3	19 47901 2064 255
80	46893	0.0	3	11 44720 1962 200
81	40835	0.0	3	13 39040 1601 181
82	37330	0.0	3	13 35648 1466 203
83	33243	0.0	3	22 31680 1374 167
84	30217	0.0	3	5 28901 1171 140
85	28226	0.0	3	10 26948 1122 146
86	24272	0.0	3	6 23221 926 119
87	22364	0.0	3	3 21352 912 97
88	19959	0.0	3	2 19068 785 104
89	17914	0.0	3	4 17069 752 89
90	15668	0.0	3	0 14973 618 77
91	13391	0.0	3	4 12797 533 57
92	11403	0.0	3	1 10892 452 58
93	9459	0.0	3	0 9005 411 43
94	7937	0.0	3	2 7594 299 42
95	6836	0.0	3	4 6534 264 34
96	5818	0.0	3	0 5589 201 28
97	5147	0.0	3	1 4910 211 25
98	4654	0.0	3	2 4428 196 28
99	3976	0.0	3	2 3771 171 32
100	3343	0.0	3	0 3169 143 31
101	2880	0.0	3	1 2729 134 16
102	2361	0.0	3	1 2248 93 19
103	1939	0.0	3	1 1832 89 17
104	1600	0.0	3	2 1502 83 13
105	1403	0.0	3	2 1323 61 17
106	1190	0.0	3	0 1120 57 13
107	1114	0.0	3	0 1043 60 11
108	1003	0.0	3	1 940 50 12
109	855	0.0	3	0 794 48 13
110	759	0.0	3	0 707 40 12
111	721	0.0	3	2 676 29 14
112	618	0.0	3	0 581 30 7
113	585	0.0	3	0 531 45 9
114	490	0.0	3	0 447 36 7
115	513	0.0	3	0 480 23 10
116	505	0.0	3	1 465 24 15
117	461	0.0	3	0 429 24 8
118	453	0.0	3	0 421 26 6
119	481	0.0	3	0 436 30 15
120	445	0.0	3	1 409 28 7
121	460	0.0	3	0 426 26 8
122	456	0.0	3	1 415 34 6
123	487	0.0	3	1 449 27 10
124	557	0.0	3	0 513 38 6
125	561	0.0	3	0 513 44 4
126	585	0.0	3	0 536 41 8
127	728	0.0	3	0 683 41 4
128	738	0.0	3	0 687 42 9
129	756	0.0	3	0 698 52 6
130	847	0.0	3	0 799 43 5
131	843	0.0	3	0 793 47 3
132	1034	0.0	3	0 963 66 5
133	1163	0.0	3	0 1081 77 5
134	1252	0.0	3	0 1174 71 7
135	1419	0.0	3	0 1338 77 4
136	1545	0.0	3	0 1457 81 7
137	1682	0.0	3	0 1575 103 4
138	1661	0.0	3	0 1560 93 8
139	1614	0.0	3	0 1512 99 3
140	1985	0.0	3	1 1821 148 15
141	2105	0.0	3	0 1967 132 6
142	1314	0.0	3	0 1173 133 8
143	1401	0.0	3	0 1196 194 11
144	1405	0.0	3	0 1165 232 8
145	1688	0.0	3	0 1471 204 13
146	2006	0.0	3	0 1630 355 21
147	2283	0.0	3	0 1532 724 27
148	2365	0.0	3	0 425 1857 83
149	7764	0.0	3	0 239 7244 281
150	24962	0.0	3	0 653 23349 960
