This is cutadapt 2.9 with Python 3.5.2
Command line parameters: --nextseq-trim 10 --minimum-length 25 --cores 4 -a AGATCGGAAGAGCACACGTCTGAACTCCAGTCAC -A AGATCGGAAGAGCGTCGTGTAGGGAAAGAGTGTA -o Pacuta_ATHC_TP10_2197_R1_TrimmingRound1.fastq.gz -p Pacuta_ATHC_TP10_2197_R2_TrimmingRound1.fastq.gz Pacuta_ATHC_TP10_2197_R1.fastq.gz Pacuta_ATHC_TP10_2197_R2.fastq.gz
Processing reads on 4 cores in paired-end mode ...
Finished in 604.43 s (35 us/read; 1.70 M reads/minute).

=== Summary ===

Total read pairs processed:         17,097,186
  Read 1 with adapter:               7,230,448 (42.3%)
  Read 2 with adapter:               6,654,351 (38.9%)
Pairs written (passing filters):    16,995,181 (99.4%)

Total basepairs processed: 5,129,155,800 bp
  Read 1: 2,564,577,900 bp
  Read 2: 2,564,577,900 bp
Quality-trimmed:              27,773,208 bp (0.5%)
  Read 1:     5,468,709 bp
  Read 2:    22,304,499 bp
Total written (filtered):  4,672,984,448 bp (91.1%)
  Read 1: 2,325,892,618 bp
  Read 2: 2,347,091,830 bp

=== First read: Adapter 1 ===

Sequence: AGATCGGAAGAGCACACGTCTGAACTCCAGTCAC; Type: regular 3'; Length: 34; Trimmed: 7230448 times

No. of allowed errors:
0-9 bp: 0; 10-19 bp: 1; 20-29 bp: 2; 30-34 bp: 3

Bases preceding removed adapters:
  A: 19.1%
  C: 34.4%
  G: 22.0%
  T: 24.4%
  none/other: 0.1%

Overview of removed sequences
length	count	expect	max.err	error counts
3	314099	267143.5	0	314099
4	150120	66785.9	0	150120
5	309851	16696.5	0	309851
8	99678	260.9	0	99678
9	195926	65.2	0	195926
10	640	16.3	1	0 640
11	265089	4.1	1	195259 69830
12	730	1.0	1	0 730
13	134232	0.3	1	98604 35628
14	140203	0.1	1	102181 38022
15	135578	0.0	1	99672 35906
16	142907	0.0	1	104105 38802
17	271237	0.0	1	199376 71861
18	1377	0.0	1	0 1188 189
19	137861	0.0	1	100144 37051 666
20	136387	0.0	2	96990 36851 2546
21	271285	0.0	2	195314 71185 4786
22	2040	0.0	2	0 1380 660
23	138074	0.0	2	98347 36870 2857
24	140137	0.0	2	99206 37759 3172
25	138461	0.0	2	97666 37646 3149
26	139764	0.0	2	98615 37873 3276
27	138063	0.0	2	97534 37103 3426
28	137656	0.0	2	96018 38009 3537 92
29	263274	0.0	2	187542 70081 5356 295
30	3102	0.0	3	0 1788 966 348
31	134176	0.0	3	94035 35550 3361 1230
32	129015	0.0	3	89657 35153 3101 1104
33	130687	0.0	3	91188 35233 3234 1032
34	130023	0.0	3	90424 35108 3382 1109
35	129982	0.0	3	90436 35287 3271 988
36	129502	0.0	3	89551 35322 3468 1161
37	127116	0.0	3	87447 35267 3312 1090
38	239671	0.0	3	169006 63723 5194 1748
39	4506	0.0	3	435 2775 1075 221
40	230058	0.0	3	161890 61468 4880 1820
41	2949	0.0	3	225 1672 840 212
42	113085	0.0	3	78737 30631 2796 921
43	113448	0.0	3	79109 30775 2688 876
44	100131	0.0	3	69838 27439 2143 711
45	114283	0.0	3	79996 30835 2637 815
46	92393	0.0	3	64488 25188 2125 592
47	191100	0.0	3	135571 50855 3490 1184
48	2288	0.0	3	164 1324 612 188
49	89456	0.0	3	62810 24062 2013 571
50	86700	0.0	3	60643 23524 1954 579
51	156036	0.0	3	111139 41375 2679 843
52	2885	0.0	3	670 1367 681 167
53	74895	0.0	3	52263 20476 1677 479
54	142445	0.0	3	100704 38229 2629 883
55	1717	0.0	3	151 1004 448 114
56	62260	0.0	3	44332 16454 1132 342
57	61576	0.0	3	43191 16812 1257 316
58	55380	0.0	3	38873 15202 988 317
59	52125	0.0	3	36595 14171 1062 297
60	50284	0.0	3	35344 13633 1011 296
61	82538	0.0	3	58732 22227 1171 408
62	1163	0.0	3	197 602 295 69
63	38676	0.0	3	27162 10560 754 200
64	35234	0.0	3	24540 9799 721 174
65	60779	0.0	3	43389 16225 890 275
66	927	0.0	3	167 513 204 43
67	26662	0.0	3	18817 7259 432 154
68	25238	0.0	3	17506 7035 535 162
69	23993	0.0	3	16577 6760 531 125
70	59867	0.0	3	43358 15875 524 110
71	24262	0.0	3	17046 6631 451 134
72	16390	0.0	3	11392 4523 376 99
73	8897	0.0	3	6065 2535 216 81
74	7541	0.0	3	5177 2147 162 55
75	6871	0.0	3	4708 1973 140 50
76	6160	0.0	3	4284 1707 132 37
77	5546	0.0	3	3801 1611 110 24
78	4152	0.0	3	2872 1162 99 19
79	3635	0.0	3	2528 999 81 27
80	2937	0.0	3	2058 798 62 19
81	2696	0.0	3	1875 743 57 21
82	2170	0.0	3	1526 591 40 13
83	1922	0.0	3	1289 577 45 11
84	1592	0.0	3	1088 467 30 7
85	1434	0.0	3	984 399 39 12
86	1331	0.0	3	912 380 31 8
87	1108	0.0	3	754 315 28 11
88	1039	0.0	3	718 289 21 11
89	795	0.0	3	553 224 14 4
90	708	0.0	3	490 201 12 5
91	612	0.0	3	406 188 11 7
92	508	0.0	3	367 126 11 4
93	430	0.0	3	285 128 14 3
94	343	0.0	3	233 102 6 2
95	346	0.0	3	227 106 9 4
96	263	0.0	3	180 75 7 1
97	245	0.0	3	174 60 11
98	219	0.0	3	146 64 8 1
99	180	0.0	3	119 51 9 1
100	161	0.0	3	111 43 6 1
101	138	0.0	3	92 38 7 1
102	121	0.0	3	76 35 6 4
103	87	0.0	3	54 27 5 1
104	73	0.0	3	54 16 3
105	78	0.0	3	45 30 3
106	63	0.0	3	38 16 8 1
107	41	0.0	3	18 15 6 2
108	43	0.0	3	28 9 5 1
109	41	0.0	3	22 9 8 2
110	40	0.0	3	19 8 11 2
111	42	0.0	3	19 9 14
112	42	0.0	3	16 12 14
113	30	0.0	3	15 3 12
114	32	0.0	3	8 6 18
115	32	0.0	3	7 7 16 2
116	30	0.0	3	8 1 21
117	28	0.0	3	4 6 18
118	23	0.0	3	3 0 19 1
119	37	0.0	3	3 3 28 3
120	38	0.0	3	6 2 30
121	47	0.0	3	4 0 41 2
122	37	0.0	3	2 2 32 1
123	38	0.0	3	2 1 32 3
124	43	0.0	3	0 2 40 1
125	41	0.0	3	1 0 37 3
126	40	0.0	3	1 1 38
127	50	0.0	3	1 4 45
128	54	0.0	3	1 3 49 1
129	65	0.0	3	3 0 61 1
130	60	0.0	3	2 1 57
131	71	0.0	3	1 1 66 3
132	61	0.0	3	3 0 56 2
133	89	0.0	3	2 2 85
134	86	0.0	3	2 0 80 4
135	103	0.0	3	0 0 100 3
136	101	0.0	3	0 2 94 5
137	127	0.0	3	2 0 124 1
138	122	0.0	3	1 2 114 5
139	144	0.0	3	2 0 137 5
140	162	0.0	3	1 3 154 4
141	166	0.0	3	3 2 159 2
142	194	0.0	3	2 2 182 8
143	269	0.0	3	1 0 260 8
144	274	0.0	3	1 0 266 7
145	324	0.0	3	2 3 313 6
146	371	0.0	3	2 2 354 13
147	549	0.0	3	3 3 525 18
148	911	0.0	3	2 4 874 31
149	2236	0.0	3	1 15 2131 89
150	5041	0.0	3	1 18 4837 185


=== Second read: Adapter 2 ===

Sequence: AGATCGGAAGAGCGTCGTGTAGGGAAAGAGTGTA; Type: regular 3'; Length: 34; Trimmed: 6654351 times

No. of allowed errors:
0-9 bp: 0; 10-19 bp: 1; 20-29 bp: 2; 30-34 bp: 3

Bases preceding removed adapters:
  A: 16.3%
  C: 34.0%
  G: 34.8%
  T: 14.8%
  none/other: 0.0%

Overview of removed sequences
length	count	expect	max.err	error counts
3	462006	267143.5	0	462006
4	166807	66785.9	0	166807
5	291668	16696.5	0	291668
8	92414	260.9	0	92414
9	181258	65.2	0	181258
10	865	16.3	1	0 865
11	237148	4.1	1	181175 55973
12	786	1.0	1	0 786
13	253716	0.3	1	191124 62592
14	452	0.1	1	0 452
15	120415	0.0	1	92079 28336
16	252803	0.0	1	192137 60666
17	544	0.0	1	0 544
18	227432	0.0	1	175348 51753 331
19	922	0.0	1	0 603 319
20	124157	0.0	2	91052 29834 3271
21	485332	0.0	2	359406 115130 10796
22	1984	0.0	2	0 1199 785
23	585	0.0	2	0 213 372
24	736	0.0	2	0 446 290
25	122878	0.0	2	90238 29446 3194
26	124957	0.0	2	90808 30568 3581
27	241807	0.0	2	177620 57737 6450
28	2464	0.0	2	0 1563 773 128
29	237225	0.0	2	172807 57672 6655 91
30	2584	0.0	3	0 1602 715 267
31	231736	0.0	3	168159 54562 5978 3037
32	2506	0.0	3	0 1615 637 254
33	231884	0.0	3	166901 55995 6424 2564
34	1967	0.0	3	38 657 848 424
35	114445	0.0	3	18 82883 28141 3403
36	116755	0.0	3	19 83413 29271 4052
37	107328	0.0	3	15 78116 26171 3026
38	110434	0.0	3	40 79227 27297 3870
39	102095	0.0	3	31 74359 24923 2782
40	104270	0.0	3	26 74707 26127 3410
41	195695	0.0	3	62 142726 47254 5653
42	2515	0.0	3	0 327 1574 614
43	186411	0.0	3	55 137072 44049 5235
44	1782	0.0	3	1 268 998 515
45	92026	0.0	3	24 66550 22682 2770
46	178174	0.0	3	37 131097 42078 4962
47	2059	0.0	3	3 520 1071 465
48	83427	0.0	3	19 60702 20340 2366
49	81660	0.0	3	15 59580 19603 2462
50	76280	0.0	3	23 55210 18632 2415
51	77230	0.0	3	21 55770 18836 2603
52	236330	0.0	3	70 177519 52068 6673
53	1351	0.0	3	1 281 713 356
54	1303	0.0	3	2 154 827 320
55	149986	0.0	3	29 108767 37762 3428
56	926	0.0	3	2 217 479 228
57	493	0.0	3	2 60 271 160
58	48360	0.0	3	16 34830 12210 1304
59	78341	0.0	3	24 56943 19598 1776
60	675	0.0	3	3 85 403 184
61	36532	0.0	3	10 26175 9398 949
62	66806	0.0	3	28 48613 16558 1607
63	432	0.0	3	2 32 283 115
64	24862	0.0	3	10 17820 6516 516
65	26101	0.0	3	27 19181 6306 587
66	25343	0.0	3	7 18437 6284 615
67	22978	0.0	3	7 16738 5729 504
68	22759	0.0	3	5 16738 5476 540
69	18921	0.0	3	6 13679 4777 459
70	16716	0.0	3	7 12262 4055 392
71	15088	0.0	3	7 11089 3637 355
72	13621	0.0	3	6 10049 3230 336
73	13288	0.0	3	3 9959 3041 285
74	14108	0.0	3	0 10888 2935 285
75	18277	0.0	3	1 14966 3002 308
76	12124	0.0	3	2 9297 2504 321
77	6467	0.0	3	4 4497 1764 202
78	5042	0.0	3	6 3404 1480 152
79	4266	0.0	3	3 2840 1309 114
80	4164	0.0	3	1 2746 1323 94
81	3262	0.0	3	0 2240 943 79
82	2696	0.0	3	2 1853 772 69
83	2437	0.0	3	0 1626 746 65
84	2058	0.0	3	1 1404 606 47
85	1882	0.0	3	0 1264 572 46
86	1619	0.0	3	0 1083 500 36
87	1327	0.0	3	0 829 464 34
88	1140	0.0	3	0 759 352 29
89	955	0.0	3	0 575 349 31
90	799	0.0	3	0 535 246 18
91	614	0.0	3	0 383 214 17
92	553	0.0	3	0 371 166 16
93	494	0.0	3	0 333 141 20
94	360	0.0	3	0 231 120 9
95	318	0.0	3	0 197 112 9
96	335	0.0	3	0 211 112 12
97	235	0.0	3	0 141 85 9
98	194	0.0	3	0 125 62 7
99	162	0.0	3	0 89 64 9
100	164	0.0	3	0 104 56 4
101	148	0.0	3	0 95 40 13
102	97	0.0	3	0 59 33 5
103	105	0.0	3	0 66 36 3
104	86	0.0	3	0 52 28 6
105	86	0.0	3	0 57 28 1
106	49	0.0	3	0 29 20
107	55	0.0	3	0 36 17 2
108	52	0.0	3	0 33 15 4
109	32	0.0	3	0 18 10 4
110	40	0.0	3	0 19 19 2
111	40	0.0	3	0 27 11 2
112	34	0.0	3	0 17 10 7
113	25	0.0	3	0 15 8 2
114	14	0.0	3	0 7 6 1
115	32	0.0	3	0 13 15 4
116	17	0.0	3	0 8 5 4
117	20	0.0	3	0 7 7 6
118	10	0.0	3	0 5 5
119	8	0.0	3	0 2 5 1
120	13	0.0	3	0 5 4 4
121	7	0.0	3	0 1 3 3
122	17	0.0	3	0 8 3 6
123	12	0.0	3	0 6 3 3
124	11	0.0	3	0 0 2 9
125	10	0.0	3	0 1 2 7
126	13	0.0	3	0 1 2 10
127	19	0.0	3	0 3 1 15
128	39	0.0	3	0 4 1 34
129	29	0.0	3	0 2 1 26
130	37	0.0	3	0 1 1 35
131	45	0.0	3	0 4 1 40
132	75	0.0	3	0 4 2 69
133	70	0.0	3	0 0 2 68
134	97	0.0	3	0 0 4 93
135	85	0.0	3	0 0 1 84
136	99	0.0	3	0 1 2 96
137	81	0.0	3	0 1 2 78
138	133	0.0	3	0 1 0 132
139	144	0.0	3	0 2 2 140
140	141	0.0	3	0 0 2 139
141	148	0.0	3	0 1 3 144
142	170	0.0	3	0 2 3 165
143	235	0.0	3	0 1 2 232
144	260	0.0	3	0 0 3 257
145	287	0.0	3	0 2 5 280
146	407	0.0	3	0 2 2 403
147	452	0.0	3	0 0 2 450
148	738	0.0	3	0 0 6 732
149	1866	0.0	3	0 1 9 1856
150	5773	0.0	3	0 1 28 5744
