This is cutadapt 2.9 with Python 3.5.2
Command line parameters: --nextseq-trim 10 --minimum-length 25 --cores 4 -a AGATCGGAAGAGCACACGTCTGAACTCCAGTCAC -A AGATCGGAAGAGCGTCGTGTAGGGAAAGAGTGTA -o Pacuta_ATAC_TP7_1445_R1_TrimmingRound1.fastq.gz -p Pacuta_ATAC_TP7_1445_R2_TrimmingRound1.fastq.gz Pacuta_ATAC_TP7_1445_R1.fastq.gz Pacuta_ATAC_TP7_1445_R2.fastq.gz
Processing reads on 4 cores in paired-end mode ...
Finished in 777.37 s (38 us/read; 1.60 M reads/minute).

=== Summary ===

Total read pairs processed:         20,690,496
  Read 1 with adapter:               8,146,223 (39.4%)
  Read 2 with adapter:               8,310,082 (40.2%)
Pairs written (passing filters):    20,581,731 (99.5%)

Total basepairs processed: 6,207,148,800 bp
  Read 1: 3,103,574,400 bp
  Read 2: 3,103,574,400 bp
Quality-trimmed:              12,334,694 bp (0.2%)
  Read 1:     5,143,317 bp
  Read 2:     7,191,377 bp
Total written (filtered):  5,526,731,433 bp (89.0%)
  Read 1: 2,763,668,698 bp
  Read 2: 2,763,062,735 bp

=== First read: Adapter 1 ===

Sequence: AGATCGGAAGAGCACACGTCTGAACTCCAGTCAC; Type: regular 3'; Length: 34; Trimmed: 8146223 times

No. of allowed errors:
0-9 bp: 0; 10-19 bp: 1; 20-29 bp: 2; 30-34 bp: 3

Bases preceding removed adapters:
  A: 19.2%
  C: 28.9%
  G: 33.4%
  T: 18.0%
  none/other: 0.5%

Overview of removed sequences
length	count	expect	max.err	error counts
3	373468	323289.0	0	373468
4	159475	80822.2	0	159475
5	292123	20205.6	0	292123
8	93185	315.7	0	93185
9	186949	78.9	0	186949
10	506	19.7	1	0 506
11	192604	4.9	1	189129 3475
12	487	1.2	1	0 487
13	98655	0.3	1	96317 2338
14	99050	0.1	1	96691 2359
15	98838	0.0	1	96316 2522
16	98606	0.0	1	95713 2893
17	196740	0.0	1	191656 5084
18	625	0.0	1	0 550 75
19	100643	0.0	1	97417 3069 157
20	100237	0.0	2	96166 3776 295
21	201785	0.0	2	195121 6026 638
22	912	0.0	2	0 832 80
23	102545	0.0	2	98509 3650 386
24	102960	0.0	2	98798 3782 380
25	102678	0.0	2	98419 3855 404
26	103346	0.0	2	98860 4082 404
27	102380	0.0	2	97842 4041 497
28	104205	0.0	2	98614 5093 429 69
29	205489	0.0	2	196936 7572 828 153
30	1343	0.0	3	0 917 180 246
31	104960	0.0	3	99649 4660 532 119
32	105449	0.0	3	99853 4917 528 151
33	105083	0.0	3	99213 5271 474 125
34	105968	0.0	3	99991 5325 514 138
35	105877	0.0	3	99735 5492 517 133
36	105073	0.0	3	98981 5431 525 136
37	104367	0.0	3	98472 5296 473 126
38	105367	0.0	3	99418 5305 495 149
39	105835	0.0	3	99830 5313 582 110
40	105913	0.0	3	99246 6151 397 119
41	209915	0.0	3	199907 9001 806 201
42	1489	0.0	3	95 1224 124 46
43	106497	0.0	3	100749 5211 424 113
44	106588	0.0	3	100580 5440 445 123
45	107617	0.0	3	101521 5474 526 96
46	105424	0.0	3	98991 5936 395 102
47	205263	0.0	3	195862 8564 657 180
48	1423	0.0	3	154 1103 119 47
49	103509	0.0	3	98146 4842 435 86
50	104730	0.0	3	98511 5821 286 112
51	205937	0.0	3	196724 8426 599 188
52	1658	0.0	3	251 1177 213 17
53	103584	0.0	3	97619 5518 343 104
54	204303	0.0	3	195064 8455 633 151
55	1526	0.0	3	236 1116 139 35
56	100910	0.0	3	95523 4956 351 80
57	99850	0.0	3	94285 5141 345 79
58	98146	0.0	3	92774 4943 323 106
59	95742	0.0	3	90475 4819 388 60
60	95708	0.0	3	89748 5588 303 69
61	185734	0.0	3	177263 7862 501 108
62	1352	0.0	3	186 995 114 57
63	91780	0.0	3	86775 4561 391 53
64	92219	0.0	3	86588 5258 301 72
65	174344	0.0	3	166216 7475 542 111
66	1206	0.0	3	150 934 92 30
67	84526	0.0	3	80114 4008 337 67
68	81755	0.0	3	77235 4137 324 59
69	77680	0.0	3	73483 3861 281 55
70	75089	0.0	3	71217 3565 236 71
71	72930	0.0	3	69058 3576 240 56
72	86573	0.0	3	82185 4006 318 64
73	66550	0.0	3	63010 3253 224 63
74	65519	0.0	3	62116 3084 250 69
75	60968	0.0	3	57851 2830 236 51
76	58351	0.0	3	55277 2859 166 49
77	55556	0.0	3	52725 2628 167 36
78	48732	0.0	3	46190 2359 148 35
79	45518	0.0	3	43133 2200 148 37
80	41635	0.0	3	39501 1996 111 27
81	38048	0.0	3	36067 1839 107 35
82	35341	0.0	3	33532 1712 73 24
83	30278	0.0	3	28737 1424 88 29
84	27853	0.0	3	26446 1324 69 14
85	25521	0.0	3	24189 1225 82 25
86	23158	0.0	3	22023 1047 62 26
87	20918	0.0	3	19875 974 58 11
88	19395	0.0	3	18398 932 48 17
89	16239	0.0	3	15458 736 31 14
90	13986	0.0	3	13240 677 46 23
91	12836	0.0	3	12218 584 24 10
92	10863	0.0	3	10339 500 19 5
93	8583	0.0	3	8141 411 25 6
94	7402	0.0	3	7040 338 18 6
95	6529	0.0	3	6221 286 19 3
96	5210	0.0	3	4981 204 20 5
97	4813	0.0	3	4553 242 13 5
98	4377	0.0	3	4158 206 9 4
99	3861	0.0	3	3664 182 10 5
100	3230	0.0	3	3064 151 10 5
101	2617	0.0	3	2471 137 7 2
102	2377	0.0	3	2260 103 8 6
103	1718	0.0	3	1634 74 8 2
104	1423	0.0	3	1335 76 11 1
105	1192	0.0	3	1117 70 5
106	1048	0.0	3	982 65 1
107	908	0.0	3	847 55 4 2
108	882	0.0	3	821 59 1 1
109	721	0.0	3	682 32 4 3
110	683	0.0	3	642 32 6 3
111	545	0.0	3	508 34 2 1
112	505	0.0	3	482 21 2
113	424	0.0	3	400 22 2
114	438	0.0	3	407 26 4 1
115	380	0.0	3	356 20 1 3
116	396	0.0	3	358 34 2 2
117	360	0.0	3	331 26 3
118	388	0.0	3	347 36 4 1
119	362	0.0	3	322 37 2 1
120	400	0.0	3	350 46 3 1
121	369	0.0	3	339 29 1
122	336	0.0	3	307 25 3 1
123	361	0.0	3	320 39 2
124	413	0.0	3	382 30 1
125	422	0.0	3	383 33 4 2
126	492	0.0	3	444 45 3
127	556	0.0	3	494 55 5 2
128	613	0.0	3	539 69 4 1
129	644	0.0	3	565 71 7 1
130	744	0.0	3	671 65 6 2
131	772	0.0	3	670 98 3 1
132	836	0.0	3	753 77 5 1
133	888	0.0	3	769 113 4 2
134	957	0.0	3	854 99 4
135	1063	0.0	3	944 113 6
136	1225	0.0	3	1061 157 7
137	1173	0.0	3	1031 132 9 1
138	1268	0.0	3	1084 180 4
139	1224	0.0	3	1013 194 16 1
140	1469	0.0	3	1190 260 17 2
141	1598	0.0	3	1329 256 12 1
142	1105	0.0	3	805 279 21
143	1309	0.0	3	860 417 30 2
144	1552	0.0	3	965 555 31 1
145	1678	0.0	3	1049 586 41 2
146	2392	0.0	3	1203 1113 73 3
147	3618	0.0	3	1089 2360 163 6
148	7198	0.0	3	414 6339 422 23
149	20754	0.0	3	282 19148 1259 65
150	51424	0.0	3	672 47544 3063 145


=== Second read: Adapter 2 ===

Sequence: AGATCGGAAGAGCGTCGTGTAGGGAAAGAGTGTA; Type: regular 3'; Length: 34; Trimmed: 8310082 times

No. of allowed errors:
0-9 bp: 0; 10-19 bp: 1; 20-29 bp: 2; 30-34 bp: 3

Bases preceding removed adapters:
  A: 19.0%
  C: 27.2%
  G: 42.5%
  T: 11.1%
  none/other: 0.2%

Overview of removed sequences
length	count	expect	max.err	error counts
3	520867	323289.0	0	520867
4	189435	80822.2	0	189435
5	294905	20205.6	0	294905
8	93158	315.7	0	93158
9	186938	78.9	0	186938
10	721	19.7	1	0 721
11	192573	4.9	1	189263 3310
12	685	1.2	1	0 685
13	197468	0.3	1	193555 3913
14	452	0.1	1	0 452
15	98592	0.0	1	96117 2475
16	197093	0.0	1	192124 4969
17	787	0.0	1	0 787
18	196752	0.0	1	191720 4804 228
19	713	0.0	1	0 481 232
20	100674	0.0	2	95982 4241 451
21	404817	0.0	2	390849 12438 1530
22	875	0.0	2	0 756 119
23	366	0.0	2	0 114 252
24	639	0.0	2	0 532 107
25	102269	0.0	2	97659 4002 608
26	103659	0.0	2	98456 4664 539
27	204001	0.0	2	195427 7265 1309
28	1490	0.0	2	0 1341 78 71
29	206241	0.0	2	197087 7924 1200 30
30	1509	0.0	3	0 1322 95 92
31	208052	0.0	3	198070 8141 1264 577
32	1633	0.0	3	0 1404 171 58
33	208932	0.0	3	198257 9079 1165 431
34	1090	0.0	3	12 381 563 134
35	105271	0.0	3	22 99451 5078 720
36	105121	0.0	3	11 98623 4982 1505
37	207618	0.0	3	28 115 8131 199344
38	1008	0.0	3	1 11 750 246
39	105247	0.0	3	49 104 4382 100712
40	105305	0.0	3	14 111 4797 100383
41	210152	0.0	3	34 213 7805 202100
42	1426	0.0	3	0 12 1129 285
43	210908	0.0	3	61 172 7645 203030
44	1229	0.0	3	1 1 821 406
45	105896	0.0	3	41 109 4738 101008
46	208280	0.0	3	81 275 7414 200510
47	1079	0.0	3	0 1 746 332
48	102663	0.0	3	18 168 4165 98312
49	103396	0.0	3	9 112 3989 99286
50	103667	0.0	3	27 108 4179 99353
51	105330	0.0	3	13 88 4735 100494
52	306777	0.0	3	137 296 10489 295855
53	1012	0.0	3	0 2 497 513
54	1672	0.0	3	0 2 1309 361
55	300653	0.0	3	175 531 9760 290187
56	865	0.0	3	0 19 469 377
57	718	0.0	3	0 5 452 261
58	98267	0.0	3	5 228 3803 94231
59	188618	0.0	3	54 153 5559 182852
60	1083	0.0	3	1 2 651 429
61	94939	0.0	3	21 93 3486 91339
62	183520	0.0	3	104 259 5382 177775
63	973	0.0	3	4 3 662 304
64	90624	0.0	3	36 131 2942 87515
65	89577	0.0	3	9 176 3132 86260
66	86295	0.0	3	21 154 2920 83200
67	84620	0.0	3	10 102 2815 81693
68	81622	0.0	3	43 35 2937 78607
69	77555	0.0	3	27 95 2610 74823
70	74906	0.0	3	16 41 2540 72309
71	72564	0.0	3	12 107 2386 70059
72	69227	0.0	3	11 62 2261 66893
73	66982	0.0	3	21 49 2198 64714
74	63943	0.0	3	25 47 2004 61867
75	60668	0.0	3	29 49 2022 58568
76	69031	0.0	3	7 114 2252 66658
77	55255	0.0	3	9 65 1803 53378
78	50478	0.0	3	9 72 1620 48777
79	46844	0.0	3	8 22 1507 45307
80	44719	0.0	3	13 38 1325 43343
81	37536	0.0	3	9 25 1106 36396
82	35263	0.0	3	6 23 1089 34145
83	31006	0.0	3	16 28 932 30030
84	27981	0.0	3	4 25 864 27088
85	26551	0.0	3	11 18 814 25708
86	23377	0.0	3	3 34 717 22623
87	21105	0.0	3	1 15 616 20473
88	18560	0.0	3	3 17 540 18000
89	16816	0.0	3	2 11 553 16250
90	14437	0.0	3	1 9 413 14014
91	12676	0.0	3	1 4 422 12249
92	10771	0.0	3	0 3 341 10427
93	8905	0.0	3	1 2 261 8641
94	7313	0.0	3	2 1 205 7105
95	6253	0.0	3	1 6 201 6045
96	5585	0.0	3	0 2 199 5384
97	4566	0.0	3	0 3 158 4405
98	4447	0.0	3	0 4 137 4306
99	3816	0.0	3	1 2 106 3707
100	3147	0.0	3	0 4 101 3042
101	2686	0.0	3	1 2 102 2581
102	2300	0.0	3	0 3 80 2217
103	1848	0.0	3	0 1 76 1771
104	1490	0.0	3	0 2 50 1438
105	1203	0.0	3	1 0 63 1139
106	1023	0.0	3	0 1 38 984
107	972	0.0	3	0 2 35 935
108	913	0.0	3	0 1 38 874
109	811	0.0	3	0 1 47 763
110	701	0.0	3	0 1 35 665
111	629	0.0	3	0 0 37 592
112	526	0.0	3	0 2 31 493
113	440	0.0	3	0 1 28 411
114	468	0.0	3	0 0 27 441
115	433	0.0	3	0 1 23 409
116	420	0.0	3	0 0 22 398
117	369	0.0	3	0 0 28 341
118	383	0.0	3	0 0 32 351
119	364	0.0	3	1 1 20 342
120	384	0.0	3	0 1 19 364
121	383	0.0	3	1 0 22 360
122	386	0.0	3	0 0 29 357
123	410	0.0	3	0 1 35 374
124	425	0.0	3	1 2 44 378
125	450	0.0	3	0 0 36 414
126	486	0.0	3	0 0 33 453
127	478	0.0	3	0 0 33 445
128	590	0.0	3	0 0 36 554
129	620	0.0	3	0 1 47 572
130	680	0.0	3	0 0 58 622
131	739	0.0	3	0 0 49 690
132	793	0.0	3	0 0 51 742
133	853	0.0	3	0 0 78 775
134	958	0.0	3	0 0 86 872
135	965	0.0	3	0 1 88 876
136	1192	0.0	3	0 0 93 1099
137	1177	0.0	3	1 0 92 1084
138	1188	0.0	3	0 1 91 1096
139	1163	0.0	3	0 2 116 1045
140	1396	0.0	3	1 1 153 1241
141	1616	0.0	3	0 3 201 1412
142	1023	0.0	3	0 1 218 804
143	1201	0.0	3	3 1 303 894
144	1380	0.0	3	0 2 428 950
145	1509	0.0	3	0 0 444 1065
146	1957	0.0	3	0 0 742 1215
147	2844	0.0	3	0 1 1533 1310
148	4771	0.0	3	0 3 4202 566
149	17417	0.0	3	0 6 16573 838
150	57569	0.0	3	0 8 54883 2678
