This is cutadapt 2.9 with Python 3.5.2
Command line parameters: --nextseq-trim 10 --minimum-length 25 --cores 4 -a AGATCGGAAGAGCACACGTCTGAACTCCAGTCAC -A AGATCGGAAGAGCGTCGTGTAGGGAAAGAGTGTA -o Pacuta_HTAC_TP1_2005_R1_TrimmingRound1.fastq.gz -p Pacuta_HTAC_TP1_2005_R2_TrimmingRound1.fastq.gz Pacuta_HTAC_TP1_2005_R1.fastq.gz Pacuta_HTAC_TP1_2005_R2.fastq.gz
Processing reads on 4 cores in paired-end mode ...
Finished in 586.70 s (35 us/read; 1.73 M reads/minute).

=== Summary ===

Total read pairs processed:         16,963,733
  Read 1 with adapter:               8,177,052 (48.2%)
  Read 2 with adapter:               7,332,199 (43.2%)
Pairs written (passing filters):    16,774,615 (98.9%)

Total basepairs processed: 5,089,119,900 bp
  Read 1: 2,544,559,950 bp
  Read 2: 2,544,559,950 bp
Quality-trimmed:              48,460,314 bp (1.0%)
  Read 1:     5,409,141 bp
  Read 2:    43,051,173 bp
Total written (filtered):  4,549,188,167 bp (89.4%)
  Read 1: 2,260,512,506 bp
  Read 2: 2,288,675,661 bp

=== First read: Adapter 1 ===

Sequence: AGATCGGAAGAGCACACGTCTGAACTCCAGTCAC; Type: regular 3'; Length: 34; Trimmed: 8177052 times

No. of allowed errors:
0-9 bp: 0; 10-19 bp: 1; 20-29 bp: 2; 30-34 bp: 3

Bases preceding removed adapters:
  A: 20.5%
  C: 39.3%
  G: 16.8%
  T: 23.4%
  none/other: 0.0%

Overview of removed sequences
length	count	expect	max.err	error counts
3	291698	265058.3	0	291698
4	150267	66264.6	0	150267
5	332379	16566.1	0	332379
8	106074	258.8	0	106074
9	209500	64.7	0	209500
10	653	16.2	1	0 653
11	285956	4.0	1	208134 77822
12	684	1.0	1	0 684
13	147806	0.3	1	107574 40232
14	153918	0.1	1	111750 42168
15	153172	0.0	1	110931 42241
16	161824	0.0	1	116972 44852
17	308115	0.0	1	224896 83219
18	1163	0.0	1	0 1007 156
19	154372	0.0	1	111059 42818 495
20	152054	0.0	2	107621 41661 2772
21	302118	0.0	2	214183 82684 5251
22	1735	0.0	2	0 1146 589
23	154714	0.0	2	108781 43029 2904
24	159049	0.0	2	111547 44128 3374
25	160858	0.0	2	112999 44346 3513
26	163017	0.0	2	113923 45488 3606
27	161119	0.0	2	112431 44796 3892
28	161463	0.0	2	112043 45194 4138 88
29	303062	0.0	2	212129 84538 6105 290
30	2878	0.0	3	0 1643 822 413
31	152889	0.0	3	104754 43217 3599 1319
32	146079	0.0	3	100419 41095 3399 1166
33	149771	0.0	3	102560 42351 3648 1212
34	150454	0.0	3	103465 42076 3692 1221
35	151702	0.0	3	104658 42474 3401 1169
36	151040	0.0	3	103856 42459 3577 1148
37	150234	0.0	3	103030 42795 3319 1090
38	147382	0.0	3	101305 41440 3464 1173
39	144365	0.0	3	99559 40321 3382 1103
40	138342	0.0	3	94639 39496 3212 995
41	259991	0.0	3	180731 72601 4960 1699
42	2730	0.0	3	267 1549 726 188
43	125307	0.0	3	86449 35303 2631 924
44	124028	0.0	3	85662 34871 2669 826
45	139985	0.0	3	95839 39760 3275 1111
46	109578	0.0	3	75189 31405 2309 675
47	232201	0.0	3	162318 64639 3927 1317
48	2430	0.0	3	296 1380 606 148
49	105374	0.0	3	72757 29960 1990 667
50	102520	0.0	3	70292 29410 2208 610
51	180002	0.0	3	125574 50499 2974 955
52	7597	0.0	3	3997 2640 764 196
53	85820	0.0	3	58438 25135 1741 506
54	167502	0.0	3	116338 47208 2990 966
55	2281	0.0	3	507 1126 500 148
56	74007	0.0	3	51750 20603 1255 399
57	74965	0.0	3	51776 21425 1352 412
58	65150	0.0	3	45131 18589 1130 300
59	64260	0.0	3	44390 18255 1245 370
60	60101	0.0	3	41323 17294 1149 335
61	94658	0.0	3	65308 27511 1433 406
62	1543	0.0	3	446 730 274 93
63	45459	0.0	3	31277 13189 773 220
64	38217	0.0	3	25766 11496 753 202
65	69535	0.0	3	48577 19737 934 287
66	1395	0.0	3	482 627 214 72
67	30233	0.0	3	20839 8729 485 180
68	29028	0.0	3	19861 8425 563 179
69	27964	0.0	3	18961 8306 546 151
70	65865	0.0	3	46163 18995 585 122
71	35532	0.0	3	24475 10413 514 130
72	19831	0.0	3	13519 5738 447 127
73	9083	0.0	3	6039 2723 234 87
74	6959	0.0	3	4727 1999 167 66
75	6209	0.0	3	4277 1732 147 53
76	5616	0.0	3	3752 1692 129 43
77	5005	0.0	3	3381 1484 108 32
78	3647	0.0	3	2427 1092 92 36
79	3176	0.0	3	2161 922 76 17
80	2754	0.0	3	1844 856 44 10
81	2323	0.0	3	1553 709 41 20
82	1972	0.0	3	1314 598 44 16
83	1637	0.0	3	1125 473 28 11
84	1360	0.0	3	895 434 25 6
85	1212	0.0	3	830 355 20 7
86	1117	0.0	3	751 340 18 8
87	915	0.0	3	606 283 19 7
88	870	0.0	3	595 255 16 4
89	691	0.0	3	459 213 12 7
90	583	0.0	3	395 175 7 6
91	437	0.0	3	296 123 11 7
92	424	0.0	3	295 113 13 3
93	379	0.0	3	246 130 2 1
94	296	0.0	3	199 90 6 1
95	253	0.0	3	177 69 4 3
96	195	0.0	3	111 72 9 3
97	157	0.0	3	110 40 3 4
98	158	0.0	3	105 46 7
99	133	0.0	3	86 37 10
100	118	0.0	3	82 32 3 1
101	102	0.0	3	70 24 7 1
102	88	0.0	3	54 26 7 1
103	74	0.0	3	41 26 6 1
104	65	0.0	3	34 27 4
105	60	0.0	3	38 17 3 2
106	40	0.0	3	19 14 5 2
107	39	0.0	3	21 12 5 1
108	21	0.0	3	12 6 3
109	21	0.0	3	7 11 3
110	23	0.0	3	9 3 11
111	27	0.0	3	9 5 13
112	33	0.0	3	18 6 8 1
113	22	0.0	3	8 2 12
114	32	0.0	3	9 7 16
115	24	0.0	3	4 4 15 1
116	23	0.0	3	5 2 16
117	13	0.0	3	3 0 9 1
118	25	0.0	3	3 3 18 1
119	33	0.0	3	4 4 25
120	18	0.0	3	3 0 13 2
121	28	0.0	3	3 1 24
122	40	0.0	3	3 2 35
123	23	0.0	3	2 0 21
124	27	0.0	3	1 1 25
125	38	0.0	3	0 1 34 3
126	45	0.0	3	0 0 43 2
127	55	0.0	3	5 1 47 2
128	39	0.0	3	1 2 32 4
129	45	0.0	3	2 0 43
130	52	0.0	3	4 3 44 1
131	53	0.0	3	1 2 48 2
132	59	0.0	3	1 2 55 1
133	82	0.0	3	1 2 79
134	61	0.0	3	2 0 59
135	91	0.0	3	2 0 84 5
136	106	0.0	3	0 0 106
137	110	0.0	3	0 2 103 5
138	109	0.0	3	1 1 103 4
139	111	0.0	3	1 2 107 1
140	143	0.0	3	1 1 140 1
141	168	0.0	3	0 5 157 6
142	207	0.0	3	0 2 202 3
143	287	0.0	3	2 3 272 10
144	276	0.0	3	0 5 264 7
145	304	0.0	3	0 7 287 10
146	402	0.0	3	1 8 374 19
147	474	0.0	3	1 5 456 12
148	866	0.0	3	0 9 834 23
149	2227	0.0	3	1 24 2129 73
150	5067	0.0	3	0 61 4830 176


=== Second read: Adapter 2 ===

Sequence: AGATCGGAAGAGCGTCGTGTAGGGAAAGAGTGTA; Type: regular 3'; Length: 34; Trimmed: 7332199 times

No. of allowed errors:
0-9 bp: 0; 10-19 bp: 1; 20-29 bp: 2; 30-34 bp: 3

Bases preceding removed adapters:
  A: 17.6%
  C: 40.3%
  G: 27.0%
  T: 15.1%
  none/other: 0.0%

Overview of removed sequences
length	count	expect	max.err	error counts
3	454254	265058.3	0	454254
4	167769	66264.6	0	167769
5	319970	16566.1	0	319970
8	101089	258.8	0	101089
9	197700	64.7	0	197700
10	714	16.2	1	0 714
11	248525	4.0	1	197084 51441
12	634	1.0	1	0 634
13	270485	0.3	1	212425 58060
14	397	0.1	1	0 397
15	132266	0.0	1	105306 26960
16	280044	0.0	1	221399 58645
17	573	0.0	1	0 573
18	251040	0.0	1	200576 50117 347
19	904	0.0	1	0 610 294
20	132587	0.0	2	100568 28751 3268
21	526055	0.0	2	400741 113757 11557
22	1972	0.0	2	0 1298 674
23	484	0.0	2	0 206 278
24	782	0.0	2	0 498 284
25	137852	0.0	2	104050 30326 3476
26	141015	0.0	2	104385 32379 4251
27	273851	0.0	2	205094 61110 7647
28	2447	0.0	2	0 1578 759 110
29	264162	0.0	2	194456 61458 8116 132
30	2556	0.0	3	0 1639 669 248
31	252492	0.0	3	186095 56100 6808 3489
32	2117	0.0	3	0 1162 700 255
33	129105	0.0	3	92249 30758 4406 1692
34	401718	0.0	3	291165 92243 13165 5145
35	2963	0.0	3	464 1296 734 469
36	1482	0.0	3	109 794 365 214
37	128239	0.0	3	92803 29452 4288 1696
38	134249	0.0	3	94511 32636 5062 2040
39	647443	0.0	3	493331 129696 17323 7093
40	5249	0.0	3	1364 2204 1008 673
41	1022	0.0	3	265 240 298 219
42	2122	0.0	3	240 1334 435 113
43	221554	0.0	3	166022 47600 5535 2397
44	1995	0.0	3	224 1194 425 152
45	107732	0.0	3	79935 23974 2720 1103
46	205197	0.0	3	152255 45466 5213 2263
47	4077	0.0	3	1728 1387 635 327
48	87546	0.0	3	62484 21221 2667 1174
49	130747	0.0	3	101312 24654 3290 1491
50	67549	0.0	3	45746 18270 2408 1125
51	117939	0.0	3	91139 22251 3115 1434
52	196629	0.0	3	140841 47171 5784 2833
53	1351	0.0	3	273 590 318 170
54	1305	0.0	3	230 719 262 94
55	123597	0.0	3	84154 34819 3269 1355
56	853	0.0	3	185 353 225 90
57	557	0.0	3	99 263 134 61
58	42610	0.0	3	29040 11712 1332 526
59	62495	0.0	3	42189 18109 1601 596
60	660	0.0	3	108 334 151 67
61	29633	0.0	3	19679 8703 899 352
62	54127	0.0	3	37097 14863 1531 636
63	416	0.0	3	55 210 117 34
64	19960	0.0	3	13349 5939 467 205
65	20873	0.0	3	14402 5716 533 222
66	23196	0.0	3	16455 5877 608 256
67	18499	0.0	3	12621 5156 479 243
68	19202	0.0	3	13481 4977 514 230
69	17169	0.0	3	11939 4555 484 191
70	16751	0.0	3	12116 4065 407 163
71	13331	0.0	3	9333 3486 353 159
72	12475	0.0	3	8777 3197 338 163
73	11394	0.0	3	8189 2787 290 128
74	10682	0.0	3	7851 2460 243 128
75	11708	0.0	3	8867 2469 255 117
76	11004	0.0	3	8334 2301 255 114
77	6349	0.0	3	4431 1650 167 101
78	4744	0.0	3	3169 1382 130 63
79	3952	0.0	3	2601 1200 93 58
80	3789	0.0	3	2469 1172 99 49
81	2798	0.0	3	1867 829 61 41
82	2366	0.0	3	1601 688 61 16
83	2111	0.0	3	1427 602 55 27
84	1777	0.0	3	1205 513 46 13
85	1684	0.0	3	1129 473 56 26
86	1334	0.0	3	877 413 27 17
87	1055	0.0	3	698 326 21 10
88	890	0.0	3	567 285 27 11
89	763	0.0	3	519 218 17 9
90	595	0.0	3	357 219 11 8
91	404	0.0	3	238 143 13 10
92	433	0.0	3	256 153 15 9
93	383	0.0	3	227 138 13 5
94	281	0.0	3	181 81 13 6
95	253	0.0	3	148 92 9 4
96	219	0.0	3	137 75 5 2
97	160	0.0	3	105 46 7 2
98	135	0.0	3	86 41 5 3
99	122	0.0	3	66 48 6 2
100	107	0.0	3	73 28 3 3
101	117	0.0	3	64 49 2 2
102	81	0.0	3	42 30 7 2
103	74	0.0	3	42 27 3 2
104	51	0.0	3	27 19 4 1
105	60	0.0	3	28 27 3 2
106	45	0.0	3	29 9 3 4
107	37	0.0	3	22 13 2
108	35	0.0	3	17 12 2 4
109	26	0.0	3	15 7 1 3
110	22	0.0	3	15 1 4 2
111	23	0.0	3	14 7 0 2
112	25	0.0	3	15 3 3 4
113	20	0.0	3	10 4 3 3
114	25	0.0	3	12 5 3 5
115	18	0.0	3	8 3 4 3
116	13	0.0	3	5 1 4 3
117	12	0.0	3	5 5 0 2
118	7	0.0	3	4 2 0 1
119	15	0.0	3	4 5 5 1
120	7	0.0	3	2 2 2 1
121	13	0.0	3	7 1 5
122	17	0.0	3	4 1 10 2
123	13	0.0	3	2 2 8 1
124	18	0.0	3	1 1 14 2
125	10	0.0	3	1 0 8 1
126	19	0.0	3	1 1 15 2
127	24	0.0	3	4 4 16
128	33	0.0	3	1 0 29 3
129	44	0.0	3	0 1 42 1
130	39	0.0	3	1 3 34 1
131	45	0.0	3	0 3 40 2
132	72	0.0	3	0 2 66 4
133	62	0.0	3	3 2 54 3
134	69	0.0	3	4 1 62 2
135	92	0.0	3	1 1 84 6
136	93	0.0	3	0 2 87 4
137	105	0.0	3	0 1 97 7
138	113	0.0	3	1 2 107 3
139	125	0.0	3	2 2 117 4
140	128	0.0	3	0 4 117 7
141	155	0.0	3	0 5 142 8
142	183	0.0	3	0 1 168 14
143	261	0.0	3	1 4 246 10
144	263	0.0	3	0 3 247 13
145	309	0.0	3	0 5 288 16
146	358	0.0	3	1 3 335 19
147	483	0.0	3	1 8 442 32
148	731	0.0	3	0 9 688 34
149	1844	0.0	3	0 17 1750 77
150	5920	0.0	3	0 71 5541 308
