This is cutadapt 2.9 with Python 3.5.2
Command line parameters: --nextseq-trim 10 --minimum-length 25 --cores 4 -a AGATCGGAAGAGCACACGTCTGAACTCCAGTCAC -A AGATCGGAAGAGCGTCGTGTAGGGAAAGAGTGTA -o Pacuta_ATAC_TP4_1060_R1_TrimmingRound1.fastq.gz -p Pacuta_ATAC_TP4_1060_R2_TrimmingRound1.fastq.gz Pacuta_ATAC_TP4_1060_R1.fastq.gz Pacuta_ATAC_TP4_1060_R2.fastq.gz
Processing reads on 4 cores in paired-end mode ...
Finished in 636.58 s (35 us/read; 1.70 M reads/minute).

=== Summary ===

Total read pairs processed:         18,048,399
  Read 1 with adapter:              10,137,018 (56.2%)
  Read 2 with adapter:               9,282,395 (51.4%)
Pairs written (passing filters):    17,913,397 (99.3%)

Total basepairs processed: 5,414,519,700 bp
  Read 1: 2,707,259,850 bp
  Read 2: 2,707,259,850 bp
Quality-trimmed:              32,186,527 bp (0.6%)
  Read 1:     6,066,468 bp
  Read 2:    26,120,059 bp
Total written (filtered):  4,708,562,268 bp (87.0%)
  Read 1: 2,338,110,696 bp
  Read 2: 2,370,451,572 bp

=== First read: Adapter 1 ===

Sequence: AGATCGGAAGAGCACACGTCTGAACTCCAGTCAC; Type: regular 3'; Length: 34; Trimmed: 10137018 times

No. of allowed errors:
0-9 bp: 0; 10-19 bp: 1; 20-29 bp: 2; 30-34 bp: 3

Bases preceding removed adapters:
  A: 19.5%
  C: 38.9%
  G: 17.9%
  T: 23.6%
  none/other: 0.1%

Overview of removed sequences
length	count	expect	max.err	error counts
3	270668	282006.2	0	270668
4	144368	70501.6	0	144368
5	334149	17625.4	0	334149
8	109268	275.4	0	109268
9	214921	68.8	0	214921
10	596	17.2	1	0 596
11	297270	4.3	1	216667 80603
12	590	1.1	1	0 590
13	154964	0.3	1	112567 42397
14	163622	0.1	1	118212 45410
15	162291	0.0	1	117695 44596
16	176423	0.0	1	127634 48789
17	329669	0.0	1	239138 90531
18	1043	0.0	1	0 911 132
19	168644	0.0	1	121284 46847 513
20	165026	0.0	2	115646 46045 3335
21	335608	0.0	2	237349 91766 6493
22	1814	0.0	2	0 1205 609
23	172808	0.0	2	120874 48323 3611
24	179548	0.0	2	125146 50207 4195
25	183554	0.0	2	127975 51329 4250
26	186938	0.0	2	130259 52266 4413
27	187688	0.0	2	130807 52312 4569
28	189469	0.0	2	130172 54204 4984 109
29	359548	0.0	2	251217 100373 7680 278
30	3145	0.0	3	0 1640 1025 480
31	182466	0.0	3	124299 51495 4894 1778
32	174599	0.0	3	119859 49119 4189 1432
33	182902	0.0	3	123973 52459 4882 1588
34	368296	0.0	3	254077 103268 8103 2848
35	3528	0.0	3	266 1998 977 287
36	191144	0.0	3	131108 53999 4526 1511
37	189575	0.0	3	129347 54062 4551 1615
38	187564	0.0	3	128284 52995 4659 1626
39	185721	0.0	3	126660 52957 4572 1532
40	347384	0.0	3	239516 98077 7188 2603
41	3490	0.0	3	322 1975 950 243
42	167857	0.0	3	114997 47810 3771 1279
43	168268	0.0	3	115118 47930 3886 1334
44	165759	0.0	3	113521 47040 3885 1313
45	182333	0.0	3	124749 51932 4201 1451
46	158825	0.0	3	108356 45484 3873 1112
47	326223	0.0	3	225959 91792 6305 2167
48	3432	0.0	3	391 1849 906 286
49	154163	0.0	3	106173 43776 3162 1052
50	148077	0.0	3	101229 42537 3348 963
51	269009	0.0	3	185800 76793 4725 1691
52	4277	0.0	3	1203 1932 910 232
53	127971	0.0	3	87088 37231 2781 871
54	252299	0.0	3	174255 71515 4826 1703
55	2475	0.0	3	335 1337 648 155
56	114579	0.0	3	79639 32289 2036 615
57	115223	0.0	3	79578 32721 2280 644
58	104656	0.0	3	72448 29788 1843 577
59	100351	0.0	3	68591 29145 1997 618
60	95780	0.0	3	65420 27859 1949 552
61	159638	0.0	3	109692 46651 2499 796
62	1831	0.0	3	359 940 420 112
63	73778	0.0	3	50233 21660 1431 454
64	67847	0.0	3	45932 20212 1334 369
65	120352	0.0	3	83077 34906 1805 564
66	1449	0.0	3	311 734 336 68
67	54936	0.0	3	37740 15976 929 291
68	52021	0.0	3	35674 15003 1023 321
69	51212	0.0	3	34469 15488 995 260
70	109529	0.0	3	76384 31858 1020 267
71	48355	0.0	3	32873 14374 854 254
72	35337	0.0	3	23791 10615 720 211
73	20617	0.0	3	13768 6222 482 145
74	18230	0.0	3	12052 5684 377 117
75	17412	0.0	3	11655 5304 357 96
76	15000	0.0	3	10125 4490 294 91
77	13853	0.0	3	9304 4209 253 87
78	10762	0.0	3	7251 3241 208 62
79	9461	0.0	3	6412 2808 185 56
80	8067	0.0	3	5392 2469 159 47
81	7008	0.0	3	4625 2212 134 37
82	5824	0.0	3	3907 1767 116 34
83	4597	0.0	3	3114 1347 103 33
84	4175	0.0	3	2742 1316 93 24
85	3701	0.0	3	2476 1129 74 22
86	3387	0.0	3	2230 1071 66 20
87	2940	0.0	3	1932 930 52 26
88	2657	0.0	3	1789 798 54 16
89	2075	0.0	3	1389 620 56 10
90	1778	0.0	3	1158 582 29 9
91	1662	0.0	3	1125 498 30 9
92	1382	0.0	3	937 413 23 9
93	1060	0.0	3	697 335 24 4
94	932	0.0	3	618 282 26 6
95	955	0.0	3	652 277 21 5
96	675	0.0	3	451 203 18 3
97	589	0.0	3	354 218 11 6
98	546	0.0	3	355 173 13 5
99	439	0.0	3	283 143 12 1
100	386	0.0	3	260 113 11 2
101	277	0.0	3	186 82 8 1
102	294	0.0	3	194 80 17 3
103	220	0.0	3	143 64 10 3
104	186	0.0	3	106 61 18 1
105	160	0.0	3	99 48 13
106	132	0.0	3	82 31 17 2
107	90	0.0	3	54 24 10 2
108	90	0.0	3	41 29 20
109	69	0.0	3	37 14 18
110	70	0.0	3	27 22 20 1
111	91	0.0	3	31 18 41 1
112	80	0.0	3	31 14 34 1
113	61	0.0	3	19 11 28 3
114	64	0.0	3	18 3 42 1
115	50	0.0	3	9 5 35 1
116	73	0.0	3	14 7 49 3
117	51	0.0	3	7 6 38
118	67	0.0	3	15 3 49
119	88	0.0	3	4 9 72 3
120	68	0.0	3	3 4 59 2
121	71	0.0	3	3 4 61 3
122	82	0.0	3	8 2 68 4
123	99	0.0	3	14 5 77 3
124	97	0.0	3	6 4 83 4
125	85	0.0	3	7 5 70 3
126	96	0.0	3	4 6 84 2
127	108	0.0	3	3 5 100
128	127	0.0	3	5 2 117 3
129	129	0.0	3	7 7 112 3
130	110	0.0	3	7 1 101 1
131	152	0.0	3	4 3 142 3
132	200	0.0	3	4 2 187 7
133	197	0.0	3	5 5 184 3
134	208	0.0	3	6 13 185 4
135	198	0.0	3	3 7 185 3
136	265	0.0	3	2 3 255 5
137	293	0.0	3	4 10 272 7
138	325	0.0	3	4 8 305 8
139	323	0.0	3	2 6 313 2
140	332	0.0	3	5 14 306 7
141	379	0.0	3	4 16 350 9
142	496	0.0	3	3 11 471 11
143	644	0.0	3	5 19 601 19
144	699	0.0	3	3 10 667 19
145	730	0.0	3	4 16 689 21
146	804	0.0	3	5 15 758 26
147	1148	0.0	3	5 17 1086 40
148	1998	0.0	3	2 36 1905 55
149	4975	0.0	3	2 110 4725 138
150	11054	0.0	3	2 254 10475 323


=== Second read: Adapter 2 ===

Sequence: AGATCGGAAGAGCGTCGTGTAGGGAAAGAGTGTA; Type: regular 3'; Length: 34; Trimmed: 9282395 times

No. of allowed errors:
0-9 bp: 0; 10-19 bp: 1; 20-29 bp: 2; 30-34 bp: 3

Bases preceding removed adapters:
  A: 17.8%
  C: 38.3%
  G: 27.8%
  T: 16.0%
  none/other: 0.1%

Overview of removed sequences
length	count	expect	max.err	error counts
3	403893	282006.2	0	403893
4	160924	70501.6	0	160924
5	317662	17625.4	0	317662
8	102302	275.4	0	102302
9	200084	68.8	0	200084
10	850	17.2	1	0 850
11	268655	4.3	1	202362 66293
12	778	1.1	1	0 778
13	296840	0.3	1	220852 75988
14	508	0.1	1	0 508
15	145437	0.0	1	109655 35782
16	305972	0.0	1	229874 76098
17	577	0.0	1	0 577
18	286683	0.0	1	216700 69576 407
19	1152	0.0	1	0 704 448
20	153682	0.0	2	110753 38552 4377
21	615666	0.0	2	450920 152189 12557
22	3126	0.0	2	0 1864 1262
23	879	0.0	2	0 334 545
24	1008	0.0	2	0 610 398
25	163640	0.0	2	118715 41056 3869
26	169235	0.0	2	121150 43466 4619
27	333863	0.0	2	241384 84402 8077
28	3161	0.0	2	0 1958 1034 169
29	325138	0.0	2	232792 83738 8491 117
30	3405	0.0	3	0 2118 945 342
31	316072	0.0	3	225278 79616 7560 3618
32	2743	0.0	3	0 1577 761 405
33	161937	0.0	3	114036 41180 4708 2013
34	163358	0.0	3	383 115773 42393 4809
35	167119	0.0	3	400 118506 43290 4923
36	172263	0.0	3	343 121107 45200 5613
37	334368	0.0	3	813 235168 85930 12457
38	3175	0.0	3	9 390 1832 944
39	164220	0.0	3	374 115076 42586 6184
40	173156	0.0	3	410 117555 46666 8525
41	291728	0.0	3	559 205288 76291 9590
42	3186	0.0	3	8 314 2089 775
43	284182	0.0	3	629 202347 72585 8621
44	2771	0.0	3	19 450 1530 772
45	150423	0.0	3	331 105156 39324 5612
46	296589	0.0	3	632 209570 76052 10335
47	3876	0.0	3	56 989 1795 1036
48	144240	0.0	3	350 100344 38200 5346
49	141555	0.0	3	467 99079 36688 5321
50	131707	0.0	3	304 91433 34949 5021
51	133788	0.0	3	387 92139 35298 5964
52	401198	0.0	3	1043 288038 96907 15210
53	2646	0.0	3	10 632 1301 703
54	2505	0.0	3	6 339 1548 612
55	274298	0.0	3	466 190569 75862 7401
56	1704	0.0	3	7 419 829 449
57	833	0.0	3	3 87 470 273
58	92637	0.0	3	179 63432 25899 3127
59	155933	0.0	3	213 109332 42412 3976
60	1444	0.0	3	4 247 808 385
61	73369	0.0	3	108 50633 20293 2335
62	137439	0.0	3	279 97141 35953 4066
63	909	0.0	3	2 122 529 256
64	48979	0.0	3	55 33581 14195 1148
65	51649	0.0	3	105 36089 14025 1430
66	51467	0.0	3	76 35998 13820 1573
67	47669	0.0	3	91 33162 13025 1391
68	46967	0.0	3	101 32994 12357 1515
69	41005	0.0	3	61 28428 11330 1186
70	36183	0.0	3	76 25253 9784 1070
71	32016	0.0	3	54 22637 8452 873
72	28436	0.0	3	56 19794 7814 772
73	26153	0.0	3	50 18446 6838 819
74	26333	0.0	3	56 19059 6482 736
75	36110	0.0	3	74 28268 6700 1068
76	27521	0.0	3	82 20350 6216 873
77	15227	0.0	3	22 10215 4458 532
78	12219	0.0	3	28 8115 3723 353
79	11145	0.0	3	9 7153 3683 300
80	10350	0.0	3	24 6755 3285 286
81	8228	0.0	3	8 5227 2760 233
82	6695	0.0	3	7 4257 2280 151
83	5767	0.0	3	8 3735 1880 144
84	4970	0.0	3	5 3227 1621 117
85	4460	0.0	3	3 2867 1488 102
86	3876	0.0	3	5 2480 1326 65
87	3284	0.0	3	1 2085 1123 75
88	2752	0.0	3	1 1753 927 71
89	2406	0.0	3	0 1538 798 70
90	1920	0.0	3	0 1172 702 46
91	1560	0.0	3	1 996 533 30
92	1333	0.0	3	2 838 469 24
93	1195	0.0	3	1 749 415 30
94	928	0.0	3	0 594 309 25
95	880	0.0	3	1 554 306 19
96	726	0.0	3	1 446 262 17
97	540	0.0	3	0 332 192 16
98	501	0.0	3	0 315 174 12
99	451	0.0	3	0 261 173 17
100	384	0.0	3	0 240 133 11
101	296	0.0	3	0 173 117 6
102	264	0.0	3	0 165 89 10
103	211	0.0	3	0 141 68 2
104	195	0.0	3	0 126 65 4
105	130	0.0	3	0 88 38 4
106	116	0.0	3	0 72 42 2
107	122	0.0	3	0 68 49 5
108	74	0.0	3	0 47 24 3
109	69	0.0	3	0 33 34 2
110	68	0.0	3	0 36 29 3
111	53	0.0	3	2 35 11 5
112	55	0.0	3	0 37 16 2
113	56	0.0	3	0 30 20 6
114	25	0.0	3	0 9 14 2
115	22	0.0	3	0 14 5 3
116	24	0.0	3	0 10 9 5
117	24	0.0	3	0 12 5 7
118	22	0.0	3	1 6 5 10
119	30	0.0	3	0 12 3 15
120	19	0.0	3	0 6 6 7
121	27	0.0	3	0 13 5 9
122	30	0.0	3	0 15 3 12
123	29	0.0	3	0 12 7 10
124	33	0.0	3	0 7 5 21
125	35	0.0	3	0 6 1 28
126	45	0.0	3	0 9 4 32
127	50	0.0	3	0 4 7 39
128	76	0.0	3	0 6 2 68
129	69	0.0	3	0 2 3 64
130	100	0.0	3	0 7 2 91
131	102	0.0	3	0 10 2 90
132	160	0.0	3	0 8 5 147
133	162	0.0	3	0 7 4 151
134	179	0.0	3	0 2 3 174
135	210	0.0	3	0 4 6 200
136	220	0.0	3	0 2 9 209
137	196	0.0	3	0 2 5 189
138	272	0.0	3	0 4 7 261
139	308	0.0	3	0 2 11 295
140	299	0.0	3	0 4 8 287
141	355	0.0	3	0 6 10 339
142	426	0.0	3	0 5 13 408
143	495	0.0	3	0 3 13 479
144	629	0.0	3	0 1 14 614
145	708	0.0	3	0 6 19 683
146	812	0.0	3	0 5 18 789
147	1043	0.0	3	0 3 22 1018
148	1620	0.0	3	0 1 43 1576
149	4138	0.0	3	0 0 98 4040
150	12916	0.0	3	0 2 287 12627
