This is cutadapt 2.9 with Python 3.5.2
Command line parameters: --nextseq-trim 10 --minimum-length 25 --cores 4 -a AGATCGGAAGAGCACACGTCTGAACTCCAGTCAC -A AGATCGGAAGAGCGTCGTGTAGGGAAAGAGTGTA -o Pacuta_HTHC_TP5_1415_R1_TrimmingRound1.fastq.gz -p Pacuta_HTHC_TP5_1415_R2_TrimmingRound1.fastq.gz Pacuta_HTHC_TP5_1415_R1.fastq.gz Pacuta_HTHC_TP5_1415_R2.fastq.gz
Processing reads on 4 cores in paired-end mode ...
Finished in 719.33 s (42 us/read; 1.43 M reads/minute).

=== Summary ===

Total read pairs processed:         17,128,912
  Read 1 with adapter:               6,059,010 (35.4%)
  Read 2 with adapter:               5,943,720 (34.7%)
Pairs written (passing filters):    17,095,627 (99.8%)

Total basepairs processed: 5,138,673,600 bp
  Read 1: 2,569,336,800 bp
  Read 2: 2,569,336,800 bp
Quality-trimmed:              10,746,380 bp (0.2%)
  Read 1:     4,231,655 bp
  Read 2:     6,514,725 bp
Total written (filtered):  4,786,032,703 bp (93.1%)
  Read 1: 2,390,216,297 bp
  Read 2: 2,395,816,406 bp

=== First read: Adapter 1 ===

Sequence: AGATCGGAAGAGCACACGTCTGAACTCCAGTCAC; Type: regular 3'; Length: 34; Trimmed: 6059010 times

No. of allowed errors:
0-9 bp: 0; 10-19 bp: 1; 20-29 bp: 2; 30-34 bp: 3

Bases preceding removed adapters:
  A: 16.4%
  C: 33.6%
  G: 27.7%
  T: 22.3%
  none/other: 0.0%

Overview of removed sequences
length	count	expect	max.err	error counts
3	365313	267639.2	0	365313
4	167906	66909.8	0	167906
5	332251	16727.5	0	332251
8	105693	261.4	0	105693
9	210724	65.3	0	210724
10	504	16.3	1	0 504
11	242095	4.1	1	208672 33423
12	406	1.0	1	0 406
13	122174	0.3	1	104908 17266
14	121382	0.1	1	103803 17579
15	120370	0.0	1	103023 17347
16	119976	0.0	1	102250 17726
17	233488	0.0	1	199369 34119
18	755	0.0	1	0 675 80
19	115614	0.0	1	98157 17170 287
20	118528	0.0	2	98652 18352 1524
21	232377	0.0	2	195689 33980 2708
22	1347	0.0	2	0 999 348
23	116766	0.0	2	97814 17345 1607
24	117014	0.0	2	97212 18166 1636
25	114480	0.0	2	94622 18004 1854
26	111453	0.0	2	92302 17443 1708
27	109846	0.0	2	90741 17195 1910
28	109768	0.0	2	90358 17558 1787 65
29	210223	0.0	2	175060 31921 3016 226
30	1699	0.0	3	0 1113 340 246
31	104215	0.0	3	85632 16418 1668 497
32	104474	0.0	3	85217 16825 1812 620
33	102684	0.0	3	84203 16169 1784 528
34	100910	0.0	3	81886 16592 1879 553
35	99691	0.0	3	81110 16259 1781 541
36	97651	0.0	3	79704 15747 1637 563
37	93970	0.0	3	76396 15452 1650 472
38	92332	0.0	3	74540 15578 1670 544
39	174975	0.0	3	144758 26833 2536 848
40	1620	0.0	3	147 1076 308 89
41	84446	0.0	3	69536 13148 1362 400
42	81921	0.0	3	67050 13076 1402 393
43	81369	0.0	3	66901 12710 1337 421
44	78613	0.0	3	64795 12114 1313 391
45	79713	0.0	3	65276 12606 1412 419
46	71899	0.0	3	58991 11553 1072 283
47	135671	0.0	3	113137 20281 1726 527
48	1411	0.0	3	278 847 225 61
49	63686	0.0	3	52727 9742 925 292
50	62249	0.0	3	51049 9954 946 300
51	111860	0.0	3	93346 16703 1382 429
52	1373	0.0	3	263 832 226 52
53	54018	0.0	3	44533 8465 768 252
54	98738	0.0	3	82601 14601 1168 368
55	1038	0.0	3	192 625 172 49
56	45248	0.0	3	37544 6906 631 167
57	42874	0.0	3	35288 6847 576 163
58	39959	0.0	3	33000 6245 545 169
59	36294	0.0	3	29938 5690 533 133
60	34443	0.0	3	28167 5655 475 146
61	59599	0.0	3	49617 9059 730 193
62	666	0.0	3	126 398 103 39
63	26848	0.0	3	22089 4263 393 103
64	25304	0.0	3	20768 4092 346 98
65	44157	0.0	3	36671 6769 568 149
66	464	0.0	3	88 279 69 28
67	19123	0.0	3	15779 3048 227 69
68	17422	0.0	3	14217 2864 266 75
69	15728	0.0	3	12881 2595 195 57
70	14262	0.0	3	11744 2247 221 50
71	12497	0.0	3	10242 2042 166 47
72	14104	0.0	3	11586 2285 191 42
73	9965	0.0	3	8178 1623 124 40
74	9439	0.0	3	7872 1411 128 28
75	8335	0.0	3	6887 1296 117 35
76	7922	0.0	3	6426 1343 130 23
77	6961	0.0	3	5750 1087 103 21
78	6030	0.0	3	5029 909 74 18
79	5431	0.0	3	4509 850 57 15
80	4865	0.0	3	3995 784 67 19
81	3961	0.0	3	3291 614 45 11
82	3668	0.0	3	3012 595 54 7
83	3157	0.0	3	2583 507 60 7
84	2882	0.0	3	2410 432 31 9
85	2592	0.0	3	2123 428 30 11
86	2312	0.0	3	1882 398 23 9
87	2137	0.0	3	1756 358 19 4
88	1936	0.0	3	1611 300 19 6
89	1549	0.0	3	1288 238 18 5
90	1459	0.0	3	1192 238 19 10
91	1299	0.0	3	1067 200 23 9
92	1171	0.0	3	949 202 16 4
93	836	0.0	3	686 136 12 2
94	802	0.0	3	638 154 8 2
95	736	0.0	3	619 105 10 2
96	592	0.0	3	480 100 10 2
97	513	0.0	3	425 84 3 1
98	541	0.0	3	461 72 4 4
99	484	0.0	3	398 80 6
100	364	0.0	3	306 49 6 3
101	376	0.0	3	311 57 8
102	336	0.0	3	275 53 7 1
103	195	0.0	3	149 44 2
104	177	0.0	3	154 20 2 1
105	148	0.0	3	110 34 2 2
106	150	0.0	3	117 28 4 1
107	114	0.0	3	94 16 4
108	98	0.0	3	81 12 4 1
109	93	0.0	3	78 12 2 1
110	79	0.0	3	65 9 3 2
111	113	0.0	3	97 12 4
112	237	0.0	3	211 20 4 2
113	69	0.0	3	53 13 3
114	34	0.0	3	25 6 3
115	28	0.0	3	20 6 1 1
116	23	0.0	3	19 3 1
117	16	0.0	3	16
118	20	0.0	3	17 2 1
119	24	0.0	3	19 0 5
120	10	0.0	3	6 2 1 1
121	16	0.0	3	13 2 0 1
122	17	0.0	3	14 1 2
123	13	0.0	3	9 0 3 1
124	13	0.0	3	6 1 6
125	9	0.0	3	8 0 1
126	7	0.0	3	2 3 2
127	11	0.0	3	5 0 6
128	10	0.0	3	7 0 3
129	14	0.0	3	6 0 8
130	12	0.0	3	5 1 6
131	11	0.0	3	5 1 5
132	11	0.0	3	4 0 7
133	19	0.0	3	5 2 11 1
134	17	0.0	3	2 3 12
135	18	0.0	3	6 0 12
136	22	0.0	3	7 0 14 1
137	17	0.0	3	4 2 11
138	29	0.0	3	2 1 26
139	40	0.0	3	10 2 28
140	47	0.0	3	6 2 38 1
141	58	0.0	3	7 2 47 2
142	64	0.0	3	6 2 52 4
143	103	0.0	3	3 1 93 6
144	173	0.0	3	4 1 165 3
145	148	0.0	3	3 2 137 6
146	335	0.0	3	7 3 316 9
147	978	0.0	3	9 14 915 40
148	2594	0.0	3	2 16 2487 89
149	8198	0.0	3	2 51 7856 289
150	20056	0.0	3	3 128 19165 760


=== Second read: Adapter 2 ===

Sequence: AGATCGGAAGAGCGTCGTGTAGGGAAAGAGTGTA; Type: regular 3'; Length: 34; Trimmed: 5943720 times

No. of allowed errors:
0-9 bp: 0; 10-19 bp: 1; 20-29 bp: 2; 30-34 bp: 3

Bases preceding removed adapters:
  A: 15.4%
  C: 31.0%
  G: 41.3%
  T: 12.2%
  none/other: 0.0%

Overview of removed sequences
length	count	expect	max.err	error counts
3	499574	267639.2	0	499574
4	184006	66909.8	0	184006
5	301837	16727.5	0	301837
8	94171	261.4	0	94171
9	185358	65.3	0	185358
10	1154	16.3	1	0 1154
11	232436	4.1	1	183828 48608
12	875	1.0	1	0 875
13	235695	0.3	1	185360 50335
14	567	0.1	1	0 567
15	113365	0.0	1	89135 24230
16	228810	0.0	1	178092 50718
17	741	0.0	1	0 741
18	213878	0.0	1	167601 45660 617
19	1071	0.0	1	0 636 435
20	114422	0.0	2	84877 25316 4229
21	442308	0.0	2	333239 95159 13910
22	2137	0.0	2	0 1297 840
23	1116	0.0	2	0 399 717
24	894	0.0	2	0 533 361
25	108384	0.0	2	80662 23937 3785
26	107547	0.0	2	79185 24139 4223
27	207082	0.0	2	154241 44801 8040
28	1881	0.0	2	0 1169 609 103
29	202743	0.0	2	149814 44894 7957 78
30	2157	0.0	3	0 1329 552 276
31	196140	0.0	3	144759 40783 6739 3859
32	1605	0.0	3	0 843 500 262
33	99791	0.0	3	70938 22544 4348 1961
34	281673	0.0	3	204175 61578 10912 5008
35	2018	0.0	3	409 859 461 289
36	1139	0.0	3	195 500 285 159
37	90201	0.0	3	64676 20045 3662 1818
38	87588	0.0	3	62992 19328 3636 1632
39	86679	0.0	3	62237 19258 3586 1598
40	83895	0.0	3	59991 18908 3368 1628
41	159054	0.0	3	115204 35005 6010 2835
42	1895	0.0	3	201 1059 436 199
43	151308	0.0	3	110850 32564 5464 2430
44	1459	0.0	3	192 748 361 158
45	74846	0.0	3	53699 16814 2976 1357
46	136794	0.0	3	100173 29398 4960 2263
47	1355	0.0	3	217 692 316 130
48	64276	0.0	3	46528 14188 2407 1153
49	61555	0.0	3	44748 13367 2378 1062
50	59475	0.0	3	43014 13090 2370 1001
51	56995	0.0	3	40963 12849 2177 1006
52	153460	0.0	3	112284 33276 5356 2544
53	1183	0.0	3	255 476 308 144
54	1359	0.0	3	205 728 275 151
55	129873	0.0	3	95950 27888 4231 1804
56	975	0.0	3	234 416 203 122
57	556	0.0	3	110 250 120 76
58	38444	0.0	3	27935 8567 1331 611
59	66685	0.0	3	49178 14425 2187 895
60	663	0.0	3	102 344 134 83
61	30826	0.0	3	22398 6804 1132 492
62	53702	0.0	3	39617 11499 1825 761
63	462	0.0	3	61 251 105 45
64	23685	0.0	3	17564 5007 739 375
65	22414	0.0	3	16387 4941 746 340
66	20685	0.0	3	15302 4425 674 284
67	18662	0.0	3	13767 3974 653 268
68	16925	0.0	3	12298 3794 575 258
69	15254	0.0	3	11215 3307 516 216
70	13691	0.0	3	10054 3024 442 171
71	12089	0.0	3	8895 2594 418 182
72	11034	0.0	3	8082 2440 354 158
73	10113	0.0	3	7459 2147 372 135
74	9073	0.0	3	6646 2016 271 140
75	8300	0.0	3	6096 1825 279 100
76	9387	0.0	3	6842 2097 302 146
77	6924	0.0	3	5187 1449 210 78
78	5812	0.0	3	4302 1282 151 77
79	5457	0.0	3	4014 1192 172 79
80	4928	0.0	3	3591 1118 160 59
81	3944	0.0	3	2916 827 131 70
82	3583	0.0	3	2641 799 99 44
83	3077	0.0	3	2300 632 108 37
84	2778	0.0	3	2065 599 73 41
85	2624	0.0	3	1925 595 71 33
86	2399	0.0	3	1839 475 65 20
87	2061	0.0	3	1527 433 79 22
88	1744	0.0	3	1311 367 39 27
89	1713	0.0	3	1245 378 56 34
90	1398	0.0	3	1050 300 39 9
91	1150	0.0	3	860 246 34 10
92	1107	0.0	3	816 234 41 16
93	843	0.0	3	645 169 18 11
94	677	0.0	3	506 136 26 9
95	693	0.0	3	512 159 14 8
96	701	0.0	3	531 139 19 12
97	495	0.0	3	363 105 20 7
98	529	0.0	3	383 112 25 9
99	424	0.0	3	314 84 17 9
100	393	0.0	3	288 86 14 5
101	344	0.0	3	240 82 16 6
102	309	0.0	3	218 78 8 5
103	226	0.0	3	168 44 10 4
104	189	0.0	3	138 34 14 3
105	148	0.0	3	97 41 8 2
106	164	0.0	3	120 37 4 3
107	121	0.0	3	80 28 5 8
108	111	0.0	3	73 24 6 8
109	93	0.0	3	66 21 5 1
110	100	0.0	3	61 26 11 2
111	124	0.0	3	97 15 8 4
112	232	0.0	3	187 24 11 10
113	75	0.0	3	59 11 5
114	47	0.0	3	30 10 5 2
115	41	0.0	3	27 9 3 2
116	33	0.0	3	17 11 4 1
117	33	0.0	3	18 6 8 1
118	29	0.0	3	17 4 4 4
119	30	0.0	3	17 6 3 4
120	22	0.0	3	7 7 6 2
121	20	0.0	3	10 5 3 2
122	16	0.0	3	12 3 0 1
123	26	0.0	3	13 6 3 4
124	27	0.0	3	14 8 4 1
125	17	0.0	3	4 2 7 4
126	15	0.0	3	6 3 6
127	11	0.0	3	5 0 6
128	12	0.0	3	3 2 7
129	15	0.0	3	7 0 8
130	17	0.0	3	5 3 8 1
131	11	0.0	3	5 1 2 3
132	15	0.0	3	3 2 10
133	21	0.0	3	4 4 12 1
134	15	0.0	3	4 1 10
135	22	0.0	3	3 1 17 1
136	28	0.0	3	9 3 13 3
137	27	0.0	3	1 3 21 2
138	26	0.0	3	2 2 22
139	53	0.0	3	9 3 37 4
140	55	0.0	3	5 2 44 4
141	65	0.0	3	5 3 49 8
142	103	0.0	3	3 2 88 10
143	138	0.0	3	3 1 124 10
144	192	0.0	3	4 4 167 17
145	206	0.0	3	1 4 185 16
146	367	0.0	3	2 0 340 25
147	761	0.0	3	8 12 674 67
148	2040	0.0	3	1 15 1861 163
149	7245	0.0	3	1 42 6739 463
150	20779	0.0	3	1 132 19417 1229
