This is cutadapt 2.9 with Python 3.5.2
Command line parameters: --nextseq-trim 10 --minimum-length 25 --cores 4 -a AGATCGGAAGAGCACACGTCTGAACTCCAGTCAC -A AGATCGGAAGAGCGTCGTGTAGGGAAAGAGTGTA -o Pacuta_ATHC_TP11_1147_R1_TrimmingRound1.fastq.gz -p Pacuta_ATHC_TP11_1147_R2_TrimmingRound1.fastq.gz Pacuta_ATHC_TP11_1147_R1.fastq.gz Pacuta_ATHC_TP11_1147_R2.fastq.gz
Processing reads on 4 cores in paired-end mode ...
Finished in 772.62 s (37 us/read; 1.62 M reads/minute).

=== Summary ===

Total read pairs processed:         20,915,691
  Read 1 with adapter:               5,923,418 (28.3%)
  Read 2 with adapter:               6,160,555 (29.5%)
Pairs written (passing filters):    20,845,115 (99.7%)

Total basepairs processed: 6,274,707,300 bp
  Read 1: 3,137,353,650 bp
  Read 2: 3,137,353,650 bp
Quality-trimmed:              12,509,069 bp (0.2%)
  Read 1:     5,211,705 bp
  Read 2:     7,297,364 bp
Total written (filtered):  5,929,609,031 bp (94.5%)
  Read 1: 2,965,669,532 bp
  Read 2: 2,963,939,499 bp

=== First read: Adapter 1 ===

Sequence: AGATCGGAAGAGCACACGTCTGAACTCCAGTCAC; Type: regular 3'; Length: 34; Trimmed: 5923418 times

No. of allowed errors:
0-9 bp: 0; 10-19 bp: 1; 20-29 bp: 2; 30-34 bp: 3

Bases preceding removed adapters:
  A: 19.6%
  C: 30.8%
  G: 30.8%
  T: 18.8%
  none/other: 0.1%

Overview of removed sequences
length	count	expect	max.err	error counts
3	450732	326807.7	0	450732
4	193680	81701.9	0	193680
5	359605	20425.5	0	359605
8	113566	319.1	0	113566
9	228280	79.8	0	228280
10	690	19.9	1	0 690
11	232930	5.0	1	227942 4988
12	573	1.2	1	0 573
13	117084	0.3	1	114091 2993
14	116505	0.1	1	113433 3072
15	115255	0.0	1	112066 3189
16	114199	0.0	1	110822 3377
17	226077	0.0	1	220248 5829
18	811	0.0	1	0 748 63
19	113112	0.0	1	109528 3430 154
20	114030	0.0	2	109184 4200 646
21	223410	0.0	2	216055 6259 1096
22	1197	0.0	2	0 1082 115
23	111968	0.0	2	107433 3823 712
24	110744	0.0	2	106093 4043 608
25	108689	0.0	2	103847 4175 667
26	107237	0.0	2	102315 4330 592
27	104904	0.0	2	99968 4191 745
28	106103	0.0	2	99842 5595 612 54
29	204059	0.0	2	195438 7155 1177 289
30	1813	0.0	3	0 1315 181 317
31	101089	0.0	3	95450 4609 693 337
32	100318	0.0	3	93973 5215 762 368
33	98805	0.0	3	92435 5354 694 322
34	96803	0.0	3	90615 5133 678 377
35	94443	0.0	3	88306 5172 697 268
36	93137	0.0	3	86273 5860 639 365
37	172973	0.0	3	164135 7116 1176 546
38	2903	0.0	3	267 2418 141 77
39	164276	0.0	3	156215 6533 1020 508
40	1864	0.0	3	267 1368 171 58
41	79912	0.0	3	75173 3890 585 264
42	76916	0.0	3	72021 4059 578 258
43	75367	0.0	3	70735 3878 501 253
44	72569	0.0	3	67963 3817 527 262
45	70623	0.0	3	66005 3765 580 273
46	66483	0.0	3	61653 4118 476 236
47	120909	0.0	3	114840 4780 836 453
48	1526	0.0	3	369 972 110 75
49	56462	0.0	3	52889 2870 490 213
50	54692	0.0	3	50589 3421 442 240
51	98086	0.0	3	93004 4092 628 362
52	1391	0.0	3	320 889 139 43
53	46326	0.0	3	42884 2843 377 222
54	83249	0.0	3	79094 3233 593 329
55	1039	0.0	3	280 649 72 38
56	37733	0.0	3	35398 1896 297 142
57	35169	0.0	3	32969 1840 231 129
58	32304	0.0	3	30297 1654 242 111
59	29667	0.0	3	27779 1501 283 104
60	27617	0.0	3	25646 1664 194 113
61	48030	0.0	3	45676 1931 281 142
62	634	0.0	3	203 374 44 13
63	21489	0.0	3	20225 1047 146 71
64	20468	0.0	3	19017 1236 140 75
65	34188	0.0	3	32550 1354 201 83
66	460	0.0	3	139 288 26 7
67	15009	0.0	3	14192 690 99 28
68	13461	0.0	3	12690 654 82 35
69	12214	0.0	3	11472 617 84 41
70	11066	0.0	3	10402 540 85 39
71	10083	0.0	3	9483 512 63 25
72	10891	0.0	3	10256 516 82 37
73	8104	0.0	3	7599 422 58 25
74	7707	0.0	3	7201 417 65 24
75	6833	0.0	3	6408 360 45 20
76	6105	0.0	3	5737 315 38 15
77	5605	0.0	3	5251 301 40 13
78	5125	0.0	3	4837 246 26 16
79	4275	0.0	3	3993 236 34 12
80	4034	0.0	3	3809 185 30 10
81	3351	0.0	3	3134 172 31 14
82	3126	0.0	3	2927 168 21 10
83	2922	0.0	3	2726 172 18 6
84	2504	0.0	3	2368 114 20 2
85	2356	0.0	3	2234 96 20 6
86	2096	0.0	3	1986 94 10 6
87	1912	0.0	3	1795 101 10 6
88	1774	0.0	3	1648 109 14 3
89	1553	0.0	3	1455 83 11 4
90	1449	0.0	3	1360 73 14 2
91	1257	0.0	3	1173 68 12 4
92	1173	0.0	3	1104 57 7 5
93	928	0.0	3	869 52 3 4
94	855	0.0	3	804 36 11 4
95	842	0.0	3	796 39 2 5
96	694	0.0	3	649 39 5 1
97	659	0.0	3	628 26 5
98	646	0.0	3	605 36 1 4
99	630	0.0	3	588 38 3 1
100	528	0.0	3	494 26 5 3
101	500	0.0	3	465 27 6 2
102	410	0.0	3	380 24 5 1
103	346	0.0	3	328 11 6 1
104	301	0.0	3	267 26 4 4
105	270	0.0	3	251 13 3 3
106	274	0.0	3	255 13 2 4
107	242	0.0	3	222 16 3 1
108	217	0.0	3	205 9 1 2
109	226	0.0	3	206 16 3 1
110	187	0.0	3	172 14 1
111	177	0.0	3	169 3 1 4
112	161	0.0	3	151 7 3
113	135	0.0	3	123 10 0 2
114	128	0.0	3	119 6 1 2
115	126	0.0	3	113 8 2 3
116	109	0.0	3	97 8 2 2
117	106	0.0	3	96 8 1 1
118	101	0.0	3	93 5 0 3
119	90	0.0	3	78 8 1 3
120	98	0.0	3	87 6 4 1
121	95	0.0	3	87 7 1
122	84	0.0	3	80 3 0 1
123	109	0.0	3	93 14 2
124	129	0.0	3	109 16 2 2
125	98	0.0	3	84 7 3 4
126	137	0.0	3	117 18 1 1
127	143	0.0	3	118 19 4 2
128	146	0.0	3	138 7 1
129	164	0.0	3	154 9 0 1
130	188	0.0	3	166 20 2
131	208	0.0	3	192 15 1
132	254	0.0	3	233 19 2
133	258	0.0	3	236 21 1
134	327	0.0	3	304 23
135	318	0.0	3	288 26 3 1
136	386	0.0	3	338 44 3 1
137	413	0.0	3	370 37 4 2
138	429	0.0	3	377 49 3
139	395	0.0	3	323 70 2
140	528	0.0	3	444 77 5 2
141	562	0.0	3	468 84 9 1
142	438	0.0	3	317 111 8 2
143	585	0.0	3	361 212 11 1
144	658	0.0	3	389 244 22 3
145	686	0.0	3	421 252 10 3
146	1062	0.0	3	495 527 35 5
147	2006	0.0	3	508 1413 75 10
148	4789	0.0	3	202 4269 290 28
149	15374	0.0	3	291 13952 1052 79
150	39305	0.0	3	762 35426 2895 222


=== Second read: Adapter 2 ===

Sequence: AGATCGGAAGAGCGTCGTGTAGGGAAAGAGTGTA; Type: regular 3'; Length: 34; Trimmed: 6160555 times

No. of allowed errors:
0-9 bp: 0; 10-19 bp: 1; 20-29 bp: 2; 30-34 bp: 3

Bases preceding removed adapters:
  A: 20.3%
  C: 29.4%
  G: 39.6%
  T: 10.6%
  none/other: 0.1%

Overview of removed sequences
length	count	expect	max.err	error counts
3	634347	326807.7	0	634347
4	228123	81701.9	0	228123
5	364356	20425.5	0	364356
8	113961	319.1	0	113961
9	228298	79.8	0	228298
10	1118	19.9	1	0 1118
11	234174	5.0	1	228246 5928
12	1220	1.2	1	0 1220
13	234895	0.3	1	228710 6185
14	969	0.1	1	0 969
15	115906	0.0	1	112113 3793
16	228940	0.0	1	222104 6836
17	1350	0.0	1	0 1350
18	224926	0.0	1	218505 6111 310
19	1332	0.0	1	0 1066 266
20	115631	0.0	2	109694 5221 716
21	446048	0.0	2	430681 13171 2196
22	1896	0.0	2	0 1656 240
23	823	0.0	2	0 326 497
24	1037	0.0	2	0 810 227
25	109271	0.0	2	104166 4227 878
26	108864	0.0	2	102929 5167 768
27	209740	0.0	2	200493 7423 1824
28	2490	0.0	2	0 2175 227 88
29	206604	0.0	2	197288 7428 1839 49
30	2469	0.0	3	0 2178 181 110
31	199550	0.0	3	189808 7031 1775 936
32	1781	0.0	3	0 1408 158 215
33	99236	0.0	3	93185 3929 1555 567
34	97811	0.0	3	108 91706 5144 853
35	184719	0.0	3	180 175860 7069 1610
36	1755	0.0	3	49 118 1323 265
37	89175	0.0	3	88 84136 4082 869
38	86918	0.0	3	71 81707 4088 1052
39	86081	0.0	3	230 80189 4952 710
40	236299	0.0	3	199 226349 7973 1778
41	1695	0.0	3	114 477 880 224
42	1679	0.0	3	3 435 1128 113
43	145160	0.0	3	122 139608 4412 1018
44	1614	0.0	3	5 334 1095 180
45	69645	0.0	3	59 65967 2986 633
46	127717	0.0	3	173 122757 3916 871
47	1277	0.0	3	0 256 918 103
48	59183	0.0	3	47 56627 2104 405
49	56354	0.0	3	73 53694 2152 435
50	53771	0.0	3	69 51275 2012 415
51	52260	0.0	3	43 49295 2583 339
52	135088	0.0	3	131 130124 4055 778
53	859	0.0	3	3 255 489 112
54	1384	0.0	3	5 398 943 38
55	110780	0.0	3	81 106815 3253 631
56	717	0.0	3	4 230 411 72
57	541	0.0	3	2 143 309 87
58	32128	0.0	3	20 30509 1370 229
59	55553	0.0	3	68 53526 1619 340
60	637	0.0	3	0 134 426 77
61	25533	0.0	3	26 24183 1142 182
62	44034	0.0	3	42 42429 1303 260
63	449	0.0	3	1 101 300 47
64	19908	0.0	3	25 19079 647 157
65	18141	0.0	3	22 17294 667 158
66	16557	0.0	3	19 15775 652 111
67	15004	0.0	3	16 14326 561 101
68	13390	0.0	3	17 12693 579 101
69	12141	0.0	3	17 11500 518 106
70	11012	0.0	3	13 10423 487 89
71	10029	0.0	3	12 9535 390 92
72	9077	0.0	3	12 8611 381 73
73	8205	0.0	3	17 7750 359 79
74	7756	0.0	3	10 7342 342 62
75	6908	0.0	3	6 6538 314 50
76	7088	0.0	3	13 6679 338 58
77	5647	0.0	3	11 5334 273 29
78	5115	0.0	3	14 4836 227 38
79	4559	0.0	3	6 4324 195 34
80	4196	0.0	3	8 3956 189 43
81	3520	0.0	3	3 3309 167 41
82	3231	0.0	3	2 3063 137 29
83	2910	0.0	3	4 2739 139 28
84	2532	0.0	3	7 2356 136 33
85	2415	0.0	3	6 2282 97 30
86	2152	0.0	3	5 2024 99 24
87	1962	0.0	3	4 1842 85 31
88	1796	0.0	3	3 1702 72 19
89	1663	0.0	3	4 1591 49 19
90	1479	0.0	3	8 1384 59 28
91	1342	0.0	3	4 1260 65 13
92	1150	0.0	3	0 1087 48 15
93	1033	0.0	3	4 980 37 12
94	882	0.0	3	1 816 46 19
95	883	0.0	3	3 811 47 22
96	758	0.0	3	1 710 35 12
97	705	0.0	3	0 650 46 9
98	702	0.0	3	1 657 33 11
99	599	0.0	3	2 558 33 6
100	574	0.0	3	1 531 26 16
101	529	0.0	3	1 476 35 17
102	444	0.0	3	0 408 27 9
103	408	0.0	3	0 370 29 9
104	325	0.0	3	0 296 17 12
105	320	0.0	3	3 270 32 15
106	302	0.0	3	0 268 21 13
107	299	0.0	3	0 274 16 9
108	268	0.0	3	0 235 19 14
109	263	0.0	3	0 235 22 6
110	224	0.0	3	0 194 17 13
111	201	0.0	3	0 174 17 10
112	216	0.0	3	1 190 17 8
113	180	0.0	3	0 153 17 10
114	154	0.0	3	1 141 11 1
115	144	0.0	3	0 122 14 8
116	148	0.0	3	0 129 9 10
117	132	0.0	3	0 121 9 2
118	109	0.0	3	0 91 11 7
119	128	0.0	3	0 111 12 5
120	129	0.0	3	0 110 13 6
121	119	0.0	3	0 97 15 7
122	106	0.0	3	0 90 11 5
123	120	0.0	3	0 99 13 8
124	147	0.0	3	0 123 15 9
125	133	0.0	3	0 115 11 7
126	131	0.0	3	0 110 13 8
127	148	0.0	3	1 133 12 2
128	153	0.0	3	0 137 11 5
129	183	0.0	3	0 160 17 6
130	179	0.0	3	0 160 15 4
131	220	0.0	3	0 191 25 4
132	267	0.0	3	0 235 27 5
133	283	0.0	3	0 252 30 1
134	319	0.0	3	2 281 32 4
135	323	0.0	3	1 269 48 5
136	389	0.0	3	1 341 43 4
137	456	0.0	3	2 389 61 4
138	394	0.0	3	0 343 47 4
139	420	0.0	3	0 357 54 9
140	504	0.0	3	0 427 68 9
141	581	0.0	3	0 494 82 5
142	436	0.0	3	0 316 116 4
143	515	0.0	3	0 379 125 11
144	559	0.0	3	0 361 186 12
145	659	0.0	3	0 416 225 18
146	931	0.0	3	0 542 358 31
147	1381	0.0	3	0 524 802 55
148	2835	0.0	3	0 174 2507 154
149	12145	0.0	3	0 239 11179 727
150	43404	0.0	3	0 870 40065 2469
