This is cutadapt 2.9 with Python 3.5.2
Command line parameters: --nextseq-trim 10 --minimum-length 25 --cores 4 -a AGATCGGAAGAGCACACGTCTGAACTCCAGTCAC -A AGATCGGAAGAGCGTCGTGTAGGGAAAGAGTGTA -o Pacuta_ATHC_TP4_1220_R1_TrimmingRound1.fastq.gz -p Pacuta_ATHC_TP4_1220_R2_TrimmingRound1.fastq.gz Pacuta_ATHC_TP4_1220_R1.fastq.gz Pacuta_ATHC_TP4_1220_R2.fastq.gz
Processing reads on 4 cores in paired-end mode ...
Finished in 617.23 s (37 us/read; 1.62 M reads/minute).

=== Summary ===

Total read pairs processed:         16,714,994
  Read 1 with adapter:               8,357,945 (50.0%)
  Read 2 with adapter:               7,865,269 (47.1%)
Pairs written (passing filters):    16,622,988 (99.4%)

Total basepairs processed: 5,014,498,200 bp
  Read 1: 2,507,249,100 bp
  Read 2: 2,507,249,100 bp
Quality-trimmed:              32,273,340 bp (0.6%)
  Read 1:     5,315,615 bp
  Read 2:    26,957,725 bp
Total written (filtered):  4,463,850,687 bp (89.0%)
  Read 1: 2,223,165,591 bp
  Read 2: 2,240,685,096 bp

=== First read: Adapter 1 ===

Sequence: AGATCGGAAGAGCACACGTCTGAACTCCAGTCAC; Type: regular 3'; Length: 34; Trimmed: 8357945 times

No. of allowed errors:
0-9 bp: 0; 10-19 bp: 1; 20-29 bp: 2; 30-34 bp: 3

Bases preceding removed adapters:
  A: 17.5%
  C: 38.7%
  G: 20.2%
  T: 23.6%
  none/other: 0.0%

Overview of removed sequences
length	count	expect	max.err	error counts
3	288318	261171.8	0	288318
4	149874	65292.9	0	149874
5	337348	16323.2	0	337348
8	109420	255.1	0	109420
9	216082	63.8	0	216082
10	628	15.9	1	0 628
11	273775	4.0	1	214978 58797
12	749	1.0	1	0 749
13	142903	0.2	1	111937 30966
14	150228	0.1	1	117201 33027
15	145875	0.0	1	113691 32184
16	155606	0.0	1	120512 35094
17	294304	0.0	1	230100 64204
18	1328	0.0	1	0 1155 173
19	149131	0.0	1	115043 33481 607
20	146684	0.0	2	111338 32708 2638
21	294366	0.0	2	224785 64537 5044
22	2348	0.0	2	0 1630 718
23	151895	0.0	2	115066 33889 2940
24	155993	0.0	2	117221 35547 3225
25	156257	0.0	2	117625 35361 3271
26	159284	0.0	2	119606 36232 3446
27	157311	0.0	2	117150 36254 3907
28	158133	0.0	2	117014 37151 3857 111
29	300279	0.0	2	226435 67549 5914 381
30	3333	0.0	3	0 1961 931 441
31	152796	0.0	3	112787 35074 3555 1380
32	147981	0.0	3	109241 34015 3431 1294
33	150891	0.0	3	110698 35401 3536 1256
34	151195	0.0	3	111088 35072 3792 1243
35	153098	0.0	3	112611 35623 3559 1305
36	154615	0.0	3	113254 36089 3897 1375
37	152775	0.0	3	110872 36793 3804 1306
38	292454	0.0	3	217491 66741 6070 2152
39	5167	0.0	3	563 3191 1119 294
40	276655	0.0	3	205409 63370 5661 2215
41	3423	0.0	3	273 2068 852 230
42	136388	0.0	3	99974 31956 3246 1212
43	138652	0.0	3	101758 32616 3189 1089
44	121506	0.0	3	90247 27969 2446 844
45	144287	0.0	3	106121 33872 3204 1090
46	114881	0.0	3	84212 27407 2458 804
47	242539	0.0	3	181594 55195 4342 1408
48	2918	0.0	3	259 1762 676 221
49	113358	0.0	3	83933 26413 2279 733
50	110636	0.0	3	81262 26274 2423 677
51	198403	0.0	3	148227 45590 3358 1228
52	3577	0.0	3	904 1698 782 193
53	96683	0.0	3	70750 23315 1979 639
54	184915	0.0	3	137709 42683 3375 1148
55	2227	0.0	3	230 1332 516 149
56	81921	0.0	3	61320 18741 1367 493
57	82159	0.0	3	60661 19441 1594 463
58	73152	0.0	3	54425 17017 1316 394
59	69951	0.0	3	51455 16649 1430 417
60	66593	0.0	3	48768 16196 1261 368
61	110083	0.0	3	82233 25659 1646 545
62	1544	0.0	3	302 821 326 95
63	50950	0.0	3	37619 12068 986 277
64	46621	0.0	3	34046 11423 871 281
65	81801	0.0	3	61041 19188 1164 408
66	1187	0.0	3	221 632 258 76
67	36432	0.0	3	26967 8701 557 207
68	34502	0.0	3	25408 8264 644 186
69	32483	0.0	3	23571 8097 628 187
70	73082	0.0	3	55497 16786 632 167
71	31219	0.0	3	22892 7671 485 171
72	22372	0.0	3	16330 5433 457 152
73	12661	0.0	3	9128 3183 267 83
74	11318	0.0	3	8182 2794 257 85
75	10288	0.0	3	7418 2587 207 76
76	9258	0.0	3	6773 2236 195 54
77	8485	0.0	3	6186 2077 167 55
78	6503	0.0	3	4658 1676 128 41
79	5747	0.0	3	4213 1404 103 27
80	4553	0.0	3	3324 1123 84 22
81	4102	0.0	3	3042 968 68 24
82	3234	0.0	3	2280 875 55 24
83	2742	0.0	3	2002 679 47 14
84	2406	0.0	3	1741 600 49 16
85	2144	0.0	3	1529 557 43 15
86	1901	0.0	3	1358 491 34 18
87	1660	0.0	3	1205 419 27 9
88	1459	0.0	3	1088 332 30 9
89	1148	0.0	3	821 288 32 7
90	990	0.0	3	710 264 14 2
91	902	0.0	3	650 223 24 5
92	759	0.0	3	537 206 11 5
93	568	0.0	3	409 148 7 4
94	524	0.0	3	394 119 10 1
95	516	0.0	3	371 126 11 8
96	321	0.0	3	228 80 10 3
97	304	0.0	3	214 79 8 3
98	281	0.0	3	215 58 8
99	249	0.0	3	172 67 9 1
100	208	0.0	3	141 57 9 1
101	206	0.0	3	134 65 6 1
102	127	0.0	3	92 32 3
103	97	0.0	3	62 30 5
104	112	0.0	3	70 29 13
105	83	0.0	3	55 25 2 1
106	77	0.0	3	50 20 6 1
107	80	0.0	3	52 23 4 1
108	56	0.0	3	40 12 3 1
109	41	0.0	3	27 10 3 1
110	44	0.0	3	29 13 2
111	51	0.0	3	31 8 10 2
112	63	0.0	3	40 7 16
113	39	0.0	3	17 8 14
114	26	0.0	3	8 4 14
115	34	0.0	3	11 3 20
116	32	0.0	3	10 6 14 2
117	20	0.0	3	5 2 11 2
118	36	0.0	3	8 2 26
119	37	0.0	3	2 6 29
120	37	0.0	3	6 1 29 1
121	21	0.0	3	3 3 14 1
122	36	0.0	3	3 0 33
123	33	0.0	3	2 5 26
124	34	0.0	3	6 2 26
125	53	0.0	3	12 1 39 1
126	34	0.0	3	5 1 26 2
127	55	0.0	3	4 2 46 3
128	57	0.0	3	2 1 53 1
129	48	0.0	3	5 0 42 1
130	59	0.0	3	11 0 44 4
131	63	0.0	3	3 2 55 3
132	91	0.0	3	6 2 82 1
133	85	0.0	3	6 0 77 2
134	103	0.0	3	7 2 93 1
135	80	0.0	3	3 0 76 1
136	102	0.0	3	6 2 88 6
137	110	0.0	3	3 2 99 6
138	130	0.0	3	1 3 126
139	135	0.0	3	1 1 129 4
140	148	0.0	3	3 1 141 3
141	179	0.0	3	1 0 177 1
142	229	0.0	3	2 3 218 6
143	275	0.0	3	5 4 254 12
144	312	0.0	3	3 7 290 12
145	308	0.0	3	5 2 294 7
146	371	0.0	3	1 3 349 18
147	501	0.0	3	2 7 470 22
148	883	0.0	3	2 8 849 24
149	2196	0.0	3	3 28 2079 86
150	5161	0.0	3	5 40 4928 188


=== Second read: Adapter 2 ===

Sequence: AGATCGGAAGAGCGTCGTGTAGGGAAAGAGTGTA; Type: regular 3'; Length: 34; Trimmed: 7865269 times

No. of allowed errors:
0-9 bp: 0; 10-19 bp: 1; 20-29 bp: 2; 30-34 bp: 3

Bases preceding removed adapters:
  A: 15.2%
  C: 38.6%
  G: 31.7%
  T: 14.6%
  none/other: 0.0%

Overview of removed sequences
length	count	expect	max.err	error counts
3	423929	261171.8	0	423929
4	165438	65292.9	0	165438
5	322559	16323.2	0	322559
8	103063	255.1	0	103063
9	202805	63.8	0	202805
10	844	15.9	1	0 844
11	253119	4.0	1	201662 51457
12	752	1.0	1	0 752
13	281223	0.2	1	221460 59763
14	506	0.1	1	0 506
15	134355	0.0	1	106810 27545
16	287179	0.0	1	226774 60405
17	607	0.0	1	0 607
18	250912	0.0	1	201262 49224 426
19	989	0.0	1	0 645 344
20	137905	0.0	2	104597 29795 3513
21	548411	0.0	2	421183 115334 11894
22	2066	0.0	2	0 1326 740
23	645	0.0	2	0 269 376
24	887	0.0	2	0 593 294
25	142222	0.0	2	107791 30687 3744
26	147205	0.0	2	109291 33336 4578
27	283684	0.0	2	212595 63051 8038
28	2574	0.0	2	0 1671 774 129
29	279994	0.0	2	207600 63591 8671 132
30	2768	0.0	3	0 1824 709 235
31	269979	0.0	3	199401 59144 7556 3878
32	2362	0.0	3	0 1333 752 277
33	139356	0.0	3	100227 32640 4747 1742
34	428071	0.0	3	310906 97632 14098 5435
35	2751	0.0	3	417 1298 662 374
36	1740	0.0	3	137 877 437 289
37	138033	0.0	3	99603 31634 4824 1972
38	145072	0.0	3	102095 35237 5503 2237
39	662981	0.0	3	502038 134712 18589 7642
40	4810	0.0	3	1114 2157 912 627
41	1140	0.0	3	336 227 341 236
42	2562	0.0	3	378 1481 505 198
43	249447	0.0	3	186132 53757 6629 2929
44	2284	0.0	3	303 1267 547 167
45	118835	0.0	3	87946 26424 3224 1241
46	233486	0.0	3	173148 51380 6244 2714
47	3942	0.0	3	1617 1481 578 266
48	102305	0.0	3	72918 24730 3262 1395
49	135646	0.0	3	103678 26722 3590 1656
50	84599	0.0	3	58833 21463 3005 1298
51	122774	0.0	3	93064 24732 3476 1502
52	242858	0.0	3	174664 56904 7716 3574
53	1688	0.0	3	362 707 422 197
54	1908	0.0	3	422 989 382 115
55	168314	0.0	3	117996 44141 4379 1798
56	1125	0.0	3	253 503 248 121
57	715	0.0	3	139 352 170 54
58	57076	0.0	3	40049 14630 1720 677
59	87997	0.0	3	61495 23348 2252 902
60	973	0.0	3	161 506 219 87
61	41533	0.0	3	28452 11242 1294 545
62	74831	0.0	3	52767 19205 1977 882
63	598	0.0	3	86 331 129 52
64	29126	0.0	3	20432 7750 689 255
65	29731	0.0	3	21000 7688 737 306
66	31501	0.0	3	22542 7809 805 345
67	26514	0.0	3	18626 6918 681 289
68	26560	0.0	3	18985 6564 700 311
69	23399	0.0	3	16617 5928 599 255
70	22040	0.0	3	16064 5246 485 245
71	18436	0.0	3	13123 4627 475 211
72	16888	0.0	3	12184 4127 390 187
73	15305	0.0	3	11150 3633 365 157
74	14682	0.0	3	10875 3311 346 150
75	14968	0.0	3	11266 3220 344 138
76	14846	0.0	3	11265 3132 301 148
77	9453	0.0	3	6678 2410 242 123
78	7336	0.0	3	5168 1892 194 82
79	6500	0.0	3	4460 1819 152 69
80	6191	0.0	3	4303 1674 142 72
81	4756	0.0	3	3221 1360 130 45
82	3897	0.0	3	2683 1089 85 40
83	3348	0.0	3	2339 909 78 22
84	3020	0.0	3	2134 787 67 32
85	2659	0.0	3	1870 710 56 23
86	2248	0.0	3	1544 619 61 24
87	1871	0.0	3	1285 533 42 11
88	1444	0.0	3	1026 375 27 16
89	1303	0.0	3	871 386 26 20
90	1082	0.0	3	732 316 25 9
91	829	0.0	3	560 229 29 11
92	739	0.0	3	497 219 17 6
93	638	0.0	3	424 191 16 7
94	529	0.0	3	362 151 10 6
95	494	0.0	3	328 144 15 7
96	372	0.0	3	239 120 10 3
97	303	0.0	3	213 71 13 6
98	269	0.0	3	178 79 9 3
99	229	0.0	3	163 57 5 4
100	177	0.0	3	125 44 5 3
101	166	0.0	3	101 50 12 3
102	131	0.0	3	91 31 9
103	103	0.0	3	63 36 4
104	85	0.0	3	59 18 7 1
105	93	0.0	3	60 29 2 2
106	92	0.0	3	65 24 3
107	83	0.0	3	49 30 2 2
108	53	0.0	3	35 15 2 1
109	67	0.0	3	45 19 2 1
110	43	0.0	3	20 21 2
111	37	0.0	3	20 14 2 1
112	62	0.0	3	39 18 3 2
113	25	0.0	3	18 6 0 1
114	17	0.0	3	11 2 4
115	29	0.0	3	11 12 4 2
116	22	0.0	3	10 7 2 3
117	17	0.0	3	8 5 3 1
118	18	0.0	3	7 5 3 3
119	14	0.0	3	7 2 4 1
120	16	0.0	3	8 4 3 1
121	12	0.0	3	5 3 3 1
122	11	0.0	3	5 0 6
123	20	0.0	3	7 7 4 2
124	16	0.0	3	6 2 7 1
125	24	0.0	3	11 2 11
126	21	0.0	3	5 3 12 1
127	26	0.0	3	4 1 17 4
128	49	0.0	3	3 1 42 3
129	41	0.0	3	6 1 32 2
130	55	0.0	3	9 2 41 3
131	58	0.0	3	4 2 50 2
132	66	0.0	3	5 2 55 4
133	74	0.0	3	8 0 63 3
134	80	0.0	3	7 1 70 2
135	92	0.0	3	5 0 83 4
136	101	0.0	3	5 4 86 6
137	108	0.0	3	3 1 99 5
138	135	0.0	3	6 4 119 6
139	125	0.0	3	0 0 119 6
140	150	0.0	3	1 0 139 10
141	147	0.0	3	0 0 134 13
142	197	0.0	3	5 2 178 12
143	221	0.0	3	3 4 200 14
144	261	0.0	3	4 4 244 9
145	326	0.0	3	5 2 298 21
146	415	0.0	3	0 6 390 19
147	426	0.0	3	1 5 396 24
148	736	0.0	3	1 6 685 44
149	1931	0.0	3	1 21 1811 98
150	6057	0.0	3	2 65 5639 351
