This is cutadapt 2.9 with Python 3.5.2
Command line parameters: --nextseq-trim 10 --minimum-length 25 --cores 4 -a AGATCGGAAGAGCACACGTCTGAACTCCAGTCAC -A AGATCGGAAGAGCGTCGTGTAGGGAAAGAGTGTA -o Pacuta_HTHC_TP3_1227_R1_TrimmingRound1.fastq.gz -p Pacuta_HTHC_TP3_1227_R2_TrimmingRound1.fastq.gz Pacuta_HTHC_TP3_1227_R1.fastq.gz Pacuta_HTHC_TP3_1227_R2.fastq.gz
Processing reads on 4 cores in paired-end mode ...
Finished in 729.33 s (40 us/read; 1.49 M reads/minute).

=== Summary ===

Total read pairs processed:         18,087,269
  Read 1 with adapter:               8,097,171 (44.8%)
  Read 2 with adapter:               7,660,255 (42.4%)
Pairs written (passing filters):    17,996,253 (99.5%)

Total basepairs processed: 5,426,180,700 bp
  Read 1: 2,713,090,350 bp
  Read 2: 2,713,090,350 bp
Quality-trimmed:              29,046,090 bp (0.5%)
  Read 1:     5,524,112 bp
  Read 2:    23,521,978 bp
Total written (filtered):  4,911,155,220 bp (90.5%)
  Read 1: 2,447,853,276 bp
  Read 2: 2,463,301,944 bp

=== First read: Adapter 1 ===

Sequence: AGATCGGAAGAGCACACGTCTGAACTCCAGTCAC; Type: regular 3'; Length: 34; Trimmed: 8097171 times

No. of allowed errors:
0-9 bp: 0; 10-19 bp: 1; 20-29 bp: 2; 30-34 bp: 3

Bases preceding removed adapters:
  A: 18.4%
  C: 37.7%
  G: 19.9%
  T: 23.9%
  none/other: 0.0%

Overview of removed sequences
length	count	expect	max.err	error counts
3	328852	282613.6	0	328852
4	164455	70653.4	0	164455
5	348718	17663.3	0	348718
8	112402	276.0	0	112402
9	226365	69.0	0	226365
10	711	17.2	1	0 711
11	289841	4.3	1	224761 65080
12	744	1.1	1	0 744
13	148206	0.3	1	114136 34070
14	152822	0.1	1	117597 35225
15	148034	0.0	1	114015 34019
16	157740	0.0	1	120676 37064
17	295811	0.0	1	228126 67685
18	1261	0.0	1	0 1128 133
19	151994	0.0	1	116643 34779 572
20	149088	0.0	2	111766 34629 2693
21	302148	0.0	2	228812 68071 5265
22	2192	0.0	2	0 1485 707
23	154050	0.0	2	115667 35462 2921
24	156200	0.0	2	115942 36872 3386
25	155997	0.0	2	116238 36365 3394
26	155508	0.0	2	114662 37278 3568
27	153817	0.0	2	113737 36338 3742
28	154068	0.0	2	112992 37059 3894 123
29	294631	0.0	2	220648 67746 5950 287
30	2917	0.0	3	0 1728 778 411
31	151177	0.0	3	110488 35617 3708 1364
32	144047	0.0	3	105460 34000 3301 1286
33	147544	0.0	3	107634 35117 3565 1228
34	148027	0.0	3	107332 35384 3892 1419
35	146088	0.0	3	106501 34775 3554 1258
36	146209	0.0	3	106223 34748 3779 1459
37	142772	0.0	3	103377 34527 3503 1365
38	280211	0.0	3	205559 65163 6724 2765
39	3885	0.0	3	273 2579 856 177
40	257814	0.0	3	191363 59313 5165 1973
41	2453	0.0	3	85 1618 597 153
42	130606	0.0	3	95365 30974 3120 1147
43	133615	0.0	3	98010 31758 2834 1013
44	109294	0.0	3	80730 25623 2147 794
45	134352	0.0	3	98696 31476 3099 1081
46	103627	0.0	3	75713 24904 2229 781
47	219073	0.0	3	162933 50796 3904 1440
48	2474	0.0	3	259 1444 608 163
49	102560	0.0	3	75636 24104 2096 724
50	99205	0.0	3	72481 23938 2070 716
51	180871	0.0	3	134711 41793 3128 1239
52	2794	0.0	3	678 1335 607 174
53	86512	0.0	3	63220 20805 1843 644
54	166151	0.0	3	123104 38653 3144 1250
55	1842	0.0	3	227 1049 465 101
56	71901	0.0	3	53330 16852 1264 455
57	70702	0.0	3	51922 17001 1375 404
58	63310	0.0	3	46970 14821 1123 396
59	59893	0.0	3	43875 14438 1207 373
60	56612	0.0	3	40980 14198 1098 336
61	95056	0.0	3	70469 22627 1448 512
62	1279	0.0	3	259 676 268 76
63	43792	0.0	3	32240 10419 840 293
64	39942	0.0	3	29150 9819 749 224
65	69636	0.0	3	51971 16348 1007 310
66	856	0.0	3	183 462 169 42
67	30136	0.0	3	22363 7129 485 159
68	28328	0.0	3	20764 6890 520 154
69	26289	0.0	3	19158 6500 480 151
70	55046	0.0	3	41618 12768 502 158
71	23619	0.0	3	17187 5923 384 125
72	18323	0.0	3	13428 4392 360 143
73	10622	0.0	3	7720 2575 244 83
74	9447	0.0	3	6898 2267 225 57
75	8636	0.0	3	6228 2183 173 52
76	7949	0.0	3	5782 1972 143 52
77	7026	0.0	3	5167 1693 125 41
78	5349	0.0	3	3969 1229 111 40
79	4577	0.0	3	3345 1113 93 26
80	3667	0.0	3	2687 896 60 24
81	3260	0.0	3	2380 797 56 27
82	2518	0.0	3	1867 583 50 18
83	2182	0.0	3	1605 510 52 15
84	1825	0.0	3	1355 440 17 13
85	1625	0.0	3	1194 377 33 21
86	1361	0.0	3	996 335 25 5
87	1191	0.0	3	890 272 20 9
88	1017	0.0	3	766 223 23 5
89	869	0.0	3	632 208 25 4
90	759	0.0	3	575 169 12 3
91	682	0.0	3	481 184 14 3
92	556	0.0	3	410 130 12 4
93	452	0.0	3	316 121 14 1
94	439	0.0	3	305 119 13 2
95	333	0.0	3	258 64 8 3
96	254	0.0	3	185 60 8 1
97	213	0.0	3	155 50 7 1
98	209	0.0	3	146 54 8 1
99	176	0.0	3	128 43 2 3
100	142	0.0	3	97 33 8 4
101	133	0.0	3	90 37 5 1
102	130	0.0	3	93 29 7 1
103	83	0.0	3	54 24 5
104	68	0.0	3	40 20 8
105	49	0.0	3	32 10 7
106	50	0.0	3	27 14 8 1
107	42	0.0	3	21 12 8 1
108	42	0.0	3	21 16 4 1
109	32	0.0	3	17 7 7 1
110	37	0.0	3	19 7 9 2
111	32	0.0	3	13 5 12 2
112	41	0.0	3	17 7 15 2
113	27	0.0	3	6 4 15 2
114	36	0.0	3	8 5 23
115	24	0.0	3	6 3 12 3
116	29	0.0	3	7 3 19
117	23	0.0	3	1 2 20
118	33	0.0	3	4 4 25
119	37	0.0	3	5 1 30 1
120	36	0.0	3	2 0 33 1
121	39	0.0	3	3 3 30 3
122	35	0.0	3	1 1 31 2
123	39	0.0	3	2 1 35 1
124	42	0.0	3	1 0 39 2
125	45	0.0	3	3 1 39 2
126	46	0.0	3	1 1 43 1
127	49	0.0	3	3 0 43 3
128	53	0.0	3	0 1 51 1
129	48	0.0	3	1 1 45 1
130	61	0.0	3	1 1 59
131	67	0.0	3	0 0 67
132	83	0.0	3	3 1 76 3
133	97	0.0	3	4 2 89 2
134	95	0.0	3	1 2 90 2
135	88	0.0	3	1 2 84 1
136	98	0.0	3	0 2 91 5
137	137	0.0	3	0 1 129 7
138	124	0.0	3	1 1 118 4
139	123	0.0	3	0 3 117 3
140	163	0.0	3	0 4 152 7
141	183	0.0	3	3 2 171 7
142	202	0.0	3	2 0 190 10
143	261	0.0	3	4 2 252 3
144	301	0.0	3	0 1 288 12
145	327	0.0	3	2 4 310 11
146	389	0.0	3	0 4 368 17
147	536	0.0	3	0 4 514 18
148	953	0.0	3	1 8 913 31
149	2314	0.0	3	0 17 2221 76
150	5358	0.0	3	1 47 5141 169


=== Second read: Adapter 2 ===

Sequence: AGATCGGAAGAGCGTCGTGTAGGGAAAGAGTGTA; Type: regular 3'; Length: 34; Trimmed: 7660255 times

No. of allowed errors:
0-9 bp: 0; 10-19 bp: 1; 20-29 bp: 2; 30-34 bp: 3

Bases preceding removed adapters:
  A: 15.9%
  C: 38.1%
  G: 32.4%
  T: 13.6%
  none/other: 0.0%

Overview of removed sequences
length	count	expect	max.err	error counts
3	472332	282613.6	0	472332
4	180119	70653.4	0	180119
5	328189	17663.3	0	328189
8	104238	276.0	0	104238
9	208589	69.0	0	208589
10	929	17.2	1	0 929
11	268456	4.3	1	208258 60198
12	878	1.1	1	0 878
13	289485	0.3	1	221801 67684
14	505	0.1	1	0 505
15	136069	0.0	1	105447 30622
16	288156	0.0	1	221717 66439
17	658	0.0	1	0 658
18	256412	0.0	1	200190 55797 425
19	1060	0.0	1	0 727 333
20	140618	0.0	2	104659 32211 3748
21	559034	0.0	2	418664 127992 12378
22	2143	0.0	2	0 1350 793
23	679	0.0	2	0 252 427
24	833	0.0	2	0 540 293
25	142653	0.0	2	105558 33408 3687
26	143669	0.0	2	104794 34514 4361
27	278313	0.0	2	205150 65576 7587
28	2615	0.0	2	0 1710 788 117
29	274414	0.0	2	200935 65404 7968 107
30	2782	0.0	3	0 1796 729 257
31	267602	0.0	3	195402 61775 6957 3468
32	2194	0.0	3	0 1268 660 266
33	137253	0.0	3	97761 33481 4394 1617
34	406659	0.0	3	293214 96621 12038 4786
35	2960	0.0	3	559 1327 673 401
36	1507	0.0	3	182 798 361 166
37	128718	0.0	3	93025 30654 3572 1467
38	124081	0.0	3	88801 30079 3736 1465
39	127837	0.0	3	91927 30412 4014 1484
40	123167	0.0	3	87640 30132 3871 1524
41	251922	0.0	3	183950 58039 7107 2826
42	4071	0.0	3	891 2125 749 306
43	268106	0.0	3	201109 57863 6615 2519
44	2790	0.0	3	479 1494 587 230
45	117497	0.0	3	85188 27705 3325 1279
46	224189	0.0	3	165644 50995 5370 2180
47	6950	0.0	3	4272 1733 642 303
48	99718	0.0	3	71911 23888 2773 1146
49	135776	0.0	3	104783 26662 3103 1228
50	83369	0.0	3	58338 21314 2672 1045
51	124741	0.0	3	95913 24549 3025 1254
52	232237	0.0	3	166678 56010 6636 2913
53	1900	0.0	3	467 812 413 208
54	1465	0.0	3	201 838 340 86
55	155976	0.0	3	108294 42662 3622 1398
56	1105	0.0	3	286 492 221 106
57	532	0.0	3	75 266 151 40
58	50945	0.0	3	35359 13636 1399 551
59	78771	0.0	3	54689 21599 1814 669
60	765	0.0	3	109 422 181 53
61	37129	0.0	3	25383 10323 1030 393
62	68172	0.0	3	47660 18112 1715 685
63	471	0.0	3	67 268 106 30
64	26025	0.0	3	17927 7360 562 176
65	26337	0.0	3	18474 7064 591 208
66	27992	0.0	3	19921 7205 607 259
67	22862	0.0	3	15986 6100 586 190
68	23110	0.0	3	16365 5959 563 223
69	19693	0.0	3	13821 5184 495 193
70	18818	0.0	3	13430 4760 458 170
71	15616	0.0	3	11071 4017 369 159
72	14169	0.0	3	10110 3635 298 126
73	13031	0.0	3	9447 3218 261 105
74	12151	0.0	3	8934 2841 260 116
75	12552	0.0	3	9345 2840 261 106
76	12107	0.0	3	9107 2643 246 111
77	7942	0.0	3	5578 2118 166 80
78	6015	0.0	3	4141 1661 147 66
79	5257	0.0	3	3573 1524 116 44
80	4872	0.0	3	3297 1435 98 42
81	3787	0.0	3	2578 1074 90 45
82	3265	0.0	3	2220 951 67 27
83	2729	0.0	3	1866 788 50 25
84	2264	0.0	3	1583 603 64 14
85	2093	0.0	3	1436 601 41 15
86	1729	0.0	3	1198 469 39 23
87	1427	0.0	3	958 421 35 13
88	1167	0.0	3	794 341 23 9
89	1040	0.0	3	718 294 19 9
90	866	0.0	3	586 259 15 6
91	632	0.0	3	413 198 13 8
92	615	0.0	3	407 184 20 4
93	532	0.0	3	317 191 19 5
94	409	0.0	3	249 142 13 5
95	348	0.0	3	229 101 9 9
96	289	0.0	3	184 92 8 5
97	237	0.0	3	142 80 8 7
98	199	0.0	3	135 52 7 5
99	165	0.0	3	103 50 10 2
100	144	0.0	3	83 55 3 3
101	118	0.0	3	82 32 2 2
102	118	0.0	3	82 30 3 3
103	85	0.0	3	48 31 4 2
104	71	0.0	3	43 20 3 5
105	61	0.0	3	34 21 2 4
106	48	0.0	3	28 15 3 2
107	59	0.0	3	41 17 1
108	47	0.0	3	30 14 2 1
109	47	0.0	3	25 19 2 1
110	43	0.0	3	26 9 4 4
111	39	0.0	3	23 11 3 2
112	29	0.0	3	12 12 3 2
113	24	0.0	3	13 9 2
114	23	0.0	3	9 6 4 4
115	16	0.0	3	6 4 5 1
116	16	0.0	3	6 5 3 2
117	14	0.0	3	7 3 2 2
118	13	0.0	3	6 1 5 1
119	13	0.0	3	4 5 4
120	12	0.0	3	3 1 5 3
121	15	0.0	3	5 1 7 2
122	13	0.0	3	5 0 8
123	12	0.0	3	1 2 5 4
124	17	0.0	3	3 0 13 1
125	12	0.0	3	0 3 8 1
126	21	0.0	3	3 0 18
127	19	0.0	3	2 1 12 4
128	40	0.0	3	1 2 35 2
129	42	0.0	3	1 1 35 5
130	58	0.0	3	1 0 53 4
131	62	0.0	3	2 1 58 1
132	80	0.0	3	2 0 74 4
133	82	0.0	3	2 4 72 4
134	81	0.0	3	2 3 74 2
135	107	0.0	3	4 2 96 5
136	113	0.0	3	1 1 105 6
137	115	0.0	3	0 1 107 7
138	155	0.0	3	2 0 148 5
139	156	0.0	3	1 2 144 9
140	154	0.0	3	0 2 143 9
141	165	0.0	3	1 5 154 5
142	190	0.0	3	2 3 174 11
143	213	0.0	3	1 3 198 11
144	261	0.0	3	0 4 249 8
145	357	0.0	3	1 0 334 22
146	395	0.0	3	1 2 373 19
147	488	0.0	3	0 3 465 20
148	825	0.0	3	0 11 775 39
149	2025	0.0	3	1 16 1881 127
150	6197	0.0	3	0 54 5809 334
