This is cutadapt 2.9 with Python 3.5.2
Command line parameters: --nextseq-trim 10 --minimum-length 25 --cores 4 -a AGATCGGAAGAGCACACGTCTGAACTCCAGTCAC -A AGATCGGAAGAGCGTCGTGTAGGGAAAGAGTGTA -o Pacuta_HTAC_TP5_1571_R1_TrimmingRound1.fastq.gz -p Pacuta_HTAC_TP5_1571_R2_TrimmingRound1.fastq.gz Pacuta_HTAC_TP5_1571_R1.fastq.gz Pacuta_HTAC_TP5_1571_R2.fastq.gz
Processing reads on 4 cores in paired-end mode ...
Finished in 794.01 s (38 us/read; 1.58 M reads/minute).

=== Summary ===

Total read pairs processed:         20,933,529
  Read 1 with adapter:               8,253,596 (39.4%)
  Read 2 with adapter:               8,428,161 (40.3%)
Pairs written (passing filters):    20,865,617 (99.7%)

Total basepairs processed: 6,280,058,700 bp
  Read 1: 3,140,029,350 bp
  Read 2: 3,140,029,350 bp
Quality-trimmed:              13,423,006 bp (0.2%)
  Read 1:     5,349,344 bp
  Read 2:     8,073,662 bp
Total written (filtered):  5,604,764,151 bp (89.2%)
  Read 1: 2,802,815,233 bp
  Read 2: 2,801,948,918 bp

=== First read: Adapter 1 ===

Sequence: AGATCGGAAGAGCACACGTCTGAACTCCAGTCAC; Type: regular 3'; Length: 34; Trimmed: 8253596 times

No. of allowed errors:
0-9 bp: 0; 10-19 bp: 1; 20-29 bp: 2; 30-34 bp: 3

Bases preceding removed adapters:
  A: 18.5%
  C: 28.5%
  G: 34.8%
  T: 18.0%
  none/other: 0.1%

Overview of removed sequences
length	count	expect	max.err	error counts
3	377848	327086.4	0	377848
4	163944	81771.6	0	163944
5	306983	20442.9	0	306983
8	97601	319.4	0	97601
9	195733	79.9	0	195733
10	573	20.0	1	0 573
11	201314	5.0	1	197483 3831
12	573	1.2	1	0 573
13	102219	0.3	1	99722 2497
14	103405	0.1	1	100637 2768
15	103100	0.0	1	100294 2806
16	103000	0.0	1	99738 3262
17	204779	0.0	1	199278 5501
18	735	0.0	1	0 676 59
19	103396	0.0	1	99974 3300 122
20	104266	0.0	2	99944 3987 335
21	208315	0.0	2	201550 6165 600
22	1103	0.0	2	0 1025 78
23	106158	0.0	2	101806 3906 446
24	106470	0.0	2	101905 4163 402
25	105930	0.0	2	101286 4220 424
26	106317	0.0	2	101507 4408 402
27	105283	0.0	2	100366 4364 553
28	106977	0.0	2	100674 5821 411 71
29	211848	0.0	2	203327 7554 810 157
30	1917	0.0	3	0 1360 187 370
31	107809	0.0	3	101866 5272 550 121
32	107974	0.0	3	101594 5621 605 154
33	107424	0.0	3	100715 6039 531 139
34	108003	0.0	3	101338 5939 589 137
35	108347	0.0	3	101580 6042 611 114
36	109626	0.0	3	101543 7216 705 162
37	211616	0.0	3	201411 8960 1034 211
38	3244	0.0	3	102 2942 155 45
39	211889	0.0	3	201934 8605 1110 240
40	2018	0.0	3	80 1757 156 25
41	108027	0.0	3	101758 5611 542 116
42	106619	0.0	3	100085 5816 583 135
43	107388	0.0	3	100846 5814 607 121
44	107517	0.0	3	101102 5662 557 196
45	109658	0.0	3	103054 5901 590 113
46	106539	0.0	3	98973 6860 590 116
47	208443	0.0	3	199066 8276 861 240
48	2333	0.0	3	327 1837 125 44
49	104478	0.0	3	98631 5167 574 106
50	105385	0.0	3	98165 6693 414 113
51	203571	0.0	3	194513 8119 744 195
52	2357	0.0	3	387 1737 218 15
53	103567	0.0	3	96893 6143 439 92
54	203052	0.0	3	193780 8353 758 161
55	2175	0.0	3	335 1648 161 31
56	100862	0.0	3	95293 5063 407 99
57	100542	0.0	3	94618 5383 437 104
58	97852	0.0	3	91951 5366 440 95
59	96129	0.0	3	90352 5236 463 78
60	96440	0.0	3	89618 6313 424 85
61	183248	0.0	3	174877 7569 691 111
62	2170	0.0	3	355 1644 134 37
63	91188	0.0	3	85992 4677 447 72
64	92499	0.0	3	85967 6050 393 89
65	172089	0.0	3	164070 7240 676 103
66	1867	0.0	3	297 1421 129 20
67	83308	0.0	3	78587 4230 429 62
68	81222	0.0	3	76422 4246 483 71
69	77715	0.0	3	73135 4132 392 56
70	74629	0.0	3	70267 3932 367 63
71	72480	0.0	3	68127 3959 340 54
72	86325	0.0	3	81613 4241 408 63
73	66367	0.0	3	62602 3406 298 61
74	65822	0.0	3	62187 3267 312 56
75	62191	0.0	3	58759 3063 296 73
76	58578	0.0	3	55316 2967 235 60
77	56488	0.0	3	53346 2851 226 65
78	51314	0.0	3	48485 2616 171 42
79	44562	0.0	3	42116 2246 172 28
80	42817	0.0	3	40566 2090 131 30
81	36088	0.0	3	34058 1872 132 26
82	34616	0.0	3	32744 1727 119 26
83	31839	0.0	3	30081 1591 142 25
84	28698	0.0	3	27130 1452 90 26
85	25903	0.0	3	24470 1305 107 21
86	23020	0.0	3	21739 1172 95 14
87	21278	0.0	3	20129 1053 81 15
88	19136	0.0	3	18147 890 83 16
89	16055	0.0	3	15151 818 74 12
90	14625	0.0	3	13868 684 61 12
91	12836	0.0	3	12186 596 44 10
92	11180	0.0	3	10635 508 33 4
93	8616	0.0	3	8187 389 33 7
94	7380	0.0	3	6999 346 31 4
95	6598	0.0	3	6285 280 27 6
96	5146	0.0	3	4899 229 14 4
97	4846	0.0	3	4614 211 18 3
98	4371	0.0	3	4151 199 15 6
99	3732	0.0	3	3537 179 10 6
100	3244	0.0	3	3078 149 13 4
101	2740	0.0	3	2609 119 11 1
102	2387	0.0	3	2269 102 12 4
103	1664	0.0	3	1578 80 3 3
104	1393	0.0	3	1312 68 8 5
105	1283	0.0	3	1223 54 4 2
106	1109	0.0	3	1039 62 7 1
107	855	0.0	3	795 52 6 2
108	867	0.0	3	817 46 4
109	759	0.0	3	713 43 3
110	665	0.0	3	631 30 3 1
111	605	0.0	3	587 17 1
112	505	0.0	3	471 33 1
113	488	0.0	3	462 23 2 1
114	473	0.0	3	450 22 1
115	402	0.0	3	380 19 2 1
116	397	0.0	3	373 23 0 1
117	445	0.0	3	415 25 5
118	393	0.0	3	359 33 1
119	402	0.0	3	376 24 0 2
120	425	0.0	3	397 27 1
121	436	0.0	3	401 31 2 2
122	472	0.0	3	444 19 9
123	449	0.0	3	415 32 1 1
124	436	0.0	3	408 25 3
125	454	0.0	3	421 30 2 1
126	495	0.0	3	461 32 2
127	547	0.0	3	518 28 1
128	722	0.0	3	680 39 1 2
129	656	0.0	3	604 49 2 1
130	778	0.0	3	717 60 1
131	804	0.0	3	753 51
132	906	0.0	3	832 70 4
133	1010	0.0	3	936 67 7
134	1084	0.0	3	1000 77 7
135	1153	0.0	3	1081 69 3
136	1309	0.0	3	1212 93 3 1
137	1450	0.0	3	1358 84 7 1
138	1407	0.0	3	1289 113 5
139	1354	0.0	3	1228 113 12 1
140	1658	0.0	3	1508 138 12
141	1822	0.0	3	1648 168 6
142	1104	0.0	3	946 148 9 1
143	1297	0.0	3	1047 236 10 4
144	1438	0.0	3	1131 287 15 5
145	1767	0.0	3	1417 335 15
146	2026	0.0	3	1488 514 23 1
147	2667	0.0	3	1377 1203 84 3
148	3672	0.0	3	481 2997 181 13
149	10274	0.0	3	338 9359 535 42
150	24935	0.0	3	746 22810 1302 77


=== Second read: Adapter 2 ===

Sequence: AGATCGGAAGAGCGTCGTGTAGGGAAAGAGTGTA; Type: regular 3'; Length: 34; Trimmed: 8428161 times

No. of allowed errors:
0-9 bp: 0; 10-19 bp: 1; 20-29 bp: 2; 30-34 bp: 3

Bases preceding removed adapters:
  A: 18.0%
  C: 26.9%
  G: 44.4%
  T: 10.6%
  none/other: 0.1%

Overview of removed sequences
length	count	expect	max.err	error counts
3	528245	327086.4	0	528245
4	197263	81771.6	0	197263
5	310138	20442.9	0	310138
8	97594	319.4	0	97594
9	195846	79.9	0	195846
10	743	20.0	1	0 743
11	201294	5.0	1	197665 3629
12	645	1.2	1	0 645
13	205516	0.3	1	201295 4221
14	471	0.1	1	0 471
15	102588	0.0	1	99883 2705
16	205888	0.0	1	200380 5508
17	842	0.0	1	0 842
18	202983	0.0	1	197568 5230 185
19	799	0.0	1	0 543 256
20	104679	0.0	2	99428 4785 466
21	418077	0.0	2	402416 13878 1783
22	969	0.0	2	0 859 110
23	448	0.0	2	0 117 331
24	808	0.0	2	0 669 139
25	105436	0.0	2	100178 4572 686
26	106690	0.0	2	100694 5358 638
27	209000	0.0	2	199402 7999 1599
28	1910	0.0	2	0 1723 126 61
29	213458	0.0	2	202680 9266 1469 43
30	1896	0.0	3	0 1698 127 71
31	212065	0.0	3	200805 9021 1397 842
32	1617	0.0	3	0 1124 408 85
33	108363	0.0	3	99836 7366 859 302
34	320401	0.0	3	300892 16387 2331 791
35	863	0.0	3	106 589 129 39
36	1041	0.0	3	49 745 151 96
37	106893	0.0	3	99127 6334 1114 318
38	109430	0.0	3	99667 8441 942 380
39	424943	0.0	3	399332 21442 2925 1244
40	1090	0.0	3	141 791 82 76
41	426	0.0	3	134 83 183 26
42	1832	0.0	3	250 1422 115 45
43	211767	0.0	3	199132 10595 1417 623
44	1678	0.0	3	286 1128 237 27
45	108009	0.0	3	100221 6590 828 370
46	210127	0.0	3	197846 10240 1461 580
47	1512	0.0	3	292 1015 156 49
48	105496	0.0	3	98658 5820 744 274
49	104706	0.0	3	97900 5787 742 277
50	103999	0.0	3	97071 5734 875 319
51	105344	0.0	3	97221 7098 789 236
52	305695	0.0	3	288226 14604 1918 947
53	1289	0.0	3	375 613 258 43
54	2470	0.0	3	335 1987 113 35
55	299701	0.0	3	284624 12615 1644 818
56	1122	0.0	3	377 574 116 55
57	1112	0.0	3	169 731 191 21
58	98259	0.0	3	92288 5201 564 206
59	188831	0.0	3	179510 7931 963 427
60	1487	0.0	3	311 974 170 32
61	94304	0.0	3	88542 4943 546 273
62	182233	0.0	3	173371 7355 944 563
63	1295	0.0	3	288 881 95 31
64	90554	0.0	3	85829 4053 467 205
65	88459	0.0	3	83707 4097 477 178
66	86218	0.0	3	81542 4026 471 179
67	83548	0.0	3	79080 3871 445 152
68	81240	0.0	3	76864 3690 425 261
69	77588	0.0	3	73547 3450 395 196
70	74482	0.0	3	70637 3369 328 148
71	72118	0.0	3	68474 3176 330 138
72	68524	0.0	3	64897 3177 327 123
73	66525	0.0	3	63131 2955 293 146
74	64224	0.0	3	60882 2856 298 188
75	61080	0.0	3	57915 2728 275 162
76	72177	0.0	3	68576 3133 326 142
77	55387	0.0	3	52708 2351 219 109
78	52248	0.0	3	49785 2195 194 74
79	47967	0.0	3	45684 2016 175 92
80	44082	0.0	3	42086 1782 141 73
81	38226	0.0	3	36432 1581 153 60
82	35016	0.0	3	33410 1412 143 51
83	31262	0.0	3	29806 1237 144 75
84	28391	0.0	3	27097 1113 120 61
85	26209	0.0	3	25044 994 117 54
86	23106	0.0	3	22005 961 101 39
87	20890	0.0	3	19923 842 88 37
88	18795	0.0	3	17887 778 90 40
89	17101	0.0	3	16358 653 58 32
90	15087	0.0	3	14372 618 72 25
91	12895	0.0	3	12313 492 67 23
92	10691	0.0	3	10194 438 43 16
93	8867	0.0	3	8482 323 45 17
94	7394	0.0	3	7028 313 33 20
95	6248	0.0	3	5985 215 33 15
96	5503	0.0	3	5228 231 29 15
97	4764	0.0	3	4516 216 21 11
98	4391	0.0	3	4170 184 27 10
99	3602	0.0	3	3431 146 15 10
100	3159	0.0	3	3008 120 17 14
101	2742	0.0	3	2610 114 10 8
102	2249	0.0	3	2131 97 12 9
103	1722	0.0	3	1636 63 11 12
104	1462	0.0	3	1379 71 10 2
105	1320	0.0	3	1245 61 8 6
106	1123	0.0	3	1059 53 7 4
107	946	0.0	3	879 51 8 8
108	875	0.0	3	829 39 7
109	772	0.0	3	710 50 9 3
110	731	0.0	3	689 32 6 4
111	618	0.0	3	566 38 7 7
112	585	0.0	3	536 39 5 5
113	521	0.0	3	467 40 9 5
114	472	0.0	3	434 31 5 2
115	436	0.0	3	395 24 8 9
116	458	0.0	3	420 31 5 2
117	439	0.0	3	405 23 6 5
118	415	0.0	3	378 21 9 7
119	419	0.0	3	389 22 7 1
120	434	0.0	3	401 25 3 5
121	416	0.0	3	377 28 9 2
122	480	0.0	3	451 26 3
123	446	0.0	3	419 19 3 5
124	465	0.0	3	423 31 9 2
125	454	0.0	3	416 30 3 5
126	545	0.0	3	505 35 3 2
127	569	0.0	3	523 31 11 4
128	662	0.0	3	616 39 6 1
129	686	0.0	3	640 35 4 7
130	754	0.0	3	703 43 5 3
131	798	0.0	3	747 46 5
132	850	0.0	3	786 58 3 3
133	1022	0.0	3	951 61 8 2
134	1063	0.0	3	1002 56 4 1
135	1117	0.0	3	1047 64 5 1
136	1275	0.0	3	1188 80 4 3
137	1507	0.0	3	1392 103 10 2
138	1352	0.0	3	1241 100 6 5
139	1345	0.0	3	1245 92 8
140	1671	0.0	3	1540 118 7 6
141	1846	0.0	3	1694 142 6 4
142	1067	0.0	3	956 105 4 2
143	1249	0.0	3	1070 171 7 1
144	1462	0.0	3	1181 271 9 1
145	1559	0.0	3	1311 234 9 5
146	2043	0.0	3	1598 424 18 3
147	2386	0.0	3	1531 811 39 5
148	2653	0.0	3	504 2063 78 8
149	8711	0.0	3	273 8108 305 25
150	27325	0.0	3	858 25436 978 53
