This is cutadapt 2.9 with Python 3.5.2
Command line parameters: --nextseq-trim 10 --minimum-length 25 --cores 4 -a AGATCGGAAGAGCACACGTCTGAACTCCAGTCAC -A AGATCGGAAGAGCGTCGTGTAGGGAAAGAGTGTA -o Pacuta_HTHC_TP9_1131_R1_TrimmingRound1.fastq.gz -p Pacuta_HTHC_TP9_1131_R2_TrimmingRound1.fastq.gz Pacuta_HTHC_TP9_1131_R1.fastq.gz Pacuta_HTHC_TP9_1131_R2.fastq.gz
Processing reads on 4 cores in paired-end mode ...
Finished in 635.12 s (36 us/read; 1.68 M reads/minute).

=== Summary ===

Total read pairs processed:         17,763,450
  Read 1 with adapter:              10,462,780 (58.9%)
  Read 2 with adapter:               9,534,756 (53.7%)
Pairs written (passing filters):    17,572,953 (98.9%)

Total basepairs processed: 5,329,035,000 bp
  Read 1: 2,664,517,500 bp
  Read 2: 2,664,517,500 bp
Quality-trimmed:              41,397,055 bp (0.8%)
  Read 1:     7,055,703 bp
  Read 2:    34,341,352 bp
Total written (filtered):  4,574,690,512 bp (85.8%)
  Read 1: 2,270,645,961 bp
  Read 2: 2,304,044,551 bp

=== First read: Adapter 1 ===

Sequence: AGATCGGAAGAGCACACGTCTGAACTCCAGTCAC; Type: regular 3'; Length: 34; Trimmed: 10462780 times

No. of allowed errors:
0-9 bp: 0; 10-19 bp: 1; 20-29 bp: 2; 30-34 bp: 3

Bases preceding removed adapters:
  A: 20.0%
  C: 40.8%
  G: 16.2%
  T: 23.0%
  none/other: 0.0%

Overview of removed sequences
length	count	expect	max.err	error counts
3	255591	277553.9	0	255591
4	139053	69388.5	0	139053
5	327700	17347.1	0	327700
8	105600	271.0	0	105600
9	209826	67.8	0	209826
10	636	16.9	1	0 636
11	285847	4.2	1	212016 73831
12	644	1.1	1	0 644
13	152141	0.3	1	112197 39944
14	159586	0.1	1	117365 42221
15	160964	0.0	1	118747 42217
16	174145	0.0	1	127237 46908
17	327565	0.0	1	242058 85507
18	1221	0.0	1	0 1045 176
19	166359	0.0	1	120862 44923 574
20	164122	0.0	2	117419 43609 3094
21	333322	0.0	2	239275 87984 6063
22	2011	0.0	2	0 1326 685
23	172923	0.0	2	122549 46845 3529
24	180671	0.0	2	127667 48998 4006
25	187747	0.0	2	133102 50572 4073
26	191356	0.0	2	134292 52574 4490
27	192108	0.0	2	135032 52318 4758
28	193531	0.0	2	135301 53102 4997 131
29	366253	0.0	2	258456 99841 7668 288
30	3547	0.0	3	0 1966 1077 504
31	186280	0.0	3	128573 51225 4743 1739
32	181939	0.0	3	125276 50530 4469 1664
33	185239	0.0	3	126971 52031 4693 1544
34	191965	0.0	3	129963 54478 5552 1972
35	195736	0.0	3	133558 54853 5548 1777
36	214224	0.0	3	141533 62269 7707 2715
37	598101	0.0	3	410273 167787 14673 5368
38	3871	0.0	3	430 2051 1072 318
39	3110	0.0	3	131 2006 822 151
40	347113	0.0	3	241303 96974 6502 2334
41	3058	0.0	3	105 1843 899 211
42	167375	0.0	3	114919 47727 3513 1216
43	176350	0.0	3	119242 50956 4573 1579
44	175951	0.0	3	119408 50468 4465 1610
45	196938	0.0	3	132650 57125 5293 1870
46	167009	0.0	3	112524 48585 4485 1415
47	374228	0.0	3	257438 106217 7706 2867
48	4024	0.0	3	592 2116 1014 302
49	148324	0.0	3	100936 42649 3548 1191
50	153772	0.0	3	103521 45188 3939 1124
51	288001	0.0	3	196056 84085 5862 1998
52	23773	0.0	3	14495 7484 1377 417
53	126616	0.0	3	84864 37405 3264 1083
54	290168	0.0	3	197489 84377 6115 2187
55	6862	0.0	3	2678 2854 1023 307
56	113359	0.0	3	77482 32643 2422 812
57	127272	0.0	3	86104 37611 2703 854
58	108685	0.0	3	73562 32070 2335 718
59	126113	0.0	3	84773 37891 2663 786
60	101784	0.0	3	68347 30405 2347 685
61	169241	0.0	3	114335 50736 3130 1040
62	4250	0.0	3	1673 1786 606 185
63	76260	0.0	3	50781 23350 1604 525
64	65399	0.0	3	42845 20423 1673 458
65	124729	0.0	3	84387 37480 2185 677
66	4201	0.0	3	2039 1595 449 118
67	56792	0.0	3	38223 16994 1190 385
68	56998	0.0	3	38129 17262 1214 393
69	52725	0.0	3	34902 16271 1198 354
70	78657	0.0	3	53023 24032 1258 344
71	70945	0.0	3	47818 21699 1128 300
72	48945	0.0	3	32620 15027 1009 289
73	25676	0.0	3	16804 7971 686 215
74	20282	0.0	3	13241 6355 539 147
75	18227	0.0	3	11947 5707 420 153
76	17166	0.0	3	11277 5376 396 117
77	15618	0.0	3	10270 4895 344 109
78	11843	0.0	3	7810 3670 284 79
79	9854	0.0	3	6468 3090 220 76
80	7795	0.0	3	5128 2441 170 56
81	6941	0.0	3	4565 2193 149 34
82	5407	0.0	3	3512 1740 114 41
83	4702	0.0	3	3145 1430 97 30
84	4127	0.0	3	2674 1345 84 24
85	3731	0.0	3	2433 1195 81 22
86	3383	0.0	3	2184 1117 58 24
87	2863	0.0	3	1836 940 80 7
88	2577	0.0	3	1716 799 48 14
89	1966	0.0	3	1297 621 33 15
90	1712	0.0	3	1123 532 48 9
91	1516	0.0	3	966 510 30 10
92	1256	0.0	3	822 399 27 8
93	1123	0.0	3	725 364 28 6
94	856	0.0	3	541 285 26 4
95	795	0.0	3	517 256 16 6
96	572	0.0	3	366 178 22 6
97	552	0.0	3	338 197 13 4
98	460	0.0	3	278 159 20 3
99	441	0.0	3	265 149 21 6
100	349	0.0	3	224 103 18 4
101	317	0.0	3	212 94 10 1
102	261	0.0	3	154 90 13 4
103	195	0.0	3	109 59 27
104	152	0.0	3	95 37 16 4
105	132	0.0	3	66 48 16 2
106	128	0.0	3	62 43 19 4
107	104	0.0	3	51 37 15 1
108	102	0.0	3	56 26 20
109	98	0.0	3	42 24 32
110	89	0.0	3	32 18 37 2
111	97	0.0	3	27 18 50 2
112	82	0.0	3	37 7 37 1
113	80	0.0	3	14 11 50 5
114	80	0.0	3	12 2 64 2
115	74	0.0	3	7 9 56 2
116	84	0.0	3	9 8 67
117	83	0.0	3	7 8 65 3
118	97	0.0	3	9 4 81 3
119	111	0.0	3	4 6 99 2
120	118	0.0	3	7 8 100 3
121	128	0.0	3	6 5 111 6
122	119	0.0	3	4 8 105 2
123	129	0.0	3	2 7 116 4
124	103	0.0	3	3 5 93 2
125	149	0.0	3	4 6 133 6
126	154	0.0	3	5 1 142 6
127	154	0.0	3	2 2 144 6
128	175	0.0	3	3 5 163 4
129	201	0.0	3	8 4 183 6
130	177	0.0	3	3 5 166 3
131	205	0.0	3	3 1 195 6
132	228	0.0	3	5 1 218 4
133	249	0.0	3	5 2 234 8
134	301	0.0	3	4 5 282 10
135	352	0.0	3	7 9 323 13
136	334	0.0	3	6 9 309 10
137	395	0.0	3	2 8 374 11
138	404	0.0	3	5 6 381 12
139	435	0.0	3	1 7 413 14
140	584	0.0	3	1 10 552 21
141	548	0.0	3	7 10 516 15
142	730	0.0	3	2 12 688 28
143	908	0.0	3	1 21 847 39
144	992	0.0	3	3 25 932 32
145	1011	0.0	3	3 25 941 42
146	1185	0.0	3	4 31 1116 34
147	1628	0.0	3	1 35 1540 52
148	2846	0.0	3	1 46 2710 89
149	7008	0.0	3	1 156 6631 220
150	15823	0.0	3	0 326 14949 548


=== Second read: Adapter 2 ===

Sequence: AGATCGGAAGAGCGTCGTGTAGGGAAAGAGTGTA; Type: regular 3'; Length: 34; Trimmed: 9534756 times

No. of allowed errors:
0-9 bp: 0; 10-19 bp: 1; 20-29 bp: 2; 30-34 bp: 3

Bases preceding removed adapters:
  A: 17.8%
  C: 41.0%
  G: 25.3%
  T: 15.9%
  none/other: 0.0%

Overview of removed sequences
length	count	expect	max.err	error counts
3	392261	277553.9	0	392261
4	155481	69388.5	0	155481
5	315250	17347.1	0	315250
8	99935	271.0	0	99935
9	197350	67.8	0	197350
10	860	16.9	1	0 860
11	258785	4.2	1	199678 59107
12	682	1.1	1	0 682
13	290618	0.3	1	221599 69019
14	453	0.1	1	0 453
15	144106	0.0	1	111578 32528
16	303942	0.0	1	234012 69930
17	628	0.0	1	0 628
18	282979	0.0	1	218298 64251 430
19	1223	0.0	1	0 779 444
20	152579	0.0	2	112157 36164 4258
21	612323	0.0	2	457681 141891 12751
22	3170	0.0	2	0 1958 1212
23	932	0.0	2	0 394 538
24	1039	0.0	2	0 661 378
25	167068	0.0	2	123671 39360 4037
26	172319	0.0	2	125099 42329 4891
27	339987	0.0	2	250727 80691 8569
28	3293	0.0	2	0 2026 1054 213
29	330927	0.0	2	239786 81957 9049 135
30	3512	0.0	3	0 2180 951 381
31	324817	0.0	3	233962 78733 8112 4010
32	2869	0.0	3	0 1650 790 429
33	165526	0.0	3	117697 40643 5066 2120
34	168322	0.0	3	464 120475 42507 4876
35	173635	0.0	3	487 124346 43641 5161
36	178949	0.0	3	370 126462 45903 6214
37	350223	0.0	3	933 248594 86940 13756
38	3386	0.0	3	11 500 1951 924
39	171562	0.0	3	458 121167 43217 6720
40	181835	0.0	3	523 124076 47924 9312
41	303623	0.0	3	730 215876 76697 10320
42	3257	0.0	3	6 322 2172 757
43	297735	0.0	3	807 212992 74465 9471
44	3026	0.0	3	25 501 1646 854
45	158865	0.0	3	444 111010 41110 6301
46	314417	0.0	3	766 222514 79836 11301
47	4324	0.0	3	68 1185 1956 1115
48	153214	0.0	3	385 107034 39684 6111
49	151276	0.0	3	549 105967 38780 5980
50	141385	0.0	3	428 98509 36792 5656
51	141941	0.0	3	516 97276 37526 6623
52	434062	0.0	3	1227 312661 102965 17209
53	2852	0.0	3	15 668 1334 835
54	2795	0.0	3	3 397 1663 732
55	298016	0.0	3	570 207661 81255 8530
56	1981	0.0	3	17 540 944 480
57	1020	0.0	3	5 128 598 289
58	101611	0.0	3	223 70083 27698 3607
59	165178	0.0	3	229 115578 44816 4555
60	1575	0.0	3	5 249 871 450
61	76662	0.0	3	134 52315 21652 2561
62	142762	0.0	3	294 99568 38351 4549
63	1025	0.0	3	9 131 607 278
64	51702	0.0	3	93 35274 14970 1365
65	54882	0.0	3	121 38331 14827 1603
66	55067	0.0	3	116 38133 14952 1866
67	52027	0.0	3	91 36121 14303 1512
68	51632	0.0	3	119 36176 13591 1746
69	43458	0.0	3	85 30015 12037 1321
70	39216	0.0	3	88 27042 10896 1190
71	34208	0.0	3	87 23752 9267 1102
72	30350	0.0	3	65 21038 8332 915
73	27823	0.0	3	68 19282 7573 900
74	28498	0.0	3	75 20496 7078 849
75	37856	0.0	3	99 29363 7253 1141
76	29112	0.0	3	107 21375 6563 1067
77	16507	0.0	3	39 10904 4973 591
78	12998	0.0	3	38 8430 4113 417
79	11667	0.0	3	12 7418 3893 344
80	10965	0.0	3	9 7105 3543 308
81	8782	0.0	3	18 5491 3027 246
82	6726	0.0	3	8 4275 2253 190
83	5874	0.0	3	7 3781 1936 150
84	4973	0.0	3	7 3191 1651 124
85	4578	0.0	3	10 2950 1524 94
86	3766	0.0	3	1 2379 1284 102
87	3331	0.0	3	2 2030 1211 88
88	2794	0.0	3	3 1802 923 66
89	2315	0.0	3	4 1412 842 57
90	1874	0.0	3	1 1156 669 48
91	1544	0.0	3	1 970 538 35
92	1331	0.0	3	0 798 495 38
93	1129	0.0	3	0 678 415 36
94	906	0.0	3	0 564 315 27
95	813	0.0	3	0 515 277 21
96	681	0.0	3	0 412 238 31
97	502	0.0	3	0 301 186 15
98	383	0.0	3	0 219 155 9
99	393	0.0	3	0 230 148 15
100	322	0.0	3	0 194 114 14
101	295	0.0	3	0 169 116 10
102	215	0.0	3	0 129 75 11
103	180	0.0	3	0 108 64 8
104	151	0.0	3	1 79 64 7
105	138	0.0	3	0 68 63 7
106	92	0.0	3	0 57 30 5
107	107	0.0	3	0 59 39 9
108	94	0.0	3	0 59 30 5
109	71	0.0	3	0 44 26 1
110	69	0.0	3	0 35 21 13
111	60	0.0	3	1 26 26 7
112	74	0.0	3	0 47 14 13
113	30	0.0	3	0 12 9 9
114	34	0.0	3	0 18 10 6
115	20	0.0	3	0 8 6 6
116	25	0.0	3	0 10 8 7
117	22	0.0	3	0 9 4 9
118	29	0.0	3	0 13 8 8
119	22	0.0	3	0 8 4 10
120	25	0.0	3	0 8 6 11
121	26	0.0	3	0 6 5 15
122	20	0.0	3	0 3 5 12
123	24	0.0	3	0 5 4 15
124	41	0.0	3	0 5 2 34
125	39	0.0	3	0 6 3 30
126	45	0.0	3	0 5 2 38
127	69	0.0	3	0 7 2 60
128	106	0.0	3	0 3 2 101
129	110	0.0	3	0 4 4 102
130	146	0.0	3	0 1 3 142
131	183	0.0	3	0 3 3 177
132	225	0.0	3	0 8 10 207
133	226	0.0	3	0 3 11 212
134	242	0.0	3	0 3 6 233
135	292	0.0	3	0 6 8 278
136	310	0.0	3	0 4 6 300
137	353	0.0	3	0 5 10 338
138	394	0.0	3	0 2 9 383
139	433	0.0	3	0 0 11 422
140	482	0.0	3	0 1 14 467
141	536	0.0	3	0 3 16 517
142	591	0.0	3	0 3 6 582
143	775	0.0	3	0 0 18 757
144	891	0.0	3	0 2 27 862
145	1030	0.0	3	0 2 28 1000
146	1155	0.0	3	0 0 29 1126
147	1430	0.0	3	0 4 43 1383
148	2389	0.0	3	0 2 54 2333
149	5994	0.0	3	0 0 117 5877
150	18033	0.0	3	0 2 366 17665
