This is cutadapt 2.9 with Python 3.5.2
Command line parameters: --nextseq-trim 10 --minimum-length 25 --cores 4 -a AGATCGGAAGAGCACACGTCTGAACTCCAGTCAC -A AGATCGGAAGAGCGTCGTGTAGGGAAAGAGTGTA -o Pacuta_HTHC_TP1_2210_R1_TrimmingRound1.fastq.gz -p Pacuta_HTHC_TP1_2210_R2_TrimmingRound1.fastq.gz Pacuta_HTHC_TP1_2210_R1.fastq.gz Pacuta_HTHC_TP1_2210_R2.fastq.gz
Processing reads on 4 cores in paired-end mode ...
Finished in 863.90 s (42 us/read; 1.42 M reads/minute).

=== Summary ===

Total read pairs processed:         20,479,332
  Read 1 with adapter:               7,570,643 (37.0%)
  Read 2 with adapter:               7,738,289 (37.8%)
Pairs written (passing filters):    20,407,817 (99.7%)

Total basepairs processed: 6,143,799,600 bp
  Read 1: 3,071,899,800 bp
  Read 2: 3,071,899,800 bp
Quality-trimmed:              12,371,567 bp (0.2%)
  Read 1:     5,426,578 bp
  Read 2:     6,944,989 bp
Total written (filtered):  5,523,445,208 bp (89.9%)
  Read 1: 2,762,056,399 bp
  Read 2: 2,761,388,809 bp

=== First read: Adapter 1 ===

Sequence: AGATCGGAAGAGCACACGTCTGAACTCCAGTCAC; Type: regular 3'; Length: 34; Trimmed: 7570643 times

No. of allowed errors:
0-9 bp: 0; 10-19 bp: 1; 20-29 bp: 2; 30-34 bp: 3

Bases preceding removed adapters:
  A: 18.6%
  C: 28.2%
  G: 34.7%
  T: 18.5%
  none/other: 0.1%

Overview of removed sequences
length	count	expect	max.err	error counts
3	378750	319989.6	0	378750
4	155666	79997.4	0	155666
5	282635	19999.3	0	282635
8	89357	312.5	0	89357
9	178702	78.1	0	178702
10	503	19.5	1	0 503
11	183260	4.9	1	180195 3065
12	388	1.2	1	0 388
13	93517	0.3	1	91515 2002
14	93851	0.1	1	91601 2250
15	94261	0.0	1	92073 2188
16	93544	0.0	1	91094 2450
17	186796	0.0	1	182353 4443
18	550	0.0	1	0 476 74
19	94040	0.0	1	91394 2527 119
20	94651	0.0	2	91299 3110 242
21	190132	0.0	2	184509 5069 554
22	823	0.0	2	0 756 67
23	96515	0.0	2	93094 3068 353
24	95800	0.0	2	92300 3174 326
25	96328	0.0	2	92762 3214 352
26	95651	0.0	2	91925 3358 368
27	95496	0.0	2	91683 3357 456
28	96756	0.0	2	91954 4411 326 65
29	190926	0.0	2	183912 6144 728 142
30	1245	0.0	3	0 896 155 194
31	97200	0.0	3	92697 3970 422 111
32	98147	0.0	3	93218 4317 473 139
33	97416	0.0	3	92241 4657 405 113
34	98074	0.0	3	92625 4816 482 151
35	98337	0.0	3	92929 4732 568 108
36	98633	0.0	3	91954 5911 607 161
37	288358	0.0	3	275772 10907 1326 353
38	821	0.0	3	196 484 125 16
39	1664	0.0	3	111 1458 68 27
40	192607	0.0	3	184248 7322 843 194
41	1252	0.0	3	65 1066 94 27
42	96487	0.0	3	91480 4382 522 103
43	98165	0.0	3	93037 4530 483 115
44	97886	0.0	3	92826 4429 473 158
45	98981	0.0	3	93703 4615 541 122
46	95927	0.0	3	90318 5001 482 126
47	188530	0.0	3	180677 6870 769 214
48	1385	0.0	3	153 1101 91 40
49	95006	0.0	3	90344 4055 507 100
50	95070	0.0	3	89735 4909 340 86
51	185549	0.0	3	178060 6648 671 170
52	1352	0.0	3	175 1018 149 10
53	93952	0.0	3	88802 4707 337 106
54	186278	0.0	3	178385 7120 612 161
55	1362	0.0	3	149 1078 109 26
56	91756	0.0	3	87278 4054 337 87
57	91612	0.0	3	86910 4216 407 79
58	89326	0.0	3	84576 4285 370 95
59	87756	0.0	3	83387 3913 394 62
60	86930	0.0	3	81728 4769 344 89
61	168124	0.0	3	161206 6209 578 131
62	1229	0.0	3	163 933 97 36
63	84407	0.0	3	80166 3777 398 66
64	83972	0.0	3	79097 4487 310 78
65	159108	0.0	3	152530 5926 565 87
66	1075	0.0	3	130 830 80 35
67	76336	0.0	3	72537 3360 354 85
68	74166	0.0	3	70348 3286 456 76
69	71494	0.0	3	67854 3242 322 76
70	68763	0.0	3	65360 3061 275 67
71	66056	0.0	3	62678 2981 321 76
72	78880	0.0	3	75200 3252 360 68
73	61691	0.0	3	58653 2692 266 80
74	60371	0.0	3	57564 2524 231 52
75	57371	0.0	3	54652 2423 243 53
76	54346	0.0	3	51733 2364 198 51
77	51908	0.0	3	49374 2294 176 64
78	47413	0.0	3	45155 2052 167 39
79	42375	0.0	3	40339 1836 162 38
80	37453	0.0	3	35623 1680 122 28
81	35928	0.0	3	34328 1457 115 28
82	30725	0.0	3	29226 1346 124 29
83	29254	0.0	3	27844 1273 115 22
84	26651	0.0	3	25416 1123 83 29
85	24361	0.0	3	23228 1006 100 27
86	21951	0.0	3	20906 950 85 10
87	19105	0.0	3	18214 810 65 16
88	18804	0.0	3	17929 779 76 20
89	14951	0.0	3	14245 646 49 11
90	13421	0.0	3	12818 545 44 14
91	11925	0.0	3	11396 469 47 13
92	10068	0.0	3	9612 404 37 15
93	8167	0.0	3	7797 344 18 8
94	6994	0.0	3	6634 320 28 12
95	6043	0.0	3	5803 213 22 5
96	4927	0.0	3	4704 196 21 6
97	4650	0.0	3	4446 178 24 2
98	4061	0.0	3	3863 163 29 6
99	3438	0.0	3	3279 146 10 3
100	3030	0.0	3	2881 133 12 4
101	2461	0.0	3	2357 87 10 7
102	2033	0.0	3	1943 79 8 3
103	1559	0.0	3	1503 46 8 2
104	1411	0.0	3	1345 60 3 3
105	1135	0.0	3	1078 50 4 3
106	1029	0.0	3	983 39 6 1
107	897	0.0	3	849 37 9 2
108	753	0.0	3	717 30 5 1
109	735	0.0	3	704 21 9 1
110	641	0.0	3	601 36 4
111	567	0.0	3	544 19 2 2
112	504	0.0	3	476 22 2 4
113	445	0.0	3	420 22 3
114	468	0.0	3	435 29 3 1
115	427	0.0	3	400 23 3 1
116	464	0.0	3	437 24 1 2
117	390	0.0	3	370 15 3 2
118	434	0.0	3	404 30
119	474	0.0	3	448 22 3 1
120	433	0.0	3	406 22 4 1
121	468	0.0	3	435 31 1 1
122	504	0.0	3	474 28 0 2
123	539	0.0	3	511 28
124	538	0.0	3	505 33
125	584	0.0	3	545 34 2 3
126	664	0.0	3	626 34 2 2
127	756	0.0	3	703 50 2 1
128	750	0.0	3	702 44 4
129	828	0.0	3	766 56 6
130	878	0.0	3	834 40 3 1
131	1026	0.0	3	944 80 1 1
132	1102	0.0	3	1027 66 9
133	1206	0.0	3	1118 83 5
134	1334	0.0	3	1245 85 3 1
135	1408	0.0	3	1320 84 3 1
136	1549	0.0	3	1455 90 3 1
137	1605	0.0	3	1483 118 4
138	1570	0.0	3	1448 115 6 1
139	1619	0.0	3	1476 137 5 1
140	1799	0.0	3	1631 155 9 4
141	1816	0.0	3	1645 162 8 1
142	1146	0.0	3	981 157 8
143	1230	0.0	3	953 260 15 2
144	1353	0.0	3	1026 313 13 1
145	1389	0.0	3	1063 311 15
146	1697	0.0	3	1124 548 23 2
147	2406	0.0	3	1079 1261 65 1
148	3850	0.0	3	367 3305 168 10
149	10651	0.0	3	327 9732 563 29
150	26164	0.0	3	901 24011 1179 73


=== Second read: Adapter 2 ===

Sequence: AGATCGGAAGAGCGTCGTGTAGGGAAAGAGTGTA; Type: regular 3'; Length: 34; Trimmed: 7738289 times

No. of allowed errors:
0-9 bp: 0; 10-19 bp: 1; 20-29 bp: 2; 30-34 bp: 3

Bases preceding removed adapters:
  A: 18.0%
  C: 26.6%
  G: 44.5%
  T: 10.9%
  none/other: 0.1%

Overview of removed sequences
length	count	expect	max.err	error counts
3	526336	319989.6	0	526336
4	187804	79997.4	0	187804
5	285642	19999.3	0	285642
8	89228	312.5	0	89228
9	178615	78.1	0	178615
10	668	19.5	1	0 668
11	183206	4.9	1	180011 3195
12	711	1.2	1	0 711
13	187107	0.3	1	183286 3821
14	442	0.1	1	0 442
15	93904	0.0	1	91344 2560
16	187085	0.0	1	182085 5000
17	817	0.0	1	0 817
18	185203	0.0	1	180364 4649 190
19	764	0.0	1	0 561 203
20	95213	0.0	2	90468 4269 476
21	379701	0.0	2	365899 12286 1516
22	793	0.0	2	0 694 99
23	387	0.0	2	0 108 279
24	678	0.0	2	0 560 118
25	95947	0.0	2	91433 3927 587
26	96060	0.0	2	90798 4740 522
27	189577	0.0	2	181192 7102 1283
28	1588	0.0	2	0 1418 109 61
29	191546	0.0	2	182582 7706 1228 30
30	1652	0.0	3	0 1492 108 52
31	192285	0.0	3	182621 7795 1189 680
32	1147	0.0	3	0 914 147 86
33	97017	0.0	3	91030 4514 1161 312
34	97629	0.0	3	18 91678 5152 781
35	98596	0.0	3	18 92001 5884 693
36	191560	0.0	3	17 180930 9302 1311
37	1123	0.0	3	1 39 970 113
38	96239	0.0	3	15 90393 5060 771
39	97108	0.0	3	20 90940 5416 732
40	97425	0.0	3	10 91035 5709 671
41	192407	0.0	3	19 181971 9075 1342
42	1675	0.0	3	0 59 1534 82
43	193506	0.0	3	47 183119 9123 1217
44	1305	0.0	3	0 148 952 205
45	97260	0.0	3	23 91045 5623 569
46	190958	0.0	3	36 181068 8685 1169
47	1194	0.0	3	0 149 927 118
48	93758	0.0	3	16 88311 4776 655
49	94888	0.0	3	10 89386 4858 634
50	94033	0.0	3	9 88434 4928 662
51	94365	0.0	3	16 88057 5667 625
52	278471	0.0	3	74 264573 12246 1578
53	970	0.0	3	0 225 538 207
54	1941	0.0	3	1 97 1743 100
55	273702	0.0	3	105 261123 11158 1316
56	871	0.0	3	0 236 528 107
57	814	0.0	3	0 88 578 148
58	89442	0.0	3	8 84513 4493 428
59	171949	0.0	3	35 164443 6711 760
60	1064	0.0	3	0 116 832 116
61	85462	0.0	3	13 80765 4297 387
62	167768	0.0	3	51 160647 6317 753
63	1002	0.0	3	2 128 771 101
64	82449	0.0	3	21 78662 3415 351
65	81348	0.0	3	7 77317 3620 404
66	79276	0.0	3	13 75448 3457 358
67	76398	0.0	3	6 72689 3369 334
68	74075	0.0	3	26 70574 3137 338
69	71311	0.0	3	11 67902 3103 295
70	68585	0.0	3	7 65262 3007 309
71	65758	0.0	3	7 62700 2770 281
72	62910	0.0	3	3 59976 2672 259
73	61384	0.0	3	11 58724 2416 233
74	58680	0.0	3	22 56113 2302 243
75	55885	0.0	3	7 53310 2345 223
76	63688	0.0	3	5 60829 2573 281
77	51168	0.0	3	6 48941 2029 192
78	46946	0.0	3	3 44864 1909 170
79	43785	0.0	3	5 41925 1700 155
80	41382	0.0	3	11 39610 1640 121
81	35131	0.0	3	3 33534 1462 132
82	32967	0.0	3	9 31560 1256 142
83	29554	0.0	3	11 28292 1136 115
84	26960	0.0	3	1 25862 1008 89
85	24659	0.0	3	3 23651 918 87
86	21814	0.0	3	5 20885 833 91
87	19970	0.0	3	1 19130 763 76
88	18239	0.0	3	4 17478 687 70
89	16530	0.0	3	4 15821 644 61
90	14161	0.0	3	1 13572 519 69
91	12071	0.0	3	0 11551 465 55
92	10213	0.0	3	1 9761 399 52
93	8426	0.0	3	1 8067 317 41
94	6897	0.0	3	1 6584 276 36
95	6095	0.0	3	1 5842 227 25
96	5283	0.0	3	1 5045 212 25
97	4625	0.0	3	0 4406 186 33
98	4037	0.0	3	0 3864 142 31
99	3447	0.0	3	0 3279 147 21
100	3092	0.0	3	1 2954 122 15
101	2608	0.0	3	1 2487 103 17
102	1921	0.0	3	0 1811 97 13
103	1692	0.0	3	0 1607 73 12
104	1410	0.0	3	0 1325 58 27
105	1247	0.0	3	0 1174 62 11
106	1027	0.0	3	0 969 41 17
107	998	0.0	3	1 927 56 14
108	783	0.0	3	0 735 41 7
109	742	0.0	3	0 696 39 7
110	707	0.0	3	0 667 31 9
111	600	0.0	3	0 569 21 10
112	537	0.0	3	0 507 25 5
113	494	0.0	3	0 455 29 10
114	507	0.0	3	0 468 26 13
115	489	0.0	3	0 442 36 11
116	459	0.0	3	0 412 43 4
117	451	0.0	3	1 415 27 8
118	460	0.0	3	1 424 28 7
119	458	0.0	3	1 420 28 9
120	464	0.0	3	0 430 28 6
121	504	0.0	3	0 455 36 13
122	500	0.0	3	0 460 31 9
123	537	0.0	3	0 498 34 5
124	566	0.0	3	1 519 40 6
125	623	0.0	3	0 587 31 5
126	671	0.0	3	0 632 32 7
127	692	0.0	3	0 645 43 4
128	754	0.0	3	0 710 40 4
129	822	0.0	3	0 765 49 8
130	839	0.0	3	0 779 52 8
131	1061	0.0	3	0 989 67 5
132	1119	0.0	3	0 1046 65 8
133	1176	0.0	3	0 1101 71 4
134	1330	0.0	3	0 1252 73 5
135	1346	0.0	3	1 1264 71 10
136	1638	0.0	3	0 1542 88 8
137	1582	0.0	3	1 1514 59 8
138	1568	0.0	3	0 1466 94 8
139	1542	0.0	3	1 1431 105 5
140	1736	0.0	3	1 1628 102 5
141	1873	0.0	3	0 1751 114 8
142	1073	0.0	3	0 940 129 4
143	1224	0.0	3	0 1031 189 4
144	1217	0.0	3	0 1007 200 10
145	1311	0.0	3	0 1073 229 9
146	1563	0.0	3	0 1130 417 16
147	1984	0.0	3	0 1210 751 23
148	2575	0.0	3	0 368 2132 75
149	8773	0.0	3	0 279 8214 280
150	29229	0.0	3	1 1040 27208 980
