This is cutadapt 2.9 with Python 3.5.2
Command line parameters: --nextseq-trim 10 --minimum-length 25 --cores 4 -a AGATCGGAAGAGCACACGTCTGAACTCCAGTCAC -A AGATCGGAAGAGCGTCGTGTAGGGAAAGAGTGTA -o Pacuta_HTAC_TP1_2414_R1_TrimmingRound1.fastq.gz -p Pacuta_HTAC_TP1_2414_R2_TrimmingRound1.fastq.gz Pacuta_HTAC_TP1_2414_R1.fastq.gz Pacuta_HTAC_TP1_2414_R2.fastq.gz
Processing reads on 4 cores in paired-end mode ...
Finished in 835.06 s (39 us/read; 1.55 M reads/minute).

=== Summary ===

Total read pairs processed:         21,624,033
  Read 1 with adapter:               5,942,119 (27.5%)
  Read 2 with adapter:               5,936,076 (27.5%)
Pairs written (passing filters):    21,585,329 (99.8%)

Total basepairs processed: 6,487,209,900 bp
  Read 1: 3,243,604,950 bp
  Read 2: 3,243,604,950 bp
Quality-trimmed:              13,264,784 bp (0.2%)
  Read 1:     5,532,458 bp
  Read 2:     7,732,326 bp
Total written (filtered):  6,164,408,041 bp (95.0%)
  Read 1: 3,079,971,843 bp
  Read 2: 3,084,436,198 bp

=== First read: Adapter 1 ===

Sequence: AGATCGGAAGAGCACACGTCTGAACTCCAGTCAC; Type: regular 3'; Length: 34; Trimmed: 5942119 times

No. of allowed errors:
0-9 bp: 0; 10-19 bp: 1; 20-29 bp: 2; 30-34 bp: 3

Bases preceding removed adapters:
  A: 16.4%
  C: 30.7%
  G: 32.3%
  T: 20.6%
  none/other: 0.0%

Overview of removed sequences
length	count	expect	max.err	error counts
3	490716	337875.5	0	490716
4	212280	84468.9	0	212280
5	387491	21117.2	0	387491
8	120896	330.0	0	120896
9	236159	82.5	0	236159
10	495	20.6	1	0 495
11	259380	5.2	1	230987 28393
12	488	1.3	1	0 488
13	128527	0.3	1	113880 14647
14	126677	0.1	1	111988 14689
15	124194	0.0	1	109532 14662
16	122921	0.0	1	108128 14793
17	236621	0.0	1	208601 28020
18	840	0.0	1	0 762 78
19	115533	0.0	1	101710 13515 308
20	116684	0.0	2	100618 14760 1306
21	226838	0.0	2	197246 27144 2448
22	1286	0.0	2	0 1039 247
23	113398	0.0	2	97709 14157 1532
24	111219	0.0	2	95296 14429 1494
25	108985	0.0	2	93402 13969 1614
26	105497	0.0	2	90413 13679 1405
27	102455	0.0	2	87401 13478 1576
28	101712	0.0	2	86439 13717 1499 57
29	192662	0.0	2	165941 23835 2622 264
30	1751	0.0	3	0 1221 287 243
31	94788	0.0	3	80463 12456 1430 439
32	94591	0.0	3	79820 12769 1519 483
33	92900	0.0	3	78560 12438 1446 456
34	90446	0.0	3	76169 12409 1444 424
35	88171	0.0	3	74117 12113 1462 479
36	85382	0.0	3	71819 11829 1319 415
37	82316	0.0	3	69461 11174 1307 374
38	80145	0.0	3	67493 10921 1317 414
39	76873	0.0	3	64951 10388 1176 358
40	74695	0.0	3	62682 10455 1164 394
41	140760	0.0	3	120870 17535 1828 527
42	1474	0.0	3	204 975 236 59
43	68510	0.0	3	58463 8715 1026 306
44	67146	0.0	3	56898 8899 1044 305
45	66060	0.0	3	55968 8760 1076 256
46	60804	0.0	3	51646 8095 797 266
47	113689	0.0	3	98181 13776 1349 383
48	1177	0.0	3	133 811 169 64
49	52943	0.0	3	45322 6707 736 178
50	51600	0.0	3	43703 6981 675 241
51	93265	0.0	3	80771 11122 1081 291
52	1041	0.0	3	162 654 188 37
53	44711	0.0	3	38156 5797 583 175
54	81886	0.0	3	70832 9926 867 261
55	807	0.0	3	92 570 121 24
56	37899	0.0	3	32593 4767 427 112
57	35786	0.0	3	30680 4580 397 129
58	32963	0.0	3	28105 4349 388 121
59	30023	0.0	3	25712 3823 393 95
60	28528	0.0	3	24303 3799 345 81
61	49891	0.0	3	43040 6174 539 138
62	533	0.0	3	81 351 77 24
63	22637	0.0	3	19314 2950 297 76
64	21437	0.0	3	18143 2954 272 68
65	36948	0.0	3	31803 4664 384 97
66	362	0.0	3	59 245 48 10
67	16171	0.0	3	13813 2101 212 45
68	14699	0.0	3	12426 2022 191 60
69	13167	0.0	3	11231 1738 160 38
70	11799	0.0	3	10036 1577 151 35
71	10785	0.0	3	9139 1493 120 33
72	11799	0.0	3	10105 1531 135 28
73	8208	0.0	3	6924 1158 109 17
74	7743	0.0	3	6605 1037 77 24
75	6989	0.0	3	5972 921 77 19
76	6425	0.0	3	5481 834 92 18
77	5631	0.0	3	4830 725 62 14
78	4920	0.0	3	4186 668 52 14
79	4426	0.0	3	3792 576 36 22
80	3820	0.0	3	3289 468 48 15
81	3440	0.0	3	2927 452 50 11
82	3045	0.0	3	2604 381 47 13
83	2466	0.0	3	2098 337 25 6
84	2261	0.0	3	1952 289 16 4
85	2053	0.0	3	1734 295 19 5
86	1858	0.0	3	1580 244 28 6
87	1731	0.0	3	1460 249 11 11
88	1651	0.0	3	1422 206 20 3
89	1292	0.0	3	1113 159 14 6
90	1133	0.0	3	966 141 21 5
91	1009	0.0	3	862 141 4 2
92	851	0.0	3	734 107 10
93	687	0.0	3	582 92 8 5
94	554	0.0	3	477 67 9 1
95	541	0.0	3	439 94 8
96	431	0.0	3	353 66 11 1
97	452	0.0	3	385 62 2 3
98	427	0.0	3	367 53 5 2
99	375	0.0	3	313 54 6 2
100	334	0.0	3	289 38 7
101	258	0.0	3	219 34 4 1
102	209	0.0	3	166 38 2 3
103	167	0.0	3	138 25 2 2
104	138	0.0	3	119 16 2 1
105	117	0.0	3	98 19
106	104	0.0	3	79 22 3
107	95	0.0	3	84 10 1
108	86	0.0	3	79 6 1
109	81	0.0	3	71 8 1 1
110	58	0.0	3	45 12 1
111	61	0.0	3	47 6 5 3
112	60	0.0	3	48 7 2 3
113	36	0.0	3	22 8 4 2
114	20	0.0	3	18 1 1
115	20	0.0	3	12 6 1 1
116	24	0.0	3	16 2 5 1
117	22	0.0	3	15 3 3 1
118	17	0.0	3	14 0 3
119	17	0.0	3	8 5 3 1
120	12	0.0	3	6 4 1 1
121	9	0.0	3	4 0 4 1
122	3	0.0	3	2 0 1
123	14	0.0	3	7 1 5 1
124	12	0.0	3	7 0 5
125	10	0.0	3	5 1 4
126	10	0.0	3	2 0 8
127	17	0.0	3	9 0 8
128	13	0.0	3	3 2 8
129	14	0.0	3	3 1 10
130	16	0.0	3	5 1 8 2
131	15	0.0	3	4 0 11
132	13	0.0	3	4 0 9
133	18	0.0	3	5 1 11 1
134	11	0.0	3	4 0 7
135	18	0.0	3	1 0 15 2
136	22	0.0	3	6 2 14
137	19	0.0	3	1 1 16 1
138	39	0.0	3	3 1 35
139	46	0.0	3	2 0 41 3
140	73	0.0	3	4 2 66 1
141	73	0.0	3	4 1 61 7
142	109	0.0	3	5 3 95 6
143	150	0.0	3	1 3 142 4
144	234	0.0	3	3 3 212 16
145	226	0.0	3	5 3 212 6
146	440	0.0	3	3 8 415 14
147	1205	0.0	3	9 13 1140 43
148	3135	0.0	3	10 39 2984 102
149	9512	0.0	3	24 147 8977 364
150	22976	0.0	3	37 341 21732 866


=== Second read: Adapter 2 ===

Sequence: AGATCGGAAGAGCGTCGTGTAGGGAAAGAGTGTA; Type: regular 3'; Length: 34; Trimmed: 5936076 times

No. of allowed errors:
0-9 bp: 0; 10-19 bp: 1; 20-29 bp: 2; 30-34 bp: 3

Bases preceding removed adapters:
  A: 14.5%
  C: 27.6%
  G: 47.0%
  T: 10.8%
  none/other: 0.0%

Overview of removed sequences
length	count	expect	max.err	error counts
3	686629	337875.5	0	686629
4	241134	84468.9	0	241134
5	364699	21117.2	0	364699
8	111181	330.0	0	111181
9	214694	82.5	0	214694
10	1293	20.6	1	0 1293
11	250613	5.2	1	210188 40425
12	911	1.3	1	0 911
13	248321	0.3	1	207092 41229
14	611	0.1	1	0 611
15	117641	0.0	1	97973 19668
16	233361	0.0	1	193646 39715
17	803	0.0	1	0 803
18	217859	0.0	1	180917 36305 637
19	1176	0.0	1	0 747 429
20	114118	0.0	2	90378 20067 3673
21	432549	0.0	2	349310 72111 11128
22	2397	0.0	2	0 1527 870
23	1200	0.0	2	0 451 749
24	889	0.0	2	0 556 333
25	104238	0.0	2	82591 18400 3247
26	102555	0.0	2	80545 18649 3361
27	193820	0.0	2	153833 33395 6592
28	1840	0.0	2	0 1223 483 134
29	187040	0.0	2	147936 32804 6249 51
30	2111	0.0	3	0 1412 445 254
31	180201	0.0	3	141890 30011 5392 2908
32	1648	0.0	3	0 963 376 309
33	89086	0.0	3	68900 15332 3325 1529
34	86217	0.0	3	81 67168 15754 3214
35	83757	0.0	3	129 65482 15144 3002
36	81915	0.0	3	96 63612 14891 3316
37	153250	0.0	3	226 120676 26588 5760
38	1427	0.0	3	7 212 830 378
39	73077	0.0	3	92 57244 12767 2974
40	72581	0.0	3	103 56031 13231 3216
41	134238	0.0	3	126 105815 23223 5074
42	1675	0.0	3	1 270 1058 346
43	127265	0.0	3	179 100941 21629 4516
44	1217	0.0	3	0 249 696 272
45	61816	0.0	3	79 48226 11203 2308
46	114363	0.0	3	129 90476 19660 4098
47	1149	0.0	3	4 277 613 255
48	53395	0.0	3	62 41868 9477 1988
49	50755	0.0	3	56 39703 9116 1880
50	48987	0.0	3	107 38352 8679 1849
51	47012	0.0	3	50 36512 8603 1847
52	126872	0.0	3	146 100733 21691 4302
53	1083	0.0	3	1 304 514 264
54	1158	0.0	3	1 246 662 249
55	107290	0.0	3	140 85732 18085 3333
56	813	0.0	3	3 253 383 174
57	475	0.0	3	0 113 246 116
58	31447	0.0	3	46 24701 5618 1082
59	54997	0.0	3	64 43768 9409 1756
60	569	0.0	3	0 125 301 143
61	25396	0.0	3	25 20035 4513 823
62	45033	0.0	3	54 35933 7637 1409
63	391	0.0	3	0 71 233 87
64	19984	0.0	3	36 16110 3277 561
65	18668	0.0	3	7 14759 3250 652
66	17379	0.0	3	28 13740 3092 519
67	15690	0.0	3	21 12399 2766 504
68	14192	0.0	3	23 11269 2456 444
69	12703	0.0	3	6 10089 2215 393
70	11283	0.0	3	12 9012 1926 333
71	10360	0.0	3	13 8265 1769 313
72	9055	0.0	3	10 7144 1623 278
73	8307	0.0	3	9 6690 1348 260
74	7444	0.0	3	7 5943 1269 225
75	6915	0.0	3	8 5512 1166 229
76	7603	0.0	3	9 6039 1293 262
77	5857	0.0	3	8 4635 1041 173
78	4726	0.0	3	5 3740 844 137
79	4344	0.0	3	4 3475 725 140
80	4075	0.0	3	4 3301 675 95
81	3164	0.0	3	4 2499 570 91
82	2852	0.0	3	2 2287 485 78
83	2437	0.0	3	5 1950 402 80
84	2243	0.0	3	2 1793 364 84
85	2132	0.0	3	3 1711 354 64
86	1881	0.0	3	1 1485 324 71
87	1664	0.0	3	1 1315 303 45
88	1442	0.0	3	1 1151 242 48
89	1394	0.0	3	1 1104 241 48
90	1146	0.0	3	0 918 200 28
91	894	0.0	3	1 714 149 30
92	843	0.0	3	0 680 131 32
93	723	0.0	3	0 577 121 25
94	495	0.0	3	0 379 101 15
95	551	0.0	3	3 423 102 23
96	455	0.0	3	1 366 72 16
97	447	0.0	3	0 358 72 17
98	398	0.0	3	1 313 69 15
99	366	0.0	3	0 268 75 23
100	298	0.0	3	1 235 46 16
101	271	0.0	3	1 220 34 16
102	213	0.0	3	0 164 41 8
103	167	0.0	3	1 128 32 6
104	147	0.0	3	1 111 24 11
105	136	0.0	3	0 102 25 9
106	114	0.0	3	0 82 25 7
107	107	0.0	3	0 75 22 10
108	96	0.0	3	0 67 21 8
109	102	0.0	3	1 72 14 15
110	83	0.0	3	0 58 17 8
111	68	0.0	3	0 50 11 7
112	71	0.0	3	0 46 15 10
113	38	0.0	3	0 25 6 7
114	42	0.0	3	0 27 8 7
115	37	0.0	3	0 24 9 4
116	34	0.0	3	0 23 5 6
117	29	0.0	3	0 14 6 9
118	22	0.0	3	0 15 4 3
119	31	0.0	3	0 13 4 14
120	17	0.0	3	0 8 5 4
121	12	0.0	3	0 6 3 3
122	13	0.0	3	0 4 2 7
123	24	0.0	3	0 11 7 6
124	14	0.0	3	0 8 1 5
125	28	0.0	3	0 13 3 12
126	14	0.0	3	0 7 1 6
127	17	0.0	3	0 7 3 7
128	14	0.0	3	0 5 2 7
129	12	0.0	3	0 7 0 5
130	14	0.0	3	0 3 2 9
131	13	0.0	3	0 7 0 6
132	23	0.0	3	0 3 5 15
133	14	0.0	3	0 1 2 11
134	18	0.0	3	0 4 1 13
135	17	0.0	3	0 1 1 15
136	23	0.0	3	0 1 3 19
137	22	0.0	3	0 3 0 19
138	28	0.0	3	0 2 1 25
139	49	0.0	3	0 4 2 43
140	52	0.0	3	0 1 5 46
141	69	0.0	3	0 3 4 62
142	100	0.0	3	0 4 2 94
143	150	0.0	3	0 1 3 146
144	213	0.0	3	0 4 4 205
145	228	0.0	3	0 4 4 220
146	378	0.0	3	0 4 6 368
147	809	0.0	3	0 1 13 795
148	2322	0.0	3	0 8 41 2273
149	8032	0.0	3	0 14 125 7893
150	22881	0.0	3	0 46 382 22453
