This is cutadapt 2.9 with Python 3.5.2
Command line parameters: --nextseq-trim 10 --minimum-length 25 --cores 4 -a AGATCGGAAGAGCACACGTCTGAACTCCAGTCAC -A AGATCGGAAGAGCGTCGTGTAGGGAAAGAGTGTA -o Pacuta_ATHC_TP10_2550_R1_TrimmingRound1.fastq.gz -p Pacuta_ATHC_TP10_2550_R2_TrimmingRound1.fastq.gz Pacuta_ATHC_TP10_2550_R1.fastq.gz Pacuta_ATHC_TP10_2550_R2.fastq.gz
Processing reads on 4 cores in paired-end mode ...
Finished in 687.52 s (38 us/read; 1.57 M reads/minute).

=== Summary ===

Total read pairs processed:         17,934,016
  Read 1 with adapter:               8,579,331 (47.8%)
  Read 2 with adapter:               8,147,088 (45.4%)
Pairs written (passing filters):    17,865,213 (99.6%)

Total basepairs processed: 5,380,204,800 bp
  Read 1: 2,690,102,400 bp
  Read 2: 2,690,102,400 bp
Quality-trimmed:              25,536,442 bp (0.5%)
  Read 1:     5,435,269 bp
  Read 2:    20,101,173 bp
Total written (filtered):  4,834,195,640 bp (89.9%)
  Read 1: 2,409,102,019 bp
  Read 2: 2,425,093,621 bp

=== First read: Adapter 1 ===

Sequence: AGATCGGAAGAGCACACGTCTGAACTCCAGTCAC; Type: regular 3'; Length: 34; Trimmed: 8579331 times

No. of allowed errors:
0-9 bp: 0; 10-19 bp: 1; 20-29 bp: 2; 30-34 bp: 3

Bases preceding removed adapters:
  A: 18.3%
  C: 34.6%
  G: 23.8%
  T: 23.3%
  none/other: 0.0%

Overview of removed sequences
length	count	expect	max.err	error counts
3	326583	280219.0	0	326583
4	164939	70054.8	0	164939
5	353011	17513.7	0	353011
8	116205	273.7	0	116205
9	232976	68.4	0	232976
10	620	17.1	1	0 620
11	296033	4.3	1	233324 62709
12	675	1.1	1	0 675
13	152291	0.3	1	119443 32848
14	157411	0.1	1	122809 34602
15	152827	0.0	1	120022 32805
16	163078	0.0	1	127185 35893
17	307434	0.0	1	241958 65476
18	1070	0.0	1	0 951 119
19	157750	0.0	1	123329 33960 461
20	156088	0.0	2	119350 34106 2632
21	316429	0.0	2	243606 67730 5093
22	1841	0.0	2	0 1289 552
23	161673	0.0	2	123242 35574 2857
24	164310	0.0	2	124550 36485 3275
25	164468	0.0	2	124947 36220 3301
26	164872	0.0	2	124416 36973 3483
27	162283	0.0	2	122759 36056 3468
28	164139	0.0	2	124052 36339 3653 95
29	316088	0.0	2	241756 68509 5580 243
30	2763	0.0	3	0 1614 759 390
31	162852	0.0	3	122193 35644 3583 1432
32	157481	0.0	3	117990 35020 3325 1146
33	160265	0.0	3	119339 36221 3563 1142
34	315007	0.0	3	238201 68541 6099 2166
35	2903	0.0	3	229 1787 700 187
36	157138	0.0	3	117967 34829 3168 1174
37	154936	0.0	3	115632 34946 3223 1135
38	152132	0.0	3	114051 33605 3305 1171
39	150674	0.0	3	112484 33968 3122 1100
40	283686	0.0	3	215449 61402 5030 1805
41	2836	0.0	3	286 1704 679 167
42	138001	0.0	3	103925 30517 2637 922
43	136560	0.0	3	103210 29724 2659 967
44	133664	0.0	3	100716 29504 2543 901
45	141353	0.0	3	106353 31336 2755 909
46	119956	0.0	3	89937 26949 2319 751
47	240336	0.0	3	182593 52365 4024 1354
48	2526	0.0	3	333 1481 530 182
49	111459	0.0	3	84238 24522 2029 670
50	107584	0.0	3	80764 24302 1856 662
51	195264	0.0	3	148937 42349 2918 1060
52	2964	0.0	3	845 1394 588 137
53	93440	0.0	3	70097 21127 1643 573
54	178320	0.0	3	135312 39047 2941 1020
55	1688	0.0	3	220 970 382 116
56	77247	0.0	3	58714 16971 1193 369
57	75999	0.0	3	57830 16607 1187 375
58	67504	0.0	3	51350 14846 988 320
59	62842	0.0	3	47724 13820 997 301
60	59792	0.0	3	45128 13352 992 320
61	101875	0.0	3	77473 22564 1360 478
62	1146	0.0	3	228 636 205 77
63	46835	0.0	3	35421 10382 788 244
64	42688	0.0	3	32150 9667 683 188
65	73399	0.0	3	56205 16036 838 320
66	921	0.0	3	229 475 167 50
67	32456	0.0	3	24717 7143 452 144
68	30171	0.0	3	22930 6614 473 154
69	28930	0.0	3	21802 6555 445 128
70	63378	0.0	3	49305 13502 446 125
71	27220	0.0	3	20457 6259 394 110
72	20258	0.0	3	15233 4548 361 116
73	11846	0.0	3	8780 2751 248 67
74	10365	0.0	3	7670 2440 184 71
75	9629	0.0	3	7226 2182 167 54
76	8488	0.0	3	6315 1983 143 47
77	7859	0.0	3	5860 1835 120 44
78	5949	0.0	3	4501 1308 117 23
79	5289	0.0	3	3980 1182 95 32
80	4528	0.0	3	3444 1003 66 15
81	3962	0.0	3	2948 945 55 14
82	3182	0.0	3	2428 688 48 18
83	2720	0.0	3	2050 620 33 17
84	2388	0.0	3	1773 568 38 9
85	2126	0.0	3	1591 496 29 10
86	1887	0.0	3	1434 414 31 8
87	1687	0.0	3	1271 383 23 10
88	1559	0.0	3	1172 355 24 8
89	1217	0.0	3	932 253 26 6
90	1142	0.0	3	859 264 15 4
91	927	0.0	3	677 238 10 2
92	855	0.0	3	636 196 18 5
93	705	0.0	3	512 174 13 6
94	574	0.0	3	437 124 12 1
95	533	0.0	3	395 131 6 1
96	437	0.0	3	337 86 9 5
97	417	0.0	3	313 94 8 2
98	356	0.0	3	280 70 6
99	276	0.0	3	206 62 6 2
100	280	0.0	3	211 57 9 3
101	217	0.0	3	146 63 6 2
102	202	0.0	3	154 41 5 2
103	133	0.0	3	102 28 3
104	141	0.0	3	102 34 5
105	110	0.0	3	77 26 6 1
106	87	0.0	3	60 19 6 2
107	74	0.0	3	44 24 6
108	68	0.0	3	44 16 8
109	56	0.0	3	39 9 8
110	73	0.0	3	50 14 7 2
111	63	0.0	3	35 13 15
112	76	0.0	3	50 10 13 3
113	51	0.0	3	30 7 11 3
114	27	0.0	3	10 8 9
115	32	0.0	3	10 7 14 1
116	33	0.0	3	7 3 23
117	24	0.0	3	11 2 10 1
118	43	0.0	3	7 3 31 2
119	47	0.0	3	16 2 28 1
120	46	0.0	3	9 2 35
121	41	0.0	3	8 1 30 2
122	40	0.0	3	7 2 30 1
123	31	0.0	3	2 2 26 1
124	49	0.0	3	8 2 39
125	51	0.0	3	7 3 40 1
126	43	0.0	3	4 2 36 1
127	54	0.0	3	7 2 43 2
128	55	0.0	3	8 0 46 1
129	77	0.0	3	6 5 65 1
130	73	0.0	3	5 6 60 2
131	69	0.0	3	2 3 64
132	81	0.0	3	9 1 70 1
133	106	0.0	3	9 2 93 2
134	87	0.0	3	6 1 79 1
135	115	0.0	3	2 4 107 2
136	123	0.0	3	5 1 112 5
137	122	0.0	3	4 2 113 3
138	140	0.0	3	7 3 128 2
139	156	0.0	3	2 0 151 3
140	193	0.0	3	5 5 178 5
141	172	0.0	3	5 2 155 10
142	204	0.0	3	0 3 195 6
143	292	0.0	3	4 2 276 10
144	331	0.0	3	2 5 316 8
145	319	0.0	3	3 6 303 7
146	383	0.0	3	2 4 369 8
147	543	0.0	3	1 5 521 16
148	972	0.0	3	2 12 939 19
149	2486	0.0	3	0 18 2396 72
150	5594	0.0	3	3 50 5376 165


=== Second read: Adapter 2 ===

Sequence: AGATCGGAAGAGCGTCGTGTAGGGAAAGAGTGTA; Type: regular 3'; Length: 34; Trimmed: 8147088 times

No. of allowed errors:
0-9 bp: 0; 10-19 bp: 1; 20-29 bp: 2; 30-34 bp: 3

Bases preceding removed adapters:
  A: 15.5%
  C: 33.7%
  G: 36.8%
  T: 13.9%
  none/other: 0.0%

Overview of removed sequences
length	count	expect	max.err	error counts
3	464112	280219.0	0	464112
4	178580	70054.8	0	178580
5	334497	17513.7	0	334497
8	108413	273.7	0	108413
9	216850	68.4	0	216850
10	883	17.1	1	0 883
11	275548	4.3	1	217856 57692
12	807	1.1	1	0 807
13	297908	0.3	1	232989 64919
14	487	0.1	1	0 487
15	142314	0.0	1	112366 29948
16	298613	0.0	1	234771 63842
17	558	0.0	1	0 558
18	269983	0.0	1	215290 54270 423
19	1079	0.0	1	0 726 353
20	148173	0.0	2	112646 32139 3388
21	590967	0.0	2	454975 124562 11430
22	2204	0.0	2	0 1412 792
23	672	0.0	2	0 261 411
24	897	0.0	2	0 603 294
25	151475	0.0	2	115241 32844 3390
26	153509	0.0	2	115190 34342 3977
27	298042	0.0	2	226331 64797 6914
28	2722	0.0	2	0 1815 780 127
29	295909	0.0	2	223838 64648 7345 78
30	2878	0.0	3	0 1941 707 230
31	292372	0.0	3	219911 62372 6699 3390
32	2274	0.0	3	0 1354 663 257
33	148768	0.0	3	108838 34182 4172 1576
34	443111	0.0	3	329152 97850 11581 4528
35	2971	0.0	3	583 1282 705 401
36	1536	0.0	3	185 836 349 166
37	141646	0.0	3	105921 31006 3427 1292
38	136187	0.0	3	100543 30709 3580 1355
39	139750	0.0	3	103530 31002 3719 1499
40	135826	0.0	3	99961 30842 3656 1367
41	274062	0.0	3	205815 58968 6680 2599
42	4344	0.0	3	1060 2288 693 303
43	299902	0.0	3	232876 58460 6147 2419
44	2823	0.0	3	519 1452 624 228
45	130852	0.0	3	98530 28104 3019 1199
46	250472	0.0	3	191841 51291 5214 2126
47	7991	0.0	3	5246 1846 640 259
48	109089	0.0	3	81105 24183 2703 1098
49	150084	0.0	3	119423 26512 2940 1209
50	87816	0.0	3	62956 21398 2435 1027
51	137009	0.0	3	108219 24717 2854 1219
52	246243	0.0	3	182320 55075 6085 2763
53	1860	0.0	3	471 828 399 162
54	1605	0.0	3	252 918 341 94
55	165592	0.0	3	119254 41692 3352 1294
56	1130	0.0	3	303 472 250 105
57	525	0.0	3	65 274 141 45
58	54273	0.0	3	38994 13477 1357 445
59	83563	0.0	3	60228 20980 1744 611
60	756	0.0	3	100 413 180 63
61	39814	0.0	3	28394 10162 941 317
62	73789	0.0	3	53980 17597 1568 644
63	561	0.0	3	76 324 127 34
64	28073	0.0	3	20150 7171 584 168
65	27756	0.0	3	20145 6858 573 180
66	29411	0.0	3	21689 6951 549 222
67	24277	0.0	3	17459 6086 530 202
68	24535	0.0	3	18013 5823 511 188
69	21296	0.0	3	15408 5251 455 182
70	20480	0.0	3	15258 4653 408 161
71	17201	0.0	3	12688 4042 338 133
72	15796	0.0	3	11686 3687 292 131
73	14586	0.0	3	10976 3225 276 109
74	13817	0.0	3	10492 2983 242 100
75	14219	0.0	3	11077 2816 235 91
76	14315	0.0	3	11189 2772 236 118
77	9183	0.0	3	6827 2095 156 105
78	7014	0.0	3	5042 1731 175 66
79	6179	0.0	3	4469 1544 119 47
80	5785	0.0	3	4139 1524 87 35
81	4572	0.0	3	3231 1227 77 37
82	3970	0.0	3	2845 1014 76 35
83	3441	0.0	3	2485 855 76 25
84	3013	0.0	3	2151 788 63 11
85	2737	0.0	3	1962 706 48 21
86	2286	0.0	3	1602 624 41 19
87	1883	0.0	3	1314 515 42 12
88	1699	0.0	3	1230 428 29 12
89	1412	0.0	3	1025 355 21 11
90	1228	0.0	3	869 322 25 12
91	919	0.0	3	641 243 20 15
92	822	0.0	3	561 231 16 14
93	780	0.0	3	518 234 22 6
94	597	0.0	3	426 154 13 4
95	520	0.0	3	371 132 12 5
96	501	0.0	3	347 149 4 1
97	413	0.0	3	297 102 9 5
98	338	0.0	3	240 78 7 13
99	292	0.0	3	202 80 4 6
100	230	0.0	3	141 83 2 4
101	243	0.0	3	162 68 8 5
102	191	0.0	3	126 57 3 5
103	164	0.0	3	110 47 4 3
104	118	0.0	3	80 33 4 1
105	105	0.0	3	68 32 4 1
106	120	0.0	3	78 32 5 5
107	96	0.0	3	64 23 5 4
108	83	0.0	3	48 26 3 6
109	62	0.0	3	37 19 4 2
110	82	0.0	3	52 26 3 1
111	69	0.0	3	47 17 3 2
112	93	0.0	3	63 18 7 5
113	47	0.0	3	28 11 6 2
114	34	0.0	3	19 9 4 2
115	24	0.0	3	18 3 1 2
116	21	0.0	3	12 4 5
117	30	0.0	3	16 10 3 1
118	24	0.0	3	10 5 6 3
119	34	0.0	3	17 8 7 2
120	14	0.0	3	7 2 4 1
121	22	0.0	3	12 4 4 2
122	22	0.0	3	8 6 7 1
123	20	0.0	3	10 2 6 2
124	25	0.0	3	11 2 12
125	27	0.0	3	9 1 13 4
126	34	0.0	3	9 5 20
127	27	0.0	3	5 4 15 3
128	34	0.0	3	3 2 26 3
129	60	0.0	3	11 2 45 2
130	37	0.0	3	4 1 29 3
131	47	0.0	3	7 2 36 2
132	59	0.0	3	5 1 51 2
133	82	0.0	3	8 3 70 1
134	74	0.0	3	3 2 65 4
135	84	0.0	3	0 1 81 2
136	109	0.0	3	5 2 93 9
137	121	0.0	3	5 3 106 7
138	157	0.0	3	6 3 140 8
139	147	0.0	3	3 4 136 4
140	143	0.0	3	3 2 134 4
141	213	0.0	3	4 5 192 12
142	176	0.0	3	2 4 163 7
143	273	0.0	3	1 6 258 8
144	297	0.0	3	1 5 277 14
145	343	0.0	3	1 3 320 19
146	397	0.0	3	2 5 376 14
147	523	0.0	3	2 5 493 23
148	830	0.0	3	3 11 776 40
149	2160	0.0	3	0 20 2048 92
150	6639	0.0	3	0 58 6316 265
