This is cutadapt 2.9 with Python 3.5.2
Command line parameters: --nextseq-trim 10 --minimum-length 25 --cores 4 -a AGATCGGAAGAGCACACGTCTGAACTCCAGTCAC -A AGATCGGAAGAGCGTCGTGTAGGGAAAGAGTGTA -o Pacuta_ATAC_TP5_1059_R1_TrimmingRound1.fastq.gz -p Pacuta_ATAC_TP5_1059_R2_TrimmingRound1.fastq.gz Pacuta_ATAC_TP5_1059_R1.fastq.gz Pacuta_ATAC_TP5_1059_R2.fastq.gz
Processing reads on 4 cores in paired-end mode ...
Finished in 551.79 s (34 us/read; 1.74 M reads/minute).

=== Summary ===

Total read pairs processed:         16,039,642
  Read 1 with adapter:               6,075,389 (37.9%)
  Read 2 with adapter:               6,210,340 (38.7%)
Pairs written (passing filters):    15,933,631 (99.3%)

Total basepairs processed: 4,811,892,600 bp
  Read 1: 2,405,946,300 bp
  Read 2: 2,405,946,300 bp
Quality-trimmed:               9,914,224 bp (0.2%)
  Read 1:     4,185,061 bp
  Read 2:     5,729,163 bp
Total written (filtered):  4,307,183,440 bp (89.5%)
  Read 1: 2,153,860,736 bp
  Read 2: 2,153,322,704 bp

=== First read: Adapter 1 ===

Sequence: AGATCGGAAGAGCACACGTCTGAACTCCAGTCAC; Type: regular 3'; Length: 34; Trimmed: 6075389 times

No. of allowed errors:
0-9 bp: 0; 10-19 bp: 1; 20-29 bp: 2; 30-34 bp: 3

Bases preceding removed adapters:
  A: 18.4%
  C: 29.0%
  G: 34.6%
  T: 17.8%
  none/other: 0.2%

Overview of removed sequences
length	count	expect	max.err	error counts
3	291013	250619.4	0	291013
4	122474	62654.9	0	122474
5	227638	15663.7	0	227638
8	71974	244.7	0	71974
9	144852	61.2	0	144852
10	470	15.3	1	0 470
11	148149	3.8	1	145461 2688
12	422	1.0	1	0 422
13	76631	0.2	1	74845 1786
14	76281	0.1	1	74402 1879
15	75636	0.0	1	73652 1984
16	76199	0.0	1	73977 2222
17	150576	0.0	1	146777 3799
18	567	0.0	1	0 523 44
19	76997	0.0	1	74558 2327 112
20	77389	0.0	2	74446 2752 191
21	154470	0.0	2	149536 4475 459
22	806	0.0	2	0 736 70
23	78167	0.0	2	75152 2690 325
24	78034	0.0	2	74907 2868 259
25	77471	0.0	2	74136 3056 279
26	78069	0.0	2	74642 3148 279
27	77565	0.0	2	74131 3022 412
28	78376	0.0	2	74127 3854 313 82
29	155683	0.0	2	149447 5531 594 111
30	1296	0.0	3	0 938 151 207
31	79055	0.0	3	75149 3437 370 99
32	79276	0.0	3	74958 3811 396 111
33	78289	0.0	3	73717 4072 412 88
34	79600	0.0	3	74549 4619 342 90
35	156941	0.0	3	149583 6593 625 140
36	1220	0.0	3	91 1008 86 35
37	78304	0.0	3	74075 3777 342 110
38	78270	0.0	3	73847 3986 335 102
39	78628	0.0	3	74059 4138 334 97
40	78510	0.0	3	74109 3970 347 84
41	78850	0.0	3	74461 3955 342 92
42	77823	0.0	3	73485 3890 349 99
43	79025	0.0	3	74634 4012 301 78
44	78074	0.0	3	73743 3901 333 97
45	79792	0.0	3	75385 3961 365 81
46	77266	0.0	3	72352 4582 268 64
47	150423	0.0	3	143860 6014 424 125
48	1368	0.0	3	215 1010 104 39
49	74933	0.0	3	71004 3578 293 58
50	75812	0.0	3	71194 4296 260 62
51	148872	0.0	3	142280 6057 407 128
52	1362	0.0	3	244 973 134 11
53	75040	0.0	3	70828 3904 229 79
54	147124	0.0	3	140693 5964 370 97
55	1301	0.0	3	219 965 103 14
56	72263	0.0	3	68670 3301 233 59
57	71947	0.0	3	67924 3693 273 57
58	70356	0.0	3	66371 3680 235 70
59	68882	0.0	3	65094 3473 277 38
60	68784	0.0	3	64675 3877 178 54
61	131847	0.0	3	125909 5509 358 71
62	1212	0.0	3	210 883 88 31
63	65576	0.0	3	62172 3075 285 44
64	65971	0.0	3	62025 3706 184 56
65	124684	0.0	3	119100 5143 366 75
66	1114	0.0	3	171 835 86 22
67	60464	0.0	3	57405 2770 244 45
68	58537	0.0	3	55364 2903 218 52
69	55264	0.0	3	52351 2646 204 63
70	53398	0.0	3	50602 2574 187 35
71	51623	0.0	3	48781 2618 186 38
72	61298	0.0	3	58234 2798 226 40
73	47587	0.0	3	45113 2263 169 42
74	46972	0.0	3	44523 2255 163 31
75	44851	0.0	3	42525 2142 158 26
76	42219	0.0	3	40184 1880 129 26
77	38252	0.0	3	36335 1770 125 22
78	34665	0.0	3	32915 1644 86 20
79	32212	0.0	3	30584 1519 84 25
80	29555	0.0	3	28079 1370 84 22
81	27001	0.0	3	25637 1267 79 18
82	24476	0.0	3	23206 1190 57 23
83	22571	0.0	3	21462 1037 55 17
84	19474	0.0	3	18470 932 55 17
85	17872	0.0	3	16911 902 47 12
86	16428	0.0	3	15592 770 49 17
87	14629	0.0	3	13903 674 43 9
88	13873	0.0	3	13202 620 43 8
89	11603	0.0	3	11028 531 30 14
90	10312	0.0	3	9796 478 30 8
91	9120	0.0	3	8667 419 23 11
92	7706	0.0	3	7350 331 21 4
93	6020	0.0	3	5716 279 18 7
94	5288	0.0	3	5011 257 16 4
95	4680	0.0	3	4459 207 9 5
96	3613	0.0	3	3402 199 7 5
97	3386	0.0	3	3215 158 12 1
98	3052	0.0	3	2910 125 12 5
99	2605	0.0	3	2461 133 9 2
100	2229	0.0	3	2119 105 4 1
101	1849	0.0	3	1763 80 2 4
102	1586	0.0	3	1510 72 3 1
103	1153	0.0	3	1075 74 1 3
104	994	0.0	3	936 51 3 4
105	825	0.0	3	773 43 4 5
106	711	0.0	3	678 30 1 2
107	620	0.0	3	570 42 5 3
108	586	0.0	3	556 24 5 1
109	550	0.0	3	509 37 2 2
110	465	0.0	3	423 35 2 5
111	389	0.0	3	363 21 3 2
112	353	0.0	3	326 25 2
113	332	0.0	3	301 27 2 2
114	297	0.0	3	274 22 0 1
115	274	0.0	3	247 19 4 4
116	291	0.0	3	260 28 2 1
117	217	0.0	3	184 30 1 2
118	244	0.0	3	218 22 3 1
119	266	0.0	3	235 27 2 2
120	229	0.0	3	203 25 1
121	281	0.0	3	242 32 5 2
122	234	0.0	3	199 33 1 1
123	245	0.0	3	215 26 3 1
124	263	0.0	3	231 29 2 1
125	309	0.0	3	248 58 3
126	269	0.0	3	224 42 3
127	334	0.0	3	295 33 5 1
128	378	0.0	3	323 52 3
129	335	0.0	3	274 61
130	419	0.0	3	359 56 3 1
131	465	0.0	3	388 70 6 1
132	525	0.0	3	454 67 4
133	531	0.0	3	435 85 10 1
134	605	0.0	3	513 83 9
135	659	0.0	3	539 112 8
136	687	0.0	3	558 121 5 3
137	730	0.0	3	593 128 6 3
138	766	0.0	3	598 160 6 2
139	781	0.0	3	588 173 17 3
140	882	0.0	3	660 205 16 1
141	942	0.0	3	687 237 15 3
142	733	0.0	3	431 279 22 1
143	899	0.0	3	473 403 21 2
144	1166	0.0	3	485 635 45 1
145	1171	0.0	3	506 618 46 1
146	1709	0.0	3	581 1052 74 2
147	3433	0.0	3	573 2645 211 4
148	7371	0.0	3	223 6627 501 20
149	22471	0.0	3	257 20660 1478 76
150	55731	0.0	3	606 51105 3820 200


=== Second read: Adapter 2 ===

Sequence: AGATCGGAAGAGCGTCGTGTAGGGAAAGAGTGTA; Type: regular 3'; Length: 34; Trimmed: 6210340 times

No. of allowed errors:
0-9 bp: 0; 10-19 bp: 1; 20-29 bp: 2; 30-34 bp: 3

Bases preceding removed adapters:
  A: 17.4%
  C: 29.1%
  G: 43.3%
  T: 9.4%
  none/other: 0.8%

Overview of removed sequences
length	count	expect	max.err	error counts
3	409465	250619.4	0	409465
4	150395	62654.9	0	150395
5	230859	15663.7	0	230859
8	71956	244.7	0	71956
9	144800	61.2	0	144800
10	556	15.3	1	0 556
11	148098	3.8	1	145537 2561
12	561	1.0	1	0 561
13	152679	0.2	1	149560 3119
14	394	0.1	1	0 394
15	75304	0.0	1	73360 1944
16	151236	0.0	1	147182 4054
17	641	0.0	1	0 641
18	150870	0.0	1	146991 3735 144
19	597	0.0	1	0 436 161
20	77687	0.0	2	74074 3271 342
21	308720	0.0	2	297886 9648 1186
22	644	0.0	2	0 553 91
23	316	0.0	2	0 79 237
24	535	0.0	2	0 426 109
25	77176	0.0	2	73585 3104 487
26	78289	0.0	2	74156 3714 419
27	154030	0.0	2	147223 5774 1033
28	1136	0.0	2	0 1015 75 46
29	156190	0.0	2	148940 6265 965 20
30	1162	0.0	3	0 1024 69 69
31	156686	0.0	3	149087 6230 938 431
32	1192	0.0	3	0 1022 110 60
33	155344	0.0	3	147285 6835 899 325
34	718	0.0	3	17 239 375 87
35	79244	0.0	3	18 74600 4077 549
36	79179	0.0	3	12 74137 3867 1163
37	155059	0.0	3	37 89 6257 148676
38	784	0.0	3	6 8 606 164
39	78227	0.0	3	30 83 3378 74736
40	78612	0.0	3	13 81 3685 74833
41	155325	0.0	3	24 163 5930 149208
42	1118	0.0	3	0 7 908 203
43	155177	0.0	3	49 133 5853 149142
44	897	0.0	3	0 0 611 286
45	78708	0.0	3	35 91 3495 75087
46	152811	0.0	3	72 209 5652 146878
47	795	0.0	3	0 2 513 280
48	75069	0.0	3	14 109 3126 71820
49	74976	0.0	3	12 92 3022 71850
50	75016	0.0	3	22 80 3115 71799
51	75783	0.0	3	14 69 3498 72202
52	222779	0.0	3	91 268 7672 214748
53	689	0.0	3	1 2 335 351
54	1225	0.0	3	1 7 990 227
55	215628	0.0	3	125 398 7247 207858
56	649	0.0	3	1 15 338 295
57	491	0.0	3	1 3 313 174
58	70519	0.0	3	8 212 2823 67476
59	135628	0.0	3	39 104 4201 131284
60	763	0.0	3	0 1 465 297
61	66769	0.0	3	17 75 2385 64292
62	131495	0.0	3	76 180 4017 127222
63	699	0.0	3	12 3 481 203
64	64815	0.0	3	34 99 2018 62664
65	63955	0.0	3	8 128 2297 61522
66	62037	0.0	3	11 99 2127 59800
67	60589	0.0	3	12 89 2138 58350
68	58457	0.0	3	26 38 1980 56413
69	55130	0.0	3	9 69 1824 53228
70	53250	0.0	3	11 41 1823 51375
71	51320	0.0	3	9 67 1642 49602
72	49164	0.0	3	9 59 1662 47434
73	47473	0.0	3	14 40 1494 45925
74	45697	0.0	3	25 40 1536 44096
75	43991	0.0	3	17 36 1469 42469
76	49270	0.0	3	7 65 1671 47527
77	38831	0.0	3	9 63 1267 37492
78	35719	0.0	3	6 57 1163 34493
79	33674	0.0	3	10 14 1092 32558
80	31930	0.0	3	8 22 944 30956
81	26987	0.0	3	2 21 878 26086
82	25047	0.0	3	4 12 732 24299
83	21685	0.0	3	12 11 613 21049
84	19906	0.0	3	5 14 606 19281
85	18832	0.0	3	9 22 581 18220
86	16276	0.0	3	4 29 467 15776
87	14972	0.0	3	2 11 500 14459
88	13378	0.0	3	2 9 415 12952
89	12507	0.0	3	5 7 410 12085
90	10479	0.0	3	1 4 324 10150
91	9176	0.0	3	1 3 267 8905
92	7561	0.0	3	0 4 250 7307
93	6108	0.0	3	2 4 205 5897
94	5259	0.0	3	2 5 182 5070
95	4463	0.0	3	1 8 128 4326
96	3788	0.0	3	0 1 114 3673
97	3370	0.0	3	0 7 108 3255
98	3102	0.0	3	0 3 96 3003
99	2550	0.0	3	0 3 96 2451
100	2209	0.0	3	0 1 59 2149
101	1910	0.0	3	2 1 67 1840
102	1463	0.0	3	0 2 60 1401
103	1291	0.0	3	0 3 58 1230
104	1005	0.0	3	0 1 41 963
105	844	0.0	3	0 0 29 815
106	748	0.0	3	0 0 28 720
107	656	0.0	3	1 0 29 626
108	660	0.0	3	1 1 27 631
109	535	0.0	3	0 1 23 511
110	498	0.0	3	0 0 31 467
111	436	0.0	3	2 1 30 403
112	384	0.0	3	1 0 23 360
113	365	0.0	3	1 0 26 338
114	314	0.0	3	0 0 33 281
115	328	0.0	3	0 1 23 304
116	286	0.0	3	0 0 28 258
117	275	0.0	3	0 0 27 248
118	252	0.0	3	3 2 30 217
119	282	0.0	3	3 0 28 251
120	250	0.0	3	0 1 27 222
121	266	0.0	3	1 1 22 242
122	238	0.0	3	0 0 19 219
123	239	0.0	3	0 0 30 209
124	252	0.0	3	0 1 24 227
125	331	0.0	3	0 1 37 293
126	305	0.0	3	1 0 29 275
127	285	0.0	3	0 1 38 246
128	328	0.0	3	0 1 36 291
129	355	0.0	3	0 1 44 310
130	413	0.0	3	0 0 54 359
131	466	0.0	3	0 0 54 412
132	463	0.0	3	0 1 48 414
133	484	0.0	3	0 0 64 420
134	601	0.0	3	0 0 84 517
135	620	0.0	3	0 2 69 549
136	684	0.0	3	1 0 91 592
137	727	0.0	3	0 0 91 636
138	688	0.0	3	0 0 93 595
139	700	0.0	3	0 1 109 590
140	833	0.0	3	0 0 158 675
141	891	0.0	3	0 0 175 716
142	681	0.0	3	1 4 240 436
143	839	0.0	3	0 2 344 493
144	923	0.0	3	0 1 417 505
145	979	0.0	3	0 0 465 514
146	1481	0.0	3	0 0 866 615
147	2346	0.0	3	0 2 1692 652
148	4979	0.0	3	0 2 4601 376
149	18715	0.0	3	0 8 17854 853
150	61139	0.0	3	2 23 58383 2731
