This is cutadapt 2.9 with Python 3.5.2
Command line parameters: --nextseq-trim 10 --minimum-length 25 --cores 4 -a AGATCGGAAGAGCACACGTCTGAACTCCAGTCAC -A AGATCGGAAGAGCGTCGTGTAGGGAAAGAGTGTA -o Pacuta_HTHC_TP10_1732_R1_TrimmingRound1.fastq.gz -p Pacuta_HTHC_TP10_1732_R2_TrimmingRound1.fastq.gz Pacuta_HTHC_TP10_1732_R1.fastq.gz Pacuta_HTHC_TP10_1732_R2.fastq.gz
Processing reads on 4 cores in paired-end mode ...
Finished in 671.18 s (41 us/read; 1.47 M reads/minute).

=== Summary ===

Total read pairs processed:         16,415,197
  Read 1 with adapter:               7,968,967 (48.5%)
  Read 2 with adapter:               7,357,569 (44.8%)
Pairs written (passing filters):    16,321,902 (99.4%)

Total basepairs processed: 4,924,559,100 bp
  Read 1: 2,462,279,550 bp
  Read 2: 2,462,279,550 bp
Quality-trimmed:              26,046,193 bp (0.5%)
  Read 1:     5,180,260 bp
  Read 2:    20,865,933 bp
Total written (filtered):  4,392,451,724 bp (89.2%)
  Read 1: 2,184,485,947 bp
  Read 2: 2,207,965,777 bp

=== First read: Adapter 1 ===

Sequence: AGATCGGAAGAGCACACGTCTGAACTCCAGTCAC; Type: regular 3'; Length: 34; Trimmed: 7968967 times

No. of allowed errors:
0-9 bp: 0; 10-19 bp: 1; 20-29 bp: 2; 30-34 bp: 3

Bases preceding removed adapters:
  A: 19.4%
  C: 35.6%
  G: 20.0%
  T: 25.0%
  none/other: 0.0%

Overview of removed sequences
length	count	expect	max.err	error counts
3	282186	256487.5	0	282186
4	140346	64121.9	0	140346
5	296543	16030.5	0	296543
8	97243	250.5	0	97243
9	194700	62.6	0	194700
10	469	15.7	1	0 469
11	255114	3.9	1	194763 60351
12	536	1.0	1	0 536
13	130637	0.2	1	99796 30841
14	135186	0.1	1	102540 32646
15	132279	0.0	1	100919 31360
16	142169	0.0	1	107465 34704
17	269009	0.0	1	205398 63611
18	912	0.0	1	0 784 128
19	137777	0.0	1	104244 33091 442
20	135793	0.0	2	100826 32589 2378
21	275855	0.0	2	205974 65450 4431
22	1407	0.0	2	0 982 425
23	142280	0.0	2	105262 34516 2502
24	145034	0.0	2	106790 35292 2952
25	144974	0.0	2	107096 35090 2788
26	145971	0.0	2	107402 35644 2925
27	145538	0.0	2	107649 34868 3021
28	146324	0.0	2	106897 36140 3219 68
29	282204	0.0	2	209510 67361 5079 254
30	2417	0.0	3	0 1431 662 324
31	144408	0.0	3	105448 34664 3115 1181
32	139285	0.0	3	101873 33448 2935 1029
33	145178	0.0	3	104723 36178 3243 1034
34	285899	0.0	3	210057 68633 5330 1879
35	2596	0.0	3	198 1531 702 165
36	145111	0.0	3	106025 35156 2930 1000
37	142908	0.0	3	104023 34941 2919 1025
38	140075	0.0	3	102021 34054 3022 978
39	139785	0.0	3	101445 34465 2958 917
40	265384	0.0	3	195663 63453 4625 1643
41	2461	0.0	3	233 1449 626 153
42	130018	0.0	3	95075 31662 2436 845
43	129240	0.0	3	94118 31650 2592 880
44	127842	0.0	3	93729 30823 2426 864
45	136542	0.0	3	99780 33198 2657 907
46	116905	0.0	3	85095 28727 2272 811
47	237965	0.0	3	175330 57521 3753 1361
48	2218	0.0	3	275 1253 529 161
49	111753	0.0	3	82263 26975 1910 605
50	108672	0.0	3	79331 26761 1962 618
51	199042	0.0	3	147060 48039 2938 1005
52	3263	0.0	3	949 1510 642 162
53	95782	0.0	3	69826 23653 1709 594
54	185797	0.0	3	137014 44723 3007 1053
55	1764	0.0	3	235 1014 389 126
56	83648	0.0	3	62112 19887 1264 385
57	82159	0.0	3	60436 20060 1297 366
58	74360	0.0	3	54730 18181 1109 340
59	70192	0.0	3	51391 17284 1153 364
60	67122	0.0	3	49148 16485 1142 347
61	113724	0.0	3	83453 28267 1473 531
62	1283	0.0	3	263 689 263 68
63	52895	0.0	3	38644 13199 809 243
64	48593	0.0	3	35241 12358 795 199
65	85525	0.0	3	63533 20639 1029 324
66	1005	0.0	3	206 542 201 56
67	38631	0.0	3	28438 9516 506 171
68	36182	0.0	3	26491 8939 582 170
69	35202	0.0	3	25549 8954 580 119
70	88176	0.0	3	66369 21110 555 142
71	35437	0.0	3	25923 8868 487 159
72	23841	0.0	3	17220 6032 447 142
73	13032	0.0	3	9332 3325 282 93
74	11194	0.0	3	8062 2819 225 88
75	10501	0.0	3	7551 2668 215 67
76	9021	0.0	3	6487 2326 161 47
77	8165	0.0	3	5941 2037 143 44
78	6501	0.0	3	4762 1611 98 30
79	5509	0.0	3	3972 1400 104 33
80	4763	0.0	3	3435 1221 81 26
81	4135	0.0	3	3039 1019 61 16
82	3473	0.0	3	2485 898 69 21
83	2871	0.0	3	2114 698 43 16
84	2530	0.0	3	1864 612 40 14
85	2276	0.0	3	1659 566 41 10
86	1976	0.0	3	1423 495 45 13
87	1828	0.0	3	1303 475 32 18
88	1679	0.0	3	1192 450 28 9
89	1213	0.0	3	881 306 20 6
90	1133	0.0	3	851 262 11 9
91	983	0.0	3	707 252 19 5
92	820	0.0	3	593 209 12 6
93	707	0.0	3	511 180 11 5
94	582	0.0	3	411 156 12 3
95	533	0.0	3	373 142 15 3
96	409	0.0	3	303 96 8 2
97	356	0.0	3	264 78 8 6
98	292	0.0	3	204 79 7 2
99	261	0.0	3	195 60 6
100	224	0.0	3	167 50 5 2
101	203	0.0	3	147 52 4
102	167	0.0	3	122 41 4
103	133	0.0	3	83 42 5 3
104	112	0.0	3	71 33 8
105	107	0.0	3	71 25 10 1
106	70	0.0	3	49 16 5
107	61	0.0	3	38 17 6
108	62	0.0	3	33 19 9 1
109	57	0.0	3	30 13 13 1
110	37	0.0	3	25 6 6
111	39	0.0	3	28 3 8
112	39	0.0	3	22 8 7 2
113	31	0.0	3	16 5 10
114	42	0.0	3	16 8 16 2
115	26	0.0	3	7 3 15 1
116	27	0.0	3	4 1 22
117	25	0.0	3	10 2 12 1
118	20	0.0	3	5 2 12 1
119	22	0.0	3	7 1 13 1
120	31	0.0	3	6 1 24
121	28	0.0	3	2 1 25
122	31	0.0	3	4 1 25 1
123	30	0.0	3	2 2 26
124	26	0.0	3	3 2 21
125	42	0.0	3	5 0 37
126	36	0.0	3	2 1 33
127	35	0.0	3	1 0 33 1
128	40	0.0	3	0 0 40
129	49	0.0	3	2 0 47
130	46	0.0	3	2 4 37 3
131	62	0.0	3	1 1 58 2
132	51	0.0	3	2 2 46 1
133	78	0.0	3	2 2 72 2
134	80	0.0	3	7 2 70 1
135	79	0.0	3	2 1 75 1
136	76	0.0	3	1 1 71 3
137	94	0.0	3	2 3 87 2
138	108	0.0	3	1 2 104 1
139	126	0.0	3	3 1 117 5
140	103	0.0	3	1 1 100 1
141	168	0.0	3	0 1 163 4
142	164	0.0	3	3 2 154 5
143	225	0.0	3	1 0 218 6
144	264	0.0	3	0 1 257 6
145	253	0.0	3	3 1 244 5
146	303	0.0	3	2 2 288 11
147	426	0.0	3	3 1 410 12
148	728	0.0	3	0 4 700 24
149	1934	0.0	3	0 10 1874 50
150	4233	0.0	3	2 24 4074 133


=== Second read: Adapter 2 ===

Sequence: AGATCGGAAGAGCGTCGTGTAGGGAAAGAGTGTA; Type: regular 3'; Length: 34; Trimmed: 7357569 times

No. of allowed errors:
0-9 bp: 0; 10-19 bp: 1; 20-29 bp: 2; 30-34 bp: 3

Bases preceding removed adapters:
  A: 16.1%
  C: 36.0%
  G: 32.2%
  T: 15.6%
  none/other: 0.0%

Overview of removed sequences
length	count	expect	max.err	error counts
3	412642	256487.5	0	412642
4	154683	64121.9	0	154683
5	281171	16030.5	0	281171
8	91412	250.5	0	91412
9	181923	62.6	0	181923
10	784	15.7	1	0 784
11	230598	3.9	1	183165 47433
12	576	1.0	1	0 576
13	247778	0.2	1	193745 54033
14	392	0.1	1	0 392
15	119769	0.0	1	94589 25180
16	251433	0.0	1	198217 53216
17	517	0.0	1	0 517
18	232272	0.0	1	185199 46706 367
19	841	0.0	1	0 568 273
20	125334	0.0	2	95430 26970 2934
21	502892	0.0	2	389148 104388 9356
22	1993	0.0	2	0 1277 716
23	568	0.0	2	0 222 346
24	784	0.0	2	0 522 262
25	129980	0.0	2	99349 27771 2860
26	132235	0.0	2	99975 28999 3261
27	259059	0.0	2	199140 54245 5674
28	2614	0.0	2	0 1686 793 135
29	256040	0.0	2	194446 55535 5973 86
30	2710	0.0	3	0 1800 663 247
31	252725	0.0	3	191381 52885 5579 2880
32	2714	0.0	3	0 1785 656 273
33	258013	0.0	3	194318 55101 6020 2574
34	2194	0.0	3	34 787 1012 361
35	128774	0.0	3	19 96984 28517 3254
36	133120	0.0	3	21 99367 29724 4008
37	124219	0.0	3	23 94056 27054 3086
38	126464	0.0	3	51 94652 28167 3594
39	119972	0.0	3	33 90979 26128 2832
40	122227	0.0	3	26 91554 27195 3452
41	231941	0.0	3	69 175836 50426 5610
42	2939	0.0	3	2 402 1884 651
43	225385	0.0	3	72 172555 47455 5303
44	2137	0.0	3	1 337 1202 597
45	113651	0.0	3	30 85858 24843 2920
46	220293	0.0	3	49 168149 46998 5097
47	2426	0.0	3	0 625 1261 540
48	104497	0.0	3	18 78911 22913 2655
49	103371	0.0	3	22 78374 22267 2708
50	96505	0.0	3	22 72775 21096 2612
51	100084	0.0	3	21 75092 22096 2875
52	305423	0.0	3	56 238461 59486 7420
53	1644	0.0	3	2 384 885 373
54	1591	0.0	3	1 180 1073 337
55	196827	0.0	3	43 148465 44433 3886
56	1121	0.0	3	3 244 617 257
57	635	0.0	3	2 70 384 179
58	65152	0.0	3	10 48745 14849 1548
59	109382	0.0	3	21 83287 23956 2118
60	982	0.0	3	4 139 599 240
61	51377	0.0	3	18 38686 11560 1113
62	97318	0.0	3	39 74765 20497 2017
63	580	0.0	3	0 69 376 135
64	34735	0.0	3	7 26053 8085 590
65	37149	0.0	3	32 28226 8250 641
66	35906	0.0	3	3 27175 7935 793
67	33538	0.0	3	11 25411 7439 677
68	33043	0.0	3	7 25395 6973 668
69	27806	0.0	3	11 21090 6151 554
70	24703	0.0	3	15 18650 5541 497
71	22309	0.0	3	7 17187 4713 402
72	19994	0.0	3	6 15184 4392 412
73	19681	0.0	3	4 15334 3988 355
74	20894	0.0	3	1 16695 3862 336
75	28164	0.0	3	3 23754 4049 358
76	18453	0.0	3	3 14669 3404 377
77	9583	0.0	3	4 6949 2385 245
78	7680	0.0	3	7 5475 2039 159
79	6784	0.0	3	1 4689 1953 141
80	6263	0.0	3	2 4405 1708 148
81	5031	0.0	3	0 3501 1419 111
82	4199	0.0	3	6 2914 1191 88
83	3652	0.0	3	0 2584 985 83
84	3150	0.0	3	1 2171 927 51
85	3024	0.0	3	1 2164 811 48
86	2458	0.0	3	1 1741 666 50
87	2146	0.0	3	1 1463 644 38
88	1735	0.0	3	1 1198 497 39
89	1459	0.0	3	0 1014 423 22
90	1211	0.0	3	0 825 354 32
91	961	0.0	3	0 660 284 17
92	857	0.0	3	0 547 286 24
93	795	0.0	3	0 535 245 15
94	555	0.0	3	0 369 176 10
95	548	0.0	3	0 352 184 12
96	449	0.0	3	0 284 145 20
97	363	0.0	3	0 240 110 13
98	272	0.0	3	0 194 71 7
99	259	0.0	3	0 178 76 5
100	216	0.0	3	0 141 73 2
101	190	0.0	3	0 118 66 6
102	158	0.0	3	1 92 59 6
103	132	0.0	3	0 91 37 4
104	114	0.0	3	1 75 32 6
105	107	0.0	3	0 77 27 3
106	86	0.0	3	0 51 30 5
107	66	0.0	3	0 40 25 1
108	60	0.0	3	0 36 23 1
109	60	0.0	3	0 38 17 5
110	33	0.0	3	0 23 9 1
111	40	0.0	3	0 24 14 2
112	45	0.0	3	0 34 10 1
113	24	0.0	3	0 14 7 3
114	32	0.0	3	0 20 8 4
115	22	0.0	3	0 14 6 2
116	20	0.0	3	0 13 4 3
117	11	0.0	3	0 4 5 2
118	17	0.0	3	0 5 9 3
119	15	0.0	3	0 6 4 5
120	8	0.0	3	0 6 0 2
121	8	0.0	3	0 3 3 2
122	10	0.0	3	0 5 0 5
123	11	0.0	3	0 6 2 3
124	8	0.0	3	0 3 1 4
125	16	0.0	3	0 3 2 11
126	11	0.0	3	0 1 2 8
127	23	0.0	3	0 4 2 17
128	26	0.0	3	0 2 1 23
129	31	0.0	3	0 3 2 26
130	38	0.0	3	0 2 2 34
131	37	0.0	3	0 1 4 32
132	47	0.0	3	0 3 1 43
133	66	0.0	3	0 1 1 64
134	61	0.0	3	0 5 0 56
135	61	0.0	3	0 4 2 55
136	63	0.0	3	0 3 1 59
137	84	0.0	3	0 0 1 83
138	113	0.0	3	0 1 3 109
139	119	0.0	3	0 3 1 115
140	109	0.0	3	0 0 1 108
141	123	0.0	3	0 0 4 119
142	136	0.0	3	0 1 3 132
143	184	0.0	3	0 1 2 181
144	213	0.0	3	0 0 1 212
145	259	0.0	3	0 4 1 254
146	321	0.0	3	0 2 2 317
147	350	0.0	3	0 2 3 345
148	652	0.0	3	0 0 3 649
149	1560	0.0	3	0 1 11 1548
150	4881	0.0	3	0 1 24 4856
