This is cutadapt 2.9 with Python 3.5.2
Command line parameters: --nextseq-trim 10 --minimum-length 25 --cores 4 -a AGATCGGAAGAGCACACGTCTGAACTCCAGTCAC -A AGATCGGAAGAGCGTCGTGTAGGGAAAGAGTGTA -o Pacuta_ATHC_TP9_2873_R1_TrimmingRound1.fastq.gz -p Pacuta_ATHC_TP9_2873_R2_TrimmingRound1.fastq.gz Pacuta_ATHC_TP9_2873_R1.fastq.gz Pacuta_ATHC_TP9_2873_R2.fastq.gz
Processing reads on 4 cores in paired-end mode ...
Finished in 583.25 s (34 us/read; 1.76 M reads/minute).

=== Summary ===

Total read pairs processed:         17,128,962
  Read 1 with adapter:               9,869,038 (57.6%)
  Read 2 with adapter:               9,303,570 (54.3%)
Pairs written (passing filters):    17,018,620 (99.4%)

Total basepairs processed: 5,138,688,600 bp
  Read 1: 2,569,344,300 bp
  Read 2: 2,569,344,300 bp
Quality-trimmed:              31,120,219 bp (0.6%)
  Read 1:     5,972,170 bp
  Read 2:    25,148,049 bp
Total written (filtered):  4,450,994,108 bp (86.6%)
  Read 1: 2,215,142,595 bp
  Read 2: 2,235,851,513 bp

=== First read: Adapter 1 ===

Sequence: AGATCGGAAGAGCACACGTCTGAACTCCAGTCAC; Type: regular 3'; Length: 34; Trimmed: 9869038 times

No. of allowed errors:
0-9 bp: 0; 10-19 bp: 1; 20-29 bp: 2; 30-34 bp: 3

Bases preceding removed adapters:
  A: 15.8%
  C: 41.2%
  G: 20.8%
  T: 22.1%
  none/other: 0.1%

Overview of removed sequences
length	count	expect	max.err	error counts
3	257695	267640.0	0	257695
4	144929	66910.0	0	144929
5	350935	16727.5	0	350935
8	113424	261.4	0	113424
9	222509	65.3	0	222509
10	650	16.3	1	0 650
11	280938	4.1	1	225296 55642
12	757	1.0	1	0 757
13	148404	0.3	1	117882 30522
14	158127	0.1	1	125937 32190
15	157573	0.0	1	125466 32107
16	171116	0.0	1	134774 36342
17	324281	0.0	1	258078 66203
18	1486	0.0	1	0 1272 214
19	162058	0.0	1	127534 33841 683
20	160688	0.0	2	124155 33901 2632
21	320234	0.0	2	249214 65803 5217
22	2296	0.0	2	0 1605 691
23	167102	0.0	2	128887 35142 3073
24	173890	0.0	2	133107 37286 3497
25	178947	0.0	2	137654 37598 3695
26	184656	0.0	2	141423 39405 3828
27	186028	0.0	2	141556 40161 4311
28	186540	0.0	2	140228 41928 4240 144
29	351532	0.0	2	269330 75297 6481 424
30	3940	0.0	3	0 2383 1092 465
31	176769	0.0	3	132513 38528 4211 1517
32	171500	0.0	3	128656 37634 3815 1395
33	175407	0.0	3	131742 38288 4016 1361
34	179145	0.0	3	133916 39298 4395 1536
35	184524	0.0	3	138360 40502 4142 1520
36	190405	0.0	3	142573 41680 4593 1559
37	190622	0.0	3	141193 43330 4487 1612
38	362975	0.0	3	274592 78310 7432 2641
39	6328	0.0	3	615 4103 1269 341
40	342332	0.0	3	258569 74094 6942 2727
41	4109	0.0	3	339 2488 1025 257
42	168103	0.0	3	124916 37915 3901 1371
43	172301	0.0	3	128805 38541 3679 1276
44	149820	0.0	3	113209 32691 2942 978
45	181592	0.0	3	136372 39913 3927 1380
46	149365	0.0	3	111386 33875 3149 955
47	318212	0.0	3	241844 69105 5418 1845
48	3609	0.0	3	297 2209 830 273
49	148929	0.0	3	112202 32927 2908 892
50	144121	0.0	3	106985 33177 2978 981
51	256634	0.0	3	194525 56326 4270 1513
52	4371	0.0	3	1039 2122 953 257
53	124379	0.0	3	92798 28268 2517 796
54	241974	0.0	3	183544 52705 4226 1499
55	2832	0.0	3	298 1720 641 173
56	109065	0.0	3	82700 23875 1870 620
57	110494	0.0	3	83602 24307 1971 614
58	100385	0.0	3	75866 22287 1695 537
59	95957	0.0	3	71915 21714 1763 565
60	90151	0.0	3	67024 21032 1610 485
61	149538	0.0	3	113083 33653 2071 731
62	2013	0.0	3	311 1172 400 130
63	68849	0.0	3	51652 15559 1238 400
64	63252	0.0	3	46866 14875 1192 319
65	113000	0.0	3	85967 25002 1520 511
66	1603	0.0	3	309 861 345 88
67	52108	0.0	3	39237 11759 838 274
68	49048	0.0	3	36493 11356 917 282
69	47884	0.0	3	35115 11576 937 256
70	110628	0.0	3	85199 24304 899 226
71	46097	0.0	3	34399 10677 775 246
72	32318	0.0	3	23858 7616 616 228
73	18361	0.0	3	13338 4467 415 141
74	15808	0.0	3	11614 3784 308 102
75	14821	0.0	3	10994 3439 283 105
76	13984	0.0	3	10377 3260 261 86
77	12563	0.0	3	9333 2945 227 58
78	9740	0.0	3	7289 2221 173 57
79	8597	0.0	3	6415 1994 136 52
80	6846	0.0	3	4997 1680 131 38
81	6053	0.0	3	4466 1444 102 41
82	4776	0.0	3	3514 1155 82 25
83	4233	0.0	3	3152 978 80 23
84	3720	0.0	3	2798 847 58 17
85	3291	0.0	3	2425 779 66 21
86	2903	0.0	3	2133 694 57 19
87	2528	0.0	3	1867 596 53 12
88	2326	0.0	3	1737 523 50 16
89	1975	0.0	3	1454 473 36 12
90	1761	0.0	3	1289 419 38 15
91	1402	0.0	3	1023 340 29 10
92	1230	0.0	3	902 301 20 7
93	1014	0.0	3	753 239 17 5
94	859	0.0	3	629 213 13 4
95	761	0.0	3	574 171 14 2
96	625	0.0	3	456 146 18 5
97	583	0.0	3	435 135 12 1
98	529	0.0	3	379 130 17 3
99	452	0.0	3	326 108 14 4
100	369	0.0	3	276 77 13 3
101	341	0.0	3	225 106 10
102	258	0.0	3	196 48 14
103	220	0.0	3	151 53 15 1
104	208	0.0	3	148 51 7 2
105	171	0.0	3	116 39 13 3
106	141	0.0	3	91 38 10 2
107	110	0.0	3	68 20 21 1
108	92	0.0	3	57 23 12
109	81	0.0	3	50 14 17
110	96	0.0	3	47 23 23 3
111	107	0.0	3	49 25 31 2
112	88	0.0	3	42 11 34 1
113	73	0.0	3	31 14 26 2
114	80	0.0	3	27 12 40 1
115	64	0.0	3	23 5 35 1
116	58	0.0	3	19 6 33
117	56	0.0	3	14 3 37 2
118	58	0.0	3	7 6 43 2
119	72	0.0	3	10 5 55 2
120	72	0.0	3	8 3 58 3
121	64	0.0	3	7 5 49 3
122	81	0.0	3	8 9 60 4
123	59	0.0	3	5 2 51 1
124	69	0.0	3	7 1 57 4
125	86	0.0	3	10 2 72 2
126	79	0.0	3	8 2 67 2
127	72	0.0	3	3 3 64 2
128	100	0.0	3	5 0 95
129	105	0.0	3	6 2 97
130	131	0.0	3	12 5 108 6
131	134	0.0	3	7 1 120 6
132	114	0.0	3	6 2 102 4
133	169	0.0	3	12 2 150 5
134	155	0.0	3	9 1 143 2
135	170	0.0	3	7 2 155 6
136	204	0.0	3	5 6 190 3
137	240	0.0	3	4 3 228 5
138	245	0.0	3	5 6 227 7
139	265	0.0	3	10 4 242 9
140	291	0.0	3	6 5 268 12
141	298	0.0	3	3 3 282 10
142	363	0.0	3	5 9 336 13
143	503	0.0	3	3 8 484 8
144	554	0.0	3	0 6 530 18
145	621	0.0	3	3 11 584 23
146	687	0.0	3	11 12 646 18
147	939	0.0	3	5 9 896 29
148	1515	0.0	3	6 23 1427 59
149	3966	0.0	3	1 46 3766 153
150	8720	0.0	3	6 144 8262 308


=== Second read: Adapter 2 ===

Sequence: AGATCGGAAGAGCGTCGTGTAGGGAAAGAGTGTA; Type: regular 3'; Length: 34; Trimmed: 9303570 times

No. of allowed errors:
0-9 bp: 0; 10-19 bp: 1; 20-29 bp: 2; 30-34 bp: 3

Bases preceding removed adapters:
  A: 13.9%
  C: 40.5%
  G: 31.0%
  T: 14.6%
  none/other: 0.0%

Overview of removed sequences
length	count	expect	max.err	error counts
3	382470	267640.0	0	382470
4	163246	66910.0	0	163246
5	341652	16727.5	0	341652
8	108662	261.4	0	108662
9	212968	65.3	0	212968
10	833	16.3	1	0 833
11	261428	4.1	1	215761 45667
12	860	1.0	1	0 860
13	294738	0.3	1	240587 54151
14	621	0.1	1	0 621
15	145913	0.0	1	120248 25665
16	313954	0.0	1	256865 57089
17	772	0.0	1	0 772
18	279983	0.0	1	231179 48353 451
19	1215	0.0	1	0 841 374
20	153250	0.0	2	120515 29040 3695
21	606170	0.0	2	485080 109676 11414
22	2538	0.0	2	0 1729 809
23	797	0.0	2	0 325 472
24	1151	0.0	2	0 764 387
25	164264	0.0	2	130373 30144 3747
26	171643	0.0	2	133253 33930 4460
27	337040	0.0	2	264766 64431 7843
28	3596	0.0	2	0 2482 898 216
29	326836	0.0	2	253531 64984 8185 136
30	3681	0.0	3	0 2473 883 325
31	315472	0.0	3	243988 60515 7333 3636
32	2881	0.0	3	0 1799 747 335
33	162015	0.0	3	123504 32275 4468 1768
34	167054	0.0	3	125709 34173 5001 2171
35	342963	0.0	3	264079 66925 8467 3492
36	3473	0.0	3	250 2140 745 338
37	172438	0.0	3	131821 34321 4454 1842
38	177423	0.0	3	132778 36496 5689 2460
39	187781	0.0	3	136142 41444 7125 3070
40	470134	0.0	3	364487 91716 9970 3961
41	2718	0.0	3	363 1418 635 302
42	2863	0.0	3	465 1774 459 165
43	270080	0.0	3	209685 53094 5306 1995
44	3094	0.0	3	440 1748 706 200
45	152257	0.0	3	115660 31261 3818 1518
46	308891	0.0	3	239817 59707 6617 2750
47	4763	0.0	3	1550 2115 773 325
48	145072	0.0	3	110463 29687 3520 1402
49	154423	0.0	3	119414 29680 3715 1614
50	132182	0.0	3	99475 27572 3676 1459
51	150558	0.0	3	115246 29889 3896 1527
52	430589	0.0	3	340529 76801 9230 4029
53	2939	0.0	3	534 1472 646 287
54	2897	0.0	3	552 1678 538 129
55	255213	0.0	3	193760 54720 4876 1857
56	1860	0.0	3	425 891 369 175
57	1125	0.0	3	168 596 277 84
58	87867	0.0	3	65844 19312 1940 771
59	136329	0.0	3	102548 30256 2590 935
60	1481	0.0	3	221 787 360 113
61	64536	0.0	3	47595 14735 1595 611
62	120149	0.0	3	91195 25514 2419 1021
63	962	0.0	3	130 579 201 52
64	43569	0.0	3	32654 9884 755 276
65	46733	0.0	3	35381 10151 883 318
66	48579	0.0	3	37004 10221 987 367
67	44281	0.0	3	33315 9696 906 364
68	45046	0.0	3	34741 9091 848 366
69	38543	0.0	3	29202 8222 807 312
70	34568	0.0	3	26405 7229 668 266
71	29671	0.0	3	22496 6315 584 276
72	26455	0.0	3	20292 5462 517 184
73	25485	0.0	3	19654 5192 465 174
74	26745	0.0	3	21161 4990 440 154
75	33871	0.0	3	28211 5041 442 177
76	26335	0.0	3	21014 4658 442 221
77	14817	0.0	3	10910 3453 317 137
78	11465	0.0	3	8354 2759 257 95
79	10247	0.0	3	7387 2561 201 98
80	9777	0.0	3	7056 2456 188 77
81	7602	0.0	3	5430 1970 146 56
82	6022	0.0	3	4263 1557 140 62
83	5341	0.0	3	3899 1313 91 38
84	4608	0.0	3	3350 1141 84 33
85	4151	0.0	3	3094 958 71 28
86	3668	0.0	3	2651 908 82 27
87	2911	0.0	3	2031 798 60 22
88	2481	0.0	3	1747 665 50 19
89	2343	0.0	3	1639 629 55 20
90	1825	0.0	3	1259 515 34 17
91	1422	0.0	3	1018 349 38 17
92	1269	0.0	3	868 372 19 10
93	1160	0.0	3	816 311 27 6
94	898	0.0	3	598 272 20 8
95	758	0.0	3	514 222 11 11
96	733	0.0	3	511 195 18 9
97	542	0.0	3	390 134 15 3
98	495	0.0	3	349 129 12 5
99	422	0.0	3	293 118 6 5
100	316	0.0	3	220 80 10 6
101	321	0.0	3	200 112 3 6
102	291	0.0	3	190 88 9 4
103	246	0.0	3	167 66 8 5
104	212	0.0	3	150 54 6 2
105	173	0.0	3	122 45 4 2
106	127	0.0	3	82 39 3 3
107	119	0.0	3	79 29 7 4
108	111	0.0	3	72 27 7 5
109	109	0.0	3	65 35 4 5
110	89	0.0	3	56 27 4 2
111	92	0.0	3	60 22 7 3
112	69	0.0	3	45 18 3 3
113	56	0.0	3	35 15 5 1
114	54	0.0	3	37 11 5 1
115	46	0.0	3	25 13 5 3
116	39	0.0	3	19 10 6 4
117	36	0.0	3	17 8 9 2
118	20	0.0	3	6 6 7 1
119	29	0.0	3	17 5 6 1
120	15	0.0	3	6 2 5 2
121	22	0.0	3	10 1 11
122	32	0.0	3	7 5 17 3
123	27	0.0	3	10 2 12 3
124	30	0.0	3	11 2 15 2
125	33	0.0	3	10 0 22 1
126	33	0.0	3	7 2 23 1
127	38	0.0	3	3 2 31 2
128	71	0.0	3	4 5 57 5
129	65	0.0	3	6 3 53 3
130	81	0.0	3	6 4 68 3
131	101	0.0	3	7 3 91
132	123	0.0	3	7 0 112 4
133	115	0.0	3	10 0 100 5
134	133	0.0	3	7 5 115 6
135	190	0.0	3	6 2 173 9
136	203	0.0	3	13 5 180 5
137	193	0.0	3	9 8 169 7
138	248	0.0	3	2 8 230 8
139	242	0.0	3	3 5 227 7
140	247	0.0	3	3 8 231 5
141	292	0.0	3	8 6 259 19
142	305	0.0	3	2 5 283 15
143	443	0.0	3	2 10 414 17
144	578	0.0	3	2 14 541 21
145	603	0.0	3	2 8 580 13
146	706	0.0	3	3 15 659 29
147	882	0.0	3	7 22 816 37
148	1349	0.0	3	2 24 1269 54
149	3456	0.0	3	3 48 3256 149
150	10558	0.0	3	2 149 9986 421
