This is cutadapt 2.9 with Python 3.5.2
Command line parameters: --nextseq-trim 10 --minimum-length 25 --cores 4 -a AGATCGGAAGAGCACACGTCTGAACTCCAGTCAC -A AGATCGGAAGAGCGTCGTGTAGGGAAAGAGTGTA -o Pacuta_ATAC_TP11_2306_R1_TrimmingRound1.fastq.gz -p Pacuta_ATAC_TP11_2306_R2_TrimmingRound1.fastq.gz Pacuta_ATAC_TP11_2306_R1.fastq.gz Pacuta_ATAC_TP11_2306_R2.fastq.gz
Processing reads on 4 cores in paired-end mode ...
Finished in 643.81 s (35 us/read; 1.69 M reads/minute).

=== Summary ===

Total read pairs processed:         18,158,027
  Read 1 with adapter:               7,095,021 (39.1%)
  Read 2 with adapter:               7,239,154 (39.9%)
Pairs written (passing filters):    18,105,875 (99.7%)

Total basepairs processed: 5,447,408,100 bp
  Read 1: 2,723,704,050 bp
  Read 2: 2,723,704,050 bp
Quality-trimmed:              10,786,742 bp (0.2%)
  Read 1:     4,521,336 bp
  Read 2:     6,265,406 bp
Total written (filtered):  4,868,033,209 bp (89.4%)
  Read 1: 2,434,361,179 bp
  Read 2: 2,433,672,030 bp

=== First read: Adapter 1 ===

Sequence: AGATCGGAAGAGCACACGTCTGAACTCCAGTCAC; Type: regular 3'; Length: 34; Trimmed: 7095021 times

No. of allowed errors:
0-9 bp: 0; 10-19 bp: 1; 20-29 bp: 2; 30-34 bp: 3

Bases preceding removed adapters:
  A: 18.5%
  C: 28.4%
  G: 34.8%
  T: 18.2%
  none/other: 0.1%

Overview of removed sequences
length	count	expect	max.err	error counts
3	327700	283719.2	0	327700
4	140337	70929.8	0	140337
5	263703	17732.4	0	263703
8	83384	277.1	0	83384
9	167890	69.3	0	167890
10	1070	17.3	1	0 1070
11	172995	4.3	1	170080 2915
12	870	1.1	1	0 870
13	88745	0.3	1	86325 2420
14	88327	0.1	1	85790 2537
15	88461	0.0	1	85719 2742
16	88776	0.0	1	85236 3540
17	175515	0.0	1	171358 4157
18	1367	0.0	1	0 1236 131
19	89057	0.0	1	85824 2992 241
20	89689	0.0	2	85150 4258 281
21	177758	0.0	2	172533 4637 588
22	1630	0.0	2	0 1494 136
23	90767	0.0	2	86946 3411 410
24	91869	0.0	2	87681 3806 382
25	90403	0.0	2	86006 3917 480
26	90180	0.0	2	85668 4073 439
27	89781	0.0	2	85125 4043 613
28	93014	0.0	2	86690 5851 395 78
29	179293	0.0	2	172450 5936 809 98
30	2390	0.0	3	0 1910 240 240
31	92297	0.0	3	87092 4520 561 124
32	92344	0.0	3	86795 4854 548 147
33	91730	0.0	3	85948 5123 524 135
34	92488	0.0	3	86744 5052 567 125
35	92593	0.0	3	86867 5021 565 140
36	92365	0.0	3	86504 5118 572 171
37	91507	0.0	3	85790 4980 602 135
38	93491	0.0	3	86140 6669 479 203
39	180443	0.0	3	172680 6796 754 213
40	2512	0.0	3	77 2147 213 75
41	91977	0.0	3	86721 4653 454 149
42	91596	0.0	3	86018 4945 498 135
43	92275	0.0	3	86553 5075 485 162
44	92501	0.0	3	86899 4927 511 164
45	93986	0.0	3	88183 5098 589 116
46	92731	0.0	3	85808 6342 391 190
47	176661	0.0	3	169518 6327 644 172
48	2856	0.0	3	463 2117 183 93
49	90396	0.0	3	85193 4566 529 108
50	91046	0.0	3	84490 6063 338 155
51	173697	0.0	3	167074 5862 586 175
52	3048	0.0	3	506 2149 350 43
53	90687	0.0	3	84241 5935 359 152
54	175114	0.0	3	168079 6252 619 164
55	2757	0.0	3	439 2046 218 54
56	87625	0.0	3	82573 4554 386 112
57	87307	0.0	3	82060 4712 414 121
58	84854	0.0	3	79678 4687 351 138
59	83342	0.0	3	78429 4327 503 83
60	83932	0.0	3	77712 5725 353 142
61	157927	0.0	3	151393 5917 478 139
62	2602	0.0	3	401 1950 182 69
63	79974	0.0	3	75390 4069 437 78
64	81246	0.0	3	75396 5444 280 126
65	149533	0.0	3	143485 5443 495 110
66	2263	0.0	3	368 1658 189 48
67	72790	0.0	3	68664 3671 368 87
68	70698	0.0	3	66538 3711 357 92
69	67235	0.0	3	63356 3480 303 96
70	64796	0.0	3	61012 3438 268 78
71	62719	0.0	3	58910 3454 273 82
72	74564	0.0	3	70551 3553 361 99
73	57562	0.0	3	54220 2992 277 73
74	56716	0.0	3	53545 2840 268 63
75	53212	0.0	3	50211 2685 244 72
76	50221	0.0	3	47399 2544 214 64
77	47917	0.0	3	45213 2451 217 36
78	42323	0.0	3	39868 2239 168 48
79	39643	0.0	3	37377 2068 157 41
80	37149	0.0	3	35134 1855 125 35
81	31444	0.0	3	29721 1579 110 34
82	29450	0.0	3	27875 1422 113 40
83	26873	0.0	3	25407 1350 96 20
84	24332	0.0	3	23001 1205 99 27
85	21776	0.0	3	20544 1140 65 27
86	19945	0.0	3	18937 913 75 20
87	18207	0.0	3	17228 906 54 19
88	16207	0.0	3	15318 820 54 15
89	13660	0.0	3	12908 676 56 20
90	12364	0.0	3	11744 564 45 11
91	10777	0.0	3	10199 522 41 15
92	9325	0.0	3	8869 403 36 17
93	7144	0.0	3	6757 358 23 6
94	6403	0.0	3	6075 288 31 9
95	5589	0.0	3	5286 276 20 7
96	4368	0.0	3	4139 206 18 5
97	4050	0.0	3	3841 190 15 4
98	3583	0.0	3	3410 151 18 4
99	3273	0.0	3	3118 138 12 5
100	2628	0.0	3	2479 139 6 4
101	2200	0.0	3	2080 109 9 2
102	1918	0.0	3	1827 86 2 3
103	1407	0.0	3	1329 69 6 3
104	1204	0.0	3	1136 62 6
105	987	0.0	3	935 47 4 1
106	864	0.0	3	811 42 6 5
107	773	0.0	3	739 32 1 1
108	735	0.0	3	694 38 2 1
109	644	0.0	3	601 40 2 1
110	539	0.0	3	502 28 4 5
111	515	0.0	3	483 30 2
112	419	0.0	3	381 33 4 1
113	433	0.0	3	399 31 3
114	344	0.0	3	326 16 2
115	317	0.0	3	296 16 4 1
116	316	0.0	3	293 21 1 1
117	322	0.0	3	293 27 2
118	292	0.0	3	268 20 2 2
119	290	0.0	3	273 16 0 1
120	280	0.0	3	255 22 0 3
121	331	0.0	3	308 20 3
122	346	0.0	3	319 24 1 2
123	321	0.0	3	294 26 1
124	350	0.0	3	326 23 1
125	368	0.0	3	331 33 2 2
126	398	0.0	3	364 31 1 2
127	453	0.0	3	422 29 1 1
128	514	0.0	3	486 27 1
129	516	0.0	3	481 34 1
130	559	0.0	3	526 32 1
131	595	0.0	3	556 36 2 1
132	643	0.0	3	593 49 1
133	734	0.0	3	673 57 4
134	839	0.0	3	770 64 5
135	886	0.0	3	820 61 5
136	954	0.0	3	879 68 7
137	1000	0.0	3	919 74 7
138	994	0.0	3	919 74 1
139	947	0.0	3	847 94 6
140	1116	0.0	3	1003 105 6 2
141	1286	0.0	3	1138 141 5 2
142	828	0.0	3	676 134 18
143	967	0.0	3	743 209 15
144	1029	0.0	3	746 265 14 4
145	1113	0.0	3	860 243 10
146	1491	0.0	3	1000 465 23 3
147	1935	0.0	3	912 956 66 1
148	3130	0.0	3	342 2643 136 9
149	8233	0.0	3	263 7564 383 23
150	19729	0.0	3	628 18146 900 55


=== Second read: Adapter 2 ===

Sequence: AGATCGGAAGAGCGTCGTGTAGGGAAAGAGTGTA; Type: regular 3'; Length: 34; Trimmed: 7239154 times

No. of allowed errors:
0-9 bp: 0; 10-19 bp: 1; 20-29 bp: 2; 30-34 bp: 3

Bases preceding removed adapters:
  A: 17.9%
  C: 26.7%
  G: 44.2%
  T: 10.8%
  none/other: 0.3%

Overview of removed sequences
length	count	expect	max.err	error counts
3	452249	283719.2	0	452249
4	167857	70929.8	0	167857
5	266274	17732.4	0	266274
8	83241	277.1	0	83241
9	168090	69.3	0	168090
10	688	17.3	1	0 688
11	173780	4.3	1	170599 3181
12	587	1.1	1	0 587
13	177010	0.3	1	173114 3896
14	439	0.1	1	0 439
15	88111	0.0	1	85671 2440
16	176211	0.0	1	171411 4800
17	773	0.0	1	0 773
18	175977	0.0	1	171134 4611 232
19	734	0.0	1	0 519 215
20	89750	0.0	2	85287 4061 402
21	359516	0.0	2	346547 11592 1377
22	839	0.0	2	0 732 107
23	367	0.0	2	0 107 260
24	688	0.0	2	0 578 110
25	89988	0.0	2	85855 3598 535
26	90563	0.0	2	85754 4342 467
27	179621	0.0	2	171599 6897 1125
28	1545	0.0	2	0 1381 106 58
29	181428	0.0	2	172963 7392 1049 24
30	1567	0.0	3	0 1394 103 70
31	182698	0.0	3	173466 7679 1107 446
32	1056	0.0	3	0 800 127 129
33	91447	0.0	3	85880 4179 1102 286
34	92190	0.0	3	23 86651 4942 574
35	92372	0.0	3	35 86550 5132 655
36	92601	0.0	3	12 86531 5360 698
37	181312	0.0	3	39 171682 8281 1310
38	1058	0.0	3	5 89 812 152
39	91818	0.0	3	41 86215 4802 760
40	93025	0.0	3	22 86976 5374 653
41	181718	0.0	3	40 172176 8142 1360
42	1596	0.0	3	0 98 1396 102
43	182146	0.0	3	70 172606 8236 1234
44	1232	0.0	3	0 199 857 176
45	92677	0.0	3	55 86734 5174 714
46	181147	0.0	3	75 171996 7805 1271
47	1151	0.0	3	0 209 811 131
48	89813	0.0	3	19 84581 4557 656
49	90393	0.0	3	13 85240 4464 676
50	89171	0.0	3	26 83911 4505 729
51	90104	0.0	3	30 84095 5382 597
52	264939	0.0	3	125 251638 11282 1894
53	1015	0.0	3	0 331 423 261
54	1863	0.0	3	3 72 1685 103
55	261533	0.0	3	159 249515 10374 1485
56	849	0.0	3	0 367 387 95
57	784	0.0	3	0 90 538 156
58	85010	0.0	3	21 80226 4248 515
59	163488	0.0	3	62 156204 6331 891
60	1152	0.0	3	0 223 796 133
61	81606	0.0	3	30 76970 4103 503
62	159515	0.0	3	102 152778 5760 875
63	998	0.0	3	5 186 699 108
64	78999	0.0	3	48 75251 3284 416
65	77684	0.0	3	15 73837 3375 457
66	75223	0.0	3	16 71513 3243 451
67	73000	0.0	3	16 69398 3094 492
68	70629	0.0	3	23 67126 3062 418
69	67176	0.0	3	30 64046 2739 361
70	64620	0.0	3	5 61561 2700 354
71	62255	0.0	3	11 59330 2613 301
72	59432	0.0	3	6 56651 2446 329
73	57561	0.0	3	15 54835 2404 307
74	55706	0.0	3	24 53106 2247 329
75	52964	0.0	3	23 50532 2185 224
76	58846	0.0	3	9 56107 2429 301
77	47678	0.0	3	18 45458 1966 236
78	43950	0.0	3	7 41994 1759 190
79	41007	0.0	3	9 39090 1723 185
80	38139	0.0	3	7 36416 1555 161
81	32900	0.0	3	7 31483 1256 154
82	30415	0.0	3	1 29069 1203 142
83	26651	0.0	3	7 25474 1064 106
84	24514	0.0	3	2 23448 939 125
85	22348	0.0	3	6 21396 831 115
86	19942	0.0	3	8 19080 749 105
87	18062	0.0	3	2 17305 677 78
88	16042	0.0	3	4 15384 578 76
89	14719	0.0	3	2 14021 615 81
90	12485	0.0	3	0 11930 504 51
91	10831	0.0	3	0 10309 471 51
92	9100	0.0	3	2 8685 376 37
93	7527	0.0	3	2 7176 301 48
94	6336	0.0	3	1 6027 271 37
95	5419	0.0	3	3 5188 201 27
96	4639	0.0	3	0 4413 196 30
97	4086	0.0	3	0 3901 157 28
98	3589	0.0	3	5 3422 137 25
99	3137	0.0	3	0 2956 146 35
100	2703	0.0	3	0 2570 105 28
101	2251	0.0	3	1 2151 86 13
102	1814	0.0	3	0 1727 71 16
103	1577	0.0	3	0 1502 68 7
104	1263	0.0	3	0 1205 52 6
105	1034	0.0	3	0 981 38 15
106	915	0.0	3	0 868 34 13
107	866	0.0	3	0 814 41 11
108	775	0.0	3	0 728 40 7
109	657	0.0	3	1 608 36 12
110	586	0.0	3	0 541 37 8
111	508	0.0	3	0 470 34 4
112	476	0.0	3	0 424 43 9
113	409	0.0	3	0 382 21 6
114	411	0.0	3	0 373 34 4
115	353	0.0	3	0 323 18 12
116	335	0.0	3	0 304 28 3
117	360	0.0	3	0 317 28 15
118	321	0.0	3	0 289 23 9
119	319	0.0	3	1 291 18 9
120	317	0.0	3	1 292 18 6
121	347	0.0	3	0 314 28 5
122	340	0.0	3	0 316 18 6
123	335	0.0	3	0 310 20 5
124	345	0.0	3	0 314 25 6
125	372	0.0	3	0 347 18 7
126	402	0.0	3	0 377 21 4
127	452	0.0	3	0 415 33 4
128	471	0.0	3	0 433 34 4
129	487	0.0	3	0 457 28 2
130	544	0.0	3	1 503 34 6
131	625	0.0	3	1 576 39 9
132	642	0.0	3	0 596 41 5
133	737	0.0	3	0 691 41 5
134	786	0.0	3	0 729 54 3
135	870	0.0	3	0 808 57 5
136	865	0.0	3	1 818 41 5
137	1046	0.0	3	0 969 69 8
138	998	0.0	3	0 932 63 3
139	921	0.0	3	1 861 55 4
140	1162	0.0	3	0 1070 90 2
141	1313	0.0	3	0 1218 90 5
142	744	0.0	3	0 637 100 7
143	879	0.0	3	0 727 148 4
144	951	0.0	3	0 770 176 5
145	985	0.0	3	0 807 166 12
146	1362	0.0	3	0 1046 306 10
147	1657	0.0	3	0 1039 593 25
148	2057	0.0	3	0 356 1640 61
149	6922	0.0	3	0 249 6447 226
150	22306	0.0	3	0 749 20838 719
