This is cutadapt 2.9 with Python 3.5.2
Command line parameters: --nextseq-trim 10 --minimum-length 25 --cores 4 -a AGATCGGAAGAGCACACGTCTGAACTCCAGTCAC -A AGATCGGAAGAGCGTCGTGTAGGGAAAGAGTGTA -o Pacuta_HTAC_TP3_1617_R1_TrimmingRound1.fastq.gz -p Pacuta_HTAC_TP3_1617_R2_TrimmingRound1.fastq.gz Pacuta_HTAC_TP3_1617_R1.fastq.gz Pacuta_HTAC_TP3_1617_R2.fastq.gz
Processing reads on 4 cores in paired-end mode ...
Finished in 564.99 s (36 us/read; 1.65 M reads/minute).

=== Summary ===

Total read pairs processed:         15,570,307
  Read 1 with adapter:               7,822,867 (50.2%)
  Read 2 with adapter:               7,358,733 (47.3%)
Pairs written (passing filters):    15,468,595 (99.3%)

Total basepairs processed: 4,671,092,100 bp
  Read 1: 2,335,546,050 bp
  Read 2: 2,335,546,050 bp
Quality-trimmed:              30,749,017 bp (0.7%)
  Read 1:     5,176,094 bp
  Read 2:    25,572,923 bp
Total written (filtered):  4,153,701,263 bp (88.9%)
  Read 1: 2,068,268,894 bp
  Read 2: 2,085,432,369 bp

=== First read: Adapter 1 ===

Sequence: AGATCGGAAGAGCACACGTCTGAACTCCAGTCAC; Type: regular 3'; Length: 34; Trimmed: 7822867 times

No. of allowed errors:
0-9 bp: 0; 10-19 bp: 1; 20-29 bp: 2; 30-34 bp: 3

Bases preceding removed adapters:
  A: 15.7%
  C: 39.9%
  G: 20.8%
  T: 23.6%
  none/other: 0.0%

Overview of removed sequences
length	count	expect	max.err	error counts
3	273503	243286.0	0	273503
4	144129	60821.5	0	144129
5	325764	15205.4	0	325764
8	106127	237.6	0	106127
9	209641	59.4	0	209641
10	547	14.8	1	0 547
11	254785	3.7	1	211834 42951
12	494	0.9	1	0 494
13	132505	0.2	1	109394 23111
14	136785	0.1	1	112736 24049
15	135117	0.0	1	111632 23485
16	142820	0.0	1	117424 25396
17	272566	0.0	1	225942 46624
18	1158	0.0	1	0 981 177
19	137392	0.0	1	112699 24137 556
20	136450	0.0	2	110262 24350 1838
21	275061	0.0	2	223573 47762 3726
22	1629	0.0	2	0 1166 463
23	140661	0.0	2	113170 25343 2148
24	145104	0.0	2	116325 26467 2312
25	145593	0.0	2	117104 26113 2376
26	147757	0.0	2	118087 27158 2512
27	145892	0.0	2	116383 26670 2839
28	147548	0.0	2	116614 28162 2690 82
29	279963	0.0	2	225387 50218 4138 220
30	2589	0.0	3	0 1637 641 311
31	142364	0.0	3	112421 26286 2623 1034
32	138145	0.0	3	109224 25549 2404 968
33	141477	0.0	3	111338 26650 2537 952
34	142405	0.0	3	111738 26910 2722 1035
35	144325	0.0	3	113877 26736 2789 923
36	150287	0.0	3	116206 29421 3319 1341
37	278061	0.0	3	221113 50606 4522 1820
38	3822	0.0	3	231 2626 767 198
39	264770	0.0	3	211342 47915 4014 1499
40	2313	0.0	3	79 1575 532 127
41	125886	0.0	3	100237 22981 1985 683
42	123273	0.0	3	97487 23139 1979 668
43	124956	0.0	3	98837 23258 2086 775
44	123004	0.0	3	97071 23103 2040 790
45	136328	0.0	3	107588 25499 2381 860
46	109999	0.0	3	86074 21375 1935 615
47	229113	0.0	3	182461 42093 3276 1283
48	2552	0.0	3	436 1447 520 149
49	106192	0.0	3	83969 19919 1687 617
50	102899	0.0	3	80569 20154 1632 544
51	185964	0.0	3	149089 33660 2332 883
52	4188	0.0	3	1828 1603 592 165
53	89346	0.0	3	70078 17500 1332 436
54	173405	0.0	3	138134 32071 2269 931
55	1995	0.0	3	408 1095 372 120
56	77606	0.0	3	61667 14526 1065 348
57	76997	0.0	3	60838 14706 1073 380
58	69543	0.0	3	54908 13342 938 355
59	65152	0.0	3	51230 12608 981 333
60	63091	0.0	3	49432 12456 917 286
61	100655	0.0	3	80056 19159 1045 395
62	1518	0.0	3	457 728 248 85
63	48662	0.0	3	38355 9423 697 187
64	42988	0.0	3	33672 8489 623 204
65	75377	0.0	3	60255 14030 839 253
66	1189	0.0	3	399 573 171 46
67	33483	0.0	3	26369 6531 424 159
68	31929	0.0	3	25089 6209 464 167
69	31250	0.0	3	24041 6624 463 122
70	85432	0.0	3	69008 15739 512 173
71	34924	0.0	3	27493 6892 415 124
72	20507	0.0	3	16010 4017 354 126
73	9629	0.0	3	7407 1943 204 75
74	7595	0.0	3	5772 1602 159 62
75	6958	0.0	3	5380 1414 117 47
76	6446	0.0	3	5003 1277 117 49
77	5747	0.0	3	4481 1152 77 37
78	4341	0.0	3	3358 897 59 27
79	3714	0.0	3	2902 721 65 26
80	3087	0.0	3	2378 650 41 18
81	2435	0.0	3	1912 466 35 22
82	2137	0.0	3	1640 450 37 10
83	1765	0.0	3	1383 345 32 5
84	1542	0.0	3	1214 296 27 5
85	1388	0.0	3	1055 296 24 13
86	1238	0.0	3	980 226 22 10
87	1066	0.0	3	828 207 22 9
88	966	0.0	3	756 192 12 6
89	737	0.0	3	587 133 9 8
90	681	0.0	3	533 132 12 4
91	568	0.0	3	440 116 7 5
92	476	0.0	3	369 91 14 2
93	387	0.0	3	293 84 7 3
94	338	0.0	3	250 79 6 3
95	318	0.0	3	248 64 5 1
96	241	0.0	3	182 57 0 2
97	205	0.0	3	152 50 3
98	202	0.0	3	155 40 4 3
99	165	0.0	3	127 34 4
100	159	0.0	3	122 29 7 1
101	121	0.0	3	90 26 5
102	107	0.0	3	79 20 8
103	87	0.0	3	59 17 8 3
104	57	0.0	3	42 7 5 3
105	51	0.0	3	41 8 2
106	45	0.0	3	34 7 4
107	39	0.0	3	29 6 3 1
108	35	0.0	3	24 9 1 1
109	37	0.0	3	21 6 8 2
110	27	0.0	3	18 1 8
111	42	0.0	3	21 7 13 1
112	39	0.0	3	21 4 14
113	15	0.0	3	8 1 6
114	19	0.0	3	5 3 11
115	31	0.0	3	8 1 22
116	19	0.0	3	3 2 14
117	14	0.0	3	6 0 8
118	17	0.0	3	3 1 13
119	20	0.0	3	1 1 18
120	31	0.0	3	7 0 24
121	26	0.0	3	6 1 19
122	27	0.0	3	7 1 17 2
123	25	0.0	3	1 1 23
124	30	0.0	3	1 1 26 2
125	27	0.0	3	2 0 24 1
126	40	0.0	3	1 1 35 3
127	34	0.0	3	4 1 28 1
128	30	0.0	3	3 0 26 1
129	36	0.0	3	1 0 31 4
130	33	0.0	3	0 1 32
131	41	0.0	3	6 0 34 1
132	62	0.0	3	3 0 56 3
133	56	0.0	3	3 0 52 1
134	71	0.0	3	1 2 68
135	74	0.0	3	2 1 69 2
136	80	0.0	3	2 0 77 1
137	97	0.0	3	0 3 93 1
138	113	0.0	3	1 1 107 4
139	100	0.0	3	0 4 94 2
140	109	0.0	3	0 1 104 4
141	136	0.0	3	0 3 125 8
142	167	0.0	3	1 5 159 2
143	188	0.0	3	2 6 170 10
144	207	0.0	3	1 3 195 8
145	228	0.0	3	1 0 219 8
146	284	0.0	3	4 1 267 12
147	374	0.0	3	3 7 355 9
148	630	0.0	3	0 7 603 20
149	1627	0.0	3	1 26 1552 48
150	3579	0.0	3	0 60 3399 120


=== Second read: Adapter 2 ===

Sequence: AGATCGGAAGAGCGTCGTGTAGGGAAAGAGTGTA; Type: regular 3'; Length: 34; Trimmed: 7358733 times

No. of allowed errors:
0-9 bp: 0; 10-19 bp: 1; 20-29 bp: 2; 30-34 bp: 3

Bases preceding removed adapters:
  A: 12.4%
  C: 40.8%
  G: 33.2%
  T: 13.6%
  none/other: 0.0%

Overview of removed sequences
length	count	expect	max.err	error counts
3	406753	243286.0	0	406753
4	161531	60821.5	0	161531
5	319095	15205.4	0	319095
8	102636	237.6	0	102636
9	201760	59.4	0	201760
10	664	14.8	1	0 664
11	235133	3.7	1	204277 30856
12	495	0.9	1	0 495
13	253561	0.2	1	217854 35707
14	346	0.1	1	0 346
15	124793	0.0	1	107846 16947
16	260197	0.0	1	224310 35887
17	540	0.0	1	0 540
18	241629	0.0	1	209825 31465 339
19	760	0.0	1	0 504 256
20	127014	0.0	2	106058 18676 2280
21	510432	0.0	2	429105 73354 7973
22	1834	0.0	2	0 1232 602
23	578	0.0	2	0 238 340
24	772	0.0	2	0 542 230
25	133112	0.0	2	110901 19694 2517
26	136147	0.0	2	111041 22113 2993
27	265133	0.0	2	218107 41509 5517
28	2298	0.0	2	0 1618 531 149
29	258950	0.0	2	211310 41702 5851 87
30	2460	0.0	3	0 1788 476 196
31	254113	0.0	3	206563 39566 5386 2598
32	2524	0.0	3	0 1898 443 183
33	256139	0.0	3	208010 40712 5294 2123
34	2197	0.0	3	34 942 885 336
35	130658	0.0	3	16 105839 21738 3065
36	132477	0.0	3	18 105986 21923 4550
37	252522	0.0	3	38 302 39956 212226
38	2069	0.0	3	5 66 1195 803
39	123058	0.0	3	26 244 19604 103184
40	120166	0.0	3	12 240 19738 100176
41	235829	0.0	3	56 468 37439 197866
42	2827	0.0	3	1 44 1734 1048
43	287260	0.0	3	46 533 41449 245232
44	2050	0.0	3	1 80 1241 728
45	112962	0.0	3	20 256 18166 94520
46	220196	0.0	3	42 444 33512 186198
47	5503	0.0	3	0 86 1450 3967
48	96651	0.0	3	8 183 15577 80883
49	142023	0.0	3	15 237 19510 122261
50	85601	0.0	3	14 202 14438 70947
51	147728	0.0	3	12 215 19451 128050
52	285164	0.0	3	48 439 40855 243822
53	2171	0.0	3	3 82 936 1150
54	1287	0.0	3	1 10 651 625
55	145657	0.0	3	33 205 26109 119310
56	1135	0.0	3	1 23 487 624
57	530	0.0	3	0 12 242 276
58	52391	0.0	3	12 87 9109 43183
59	72724	0.0	3	22 130 13544 59028
60	628	0.0	3	4 22 304 298
61	34978	0.0	3	5 53 6458 28462
62	68364	0.0	3	30 102 11692 56540
63	453	0.0	3	0 7 267 179
64	23430	0.0	3	9 57 4460 18904
65	26108	0.0	3	27 49 4666 21366
66	28723	0.0	3	6 85 4803 23829
67	23136	0.0	3	7 38 4236 18855
68	26311	0.0	3	3 57 4202 22049
69	21479	0.0	3	9 31 3708 17731
70	21174	0.0	3	6 34 3421 17713
71	17305	0.0	3	3 27 2892 14383
72	16390	0.0	3	5 33 2656 13696
73	15546	0.0	3	1 38 2378 13129
74	15433	0.0	3	2 26 2321 13084
75	19380	0.0	3	1 25 2486 16868
76	17524	0.0	3	3 23 2298 15200
77	9040	0.0	3	1 11 1454 7574
78	6449	0.0	3	8 16 1168 5257
79	5345	0.0	3	1 11 1084 4249
80	4795	0.0	3	3 9 991 3792
81	3845	0.0	3	1 6 778 3060
82	3208	0.0	3	1 9 642 2556
83	2766	0.0	3	0 5 526 2235
84	2382	0.0	3	1 2 435 1944
85	2147	0.0	3	0 3 414 1730
86	1671	0.0	3	0 2 339 1330
87	1308	0.0	3	0 2 287 1019
88	1101	0.0	3	0 1 234 866
89	963	0.0	3	0 2 214 747
90	748	0.0	3	0 1 165 582
91	640	0.0	3	0 1 152 487
92	518	0.0	3	0 1 119 398
93	445	0.0	3	0 1 107 337
94	345	0.0	3	0 2 87 256
95	341	0.0	3	0 1 91 249
96	266	0.0	3	0 2 61 203
97	196	0.0	3	0 0 53 143
98	175	0.0	3	0 0 47 128
99	165	0.0	3	0 0 45 120
100	151	0.0	3	0 0 38 113
101	134	0.0	3	0 1 31 102
102	94	0.0	3	0 0 22 72
103	117	0.0	3	0 0 27 90
104	58	0.0	3	0 0 18 40
105	63	0.0	3	0 1 21 41
106	47	0.0	3	0 0 16 31
107	39	0.0	3	0 0 9 30
108	31	0.0	3	0 1 12 18
109	39	0.0	3	0 0 7 32
110	31	0.0	3	0 0 10 21
111	39	0.0	3	0 0 10 29
112	33	0.0	3	0 0 8 25
113	16	0.0	3	0 0 2 14
114	18	0.0	3	0 0 3 15
115	17	0.0	3	0 0 3 14
116	13	0.0	3	0 0 3 10
117	7	0.0	3	0 0 0 7
118	13	0.0	3	0 0 2 11
119	5	0.0	3	0 0 0 5
120	9	0.0	3	0 0 0 9
121	8	0.0	3	0 0 2 6
122	12	0.0	3	0 0 3 9
123	9	0.0	3	0 0 1 8
124	13	0.0	3	0 0 1 12
125	8	0.0	3	0 0 0 8
126	21	0.0	3	0 0 2 19
127	11	0.0	3	0 0 3 8
128	30	0.0	3	0 0 2 28
129	21	0.0	3	0 0 2 19
130	37	0.0	3	0 0 0 37
131	44	0.0	3	0 0 0 44
132	44	0.0	3	0 0 0 44
133	66	0.0	3	0 0 2 64
134	60	0.0	3	0 0 4 56
135	62	0.0	3	0 0 0 62
136	65	0.0	3	0 0 1 64
137	76	0.0	3	0 0 0 76
138	104	0.0	3	0 0 2 102
139	107	0.0	3	0 0 1 106
140	118	0.0	3	0 0 2 116
141	131	0.0	3	0 0 4 127
142	151	0.0	3	0 0 4 147
143	170	0.0	3	0 0 4 166
144	194	0.0	3	0 0 5 189
145	211	0.0	3	0 0 5 206
146	270	0.0	3	0 0 5 265
147	323	0.0	3	0 0 4 319
148	513	0.0	3	0 0 11 502
149	1363	0.0	3	0 0 11 1352
150	4061	0.0	3	0 0 76 3985
