This is cutadapt 2.9 with Python 3.5.2
Command line parameters: --nextseq-trim 10 --minimum-length 25 --cores 4 -a AGATCGGAAGAGCACACGTCTGAACTCCAGTCAC -A AGATCGGAAGAGCGTCGTGTAGGGAAAGAGTGTA -o Pacuta_HTHC_TP7_1820_R1_TrimmingRound1.fastq.gz -p Pacuta_HTHC_TP7_1820_R2_TrimmingRound1.fastq.gz Pacuta_HTHC_TP7_1820_R1.fastq.gz Pacuta_HTHC_TP7_1820_R2.fastq.gz
Processing reads on 4 cores in paired-end mode ...
Finished in 668.85 s (41 us/read; 1.46 M reads/minute).

=== Summary ===

Total read pairs processed:         16,256,442
  Read 1 with adapter:               5,603,921 (34.5%)
  Read 2 with adapter:               5,489,257 (33.8%)
Pairs written (passing filters):    16,223,153 (99.8%)

Total basepairs processed: 4,876,932,600 bp
  Read 1: 2,438,466,300 bp
  Read 2: 2,438,466,300 bp
Quality-trimmed:              10,317,290 bp (0.2%)
  Read 1:     4,108,594 bp
  Read 2:     6,208,696 bp
Total written (filtered):  4,553,705,685 bp (93.4%)
  Read 1: 2,274,099,570 bp
  Read 2: 2,279,606,115 bp

=== First read: Adapter 1 ===

Sequence: AGATCGGAAGAGCACACGTCTGAACTCCAGTCAC; Type: regular 3'; Length: 34; Trimmed: 5603921 times

No. of allowed errors:
0-9 bp: 0; 10-19 bp: 1; 20-29 bp: 2; 30-34 bp: 3

Bases preceding removed adapters:
  A: 16.4%
  C: 34.9%
  G: 24.5%
  T: 24.2%
  none/other: 0.0%

Overview of removed sequences
length	count	expect	max.err	error counts
3	336381	254006.9	0	336381
4	155122	63501.7	0	155122
5	301261	15875.4	0	301261
8	96572	248.1	0	96572
9	190782	62.0	0	190782
10	319	15.5	1	0 319
11	226783	3.9	1	189099 37684
12	299	1.0	1	0 299
13	112886	0.2	1	93894 18992
14	113455	0.1	1	93930 19525
15	113108	0.0	1	93433 19675
16	113002	0.0	1	93436 19566
17	220835	0.0	1	181849 38986
18	674	0.0	1	0 576 98
19	109127	0.0	1	89968 18883 276
20	110862	0.0	2	89483 19867 1512
21	217253	0.0	2	176441 38056 2756
22	1151	0.0	2	0 857 294
23	109397	0.0	2	88372 19351 1674
24	109425	0.0	2	87892 19883 1650
25	107565	0.0	2	86444 19332 1789
26	106040	0.0	2	85129 19157 1754
27	103858	0.0	2	82955 19043 1860
28	104022	0.0	2	82999 19180 1783 60
29	197790	0.0	2	159811 34798 2920 261
30	1802	0.0	3	0 1080 470 252
31	98602	0.0	3	78604 17914 1608 476
32	98666	0.0	3	77968 18278 1904 516
33	97426	0.0	3	76654 18400 1858 514
34	186601	0.0	3	148737 33754 3191 919
35	2421	0.0	3	174 1741 424 82
36	177634	0.0	3	142271 31863 2752 748
37	1646	0.0	3	119 1084 357 86
38	85439	0.0	3	67626 15865 1534 414
39	83466	0.0	3	66177 15493 1419 377
40	81964	0.0	3	64972 15246 1377 369
41	80167	0.0	3	63722 14671 1400 374
42	77401	0.0	3	61238 14423 1318 422
43	75125	0.0	3	59714 13732 1314 365
44	72986	0.0	3	58255 13215 1161 355
45	73435	0.0	3	58137 13673 1276 349
46	67055	0.0	3	53519 12182 1086 268
47	128055	0.0	3	103401 22459 1720 475
48	1307	0.0	3	172 828 237 70
49	59271	0.0	3	47432 10615 950 274
50	57253	0.0	3	45273 10840 913 227
51	103447	0.0	3	83612 18139 1349 347
52	1180	0.0	3	169 703 268 40
53	48923	0.0	3	39068 8977 691 187
54	89298	0.0	3	72240 15667 1100 291
55	856	0.0	3	115 543 162 36
56	41343	0.0	3	33234 7391 584 134
57	38642	0.0	3	31012 6967 510 153
58	35819	0.0	3	28522 6635 522 140
59	32463	0.0	3	25887 5979 485 112
60	30668	0.0	3	24354 5757 454 103
61	52499	0.0	3	42337 9350 649 163
62	591	0.0	3	93 363 109 26
63	23610	0.0	3	18910 4276 338 86
64	22265	0.0	3	17613 4264 303 85
65	37556	0.0	3	30219 6738 488 111
66	424	0.0	3	61 261 85 17
67	16417	0.0	3	12999 3114 249 55
68	14829	0.0	3	11749 2816 223 41
69	13213	0.0	3	10525 2458 182 48
70	11597	0.0	3	9212 2168 165 52
71	10498	0.0	3	8366 1953 145 34
72	11159	0.0	3	8933 2039 149 38
73	8042	0.0	3	6391 1497 125 29
74	7510	0.0	3	6065 1349 69 27
75	6754	0.0	3	5402 1236 95 21
76	5717	0.0	3	4492 1113 86 26
77	5521	0.0	3	4426 1017 68 10
78	4318	0.0	3	3431 813 62 12
79	3810	0.0	3	3013 738 44 15
80	3310	0.0	3	2643 612 39 16
81	3044	0.0	3	2436 562 31 15
82	2650	0.0	3	2077 533 32 8
83	2215	0.0	3	1801 374 31 9
84	2032	0.0	3	1583 408 34 7
85	1702	0.0	3	1364 317 18 3
86	1519	0.0	3	1261 237 19 2
87	1349	0.0	3	1059 250 35 5
88	1201	0.0	3	949 232 15 5
89	969	0.0	3	779 172 12 6
90	875	0.0	3	702 156 13 4
91	761	0.0	3	601 146 11 3
92	666	0.0	3	525 124 16 1
93	512	0.0	3	403 97 9 3
94	483	0.0	3	394 82 7
95	393	0.0	3	314 74 3 2
96	331	0.0	3	271 54 3 3
97	284	0.0	3	225 53 3 3
98	287	0.0	3	238 46 2 1
99	248	0.0	3	201 44 3
100	220	0.0	3	162 55 2 1
101	176	0.0	3	136 40
102	135	0.0	3	100 31 3 1
103	103	0.0	3	81 22
104	103	0.0	3	85 16 2
105	76	0.0	3	61 14 1
106	78	0.0	3	59 17 2
107	54	0.0	3	35 16 3
108	50	0.0	3	33 15 1 1
109	53	0.0	3	42 10 1
110	42	0.0	3	32 9 1
111	59	0.0	3	45 10 1 3
112	77	0.0	3	67 9 1
113	19	0.0	3	15 3 1
114	16	0.0	3	12 3 1
115	15	0.0	3	11 4
116	16	0.0	3	10 3 2 1
117	7	0.0	3	4 2 1
118	12	0.0	3	7 2 3
119	22	0.0	3	16 2 3 1
120	11	0.0	3	7 1 3
121	6	0.0	3	3 0 3
122	15	0.0	3	12 0 2 1
123	8	0.0	3	2 3 3
124	12	0.0	3	7 2 3
125	14	0.0	3	5 1 6 2
126	10	0.0	3	4 2 4
127	8	0.0	3	2 1 5
128	14	0.0	3	6 2 6
129	11	0.0	3	6 1 3 1
130	20	0.0	3	5 1 14
131	14	0.0	3	5 2 7
132	20	0.0	3	5 4 11
133	20	0.0	3	6 1 13
134	19	0.0	3	3 3 13
135	19	0.0	3	5 1 11 2
136	32	0.0	3	4 4 24
137	28	0.0	3	7 0 21
138	41	0.0	3	9 3 29
139	38	0.0	3	3 2 29 4
140	48	0.0	3	4 1 41 2
141	59	0.0	3	4 3 52
142	80	0.0	3	3 5 69 3
143	132	0.0	3	4 11 111 6
144	182	0.0	3	7 6 166 3
145	180	0.0	3	7 5 159 9
146	372	0.0	3	2 13 347 10
147	1064	0.0	3	8 37 988 31
148	2750	0.0	3	8 112 2531 99
149	8263	0.0	3	9 343 7630 281
150	19607	0.0	3	17 810 18102 678


=== Second read: Adapter 2 ===

Sequence: AGATCGGAAGAGCGTCGTGTAGGGAAAGAGTGTA; Type: regular 3'; Length: 34; Trimmed: 5489257 times

No. of allowed errors:
0-9 bp: 0; 10-19 bp: 1; 20-29 bp: 2; 30-34 bp: 3

Bases preceding removed adapters:
  A: 15.9%
  C: 32.9%
  G: 38.3%
  T: 12.8%
  none/other: 0.1%

Overview of removed sequences
length	count	expect	max.err	error counts
3	471712	254006.9	0	471712
4	170252	63501.7	0	170252
5	271709	15875.4	0	271709
8	84936	248.1	0	84936
9	165810	62.0	0	165810
10	1059	15.5	1	0 1059
11	216861	3.9	1	164871 51990
12	761	1.0	1	0 761
13	218097	0.2	1	165449 52648
14	538	0.1	1	0 538
15	106246	0.0	1	79955 26291
16	213851	0.0	1	160795 53056
17	632	0.0	1	0 632
18	201778	0.0	1	151953 49176 649
19	958	0.0	1	0 549 409
20	107163	0.0	2	76670 26253 4240
21	411972	0.0	2	299194 99274 13504
22	2187	0.0	2	0 1280 907
23	1062	0.0	2	0 377 685
24	940	0.0	2	0 513 427
25	101871	0.0	2	72731 25280 3860
26	101708	0.0	2	71720 25746 4242
27	195124	0.0	2	139703 47373 8048
28	1906	0.0	2	0 1179 620 107
29	190186	0.0	2	135359 47000 7764 63
30	2242	0.0	3	0 1360 603 279
31	184082	0.0	3	130351 43669 6507 3555
32	1662	0.0	3	0 833 509 320
33	92466	0.0	3	63987 22754 3961 1764
34	91360	0.0	3	62346 23035 4124 1855
35	176249	0.0	3	122989 42722 7284 3254
36	1756	0.0	3	154 885 490 227
37	83463	0.0	3	57743 20772 3406 1542
38	82487	0.0	3	56529 20592 3742 1624
39	84230	0.0	3	56820 21200 4151 2059
40	224278	0.0	3	157830 54244 8421 3783
41	1638	0.0	3	307 673 413 245
42	1784	0.0	3	390 843 384 167
43	138062	0.0	3	97664 33214 4892 2292
44	1533	0.0	3	285 733 345 170
45	68990	0.0	3	47773 17089 2848 1280
46	126216	0.0	3	88484 30776 4839 2117
47	1540	0.0	3	310 699 370 161
48	61293	0.0	3	42799 14961 2440 1093
49	56981	0.0	3	39808 13849 2312 1012
50	54482	0.0	3	37640 13663 2189 990
51	52718	0.0	3	36694 12942 2098 984
52	139621	0.0	3	98872 33277 5105 2367
53	1205	0.0	3	260 448 322 175
54	1584	0.0	3	327 798 319 140
55	116392	0.0	3	83006 27958 3833 1595
56	963	0.0	3	249 371 199 144
57	630	0.0	3	136 256 171 67
58	34337	0.0	3	24024 8453 1314 546
59	59087	0.0	3	42077 14156 1979 875
60	691	0.0	3	152 299 178 62
61	27102	0.0	3	19013 6677 970 442
62	47217	0.0	3	33511 11414 1649 643
63	525	0.0	3	108 262 115 40
64	20572	0.0	3	14577 5009 703 283
65	19200	0.0	3	13616 4649 645 290
66	17523	0.0	3	12370 4334 571 248
67	15954	0.0	3	11238 3900 581 235
68	14316	0.0	3	10045 3531 531 209
69	12729	0.0	3	9094 3019 423 193
70	11238	0.0	3	7834 2843 401 160
71	10102	0.0	3	7241 2377 340 144
72	8909	0.0	3	6325 2159 279 146
73	7851	0.0	3	5597 1866 281 107
74	7257	0.0	3	5230 1661 255 111
75	6356	0.0	3	4528 1496 213 119
76	7186	0.0	3	5115 1728 237 106
77	5236	0.0	3	3702 1299 163 72
78	4524	0.0	3	3216 1097 152 59
79	3835	0.0	3	2751 909 123 52
80	3493	0.0	3	2513 835 116 29
81	2819	0.0	3	2022 685 73 39
82	2591	0.0	3	1858 614 84 35
83	2139	0.0	3	1528 518 59 34
84	1913	0.0	3	1337 495 60 21
85	1739	0.0	3	1257 386 62 34
86	1535	0.0	3	1155 320 42 18
87	1337	0.0	3	951 321 50 15
88	1101	0.0	3	814 249 29 9
89	1028	0.0	3	723 253 36 16
90	836	0.0	3	602 190 31 13
91	706	0.0	3	493 180 24 9
92	651	0.0	3	447 170 24 10
93	505	0.0	3	362 117 16 10
94	422	0.0	3	296 103 17 6
95	418	0.0	3	298 99 13 8
96	329	0.0	3	224 86 12 7
97	299	0.0	3	197 77 14 11
98	286	0.0	3	198 61 21 6
99	230	0.0	3	171 45 12 2
100	196	0.0	3	132 57 3 4
101	185	0.0	3	124 49 9 3
102	134	0.0	3	90 35 6 3
103	109	0.0	3	71 33 4 1
104	106	0.0	3	65 27 10 4
105	82	0.0	3	52 28 2
106	77	0.0	3	52 21 3 1
107	59	0.0	3	37 15 6 1
108	70	0.0	3	52 6 7 5
109	64	0.0	3	38 18 8
110	46	0.0	3	27 8 7 4
111	63	0.0	3	43 10 8 2
112	78	0.0	3	55 14 7 2
113	30	0.0	3	11 9 9 1
114	27	0.0	3	16 5 4 2
115	24	0.0	3	13 4 6 1
116	30	0.0	3	12 13 3 2
117	19	0.0	3	7 4 6 2
118	18	0.0	3	12 1 3 2
119	25	0.0	3	13 2 6 4
120	21	0.0	3	6 5 7 3
121	13	0.0	3	8 2 1 2
122	21	0.0	3	11 1 5 4
123	21	0.0	3	10 4 4 3
124	17	0.0	3	7 5 5
125	19	0.0	3	9 6 2 2
126	10	0.0	3	2 1 5 2
127	17	0.0	3	4 3 10
128	22	0.0	3	8 2 10 2
129	18	0.0	3	9 0 8 1
130	20	0.0	3	7 2 9 2
131	13	0.0	3	3 2 7 1
132	12	0.0	3	5 1 5 1
133	26	0.0	3	5 2 17 2
134	28	0.0	3	4 3 19 2
135	31	0.0	3	7 1 20 3
136	28	0.0	3	2 6 20
137	30	0.0	3	3 4 20 3
138	34	0.0	3	7 2 21 4
139	43	0.0	3	3 4 29 7
140	44	0.0	3	3 2 33 6
141	75	0.0	3	5 3 62 5
142	99	0.0	3	3 6 82 8
143	168	0.0	3	4 8 143 13
144	234	0.0	3	2 12 201 19
145	224	0.0	3	4 16 187 17
146	355	0.0	3	2 13 315 25
147	828	0.0	3	3 31 749 45
148	2145	0.0	3	2 81 1930 132
149	7476	0.0	3	5 286 6711 474
150	20373	0.0	3	14 854 18373 1132
