This is cutadapt 2.9 with Python 3.5.2
Command line parameters: --nextseq-trim 10 --minimum-length 25 --cores 4 -a AGATCGGAAGAGCACACGTCTGAACTCCAGTCAC -A AGATCGGAAGAGCGTCGTGTAGGGAAAGAGTGTA -o Pacuta_HTAC_TP4_1701_R1_TrimmingRound1.fastq.gz -p Pacuta_HTAC_TP4_1701_R2_TrimmingRound1.fastq.gz Pacuta_HTAC_TP4_1701_R1.fastq.gz Pacuta_HTAC_TP4_1701_R2.fastq.gz
Processing reads on 4 cores in paired-end mode ...
Finished in 791.00 s (40 us/read; 1.52 M reads/minute).

=== Summary ===

Total read pairs processed:         19,977,535
  Read 1 with adapter:               7,212,411 (36.1%)
  Read 2 with adapter:               7,390,532 (37.0%)
Pairs written (passing filters):    19,916,494 (99.7%)

Total basepairs processed: 5,993,260,500 bp
  Read 1: 2,996,630,250 bp
  Read 2: 2,996,630,250 bp
Quality-trimmed:              11,751,672 bp (0.2%)
  Read 1:     4,933,420 bp
  Read 2:     6,818,252 bp
Total written (filtered):  5,413,755,563 bp (90.3%)
  Read 1: 2,707,231,636 bp
  Read 2: 2,706,523,927 bp

=== First read: Adapter 1 ===

Sequence: AGATCGGAAGAGCACACGTCTGAACTCCAGTCAC; Type: regular 3'; Length: 34; Trimmed: 7212411 times

No. of allowed errors:
0-9 bp: 0; 10-19 bp: 1; 20-29 bp: 2; 30-34 bp: 3

Bases preceding removed adapters:
  A: 18.6%
  C: 28.3%
  G: 34.5%
  T: 18.4%
  none/other: 0.2%

Overview of removed sequences
length	count	expect	max.err	error counts
3	373380	312149.0	0	373380
4	155392	78037.2	0	155392
5	274834	19509.3	0	274834
8	87310	304.8	0	87310
9	175151	76.2	0	175151
10	532	19.1	1	0 532
11	178833	4.8	1	175684 3149
12	510	1.2	1	0 510
13	91594	0.3	1	89522 2072
14	90940	0.1	1	88664 2276
15	91057	0.0	1	88738 2319
16	91104	0.0	1	88355 2749
17	180918	0.0	1	176240 4678
18	647	0.0	1	0 586 61
19	91904	0.0	1	89077 2726 101
20	92724	0.0	2	88952 3498 274
21	184261	0.0	2	178229 5481 551
22	904	0.0	2	0 829 75
23	94044	0.0	2	90436 3249 359
24	93667	0.0	2	89899 3408 360
25	93482	0.0	2	89516 3604 362
26	93004	0.0	2	89038 3618 348
27	91996	0.0	2	87799 3683 514
28	94349	0.0	2	89299 4636 320 94
29	185842	0.0	2	178213 6830 662 137
30	1451	0.0	3	0 1036 165 250
31	94580	0.0	3	89604 4356 488 132
32	94395	0.0	3	89217 4579 430 169
33	94946	0.0	3	89473 4922 469 82
34	95227	0.0	3	89066 5630 408 123
35	187316	0.0	3	178386 8019 741 170
36	1565	0.0	3	99 1286 142 38
37	93850	0.0	3	88721 4568 441 120
38	93403	0.0	3	88097 4767 418 121
39	93739	0.0	3	88481 4753 408 97
40	93079	0.0	3	87720 4845 417 97
41	94506	0.0	3	89158 4837 411 100
42	92679	0.0	3	87480 4668 417 114
43	93449	0.0	3	88193 4768 400 88
44	94186	0.0	3	88737 4900 396 153
45	95394	0.0	3	89951 4885 459 99
46	92491	0.0	3	86674 5392 334 91
47	180392	0.0	3	172115 7571 563 143
48	1710	0.0	3	213 1329 110 58
49	89617	0.0	3	84885 4286 379 67
50	90445	0.0	3	84905 5206 260 74
51	176515	0.0	3	168727 7168 466 154
52	1720	0.0	3	271 1206 218 25
53	89861	0.0	3	84603 4895 285 78
54	176143	0.0	3	168188 7299 514 142
55	1639	0.0	3	249 1237 117 36
56	86770	0.0	3	82104 4340 250 76
57	86141	0.0	3	81198 4575 297 71
58	84395	0.0	3	79696 4324 284 91
59	82147	0.0	3	77434 4324 345 44
60	81717	0.0	3	76524 4868 251 74
61	157847	0.0	3	150617 6699 438 93
62	1607	0.0	3	283 1155 118 51
63	78511	0.0	3	74385 3761 319 46
64	77928	0.0	3	73102 4518 253 55
65	148352	0.0	3	141551 6259 456 86
66	1448	0.0	3	239 1063 126 20
67	71037	0.0	3	67385 3336 254 62
68	68948	0.0	3	65019 3611 261 57
69	66351	0.0	3	62755 3268 260 68
70	62760	0.0	3	59291 3188 232 49
71	60907	0.0	3	57555 3100 211 41
72	72488	0.0	3	68872 3329 239 48
73	55734	0.0	3	52788 2672 206 68
74	54778	0.0	3	51875 2664 195 44
75	51734	0.0	3	49048 2460 185 41
76	49743	0.0	3	47178 2400 134 31
77	44739	0.0	3	42321 2222 160 36
78	40160	0.0	3	38066 1969 104 21
79	37002	0.0	3	35000 1857 114 31
80	33850	0.0	3	32044 1682 100 24
81	31529	0.0	3	29907 1501 101 20
82	28279	0.0	3	26824 1352 78 25
83	25760	0.0	3	24465 1212 65 18
84	22525	0.0	3	21376 1075 52 22
85	20396	0.0	3	19323 1003 55 15
86	18547	0.0	3	17608 861 63 15
87	16767	0.0	3	15925 792 33 17
88	15397	0.0	3	14634 718 37 8
89	12915	0.0	3	12224 642 40 9
90	11375	0.0	3	10835 513 21 6
91	10141	0.0	3	9665 430 36 10
92	8620	0.0	3	8210 377 29 4
93	6877	0.0	3	6529 323 20 5
94	5736	0.0	3	5431 285 18 2
95	5123	0.0	3	4873 233 13 4
96	3942	0.0	3	3724 201 11 6
97	3689	0.0	3	3504 167 11 7
98	3335	0.0	3	3149 166 16 4
99	2892	0.0	3	2733 149 8 2
100	2534	0.0	3	2402 115 13 4
101	2144	0.0	3	2026 112 5 1
102	1789	0.0	3	1697 82 8 2
103	1263	0.0	3	1191 67 3 2
104	1018	0.0	3	965 45 4 4
105	891	0.0	3	842 46 1 2
106	824	0.0	3	774 42 5 3
107	712	0.0	3	669 38 3 2
108	661	0.0	3	633 22 5 1
109	593	0.0	3	560 27 3 3
110	586	0.0	3	555 31
111	481	0.0	3	454 21 3 3
112	465	0.0	3	428 33 4
113	387	0.0	3	364 20 2 1
114	363	0.0	3	336 22 5
115	359	0.0	3	330 26 0 3
116	387	0.0	3	350 34 3
117	376	0.0	3	358 17 1
118	317	0.0	3	295 16 4 2
119	397	0.0	3	372 20 4 1
120	397	0.0	3	369 26 1 1
121	384	0.0	3	357 26 1
122	429	0.0	3	409 16 4
123	443	0.0	3	414 28 0 1
124	464	0.0	3	429 34 1
125	517	0.0	3	483 29 4 1
126	618	0.0	3	580 36 1 1
127	625	0.0	3	585 38 2
128	738	0.0	3	677 59 2
129	787	0.0	3	735 49 3
130	836	0.0	3	779 54 2 1
131	902	0.0	3	849 49 4
132	1016	0.0	3	952 58 5 1
133	1083	0.0	3	1006 72 5
134	1222	0.0	3	1141 75 5 1
135	1345	0.0	3	1272 69 3 1
136	1468	0.0	3	1362 103 2 1
137	1474	0.0	3	1358 110 6
138	1348	0.0	3	1229 112 7
139	1410	0.0	3	1273 132 3 2
140	1675	0.0	3	1516 153 5 1
141	1752	0.0	3	1588 156 7 1
142	1139	0.0	3	1003 127 7 2
143	1172	0.0	3	958 203 10 1
144	1317	0.0	3	1033 270 12 2
145	1330	0.0	3	1034 279 17
146	1776	0.0	3	1243 504 26 3
147	2263	0.0	3	1086 1102 70 5
148	3162	0.0	3	345 2664 149 4
149	8614	0.0	3	172 7990 430 22
150	20542	0.0	3	489 18968 1039 46


=== Second read: Adapter 2 ===

Sequence: AGATCGGAAGAGCGTCGTGTAGGGAAAGAGTGTA; Type: regular 3'; Length: 34; Trimmed: 7390532 times

No. of allowed errors:
0-9 bp: 0; 10-19 bp: 1; 20-29 bp: 2; 30-34 bp: 3

Bases preceding removed adapters:
  A: 18.3%
  C: 26.7%
  G: 44.0%
  T: 10.8%
  none/other: 0.2%

Overview of removed sequences
length	count	expect	max.err	error counts
3	530514	312149.0	0	530514
4	187101	78037.2	0	187101
5	278128	19509.3	0	278128
8	87265	304.8	0	87265
9	174993	76.2	0	174993
10	715	19.1	1	0 715
11	178825	4.8	1	175782 3043
12	637	1.2	1	0 637
13	182204	0.3	1	178390 3814
14	476	0.1	1	0 476
15	90683	0.0	1	88319 2364
16	181495	0.0	1	176469 5026
17	755	0.0	1	0 755
18	180336	0.0	1	175527 4642 167
19	810	0.0	1	0 529 281
20	93175	0.0	2	88618 4136 421
21	369190	0.0	2	355474 12197 1519
22	975	0.0	2	0 876 99
23	468	0.0	2	0 93 375
24	689	0.0	2	0 570 119
25	93084	0.0	2	88476 4044 564
26	93323	0.0	2	88127 4683 513
27	183791	0.0	2	175213 7233 1345
28	1554	0.0	2	0 1382 112 60
29	185978	0.0	2	176912 7892 1151 23
30	1738	0.0	3	0 1570 111 57
31	186519	0.0	3	176675 8229 1122 493
32	1288	0.0	3	0 986 208 94
33	94547	0.0	3	88493 4548 1221 285
34	93821	0.0	3	12 87968 5176 665
35	95568	0.0	3	28 88806 4973 1761
36	185705	0.0	3	10 117 175643 9935
37	1813	0.0	3	2 10 147 1654
38	185120	0.0	3	34 103 175028 9955
39	1172	0.0	3	7 6 98 1061
40	93234	0.0	3	21 89 87307 5817
41	185440	0.0	3	22 132 175160 10126
42	1686	0.0	3	0 7 226 1453
43	184682	0.0	3	51 109 174743 9779
44	1411	0.0	3	0 2 296 1113
45	94082	0.0	3	32 109 88094 5847
46	181984	0.0	3	60 195 172515 9214
47	1340	0.0	3	0 3 267 1070
48	90595	0.0	3	14 93 85324 5164
49	89648	0.0	3	5 99 84384 5160
50	89481	0.0	3	10 41 84060 5370
51	90159	0.0	3	15 38 84045 6061
52	265669	0.0	3	91 221 251800 13557
53	1221	0.0	3	0 5 431 785
54	1858	0.0	3	0 2 192 1664
55	257730	0.0	3	145 503 245368 11714
56	1037	0.0	3	0 8 419 610
57	747	0.0	3	0 23 89 635
58	84488	0.0	3	4 77 79814 4593
59	161212	0.0	3	45 93 153722 7352
60	1185	0.0	3	0 3 276 906
61	80901	0.0	3	23 60 76365 4453
62	156372	0.0	3	81 165 149393 6733
63	1137	0.0	3	1 5 258 873
64	76528	0.0	3	45 150 72771 3562
65	75899	0.0	3	7 120 71944 3828
66	74117	0.0	3	24 99 70346 3648
67	71219	0.0	3	7 27 67604 3581
68	68872	0.0	3	24 49 65425 3374
69	66264	0.0	3	22 40 62886 3316
70	62592	0.0	3	7 76 59454 3055
71	60606	0.0	3	5 43 57636 2922
72	57907	0.0	3	3 24 55059 2821
73	55710	0.0	3	18 24 53132 2536
74	53383	0.0	3	20 22 50872 2469
75	50913	0.0	3	14 63 48420 2416
76	57162	0.0	3	8 95 54303 2756
77	46669	0.0	3	5 57 44485 2122
78	41415	0.0	3	1 11 39581 1822
79	38438	0.0	3	5 29 36649 1755
80	36798	0.0	3	10 15 35122 1651
81	31470	0.0	3	8 18 30026 1418
82	28598	0.0	3	8 23 27286 1281
83	25267	0.0	3	9 12 24139 1107
84	22918	0.0	3	2 10 21815 1091
85	21292	0.0	3	4 33 20358 897
86	18312	0.0	3	3 19 17488 802
87	17085	0.0	3	1 16 16345 723
88	15160	0.0	3	3 15 14486 656
89	13664	0.0	3	5 8 13060 591
90	11686	0.0	3	1 1 11095 589
91	10119	0.0	3	0 3 9615 501
92	8463	0.0	3	1 3 8096 363
93	6930	0.0	3	2 5 6594 329
94	5814	0.0	3	2 1 5557 254
95	5007	0.0	3	2 2 4763 240
96	4155	0.0	3	0 5 3938 212
97	3549	0.0	3	0 0 3360 189
98	3391	0.0	3	1 2 3221 167
99	2830	0.0	3	1 3 2687 139
100	2521	0.0	3	0 2 2399 120
101	2195	0.0	3	0 1 2072 122
102	1658	0.0	3	0 0 1561 97
103	1341	0.0	3	0 2 1259 80
104	1137	0.0	3	1 2 1056 78
105	925	0.0	3	0 0 877 48
106	814	0.0	3	1 0 756 57
107	792	0.0	3	0 0 749 43
108	694	0.0	3	0 1 656 37
109	605	0.0	3	0 2 569 34
110	645	0.0	3	0 1 590 54
111	542	0.0	3	0 0 498 44
112	463	0.0	3	0 1 415 47
113	407	0.0	3	0 0 364 43
114	353	0.0	3	0 0 325 28
115	429	0.0	3	0 1 392 36
116	402	0.0	3	0 0 373 29
117	405	0.0	3	1 3 369 32
118	371	0.0	3	0 0 346 25
119	375	0.0	3	0 0 351 24
120	372	0.0	3	0 0 345 27
121	427	0.0	3	0 0 400 27
122	470	0.0	3	0 0 431 39
123	450	0.0	3	0 0 418 32
124	464	0.0	3	0 0 438 26
125	517	0.0	3	0 0 490 27
126	590	0.0	3	0 1 547 42
127	619	0.0	3	0 0 579 40
128	699	0.0	3	0 1 656 42
129	769	0.0	3	0 1 719 49
130	852	0.0	3	1 1 797 53
131	856	0.0	3	0 1 801 54
132	983	0.0	3	0 2 918 63
133	1086	0.0	3	0 0 1029 57
134	1200	0.0	3	0 2 1133 65
135	1369	0.0	3	0 1 1294 74
136	1353	0.0	3	0 0 1267 86
137	1498	0.0	3	0 0 1408 90
138	1350	0.0	3	0 1 1264 85
139	1368	0.0	3	0 0 1277 91
140	1685	0.0	3	0 1 1575 109
141	1799	0.0	3	1 1 1696 101
142	1128	0.0	3	0 0 988 140
143	1164	0.0	3	0 1 1000 163
144	1221	0.0	3	0 0 1014 207
145	1298	0.0	3	0 0 1111 187
146	1578	0.0	3	0 3 1216 359
147	1884	0.0	3	0 3 1203 678
148	2222	0.0	3	0 0 386 1836
149	7070	0.0	3	0 3 158 6909
150	23161	0.0	3	1 8 576 22576
