This is cutadapt 2.9 with Python 3.5.2
Command line parameters: -G G{20} -e 0.0 -n 10 --minimum-length 25 --cores 4 -o Pacuta_ATAC_TP7_2413_R1_TrimmingRound2.fastq.gz -p Pacuta_ATAC_TP7_2413_R2_TrimmingRound2.fastq.gz Pacuta_ATAC_TP7_2413_R1_TrimmingRound1.fastq.gz Pacuta_ATAC_TP7_2413_R2_TrimmingRound1.fastq.gz
Processing reads on 4 cores in paired-end mode ...
Finished in 567.01 s (30 us/read; 2.01 M reads/minute).

=== Summary ===

Total read pairs processed:         18,949,186
  Read 1 with adapter:                       0 (0.0%)
  Read 2 with adapter:                 330,660 (1.7%)
Pairs written (passing filters):    18,949,169 (100.0%)

Total basepairs processed: 5,261,911,066 bp
  Read 1: 2,626,767,480 bp
  Read 2: 2,635,143,586 bp
Total written (filtered):  5,260,817,776 bp (100.0%)
  Read 1: 2,626,765,244 bp
  Read 2: 2,634,052,532 bp

=== Second read: Adapter 1 ===

Sequence: GGGGGGGGGGGGGGGGGGGG; Type: regular 5'; Length: 20; Trimmed: 330708 times

No. of allowed errors:
0-20 bp: 0

Overview of removed sequences
length	count	expect	max.err	error counts
3	259190	296081.0	0	259190
4	57902	74020.3	0	57902
5	10782	18505.1	0	10782
6	1855	4626.3	0	1855
7	526	1156.6	0	526
8	177	289.1	0	177
9	77	72.3	0	77
10	32	18.1	0	32
11	12	4.5	0	12
12	15	1.1	0	15
13	7	0.3	0	7
14	3	0.1	0	3
15	1	0.0	0	1
16	2	0.0	0	2
20	3	0.0	0	3
21	1	0.0	0	1
22	1	0.0	0	1
25	2	0.0	0	2
26	1	0.0	0	1
28	3	0.0	0	3
29	1	0.0	0	1
31	1	0.0	0	1
33	1	0.0	0	1
34	1	0.0	0	1
35	2	0.0	0	2
36	3	0.0	0	3
38	2	0.0	0	2
39	3	0.0	0	3
42	2	0.0	0	2
44	2	0.0	0	2
46	1	0.0	0	1
48	1	0.0	0	1
50	1	0.0	0	1
53	2	0.0	0	2
54	1	0.0	0	1
55	1	0.0	0	1
57	1	0.0	0	1
58	1	0.0	0	1
60	1	0.0	0	1
62	1	0.0	0	1
63	3	0.0	0	3
64	2	0.0	0	2
65	1	0.0	0	1
66	1	0.0	0	1
67	2	0.0	0	2
71	1	0.0	0	1
72	2	0.0	0	2
73	2	0.0	0	2
74	1	0.0	0	1
75	2	0.0	0	2
76	2	0.0	0	2
77	2	0.0	0	2
78	2	0.0	0	2
80	2	0.0	0	2
82	1	0.0	0	1
84	1	0.0	0	1
85	1	0.0	0	1
86	1	0.0	0	1
87	1	0.0	0	1
88	3	0.0	0	3
89	1	0.0	0	1
90	4	0.0	0	4
92	3	0.0	0	3
93	2	0.0	0	2
94	2	0.0	0	2
96	1	0.0	0	1
97	1	0.0	0	1
98	1	0.0	0	1
99	2	0.0	0	2
100	1	0.0	0	1
101	1	0.0	0	1
102	1	0.0	0	1
103	2	0.0	0	2
105	1	0.0	0	1
107	1	0.0	0	1
108	1	0.0	0	1
109	1	0.0	0	1
111	4	0.0	0	4
112	2	0.0	0	2
113	2	0.0	0	2
115	2	0.0	0	2
116	2	0.0	0	2
117	1	0.0	0	1
120	1	0.0	0	1
122	1	0.0	0	1
126	4	0.0	0	4
127	1	0.0	0	1
128	1	0.0	0	1
132	1	0.0	0	1
133	1	0.0	0	1
134	3	0.0	0	3
138	1	0.0	0	1
146	1	0.0	0	1
