This is cutadapt 2.9 with Python 3.5.2
Command line parameters: --nextseq-trim 10 --minimum-length 25 --cores 4 -a AGATCGGAAGAGCACACGTCTGAACTCCAGTCAC -A AGATCGGAAGAGCGTCGTGTAGGGAAAGAGTGTA -o Pacuta_HTHC_TP1_1239_R1_TrimmingRound1.fastq.gz -p Pacuta_HTHC_TP1_1239_R2_TrimmingRound1.fastq.gz Pacuta_HTHC_TP1_1239_R1.fastq.gz Pacuta_HTHC_TP1_1239_R2.fastq.gz
Processing reads on 4 cores in paired-end mode ...
Finished in 534.61 s (37 us/read; 1.61 M reads/minute).

=== Summary ===

Total read pairs processed:         14,375,134
  Read 1 with adapter:               6,131,364 (42.7%)
  Read 2 with adapter:               6,028,348 (41.9%)
Pairs written (passing filters):    14,299,184 (99.5%)

Total basepairs processed: 4,312,540,200 bp
  Read 1: 2,156,270,100 bp
  Read 2: 2,156,270,100 bp
Quality-trimmed:               9,084,098 bp (0.2%)
  Read 1:     3,587,695 bp
  Read 2:     5,496,403 bp
Total written (filtered):  3,916,643,649 bp (90.8%)
  Read 1: 1,955,218,326 bp
  Read 2: 1,961,425,323 bp

=== First read: Adapter 1 ===

Sequence: AGATCGGAAGAGCACACGTCTGAACTCCAGTCAC; Type: regular 3'; Length: 34; Trimmed: 6131364 times

No. of allowed errors:
0-9 bp: 0; 10-19 bp: 1; 20-29 bp: 2; 30-34 bp: 3

Bases preceding removed adapters:
  A: 15.8%
  C: 28.0%
  G: 36.8%
  T: 19.4%
  none/other: 0.1%

Overview of removed sequences
length	count	expect	max.err	error counts
3	296619	224611.5	0	296619
4	141175	56152.9	0	141175
5	298480	14038.2	0	298480
8	97549	219.3	0	97549
9	194582	54.8	0	194582
10	456	13.7	1	0 456
11	213937	3.4	1	195703 18234
12	395	0.9	1	0 395
13	107667	0.2	1	98068 9599
14	107925	0.1	1	98101 9824
15	106834	0.0	1	97092 9742
16	107962	0.0	1	97686 10276
17	212801	0.0	1	192898 19903
18	770	0.0	1	0 679 91
19	106918	0.0	1	96649 9979 290
20	108797	0.0	2	96496 11237 1064
21	215847	0.0	2	193366 20548 1933
22	1142	0.0	2	0 940 202
23	109725	0.0	2	97565 10895 1265
24	108900	0.0	2	96215 11465 1220
25	108247	0.0	2	95493 11373 1381
26	107259	0.0	2	94420 11586 1253
27	104920	0.0	2	92398 11040 1482
28	105634	0.0	2	92212 12039 1333 50
29	206619	0.0	2	182987 20929 2483 220
30	1926	0.0	3	0 1367 303 256
31	104331	0.0	3	91450 10952 1449 480
32	104396	0.0	3	90715 11522 1644 515
33	104114	0.0	3	90557 11615 1474 468
34	103151	0.0	3	89442 11716 1532 461
35	102006	0.0	3	88337 11649 1508 512
36	100650	0.0	3	87381 11297 1466 506
37	97666	0.0	3	84835 10868 1531 432
38	97229	0.0	3	83907 11440 1403 479
39	185690	0.0	3	163491 19224 2220 755
40	1846	0.0	3	183 1327 252 84
41	91908	0.0	3	80612 9676 1206 414
42	89785	0.0	3	78312 9860 1212 401
43	89211	0.0	3	77799 9776 1263 373
44	87932	0.0	3	76849 9488 1228 367
45	88648	0.0	3	77345 9688 1254 361
46	81773	0.0	3	71506 9021 934 312
47	156534	0.0	3	138998 15342 1665 529
48	1819	0.0	3	358 1120 231 110
49	74786	0.0	3	66079 7499 924 284
50	73471	0.0	3	63988 8239 925 319
51	135337	0.0	3	120444 13126 1336 431
52	1710	0.0	3	341 1015 291 63
53	66487	0.0	3	58113 7375 729 270
54	122739	0.0	3	109173 11930 1263 373
55	1362	0.0	3	289 836 177 60
56	56893	0.0	3	50484 5618 601 190
57	54228	0.0	3	47862 5570 610 186
58	50874	0.0	3	44714 5394 554 212
59	47181	0.0	3	41672 4832 549 128
60	44780	0.0	3	38977 5136 488 179
61	79155	0.0	3	70194 8012 739 210
62	891	0.0	3	194 543 107 47
63	36269	0.0	3	31894 3807 451 117
64	34662	0.0	3	30228 3961 349 124
65	60014	0.0	3	53139 6181 558 136
66	605	0.0	3	101 396 88 20
67	26531	0.0	3	23397 2782 272 80
68	24195	0.0	3	21255 2593 285 62
69	21521	0.0	3	18912 2323 225 61
70	19403	0.0	3	17014 2125 199 65
71	17715	0.0	3	15549 1911 194 61
72	19532	0.0	3	17239 2031 210 52
73	13799	0.0	3	12051 1546 159 43
74	12740	0.0	3	11261 1317 123 39
75	11375	0.0	3	9949 1261 135 30
76	10648	0.0	3	9345 1170 97 36
77	9514	0.0	3	8412 979 96 27
78	8189	0.0	3	7177 888 103 21
79	7026	0.0	3	6201 739 69 17
80	6469	0.0	3	5697 686 64 22
81	5171	0.0	3	4566 546 44 15
82	4823	0.0	3	4212 551 43 17
83	4211	0.0	3	3714 439 45 13
84	3654	0.0	3	3207 399 39 9
85	3247	0.0	3	2848 364 27 8
86	2956	0.0	3	2604 330 16 6
87	2779	0.0	3	2413 340 17 9
88	2517	0.0	3	2229 263 20 5
89	1945	0.0	3	1719 206 15 5
90	1826	0.0	3	1619 185 14 8
91	1517	0.0	3	1355 149 10 3
92	1400	0.0	3	1252 131 15 2
93	992	0.0	3	863 116 12 1
94	906	0.0	3	815 85 4 2
95	823	0.0	3	730 83 8 2
96	655	0.0	3	586 61 7 1
97	595	0.0	3	533 56 6
98	609	0.0	3	544 60 3 2
99	520	0.0	3	475 39 2 4
100	466	0.0	3	404 55 6 1
101	371	0.0	3	333 31 5 2
102	319	0.0	3	290 27 1 1
103	268	0.0	3	245 20 2 1
104	207	0.0	3	174 26 6 1
105	182	0.0	3	159 21 2
106	141	0.0	3	128 10 2 1
107	101	0.0	3	96 4 1
108	105	0.0	3	92 9 3 1
109	102	0.0	3	92 10
110	90	0.0	3	80 8 2
111	89	0.0	3	76 11 2
112	135	0.0	3	122 7 5 1
113	54	0.0	3	42 8 3 1
114	43	0.0	3	37 5 1
115	35	0.0	3	25 3 6 1
116	28	0.0	3	23 2 2 1
117	24	0.0	3	16 4 4
118	15	0.0	3	10 1 4
119	16	0.0	3	9 2 4 1
120	12	0.0	3	6 3 2 1
121	19	0.0	3	15 1 3
122	22	0.0	3	8 3 11
123	6	0.0	3	2 0 3 1
124	14	0.0	3	3 1 10
125	17	0.0	3	4 0 13
126	15	0.0	3	2 2 11
127	15	0.0	3	6 0 8 1
128	22	0.0	3	8 0 13 1
129	19	0.0	3	3 1 14 1
130	29	0.0	3	8 2 19
131	28	0.0	3	9 1 18
132	24	0.0	3	5 0 17 2
133	38	0.0	3	11 0 26 1
134	24	0.0	3	5 2 17
135	39	0.0	3	9 0 30
136	57	0.0	3	4 0 50 3
137	50	0.0	3	8 0 40 2
138	66	0.0	3	3 3 57 3
139	67	0.0	3	5 0 61 1
140	109	0.0	3	7 1 100 1
141	118	0.0	3	5 0 112 1
142	163	0.0	3	5 1 152 5
143	269	0.0	3	3 2 249 15
144	405	0.0	3	2 5 382 16
145	337	0.0	3	3 0 319 15
146	844	0.0	3	3 1 804 36
147	2182	0.0	3	12 6 2070 94
148	6294	0.0	3	5 18 6025 246
149	18455	0.0	3	3 44 17712 696
150	45792	0.0	3	4 123 43771 1894


=== Second read: Adapter 2 ===

Sequence: AGATCGGAAGAGCGTCGTGTAGGGAAAGAGTGTA; Type: regular 3'; Length: 34; Trimmed: 6028348 times

No. of allowed errors:
0-9 bp: 0; 10-19 bp: 1; 20-29 bp: 2; 30-34 bp: 3

Bases preceding removed adapters:
  A: 12.8%
  C: 24.5%
  G: 52.3%
  T: 10.2%
  none/other: 0.1%

Overview of removed sequences
length	count	expect	max.err	error counts
3	415616	224611.5	0	415616
4	156037	56152.9	0	156037
5	281467	14038.2	0	281467
8	90176	219.3	0	90176
9	178889	54.8	0	178889
10	1057	13.7	1	0 1057
11	206889	3.4	1	179093 27796
12	766	0.9	1	0 766
13	210113	0.2	1	181003 29110
14	542	0.1	1	0 542
15	101265	0.0	1	87154 14111
16	207046	0.0	1	177078 29968
17	686	0.0	1	0 686
18	199538	0.0	1	171013 27903 622
19	1042	0.0	1	0 652 390
20	106595	0.0	2	87098 16176 3321
21	416681	0.0	2	347948 58653 10080
22	2367	0.0	2	0 1579 788
23	1233	0.0	2	0 472 761
24	936	0.0	2	0 615 321
25	103489	0.0	2	84899 15519 3071
26	104505	0.0	2	85000 16109 3396
27	200168	0.0	2	164419 29285 6464
28	1973	0.0	2	0 1375 468 130
29	200715	0.0	2	163883 30259 6514 59
30	2431	0.0	3	0 1640 527 264
31	198625	0.0	3	161585 27921 5862 3257
32	1775	0.0	3	0 1031 396 348
33	100018	0.0	3	80368 14432 3582 1636
34	98561	0.0	3	92 79760 15292 3417
35	97142	0.0	3	151 78215 15304 3472
36	96596	0.0	3	129 77775 15103 3589
37	183394	0.0	3	243 149167 27444 6540
38	1646	0.0	3	6 244 996 400
39	90140	0.0	3	111 72955 13598 3476
40	91840	0.0	3	136 72970 14849 3885
41	171522	0.0	3	192 139871 25255 6204
42	2119	0.0	3	1 340 1402 376
43	166016	0.0	3	199 136469 23875 5473
44	1814	0.0	3	2 352 1089 371
45	82813	0.0	3	95 66917 12846 2955
46	155084	0.0	3	158 126921 22750 5255
47	1652	0.0	3	3 373 963 313
48	74641	0.0	3	90 60832 11130 2589
49	71947	0.0	3	72 58428 10865 2582
50	69883	0.0	3	145 56685 10556 2497
51	67809	0.0	3	65 54442 10819 2483
52	188560	0.0	3	208 154671 27431 6250
53	1655	0.0	3	6 488 765 396
54	1784	0.0	3	5 371 1071 337
55	161687	0.0	3	253 133853 22889 4692
56	1334	0.0	3	5 475 592 262
57	779	0.0	3	4 183 393 199
58	48621	0.0	3	69 39555 7464 1533
59	86404	0.0	3	95 71360 12375 2574
60	926	0.0	3	5 214 505 202
61	40316	0.0	3	32 32862 6020 1402
62	72401	0.0	3	55 60014 10168 2164
63	609	0.0	3	0 124 373 112
64	32198	0.0	3	58 26790 4451 899
65	30723	0.0	3	23 25106 4629 965
66	27818	0.0	3	42 22933 4027 816
67	25875	0.0	3	32 21238 3813 792
68	23390	0.0	3	23 19285 3436 646
69	20809	0.0	3	16 17249 2929 615
70	18618	0.0	3	25 15291 2764 538
71	17086	0.0	3	22 14121 2420 523
72	15148	0.0	3	16 12534 2205 393
73	13856	0.0	3	21 11405 1987 443
74	12277	0.0	3	15 10035 1824 403
75	11279	0.0	3	11 9324 1637 307
76	12496	0.0	3	14 10276 1793 413
77	9636	0.0	3	10 8043 1324 259
78	7838	0.0	3	6 6494 1108 230
79	7042	0.0	3	7 5854 982 199
80	6576	0.0	3	5 5517 891 163
81	5166	0.0	3	8 4331 690 137
82	4657	0.0	3	3 3906 627 121
83	4029	0.0	3	4 3337 573 115
84	3554	0.0	3	4 2976 477 97
85	3355	0.0	3	6 2799 482 68
86	3101	0.0	3	4 2581 428 88
87	2629	0.0	3	2 2222 334 71
88	2250	0.0	3	2 1866 317 65
89	2089	0.0	3	2 1763 277 47
90	1745	0.0	3	2 1444 258 41
91	1373	0.0	3	2 1152 186 33
92	1246	0.0	3	0 1026 186 34
93	1136	0.0	3	1 940 164 31
94	816	0.0	3	1 689 106 20
95	803	0.0	3	3 670 106 24
96	680	0.0	3	0 574 83 23
97	600	0.0	3	0 506 70 24
98	564	0.0	3	0 481 71 12
99	465	0.0	3	1 377 67 20
100	458	0.0	3	0 377 65 16
101	395	0.0	3	0 326 53 16
102	312	0.0	3	0 258 46 8
103	268	0.0	3	0 223 37 8
104	206	0.0	3	0 164 36 6
105	172	0.0	3	0 139 27 6
106	133	0.0	3	1 114 15 3
107	131	0.0	3	0 102 20 9
108	132	0.0	3	0 99 25 8
109	109	0.0	3	0 79 19 11
110	92	0.0	3	0 69 12 11
111	90	0.0	3	0 68 12 10
112	134	0.0	3	0 114 14 6
113	76	0.0	3	0 49 15 12
114	54	0.0	3	0 41 9 4
115	48	0.0	3	0 29 11 8
116	40	0.0	3	0 21 12 7
117	28	0.0	3	0 19 1 8
118	30	0.0	3	0 11 8 11
119	26	0.0	3	0 15 3 8
120	30	0.0	3	1 15 2 12
121	32	0.0	3	0 16 6 10
122	32	0.0	3	0 11 4 17
123	24	0.0	3	0 9 1 14
124	27	0.0	3	0 7 2 18
125	9	0.0	3	0 3 0 6
126	13	0.0	3	0 4 1 8
127	13	0.0	3	0 4 0 9
128	26	0.0	3	0 11 2 13
129	24	0.0	3	0 4 1 19
130	38	0.0	3	0 7 1 30
131	32	0.0	3	0 7 2 23
132	28	0.0	3	0 7 1 20
133	29	0.0	3	0 4 5 20
134	36	0.0	3	0 9 2 25
135	47	0.0	3	0 9 0 38
136	49	0.0	3	0 3 1 45
137	68	0.0	3	0 8 1 59
138	64	0.0	3	0 0 1 63
139	66	0.0	3	0 2 0 64
140	103	0.0	3	0 11 3 89
141	130	0.0	3	0 2 3 125
142	205	0.0	3	0 4 2 199
143	278	0.0	3	0 3 5 270
144	449	0.0	3	0 2 3 444
145	458	0.0	3	0 1 2 455
146	779	0.0	3	0 2 6 771
147	1676	0.0	3	0 3 14 1659
148	4399	0.0	3	0 3 8 4388
149	15904	0.0	3	0 4 53 15847
150	45088	0.0	3	0 4 165 44919
