This is cutadapt 2.9 with Python 3.5.2
Command line parameters: --nextseq-trim 10 --minimum-length 25 --cores 4 -a AGATCGGAAGAGCACACGTCTGAACTCCAGTCAC -A AGATCGGAAGAGCGTCGTGTAGGGAAAGAGTGTA -o Pacuta_ATHC_TP5_1296_R1_TrimmingRound1.fastq.gz -p Pacuta_ATHC_TP5_1296_R2_TrimmingRound1.fastq.gz Pacuta_ATHC_TP5_1296_R1.fastq.gz Pacuta_ATHC_TP5_1296_R2.fastq.gz
Processing reads on 4 cores in paired-end mode ...
Finished in 619.05 s (36 us/read; 1.65 M reads/minute).

=== Summary ===

Total read pairs processed:         17,031,656
  Read 1 with adapter:               9,318,982 (54.7%)
  Read 2 with adapter:               8,760,777 (51.4%)
Pairs written (passing filters):    16,925,784 (99.4%)

Total basepairs processed: 5,109,496,800 bp
  Read 1: 2,554,748,400 bp
  Read 2: 2,554,748,400 bp
Quality-trimmed:              30,893,316 bp (0.6%)
  Read 1:     5,743,536 bp
  Read 2:    25,149,780 bp
Total written (filtered):  4,472,648,257 bp (87.5%)
  Read 1: 2,226,134,073 bp
  Read 2: 2,246,514,184 bp

=== First read: Adapter 1 ===

Sequence: AGATCGGAAGAGCACACGTCTGAACTCCAGTCAC; Type: regular 3'; Length: 34; Trimmed: 9318982 times

No. of allowed errors:
0-9 bp: 0; 10-19 bp: 1; 20-29 bp: 2; 30-34 bp: 3

Bases preceding removed adapters:
  A: 16.3%
  C: 42.1%
  G: 19.3%
  T: 22.3%
  none/other: 0.0%

Overview of removed sequences
length	count	expect	max.err	error counts
3	270791	266119.6	0	270791
4	148385	66529.9	0	148385
5	348243	16632.5	0	348243
8	111881	259.9	0	111881
9	219637	65.0	0	219637
10	600	16.2	1	0 600
11	279250	4.1	1	220553 58697
12	619	1.0	1	0 619
13	147461	0.3	1	115943 31518
14	156023	0.1	1	122966 33057
15	155833	0.0	1	122597 33236
16	166930	0.0	1	130578 36352
17	315368	0.0	1	248183 67185
18	1217	0.0	1	0 1061 156
19	158724	0.0	1	123163 34973 588
20	156047	0.0	2	118834 34613 2600
21	312858	0.0	2	240663 67246 4949
22	1886	0.0	2	0 1338 548
23	162012	0.0	2	123415 35724 2873
24	168115	0.0	2	127122 37632 3361
25	172181	0.0	2	130293 38435 3453
26	175997	0.0	2	133022 39261 3714
27	177639	0.0	2	133833 39743 4063
28	176570	0.0	2	132308 40187 3958 117
29	332538	0.0	2	252265 73858 6175 240
30	3330	0.0	3	0 1939 898 493
31	167384	0.0	3	124603 37663 3672 1446
32	160354	0.0	3	118893 36719 3509 1233
33	166465	0.0	3	123451 38063 3620 1331
34	171056	0.0	3	126624 38653 4251 1528
35	172910	0.0	3	127770 39903 3912 1325
36	347748	0.0	3	261950 76929 6502 2367
37	4000	0.0	3	238 2386 1092 284
38	173856	0.0	3	129015 39663 3862 1316
39	324733	0.0	3	245016 71911 5817 1989
40	3677	0.0	3	352 2143 897 285
41	154605	0.0	3	115259 35166 3101 1079
42	152931	0.0	3	113664 35116 3114 1037
43	150829	0.0	3	111856 34697 3202 1074
44	149108	0.0	3	110655 34293 3079 1081
45	163406	0.0	3	121493 37393 3381 1139
46	142454	0.0	3	105354 33234 2935 931
47	291421	0.0	3	219820 65137 4758 1706
48	3373	0.0	3	358 1977 783 255
49	136659	0.0	3	102318 30957 2584 800
50	130696	0.0	3	96441 30875 2583 797
51	235145	0.0	3	177117 53131 3595 1302
52	3551	0.0	3	792 1790 768 201
53	111876	0.0	3	82575 26463 2135 703
54	218781	0.0	3	164385 49401 3658 1337
55	2419	0.0	3	260 1416 570 173
56	99784	0.0	3	74821 22781 1616 566
57	100690	0.0	3	75088 23388 1672 542
58	91557	0.0	3	68618 21056 1441 442
59	86262	0.0	3	64382 19832 1611 437
60	82756	0.0	3	61240 19639 1502 375
61	135615	0.0	3	102026 31114 1820 655
62	1791	0.0	3	299 1039 364 89
63	61946	0.0	3	45943 14595 1039 369
64	58461	0.0	3	43118 14056 1007 280
65	101584	0.0	3	76375 23392 1376 441
66	1346	0.0	3	252 742 288 64
67	46869	0.0	3	34957 10933 743 236
68	44089	0.0	3	32695 10341 816 237
69	42638	0.0	3	31106 10476 846 210
70	97708	0.0	3	74564 22161 774 209
71	38698	0.0	3	28574 9350 611 163
72	28815	0.0	3	21037 7061 527 190
73	16424	0.0	3	11914 4025 363 122
74	14392	0.0	3	10417 3580 308 87
75	13569	0.0	3	9806 3392 285 86
76	12838	0.0	3	9454 3105 212 67
77	11381	0.0	3	8345 2790 186 60
78	8140	0.0	3	5939 2008 154 39
79	7254	0.0	3	5298 1789 125 42
80	6137	0.0	3	4488 1517 102 30
81	4797	0.0	3	3532 1168 76 21
82	4364	0.0	3	3169 1098 75 22
83	3569	0.0	3	2653 840 53 23
84	3167	0.0	3	2362 738 50 17
85	2723	0.0	3	1993 663 50 17
86	2480	0.0	3	1813 609 47 11
87	2250	0.0	3	1647 561 29 13
88	1937	0.0	3	1404 495 29 9
89	1533	0.0	3	1136 359 31 7
90	1348	0.0	3	996 315 31 6
91	1203	0.0	3	898 275 26 4
92	1018	0.0	3	730 268 15 5
93	762	0.0	3	556 188 17 1
94	684	0.0	3	502 164 13 5
95	614	0.0	3	446 161 6 1
96	480	0.0	3	345 126 9
97	454	0.0	3	339 107 5 3
98	382	0.0	3	280 95 6 1
99	341	0.0	3	245 87 8 1
100	300	0.0	3	217 74 9
101	258	0.0	3	184 65 7 2
102	212	0.0	3	148 54 9 1
103	156	0.0	3	103 44 8 1
104	117	0.0	3	81 33 3
105	127	0.0	3	77 43 6 1
106	97	0.0	3	64 28 4 1
107	74	0.0	3	42 25 6 1
108	68	0.0	3	52 12 3 1
109	71	0.0	3	47 12 11 1
110	55	0.0	3	29 18 8
111	48	0.0	3	27 9 12
112	66	0.0	3	37 12 17
113	38	0.0	3	13 9 14 2
114	40	0.0	3	13 13 13 1
115	22	0.0	3	8 2 12
116	37	0.0	3	14 2 20 1
117	29	0.0	3	11 1 16 1
118	33	0.0	3	13 3 17
119	42	0.0	3	11 4 22 5
120	37	0.0	3	4 1 31 1
121	38	0.0	3	7 2 28 1
122	49	0.0	3	7 3 39
123	44	0.0	3	4 2 36 2
124	35	0.0	3	5 0 29 1
125	48	0.0	3	4 2 40 2
126	41	0.0	3	1 0 35 5
127	43	0.0	3	6 1 36
128	59	0.0	3	7 5 45 2
129	53	0.0	3	2 3 47 1
130	72	0.0	3	5 1 61 5
131	67	0.0	3	3 0 63 1
132	84	0.0	3	1 2 77 4
133	95	0.0	3	4 1 87 3
134	116	0.0	3	3 3 106 4
135	121	0.0	3	7 1 111 2
136	121	0.0	3	5 3 110 3
137	151	0.0	3	6 6 136 3
138	130	0.0	3	3 2 124 1
139	152	0.0	3	4 0 146 2
140	168	0.0	3	3 4 158 3
141	186	0.0	3	1 1 177 7
142	208	0.0	3	1 3 194 10
143	299	0.0	3	4 4 274 17
144	331	0.0	3	1 4 316 10
145	310	0.0	3	0 3 293 14
146	377	0.0	3	3 10 346 18
147	526	0.0	3	3 5 500 18
148	904	0.0	3	4 11 857 32
149	2453	0.0	3	0 33 2351 69
150	5352	0.0	3	1 64 5108 179


=== Second read: Adapter 2 ===

Sequence: AGATCGGAAGAGCGTCGTGTAGGGAAAGAGTGTA; Type: regular 3'; Length: 34; Trimmed: 8760777 times

No. of allowed errors:
0-9 bp: 0; 10-19 bp: 1; 20-29 bp: 2; 30-34 bp: 3

Bases preceding removed adapters:
  A: 14.7%
  C: 41.4%
  G: 28.7%
  T: 15.2%
  none/other: 0.0%

Overview of removed sequences
length	count	expect	max.err	error counts
3	396281	266119.6	0	396281
4	166183	66529.9	0	166183
5	338657	16632.5	0	338657
8	107494	259.9	0	107494
9	209474	65.0	0	209474
10	782	16.2	1	0 782
11	258117	4.1	1	210431 47686
12	730	1.0	1	0 730
13	289707	0.3	1	234202 55505
14	486	0.1	1	0 486
15	143474	0.0	1	117445 26029
16	303499	0.0	1	245788 57711
17	582	0.0	1	0 582
18	273350	0.0	1	224055 48800 495
19	991	0.0	1	0 641 350
20	147724	0.0	2	115410 28790 3524
21	586058	0.0	2	464794 110267 10997
22	2498	0.0	2	0 1662 836
23	764	0.0	2	0 292 472
24	988	0.0	2	0 671 317
25	157396	0.0	2	123536 30247 3613
26	162622	0.0	2	125642 32895 4085
27	320333	0.0	2	250173 62933 7227
28	3077	0.0	2	0 2034 864 179
29	307760	0.0	2	237939 62165 7535 121
30	3395	0.0	3	0 2290 795 310
31	295413	0.0	3	227202 58261 6625 3325
32	2701	0.0	3	0 1688 688 325
33	152208	0.0	3	115393 31137 3960 1718
34	156604	0.0	3	116935 33053 4645 1971
35	317757	0.0	3	242673 64057 7794 3233
36	2979	0.0	3	215 1770 695 299
37	159938	0.0	3	121583 32564 4071 1720
38	164355	0.0	3	122520 34565 5114 2156
39	172225	0.0	3	124685 38290 6440 2810
40	432356	0.0	3	334216 85609 9009 3522
41	2548	0.0	3	339 1344 570 295
42	2660	0.0	3	450 1594 458 158
43	249096	0.0	3	191872 50712 4727 1785
44	2732	0.0	3	408 1508 619 197
45	139054	0.0	3	104665 29476 3492 1421
46	279691	0.0	3	215714 55643 5920 2414
47	4291	0.0	3	1402 1874 681 334
48	131410	0.0	3	99351 27670 3118 1271
49	139628	0.0	3	107175 27722 3363 1368
50	118818	0.0	3	89294 25001 3196 1327
51	135719	0.0	3	103526 27299 3507 1387
52	386237	0.0	3	303698 70688 8213 3638
53	2633	0.0	3	479 1308 571 275
54	2495	0.0	3	532 1412 433 118
55	234018	0.0	3	176297 51694 4360 1667
56	1532	0.0	3	384 682 318 148
57	958	0.0	3	156 479 241 82
58	79772	0.0	3	59766 17542 1757 707
59	124738	0.0	3	93500 28076 2339 823
60	1384	0.0	3	221 743 330 90
61	58709	0.0	3	43235 13583 1410 481
62	108439	0.0	3	81631 23695 2208 905
63	869	0.0	3	131 471 198 69
64	39739	0.0	3	29287 9504 704 244
65	41855	0.0	3	31407 9325 814 309
66	43817	0.0	3	33200 9459 826 332
67	39430	0.0	3	29552 8766 783 329
68	40234	0.0	3	30874 8265 781 314
69	34356	0.0	3	25629 7759 677 291
70	31075	0.0	3	23594 6651 597 233
71	26275	0.0	3	19768 5763 522 222
72	24114	0.0	3	18311 5104 491 208
73	22906	0.0	3	17519 4788 423 176
74	23588	0.0	3	18594 4440 400 154
75	28833	0.0	3	23802 4527 368 136
76	22963	0.0	3	18160 4219 389 195
77	12636	0.0	3	9239 3009 283 105
78	10109	0.0	3	7297 2520 218 74
79	9081	0.0	3	6476 2368 165 72
80	8182	0.0	3	5768 2165 171 78
81	6503	0.0	3	4623 1737 96 47
82	5291	0.0	3	3773 1358 109 51
83	4550	0.0	3	3305 1123 89 33
84	3910	0.0	3	2823 991 73 23
85	3463	0.0	3	2473 891 67 32
86	2937	0.0	3	2036 825 56 20
87	2506	0.0	3	1712 721 44 29
88	2081	0.0	3	1468 561 35 17
89	1746	0.0	3	1200 501 31 14
90	1501	0.0	3	1038 413 37 13
91	1177	0.0	3	823 321 22 11
92	1030	0.0	3	704 296 26 4
93	915	0.0	3	621 268 14 12
94	649	0.0	3	466 166 14 3
95	597	0.0	3	404 166 22 5
96	547	0.0	3	365 160 13 9
97	452	0.0	3	298 144 9 1
98	344	0.0	3	230 98 12 4
99	319	0.0	3	207 104 2 6
100	263	0.0	3	191 65 5 2
101	254	0.0	3	181 67 4 2
102	202	0.0	3	129 65 4 4
103	159	0.0	3	97 54 5 3
104	161	0.0	3	103 51 5 2
105	134	0.0	3	71 55 6 2
106	104	0.0	3	60 38 5 1
107	89	0.0	3	62 25 1 1
108	84	0.0	3	48 30 5 1
109	56	0.0	3	32 18 4 2
110	75	0.0	3	54 14 4 3
111	42	0.0	3	27 11 3 1
112	64	0.0	3	44 13 6 1
113	42	0.0	3	28 9 1 4
114	38	0.0	3	17 11 6 4
115	27	0.0	3	10 10 6 1
116	25	0.0	3	10 10 3 2
117	20	0.0	3	10 6 2 2
118	29	0.0	3	17 6 4 2
119	25	0.0	3	8 6 7 4
120	16	0.0	3	7 2 6 1
121	14	0.0	3	7 0 5 2
122	25	0.0	3	13 5 6 1
123	21	0.0	3	9 1 9 2
124	14	0.0	3	2 3 8 1
125	17	0.0	3	4 1 9 3
126	23	0.0	3	1 5 15 2
127	23	0.0	3	6 2 15
128	42	0.0	3	7 0 35
129	44	0.0	3	2 1 37 4
130	49	0.0	3	2 1 43 3
131	38	0.0	3	2 1 35
132	73	0.0	3	7 2 61 3
133	86	0.0	3	5 5 74 2
134	96	0.0	3	7 4 84 1
135	118	0.0	3	5 4 106 3
136	102	0.0	3	7 2 91 2
137	147	0.0	3	6 1 132 8
138	142	0.0	3	4 4 125 9
139	159	0.0	3	0 6 148 5
140	187	0.0	3	2 3 176 6
141	183	0.0	3	3 4 167 9
142	207	0.0	3	2 3 193 9
143	246	0.0	3	2 3 227 14
144	283	0.0	3	0 5 271 7
145	334	0.0	3	1 6 312 15
146	391	0.0	3	2 6 363 20
147	499	0.0	3	2 6 465 26
148	839	0.0	3	0 9 795 35
149	2064	0.0	3	1 25 1939 99
150	6302	0.0	3	0 75 5973 254
