This is cutadapt 2.9 with Python 3.5.2
Command line parameters: --nextseq-trim 10 --minimum-length 25 --cores 4 -a AGATCGGAAGAGCACACGTCTGAACTCCAGTCAC -A AGATCGGAAGAGCGTCGTGTAGGGAAAGAGTGTA -o Pacuta_ATAC_TP1_2363_R1_TrimmingRound1.fastq.gz -p Pacuta_ATAC_TP1_2363_R2_TrimmingRound1.fastq.gz Pacuta_ATAC_TP1_2363_R1.fastq.gz Pacuta_ATAC_TP1_2363_R2.fastq.gz
Processing reads on 4 cores in paired-end mode ...
Finished in 602.66 s (36 us/read; 1.68 M reads/minute).

=== Summary ===

Total read pairs processed:         16,846,619
  Read 1 with adapter:               9,167,784 (54.4%)
  Read 2 with adapter:               8,305,054 (49.3%)
Pairs written (passing filters):    16,600,363 (98.5%)

Total basepairs processed: 5,053,985,700 bp
  Read 1: 2,526,992,850 bp
  Read 2: 2,526,992,850 bp
Quality-trimmed:              53,337,028 bp (1.1%)
  Read 1:     6,984,045 bp
  Read 2:    46,352,983 bp
Total written (filtered):  4,401,392,074 bp (87.1%)
  Read 1: 2,186,548,659 bp
  Read 2: 2,214,843,415 bp

=== First read: Adapter 1 ===

Sequence: AGATCGGAAGAGCACACGTCTGAACTCCAGTCAC; Type: regular 3'; Length: 34; Trimmed: 9167784 times

No. of allowed errors:
0-9 bp: 0; 10-19 bp: 1; 20-29 bp: 2; 30-34 bp: 3

Bases preceding removed adapters:
  A: 18.9%
  C: 40.5%
  G: 17.5%
  T: 22.9%
  none/other: 0.2%

Overview of removed sequences
length	count	expect	max.err	error counts
3	265680	263228.4	0	265680
4	141433	65807.1	0	141433
5	327668	16451.8	0	327668
8	105057	257.1	0	105057
9	207104	64.3	0	207104
10	726	16.1	1	0 726
11	271319	4.0	1	208208 63111
12	768	1.0	1	0 768
13	143733	0.3	1	110150 33583
14	151964	0.1	1	115898 36066
15	152256	0.0	1	116208 36048
16	163144	0.0	1	123869 39275
17	309996	0.0	1	236523 73473
18	1297	0.0	1	0 1105 192
19	155493	0.0	1	116900 37933 660
20	154024	0.0	2	113788 37618 2618
21	306733	0.0	2	228244 73452 5037
22	2016	0.0	2	0 1319 697
23	159671	0.0	2	117702 39082 2887
24	166641	0.0	2	122397 41040 3204
25	170254	0.0	2	125309 41484 3461
26	176528	0.0	2	129579 43426 3523
27	176925	0.0	2	129242 43623 4060
28	176176	0.0	2	127803 44193 4068 112
29	332829	0.0	2	244847 81772 6001 209
30	3528	0.0	3	0 2006 1030 492
31	166170	0.0	3	119335 41491 3836 1508
32	161932	0.0	3	116425 40707 3485 1315
33	163821	0.0	3	116839 41927 3795 1260
34	169024	0.0	3	120254 43023 4213 1534
35	174550	0.0	3	124032 44584 4511 1423
36	187737	0.0	3	129903 49953 5865 2016
37	520151	0.0	3	373423 131667 10918 4143
38	3766	0.0	3	370 1961 1103 332
39	3024	0.0	3	101 1988 770 165
40	303578	0.0	3	220004 76731 5071 1772
41	2922	0.0	3	106 1808 830 178
42	145039	0.0	3	104144 37114 2842 939
43	149339	0.0	3	105765 39095 3325 1154
44	149725	0.0	3	106340 38682 3441 1262
45	169639	0.0	3	120192 43922 4083 1442
46	136993	0.0	3	96387 36303 3316 987
47	318942	0.0	3	228675 82157 5940 2170
48	3342	0.0	3	414 1858 807 263
49	116891	0.0	3	83105 30418 2532 836
50	123179	0.0	3	86638 32878 2759 904
51	230388	0.0	3	164649 60235 4029 1475
52	26952	0.0	3	17606 7693 1276 377
53	96301	0.0	3	67349 26036 2206 710
54	230082	0.0	3	164387 59996 4218 1481
55	6162	0.0	3	2563 2450 869 280
56	85625	0.0	3	61170 22291 1608 556
57	98291	0.0	3	69690 26249 1781 571
58	83277	0.0	3	58949 22205 1627 496
59	101467	0.0	3	72137 26933 1816 581
60	75963	0.0	3	53334 20564 1596 469
61	124566	0.0	3	88348 33666 1933 619
62	3751	0.0	3	1690 1475 442 144
63	54760	0.0	3	38357 15072 985 346
64	44784	0.0	3	30807 12702 990 285
65	88830	0.0	3	63290 23716 1394 430
66	3803	0.0	3	1971 1368 363 101
67	39828	0.0	3	27947 10856 758 267
68	40525	0.0	3	28430 10982 840 273
69	39026	0.0	3	26976 10996 837 217
70	67697	0.0	3	48063 18500 898 236
71	60692	0.0	3	42832 16741 900 219
72	36804	0.0	3	25723 10184 707 190
73	16271	0.0	3	11117 4581 424 149
74	11651	0.0	3	7863 3372 308 108
75	10037	0.0	3	6879 2825 247 86
76	9282	0.0	3	6335 2652 227 68
77	8422	0.0	3	5829 2328 198 67
78	6461	0.0	3	4496 1795 125 45
79	5383	0.0	3	3707 1508 126 42
80	4298	0.0	3	2934 1238 91 35
81	3743	0.0	3	2565 1072 78 28
82	2934	0.0	3	2057 806 55 16
83	2633	0.0	3	1766 788 62 17
84	2279	0.0	3	1545 673 46 15
85	2137	0.0	3	1480 600 51 6
86	1844	0.0	3	1262 516 51 15
87	1617	0.0	3	1137 430 41 9
88	1486	0.0	3	1070 382 23 11
89	1155	0.0	3	835 297 17 6
90	976	0.0	3	654 298 20 4
91	848	0.0	3	592 228 20 8
92	757	0.0	3	506 228 17 6
93	628	0.0	3	441 165 18 4
94	525	0.0	3	352 163 6 4
95	481	0.0	3	336 128 9 8
96	382	0.0	3	253 114 11 4
97	355	0.0	3	229 110 15 1
98	330	0.0	3	215 98 17
99	260	0.0	3	169 66 22 3
100	225	0.0	3	154 58 13
101	216	0.0	3	150 45 17 4
102	186	0.0	3	130 37 18 1
103	163	0.0	3	96 47 19 1
104	110	0.0	3	71 26 12 1
105	93	0.0	3	51 27 15
106	77	0.0	3	49 13 15
107	77	0.0	3	42 12 22 1
108	68	0.0	3	31 15 22
109	64	0.0	3	26 8 30
110	59	0.0	3	24 10 23 2
111	61	0.0	3	16 12 33
112	80	0.0	3	33 8 36 3
113	44	0.0	3	10 2 31 1
114	72	0.0	3	15 8 45 4
115	58	0.0	3	6 4 46 2
116	71	0.0	3	6 4 57 4
117	69	0.0	3	8 4 56 1
118	89	0.0	3	5 4 77 3
119	103	0.0	3	10 5 84 4
120	88	0.0	3	6 4 74 4
121	102	0.0	3	5 4 92 1
122	98	0.0	3	1 3 92 2
123	114	0.0	3	8 1 105
124	125	0.0	3	4 1 114 6
125	119	0.0	3	3 1 112 3
126	124	0.0	3	9 4 104 7
127	133	0.0	3	6 4 118 5
128	152	0.0	3	6 3 136 7
129	173	0.0	3	5 4 157 7
130	196	0.0	3	9 6 176 5
131	205	0.0	3	2 5 189 9
132	233	0.0	3	2 2 222 7
133	258	0.0	3	1 2 245 10
134	282	0.0	3	9 5 265 3
135	300	0.0	3	0 9 279 12
136	353	0.0	3	5 5 333 10
137	389	0.0	3	1 9 372 7
138	396	0.0	3	8 6 374 8
139	401	0.0	3	3 5 379 14
140	495	0.0	3	2 8 467 18
141	497	0.0	3	2 7 468 20
142	615	0.0	3	2 10 586 17
143	816	0.0	3	0 7 779 30
144	952	0.0	3	1 26 887 38
145	949	0.0	3	1 22 899 27
146	1187	0.0	3	3 20 1133 31
147	1538	0.0	3	4 24 1460 50
148	2690	0.0	3	0 44 2557 89
149	7021	0.0	3	2 140 6644 235
150	15322	0.0	3	0 296 14530 496


=== Second read: Adapter 2 ===

Sequence: AGATCGGAAGAGCGTCGTGTAGGGAAAGAGTGTA; Type: regular 3'; Length: 34; Trimmed: 8305054 times

No. of allowed errors:
0-9 bp: 0; 10-19 bp: 1; 20-29 bp: 2; 30-34 bp: 3

Bases preceding removed adapters:
  A: 16.5%
  C: 40.7%
  G: 27.3%
  T: 15.4%
  none/other: 0.1%

Overview of removed sequences
length	count	expect	max.err	error counts
3	424412	263228.4	0	424412
4	161885	65807.1	0	161885
5	319603	16451.8	0	319603
8	101146	257.1	0	101146
9	197851	64.3	0	197851
10	737	16.1	1	0 737
11	242248	4.0	1	199440 42808
12	717	1.0	1	0 717
13	270413	0.3	1	219955 50458
14	516	0.1	1	0 516
15	135611	0.0	1	111387 24224
16	286158	0.0	1	233692 52466
17	620	0.0	1	0 620
18	262505	0.0	1	216148 45969 388
19	961	0.0	1	0 625 336
20	137763	0.0	2	108507 26084 3172
21	554109	0.0	2	438333 104978 10798
22	2219	0.0	2	0 1420 799
23	664	0.0	2	0 292 372
24	941	0.0	2	0 642 299
25	149517	0.0	2	117188 28920 3409
26	156748	0.0	2	120201 32203 4344
27	306777	0.0	2	237782 61296 7699
28	2783	0.0	2	0 1875 743 165
29	295843	0.0	2	225938 61538 8242 125
30	3005	0.0	3	0 2002 712 291
31	284823	0.0	3	216396 57470 7277 3680
32	3024	0.0	3	0 2085 667 272
33	288287	0.0	3	218521 59224 7410 3132
34	2685	0.0	3	34 1014 1103 534
35	151211	0.0	3	17 114590 32209 4395
36	155940	0.0	3	27 116793 32725 6395
37	300111	0.0	3	64 382 61286 238379
38	2660	0.0	3	5 80 1505 1070
39	145803	0.0	3	30 286 29689 115798
40	142613	0.0	3	23 322 30470 111798
41	273374	0.0	3	67 633 57029 215645
42	3307	0.0	3	3 42 1989 1273
43	328254	0.0	3	53 645 61768 265788
44	2474	0.0	3	1 90 1353 1030
45	134266	0.0	3	20 330 27658 106258
46	265034	0.0	3	42 550 53000 211442
47	6923	0.0	3	0 72 1880 4971
48	119029	0.0	3	12 233 25155 93629
49	165871	0.0	3	13 302 29778 135778
50	104312	0.0	3	22 258 23152 80880
51	167939	0.0	3	21 255 28938 138725
52	327114	0.0	3	51 564 62881 263618
53	2613	0.0	3	3 78 1134 1398
54	1655	0.0	3	1 4 823 827
55	180571	0.0	3	26 264 43515 136766
56	1487	0.0	3	4 34 658 791
57	713	0.0	3	1 14 305 393
58	65704	0.0	3	14 126 15223 50341
59	93346	0.0	3	22 126 23343 69855
60	858	0.0	3	1 34 421 402
61	44134	0.0	3	16 83 10961 33074
62	83737	0.0	3	28 142 19690 63877
63	609	0.0	3	0 15 318 276
64	28967	0.0	3	7 51 7535 21374
65	31859	0.0	3	27 67 7530 24235
66	34988	0.0	3	4 100 8007 26877
67	29781	0.0	3	5 57 7263 22456
68	32702	0.0	3	7 87 7095 25513
69	27481	0.0	3	6 39 6457 20979
70	26080	0.0	3	16 48 5733 20283
71	21758	0.0	3	3 42 4798 16915
72	20168	0.0	3	5 42 4381 15740
73	18889	0.0	3	4 35 4092 14758
74	18544	0.0	3	2 40 3795 14707
75	22716	0.0	3	3 35 3976 18702
76	21122	0.0	3	3 25 3825 17269
77	11947	0.0	3	1 28 2635 9283
78	8650	0.0	3	3 24 2158 6465
79	7154	0.0	3	2 16 1917 5219
80	6603	0.0	3	1 9 1800 4793
81	5207	0.0	3	2 5 1398 3802
82	4197	0.0	3	2 6 1078 3111
83	3829	0.0	3	1 10 1061 2757
84	3195	0.0	3	0 5 881 2309
85	2979	0.0	3	0 3 762 2214
86	2495	0.0	3	2 3 742 1748
87	2024	0.0	3	0 1 603 1420
88	1697	0.0	3	0 8 498 1191
89	1408	0.0	3	0 3 416 989
90	1157	0.0	3	0 4 349 804
91	851	0.0	3	0 2 257 592
92	788	0.0	3	0 0 260 528
93	698	0.0	3	1 2 226 469
94	538	0.0	3	0 0 188 350
95	498	0.0	3	1 1 139 357
96	416	0.0	3	0 1 126 289
97	358	0.0	3	1 1 105 251
98	305	0.0	3	1 0 107 197
99	230	0.0	3	0 0 79 151
100	211	0.0	3	0 0 78 133
101	190	0.0	3	0 0 62 128
102	176	0.0	3	0 0 58 118
103	140	0.0	3	0 0 51 89
104	130	0.0	3	0 0 51 79
105	103	0.0	3	0 0 42 61
106	76	0.0	3	0 0 26 50
107	65	0.0	3	0 1 20 44
108	61	0.0	3	0 1 21 39
109	40	0.0	3	0 0 15 25
110	44	0.0	3	0 0 14 30
111	40	0.0	3	0 0 14 26
112	57	0.0	3	0 1 15 41
113	23	0.0	3	0 0 4 19
114	23	0.0	3	0 0 12 11
115	23	0.0	3	0 0 2 21
116	16	0.0	3	0 1 1 14
117	20	0.0	3	0 0 4 16
118	20	0.0	3	0 0 3 17
119	20	0.0	3	0 0 4 16
120	27	0.0	3	0 0 3 24
121	21	0.0	3	0 0 2 19
122	20	0.0	3	0 0 2 18
123	20	0.0	3	0 0 1 19
124	38	0.0	3	0 0 4 34
125	33	0.0	3	0 1 0 32
126	46	0.0	3	0 0 2 44
127	55	0.0	3	0 0 1 54
128	106	0.0	3	0 0 5 101
129	102	0.0	3	0 0 1 101
130	145	0.0	3	0 0 1 144
131	151	0.0	3	0 0 3 148
132	191	0.0	3	0 0 5 186
133	205	0.0	3	0 0 4 201
134	267	0.0	3	0 0 9 258
135	299	0.0	3	0 0 6 293
136	356	0.0	3	0 0 6 350
137	348	0.0	3	0 0 6 342
138	388	0.0	3	0 0 13 375
139	410	0.0	3	0 0 9 401
140	472	0.0	3	0 0 17 455
141	505	0.0	3	0 0 17 488
142	583	0.0	3	0 0 8 575
143	720	0.0	3	0 0 18 702
144	890	0.0	3	0 0 16 874
145	955	0.0	3	0 0 16 939
146	1138	0.0	3	0 0 27 1111
147	1382	0.0	3	0 0 26 1356
148	2267	0.0	3	0 0 45 2222
149	5766	0.0	3	0 0 110 5656
150	17158	0.0	3	0 0 326 16832
