This is cutadapt 2.9 with Python 3.5.2
Command line parameters: --nextseq-trim 10 --minimum-length 25 --cores 4 -a AGATCGGAAGAGCACACGTCTGAACTCCAGTCAC -A AGATCGGAAGAGCGTCGTGTAGGGAAAGAGTGTA -o Pacuta_HTHC_TP3_1418_R1_TrimmingRound1.fastq.gz -p Pacuta_HTHC_TP3_1418_R2_TrimmingRound1.fastq.gz Pacuta_HTHC_TP3_1418_R1.fastq.gz Pacuta_HTHC_TP3_1418_R2.fastq.gz
Processing reads on 4 cores in paired-end mode ...
Finished in 664.68 s (37 us/read; 1.62 M reads/minute).

=== Summary ===

Total read pairs processed:         17,923,707
  Read 1 with adapter:               8,226,028 (45.9%)
  Read 2 with adapter:               7,647,942 (42.7%)
Pairs written (passing filters):    17,809,370 (99.4%)

Total basepairs processed: 5,377,112,100 bp
  Read 1: 2,688,556,050 bp
  Read 2: 2,688,556,050 bp
Quality-trimmed:              33,768,019 bp (0.6%)
  Read 1:     5,518,311 bp
  Read 2:    28,249,708 bp
Total written (filtered):  4,845,537,603 bp (90.1%)
  Read 1: 2,412,911,549 bp
  Read 2: 2,432,626,054 bp

=== First read: Adapter 1 ===

Sequence: AGATCGGAAGAGCACACGTCTGAACTCCAGTCAC; Type: regular 3'; Length: 34; Trimmed: 8226028 times

No. of allowed errors:
0-9 bp: 0; 10-19 bp: 1; 20-29 bp: 2; 30-34 bp: 3

Bases preceding removed adapters:
  A: 19.0%
  C: 36.2%
  G: 21.6%
  T: 23.2%
  none/other: 0.0%

Overview of removed sequences
length	count	expect	max.err	error counts
3	315912	280057.9	0	315912
4	155274	70014.5	0	155274
5	331260	17503.6	0	331260
8	107498	273.5	0	107498
9	215463	68.4	0	215463
10	744	17.1	1	0 744
11	288065	4.3	1	214897 73168
12	713	1.1	1	0 713
13	147740	0.3	1	109774 37966
14	152660	0.1	1	112889 39771
15	149235	0.0	1	110600 38635
16	158225	0.0	1	116189 42036
17	299651	0.0	1	222335 77316
18	1338	0.0	1	0 1151 187
19	153541	0.0	1	112993 39879 669
20	151265	0.0	2	109220 39382 2663
21	307027	0.0	2	223322 78363 5342
22	2043	0.0	2	0 1418 625
23	156779	0.0	2	113132 40668 2979
24	157916	0.0	2	112737 41849 3330
25	157784	0.0	2	113393 40981 3410
26	159508	0.0	2	114071 41953 3484
27	158513	0.0	2	113329 41472 3712
28	158303	0.0	2	112540 41809 3846 108
29	304286	0.0	2	219547 78574 5954 211
30	3249	0.0	3	0 1745 1045 459
31	157261	0.0	3	111010 41105 3811 1335
32	150491	0.0	3	107010 38886 3385 1210
33	153929	0.0	3	108723 40250 3733 1223
34	164019	0.0	3	113366 44170 4825 1658
35	293866	0.0	3	210639 75731 5563 1933
36	3575	0.0	3	272 2115 930 258
37	151130	0.0	3	105926 40502 3479 1223
38	140632	0.0	3	99819 36768 3083 962
39	143888	0.0	3	102228 37439 3247 974
40	135512	0.0	3	96390 35427 2819 876
41	134845	0.0	3	95402 35544 3004 895
42	132730	0.0	3	93978 34962 2872 918
43	130409	0.0	3	92232 34430 2823 924
44	127409	0.0	3	90271 33460 2772 906
45	135538	0.0	3	95975 35716 2876 971
46	114543	0.0	3	80437 30764 2559 783
47	228584	0.0	3	164434 58822 4013 1315
48	2767	0.0	3	377 1519 663 208
49	107291	0.0	3	76633 27853 2095 710
50	103144	0.0	3	73141 27257 2159 587
51	187665	0.0	3	135179 48514 2939 1033
52	3362	0.0	3	860 1541 766 195
53	89456	0.0	3	63351 23810 1742 553
54	167598	0.0	3	119827 43842 2832 1097
55	1894	0.0	3	287 1036 464 107
56	73262	0.0	3	52491 19165 1267 339
57	71827	0.0	3	51179 18950 1319 379
58	64912	0.0	3	46281 17115 1170 346
59	60984	0.0	3	43245 16296 1121 322
60	57772	0.0	3	40761 15593 1121 297
61	96228	0.0	3	69239 25245 1326 418
62	1335	0.0	3	247 714 287 87
63	44391	0.0	3	31690 11602 857 242
64	40852	0.0	3	28944 10966 755 187
65	69686	0.0	3	50356 18092 940 298
66	968	0.0	3	198 511 219 40
67	31249	0.0	3	22383 8200 483 183
68	28929	0.0	3	20642 7614 538 135
69	27416	0.0	3	19212 7496 561 147
70	65391	0.0	3	47654 17047 546 144
71	25714	0.0	3	18072 7075 445 122
72	18387	0.0	3	12882 5033 358 114
73	10544	0.0	3	7232 2967 268 77
74	9065	0.0	3	6239 2566 207 53
75	8377	0.0	3	5871 2306 147 53
76	7927	0.0	3	5566 2165 158 38
77	6664	0.0	3	4705 1803 114 42
78	5030	0.0	3	3539 1368 92 31
79	4354	0.0	3	3036 1201 81 36
80	3591	0.0	3	2535 966 60 30
81	3090	0.0	3	2219 817 41 13
82	2680	0.0	3	1841 774 51 14
83	2320	0.0	3	1627 634 41 18
84	2036	0.0	3	1429 553 37 17
85	1724	0.0	3	1222 458 32 12
86	1599	0.0	3	1079 478 32 10
87	1392	0.0	3	973 391 21 7
88	1284	0.0	3	923 331 19 11
89	1044	0.0	3	713 304 20 7
90	890	0.0	3	635 239 10 6
91	748	0.0	3	521 210 12 5
92	666	0.0	3	462 182 19 3
93	557	0.0	3	366 181 8 2
94	493	0.0	3	338 138 14 3
95	469	0.0	3	328 132 7 2
96	342	0.0	3	225 105 10 2
97	309	0.0	3	226 77 5 1
98	301	0.0	3	218 75 7 1
99	259	0.0	3	181 74 3 1
100	183	0.0	3	123 55 4 1
101	180	0.0	3	118 54 6 2
102	140	0.0	3	100 36 4
103	96	0.0	3	68 21 4 3
104	99	0.0	3	68 27 4
105	89	0.0	3	62 21 5 1
106	73	0.0	3	43 23 7
107	45	0.0	3	30 9 6
108	62	0.0	3	40 19 2 1
109	52	0.0	3	25 15 11 1
110	46	0.0	3	26 9 9 2
111	47	0.0	3	22 14 9 2
112	73	0.0	3	44 14 11 4
113	29	0.0	3	9 6 14
114	19	0.0	3	8 3 6 2
115	27	0.0	3	7 7 13
116	26	0.0	3	7 3 16
117	30	0.0	3	10 5 15
118	33	0.0	3	5 8 20
119	34	0.0	3	5 3 26
120	31	0.0	3	6 1 23 1
121	29	0.0	3	6 3 17 3
122	36	0.0	3	7 3 23 3
123	28	0.0	3	3 3 22
124	37	0.0	3	5 1 29 2
125	36	0.0	3	4 2 30
126	34	0.0	3	6 0 27 1
127	36	0.0	3	4 2 28 2
128	35	0.0	3	5 1 29
129	54	0.0	3	4 2 46 2
130	57	0.0	3	7 3 46 1
131	60	0.0	3	1 2 57
132	55	0.0	3	4 1 48 2
133	75	0.0	3	2 2 69 2
134	88	0.0	3	2 6 79 1
135	96	0.0	3	3 3 88 2
136	87	0.0	3	1 0 83 3
137	125	0.0	3	2 4 117 2
138	142	0.0	3	7 1 129 5
139	127	0.0	3	2 2 116 7
140	157	0.0	3	2 0 152 3
141	179	0.0	3	2 3 170 4
142	211	0.0	3	0 1 202 8
143	257	0.0	3	1 2 247 7
144	286	0.0	3	4 1 273 8
145	329	0.0	3	5 2 307 15
146	385	0.0	3	4 3 367 11
147	520	0.0	3	3 2 505 10
148	874	0.0	3	1 9 840 24
149	2345	0.0	3	0 11 2261 73
150	5246	0.0	3	2 35 5029 180


=== Second read: Adapter 2 ===

Sequence: AGATCGGAAGAGCGTCGTGTAGGGAAAGAGTGTA; Type: regular 3'; Length: 34; Trimmed: 7647942 times

No. of allowed errors:
0-9 bp: 0; 10-19 bp: 1; 20-29 bp: 2; 30-34 bp: 3

Bases preceding removed adapters:
  A: 16.2%
  C: 35.7%
  G: 34.3%
  T: 13.8%
  none/other: 0.0%

Overview of removed sequences
length	count	expect	max.err	error counts
3	471710	280057.9	0	471710
4	172857	70014.5	0	172857
5	311060	17503.6	0	311060
8	99317	273.5	0	99317
9	197086	68.4	0	197086
10	853	17.1	1	0 853
11	261065	4.3	1	197746 63319
12	678	1.1	1	0 678
13	282004	0.3	1	211184 70820
14	449	0.1	1	0 449
15	134531	0.0	1	102032 32499
16	283929	0.0	1	213775 70154
17	516	0.0	1	0 516
18	254724	0.0	1	195560 58805 359
19	912	0.0	1	0 610 302
20	139572	0.0	2	101561 34251 3760
21	555031	0.0	2	406605 135796 12630
22	2016	0.0	2	0 1249 767
23	623	0.0	2	0 237 386
24	856	0.0	2	0 544 312
25	141239	0.0	2	102621 34957 3661
26	144602	0.0	2	103509 36704 4389
27	281449	0.0	2	203652 70053 7744
28	2549	0.0	2	0 1655 779 115
29	277719	0.0	2	198816 70544 8254 105
30	2771	0.0	3	0 1741 784 246
31	272953	0.0	3	195271 67038 7265 3379
32	2255	0.0	3	0 1254 734 267
33	139524	0.0	3	97498 35748 4507 1771
34	413771	0.0	3	292284 103933 12513 5041
35	3028	0.0	3	597 1298 695 438
36	1368	0.0	3	137 692 363 176
37	131103	0.0	3	92917 32996 3788 1402
38	125630	0.0	3	88075 32251 3814 1490
39	130329	0.0	3	91652 33076 4072 1529
40	126492	0.0	3	88688 32214 4009 1581
41	260599	0.0	3	186224 63951 7517 2907
42	4515	0.0	3	1102 2237 854 322
43	281089	0.0	3	208423 63305 6781 2580
44	2853	0.0	3	562 1440 615 236
45	121789	0.0	3	87305 29717 3436 1331
46	233027	0.0	3	170255 54734 5809 2229
47	8266	0.0	3	5265 1912 742 347
48	101541	0.0	3	71758 25829 2789 1165
49	142889	0.0	3	109409 28643 3441 1396
50	81826	0.0	3	55578 22410 2750 1088
51	130433	0.0	3	99533 26290 3301 1309
52	225970	0.0	3	157536 59020 6456 2958
53	1777	0.0	3	419 776 369 213
54	1453	0.0	3	217 766 383 87
55	147148	0.0	3	98885 43323 3644 1296
56	1015	0.0	3	271 444 198 102
57	532	0.0	3	79 244 142 67
58	50127	0.0	3	34029 14226 1396 476
59	75197	0.0	3	50371 22324 1831 671
60	723	0.0	3	110 381 173 59
61	35429	0.0	3	23617 10461 1007 344
62	65976	0.0	3	45183 18551 1595 647
63	450	0.0	3	58 241 109 42
64	24758	0.0	3	16643 7368 534 213
65	25238	0.0	3	17023 7380 611 224
66	26997	0.0	3	18816 7296 662 223
67	22460	0.0	3	15043 6607 573 237
68	22505	0.0	3	15741 5994 573 197
69	19303	0.0	3	13220 5395 490 198
70	18552	0.0	3	13226 4727 431 168
71	15550	0.0	3	10721 4307 366 156
72	14098	0.0	3	9817 3822 315 144
73	13576	0.0	3	9750 3441 260 125
74	13006	0.0	3	9498 3128 282 98
75	13058	0.0	3	9739 2955 257 107
76	12876	0.0	3	9548 2914 276 138
77	8315	0.0	3	5793 2212 211 99
78	6302	0.0	3	4335 1761 147 59
79	5338	0.0	3	3551 1600 136 51
80	4951	0.0	3	3317 1477 108 49
81	3928	0.0	3	2591 1207 94 36
82	3374	0.0	3	2315 964 67 28
83	2928	0.0	3	1986 844 73 25
84	2524	0.0	3	1700 730 63 31
85	2264	0.0	3	1552 644 49 19
86	1925	0.0	3	1229 638 41 17
87	1580	0.0	3	1032 512 30 6
88	1391	0.0	3	920 424 33 14
89	1193	0.0	3	729 421 27 16
90	989	0.0	3	649 302 28 10
91	739	0.0	3	467 239 18 15
92	691	0.0	3	432 227 19 13
93	637	0.0	3	410 200 17 10
94	468	0.0	3	298 148 14 8
95	441	0.0	3	267 160 11 3
96	385	0.0	3	238 124 11 12
97	298	0.0	3	193 92 7 6
98	272	0.0	3	172 86 12 2
99	238	0.0	3	130 95 11 2
100	198	0.0	3	130 60 5 3
101	165	0.0	3	92 62 7 4
102	162	0.0	3	90 61 5 6
103	109	0.0	3	72 28 2 7
104	107	0.0	3	67 28 7 5
105	113	0.0	3	66 37 5 5
106	86	0.0	3	49 28 6 3
107	54	0.0	3	33 11 7 3
108	74	0.0	3	45 24 2 3
109	47	0.0	3	30 12 3 2
110	41	0.0	3	25 12 1 3
111	50	0.0	3	31 13 5 1
112	71	0.0	3	45 14 7 5
113	36	0.0	3	15 11 4 6
114	23	0.0	3	11 7 2 3
115	25	0.0	3	8 10 7
116	36	0.0	3	16 7 7 6
117	19	0.0	3	9 4 4 2
118	14	0.0	3	8 1 4 1
119	25	0.0	3	11 9 4 1
120	15	0.0	3	9 4 1 1
121	27	0.0	3	14 7 4 2
122	18	0.0	3	9 3 1 5
123	19	0.0	3	8 3 6 2
124	12	0.0	3	4 1 7
125	24	0.0	3	6 3 11 4
126	25	0.0	3	6 2 16 1
127	23	0.0	3	3 2 16 2
128	48	0.0	3	9 4 33 2
129	40	0.0	3	7 0 32 1
130	47	0.0	3	5 5 34 3
131	47	0.0	3	3 1 40 3
132	70	0.0	3	6 1 59 4
133	68	0.0	3	5 3 58 2
134	73	0.0	3	3 2 67 1
135	87	0.0	3	1 8 70 8
136	89	0.0	3	2 5 80 2
137	95	0.0	3	2 1 87 5
138	135	0.0	3	4 2 121 8
139	143	0.0	3	1 4 131 7
140	133	0.0	3	0 4 126 3
141	173	0.0	3	5 3 158 7
142	197	0.0	3	2 3 188 4
143	225	0.0	3	0 3 214 8
144	299	0.0	3	0 4 279 16
145	357	0.0	3	2 1 336 18
146	379	0.0	3	1 6 356 16
147	495	0.0	3	4 8 469 14
148	813	0.0	3	1 7 760 45
149	1952	0.0	3	1 7 1860 84
150	6016	0.0	3	1 37 5691 287
