This is cutadapt 2.9 with Python 3.5.2
Command line parameters: --nextseq-trim 10 --minimum-length 25 --cores 4 -a AGATCGGAAGAGCACACGTCTGAACTCCAGTCAC -A AGATCGGAAGAGCGTCGTGTAGGGAAAGAGTGTA -o Pacuta_ATAC_TP8_2012_R1_TrimmingRound1.fastq.gz -p Pacuta_ATAC_TP8_2012_R2_TrimmingRound1.fastq.gz Pacuta_ATAC_TP8_2012_R1.fastq.gz Pacuta_ATAC_TP8_2012_R2.fastq.gz
Processing reads on 4 cores in paired-end mode ...
Finished in 608.94 s (35 us/read; 1.71 M reads/minute).

=== Summary ===

Total read pairs processed:         17,404,222
  Read 1 with adapter:              11,502,522 (66.1%)
  Read 2 with adapter:              10,639,878 (61.1%)
Pairs written (passing filters):    17,271,164 (99.2%)

Total basepairs processed: 5,221,266,600 bp
  Read 1: 2,610,633,300 bp
  Read 2: 2,610,633,300 bp
Quality-trimmed:              34,359,492 bp (0.7%)
  Read 1:     6,257,284 bp
  Read 2:    28,102,208 bp
Total written (filtered):  4,374,613,202 bp (83.8%)
  Read 1: 2,170,909,898 bp
  Read 2: 2,203,703,304 bp

=== First read: Adapter 1 ===

Sequence: AGATCGGAAGAGCACACGTCTGAACTCCAGTCAC; Type: regular 3'; Length: 34; Trimmed: 11502522 times

No. of allowed errors:
0-9 bp: 0; 10-19 bp: 1; 20-29 bp: 2; 30-34 bp: 3

Bases preceding removed adapters:
  A: 17.9%
  C: 40.6%
  G: 18.4%
  T: 23.1%
  none/other: 0.0%

Overview of removed sequences
length	count	expect	max.err	error counts
3	221307	271941.0	0	221307
4	129711	67985.2	0	129711
5	328894	16996.3	0	328894
8	109489	265.6	0	109489
9	214495	66.4	0	214495
10	601	16.6	1	0 601
11	281368	4.1	1	216120 65248
12	732	1.0	1	0 732
13	148951	0.3	1	114244 34707
14	160216	0.1	1	122581 37635
15	162605	0.0	1	124663 37942
16	178745	0.0	1	136213 42532
17	342416	0.0	1	261427 80989
18	1526	0.0	1	0 1334 192
19	174512	0.0	1	131713 42059 740
20	171152	0.0	2	126408 41595 3149
21	340598	0.0	2	253865 80763 5970
22	2449	0.0	2	0 1655 794
23	178613	0.0	2	132971 42169 3473
24	188432	0.0	2	138704 45702 4026
25	195649	0.0	2	145417 46023 4209
26	203811	0.0	2	150158 48984 4669
27	207865	0.0	2	152349 50382 5134
28	211512	0.0	2	153569 52360 5416 167
29	398499	0.0	2	293403 96516 8094 486
30	4436	0.0	3	0 2571 1282 583
31	201098	0.0	3	145126 49091 5034 1847
32	193392	0.0	3	139773 47399 4631 1589
33	199004	0.0	3	143675 48888 4905 1536
34	205699	0.0	3	148411 50149 5282 1857
35	212017	0.0	3	153815 51290 5129 1783
36	222810	0.0	3	161071 54225 5630 1884
37	227175	0.0	3	161558 57647 5993 1977
38	438144	0.0	3	319870 105544 9338 3392
39	7813	0.0	3	734 4881 1792 406
40	415346	0.0	3	301292 101682 8993 3379
41	5058	0.0	3	397 3056 1270 335
42	201506	0.0	3	144407 50420 4908 1771
43	207176	0.0	3	149437 51217 4849 1673
44	183952	0.0	3	133884 44932 3870 1266
45	226151	0.0	3	164492 54615 5263 1781
46	185717	0.0	3	134372 46030 4069 1246
47	404749	0.0	3	298352 96727 7270 2400
48	4917	0.0	3	382 2827 1288 420
49	194038	0.0	3	140581 47894 4231 1332
50	187694	0.0	3	134324 47846 4237 1287
51	335877	0.0	3	245025 82889 5824 2139
52	5893	0.0	3	1392 2779 1377 345
53	160495	0.0	3	115731 40159 3509 1096
54	318584	0.0	3	233036 77506 5982 2060
55	3931	0.0	3	392 2307 965 267
56	147767	0.0	3	108557 35727 2569 914
57	152726	0.0	3	111113 37835 2903 875
58	139337	0.0	3	102077 34058 2410 792
59	135605	0.0	3	98065 33938 2790 812
60	128376	0.0	3	92221 32755 2674 726
61	209507	0.0	3	152471 52693 3275 1068
62	2888	0.0	3	477 1542 656 213
63	97240	0.0	3	69999 24722 1907 612
64	89648	0.0	3	64121 23254 1782 491
65	161126	0.0	3	118840 39241 2292 753
66	2288	0.0	3	401 1298 473 116
67	75477	0.0	3	55239 18614 1208 416
68	73436	0.0	3	52977 18539 1497 423
69	70033	0.0	3	49880 18328 1454 371
70	156162	0.0	3	116203 38090 1497 372
71	67731	0.0	3	48770 17402 1233 326
72	48913	0.0	3	35165 12420 983 345
73	27525	0.0	3	19269 7366 688 202
74	24046	0.0	3	16992 6326 557 171
75	22155	0.0	3	15834 5700 499 122
76	21141	0.0	3	15014 5593 421 113
77	19294	0.0	3	13679 5157 356 102
78	14936	0.0	3	10750 3798 276 112
79	13432	0.0	3	9484 3613 259 76
80	10555	0.0	3	7507 2749 243 56
81	9611	0.0	3	6843 2538 185 45
82	7480	0.0	3	5287 1993 152 48
83	6308	0.0	3	4450 1685 125 48
84	5591	0.0	3	4010 1450 104 27
85	4778	0.0	3	3384 1279 96 19
86	4488	0.0	3	3230 1161 78 19
87	3796	0.0	3	2673 1033 77 13
88	3514	0.0	3	2493 949 61 11
89	2617	0.0	3	1869 681 51 16
90	2415	0.0	3	1731 628 46 10
91	1965	0.0	3	1369 545 41 10
92	1694	0.0	3	1186 467 36 5
93	1332	0.0	3	927 367 26 12
94	1232	0.0	3	890 314 18 10
95	1020	0.0	3	707 286 18 9
96	801	0.0	3	551 220 22 8
97	704	0.0	3	524 158 20 2
98	677	0.0	3	486 168 17 6
99	576	0.0	3	404 155 14 3
100	461	0.0	3	316 126 16 3
101	410	0.0	3	266 122 18 4
102	370	0.0	3	258 98 13 1
103	246	0.0	3	165 72 8 1
104	213	0.0	3	161 44 7 1
105	191	0.0	3	118 56 16 1
106	154	0.0	3	102 33 19
107	113	0.0	3	73 26 13 1
108	113	0.0	3	62 38 12 1
109	110	0.0	3	61 27 21 1
110	111	0.0	3	80 15 15 1
111	83	0.0	3	32 22 28 1
112	101	0.0	3	61 13 26 1
113	75	0.0	3	34 13 28
114	48	0.0	3	13 8 26 1
115	45	0.0	3	11 8 25 1
116	51	0.0	3	13 3 32 3
117	56	0.0	3	10 2 39 5
118	62	0.0	3	15 3 40 4
119	62	0.0	3	13 4 45
120	52	0.0	3	7 1 44
121	47	0.0	3	4 3 38 2
122	69	0.0	3	4 2 60 3
123	64	0.0	3	5 3 52 4
124	53	0.0	3	1 3 49
125	81	0.0	3	6 1 70 4
126	96	0.0	3	2 1 89 4
127	103	0.0	3	8 6 87 2
128	79	0.0	3	1 1 73 4
129	109	0.0	3	12 2 91 4
130	138	0.0	3	7 5 122 4
131	128	0.0	3	3 4 118 3
132	130	0.0	3	5 1 118 6
133	172	0.0	3	3 8 156 5
134	156	0.0	3	7 4 139 6
135	185	0.0	3	7 4 169 5
136	179	0.0	3	4 3 166 6
137	238	0.0	3	10 3 210 15
138	242	0.0	3	11 5 220 6
139	234	0.0	3	3 5 216 10
140	263	0.0	3	0 8 250 5
141	312	0.0	3	3 3 301 5
142	350	0.0	3	2 6 326 16
143	461	0.0	3	3 6 440 12
144	527	0.0	3	0 7 499 21
145	582	0.0	3	11 7 547 17
146	624	0.0	3	2 10 590 22
147	864	0.0	3	6 9 817 32
148	1534	0.0	3	2 28 1448 56
149	3947	0.0	3	0 58 3743 146
150	8665	0.0	3	1 165 8171 328


=== Second read: Adapter 2 ===

Sequence: AGATCGGAAGAGCGTCGTGTAGGGAAAGAGTGTA; Type: regular 3'; Length: 34; Trimmed: 10639878 times

No. of allowed errors:
0-9 bp: 0; 10-19 bp: 1; 20-29 bp: 2; 30-34 bp: 3

Bases preceding removed adapters:
  A: 16.1%
  C: 40.1%
  G: 27.4%
  T: 16.4%
  none/other: 0.0%

Overview of removed sequences
length	count	expect	max.err	error counts
3	343871	271941.0	0	343871
4	145623	67985.2	0	145623
5	321419	16996.3	0	321419
8	104746	265.6	0	104746
9	204604	66.4	0	204604
10	820	16.6	1	0 820
11	257702	4.1	1	206340 51362
12	739	1.0	1	0 739
13	293099	0.3	1	231910 61189
14	555	0.1	1	0 555
15	147710	0.0	1	118252 29458
16	319371	0.0	1	254069 65302
17	687	0.0	1	0 687
18	300888	0.0	1	240709 59710 469
19	1286	0.0	1	0 788 498
20	161493	0.0	2	122939 34273 4281
21	642378	0.0	2	501613 128440 12325
22	3382	0.0	2	0 2117 1265
23	999	0.0	2	0 449 550
24	1096	0.0	2	0 745 351
25	177747	0.0	2	137626 36163 3958
26	187184	0.0	2	142555 39673 4956
27	375063	0.0	2	287829 78469 8765
28	3644	0.0	2	0 2361 1079 204
29	366270	0.0	2	277510 79294 9338 128
30	3895	0.0	3	0 2557 983 355
31	354872	0.0	3	267372 75178 8197 4125
32	3183	0.0	3	0 1940 784 459
33	180507	0.0	3	135080 38012 5271 2144
34	185500	0.0	3	486 140185 39919 4910
35	192177	0.0	3	517 144914 41535 5211
36	203409	0.0	3	440 152038 44629 6302
37	403909	0.0	3	1031 301527 86485 14866
38	3941	0.0	3	23 566 2336 1016
39	199307	0.0	3	445 147858 43680 7324
40	210972	0.0	3	568 151965 48239 10200
41	347175	0.0	3	692 258858 76106 11519
42	3926	0.0	3	8 402 2720 796
43	340071	0.0	3	771 257030 71921 10349
44	3411	0.0	3	20 513 2045 833
45	184979	0.0	3	443 137126 40860 6550
46	372813	0.0	3	867 280066 79315 12565
47	4939	0.0	3	76 1289 2414 1160
48	185487	0.0	3	478 137375 40744 6890
49	181838	0.0	3	695 134638 39538 6967
50	169702	0.0	3	452 124680 38123 6447
51	169823	0.0	3	514 122970 38944 7395
52	529450	0.0	3	1466 403342 104603 20039
53	3478	0.0	3	12 851 1740 875
54	3347	0.0	3	3 486 2080 778
55	364909	0.0	3	671 271595 82766 9877
56	2636	0.0	3	19 741 1278 598
57	1255	0.0	3	5 147 747 356
58	126427	0.0	3	241 92689 29304 4193
59	205690	0.0	3	299 152390 47738 5263
60	2054	0.0	3	7 362 1150 535
61	95010	0.0	3	164 69338 22539 2969
62	176208	0.0	3	327 130931 39916 5034
63	1240	0.0	3	1 188 760 291
64	64953	0.0	3	103 47468 15735 1647
65	69514	0.0	3	156 52011 15486 1861
66	70688	0.0	3	128 52476 16073 2011
67	66461	0.0	3	113 49615 14967 1766
68	67795	0.0	3	125 50639 15008 2023
69	57038	0.0	3	94 42297 13012 1635
70	51540	0.0	3	125 37995 12021 1399
71	45085	0.0	3	87 33387 10259 1352
72	39889	0.0	3	84 29523 9153 1129
73	36333	0.0	3	51 26920 8196 1166
74	37422	0.0	3	79 28537 7754 1052
75	51530	0.0	3	118 41929 7936 1547
76	39511	0.0	3	128 30791 7347 1245
77	21811	0.0	3	54 15566 5494 697
78	17286	0.0	3	34 12283 4495 474
79	15488	0.0	3	22 10879 4170 417
80	14843	0.0	3	22 10287 4175 359
81	11470	0.0	3	15 7845 3317 293
82	8875	0.0	3	11 6131 2517 216
83	7758	0.0	3	12 5435 2122 189
84	6704	0.0	3	4 4612 1912 176
85	6190	0.0	3	7 4369 1648 166
86	5154	0.0	3	6 3579 1461 108
87	4234	0.0	3	10 2897 1222 105
88	3812	0.0	3	5 2576 1136 95
89	3139	0.0	3	1 2086 974 78
90	2623	0.0	3	5 1789 773 56
91	1937	0.0	3	2 1296 603 36
92	1657	0.0	3	1 1125 495 36
93	1523	0.0	3	1 988 500 34
94	1207	0.0	3	0 808 368 31
95	1126	0.0	3	0 767 328 31
96	875	0.0	3	0 606 249 20
97	713	0.0	3	0 466 232 15
98	617	0.0	3	1 420 180 16
99	518	0.0	3	0 347 147 24
100	437	0.0	3	0 296 129 12
101	379	0.0	3	0 252 118 9
102	308	0.0	3	0 190 107 11
103	296	0.0	3	1 182 103 10
104	230	0.0	3	0 134 88 8
105	176	0.0	3	1 117 54 4
106	152	0.0	3	0 105 40 7
107	128	0.0	3	0 72 49 7
108	98	0.0	3	0 64 31 3
109	101	0.0	3	0 71 25 5
110	99	0.0	3	0 58 35 6
111	79	0.0	3	0 53 22 4
112	91	0.0	3	0 66 19 6
113	61	0.0	3	0 34 22 5
114	44	0.0	3	0 18 19 7
115	22	0.0	3	0 11 7 4
116	24	0.0	3	0 12 9 3
117	23	0.0	3	0 16 3 4
118	22	0.0	3	0 10 4 8
119	26	0.0	3	0 13 7 6
120	22	0.0	3	0 12 1 9
121	13	0.0	3	0 5 1 7
122	18	0.0	3	0 9 0 9
123	21	0.0	3	0 4 4 13
124	19	0.0	3	0 4 3 12
125	19	0.0	3	0 3 0 16
126	24	0.0	3	0 3 1 20
127	36	0.0	3	0 11 3 22
128	57	0.0	3	0 5 3 49
129	53	0.0	3	0 3 3 47
130	71	0.0	3	0 7 2 62
131	108	0.0	3	0 7 5 96
132	95	0.0	3	0 5 4 86
133	133	0.0	3	0 2 7 124
134	133	0.0	3	0 6 4 123
135	163	0.0	3	0 4 1 158
136	155	0.0	3	0 4 7 144
137	205	0.0	3	0 7 5 193
138	232	0.0	3	0 10 5 217
139	242	0.0	3	0 2 6 234
140	223	0.0	3	0 4 7 212
141	283	0.0	3	0 1 3 279
142	302	0.0	3	0 2 3 297
143	387	0.0	3	0 3 8 376
144	453	0.0	3	0 3 8 442
145	540	0.0	3	0 3 6 531
146	633	0.0	3	0 1 12 620
147	777	0.0	3	0 2 16 759
148	1260	0.0	3	0 1 26 1233
149	3183	0.0	3	0 2 39 3142
150	9987	0.0	3	0 1 175 9811
