This is cutadapt 2.9 with Python 3.5.2
Command line parameters: --nextseq-trim 10 --minimum-length 25 --cores 4 -a AGATCGGAAGAGCACACGTCTGAACTCCAGTCAC -A AGATCGGAAGAGCGTCGTGTAGGGAAAGAGTGTA -o Pacuta_HTHC_TP9_2202_R1_TrimmingRound1.fastq.gz -p Pacuta_HTHC_TP9_2202_R2_TrimmingRound1.fastq.gz Pacuta_HTHC_TP9_2202_R1.fastq.gz Pacuta_HTHC_TP9_2202_R2.fastq.gz
Processing reads on 4 cores in paired-end mode ...
Finished in 670.15 s (35 us/read; 1.73 M reads/minute).

=== Summary ===

Total read pairs processed:         19,342,531
  Read 1 with adapter:               9,448,459 (48.8%)
  Read 2 with adapter:               8,827,570 (45.6%)
Pairs written (passing filters):    19,227,679 (99.4%)

Total basepairs processed: 5,802,759,300 bp
  Read 1: 2,901,379,650 bp
  Read 2: 2,901,379,650 bp
Quality-trimmed:              32,393,012 bp (0.6%)
  Read 1:     5,977,301 bp
  Read 2:    26,415,711 bp
Total written (filtered):  5,171,776,420 bp (89.1%)
  Read 1: 2,574,462,195 bp
  Read 2: 2,597,314,225 bp

=== First read: Adapter 1 ===

Sequence: AGATCGGAAGAGCACACGTCTGAACTCCAGTCAC; Type: regular 3'; Length: 34; Trimmed: 9448459 times

No. of allowed errors:
0-9 bp: 0; 10-19 bp: 1; 20-29 bp: 2; 30-34 bp: 3

Bases preceding removed adapters:
  A: 19.9%
  C: 36.5%
  G: 18.9%
  T: 24.6%
  none/other: 0.0%

Overview of removed sequences
length	count	expect	max.err	error counts
3	326002	302227.0	0	326002
4	163290	75556.8	0	163290
5	353098	18889.2	0	353098
8	113738	295.1	0	113738
9	225027	73.8	0	225027
10	566	18.4	1	0 566
11	307267	4.6	1	225710 81557
12	653	1.2	1	0 653
13	159232	0.3	1	116397 42835
14	165472	0.1	1	120707 44765
15	161421	0.0	1	118424 42997
16	173637	0.0	1	125980 47657
17	326187	0.0	1	238833 87354
18	1023	0.0	1	0 897 126
19	166908	0.0	1	120970 45408 530
20	163508	0.0	2	115964 44183 3361
21	330399	0.0	2	235836 88208 6355
22	1734	0.0	2	0 1151 583
23	169997	0.0	2	120007 46247 3743
24	174927	0.0	2	122452 48298 4177
25	175668	0.0	2	123692 47688 4288
26	175792	0.0	2	123241 48235 4316
27	175561	0.0	2	123107 47762 4692
28	178198	0.0	2	124086 49056 4923 133
29	340513	0.0	2	240298 92420 7512 283
30	2958	0.0	3	0 1592 960 406
31	174476	0.0	3	120681 47342 4725 1728
32	166687	0.0	3	115432 45589 4230 1436
33	171661	0.0	3	117496 48019 4653 1493
34	341039	0.0	3	237904 92445 7883 2807
35	3218	0.0	3	268 1811 927 212
36	172471	0.0	3	119734 46972 4245 1520
37	170374	0.0	3	116696 47898 4294 1486
38	167673	0.0	3	115534 46218 4413 1508
39	167453	0.0	3	115260 46433 4323 1437
40	314176	0.0	3	219568 85280 6920 2408
41	3148	0.0	3	312 1748 840 248
42	152887	0.0	3	105703 42383 3569 1232
43	151496	0.0	3	105042 41402 3723 1329
44	149567	0.0	3	103980 40651 3673 1263
45	156653	0.0	3	108716 42824 3738 1375
46	140776	0.0	3	97208 39044 3400 1124
47	279045	0.0	3	195542 75747 5748 2008
48	2928	0.0	3	376 1577 750 225
49	131518	0.0	3	91621 36010 2922 965
50	126129	0.0	3	87464 34874 2905 886
51	232121	0.0	3	162877 63530 4230 1484
52	3713	0.0	3	1057 1691 746 219
53	109872	0.0	3	76406 30223 2453 790
54	215724	0.0	3	150533 59360 4320 1511
55	2164	0.0	3	259 1223 573 109
56	94435	0.0	3	66388 25679 1812 556
57	94077	0.0	3	65832 25841 1854 550
58	84717	0.0	3	59626 23100 1475 516
59	80199	0.0	3	55623 22442 1613 521
60	76692	0.0	3	53257 21425 1534 476
61	129930	0.0	3	90853 36317 2070 690
62	1565	0.0	3	279 852 323 111
63	60164	0.0	3	41639 16981 1179 365
64	55210	0.0	3	38043 15800 1101 266
65	96288	0.0	3	67809 26572 1425 482
66	1115	0.0	3	237 579 239 60
67	43187	0.0	3	30156 12034 772 225
68	40222	0.0	3	27936 11265 801 220
69	37859	0.0	3	26394 10544 715 206
70	71935	0.0	3	51449 19495 790 201
71	35151	0.0	3	24474 9837 657 183
72	28112	0.0	3	19353 7998 582 179
73	17797	0.0	3	12129 5216 346 106
74	15900	0.0	3	10921 4552 316 111
75	14954	0.0	3	10391 4194 269 100
76	13156	0.0	3	9002 3823 259 72
77	11785	0.0	3	8082 3417 213 73
78	9333	0.0	3	6434 2674 176 49
79	8011	0.0	3	5489 2338 156 28
80	6768	0.0	3	4679 1917 135 37
81	6176	0.0	3	4260 1764 127 25
82	4791	0.0	3	3337 1314 111 29
83	4078	0.0	3	2813 1150 92 23
84	3579	0.0	3	2464 1021 76 18
85	3178	0.0	3	2158 936 61 23
86	2775	0.0	3	1887 823 44 21
87	2452	0.0	3	1752 668 22 10
88	2291	0.0	3	1608 638 34 11
89	1708	0.0	3	1186 485 27 10
90	1596	0.0	3	1125 423 39 9
91	1374	0.0	3	940 399 22 13
92	1233	0.0	3	860 346 25 2
93	954	0.0	3	669 259 21 5
94	883	0.0	3	620 238 23 2
95	738	0.0	3	485 231 19 3
96	600	0.0	3	399 183 14 4
97	499	0.0	3	327 149 17 6
98	451	0.0	3	297 130 21 3
99	400	0.0	3	275 111 11 3
100	305	0.0	3	209 79 16 1
101	280	0.0	3	174 92 14
102	272	0.0	3	187 70 12 3
103	214	0.0	3	129 60 24 1
104	182	0.0	3	122 43 17
105	145	0.0	3	90 41 14
106	118	0.0	3	73 26 19
107	109	0.0	3	57 29 21 2
108	94	0.0	3	45 22 27
109	79	0.0	3	35 19 24 1
110	89	0.0	3	34 19 36
111	81	0.0	3	32 15 34
112	96	0.0	3	44 11 41
113	76	0.0	3	23 11 39 3
114	65	0.0	3	8 5 49 3
115	68	0.0	3	8 3 54 3
116	85	0.0	3	13 5 67
117	75	0.0	3	6 9 59 1
118	106	0.0	3	15 6 81 4
119	93	0.0	3	7 1 82 3
120	106	0.0	3	11 4 89 2
121	103	0.0	3	9 1 93
122	100	0.0	3	2 2 96
123	120	0.0	3	6 2 107 5
124	120	0.0	3	6 1 110 3
125	121	0.0	3	6 1 109 5
126	123	0.0	3	7 1 111 4
127	147	0.0	3	3 3 137 4
128	152	0.0	3	3 3 139 7
129	178	0.0	3	4 1 170 3
130	185	0.0	3	6 2 172 5
131	217	0.0	3	2 4 205 6
132	235	0.0	3	2 3 224 6
133	281	0.0	3	3 1 270 7
134	287	0.0	3	3 2 276 6
135	332	0.0	3	3 4 323 2
136	337	0.0	3	1 2 329 5
137	398	0.0	3	4 2 379 13
138	424	0.0	3	1 5 407 11
139	457	0.0	3	1 3 442 11
140	506	0.0	3	2 3 482 19
141	514	0.0	3	3 7 486 18
142	658	0.0	3	3 3 643 9
143	870	0.0	3	2 3 842 23
144	973	0.0	3	1 0 943 29
145	977	0.0	3	0 6 943 28
146	1194	0.0	3	4 10 1156 24
147	1551	0.0	3	3 7 1496 45
148	2826	0.0	3	3 7 2724 92
149	7103	0.0	3	1 25 6861 216
150	16169	0.0	3	0 74 15632 463


=== Second read: Adapter 2 ===

Sequence: AGATCGGAAGAGCGTCGTGTAGGGAAAGAGTGTA; Type: regular 3'; Length: 34; Trimmed: 8827570 times

No. of allowed errors:
0-9 bp: 0; 10-19 bp: 1; 20-29 bp: 2; 30-34 bp: 3

Bases preceding removed adapters:
  A: 18.2%
  C: 36.1%
  G: 30.2%
  T: 15.4%
  none/other: 0.0%

Overview of removed sequences
length	count	expect	max.err	error counts
3	476507	302227.0	0	476507
4	177301	75556.8	0	177301
5	326308	18889.2	0	326308
8	103284	295.1	0	103284
9	203749	73.8	0	203749
10	980	18.4	1	0 980
11	283480	4.6	1	205376 78104
12	872	1.2	1	0 872
13	310153	0.3	1	221489 88664
14	559	0.1	1	0 559
15	149189	0.0	1	108063 41126
16	313275	0.0	1	226191 87084
17	580	0.0	1	0 580
18	281665	0.0	1	205979 75211 475
19	1178	0.0	1	0 723 455
20	154871	0.0	2	107460 42971 4440
21	614287	0.0	2	431766 168504 14017
22	2593	0.0	2	0 1515 1078
23	878	0.0	2	0 316 562
24	1088	0.0	2	0 627 461
25	159712	0.0	2	110773 44628 4311
26	162008	0.0	2	110867 46052 5089
27	318516	0.0	2	221022 88719 8775
28	3115	0.0	2	0 1882 1093 140
29	313895	0.0	2	215607 89001 9145 142
30	3681	0.0	3	0 2249 1095 337
31	307802	0.0	3	210320 85341 8239 3902
32	2646	0.0	3	0 1496 775 375
33	155317	0.0	3	104386 43716 4998 2217
34	155536	0.0	3	33 105571 44832 5100
35	157911	0.0	3	26 106884 44518 6483
36	308108	0.0	3	33 1153 211245 95677
37	3937	0.0	3	5 115 496 3321
38	302809	0.0	3	50 1328 207569 93862
39	3018	0.0	3	14 84 423 2497
40	148930	0.0	3	25 805 100495 47605
41	297944	0.0	3	72 1522 203389 92961
42	5884	0.0	3	2 346 752 4784
43	606999	0.0	3	101 3112 493202 110584
44	3356	0.0	3	2 26 391 2937
45	120081	0.0	3	18 495 80008 39560
46	212638	0.0	3	46 666 137938 73988
47	2457	0.0	3	2 33 602 1820
48	103866	0.0	3	16 319 66959 36572
49	107261	0.0	3	11 408 70913 35929
50	93363	0.0	3	20 293 59324 33726
51	104660	0.0	3	16 441 69116 35087
52	261027	0.0	3	54 836 168283 91854
53	2006	0.0	3	4 21 560 1421
54	2023	0.0	3	3 25 377 1618
55	209307	0.0	3	28 524 135685 73070
56	1438	0.0	3	2 21 389 1026
57	751	0.0	3	1 13 148 589
58	68644	0.0	3	17 231 44611 23785
59	110710	0.0	3	24 275 71278 39133
60	1136	0.0	3	5 11 229 891
61	51660	0.0	3	7 139 33108 18406
62	92450	0.0	3	33 259 59712 32446
63	708	0.0	3	5 8 118 577
64	37663	0.0	3	8 101 24488 13066
65	36551	0.0	3	45 145 23727 12634
66	36544	0.0	3	5 122 23868 12549
67	33133	0.0	3	8 127 21413 11585
68	30915	0.0	3	5 82 20018 10810
69	27434	0.0	3	16 80 17822 9516
70	25214	0.0	3	13 78 16543 8580
71	21861	0.0	3	3 71 14277 7510
72	19444	0.0	3	9 75 12736 6624
73	18121	0.0	3	5 54 12053 6009
74	16332	0.0	3	5 84 10791 5452
75	14727	0.0	3	1 49 9851 4826
76	14998	0.0	3	9 51 9944 4994
77	12060	0.0	3	2 42 8016 4000
78	10336	0.0	3	1 47 6907 3381
79	9335	0.0	3	3 37 6185 3110
80	9137	0.0	3	1 29 5915 3192
81	7180	0.0	3	0 21 4723 2436
82	5768	0.0	3	0 12 3799 1957
83	4930	0.0	3	0 23 3302 1605
84	4331	0.0	3	0 14 2856 1461
85	3886	0.0	3	0 10 2563 1313
86	3272	0.0	3	1 7 2129 1135
87	2666	0.0	3	0 5 1730 931
88	2377	0.0	3	0 4 1580 793
89	2038	0.0	3	1 5 1320 712
90	1651	0.0	3	0 2 1066 583
91	1355	0.0	3	0 4 834 517
92	1105	0.0	3	0 0 703 402
93	1039	0.0	3	0 1 661 377
94	838	0.0	3	0 0 529 309
95	685	0.0	3	0 1 448 236
96	600	0.0	3	0 1 386 213
97	467	0.0	3	0 1 288 178
98	439	0.0	3	0 1 272 166
99	373	0.0	3	0 2 216 155
100	277	0.0	3	0 0 168 109
101	290	0.0	3	0 1 186 103
102	216	0.0	3	0 1 140 75
103	195	0.0	3	0 1 135 59
104	173	0.0	3	0 1 99 73
105	133	0.0	3	0 1 80 52
106	132	0.0	3	0 0 87 45
107	122	0.0	3	0 1 67 54
108	92	0.0	3	0 1 50 41
109	74	0.0	3	0 0 40 34
110	69	0.0	3	0 0 43 26
111	65	0.0	3	0 1 35 29
112	83	0.0	3	0 0 58 25
113	31	0.0	3	0 0 22 9
114	28	0.0	3	0 0 12 16
115	35	0.0	3	0 0 18 17
116	32	0.0	3	0 0 16 16
117	24	0.0	3	0 0 12 12
118	26	0.0	3	0 0 10 16
119	22	0.0	3	0 0 9 13
120	29	0.0	3	0 0 16 13
121	28	0.0	3	0 0 16 12
122	20	0.0	3	0 0 3 17
123	32	0.0	3	0 0 9 23
124	36	0.0	3	0 0 9 27
125	35	0.0	3	0 0 3 32
126	35	0.0	3	0 0 7 28
127	50	0.0	3	0 0 3 47
128	93	0.0	3	0 0 8 85
129	115	0.0	3	0 1 4 110
130	114	0.0	3	0 0 8 106
131	185	0.0	3	0 0 6 179
132	205	0.0	3	0 0 1 204
133	192	0.0	3	0 0 6 186
134	209	0.0	3	0 0 2 207
135	284	0.0	3	0 0 2 282
136	304	0.0	3	0 0 0 304
137	321	0.0	3	0 0 4 317
138	343	0.0	3	0 0 4 339
139	431	0.0	3	0 0 2 429
140	442	0.0	3	0 0 1 441
141	527	0.0	3	0 0 2 525
142	606	0.0	3	0 0 2 604
143	705	0.0	3	0 0 1 704
144	825	0.0	3	0 0 0 825
145	977	0.0	3	0 0 2 975
146	1262	0.0	3	0 0 0 1262
147	1422	0.0	3	0 0 3 1419
148	2335	0.0	3	0 0 0 2335
149	5938	0.0	3	0 0 1 5937
150	18439	0.0	3	0 0 1 18438
