This is cutadapt 2.9 with Python 3.5.2
Command line parameters: --nextseq-trim 10 --minimum-length 25 --cores 4 -a AGATCGGAAGAGCACACGTCTGAACTCCAGTCAC -A AGATCGGAAGAGCGTCGTGTAGGGAAAGAGTGTA -o Pacuta_ATHC_TP6_1254_R1_TrimmingRound1.fastq.gz -p Pacuta_ATHC_TP6_1254_R2_TrimmingRound1.fastq.gz Pacuta_ATHC_TP6_1254_R1.fastq.gz Pacuta_ATHC_TP6_1254_R2.fastq.gz
Processing reads on 4 cores in paired-end mode ...
Finished in 670.68 s (40 us/read; 1.49 M reads/minute).

=== Summary ===

Total read pairs processed:         16,614,410
  Read 1 with adapter:               8,213,267 (49.4%)
  Read 2 with adapter:               7,567,326 (45.5%)
Pairs written (passing filters):    16,476,249 (99.2%)

Total basepairs processed: 4,984,323,000 bp
  Read 1: 2,492,161,500 bp
  Read 2: 2,492,161,500 bp
Quality-trimmed:              34,388,238 bp (0.7%)
  Read 1:     5,823,563 bp
  Read 2:    28,564,675 bp
Total written (filtered):  4,435,677,550 bp (89.0%)
  Read 1: 2,206,161,893 bp
  Read 2: 2,229,515,657 bp

=== First read: Adapter 1 ===

Sequence: AGATCGGAAGAGCACACGTCTGAACTCCAGTCAC; Type: regular 3'; Length: 34; Trimmed: 8213267 times

No. of allowed errors:
0-9 bp: 0; 10-19 bp: 1; 20-29 bp: 2; 30-34 bp: 3

Bases preceding removed adapters:
  A: 17.6%
  C: 38.0%
  G: 19.7%
  T: 24.6%
  none/other: 0.1%

Overview of removed sequences
length	count	expect	max.err	error counts
3	287714	259600.2	0	287714
4	147714	64900.0	0	147714
5	328448	16225.0	0	328448
8	105111	253.5	0	105111
9	208800	63.4	0	208800
10	807	15.8	1	0 807
11	266214	4.0	1	207828 58386
12	860	1.0	1	0 860
13	138899	0.2	1	107639 31260
14	144843	0.1	1	112270 32573
15	143514	0.0	1	111567 31947
16	152413	0.0	1	117337 35076
17	289076	0.0	1	224744 64332
18	1394	0.0	1	0 1231 163
19	145510	0.0	1	112082 32762 666
20	144355	0.0	2	108429 33438 2488
21	286757	0.0	2	217953 64378 4426
22	2201	0.0	2	0 1525 676
23	148665	0.0	2	111941 34101 2623
24	152546	0.0	2	114007 35442 3097
25	154978	0.0	2	116220 35722 3036
26	156486	0.0	2	117055 36214 3217
27	155259	0.0	2	115506 36264 3489
28	155917	0.0	2	115414 36870 3514 119
29	294609	0.0	2	221761 67190 5432 226
30	3275	0.0	3	0 1924 927 424
31	150191	0.0	3	110220 35260 3442 1269
32	144538	0.0	3	106131 34095 3079 1233
33	147980	0.0	3	107915 35222 3680 1163
34	157245	0.0	3	112029 39126 4664 1426
35	442395	0.0	3	330331 101952 7400 2712
36	3467	0.0	3	442 1809 869 347
37	1893	0.0	3	110 1100 524 159
38	149387	0.0	3	109595 35280 3290 1222
39	143358	0.0	3	105587 33955 2928 888
40	135977	0.0	3	99354 33046 2739 838
41	260607	0.0	3	194410 60494 4236 1467
42	3269	0.0	3	271 1964 827 207
43	128916	0.0	3	95354 30159 2541 862
44	127663	0.0	3	93728 30429 2579 927
45	141390	0.0	3	103623 33644 3062 1061
46	118471	0.0	3	86205 28918 2540 808
47	240243	0.0	3	179223 56036 3698 1286
48	2873	0.0	3	271 1712 663 227
49	110840	0.0	3	81572 26549 2061 658
50	107515	0.0	3	78775 26012 2123 605
51	193899	0.0	3	144452 45516 2898 1033
52	4826	0.0	3	1847 1970 822 187
53	93481	0.0	3	68397 22748 1802 534
54	179211	0.0	3	133493 42067 2702 949
55	2479	0.0	3	378 1382 587 132
56	80498	0.0	3	60020 18814 1262 402
57	80696	0.0	3	59511 19345 1430 410
58	72697	0.0	3	53818 17361 1123 395
59	70025	0.0	3	51344 17070 1233 378
60	66509	0.0	3	48685 16283 1179 362
61	105628	0.0	3	77990 25626 1482 530
62	1673	0.0	3	382 867 337 87
63	50841	0.0	3	37486 12171 923 261
64	45065	0.0	3	32518 11499 832 216
65	79294	0.0	3	59303 18740 949 302
66	1407	0.0	3	386 684 289 48
67	35635	0.0	3	26213 8676 542 204
68	34054	0.0	3	24860 8361 639 194
69	33885	0.0	3	24486 8567 673 159
70	89709	0.0	3	67516 21374 664 155
71	38665	0.0	3	28276 9647 586 156
72	22815	0.0	3	16513 5667 494 141
73	10693	0.0	3	7557 2751 300 85
74	8773	0.0	3	6286 2213 198 76
75	8059	0.0	3	5795 2069 141 54
76	7757	0.0	3	5623 1938 145 51
77	6550	0.0	3	4723 1679 110 38
78	4612	0.0	3	3363 1129 102 18
79	4256	0.0	3	3137 1016 69 34
80	3586	0.0	3	2608 908 52 18
81	3025	0.0	3	2151 811 56 7
82	2667	0.0	3	1910 695 46 16
83	2154	0.0	3	1520 584 36 14
84	1919	0.0	3	1383 481 43 12
85	1594	0.0	3	1115 447 23 9
86	1488	0.0	3	1077 376 28 7
87	1290	0.0	3	940 313 28 9
88	1169	0.0	3	857 289 17 6
89	937	0.0	3	683 233 17 4
90	848	0.0	3	610 222 11 5
91	738	0.0	3	529 190 15 4
92	651	0.0	3	480 160 8 3
93	498	0.0	3	367 120 9 2
94	430	0.0	3	301 113 13 3
95	398	0.0	3	286 105 6 1
96	285	0.0	3	218 56 8 3
97	289	0.0	3	198 84 6 1
98	262	0.0	3	179 68 11 4
99	219	0.0	3	156 50 13
100	175	0.0	3	120 39 15 1
101	194	0.0	3	121 61 7 5
102	136	0.0	3	89 36 9 2
103	117	0.0	3	72 29 12 4
104	102	0.0	3	69 20 10 3
105	77	0.0	3	55 19 3
106	78	0.0	3	43 23 12
107	77	0.0	3	47 17 11 2
108	42	0.0	3	20 12 9 1
109	46	0.0	3	24 9 12 1
110	48	0.0	3	18 15 15
111	64	0.0	3	29 12 23
112	51	0.0	3	16 4 28 3
113	55	0.0	3	16 5 32 2
114	45	0.0	3	10 4 31
115	39	0.0	3	6 2 30 1
116	44	0.0	3	8 7 27 2
117	57	0.0	3	4 1 50 2
118	45	0.0	3	2 2 40 1
119	51	0.0	3	5 2 40 4
120	58	0.0	3	4 2 50 2
121	45	0.0	3	3 1 40 1
122	53	0.0	3	1 2 48 2
123	49	0.0	3	6 0 41 2
124	72	0.0	3	3 0 66 3
125	78	0.0	3	3 3 72
126	85	0.0	3	4 1 76 4
127	70	0.0	3	2 1 66 1
128	86	0.0	3	1 0 85
129	89	0.0	3	5 1 81 2
130	98	0.0	3	1 1 93 3
131	111	0.0	3	1 2 104 4
132	130	0.0	3	2 0 122 6
133	150	0.0	3	3 0 141 6
134	168	0.0	3	2 1 163 2
135	156	0.0	3	3 4 144 5
136	148	0.0	3	1 2 139 6
137	198	0.0	3	4 3 182 9
138	202	0.0	3	0 2 193 7
139	218	0.0	3	5 0 207 6
140	270	0.0	3	5 2 251 12
141	297	0.0	3	0 1 280 16
142	333	0.0	3	2 6 312 13
143	427	0.0	3	1 4 406 16
144	510	0.0	3	1 1 487 21
145	561	0.0	3	6 5 530 20
146	635	0.0	3	5 11 593 26
147	807	0.0	3	0 10 766 31
148	1328	0.0	3	0 15 1262 51
149	3655	0.0	3	0 24 3509 122
150	7915	0.0	3	1 58 7589 267


=== Second read: Adapter 2 ===

Sequence: AGATCGGAAGAGCGTCGTGTAGGGAAAGAGTGTA; Type: regular 3'; Length: 34; Trimmed: 7567326 times

No. of allowed errors:
0-9 bp: 0; 10-19 bp: 1; 20-29 bp: 2; 30-34 bp: 3

Bases preceding removed adapters:
  A: 14.4%
  C: 38.7%
  G: 31.6%
  T: 15.2%
  none/other: 0.0%

Overview of removed sequences
length	count	expect	max.err	error counts
3	435712	259600.2	0	435712
4	165151	64900.0	0	165151
5	318092	16225.0	0	318092
8	100963	253.5	0	100963
9	198990	63.4	0	198990
10	805	15.8	1	0 805
11	239150	4.0	1	198452 40698
12	786	1.0	1	0 786
13	260699	0.2	1	214239 46460
14	546	0.1	1	0 546
15	128959	0.0	1	106736 22223
16	267802	0.0	1	221042 46760
17	696	0.0	1	0 696
18	246159	0.0	1	205138 40645 376
19	971	0.0	1	0 637 334
20	131816	0.0	2	104649 24175 2992
21	521295	0.0	2	420285 92013 8997
22	2248	0.0	2	0 1463 785
23	649	0.0	2	0 283 366
24	856	0.0	2	0 614 242
25	137748	0.0	2	110033 24843 2872
26	140245	0.0	2	109995 26909 3341
27	272765	0.0	2	216974 49933 5858
28	2999	0.0	2	0 2094 744 161
29	264537	0.0	2	208406 49977 6050 104
30	3044	0.0	3	0 2141 663 240
31	258110	0.0	3	202208 47826 5408 2668
32	2429	0.0	3	0 1554 602 273
33	130540	0.0	3	101043 25022 3187 1288
34	134048	0.0	3	102101 26591 3726 1630
35	267122	0.0	3	208117 50369 6034 2602
36	2651	0.0	3	137 1688 566 260
37	131707	0.0	3	101905 25369 3057 1376
38	134515	0.0	3	102134 26715 4004 1662
39	139716	0.0	3	103347 29509 4637 2223
40	366745	0.0	3	288224 68290 7264 2967
41	2250	0.0	3	300 1200 516 234
42	2101	0.0	3	260 1372 362 107
43	205648	0.0	3	161713 38876 3611 1448
44	2374	0.0	3	297 1357 535 185
45	113979	0.0	3	87612 22667 2608 1092
46	227739	0.0	3	179162 42168 4543 1866
47	3972	0.0	3	1400 1646 624 302
48	103946	0.0	3	80586 20151 2281 928
49	114707	0.0	3	90163 20861 2586 1097
50	94819	0.0	3	72981 18501 2386 951
51	115594	0.0	3	90604 21160 2659 1171
52	330599	0.0	3	267352 54215 6301 2731
53	2133	0.0	3	354 1111 443 225
54	1986	0.0	3	311 1246 339 90
55	168973	0.0	3	128969 35904 2956 1144
56	1125	0.0	3	227 553 240 105
57	779	0.0	3	112 422 199 46
58	59368	0.0	3	45251 12342 1281 494
59	88300	0.0	3	67406 18674 1614 606
60	971	0.0	3	168 549 208 46
61	42377	0.0	3	31855 9310 870 342
62	80158	0.0	3	61652 16310 1515 681
63	669	0.0	3	73 421 133 42
64	28343	0.0	3	21349 6307 526 161
65	30810	0.0	3	23695 6352 543 220
66	32529	0.0	3	25124 6546 601 258
67	28396	0.0	3	21653 5953 574 216
68	30211	0.0	3	23794 5641 562 214
69	24961	0.0	3	19277 5015 460 209
70	23133	0.0	3	18045 4520 420 148
71	19365	0.0	3	14975 3877 355 158
72	18103	0.0	3	13952 3653 354 144
73	17635	0.0	3	13840 3328 339 128
74	18882	0.0	3	15253 3242 279 108
75	26107	0.0	3	22225 3480 277 125
76	18516	0.0	3	15169 2903 274 170
77	9051	0.0	3	6677 2089 195 90
78	6613	0.0	3	4784 1614 151 64
79	5906	0.0	3	4248 1479 132 47
80	5395	0.0	3	3828 1417 106 44
81	4238	0.0	3	3000 1126 76 36
82	3466	0.0	3	2516 869 54 27
83	3131	0.0	3	2279 780 52 20
84	2729	0.0	3	1971 687 51 20
85	2536	0.0	3	1862 605 48 21
86	2024	0.0	3	1441 532 40 11
87	1527	0.0	3	1045 435 33 14
88	1346	0.0	3	954 358 23 11
89	1112	0.0	3	759 329 15 9
90	975	0.0	3	684 265 20 6
91	746	0.0	3	542 187 11 6
92	660	0.0	3	443 195 15 7
93	552	0.0	3	366 167 10 9
94	460	0.0	3	300 146 7 7
95	386	0.0	3	271 104 9 2
96	375	0.0	3	252 111 7 5
97	278	0.0	3	190 80 4 4
98	273	0.0	3	166 92 13 2
99	202	0.0	3	137 58 5 2
100	158	0.0	3	97 56 4 1
101	169	0.0	3	116 46 4 3
102	162	0.0	3	102 53 6 1
103	124	0.0	3	82 37 4 1
104	105	0.0	3	77 22 3 3
105	83	0.0	3	49 28 5 1
106	71	0.0	3	48 17 4 2
107	84	0.0	3	52 24 4 4
108	38	0.0	3	19 16 2 1
109	42	0.0	3	23 14 2 3
110	38	0.0	3	23 14 1
111	59	0.0	3	33 16 8 2
112	35	0.0	3	25 7 1 2
113	27	0.0	3	11 11 5
114	19	0.0	3	12 7
115	16	0.0	3	6 2 7 1
116	18	0.0	3	11 3 4
117	19	0.0	3	8 3 5 3
118	13	0.0	3	3 5 5
119	15	0.0	3	4 3 4 4
120	20	0.0	3	4 3 11 2
121	12	0.0	3	4 3 4 1
122	13	0.0	3	2 2 9
123	18	0.0	3	5 2 8 3
124	18	0.0	3	0 4 12 2
125	25	0.0	3	4 4 15 2
126	33	0.0	3	3 2 28
127	35	0.0	3	3 2 29 1
128	42	0.0	3	1 0 39 2
129	70	0.0	3	1 0 63 6
130	94	0.0	3	4 4 75 11
131	90	0.0	3	4 2 82 2
132	106	0.0	3	4 0 94 8
133	113	0.0	3	1 2 107 3
134	118	0.0	3	3 2 107 6
135	167	0.0	3	2 1 161 3
136	167	0.0	3	3 1 154 9
137	184	0.0	3	3 4 168 9
138	215	0.0	3	1 0 206 8
139	223	0.0	3	2 4 208 9
140	254	0.0	3	3 1 246 4
141	280	0.0	3	2 3 262 13
142	310	0.0	3	2 4 294 10
143	368	0.0	3	1 4 345 18
144	480	0.0	3	1 5 455 19
145	534	0.0	3	2 8 504 20
146	647	0.0	3	0 8 619 20
147	771	0.0	3	2 6 724 39
148	1157	0.0	3	0 10 1089 58
149	3213	0.0	3	1 19 3063 130
150	9449	0.0	3	0 79 8953 417
