This is cutadapt 2.9 with Python 3.5.2
Command line parameters: --nextseq-trim 10 --minimum-length 25 --cores 4 -a AGATCGGAAGAGCACACGTCTGAACTCCAGTCAC -A AGATCGGAAGAGCGTCGTGTAGGGAAAGAGTGTA -o Pacuta_ATAC_TP9_1594_R1_TrimmingRound1.fastq.gz -p Pacuta_ATAC_TP9_1594_R2_TrimmingRound1.fastq.gz Pacuta_ATAC_TP9_1594_R1.fastq.gz Pacuta_ATAC_TP9_1594_R2.fastq.gz
Processing reads on 4 cores in paired-end mode ...
Finished in 641.41 s (39 us/read; 1.53 M reads/minute).

=== Summary ===

Total read pairs processed:         16,358,516
  Read 1 with adapter:               7,496,048 (45.8%)
  Read 2 with adapter:               6,800,595 (41.6%)
Pairs written (passing filters):    16,228,670 (99.2%)

Total basepairs processed: 4,907,554,800 bp
  Read 1: 2,453,777,400 bp
  Read 2: 2,453,777,400 bp
Quality-trimmed:              32,438,515 bp (0.7%)
  Read 1:     5,104,721 bp
  Read 2:    27,333,794 bp
Total written (filtered):  4,410,183,858 bp (89.9%)
  Read 1: 2,192,627,499 bp
  Read 2: 2,217,556,359 bp

=== First read: Adapter 1 ===

Sequence: AGATCGGAAGAGCACACGTCTGAACTCCAGTCAC; Type: regular 3'; Length: 34; Trimmed: 7496048 times

No. of allowed errors:
0-9 bp: 0; 10-19 bp: 1; 20-29 bp: 2; 30-34 bp: 3

Bases preceding removed adapters:
  A: 20.4%
  C: 34.7%
  G: 20.3%
  T: 24.5%
  none/other: 0.0%

Overview of removed sequences
length	count	expect	max.err	error counts
3	284110	255601.8	0	284110
4	137085	63900.5	0	137085
5	284859	15975.1	0	284859
8	91664	249.6	0	91664
9	184993	62.4	0	184993
10	630	15.6	1	0 630
11	254370	3.9	1	185578 68792
12	640	1.0	1	0 640
13	130315	0.2	1	94808 35507
14	133560	0.1	1	96957 36603
15	130797	0.0	1	94835 35962
16	138882	0.0	1	100332 38550
17	262598	0.0	1	191059 71539
18	1145	0.0	1	0 991 154
19	135316	0.0	1	97590 37219 507
20	134323	0.0	2	95110 36695 2518
21	268368	0.0	2	190628 73095 4645
22	1993	0.0	2	0 1286 707
23	137607	0.0	2	96988 37917 2702
24	140332	0.0	2	98784 38706 2842
25	140535	0.0	2	98989 38637 2909
26	140791	0.0	2	99304 38409 3078
27	140718	0.0	2	98558 38901 3259
28	139734	0.0	2	97191 39024 3443 76
29	270078	0.0	2	191637 73134 5136 171
30	2990	0.0	3	0 1658 962 370
31	137182	0.0	3	95084 37690 3297 1111
32	133678	0.0	3	92922 36789 2923 1044
33	137110	0.0	3	94629 38053 3363 1065
34	144986	0.0	3	98310 41002 4211 1463
35	264484	0.0	3	185028 72457 5253 1746
36	3161	0.0	3	220 1797 921 223
37	137455	0.0	3	95001 38285 3141 1028
38	128399	0.0	3	89683 35184 2662 870
39	130408	0.0	3	91025 35685 2814 884
40	122552	0.0	3	85805 33549 2492 706
41	123747	0.0	3	86253 34070 2609 815
42	121693	0.0	3	84657 33608 2598 830
43	118838	0.0	3	82714 32709 2597 818
44	117339	0.0	3	81718 32275 2508 838
45	125107	0.0	3	86878 34585 2805 839
46	106549	0.0	3	73254 30153 2436 706
47	216308	0.0	3	151849 59421 3734 1304
48	2493	0.0	3	286 1422 601 184
49	101438	0.0	3	70958 27847 2009 624
50	97961	0.0	3	68033 27306 2043 579
51	179049	0.0	3	126562 48694 2818 975
52	3118	0.0	3	770 1482 681 185
53	86612	0.0	3	60304 24019 1743 546
54	165593	0.0	3	116695 45102 2835 961
55	1925	0.0	3	211 1076 524 114
56	73600	0.0	3	51842 20155 1224 379
57	72974	0.0	3	50871 20351 1371 381
58	65568	0.0	3	46065 18008 1153 342
59	61897	0.0	3	42879 17538 1140 340
60	59296	0.0	3	40941 16932 1119 304
61	99536	0.0	3	70256 27486 1340 454
62	1302	0.0	3	230 687 301 84
63	46105	0.0	3	31993 13018 864 230
64	41794	0.0	3	28929 11887 793 185
65	73159	0.0	3	51802 20132 919 306
66	1045	0.0	3	208 557 230 50
67	32887	0.0	3	22882 9266 576 163
68	30930	0.0	3	21505 8659 610 156
69	30185	0.0	3	20677 8781 607 120
70	78286	0.0	3	55998 21524 619 145
71	29222	0.0	3	20439 8149 505 129
72	19276	0.0	3	13250 5497 407 122
73	10266	0.0	3	7026 2903 257 80
74	8734	0.0	3	5952 2495 225 62
75	7858	0.0	3	5332 2304 175 47
76	7565	0.0	3	5168 2224 133 40
77	6247	0.0	3	4287 1793 118 49
78	4641	0.0	3	3159 1366 79 37
79	4075	0.0	3	2713 1257 86 19
80	3420	0.0	3	2315 1022 68 15
81	2874	0.0	3	1912 879 65 18
82	2473	0.0	3	1683 722 56 12
83	2218	0.0	3	1503 666 43 6
84	1910	0.0	3	1301 559 38 12
85	1609	0.0	3	1090 480 30 9
86	1419	0.0	3	963 426 22 8
87	1207	0.0	3	819 357 21 10
88	1044	0.0	3	731 288 17 8
89	882	0.0	3	622 240 15 5
90	796	0.0	3	559 216 16 5
91	646	0.0	3	439 195 9 3
92	569	0.0	3	356 199 12 2
93	411	0.0	3	272 127 12
94	398	0.0	3	264 124 7 3
95	353	0.0	3	232 117 3 1
96	277	0.0	3	179 89 7 2
97	241	0.0	3	153 77 9 2
98	211	0.0	3	141 63 4 3
99	201	0.0	3	134 56 9 2
100	156	0.0	3	107 41 6 2
101	127	0.0	3	80 36 10 1
102	132	0.0	3	80 45 7
103	76	0.0	3	47 23 6
104	88	0.0	3	56 26 5 1
105	61	0.0	3	37 19 5
106	57	0.0	3	33 18 5 1
107	34	0.0	3	19 11 4
108	50	0.0	3	27 18 5
109	31	0.0	3	15 12 4
110	24	0.0	3	12 7 5
111	33	0.0	3	15 10 8
112	60	0.0	3	41 10 9
113	28	0.0	3	12 7 9
114	33	0.0	3	11 5 15 2
115	19	0.0	3	7 3 9
116	21	0.0	3	8 3 10
117	27	0.0	3	9 1 17
118	30	0.0	3	5 5 19 1
119	27	0.0	3	5 3 17 2
120	33	0.0	3	5 6 18 4
121	33	0.0	3	8 2 20 3
122	24	0.0	3	4 1 17 2
123	35	0.0	3	5 0 27 3
124	30	0.0	3	1 1 27 1
125	37	0.0	3	5 1 30 1
126	29	0.0	3	6 1 22
127	44	0.0	3	6 1 36 1
128	35	0.0	3	2 1 30 2
129	33	0.0	3	4 1 26 2
130	51	0.0	3	5 2 43 1
131	54	0.0	3	3 3 47 1
132	62	0.0	3	2 1 59
133	60	0.0	3	3 3 53 1
134	69	0.0	3	0 2 65 2
135	86	0.0	3	7 2 76 1
136	88	0.0	3	0 1 85 2
137	98	0.0	3	3 2 86 7
138	96	0.0	3	2 2 90 2
139	112	0.0	3	2 4 102 4
140	127	0.0	3	3 3 119 2
141	135	0.0	3	2 2 127 4
142	142	0.0	3	1 4 132 5
143	211	0.0	3	2 5 198 6
144	247	0.0	3	0 3 237 7
145	229	0.0	3	0 6 216 7
146	289	0.0	3	0 2 276 11
147	406	0.0	3	1 4 386 15
148	734	0.0	3	0 10 698 26
149	1865	0.0	3	2 23 1764 76
150	4215	0.0	3	3 47 4015 150


=== Second read: Adapter 2 ===

Sequence: AGATCGGAAGAGCGTCGTGTAGGGAAAGAGTGTA; Type: regular 3'; Length: 34; Trimmed: 6800595 times

No. of allowed errors:
0-9 bp: 0; 10-19 bp: 1; 20-29 bp: 2; 30-34 bp: 3

Bases preceding removed adapters:
  A: 17.0%
  C: 34.7%
  G: 33.1%
  T: 15.2%
  none/other: 0.0%

Overview of removed sequences
length	count	expect	max.err	error counts
3	433125	255601.8	0	433125
4	153345	63900.5	0	153345
5	268991	15975.1	0	268991
8	85126	249.6	0	85126
9	170743	62.4	0	170743
10	777	15.6	1	0 777
11	224974	3.9	1	171876 53098
12	619	1.0	1	0 619
13	240354	0.2	1	181204 59150
14	428	0.1	1	0 428
15	114426	0.0	1	87741 26685
16	241154	0.0	1	183779 57375
17	503	0.0	1	0 503
18	219999	0.0	1	169995 49701 303
19	859	0.0	1	0 544 315
20	120467	0.0	2	88512 28814 3141
21	475612	0.0	2	353908 111473 10231
22	1997	0.0	2	0 1243 754
23	547	0.0	2	0 215 332
24	760	0.0	2	0 490 270
25	123214	0.0	2	90873 29110 3231
26	124397	0.0	2	90530 30426 3441
27	242776	0.0	2	178653 57963 6160
28	2426	0.0	2	0 1501 798 127
29	240177	0.0	2	175293 58228 6558 98
30	2597	0.0	3	0 1647 677 273
31	234714	0.0	3	170673 55272 5827 2942
32	2705	0.0	3	0 1764 663 278
33	238018	0.0	3	171962 57085 6390 2581
34	2036	0.0	3	25 716 905 390
35	117805	0.0	3	25 85315 29085 3380
36	121581	0.0	3	25 87293 30195 4068
37	113456	0.0	3	20 82896 27288 3252
38	116796	0.0	3	40 84162 28511 4083
39	109200	0.0	3	30 80321 25915 2934
40	110772	0.0	3	17 80004 27307 3444
41	211836	0.0	3	63 154649 51089 6035
42	2694	0.0	3	0 381 1648 665
43	201937	0.0	3	56 148266 48088 5527
44	1950	0.0	3	0 284 1104 562
45	100934	0.0	3	15 73138 24702 3079
46	194794	0.0	3	46 142904 46486 5358
47	2421	0.0	3	1 589 1261 570
48	93402	0.0	3	20 68066 22584 2732
49	92026	0.0	3	23 67417 21765 2821
50	84552	0.0	3	16 61502 20499 2535
51	89478	0.0	3	15 65002 21503 2958
52	273048	0.0	3	48 205766 59627 7607
53	1617	0.0	3	3 341 885 388
54	1354	0.0	3	1 149 863 341
55	166636	0.0	3	34 120685 42175 3742
56	950	0.0	3	0 203 482 265
57	568	0.0	3	2 69 351 146
58	56706	0.0	3	14 41000 14137 1555
59	91034	0.0	3	35 66184 22862 1953
60	829	0.0	3	4 113 502 210
61	43544	0.0	3	6 31275 11149 1114
62	78992	0.0	3	32 57635 19341 1984
63	544	0.0	3	0 43 356 145
64	28892	0.0	3	7 20706 7623 556
65	30786	0.0	3	23 22558 7512 693
66	30144	0.0	3	6 22146 7296 696
67	27606	0.0	3	9 20193 6732 672
68	27489	0.0	3	5 20533 6289 662
69	23020	0.0	3	10 16821 5687 502
70	20298	0.0	3	10 14833 4979 476
71	18427	0.0	3	7 13510 4484 426
72	16219	0.0	3	8 11836 3975 400
73	16297	0.0	3	6 12197 3745 349
74	17187	0.0	3	0 13296 3538 353
75	22408	0.0	3	3 18335 3706 364
76	14704	0.0	3	1 11221 3111 371
77	7523	0.0	3	3 5162 2116 242
78	5875	0.0	3	4 4018 1683 170
79	5073	0.0	3	0 3312 1634 127
80	4832	0.0	3	1 3201 1514 116
81	3806	0.0	3	0 2524 1182 100
82	3060	0.0	3	4 2034 941 81
83	2856	0.0	3	1 1911 888 56
84	2545	0.0	3	0 1722 755 68
85	2240	0.0	3	0 1554 626 60
86	1731	0.0	3	0 1153 531 47
87	1371	0.0	3	0 857 472 42
88	1227	0.0	3	0 804 394 29
89	1055	0.0	3	0 646 382 27
90	866	0.0	3	0 522 312 32
91	644	0.0	3	0 411 222 11
92	567	0.0	3	0 358 193 16
93	474	0.0	3	0 294 161 19
94	385	0.0	3	0 240 134 11
95	351	0.0	3	0 225 119 7
96	280	0.0	3	0 159 110 11
97	244	0.0	3	0 142 95 7
98	188	0.0	3	0 114 71 3
99	176	0.0	3	0 108 59 9
100	138	0.0	3	0 74 60 4
101	118	0.0	3	0 76 37 5
102	127	0.0	3	0 76 49 2
103	88	0.0	3	0 56 30 2
104	82	0.0	3	0 50 26 6
105	74	0.0	3	0 45 27 2
106	55	0.0	3	0 28 24 3
107	41	0.0	3	0 27 14
108	50	0.0	3	0 24 23 3
109	36	0.0	3	0 19 15 2
110	24	0.0	3	0 14 9 1
111	39	0.0	3	0 20 17 2
112	58	0.0	3	0 42 14 2
113	32	0.0	3	0 18 12 2
114	21	0.0	3	0 10 7 4
115	17	0.0	3	0 9 5 3
116	15	0.0	3	0 10 2 3
117	21	0.0	3	0 9 4 8
118	18	0.0	3	0 11 4 3
119	19	0.0	3	0 8 5 6
120	15	0.0	3	0 7 7 1
121	16	0.0	3	0 5 6 5
122	13	0.0	3	0 6 2 5
123	14	0.0	3	0 6 3 5
124	13	0.0	3	0 4 5 4
125	10	0.0	3	0 3 0 7
126	16	0.0	3	0 7 2 7
127	31	0.0	3	0 8 3 20
128	37	0.0	3	0 8 2 27
129	35	0.0	3	0 3 1 31
130	35	0.0	3	0 2 2 31
131	43	0.0	3	0 0 2 41
132	55	0.0	3	0 4 4 47
133	65	0.0	3	0 6 2 57
134	53	0.0	3	0 2 1 50
135	82	0.0	3	0 3 2 77
136	82	0.0	3	0 3 1 78
137	81	0.0	3	0 2 4 75
138	95	0.0	3	0 1 1 93
139	122	0.0	3	0 0 2 120
140	117	0.0	3	0 0 3 114
141	125	0.0	3	0 4 2 119
142	165	0.0	3	0 0 4 161
143	178	0.0	3	0 1 5 172
144	222	0.0	3	0 1 4 217
145	236	0.0	3	0 0 9 227
146	302	0.0	3	0 0 6 296
147	353	0.0	3	0 0 6 347
148	575	0.0	3	0 0 7 568
149	1476	0.0	3	0 0 15 1461
150	4692	0.0	3	0 1 68 4623
