This is cutadapt 2.9 with Python 3.5.2
Command line parameters: --nextseq-trim 10 --minimum-length 25 --cores 4 -a AGATCGGAAGAGCACACGTCTGAACTCCAGTCAC -A AGATCGGAAGAGCGTCGTGTAGGGAAAGAGTGTA -o Pacuta_HTAC_TP6_1466_R1_TrimmingRound1.fastq.gz -p Pacuta_HTAC_TP6_1466_R2_TrimmingRound1.fastq.gz Pacuta_HTAC_TP6_1466_R1.fastq.gz Pacuta_HTAC_TP6_1466_R2.fastq.gz
Processing reads on 4 cores in paired-end mode ...
Finished in 682.12 s (41 us/read; 1.47 M reads/minute).

=== Summary ===

Total read pairs processed:         16,731,369
  Read 1 with adapter:               8,228,476 (49.2%)
  Read 2 with adapter:               7,626,598 (45.6%)
Pairs written (passing filters):    16,575,353 (99.1%)

Total basepairs processed: 5,019,410,700 bp
  Read 1: 2,509,705,350 bp
  Read 2: 2,509,705,350 bp
Quality-trimmed:              43,553,612 bp (0.9%)
  Read 1:     5,472,860 bp
  Read 2:    38,080,752 bp
Total written (filtered):  4,466,614,386 bp (89.0%)
  Read 1: 2,223,935,892 bp
  Read 2: 2,242,678,494 bp

=== First read: Adapter 1 ===

Sequence: AGATCGGAAGAGCACACGTCTGAACTCCAGTCAC; Type: regular 3'; Length: 34; Trimmed: 8228476 times

No. of allowed errors:
0-9 bp: 0; 10-19 bp: 1; 20-29 bp: 2; 30-34 bp: 3

Bases preceding removed adapters:
  A: 18.2%
  C: 39.2%
  G: 19.1%
  T: 23.4%
  none/other: 0.0%

Overview of removed sequences
length	count	expect	max.err	error counts
3	284226	261427.6	0	284226
4	147458	65356.9	0	147458
5	329787	16339.2	0	329787
8	105286	255.3	0	105286
9	209915	63.8	0	209915
10	628	16.0	1	0 628
11	280770	4.0	1	208227 72543
12	640	1.0	1	0 640
13	144386	0.2	1	106897 37489
14	151229	0.1	1	111648 39581
15	148969	0.0	1	110299 38670
16	156893	0.0	1	115482 41411
17	300106	0.0	1	222603 77503
18	1177	0.0	1	0 1027 150
19	150464	0.0	1	110652 39271 541
20	148639	0.0	2	107278 38686 2675
21	296508	0.0	2	215122 76129 5257
22	1883	0.0	2	0 1272 611
23	152428	0.0	2	109650 39872 2906
24	156537	0.0	2	111666 41335 3536
25	157992	0.0	2	112991 41423 3578
26	159742	0.0	2	113770 42128 3844
27	158280	0.0	2	112954 41326 4000
28	158683	0.0	2	112091 42315 4173 104
29	301368	0.0	2	215256 79322 6537 253
30	3001	0.0	3	0 1685 886 430
31	151531	0.0	3	105792 40367 3917 1455
32	145471	0.0	3	101737 38909 3461 1364
33	148820	0.0	3	104088 39714 3733 1285
34	150036	0.0	3	104486 40112 4004 1434
35	151118	0.0	3	105940 39993 3911 1274
36	159547	0.0	3	109180 43523 4864 1980
37	292586	0.0	3	206967 76520 6635 2464
38	4247	0.0	3	289 2631 1049 278
39	278027	0.0	3	198101 72429 5473 2024
40	2490	0.0	3	92 1597 637 164
41	129564	0.0	3	92135 33797 2679 953
42	126775	0.0	3	89564 33522 2756 933
43	127223	0.0	3	89688 33522 2907 1106
44	126501	0.0	3	89003 33565 2865 1068
45	137936	0.0	3	97009 36530 3173 1224
46	115194	0.0	3	80357 31097 2835 905
47	236425	0.0	3	168538 61686 4531 1670
48	2956	0.0	3	456 1621 689 190
49	108024	0.0	3	76679 28427 2171 747
50	105939	0.0	3	74494 28340 2348 757
51	189090	0.0	3	135023 49478 3380 1209
52	4000	0.0	3	1387 1723 688 202
53	91181	0.0	3	64011 24476 1986 708
54	174616	0.0	3	123967 46043 3386 1220
55	2059	0.0	3	382 1071 479 127
56	78141	0.0	3	55773 20507 1396 465
57	77964	0.0	3	55338 20682 1455 489
58	70132	0.0	3	49839 18516 1311 466
59	67345	0.0	3	47368 18130 1456 391
60	63820	0.0	3	45009 17121 1290 400
61	103413	0.0	3	73539 27683 1591 600
62	1534	0.0	3	362 718 358 96
63	48153	0.0	3	33843 13071 925 314
64	43454	0.0	3	30189 12115 910 240
65	76780	0.0	3	54835 20395 1163 387
66	1196	0.0	3	342 545 248 61
67	34608	0.0	3	24656 9215 562 175
68	32926	0.0	3	23217 8798 687 224
69	31476	0.0	3	21930 8709 642 195
70	71422	0.0	3	51859 18761 615 187
71	32225	0.0	3	22648 8815 573 189
72	22201	0.0	3	15610 5955 459 177
73	11906	0.0	3	8142 3351 310 103
74	10534	0.0	3	7302 2905 247 80
75	9583	0.0	3	6725 2590 185 83
76	9084	0.0	3	6352 2479 200 53
77	8134	0.0	3	5594 2325 170 45
78	6399	0.0	3	4474 1729 155 41
79	4976	0.0	3	3482 1345 112 37
80	4462	0.0	3	3084 1250 98 30
81	3462	0.0	3	2434 926 71 31
82	3010	0.0	3	2117 807 63 23
83	2591	0.0	3	1813 714 50 14
84	2332	0.0	3	1640 630 48 14
85	2076	0.0	3	1435 581 46 14
86	1879	0.0	3	1309 519 38 13
87	1566	0.0	3	1065 464 31 6
88	1463	0.0	3	1031 399 21 12
89	1104	0.0	3	778 288 26 12
90	967	0.0	3	686 258 17 6
91	837	0.0	3	584 235 15 3
92	774	0.0	3	554 203 13 4
93	586	0.0	3	408 160 17 1
94	513	0.0	3	352 147 11 3
95	454	0.0	3	297 141 12 4
96	340	0.0	3	232 97 8 3
97	338	0.0	3	239 86 11 2
98	303	0.0	3	212 86 5
99	251	0.0	3	163 82 5 1
100	240	0.0	3	162 67 9 2
101	182	0.0	3	125 52 3 2
102	182	0.0	3	129 45 6 2
103	125	0.0	3	76 41 6 2
104	108	0.0	3	72 31 5
105	100	0.0	3	63 30 7
106	76	0.0	3	52 18 6
107	58	0.0	3	37 14 7
108	42	0.0	3	31 7 4
109	53	0.0	3	27 19 6 1
110	46	0.0	3	25 12 9
111	44	0.0	3	22 9 12 1
112	38	0.0	3	20 4 13 1
113	32	0.0	3	17 6 8 1
114	21	0.0	3	12 2 7
115	33	0.0	3	16 2 15
116	33	0.0	3	14 3 14 2
117	30	0.0	3	11 1 17 1
118	30	0.0	3	7 5 18
119	30	0.0	3	4 4 21 1
120	29	0.0	3	3 7 18 1
121	34	0.0	3	5 5 22 2
122	34	0.0	3	4 2 27 1
123	35	0.0	3	5 2 28
124	39	0.0	3	4 3 31 1
125	35	0.0	3	3 1 30 1
126	41	0.0	3	3 2 35 1
127	45	0.0	3	3 1 38 3
128	58	0.0	3	4 3 51
129	53	0.0	3	1 3 48 1
130	56	0.0	3	2 2 52
131	72	0.0	3	3 2 66 1
132	67	0.0	3	1 1 62 3
133	77	0.0	3	5 0 70 2
134	78	0.0	3	4 1 70 3
135	91	0.0	3	5 1 85
136	117	0.0	3	3 1 110 3
137	109	0.0	3	3 0 105 1
138	116	0.0	3	5 3 104 4
139	134	0.0	3	1 0 128 5
140	160	0.0	3	4 0 148 8
141	157	0.0	3	1 5 147 4
142	194	0.0	3	1 5 184 4
143	265	0.0	3	6 3 248 8
144	322	0.0	3	2 2 305 13
145	323	0.0	3	2 4 308 9
146	369	0.0	3	1 6 345 17
147	492	0.0	3	2 6 466 18
148	933	0.0	3	2 6 894 31
149	2169	0.0	3	1 24 2072 72
150	5204	0.0	3	1 66 4960 177


=== Second read: Adapter 2 ===

Sequence: AGATCGGAAGAGCGTCGTGTAGGGAAAGAGTGTA; Type: regular 3'; Length: 34; Trimmed: 7626598 times

No. of allowed errors:
0-9 bp: 0; 10-19 bp: 1; 20-29 bp: 2; 30-34 bp: 3

Bases preceding removed adapters:
  A: 16.2%
  C: 38.9%
  G: 30.1%
  T: 14.8%
  none/other: 0.0%

Overview of removed sequences
length	count	expect	max.err	error counts
3	439659	261427.6	0	439659
4	164866	65356.9	0	164866
5	313576	16339.2	0	313576
8	99045	255.3	0	99045
9	195412	63.8	0	195412
10	888	16.0	1	0 888
11	253627	4.0	1	194438 59189
12	727	1.0	1	0 727
13	277837	0.2	1	210757 67080
14	487	0.1	1	0 487
15	133146	0.0	1	102427 30719
16	285147	0.0	1	217379 67768
17	662	0.0	1	0 662
18	249854	0.0	1	193367 56108 379
19	861	0.0	1	0 560 301
20	135971	0.0	2	99438 32716 3817
21	538871	0.0	2	397607 128270 12994
22	2037	0.0	2	0 1258 779
23	583	0.0	2	0 217 366
24	850	0.0	2	0 533 317
25	140468	0.0	2	102615 34022 3831
26	144561	0.0	2	103136 36585 4840
27	280260	0.0	2	202598 69146 8516
28	2581	0.0	2	0 1690 784 107
29	274875	0.0	2	195844 69507 9380 144
30	2730	0.0	3	0 1745 738 247
31	260365	0.0	3	185092 63593 7876 3804
32	2312	0.0	3	0 1254 755 303
33	134494	0.0	3	93133 34522 4981 1858
34	415132	0.0	3	291333 103281 14781 5737
35	2837	0.0	3	433 1239 727 438
36	1533	0.0	3	97 766 399 271
37	133532	0.0	3	93340 33300 4838 2054
38	138433	0.0	3	94172 36303 5614 2344
39	643844	0.0	3	474599 141467 19839 7939
40	4837	0.0	3	1148 2040 956 693
41	1065	0.0	3	303 236 287 239
42	2362	0.0	3	264 1476 487 135
43	234094	0.0	3	168743 55992 6624 2735
44	2161	0.0	3	263 1235 515 148
45	112725	0.0	3	80852 27522 3132 1219
46	218019	0.0	3	157258 51908 6244 2609
47	3613	0.0	3	1406 1366 596 245
48	95912	0.0	3	66677 24653 3215 1367
49	128403	0.0	3	95937 27176 3708 1582
50	78152	0.0	3	52077 21857 2970 1248
51	116327	0.0	3	86081 25137 3504 1605
52	223528	0.0	3	155189 57513 7285 3541
53	1645	0.0	3	326 691 432 196
54	1644	0.0	3	264 891 381 108
55	154371	0.0	3	103669 44660 4261 1781
56	991	0.0	3	196 440 245 110
57	668	0.0	3	110 304 184 70
58	53046	0.0	3	36037 14671 1673 665
59	81079	0.0	3	54595 23379 2227 878
60	854	0.0	3	141 424 209 80
61	38279	0.0	3	25348 11194 1262 475
62	68463	0.0	3	46051 19498 2043 871
63	540	0.0	3	73 295 131 41
64	26338	0.0	3	17732 7753 624 229
65	26954	0.0	3	18158 7740 739 317
66	28816	0.0	3	19954 7813 751 298
67	24288	0.0	3	16414 6893 691 290
68	24691	0.0	3	17003 6684 703 301
69	21615	0.0	3	14700 6058 597 260
70	20344	0.0	3	14214 5373 529 228
71	16834	0.0	3	11623 4562 450 199
72	15740	0.0	3	10873 4249 414 204
73	14412	0.0	3	10210 3667 365 170
74	13332	0.0	3	9573 3293 330 136
75	13841	0.0	3	10111 3234 336 160
76	14027	0.0	3	10245 3291 344 147
77	8748	0.0	3	5956 2442 236 114
78	7060	0.0	3	4761 2023 178 98
79	6149	0.0	3	4052 1862 174 61
80	5765	0.0	3	3882 1677 141 65
81	4711	0.0	3	3111 1429 126 45
82	3651	0.0	3	2452 1074 89 36
83	3252	0.0	3	2201 966 63 22
84	2903	0.0	3	1949 853 67 34
85	2619	0.0	3	1744 777 69 29
86	2168	0.0	3	1454 643 51 20
87	1774	0.0	3	1198 505 52 19
88	1521	0.0	3	1040 430 36 15
89	1289	0.0	3	817 426 33 13
90	1097	0.0	3	704 341 35 17
91	828	0.0	3	548 243 28 9
92	776	0.0	3	498 253 19 6
93	628	0.0	3	384 220 19 5
94	524	0.0	3	341 164 13 6
95	472	0.0	3	304 141 21 6
96	374	0.0	3	229 128 12 5
97	320	0.0	3	196 106 13 5
98	268	0.0	3	168 81 12 7
99	239	0.0	3	155 72 7 5
100	203	0.0	3	130 63 6 4
101	186	0.0	3	111 69 4 2
102	157	0.0	3	91 59 5 2
103	130	0.0	3	81 44 3 2
104	114	0.0	3	73 30 6 5
105	89	0.0	3	53 34 1 1
106	74	0.0	3	45 26 3
107	76	0.0	3	47 26 1 2
108	60	0.0	3	36 21 3
109	55	0.0	3	37 17 0 1
110	43	0.0	3	25 11 3 4
111	32	0.0	3	19 8 4 1
112	37	0.0	3	21 14 1 1
113	28	0.0	3	14 11 3
114	19	0.0	3	10 5 1 3
115	25	0.0	3	15 2 6 2
116	30	0.0	3	17 7 6
117	15	0.0	3	7 4 3 1
118	22	0.0	3	11 2 6 3
119	17	0.0	3	9 1 7
120	14	0.0	3	4 6 3 1
121	25	0.0	3	8 6 10 1
122	16	0.0	3	5 5 6
123	15	0.0	3	5 3 5 2
124	20	0.0	3	5 1 13 1
125	9	0.0	3	1 2 4 2
126	19	0.0	3	4 3 12
127	24	0.0	3	3 2 19
128	51	0.0	3	9 1 38 3
129	42	0.0	3	2 0 39 1
130	53	0.0	3	4 2 46 1
131	47	0.0	3	2 2 43
132	62	0.0	3	1 1 54 6
133	100	0.0	3	6 3 87 4
134	93	0.0	3	4 3 82 4
135	111	0.0	3	3 3 100 5
136	100	0.0	3	4 0 93 3
137	96	0.0	3	6 2 83 5
138	140	0.0	3	1 1 132 6
139	129	0.0	3	1 0 120 8
140	165	0.0	3	2 1 152 10
141	193	0.0	3	0 7 177 9
142	178	0.0	3	1 3 161 13
143	239	0.0	3	3 7 224 5
144	267	0.0	3	0 7 246 14
145	332	0.0	3	0 9 300 23
146	394	0.0	3	3 7 361 23
147	494	0.0	3	0 6 466 22
148	752	0.0	3	1 5 693 53
149	1976	0.0	3	1 19 1849 107
150	5821	0.0	3	0 71 5450 300
