This is cutadapt 2.9 with Python 3.5.2
Command line parameters: -G G{20} -e 0.0 -n 10 --minimum-length 25 --cores 4 -o Pacuta_ATAC_TP7_1445_R1_TrimmingRound2.fastq.gz -p Pacuta_ATAC_TP7_1445_R2_TrimmingRound2.fastq.gz Pacuta_ATAC_TP7_1445_R1_TrimmingRound1.fastq.gz Pacuta_ATAC_TP7_1445_R2_TrimmingRound1.fastq.gz
Processing reads on 4 cores in paired-end mode ...
Finished in 515.98 s (25 us/read; 2.39 M reads/minute).

=== Summary ===

Total read pairs processed:         20,581,731
  Read 1 with adapter:                       0 (0.0%)
  Read 2 with adapter:                 366,570 (1.8%)
Pairs written (passing filters):    20,581,671 (100.0%)

Total basepairs processed: 5,526,731,433 bp
  Read 1: 2,763,668,698 bp
  Read 2: 2,763,062,735 bp
Total written (filtered):  5,525,498,556 bp (100.0%)
  Read 1: 2,763,663,445 bp
  Read 2: 2,761,835,111 bp

=== Second read: Adapter 1 ===

Sequence: GGGGGGGGGGGGGGGGGGGG; Type: regular 5'; Length: 20; Trimmed: 366736 times

No. of allowed errors:
0-20 bp: 0

Overview of removed sequences
length	count	expect	max.err	error counts
3	282091	321589.5	0	282091
4	67040	80397.4	0	67040
5	13768	20099.3	0	13768
6	2226	5024.8	0	2226
7	654	1256.2	0	654
8	294	314.1	0	294
9	145	78.5	0	145
10	108	19.6	0	108
11	44	4.9	0	44
12	34	1.2	0	34
13	19	0.3	0	19
14	11	0.1	0	11
15	7	0.0	0	7
16	8	0.0	0	8
17	7	0.0	0	7
19	1	0.0	0	1
20	27	0.0	0	27
21	2	0.0	0	2
22	1	0.0	0	1
23	2	0.0	0	2
24	1	0.0	0	1
25	1	0.0	0	1
26	1	0.0	0	1
27	1	0.0	0	1
28	4	0.0	0	4
29	3	0.0	0	3
30	4	0.0	0	4
31	6	0.0	0	6
32	5	0.0	0	5
33	10	0.0	0	10
34	7	0.0	0	7
35	2	0.0	0	2
36	4	0.0	0	4
37	6	0.0	0	6
38	4	0.0	0	4
41	4	0.0	0	4
43	2	0.0	0	2
44	2	0.0	0	2
45	4	0.0	0	4
46	3	0.0	0	3
47	2	0.0	0	2
48	3	0.0	0	3
49	4	0.0	0	4
50	3	0.0	0	3
51	4	0.0	0	4
52	2	0.0	0	2
53	3	0.0	0	3
54	4	0.0	0	4
55	3	0.0	0	3
56	1	0.0	0	1
57	2	0.0	0	2
58	4	0.0	0	4
59	1	0.0	0	1
60	4	0.0	0	4
61	4	0.0	0	4
62	1	0.0	0	1
63	5	0.0	0	5
64	1	0.0	0	1
65	3	0.0	0	3
66	3	0.0	0	3
68	1	0.0	0	1
70	2	0.0	0	2
72	1	0.0	0	1
73	2	0.0	0	2
74	1	0.0	0	1
75	1	0.0	0	1
79	2	0.0	0	2
80	1	0.0	0	1
83	2	0.0	0	2
84	1	0.0	0	1
85	4	0.0	0	4
86	1	0.0	0	1
87	2	0.0	0	2
88	1	0.0	0	1
89	1	0.0	0	1
90	4	0.0	0	4
91	1	0.0	0	1
92	3	0.0	0	3
93	1	0.0	0	1
94	5	0.0	0	5
95	2	0.0	0	2
96	2	0.0	0	2
97	1	0.0	0	1
98	1	0.0	0	1
99	5	0.0	0	5
100	2	0.0	0	2
101	2	0.0	0	2
102	1	0.0	0	1
104	1	0.0	0	1
105	3	0.0	0	3
106	3	0.0	0	3
108	3	0.0	0	3
109	1	0.0	0	1
110	1	0.0	0	1
112	1	0.0	0	1
115	4	0.0	0	4
117	2	0.0	0	2
118	4	0.0	0	4
122	2	0.0	0	2
123	1	0.0	0	1
124	2	0.0	0	2
125	4	0.0	0	4
126	1	0.0	0	1
128	1	0.0	0	1
129	3	0.0	0	3
130	3	0.0	0	3
131	1	0.0	0	1
132	3	0.0	0	3
133	2	0.0	0	2
134	1	0.0	0	1
135	3	0.0	0	3
136	2	0.0	0	2
138	1	0.0	0	1
140	1	0.0	0	1
141	1	0.0	0	1
143	1	0.0	0	1
144	1	0.0	0	1
145	1	0.0	0	1
146	1	0.0	0	1
147	2	0.0	0	2
148	2	0.0	0	2
