This is cutadapt 2.9 with Python 3.5.2
Command line parameters: --nextseq-trim 10 --minimum-length 25 --cores 4 -a AGATCGGAAGAGCACACGTCTGAACTCCAGTCAC -A AGATCGGAAGAGCGTCGTGTAGGGAAAGAGTGTA -o Pacuta_ATHC_TP10_1205_R1_TrimmingRound1.fastq.gz -p Pacuta_ATHC_TP10_1205_R2_TrimmingRound1.fastq.gz Pacuta_ATHC_TP10_1205_R1.fastq.gz Pacuta_ATHC_TP10_1205_R2.fastq.gz
Processing reads on 4 cores in paired-end mode ...
Finished in 667.52 s (38 us/read; 1.56 M reads/minute).

=== Summary ===

Total read pairs processed:         17,350,632
  Read 1 with adapter:               9,961,542 (57.4%)
  Read 2 with adapter:               9,152,821 (52.8%)
Pairs written (passing filters):    17,205,312 (99.2%)

Total basepairs processed: 5,205,189,600 bp
  Read 1: 2,602,594,800 bp
  Read 2: 2,602,594,800 bp
Quality-trimmed:              38,991,565 bp (0.7%)
  Read 1:     5,916,677 bp
  Read 2:    33,074,888 bp
Total written (filtered):  4,499,434,135 bp (86.4%)
  Read 1: 2,234,208,308 bp
  Read 2: 2,265,225,827 bp

=== First read: Adapter 1 ===

Sequence: AGATCGGAAGAGCACACGTCTGAACTCCAGTCAC; Type: regular 3'; Length: 34; Trimmed: 9961542 times

No. of allowed errors:
0-9 bp: 0; 10-19 bp: 1; 20-29 bp: 2; 30-34 bp: 3

Bases preceding removed adapters:
  A: 18.7%
  C: 41.5%
  G: 18.0%
  T: 21.8%
  none/other: 0.0%

Overview of removed sequences
length	count	expect	max.err	error counts
3	249159	271103.6	0	249159
4	137570	67775.9	0	137570
5	324073	16944.0	0	324073
8	104812	264.7	0	104812
9	205867	66.2	0	205867
10	678	16.5	1	0 678
11	278163	4.1	1	208185 69978
12	672	1.0	1	0 672
13	146821	0.3	1	109779 37042
14	156578	0.1	1	116473 40105
15	156124	0.0	1	116417 39707
16	168989	0.0	1	125141 43848
17	319948	0.0	1	238417 81531
18	1299	0.0	1	0 1150 149
19	161772	0.0	1	118797 42420 555
20	159374	0.0	2	114713 41730 2931
21	318130	0.0	2	231287 81305 5538
22	2278	0.0	2	0 1550 728
23	165877	0.0	2	119320 43244 3313
24	172869	0.0	2	124279 44967 3623
25	179870	0.0	2	129827 46085 3958
26	182885	0.0	2	131358 47329 4198
27	183899	0.0	2	131317 48100 4482
28	186593	0.0	2	132027 49625 4830 111
29	350406	0.0	2	250989 91984 7142 291
30	3660	0.0	3	0 2000 1113 547
31	177566	0.0	3	124247 47266 4411 1642
32	170632	0.0	3	119800 45386 3933 1513
33	176915	0.0	3	123320 47704 4400 1491
34	195185	0.0	3	133902 53153 6016 2114
35	362894	0.0	3	259247 93812 7325 2510
36	4375	0.0	3	317 2538 1172 348
37	195353	0.0	3	137059 52021 4654 1619
38	181225	0.0	3	128069 47917 3979 1260
39	185275	0.0	3	129723 49914 4200 1438
40	171117	0.0	3	120933 45567 3478 1139
41	171041	0.0	3	119989 45943 3893 1216
42	166493	0.0	3	116317 45024 3861 1291
43	166099	0.0	3	116358 44672 3771 1298
44	165179	0.0	3	115895 44319 3704 1261
45	181818	0.0	3	127467 48539 4406 1406
46	159153	0.0	3	111029 43170 3792 1162
47	327632	0.0	3	233062 86669 5859 2042
48	4137	0.0	3	499 2234 1112 292
49	155402	0.0	3	109303 41708 3337 1054
50	150212	0.0	3	104802 41192 3233 985
51	268256	0.0	3	190171 71984 4459 1642
52	4637	0.0	3	1109 2187 1055 286
53	127964	0.0	3	88856 35411 2843 854
54	251812	0.0	3	178064 67422 4701 1625
55	3135	0.0	3	387 1743 786 219
56	116118	0.0	3	82412 30945 2057 704
57	115981	0.0	3	82168 31032 2141 640
58	107385	0.0	3	75693 29108 2007 577
59	102505	0.0	3	71630 28227 2010 638
60	97169	0.0	3	67545 27137 1945 542
61	160822	0.0	3	113238 44335 2416 833
62	2186	0.0	3	408 1116 520 142
63	73698	0.0	3	51233 20595 1431 439
64	68505	0.0	3	47232 19518 1379 376
65	121379	0.0	3	85841 33170 1796 572
66	1675	0.0	3	315 870 390 100
67	56684	0.0	3	39824 15563 972 325
68	54090	0.0	3	37705 15006 1057 322
69	51971	0.0	3	35727 14977 1010 257
70	118312	0.0	3	84542 32431 1036 303
71	47797	0.0	3	33144 13499 922 232
72	34875	0.0	3	24036 9914 700 225
73	20049	0.0	3	13735 5679 503 132
74	17431	0.0	3	11960 4992 368 111
75	16600	0.0	3	11451 4725 334 90
76	16088	0.0	3	11142 4555 309 82
77	13324	0.0	3	9267 3726 266 65
78	10460	0.0	3	7181 3020 196 63
79	9187	0.0	3	6344 2579 204 60
80	7608	0.0	3	5261 2149 152 46
81	6394	0.0	3	4383 1854 118 39
82	5611	0.0	3	3861 1622 106 22
83	4710	0.0	3	3237 1367 84 22
84	4081	0.0	3	2789 1191 67 34
85	3600	0.0	3	2513 1000 63 24
86	3311	0.0	3	2285 943 66 17
87	2777	0.0	3	1907 802 56 12
88	2581	0.0	3	1777 729 57 18
89	2004	0.0	3	1401 559 38 6
90	1851	0.0	3	1309 508 24 10
91	1461	0.0	3	983 438 31 9
92	1305	0.0	3	879 390 26 10
93	1086	0.0	3	722 328 26 10
94	902	0.0	3	600 269 26 7
95	811	0.0	3	561 234 15 1
96	686	0.0	3	452 216 15 3
97	582	0.0	3	404 163 9 6
98	495	0.0	3	348 135 11 1
99	471	0.0	3	314 147 9 1
100	387	0.0	3	252 117 16 2
101	311	0.0	3	205 95 9 2
102	284	0.0	3	201 75 6 2
103	222	0.0	3	143 66 13
104	147	0.0	3	92 46 7 2
105	140	0.0	3	92 41 7
106	129	0.0	3	88 30 10 1
107	113	0.0	3	72 35 5 1
108	100	0.0	3	64 23 12 1
109	91	0.0	3	54 18 17 2
110	90	0.0	3	53 18 17 2
111	93	0.0	3	43 26 23 1
112	99	0.0	3	57 16 25 1
113	60	0.0	3	26 11 21 2
114	64	0.0	3	23 12 27 2
115	61	0.0	3	18 9 31 3
116	61	0.0	3	17 7 36 1
117	40	0.0	3	11 4 25
118	35	0.0	3	6 5 23 1
119	74	0.0	3	10 6 57 1
120	57	0.0	3	6 6 44 1
121	69	0.0	3	9 7 52 1
122	82	0.0	3	7 5 68 2
123	80	0.0	3	6 3 68 3
124	94	0.0	3	12 3 78 1
125	83	0.0	3	7 1 74 1
126	89	0.0	3	9 3 75 2
127	106	0.0	3	7 2 94 3
128	117	0.0	3	10 4 100 3
129	114	0.0	3	7 6 98 3
130	125	0.0	3	6 8 108 3
131	135	0.0	3	3 6 123 3
132	177	0.0	3	6 1 166 4
133	206	0.0	3	6 4 190 6
134	193	0.0	3	6 2 178 7
135	205	0.0	3	6 4 188 7
136	250	0.0	3	4 3 236 7
137	301	0.0	3	3 4 286 8
138	285	0.0	3	6 3 259 17
139	341	0.0	3	6 5 317 13
140	347	0.0	3	7 4 328 8
141	403	0.0	3	3 5 385 10
142	482	0.0	3	2 8 458 14
143	699	0.0	3	4 13 659 23
144	769	0.0	3	3 7 741 18
145	753	0.0	3	2 4 719 28
146	974	0.0	3	8 8 933 25
147	1284	0.0	3	6 15 1222 41
148	2208	0.0	3	2 24 2112 70
149	5861	0.0	3	2 46 5629 184
150	13561	0.0	3	3 127 13025 406


=== Second read: Adapter 2 ===

Sequence: AGATCGGAAGAGCGTCGTGTAGGGAAAGAGTGTA; Type: regular 3'; Length: 34; Trimmed: 9152821 times

No. of allowed errors:
0-9 bp: 0; 10-19 bp: 1; 20-29 bp: 2; 30-34 bp: 3

Bases preceding removed adapters:
  A: 17.6%
  C: 40.4%
  G: 26.6%
  T: 15.4%
  none/other: 0.0%

Overview of removed sequences
length	count	expect	max.err	error counts
3	380468	271103.6	0	380468
4	159202	67775.9	0	159202
5	314074	16944.0	0	314074
8	99816	264.7	0	99816
9	194766	66.2	0	194766
10	876	16.5	1	0 876
11	253522	4.1	1	196892 56630
12	691	1.0	1	0 691
13	287424	0.3	1	221302 66122
14	498	0.1	1	0 498
15	141557	0.0	1	110632 30925
16	306912	0.0	1	237320 69592
17	588	0.0	1	0 588
18	269394	0.0	1	210632 58380 382
19	1036	0.0	1	0 698 338
20	146549	0.0	2	108641 34096 3812
21	588746	0.0	2	440019 135645 13082
22	2339	0.0	2	0 1482 857
23	633	0.0	2	0 248 385
24	875	0.0	2	0 554 321
25	161131	0.0	2	119507 37521 4103
26	166248	0.0	2	121446 39705 5097
27	328924	0.0	2	241405 78454 9065
28	2825	0.0	2	0 1793 870 162
29	320819	0.0	2	231701 79065 9912 141
30	3072	0.0	3	0 1968 849 255
31	306638	0.0	3	221533 72491 8472 4142
32	2397	0.0	3	0 1455 636 306
33	157248	0.0	3	111719 38021 5363 2145
34	159917	0.0	3	83 114989 39517 5328
35	166749	0.0	3	123 118955 41848 5823
36	334692	0.0	3	45 241376 82567 10704
37	3349	0.0	3	56 421 1976 896
38	168065	0.0	3	88 120289 41869 5819
39	164594	0.0	3	85 117296 41622 5591
40	160661	0.0	3	96 113060 41634 5871
41	318943	0.0	3	94 229114 79199 10536
42	6711	0.0	3	355 1000 4117 1239
43	591761	0.0	3	93 471765 106449 13454
44	4596	0.0	3	51 679 2852 1014
45	165981	0.0	3	82 122378 38657 4864
46	269320	0.0	3	67 191756 69454 8043
47	7029	0.0	3	29 3882 2184 934
48	130295	0.0	3	91 91550 34574 4080
49	168188	0.0	3	44 125934 37409 4801
50	106561	0.0	3	76 71122 31356 4007
51	169170	0.0	3	89 128610 35726 4745
52	297081	0.0	3	89 205007 81906 10079
53	2893	0.0	3	8 961 1270 654
54	2299	0.0	3	31 447 1254 567
55	232879	0.0	3	50 158570 68193 6066
56	1753	0.0	3	3 514 842 394
57	855	0.0	3	6 166 468 215
58	83551	0.0	3	19 57349 23630 2553
59	125963	0.0	3	19 84738 37931 3275
60	1257	0.0	3	13 222 673 349
61	58584	0.0	3	26 38931 17779 1848
62	102921	0.0	3	36 68791 31236 2858
63	763	0.0	3	2 104 462 195
64	42331	0.0	3	15 28334 12930 1052
65	42472	0.0	3	31 28573 12824 1044
66	44645	0.0	3	15 30745 12689 1196
67	39553	0.0	3	23 26849 11608 1073
68	39175	0.0	3	8 26911 11211 1045
69	34709	0.0	3	20 23476 10267 946
70	32899	0.0	3	15 22838 9206 840
71	28183	0.0	3	10 19477 8030 666
72	24957	0.0	3	10 17311 6983 653
73	22891	0.0	3	10 16000 6260 621
74	20439	0.0	3	8 14358 5539 534
75	20134	0.0	3	13 14295 5290 536
76	20705	0.0	3	7 14803 5409 486
77	15354	0.0	3	5 10816 4133 400
78	12661	0.0	3	6 8764 3636 255
79	11039	0.0	3	2 7431 3321 285
80	10215	0.0	3	2 6839 3102 272
81	7941	0.0	3	3 5373 2395 170
82	6841	0.0	3	2 4709 1973 157
83	5800	0.0	3	0 3982 1682 136
84	5143	0.0	3	0 3552 1479 112
85	4792	0.0	3	1 3236 1455 100
86	3930	0.0	3	1 2571 1265 93
87	3274	0.0	3	2 2109 1073 90
88	2770	0.0	3	0 1821 872 77
89	2353	0.0	3	0 1498 798 57
90	1901	0.0	3	0 1237 609 55
91	1456	0.0	3	0 924 484 48
92	1375	0.0	3	1 881 462 31
93	1162	0.0	3	0 733 405 24
94	837	0.0	3	0 534 281 22
95	832	0.0	3	0 503 296 33
96	683	0.0	3	0 446 218 19
97	552	0.0	3	0 342 191 19
98	441	0.0	3	1 259 164 17
99	421	0.0	3	0 267 146 8
100	377	0.0	3	0 220 146 11
101	307	0.0	3	1 189 107 10
102	265	0.0	3	0 150 107 8
103	204	0.0	3	0 140 58 6
104	172	0.0	3	0 100 66 6
105	177	0.0	3	0 110 61 6
106	135	0.0	3	0 80 44 11
107	106	0.0	3	0 54 48 4
108	94	0.0	3	0 64 25 5
109	71	0.0	3	0 49 18 4
110	86	0.0	3	0 59 25 2
111	76	0.0	3	0 38 32 6
112	92	0.0	3	0 67 18 7
113	62	0.0	3	0 40 15 7
114	47	0.0	3	0 27 18 2
115	29	0.0	3	0 13 13 3
116	41	0.0	3	0 22 15 4
117	20	0.0	3	0 7 8 5
118	30	0.0	3	0 18 8 4
119	23	0.0	3	0 8 6 9
120	22	0.0	3	0 8 4 10
121	32	0.0	3	0 8 8 16
122	24	0.0	3	0 6 5 13
123	37	0.0	3	0 11 6 20
124	39	0.0	3	0 10 4 25
125	33	0.0	3	0 5 3 25
126	41	0.0	3	0 8 3 30
127	51	0.0	3	0 9 6 36
128	65	0.0	3	0 12 4 49
129	62	0.0	3	0 4 3 55
130	86	0.0	3	0 4 3 79
131	117	0.0	3	0 7 3 107
132	151	0.0	3	0 4 2 145
133	151	0.0	3	0 8 4 139
134	158	0.0	3	0 4 2 152
135	222	0.0	3	0 6 6 210
136	237	0.0	3	0 7 3 227
137	247	0.0	3	0 4 5 238
138	280	0.0	3	0 6 4 270
139	330	0.0	3	0 5 8 317
140	328	0.0	3	0 5 4 319
141	389	0.0	3	0 3 5 381
142	406	0.0	3	0 4 5 397
143	532	0.0	3	0 2 6 524
144	644	0.0	3	0 1 10 633
145	720	0.0	3	0 3 5 712
146	876	0.0	3	0 5 11 860
147	1140	0.0	3	0 5 13 1122
148	1859	0.0	3	0 1 19 1839
149	4704	0.0	3	0 1 51 4652
150	14909	0.0	3	0 3 151 14755
