This is cutadapt 2.9 with Python 3.5.2
Command line parameters: -G G{20} -e 0.0 -n 10 --minimum-length 25 --cores 4 -o Pacuta_ATAC_TP10_1559_R1_TrimmingRound2.fastq.gz -p Pacuta_ATAC_TP10_1559_R2_TrimmingRound2.fastq.gz Pacuta_ATAC_TP10_1559_R1_TrimmingRound1.fastq.gz Pacuta_ATAC_TP10_1559_R2_TrimmingRound1.fastq.gz
Processing reads on 4 cores in paired-end mode ...
Finished in 445.32 s (26 us/read; 2.34 M reads/minute).

=== Summary ===

Total read pairs processed:         17,385,466
  Read 1 with adapter:                       0 (0.0%)
  Read 2 with adapter:                 961,734 (5.5%)
Pairs written (passing filters):    17,380,954 (100.0%)

Total basepairs processed: 4,612,797,605 bp
  Read 1: 2,295,524,967 bp
  Read 2: 2,317,272,638 bp
Total written (filtered):  4,595,752,405 bp (99.6%)
  Read 1: 2,294,918,217 bp
  Read 2: 2,300,834,188 bp

=== Second read: Adapter 1 ===

Sequence: GGGGGGGGGGGGGGGGGGGG; Type: regular 5'; Length: 20; Trimmed: 1361468 times

No. of allowed errors:
0-20 bp: 0

Overview of removed sequences
length	count	expect	max.err	error counts
3	313808	271647.9	0	313808
4	96221	67912.0	0	96221
5	49583	16978.0	0	49583
6	42270	4244.5	0	42270
7	35638	1061.1	0	35638
8	37202	265.3	0	37202
9	30067	66.3	0	30067
10	32155	16.6	0	32155
11	37471	4.1	0	37471
12	30510	1.0	0	30510
13	29930	0.3	0	29930
14	29549	0.1	0	29549
15	28681	0.0	0	28681
16	27445	0.0	0	27445
17	25162	0.0	0	25162
18	26312	0.0	0	26312
19	21645	0.0	0	21645
20	449986	0.0	0	449986
21	5546	0.0	0	5546
22	443	0.0	0	443
23	387	0.0	0	387
24	358	0.0	0	358
25	409	0.0	0	409
26	462	0.0	0	462
27	457	0.0	0	457
28	450	0.0	0	450
29	528	0.0	0	528
30	452	0.0	0	452
31	482	0.0	0	482
32	522	0.0	0	522
33	458	0.0	0	458
34	385	0.0	0	385
35	480	0.0	0	480
36	424	0.0	0	424
37	365	0.0	0	365
38	432	0.0	0	432
39	469	0.0	0	469
40	423	0.0	0	423
41	166	0.0	0	166
42	145	0.0	0	145
43	132	0.0	0	132
44	136	0.0	0	136
45	133	0.0	0	133
46	121	0.0	0	121
47	120	0.0	0	120
48	111	0.0	0	111
49	129	0.0	0	129
50	100	0.0	0	100
51	89	0.0	0	89
52	74	0.0	0	74
53	91	0.0	0	91
54	65	0.0	0	65
55	55	0.0	0	55
56	73	0.0	0	73
57	67	0.0	0	67
58	64	0.0	0	64
59	52	0.0	0	52
60	75	0.0	0	75
61	52	0.0	0	52
62	45	0.0	0	45
63	60	0.0	0	60
64	46	0.0	0	46
65	48	0.0	0	48
66	37	0.0	0	37
67	42	0.0	0	42
68	45	0.0	0	45
69	46	0.0	0	46
70	35	0.0	0	35
71	37	0.0	0	37
72	31	0.0	0	31
73	41	0.0	0	41
74	28	0.0	0	28
75	24	0.0	0	24
76	30	0.0	0	30
77	25	0.0	0	25
78	31	0.0	0	31
79	32	0.0	0	32
80	37	0.0	0	37
81	31	0.0	0	31
82	29	0.0	0	29
83	25	0.0	0	25
84	26	0.0	0	26
85	21	0.0	0	21
86	46	0.0	0	46
87	24	0.0	0	24
88	16	0.0	0	16
89	43	0.0	0	43
90	21	0.0	0	21
91	28	0.0	0	28
92	16	0.0	0	16
93	30	0.0	0	30
94	24	0.0	0	24
95	17	0.0	0	17
96	17	0.0	0	17
97	19	0.0	0	19
98	21	0.0	0	21
99	20	0.0	0	20
100	19	0.0	0	19
101	26	0.0	0	26
102	23	0.0	0	23
103	14	0.0	0	14
104	12	0.0	0	12
105	17	0.0	0	17
106	15	0.0	0	15
107	17	0.0	0	17
108	19	0.0	0	19
109	32	0.0	0	32
110	15	0.0	0	15
111	21	0.0	0	21
112	21	0.0	0	21
113	26	0.0	0	26
114	13	0.0	0	13
115	15	0.0	0	15
116	19	0.0	0	19
117	18	0.0	0	18
118	17	0.0	0	17
119	13	0.0	0	13
120	13	0.0	0	13
121	13	0.0	0	13
122	16	0.0	0	16
123	18	0.0	0	18
124	14	0.0	0	14
125	19	0.0	0	19
126	15	0.0	0	15
127	11	0.0	0	11
128	15	0.0	0	15
129	12	0.0	0	12
130	10	0.0	0	10
131	7	0.0	0	7
132	6	0.0	0	6
133	8	0.0	0	8
134	3	0.0	0	3
135	8	0.0	0	8
136	6	0.0	0	6
137	8	0.0	0	8
138	8	0.0	0	8
139	4	0.0	0	4
140	3	0.0	0	3
141	10	0.0	0	10
142	4	0.0	0	4
143	10	0.0	0	10
144	10	0.0	0	10
145	10	0.0	0	10
146	4	0.0	0	4
147	11	0.0	0	11
148	6	0.0	0	6
149	3	0.0	0	3
