This is cutadapt 2.9 with Python 3.5.2
Command line parameters: --nextseq-trim 10 --minimum-length 25 --cores 4 -a AGATCGGAAGAGCACACGTCTGAACTCCAGTCAC -A AGATCGGAAGAGCGTCGTGTAGGGAAAGAGTGTA -o Pacuta_HTAC_TP8_1329_R1_TrimmingRound1.fastq.gz -p Pacuta_HTAC_TP8_1329_R2_TrimmingRound1.fastq.gz Pacuta_HTAC_TP8_1329_R1.fastq.gz Pacuta_HTAC_TP8_1329_R2.fastq.gz
Processing reads on 4 cores in paired-end mode ...
Finished in 1005.19 s (37 us/read; 1.64 M reads/minute).

=== Summary ===

Total read pairs processed:         27,470,139
  Read 1 with adapter:              10,180,321 (37.1%)
  Read 2 with adapter:              10,432,465 (38.0%)
Pairs written (passing filters):    27,395,036 (99.7%)

Total basepairs processed: 8,241,041,700 bp
  Read 1: 4,120,520,850 bp
  Read 2: 4,120,520,850 bp
Quality-trimmed:              16,352,919 bp (0.2%)
  Read 1:     7,055,564 bp
  Read 2:     9,297,355 bp
Total written (filtered):  7,427,613,942 bp (90.1%)
  Read 1: 3,714,305,413 bp
  Read 2: 3,713,308,529 bp

=== First read: Adapter 1 ===

Sequence: AGATCGGAAGAGCACACGTCTGAACTCCAGTCAC; Type: regular 3'; Length: 34; Trimmed: 10180321 times

No. of allowed errors:
0-9 bp: 0; 10-19 bp: 1; 20-29 bp: 2; 30-34 bp: 3

Bases preceding removed adapters:
  A: 18.1%
  C: 27.0%
  G: 35.4%
  T: 19.3%
  none/other: 0.1%

Overview of removed sequences
length	count	expect	max.err	error counts
3	511878	429220.9	0	511878
4	215858	107305.2	0	215858
5	393003	26826.3	0	393003
8	124153	419.2	0	124153
9	250772	104.8	0	250772
10	908	26.2	1	0 908
11	256771	6.5	1	251359 5412
12	761	1.6	1	0 761
13	131451	0.4	1	127982 3469
14	130933	0.1	1	127234 3699
15	130672	0.0	1	126973 3699
16	132241	0.0	1	127750 4491
17	260105	0.0	1	253104 7001
18	1133	0.0	1	0 1051 82
19	130986	0.0	1	126546 4270 170
20	132219	0.0	2	126350 5505 364
21	263361	0.0	2	254475 8095 791
22	1706	0.0	2	0 1561 145
23	134056	0.0	2	128467 5072 517
24	133740	0.0	2	127754 5513 473
25	133979	0.0	2	127594 5823 562
26	132548	0.0	2	126122 5924 502
27	132314	0.0	2	125814 5820 680
28	134847	0.0	2	126479 7803 467 98
29	263463	0.0	2	252573 9684 1035 171
30	3002	0.0	3	0 2057 258 687
31	135447	0.0	3	127520 7077 707 143
32	134806	0.0	3	126468 7427 725 186
33	133970	0.0	3	125046 7954 830 140
34	136097	0.0	3	125613 9647 642 195
35	264579	0.0	3	251640 11522 1198 219
36	4874	0.0	3	121 4216 473 64
37	262537	0.0	3	250321 10313 1007 896
38	3206	0.0	3	77 2659 383 87
39	133796	0.0	3	125507 6928 869 492
40	135086	0.0	3	124784 9114 780 408
41	260952	0.0	3	248482 10720 918 832
42	3144	0.0	3	83 2616 372 73
43	132300	0.0	3	124451 6736 691 422
44	132206	0.0	3	123885 7085 747 489
45	133939	0.0	3	125456 7165 871 447
46	131117	0.0	3	121269 8568 780 500
47	253095	0.0	3	241618 9923 775 779
48	3382	0.0	3	425 2521 373 63
49	126685	0.0	3	119350 6254 694 387
50	128125	0.0	3	118686 8506 651 282
51	247152	0.0	3	236131 9782 717 522
52	3372	0.0	3	491 2406 429 46
53	126221	0.0	3	117499 7737 701 284
54	244467	0.0	3	233238 9983 713 533
55	3440	0.0	3	506 2520 350 64
56	121557	0.0	3	114486 6236 536 299
57	119623	0.0	3	112369 6376 559 319
58	117228	0.0	3	109991 6423 557 257
59	113395	0.0	3	106305 6205 660 225
60	114239	0.0	3	105618 7699 634 288
61	216589	0.0	3	206642 8889 591 467
62	2908	0.0	3	471 2103 276 58
63	107639	0.0	3	101467 5361 616 195
64	108010	0.0	3	100251 6857 589 313
65	202094	0.0	3	192834 8001 554 705
66	2625	0.0	3	367 1936 267 55
67	97398	0.0	3	91832 4718 498 350
68	94484	0.0	3	88673 5020 449 342
69	90683	0.0	3	85306 4646 481 250
70	86674	0.0	3	81414 4537 462 261
71	83105	0.0	3	77908 4488 426 283
72	100178	0.0	3	94614 4815 467 282
73	76921	0.0	3	72294 3974 423 230
74	76391	0.0	3	71863 3944 379 205
75	72095	0.0	3	67826 3675 370 224
76	70153	0.0	3	66174 3493 279 207
77	63568	0.0	3	59929 3172 310 157
78	58444	0.0	3	55103 2988 239 114
79	51563	0.0	3	48536 2686 231 110
80	48441	0.0	3	45711 2416 212 102
81	44760	0.0	3	42185 2286 174 115
82	42396	0.0	3	40035 2086 172 103
83	36816	0.0	3	34726 1865 135 90
84	33153	0.0	3	31299 1611 152 91
85	30801	0.0	3	29080 1499 126 96
86	26601	0.0	3	25080 1303 120 98
87	24448	0.0	3	23073 1179 98 98
88	22972	0.0	3	21605 1209 81 77
89	19660	0.0	3	18583 923 109 45
90	16591	0.0	3	15646 827 79 39
91	14999	0.0	3	14144 755 56 44
92	12800	0.0	3	12107 610 51 32
93	10227	0.0	3	9684 479 38 26
94	8787	0.0	3	8324 413 31 19
95	7797	0.0	3	7367 384 26 20
96	6043	0.0	3	5704 287 29 23
97	5415	0.0	3	5126 249 20 20
98	5038	0.0	3	4761 230 27 20
99	4623	0.0	3	4367 215 28 13
100	3679	0.0	3	3447 202 20 10
101	3079	0.0	3	2924 143 6 6
102	2556	0.0	3	2431 115 8 2
103	1859	0.0	3	1752 90 12 5
104	1619	0.0	3	1533 72 11 3
105	1309	0.0	3	1233 59 9 8
106	1207	0.0	3	1138 56 8 5
107	1059	0.0	3	1003 45 5 6
108	859	0.0	3	817 33 5 4
109	809	0.0	3	754 45 5 5
110	674	0.0	3	634 33 5 2
111	663	0.0	3	617 44 1 1
112	611	0.0	3	572 32 5 2
113	513	0.0	3	481 25 6 1
114	476	0.0	3	445 29 1 1
115	431	0.0	3	396 28 2 5
116	475	0.0	3	442 26 5 2
117	414	0.0	3	390 14 6 4
118	433	0.0	3	397 33 1 2
119	443	0.0	3	414 25 3 1
120	485	0.0	3	455 26 4
121	455	0.0	3	412 33 7 3
122	512	0.0	3	485 25 0 2
123	491	0.0	3	467 21 3
124	512	0.0	3	465 38 7 2
125	547	0.0	3	500 40 6 1
126	607	0.0	3	560 44 3
127	727	0.0	3	675 43 4 5
128	801	0.0	3	733 59 7 2
129	745	0.0	3	687 57 1
130	870	0.0	3	825 42 3
131	940	0.0	3	879 55 3 3
132	999	0.0	3	913 78 8
133	1223	0.0	3	1125 86 6 6
134	1363	0.0	3	1279 72 9 3
135	1589	0.0	3	1491 89 6 3
136	1615	0.0	3	1502 103 8 2
137	1828	0.0	3	1697 120 8 3
138	1795	0.0	3	1643 135 14 3
139	1831	0.0	3	1695 120 11 5
140	2190	0.0	3	2016 157 13 4
141	2339	0.0	3	2142 186 10 1
142	1540	0.0	3	1349 178 11 2
143	1779	0.0	3	1537 226 10 6
144	2176	0.0	3	1830 330 12 4
145	2330	0.0	3	1953 344 25 8
146	2736	0.0	3	2167 534 28 7
147	3252	0.0	3	1966 1207 68 11
148	3860	0.0	3	627 3062 156 15
149	10119	0.0	3	350 9247 489 33
150	24110	0.0	3	835 21964 1219 92


=== Second read: Adapter 2 ===

Sequence: AGATCGGAAGAGCGTCGTGTAGGGAAAGAGTGTA; Type: regular 3'; Length: 34; Trimmed: 10432465 times

No. of allowed errors:
0-9 bp: 0; 10-19 bp: 1; 20-29 bp: 2; 30-34 bp: 3

Bases preceding removed adapters:
  A: 17.8%
  C: 25.6%
  G: 45.6%
  T: 10.9%
  none/other: 0.2%

Overview of removed sequences
length	count	expect	max.err	error counts
3	729016	429220.9	0	729016
4	264197	107305.2	0	264197
5	397281	26826.3	0	397281
8	124500	419.2	0	124500
9	251625	104.8	0	251625
10	944	26.2	1	0 944
11	256908	6.5	1	252742 4166
12	891	1.6	1	0 891
13	262094	0.4	1	257026 5068
14	677	0.1	1	0 677
15	130254	0.0	1	127072 3182
16	262067	0.0	1	255469 6598
17	1127	0.0	1	0 1127
18	258752	0.0	1	252313 6180 259
19	1064	0.0	1	0 744 320
20	132707	0.0	2	126450 5731 526
21	528370	0.0	2	510009 16471 1890
22	1146	0.0	2	0 1008 138
23	539	0.0	2	0 159 380
24	943	0.0	2	0 777 166
25	133413	0.0	2	127392 5179 842
26	133048	0.0	2	126222 6177 649
27	263014	0.0	2	251749 9555 1710
28	2179	0.0	2	0 1972 136 71
29	266247	0.0	2	254186 10292 1730 39
30	2220	0.0	3	0 2032 107 81
31	266350	0.0	3	253531 10307 1607 905
32	1563	0.0	3	0 1260 185 118
33	133297	0.0	3	125326 5894 1659 418
34	133681	0.0	3	31 125912 6776 962
35	135426	0.0	3	19 126649 7871 887
36	264280	0.0	3	15 250082 12582 1601
37	1554	0.0	3	4 54 1298 198
38	132978	0.0	3	25 125311 6704 938
39	134058	0.0	3	26 126009 7047 976
40	133554	0.0	3	25 125024 7608 897
41	262645	0.0	3	36 248923 12094 1592
42	2335	0.0	3	0 100 2124 111
43	261641	0.0	3	48 248226 11881 1486
44	1657	0.0	3	0 159 1263 235
45	131987	0.0	3	21 123986 7187 793
46	257948	0.0	3	64 245120 11349 1415
47	1630	0.0	3	0 182 1282 166
48	127470	0.0	3	17 120443 6226 784
49	126899	0.0	3	9 119674 6438 778
50	126172	0.0	3	26 118797 6438 911
51	127074	0.0	3	17 118455 7850 752
52	372396	0.0	3	88 354798 15548 1962
53	1293	0.0	3	0 306 679 308
54	2498	0.0	3	2 120 2275 101
55	360180	0.0	3	152 344686 13743 1599
56	1136	0.0	3	0 314 651 171
57	1054	0.0	3	0 105 767 182
58	117563	0.0	3	17 111242 5797 507
59	223342	0.0	3	41 214149 8221 931
60	1421	0.0	3	0 178 1068 175
61	111763	0.0	3	19 105823 5426 495
62	215244	0.0	3	66 206613 7658 907
63	1321	0.0	3	4 165 1056 96
64	105658	0.0	3	36 100765 4315 542
65	104412	0.0	3	11 99483 4410 508
66	101088	0.0	3	16 96498 4131 443
67	97773	0.0	3	7 93101 4252 413
68	94391	0.0	3	42 90102 3850 397
69	90499	0.0	3	10 86232 3873 384
70	86435	0.0	3	20 82583 3454 378
71	82620	0.0	3	11 78944 3316 349
72	79563	0.0	3	8 76085 3161 309
73	77357	0.0	3	17 74074 3019 247
74	74284	0.0	3	32 71047 2906 299
75	70922	0.0	3	17 67676 2951 278
76	79316	0.0	3	14 75781 3167 354
77	64057	0.0	3	9 61325 2503 220
78	58992	0.0	3	7 56345 2401 239
79	55119	0.0	3	9 52839 2083 188
80	52163	0.0	3	12 50012 1975 164
81	44894	0.0	3	7 43057 1706 124
82	41626	0.0	3	6 39928 1543 149
83	37487	0.0	3	13 35867 1488 119
84	33634	0.0	3	3 32250 1251 130
85	31801	0.0	3	2 30570 1137 92
86	27554	0.0	3	9 26430 997 118
87	25256	0.0	3	1 24231 921 103
88	22548	0.0	3	0 21648 797 103
89	20704	0.0	3	2 19827 804 71
90	17525	0.0	3	3 16849 602 71
91	15125	0.0	3	4 14454 614 53
92	12763	0.0	3	1 12248 469 45
93	10540	0.0	3	3 10092 407 38
94	8835	0.0	3	3 8432 352 48
95	7589	0.0	3	0 7287 266 36
96	6545	0.0	3	1 6264 242 38
97	5575	0.0	3	0 5341 202 32
98	5080	0.0	3	2 4865 186 27
99	4366	0.0	3	1 4171 160 34
100	3691	0.0	3	0 3527 142 22
101	3233	0.0	3	1 3082 139 11
102	2439	0.0	3	0 2330 85 24
103	2059	0.0	3	0 1947 90 22
104	1728	0.0	3	0 1633 82 13
105	1350	0.0	3	0 1279 56 15
106	1264	0.0	3	0 1200 50 14
107	1129	0.0	3	0 1055 59 15
108	944	0.0	3	0 882 51 11
109	856	0.0	3	0 809 40 7
110	710	0.0	3	1 659 42 8
111	702	0.0	3	0 652 40 10
112	620	0.0	3	0 579 34 7
113	552	0.0	3	0 504 40 8
114	514	0.0	3	0 479 33 2
115	476	0.0	3	0 433 31 12
116	495	0.0	3	0 457 28 10
117	493	0.0	3	0 457 27 9
118	461	0.0	3	0 408 37 16
119	465	0.0	3	0 426 31 8
120	494	0.0	3	1 442 38 13
121	470	0.0	3	0 428 36 6
122	576	0.0	3	0 534 30 12
123	493	0.0	3	0 461 28 4
124	527	0.0	3	0 492 29 6
125	568	0.0	3	0 523 39 6
126	613	0.0	3	0 560 44 9
127	733	0.0	3	0 685 41 7
128	768	0.0	3	0 721 39 8
129	750	0.0	3	0 687 58 5
130	852	0.0	3	0 784 56 12
131	900	0.0	3	0 844 52 4
132	1060	0.0	3	0 995 58 7
133	1198	0.0	3	0 1150 42 6
134	1369	0.0	3	0 1290 74 5
135	1508	0.0	3	1 1427 77 3
136	1636	0.0	3	0 1563 71 2
137	1806	0.0	3	0 1694 106 6
138	1759	0.0	3	0 1671 84 4
139	1742	0.0	3	0 1635 98 9
140	2226	0.0	3	0 2092 126 8
141	2488	0.0	3	0 2323 154 11
142	1470	0.0	3	0 1310 152 8
143	1727	0.0	3	0 1536 185 6
144	1974	0.0	3	0 1724 244 6
145	2196	0.0	3	0 1935 247 14
146	2730	0.0	3	0 2301 412 17
147	2962	0.0	3	1 2222 709 30
148	2677	0.0	3	0 642 1968 67
149	8294	0.0	3	1 317 7705 271
150	26989	0.0	3	1 975 25218 795
