This is cutadapt 2.9 with Python 3.5.2
Command line parameters: --nextseq-trim 10 --minimum-length 25 --cores 4 -a AGATCGGAAGAGCACACGTCTGAACTCCAGTCAC -A AGATCGGAAGAGCGTCGTGTAGGGAAAGAGTGTA -o Pacuta_HTAC_TP7_2072_R1_TrimmingRound1.fastq.gz -p Pacuta_HTAC_TP7_2072_R2_TrimmingRound1.fastq.gz Pacuta_HTAC_TP7_2072_R1.fastq.gz Pacuta_HTAC_TP7_2072_R2.fastq.gz
Processing reads on 4 cores in paired-end mode ...
Finished in 511.66 s (37 us/read; 1.64 M reads/minute).

=== Summary ===

Total read pairs processed:         13,987,994
  Read 1 with adapter:               5,576,048 (39.9%)
  Read 2 with adapter:               5,471,212 (39.1%)
Pairs written (passing filters):    13,958,980 (99.8%)

Total basepairs processed: 4,196,398,200 bp
  Read 1: 2,098,199,100 bp
  Read 2: 2,098,199,100 bp
Quality-trimmed:               9,501,925 bp (0.2%)
  Read 1:     3,529,348 bp
  Read 2:     5,972,577 bp
Total written (filtered):  3,870,714,751 bp (92.2%)
  Read 1: 1,932,694,179 bp
  Read 2: 1,938,020,572 bp

=== First read: Adapter 1 ===

Sequence: AGATCGGAAGAGCACACGTCTGAACTCCAGTCAC; Type: regular 3'; Length: 34; Trimmed: 5576048 times

No. of allowed errors:
0-9 bp: 0; 10-19 bp: 1; 20-29 bp: 2; 30-34 bp: 3

Bases preceding removed adapters:
  A: 16.7%
  C: 29.3%
  G: 32.7%
  T: 21.2%
  none/other: 0.1%

Overview of removed sequences
length	count	expect	max.err	error counts
3	298509	218562.4	0	298509
4	143453	54640.6	0	143453
5	300102	13660.2	0	300102
8	98430	213.4	0	98430
9	196002	53.4	0	196002
10	363	13.3	1	0 363
11	219736	3.3	1	194787 24949
12	363	0.8	1	0 363
13	110622	0.2	1	97496 13126
14	110173	0.1	1	96951 13222
15	109822	0.0	1	96588 13234
16	110054	0.0	1	96674 13380
17	215052	0.0	1	188703 26349
18	724	0.0	1	0 644 80
19	106824	0.0	1	93391 13131 302
20	108694	0.0	2	93165 14256 1273
21	215488	0.0	2	186609 26566 2313
22	1298	0.0	2	0 1034 264
23	107820	0.0	2	93026 13318 1476
24	107656	0.0	2	91722 14451 1483
25	106171	0.0	2	90715 13872 1584
26	104553	0.0	2	89281 13829 1443
27	101720	0.0	2	86672 13485 1563
28	102812	0.0	2	87121 14129 1515 47
29	198431	0.0	2	170581 25026 2572 252
30	1878	0.0	3	0 1222 385 271
31	99249	0.0	3	84070 13162 1517 500
32	99618	0.0	3	83616 13710 1773 519
33	97817	0.0	3	81982 13734 1571 530
34	187750	0.0	3	159450 24470 2946 884
35	2641	0.0	3	168 2044 336 93
36	179719	0.0	3	152764 23655 2530 770
37	1844	0.0	3	158 1315 278 93
38	87937	0.0	3	74207 11929 1380 421
39	85209	0.0	3	72132 11375 1305 397
40	83342	0.0	3	70339 11347 1265 391
41	81337	0.0	3	68887 10923 1168 359
42	78627	0.0	3	66385 10705 1181 356
43	76922	0.0	3	65017 10443 1123 339
44	75621	0.0	3	64168 10005 1110 338
45	75396	0.0	3	63513 10331 1224 328
46	69414	0.0	3	58707 9556 875 276
47	130527	0.0	3	112381 16150 1541 455
48	1437	0.0	3	194 952 216 75
49	60798	0.0	3	51909 7818 848 223
50	58920	0.0	3	49790 8050 858 222
51	106567	0.0	3	92122 12980 1124 341
52	1196	0.0	3	185 732 240 39
53	50443	0.0	3	42661 6931 652 199
54	93255	0.0	3	80327 11573 1048 307
55	1002	0.0	3	130 688 149 35
56	42600	0.0	3	36364 5577 495 164
57	40226	0.0	3	34403 5216 470 137
58	37462	0.0	3	31964 4935 430 133
59	33842	0.0	3	28909 4383 441 109
60	31731	0.0	3	26862 4338 418 113
61	54867	0.0	3	47108 7038 570 151
62	620	0.0	3	85 408 94 33
63	24578	0.0	3	20800 3382 328 68
64	23354	0.0	3	19732 3216 312 94
65	39498	0.0	3	33729 5227 425 117
66	419	0.0	3	56 286 61 16
67	17066	0.0	3	14624 2193 201 48
68	15517	0.0	3	13209 2066 197 45
69	13945	0.0	3	11870 1864 160 51
70	12109	0.0	3	10242 1664 153 50
71	10960	0.0	3	9258 1531 138 33
72	11727	0.0	3	10059 1503 128 37
73	8465	0.0	3	7207 1149 89 20
74	8041	0.0	3	6872 1033 105 31
75	7410	0.0	3	6341 964 78 27
76	6047	0.0	3	5099 850 83 15
77	6010	0.0	3	5141 777 72 20
78	4389	0.0	3	3763 551 58 17
79	4177	0.0	3	3541 578 40 18
80	3641	0.0	3	3088 497 50 6
81	3287	0.0	3	2789 439 45 14
82	2770	0.0	3	2362 367 30 11
83	2339	0.0	3	2025 283 19 12
84	2122	0.0	3	1800 297 16 9
85	1833	0.0	3	1560 246 24 3
86	1708	0.0	3	1456 225 15 12
87	1423	0.0	3	1236 163 21 3
88	1363	0.0	3	1180 169 11 3
89	1080	0.0	3	929 132 15 4
90	1006	0.0	3	867 124 10 5
91	857	0.0	3	728 119 7 3
92	782	0.0	3	669 103 9 1
93	583	0.0	3	490 86 5 2
94	551	0.0	3	476 65 9 1
95	468	0.0	3	399 62 6 1
96	406	0.0	3	336 61 9
97	360	0.0	3	301 51 7 1
98	358	0.0	3	299 57 2
99	285	0.0	3	236 46 1 2
100	273	0.0	3	236 35 1 1
101	242	0.0	3	211 27 3 1
102	179	0.0	3	154 25
103	118	0.0	3	94 23 0 1
104	125	0.0	3	116 9
105	102	0.0	3	86 14 2
106	86	0.0	3	75 9 1 1
107	67	0.0	3	55 10 1 1
108	59	0.0	3	48 8 2 1
109	45	0.0	3	37 7 1
110	51	0.0	3	41 10
111	47	0.0	3	37 6 3 1
112	62	0.0	3	48 10 2 2
113	27	0.0	3	21 5 1
114	21	0.0	3	18 3
115	13	0.0	3	11 2
116	24	0.0	3	20 4
117	14	0.0	3	11 1 2
118	11	0.0	3	7 2 2
119	8	0.0	3	5 1 2
120	12	0.0	3	6 3 3
121	8	0.0	3	4 2 2
122	3	0.0	3	1 0 2
123	6	0.0	3	3 1 2
124	2	0.0	3	2
125	3	0.0	3	2 1
126	1	0.0	3	1
127	6	0.0	3	2 0 4
128	7	0.0	3	4 0 3
129	11	0.0	3	5 3 2 1
130	10	0.0	3	4 0 6
131	10	0.0	3	1 4 5
132	12	0.0	3	6 0 6
133	9	0.0	3	2 2 5
134	9	0.0	3	0 0 9
135	17	0.0	3	3 1 12 1
136	20	0.0	3	3 2 13 2
137	26	0.0	3	4 1 20 1
138	24	0.0	3	3 1 20
139	29	0.0	3	5 3 21
140	29	0.0	3	1 1 27
141	50	0.0	3	5 0 45
142	66	0.0	3	8 2 56
143	78	0.0	3	1 2 70 5
144	149	0.0	3	4 1 139 5
145	153	0.0	3	5 2 139 7
146	287	0.0	3	0 5 272 10
147	834	0.0	3	5 15 781 33
148	2342	0.0	3	2 42 2207 91
149	7076	0.0	3	2 154 6685 235
150	17565	0.0	3	2 378 16564 621


=== Second read: Adapter 2 ===

Sequence: AGATCGGAAGAGCGTCGTGTAGGGAAAGAGTGTA; Type: regular 3'; Length: 34; Trimmed: 5471212 times

No. of allowed errors:
0-9 bp: 0; 10-19 bp: 1; 20-29 bp: 2; 30-34 bp: 3

Bases preceding removed adapters:
  A: 14.0%
  C: 26.1%
  G: 48.6%
  T: 11.4%
  none/other: 0.0%

Overview of removed sequences
length	count	expect	max.err	error counts
3	417659	218562.4	0	417659
4	155955	54640.6	0	155955
5	278945	13660.2	0	278945
8	89733	213.4	0	89733
9	176765	53.4	0	176765
10	1027	13.3	1	0 1027
11	211408	3.3	1	175402 36006
12	785	0.8	1	0 785
13	214514	0.2	1	177068 37446
14	505	0.1	1	0 505
15	103576	0.0	1	85411 18165
16	211286	0.0	1	172518 38768
17	669	0.0	1	0 669
18	197070	0.0	1	161952 34524 594
19	954	0.0	1	0 609 345
20	105058	0.0	2	81866 19444 3748
21	409167	0.0	2	323030 73632 12505
22	1912	0.0	2	0 1179 733
23	1062	0.0	2	0 387 675
24	794	0.0	2	0 463 331
25	100635	0.0	2	78243 18714 3678
26	100786	0.0	2	77659 19170 3957
27	193139	0.0	2	149791 35718 7630
28	1724	0.0	2	0 1148 482 94
29	193345	0.0	2	149652 35856 7735 102
30	2037	0.0	3	0 1285 491 261
31	184886	0.0	3	141834 32434 6523 4095
32	1628	0.0	3	0 845 508 275
33	94022	0.0	3	69374 18382 4303 1963
34	266536	0.0	3	200744 50050 10706 5036
35	1624	0.0	3	291 741 369 223
36	1062	0.0	3	123 483 246 210
37	85980	0.0	3	64005 16237 3802 1936
38	86059	0.0	3	63175 17033 3872 1979
39	310531	0.0	3	233238 58493 12463 6337
40	2067	0.0	3	390 938 409 330
41	1064	0.0	3	329 255 285 195
42	1646	0.0	3	387 825 275 159
43	143288	0.0	3	108923 26066 5489 2810
44	1451	0.0	3	269 700 323 159
45	70076	0.0	3	52372 13394 2899 1411
46	130972	0.0	3	98960 24290 5143 2579
47	1272	0.0	3	224 649 258 141
48	62086	0.0	3	46399 11907 2512 1268
49	58634	0.0	3	43974 11193 2273 1194
50	56200	0.0	3	41971 10714 2323 1192
51	54028	0.0	3	40307 10342 2192 1187
52	144678	0.0	3	109746 26608 5481 2843
53	1163	0.0	3	242 499 288 134
54	1519	0.0	3	353 768 268 130
55	121761	0.0	3	93625 22040 4007 2089
56	861	0.0	3	189 380 180 112
57	627	0.0	3	123 267 145 92
58	35996	0.0	3	27157 6780 1382 677
59	61684	0.0	3	47446 11108 1994 1136
60	639	0.0	3	123 303 153 60
61	28447	0.0	3	21538 5327 1034 548
62	49149	0.0	3	37671 8956 1706 816
63	436	0.0	3	77 207 100 52
64	21681	0.0	3	16886 3741 715 339
65	20301	0.0	3	15437 3813 695 356
66	18417	0.0	3	14099 3419 601 298
67	16603	0.0	3	12505 3180 618 300
68	15101	0.0	3	11433 2833 552 283
69	13471	0.0	3	10208 2552 464 247
70	11645	0.0	3	8914 2156 373 202
71	10556	0.0	3	8026 2019 337 174
72	9225	0.0	3	7123 1642 311 149
73	8496	0.0	3	6553 1516 287 140
74	7707	0.0	3	5883 1438 247 139
75	6815	0.0	3	5261 1203 239 112
76	8215	0.0	3	6351 1452 269 143
77	5534	0.0	3	4259 1033 149 93
78	4696	0.0	3	3600 853 163 80
79	4162	0.0	3	3157 793 130 82
80	3766	0.0	3	2898 705 112 51
81	3002	0.0	3	2317 555 95 35
82	2673	0.0	3	2050 497 77 49
83	2271	0.0	3	1754 382 92 43
84	2046	0.0	3	1537 392 79 38
85	1818	0.0	3	1408 349 42 19
86	1682	0.0	3	1298 317 44 23
87	1439	0.0	3	1107 251 52 29
88	1253	0.0	3	963 220 46 24
89	1152	0.0	3	889 216 32 15
90	943	0.0	3	735 172 23 13
91	810	0.0	3	639 130 24 17
92	698	0.0	3	566 106 16 10
93	572	0.0	3	458 91 11 12
94	496	0.0	3	379 88 22 7
95	465	0.0	3	344 93 17 11
96	394	0.0	3	297 74 15 8
97	352	0.0	3	264 68 10 10
98	318	0.0	3	246 51 16 5
99	261	0.0	3	203 42 8 8
100	258	0.0	3	206 43 5 4
101	228	0.0	3	174 40 10 4
102	174	0.0	3	142 24 4 4
103	149	0.0	3	108 30 7 4
104	124	0.0	3	94 21 5 4
105	94	0.0	3	77 12 3 2
106	88	0.0	3	62 13 6 7
107	72	0.0	3	51 15 5 1
108	69	0.0	3	56 6 2 5
109	60	0.0	3	39 10 8 3
110	54	0.0	3	34 14 4 2
111	55	0.0	3	33 12 8 2
112	67	0.0	3	53 10 2 2
113	27	0.0	3	17 6 2 2
114	27	0.0	3	17 6 2 2
115	20	0.0	3	8 7 3 2
116	26	0.0	3	17 4 2 3
117	24	0.0	3	15 3 3 3
118	13	0.0	3	7 5 1
119	16	0.0	3	7 2 4 3
120	11	0.0	3	6 1 3 1
121	9	0.0	3	2 0 5 2
122	8	0.0	3	3 1 4
123	11	0.0	3	3 2 4 2
124	8	0.0	3	3 1 3 1
125	4	0.0	3	2 1 1
126	13	0.0	3	0 2 9 2
127	9	0.0	3	3 1 5
128	11	0.0	3	7 0 3 1
129	10	0.0	3	2 2 6
130	18	0.0	3	5 2 11
131	15	0.0	3	4 0 10 1
132	12	0.0	3	2 1 8 1
133	12	0.0	3	1 1 8 2
134	17	0.0	3	0 0 14 3
135	22	0.0	3	3 1 16 2
136	24	0.0	3	3 0 18 3
137	25	0.0	3	4 1 18 2
138	32	0.0	3	5 2 19 6
139	40	0.0	3	3 4 28 5
140	42	0.0	3	1 2 36 3
141	56	0.0	3	2 2 49 3
142	87	0.0	3	1 2 82 2
143	142	0.0	3	3 6 118 15
144	201	0.0	3	2 7 170 22
145	186	0.0	3	2 6 165 13
146	323	0.0	3	2 8 277 36
147	771	0.0	3	3 20 667 81
148	1880	0.0	3	0 44 1691 145
149	6471	0.0	3	1 134 5859 477
150	17479	0.0	3	0 356 15930 1193
