This is cutadapt 2.9 with Python 3.5.2
Command line parameters: --nextseq-trim 10 --minimum-length 25 --cores 4 -a AGATCGGAAGAGCACACGTCTGAACTCCAGTCAC -A AGATCGGAAGAGCGTCGTGTAGGGAAAGAGTGTA -o Pacuta_ATHC_TP7_1281_R1_TrimmingRound1.fastq.gz -p Pacuta_ATHC_TP7_1281_R2_TrimmingRound1.fastq.gz Pacuta_ATHC_TP7_1281_R1.fastq.gz Pacuta_ATHC_TP7_1281_R2.fastq.gz
Processing reads on 4 cores in paired-end mode ...
Finished in 640.11 s (33 us/read; 1.80 M reads/minute).

=== Summary ===

Total read pairs processed:         19,206,177
  Read 1 with adapter:               7,163,612 (37.3%)
  Read 2 with adapter:               7,330,443 (38.2%)
Pairs written (passing filters):    19,150,453 (99.7%)

Total basepairs processed: 5,761,853,100 bp
  Read 1: 2,880,926,550 bp
  Read 2: 2,880,926,550 bp
Quality-trimmed:              12,111,076 bp (0.2%)
  Read 1:     4,784,315 bp
  Read 2:     7,326,761 bp
Total written (filtered):  5,187,899,450 bp (90.0%)
  Read 1: 2,594,440,758 bp
  Read 2: 2,593,458,692 bp

=== First read: Adapter 1 ===

Sequence: AGATCGGAAGAGCACACGTCTGAACTCCAGTCAC; Type: regular 3'; Length: 34; Trimmed: 7163612 times

No. of allowed errors:
0-9 bp: 0; 10-19 bp: 1; 20-29 bp: 2; 30-34 bp: 3

Bases preceding removed adapters:
  A: 18.5%
  C: 28.4%
  G: 34.9%
  T: 18.0%
  none/other: 0.1%

Overview of removed sequences
length	count	expect	max.err	error counts
3	352954	300096.5	0	352954
4	151202	75024.1	0	151202
5	278134	18756.0	0	278134
8	87814	293.1	0	87814
9	175240	73.3	0	175240
10	1121	18.3	1	0 1121
11	180212	4.6	1	177134 3078
12	903	1.1	1	0 903
13	92322	0.3	1	89915 2407
14	92073	0.1	1	89587 2486
15	92120	0.0	1	89381 2739
16	93070	0.0	1	89349 3721
17	181397	0.0	1	177334 4063
18	1274	0.0	1	0 1161 113
19	92653	0.0	1	89355 3107 191
20	93649	0.0	2	88990 4407 252
21	183495	0.0	2	178181 4725 589
22	1712	0.0	2	0 1563 149
23	94483	0.0	2	90547 3498 438
24	94380	0.0	2	89981 4027 372
25	94069	0.0	2	89751 3900 418
26	93497	0.0	2	88882 4210 405
27	92489	0.0	2	87838 4087 564
28	94723	0.0	2	88363 5897 380 83
29	183149	0.0	2	176226 6023 783 117
30	2438	0.0	3	0 2000 205 233
31	94340	0.0	3	89111 4607 509 113
32	94879	0.0	3	89163 4999 586 131
33	93773	0.0	3	87995 5153 501 124
34	93977	0.0	3	88163 5142 514 158
35	94906	0.0	3	89007 5239 547 113
36	93943	0.0	3	88147 5136 510 150
37	93629	0.0	3	87848 5062 616 103
38	94916	0.0	3	87688 6621 461 146
39	183116	0.0	3	175270 6888 748 210
40	2423	0.0	3	59 2081 224 59
41	94123	0.0	3	88786 4740 479 118
42	92675	0.0	3	86868 5156 493 158
43	92956	0.0	3	87369 4932 522 133
44	92903	0.0	3	87306 4942 494 161
45	94519	0.0	3	88665 5137 616 101
46	93048	0.0	3	86044 6493 356 155
47	177240	0.0	3	170198 6238 640 164
48	2803	0.0	3	439 2067 224 73
49	89388	0.0	3	84225 4520 547 96
50	91025	0.0	3	84435 6115 328 147
51	172866	0.0	3	166220 5944 528 174
52	2865	0.0	3	432 2090 308 35
53	90346	0.0	3	84084 5797 320 145
54	172501	0.0	3	165587 6226 543 145
55	2661	0.0	3	420 2005 180 56
56	86542	0.0	3	81843 4253 341 105
57	85527	0.0	3	80518 4572 352 85
58	83295	0.0	3	78322 4540 330 103
59	82108	0.0	3	77150 4413 458 87
60	81830	0.0	3	75694 5715 282 139
61	154342	0.0	3	148102 5660 461 119
62	2395	0.0	3	388 1718 213 76
63	77329	0.0	3	72952 3868 432 77
64	77601	0.0	3	72023 5213 239 126
65	143744	0.0	3	138123 5039 484 98
66	2388	0.0	3	387 1769 189 43
67	69883	0.0	3	65952 3545 309 77
68	67734	0.0	3	63676 3623 351 84
69	65207	0.0	3	61537 3276 311 83
70	62100	0.0	3	58464 3279 283 74
71	60296	0.0	3	56637 3322 276 61
72	70696	0.0	3	66970 3365 297 64
73	54795	0.0	3	51630 2852 254 59
74	53458	0.0	3	50592 2582 221 63
75	50522	0.0	3	47728 2529 217 48
76	47863	0.0	3	45235 2361 207 60
77	45005	0.0	3	42581 2205 183 36
78	40377	0.0	3	38068 2123 151 35
79	37309	0.0	3	35162 2001 113 33
80	35306	0.0	3	33484 1679 116 27
81	29389	0.0	3	27770 1480 113 26
82	27339	0.0	3	25864 1358 88 29
83	25506	0.0	3	24118 1268 90 30
84	22878	0.0	3	21655 1125 83 15
85	20469	0.0	3	19388 982 77 22
86	18635	0.0	3	17673 893 54 15
87	17037	0.0	3	16121 847 56 13
88	15263	0.0	3	14475 720 53 15
89	12387	0.0	3	11721 607 46 13
90	11305	0.0	3	10742 506 40 17
91	10165	0.0	3	9623 503 33 6
92	8513	0.0	3	8074 400 25 14
93	6809	0.0	3	6468 315 16 10
94	5942	0.0	3	5652 266 15 9
95	5267	0.0	3	5005 238 21 3
96	4003	0.0	3	3800 184 14 5
97	3765	0.0	3	3549 197 12 7
98	3339	0.0	3	3159 159 16 5
99	3000	0.0	3	2860 127 10 3
100	2487	0.0	3	2343 136 8
101	2064	0.0	3	1952 101 7 4
102	1776	0.0	3	1683 82 5 6
103	1246	0.0	3	1188 49 5 4
104	1135	0.0	3	1073 56 4 2
105	940	0.0	3	892 46 1 1
106	833	0.0	3	785 43 3 2
107	682	0.0	3	639 38 3 2
108	662	0.0	3	613 42 3 4
109	575	0.0	3	547 26 2
110	516	0.0	3	474 37 4 1
111	437	0.0	3	424 11 1 1
112	409	0.0	3	387 16 6
113	408	0.0	3	388 19 1
114	367	0.0	3	342 22 2 1
115	297	0.0	3	280 13 1 3
116	281	0.0	3	262 13 4 2
117	290	0.0	3	266 22 1 1
118	310	0.0	3	290 17 2 1
119	332	0.0	3	313 19
120	327	0.0	3	310 13 2 2
121	340	0.0	3	314 23 1 2
122	370	0.0	3	344 24 2
123	337	0.0	3	310 21 3 3
124	359	0.0	3	341 18
125	343	0.0	3	319 20 1 3
126	386	0.0	3	356 27 2 1
127	524	0.0	3	491 28 4 1
128	567	0.0	3	543 21 2 1
129	532	0.0	3	491 36 3 2
130	620	0.0	3	580 39 1
131	665	0.0	3	620 40 5
132	712	0.0	3	654 55 1 2
133	888	0.0	3	830 54 3 1
134	947	0.0	3	877 65 5
135	976	0.0	3	911 62 3
136	1171	0.0	3	1082 85 4
137	1133	0.0	3	1038 82 11 2
138	1155	0.0	3	1053 94 6 2
139	1200	0.0	3	1100 91 6 3
140	1358	0.0	3	1237 113 7 1
141	1553	0.0	3	1411 137 5
142	1031	0.0	3	892 129 10
143	1134	0.0	3	958 167 6 3
144	1303	0.0	3	1035 252 16
145	1503	0.0	3	1224 267 10 2
146	1810	0.0	3	1377 416 13 4
147	2474	0.0	3	1430 983 58 3
148	3126	0.0	3	454 2502 164 6
149	7954	0.0	3	293 7225 409 27
150	19710	0.0	3	788 17945 931 46


=== Second read: Adapter 2 ===

Sequence: AGATCGGAAGAGCGTCGTGTAGGGAAAGAGTGTA; Type: regular 3'; Length: 34; Trimmed: 7330443 times

No. of allowed errors:
0-9 bp: 0; 10-19 bp: 1; 20-29 bp: 2; 30-34 bp: 3

Bases preceding removed adapters:
  A: 18.1%
  C: 26.6%
  G: 44.5%
  T: 10.6%
  none/other: 0.1%

Overview of removed sequences
length	count	expect	max.err	error counts
3	493441	300096.5	0	493441
4	182754	75024.1	0	182754
5	280853	18756.0	0	280853
8	87680	293.1	0	87680
9	175680	73.3	0	175680
10	696	18.3	1	0 696
11	180931	4.6	1	177838 3093
12	617	1.1	1	0 617
13	184489	0.3	1	180837 3652
14	437	0.1	1	0 437
15	91656	0.0	1	89439 2217
16	184793	0.0	1	180101 4692
17	710	0.0	1	0 710
18	181168	0.0	1	176627 4387 154
19	714	0.0	1	0 497 217
20	93417	0.0	2	88886 4097 434
21	371322	0.0	2	358053 11804 1465
22	832	0.0	2	0 716 116
23	374	0.0	2	0 97 277
24	685	0.0	2	0 584 101
25	93629	0.0	2	89171 3855 603
26	93784	0.0	2	88699 4537 548
27	183871	0.0	2	175854 6708 1309
28	1611	0.0	2	0 1451 103 57
29	185870	0.0	2	177080 7524 1241 25
30	1739	0.0	3	0 1589 88 62
31	186160	0.0	3	176850 7448 1122 740
32	1334	0.0	3	0 936 354 44
33	94515	0.0	3	87457 6165 659 234
34	279400	0.0	3	262981 13934 1818 667
35	772	0.0	3	102 494 136 40
36	890	0.0	3	36 650 118 86
37	93462	0.0	3	87071 5234 897 260
38	94891	0.0	3	87093 6737 783 278
39	369635	0.0	3	348748 17579 2292 1016
40	948	0.0	3	114 707 69 58
41	371	0.0	3	104 67 178 22
42	1618	0.0	3	193 1303 86 36
43	183241	0.0	3	172973 8548 1197 523
44	1366	0.0	3	233 948 164 21
45	93183	0.0	3	86831 5466 592 294
46	181504	0.0	3	171695 8143 1168 498
47	1293	0.0	3	273 861 125 34
48	90202	0.0	3	84798 4534 620 250
49	89506	0.0	3	84019 4664 561 262
50	89238	0.0	3	83524 4781 708 225
51	90422	0.0	3	83872 5682 639 229
52	262068	0.0	3	248067 11644 1572 785
53	1059	0.0	3	330 476 228 25
54	2209	0.0	3	289 1800 99 21
55	257191	0.0	3	244829 10356 1341 665
56	982	0.0	3	320 524 86 52
57	844	0.0	3	159 550 120 15
58	83512	0.0	3	78734 4183 436 159
59	160412	0.0	3	153024 6257 731 400
60	1226	0.0	3	274 787 147 18
61	80252	0.0	3	75569 4050 436 197
62	154325	0.0	3	147395 5734 752 444
63	1045	0.0	3	218 726 76 25
64	75465	0.0	3	71942 2961 371 191
65	74661	0.0	3	70861 3295 371 134
66	72712	0.0	3	69059 3135 359 159
67	70154	0.0	3	66477 3217 362 98
68	67712	0.0	3	64286 2883 377 166
69	65126	0.0	3	61973 2728 287 138
70	61981	0.0	3	58823 2735 305 118
71	59953	0.0	3	56927 2646 254 126
72	56870	0.0	3	54129 2384 255 102
73	55011	0.0	3	52412 2238 243 118
74	52747	0.0	3	50223 2152 239 133
75	50283	0.0	3	47816 2098 226 143
76	57873	0.0	3	55078 2396 296 103
77	44847	0.0	3	42813 1748 191 95
78	42602	0.0	3	40645 1736 148 73
79	38772	0.0	3	37063 1486 140 83
80	35774	0.0	3	34180 1405 118 71
81	30559	0.0	3	29229 1160 120 50
82	28154	0.0	3	26828 1140 120 66
83	25080	0.0	3	23899 1009 107 65
84	22640	0.0	3	21683 825 92 40
85	21125	0.0	3	20210 789 89 37
86	18331	0.0	3	17516 701 79 35
87	16884	0.0	3	16145 636 76 27
88	14590	0.0	3	13957 529 71 33
89	13316	0.0	3	12668 552 61 35
90	11477	0.0	3	10950 446 52 29
91	9843	0.0	3	9419 367 39 18
92	8306	0.0	3	7926 329 36 15
93	7094	0.0	3	6769 256 50 19
94	5776	0.0	3	5482 229 45 20
95	5024	0.0	3	4784 210 16 14
96	4243	0.0	3	4046 165 14 18
97	3709	0.0	3	3522 146 31 10
98	3337	0.0	3	3145 155 24 13
99	2913	0.0	3	2785 98 20 10
100	2451	0.0	3	2322 103 16 10
101	2156	0.0	3	2055 74 13 14
102	1642	0.0	3	1563 65 7 7
103	1373	0.0	3	1287 69 5 12
104	1192	0.0	3	1128 49 9 6
105	951	0.0	3	889 46 10 6
106	825	0.0	3	752 53 13 7
107	768	0.0	3	711 36 9 12
108	717	0.0	3	671 32 5 9
109	607	0.0	3	574 22 5 6
110	568	0.0	3	524 26 13 5
111	452	0.0	3	414 25 8 5
112	455	0.0	3	403 34 14 4
113	440	0.0	3	405 22 9 4
114	392	0.0	3	355 24 7 6
115	347	0.0	3	312 28 3 4
116	334	0.0	3	301 15 11 7
117	316	0.0	3	287 17 6 6
118	321	0.0	3	284 30 3 4
119	345	0.0	3	306 26 6 7
120	354	0.0	3	327 18 5 4
121	365	0.0	3	339 16 7 3
122	390	0.0	3	348 29 4 9
123	341	0.0	3	305 23 10 3
124	365	0.0	3	337 17 4 7
125	375	0.0	3	334 26 9 6
126	442	0.0	3	399 33 4 6
127	448	0.0	3	401 33 7 7
128	556	0.0	3	519 29 7 1
129	564	0.0	3	523 32 3 6
130	626	0.0	3	580 37 8 1
131	673	0.0	3	619 49 0 5
132	738	0.0	3	677 49 9 3
133	875	0.0	3	826 44 2 3
134	893	0.0	3	832 56 3 2
135	1029	0.0	3	952 69 5 3
136	1129	0.0	3	1061 60 7 1
137	1126	0.0	3	1044 74 5 3
138	1135	0.0	3	1051 78 3 3
139	1164	0.0	3	1086 72 2 4
140	1368	0.0	3	1279 82 7
141	1634	0.0	3	1520 109 1 4
142	944	0.0	3	840 98 4 2
143	1101	0.0	3	966 129 6
144	1282	0.0	3	1093 184 5
145	1407	0.0	3	1212 188 4 3
146	1778	0.0	3	1458 299 18 3
147	2132	0.0	3	1511 599 20 2
148	2142	0.0	3	477 1607 54 4
149	6805	0.0	3	278 6251 255 21
150	21837	0.0	3	874 20226 690 47
