This is cutadapt 2.9 with Python 3.5.2
Command line parameters: --nextseq-trim 10 --minimum-length 25 --cores 4 -a AGATCGGAAGAGCACACGTCTGAACTCCAGTCAC -A AGATCGGAAGAGCGTCGTGTAGGGAAAGAGTGTA -o Pacuta_ATAC_TP5_1563_R1_TrimmingRound1.fastq.gz -p Pacuta_ATAC_TP5_1563_R2_TrimmingRound1.fastq.gz Pacuta_ATAC_TP5_1563_R1.fastq.gz Pacuta_ATAC_TP5_1563_R2.fastq.gz
Processing reads on 4 cores in paired-end mode ...
Finished in 671.70 s (34 us/read; 1.75 M reads/minute).

=== Summary ===

Total read pairs processed:         19,561,915
  Read 1 with adapter:               7,373,141 (37.7%)
  Read 2 with adapter:               7,541,732 (38.6%)
Pairs written (passing filters):    19,507,638 (99.7%)

Total basepairs processed: 5,868,574,500 bp
  Read 1: 2,934,287,250 bp
  Read 2: 2,934,287,250 bp
Quality-trimmed:              11,633,851 bp (0.2%)
  Read 1:     4,867,427 bp
  Read 2:     6,766,424 bp
Total written (filtered):  5,270,960,890 bp (89.8%)
  Read 1: 2,635,952,082 bp
  Read 2: 2,635,008,808 bp

=== First read: Adapter 1 ===

Sequence: AGATCGGAAGAGCACACGTCTGAACTCCAGTCAC; Type: regular 3'; Length: 34; Trimmed: 7373141 times

No. of allowed errors:
0-9 bp: 0; 10-19 bp: 1; 20-29 bp: 2; 30-34 bp: 3

Bases preceding removed adapters:
  A: 18.8%
  C: 28.1%
  G: 34.5%
  T: 18.6%
  none/other: 0.1%

Overview of removed sequences
length	count	expect	max.err	error counts
3	363304	305654.9	0	363304
4	153849	76413.7	0	153849
5	277816	19103.4	0	277816
8	88594	298.5	0	88594
9	177122	74.6	0	177122
10	519	18.7	1	0 519
11	181879	4.7	1	178791 3088
12	398	1.2	1	0 398
13	91668	0.3	1	89604 2064
14	92352	0.1	1	90177 2175
15	92267	0.0	1	90024 2243
16	92796	0.0	1	90158 2638
17	184781	0.0	1	180404 4377
18	573	0.0	1	0 529 44
19	93595	0.0	1	90864 2613 118
20	92863	0.0	2	89528 3090 245
21	186996	0.0	2	181659 4806 531
22	807	0.0	2	0 710 97
23	94997	0.0	2	91653 2978 366
24	95470	0.0	2	91942 3205 323
25	94423	0.0	2	90797 3285 341
26	94985	0.0	2	91101 3588 296
27	93665	0.0	2	89832 3374 459
28	95219	0.0	2	90427 4392 335 65
29	187057	0.0	2	180312 5994 661 90
30	1437	0.0	3	0 1053 128 256
31	96201	0.0	3	91693 3991 380 137
32	95871	0.0	3	91147 4116 510 98
33	96961	0.0	3	91149 5313 366 133
34	190035	0.0	3	182144 6940 813 138
35	2186	0.0	3	95 1977 78 36
36	189022	0.0	3	181548 6682 628 164
37	1367	0.0	3	75 1165 96 31
38	95286	0.0	3	90656 4124 399 107
39	95432	0.0	3	90465 4442 412 113
40	95265	0.0	3	90449 4304 394 118
41	95018	0.0	3	90221 4317 388 92
42	94315	0.0	3	89697 4165 366 87
43	95045	0.0	3	90207 4367 369 102
44	96445	0.0	3	91728 4275 331 111
45	96930	0.0	3	92084 4359 405 82
46	94330	0.0	3	88995 4982 268 85
47	184142	0.0	3	177107 6383 529 123
48	1517	0.0	3	242 1090 128 57
49	91813	0.0	3	87541 3825 382 65
50	93261	0.0	3	88131 4798 252 80
51	180368	0.0	3	173717 6125 388 138
52	1566	0.0	3	309 1097 148 12
53	91980	0.0	3	87086 4546 262 86
54	180917	0.0	3	173971 6381 450 115
55	1490	0.0	3	267 1106 86 31
56	89467	0.0	3	85287 3864 248 68
57	88308	0.0	3	84010 3940 287 71
58	87007	0.0	3	82705 3968 235 99
59	84538	0.0	3	80329 3839 308 62
60	84929	0.0	3	80047 4597 213 72
61	163342	0.0	3	157095 5792 369 86
62	1401	0.0	3	267 1005 87 42
63	81484	0.0	3	77517 3627 295 45
64	81839	0.0	3	77257 4309 217 56
65	153106	0.0	3	147167 5441 393 105
66	1239	0.0	3	218 922 80 19
67	73405	0.0	3	70009 3112 226 58
68	71537	0.0	3	68144 3104 246 43
69	69639	0.0	3	66414 2913 251 61
70	66338	0.0	3	63179 2913 204 42
71	63649	0.0	3	60572 2851 192 34
72	75913	0.0	3	72629 3001 240 43
73	58865	0.0	3	56111 2513 191 50
74	58444	0.0	3	55753 2479 166 46
75	56419	0.0	3	54011 2196 175 37
76	50254	0.0	3	48018 2045 153 38
77	51286	0.0	3	49039 2090 131 26
78	41980	0.0	3	40175 1673 110 22
79	40649	0.0	3	38777 1751 96 25
80	37313	0.0	3	35701 1479 109 24
81	34379	0.0	3	32838 1442 78 21
82	31453	0.0	3	30110 1264 56 23
83	27168	0.0	3	25983 1102 67 16
84	25883	0.0	3	24791 1026 57 9
85	22083	0.0	3	21113 905 50 15
86	20442	0.0	3	19532 839 60 11
87	18728	0.0	3	17903 776 37 12
88	17482	0.0	3	16752 680 35 15
89	14338	0.0	3	13720 572 42 4
90	12911	0.0	3	12334 532 38 7
91	11594	0.0	3	11146 412 28 8
92	9672	0.0	3	9267 381 20 4
93	7662	0.0	3	7360 276 21 5
94	6609	0.0	3	6346 236 21 6
95	5813	0.0	3	5594 203 12 4
96	4557	0.0	3	4372 168 12 5
97	4239	0.0	3	4040 177 18 4
98	3850	0.0	3	3686 153 9 2
99	3326	0.0	3	3196 120 9 1
100	2656	0.0	3	2555 98 2 1
101	2293	0.0	3	2210 74 4 5
102	1943	0.0	3	1861 76 4 2
103	1392	0.0	3	1329 58 3 2
104	1203	0.0	3	1150 49 4
105	1027	0.0	3	991 34 1 1
106	878	0.0	3	841 31 5 1
107	702	0.0	3	670 30 2
108	717	0.0	3	682 35
109	612	0.0	3	575 34 2 1
110	562	0.0	3	540 21 1
111	479	0.0	3	455 22 2
112	424	0.0	3	403 19 1 1
113	415	0.0	3	383 27 3 2
114	348	0.0	3	330 16 1 1
115	287	0.0	3	268 19
116	345	0.0	3	323 18 3 1
117	300	0.0	3	277 21 2
118	323	0.0	3	305 15 1 2
119	328	0.0	3	304 23 1
120	347	0.0	3	320 27
121	345	0.0	3	323 19 3
122	374	0.0	3	340 32 1 1
123	381	0.0	3	353 25 1 2
124	394	0.0	3	367 25 2
125	424	0.0	3	395 25 3 1
126	472	0.0	3	443 28 0 1
127	550	0.0	3	520 27 2 1
128	607	0.0	3	565 41 1
129	590	0.0	3	552 36 2
130	645	0.0	3	602 40 3
131	720	0.0	3	678 38 4
132	772	0.0	3	726 44 2
133	909	0.0	3	862 44 2 1
134	951	0.0	3	887 58 6
135	990	0.0	3	932 54 4
136	1195	0.0	3	1114 78 3
137	1194	0.0	3	1105 85 3 1
138	1144	0.0	3	1057 85 2
139	1134	0.0	3	1020 108 6
140	1334	0.0	3	1200 130 4
141	1435	0.0	3	1298 134 3
142	819	0.0	3	681 131 7
143	952	0.0	3	743 196 12 1
144	1010	0.0	3	747 249 12 2
145	1050	0.0	3	788 249 13
146	1348	0.0	3	883 437 27 1
147	1884	0.0	3	808 1009 59 8
148	3057	0.0	3	253 2664 135 5
149	8439	0.0	3	258 7774 399 8
150	19706	0.0	3	578 18191 896 41


=== Second read: Adapter 2 ===

Sequence: AGATCGGAAGAGCGTCGTGTAGGGAAAGAGTGTA; Type: regular 3'; Length: 34; Trimmed: 7541732 times

No. of allowed errors:
0-9 bp: 0; 10-19 bp: 1; 20-29 bp: 2; 30-34 bp: 3

Bases preceding removed adapters:
  A: 18.4%
  C: 26.3%
  G: 43.9%
  T: 11.2%
  none/other: 0.3%

Overview of removed sequences
length	count	expect	max.err	error counts
3	507893	305654.9	0	507893
4	183275	76413.7	0	183275
5	280151	19103.4	0	280151
8	88570	298.5	0	88570
9	177212	74.6	0	177212
10	689	18.7	1	0 689
11	181740	4.7	1	178589 3151
12	647	1.2	1	0 647
13	183640	0.3	1	179920 3720
14	490	0.1	1	0 490
15	91920	0.0	1	89528 2392
16	185149	0.0	1	180484 4665
17	801	0.0	1	0 801
18	183753	0.0	1	179216 4354 183
19	831	0.0	1	0 611 220
20	93500	0.0	2	89029 4087 384
21	374488	0.0	2	361782 11345 1361
22	885	0.0	2	0 769 116
23	417	0.0	2	0 130 287
24	775	0.0	2	0 644 131
25	94023	0.0	2	89743 3777 503
26	95372	0.0	2	90488 4414 470
27	186109	0.0	2	178391 6532 1186
28	1747	0.0	2	0 1561 122 64
29	187327	0.0	2	179188 7027 1082 30
30	1838	0.0	3	0 1652 103 83
31	189411	0.0	3	180705 7225 1039 442
32	1306	0.0	3	0 970 241 95
33	95808	0.0	3	90322 4570 713 203
34	96236	0.0	3	89835 5632 571 198
35	190365	0.0	3	180536 8339 1107 383
36	1277	0.0	3	46 1047 131 53
37	94742	0.0	3	89116 4787 609 230
38	95576	0.0	3	89685 4914 793 184
39	97288	0.0	3	90035 6405 643 205
40	280851	0.0	3	267278 11699 1365 509
41	895	0.0	3	119 555 201 20
42	1638	0.0	3	200 1306 82 50
43	188403	0.0	3	179195 7997 876 335
44	1629	0.0	3	298 1062 245 24
45	95834	0.0	3	89747 5363 554 170
46	186022	0.0	3	177059 7693 961 309
47	1482	0.0	3	294 1006 139 43
48	92521	0.0	3	87350 4431 571 169
49	91919	0.0	3	86784 4400 534 201
50	92383	0.0	3	86967 4630 645 141
51	92996	0.0	3	86732 5609 515 140
52	270936	0.0	3	258059 11172 1275 430
53	1235	0.0	3	364 570 276 25
54	2401	0.0	3	331 1943 100 27
55	265203	0.0	3	254043 9816 1060 284
56	1087	0.0	3	399 529 110 49
57	1014	0.0	3	171 649 179 15
58	87336	0.0	3	82716 4163 335 122
59	166456	0.0	3	159470 6107 657 222
60	1380	0.0	3	302 884 170 24
61	83387	0.0	3	78916 3976 381 114
62	162541	0.0	3	156115 5609 623 194
63	1279	0.0	3	266 869 118 26
64	80193	0.0	3	76737 3010 352 94
65	78588	0.0	3	74818 3353 324 93
66	76295	0.0	3	72763 3132 317 83
67	73578	0.0	3	70127 3051 293 107
68	71535	0.0	3	68172 2940 319 104
69	69593	0.0	3	66508 2741 248 96
70	66247	0.0	3	63177 2713 280 77
71	63406	0.0	3	60590 2552 199 65
72	61103	0.0	3	58391 2400 220 92
73	58672	0.0	3	56047 2338 216 71
74	56559	0.0	3	53953 2318 219 69
75	54190	0.0	3	51668 2280 179 63
76	61592	0.0	3	58904 2406 201 81
77	49300	0.0	3	47132 1938 152 78
78	45670	0.0	3	43701 1779 140 50
79	42515	0.0	3	40652 1711 104 48
80	39580	0.0	3	37943 1456 128 53
81	34646	0.0	3	33271 1204 126 45
82	31284	0.0	3	29989 1132 115 48
83	27715	0.0	3	26534 1068 79 34
84	25383	0.0	3	24357 917 81 28
85	23158	0.0	3	22159 882 96 21
86	20649	0.0	3	19806 758 58 27
87	19048	0.0	3	18291 670 62 25
88	16967	0.0	3	16222 661 63 21
89	15373	0.0	3	14685 604 56 28
90	13171	0.0	3	12657 462 38 14
91	11278	0.0	3	10787 431 48 12
92	9599	0.0	3	9202 342 40 15
93	7891	0.0	3	7535 305 35 16
94	6491	0.0	3	6198 252 30 11
95	5684	0.0	3	5476 184 16 8
96	4941	0.0	3	4728 170 26 17
97	4349	0.0	3	4162 160 19 8
98	3771	0.0	3	3587 163 18 3
99	3227	0.0	3	3080 121 22 4
100	2658	0.0	3	2535 102 13 8
101	2295	0.0	3	2185 91 14 5
102	1920	0.0	3	1833 67 15 5
103	1521	0.0	3	1458 52 6 5
104	1294	0.0	3	1226 55 8 5
105	1030	0.0	3	981 34 5 10
106	904	0.0	3	855 39 6 4
107	753	0.0	3	706 31 11 5
108	783	0.0	3	743 35 4 1
109	623	0.0	3	586 22 8 7
110	586	0.0	3	551 22 7 6
111	489	0.0	3	449 27 9 4
112	455	0.0	3	426 23 4 2
113	428	0.0	3	389 29 8 2
114	406	0.0	3	375 24 5 2
115	338	0.0	3	296 31 5 6
116	349	0.0	3	313 26 9 1
117	349	0.0	3	322 24 2 1
118	329	0.0	3	300 20 6 3
119	322	0.0	3	292 15 5 10
120	379	0.0	3	344 24 8 3
121	363	0.0	3	338 13 6 6
122	378	0.0	3	347 21 7 3
123	367	0.0	3	334 26 4 3
124	384	0.0	3	345 26 6 7
125	432	0.0	3	402 20 3 7
126	485	0.0	3	451 23 6 5
127	543	0.0	3	513 26 3 1
128	595	0.0	3	555 30 4 6
129	619	0.0	3	571 41 4 3
130	703	0.0	3	652 45 6
131	689	0.0	3	645 38 4 2
132	760	0.0	3	718 41 0 1
133	848	0.0	3	795 52 1
134	963	0.0	3	900 56 4 3
135	977	0.0	3	921 48 7 1
136	1175	0.0	3	1110 59 6
137	1188	0.0	3	1102 80 6
138	1140	0.0	3	1071 68 1
139	1092	0.0	3	1010 77 3 2
140	1392	0.0	3	1288 94 7 3
141	1382	0.0	3	1265 109 4 4
142	806	0.0	3	705 94 6 1
143	897	0.0	3	745 148 4
144	918	0.0	3	744 161 11 2
145	985	0.0	3	803 174 6 2
146	1251	0.0	3	915 331 5
147	1493	0.0	3	849 623 18 3
148	2027	0.0	3	250 1717 60
149	6889	0.0	3	206 6424 240 19
150	22460	0.0	3	641 21055 711 53
