This is cutadapt 2.9 with Python 3.5.2
Command line parameters: --nextseq-trim 10 --minimum-length 25 --cores 4 -a AGATCGGAAGAGCACACGTCTGAACTCCAGTCAC -A AGATCGGAAGAGCGTCGTGTAGGGAAAGAGTGTA -o Pacuta_HTHC_TP11_1416_R1_TrimmingRound1.fastq.gz -p Pacuta_HTHC_TP11_1416_R2_TrimmingRound1.fastq.gz Pacuta_HTHC_TP11_1416_R1.fastq.gz Pacuta_HTHC_TP11_1416_R2.fastq.gz
Processing reads on 4 cores in paired-end mode ...
Finished in 761.57 s (40 us/read; 1.51 M reads/minute).

=== Summary ===

Total read pairs processed:         19,145,548
  Read 1 with adapter:               7,612,588 (39.8%)
  Read 2 with adapter:               7,771,193 (40.6%)
Pairs written (passing filters):    19,032,592 (99.4%)

Total basepairs processed: 5,743,664,400 bp
  Read 1: 2,871,832,200 bp
  Read 2: 2,871,832,200 bp
Quality-trimmed:              11,716,633 bp (0.2%)
  Read 1:     4,630,212 bp
  Read 2:     7,086,421 bp
Total written (filtered):  5,112,512,205 bp (89.0%)
  Read 1: 2,556,568,349 bp
  Read 2: 2,555,943,856 bp

=== First read: Adapter 1 ===

Sequence: AGATCGGAAGAGCACACGTCTGAACTCCAGTCAC; Type: regular 3'; Length: 34; Trimmed: 7612588 times

No. of allowed errors:
0-9 bp: 0; 10-19 bp: 1; 20-29 bp: 2; 30-34 bp: 3

Bases preceding removed adapters:
  A: 20.1%
  C: 28.5%
  G: 31.2%
  T: 19.9%
  none/other: 0.3%

Overview of removed sequences
length	count	expect	max.err	error counts
3	355426	299149.2	0	355426
4	150780	74787.3	0	150780
5	285116	18696.8	0	285116
8	89796	292.1	0	89796
9	181721	73.0	0	181721
10	617	18.3	1	0 617
11	188221	4.6	1	184164 4057
12	493	1.1	1	0 493
13	96849	0.3	1	94196 2653
14	96589	0.1	1	93834 2755
15	96331	0.0	1	93368 2963
16	96101	0.0	1	92722 3379
17	189123	0.0	1	183411 5712
18	657	0.0	1	0 577 80
19	94150	0.0	1	90760 3259 131
20	95213	0.0	2	91048 3866 299
21	193814	0.0	2	186458 6681 675
22	858	0.0	2	0 784 74
23	98182	0.0	2	93843 3912 427
24	98269	0.0	2	93680 4185 404
25	97180	0.0	2	92646 4086 448
26	96551	0.0	2	91814 4354 383
27	94990	0.0	2	90323 4124 543
28	97074	0.0	2	91266 5317 420 71
29	192710	0.0	2	183675 8080 819 136
30	1335	0.0	3	0 890 152 293
31	99226	0.0	3	93300 5261 544 121
32	98864	0.0	3	92899 5280 532 153
33	98791	0.0	3	92626 5587 451 127
34	98753	0.0	3	92279 5788 570 116
35	99743	0.0	3	92581 6529 504 129
36	193197	0.0	3	182707 9450 811 229
37	1277	0.0	3	94 1006 160 17
38	98828	0.0	3	92064 6215 427 122
39	193772	0.0	3	183210 9570 787 205
40	1297	0.0	3	99 1054 119 25
41	97096	0.0	3	91088 5400 487 121
42	96093	0.0	3	90052 5523 419 99
43	97554	0.0	3	91685 5315 458 96
44	98580	0.0	3	92360 5594 492 134
45	99405	0.0	3	93016 5744 539 106
46	96637	0.0	3	89987 6161 390 99
47	188452	0.0	3	178555 9049 679 169
48	1313	0.0	3	154 1019 90 50
49	94033	0.0	3	88422 5102 426 83
50	94103	0.0	3	87807 5819 369 108
51	185019	0.0	3	175607 8672 548 192
52	1408	0.0	3	195 999 196 18
53	94171	0.0	3	88039 5675 350 107
54	185335	0.0	3	175799 8769 617 150
55	1269	0.0	3	156 981 107 25
56	92302	0.0	3	86891 5007 318 86
57	91808	0.0	3	86120 5267 351 70
58	88905	0.0	3	83645 4850 313 97
59	86311	0.0	3	80985 4884 378 64
60	86276	0.0	3	80363 5514 327 72
61	166649	0.0	3	158005 8060 477 107
62	1168	0.0	3	143 893 104 28
63	82613	0.0	3	77868 4340 344 61
64	83523	0.0	3	77983 5164 304 72
65	158031	0.0	3	149925 7503 502 101
66	1104	0.0	3	101 892 84 27
67	76267	0.0	3	71741 4119 342 65
68	73567	0.0	3	69205 3975 307 80
69	70292	0.0	3	66105 3838 290 59
70	67628	0.0	3	63647 3644 276 61
71	64515	0.0	3	60698 3501 267 49
72	78192	0.0	3	73913 3908 291 80
73	59919	0.0	3	56287 3354 231 47
74	59485	0.0	3	56102 3101 227 55
75	56070	0.0	3	52819 2966 243 42
76	54309	0.0	3	51214 2844 196 55
77	52679	0.0	3	49617 2827 188 47
78	43593	0.0	3	41068 2348 127 50
79	42399	0.0	3	39971 2274 120 34
80	40193	0.0	3	37893 2148 122 30
81	34178	0.0	3	32247 1785 116 30
82	32274	0.0	3	30516 1642 93 23
83	29771	0.0	3	28067 1596 89 19
84	26389	0.0	3	24892 1393 85 19
85	23271	0.0	3	21948 1235 72 16
86	21532	0.0	3	20332 1108 75 17
87	20281	0.0	3	19161 1055 53 12
88	18662	0.0	3	17666 932 53 11
89	15476	0.0	3	14606 812 47 11
90	14344	0.0	3	13619 670 43 12
91	12796	0.0	3	12102 654 36 4
92	10580	0.0	3	10033 505 34 8
93	8128	0.0	3	7691 408 23 6
94	7152	0.0	3	6743 384 22 3
95	6227	0.0	3	5901 304 17 5
96	4887	0.0	3	4617 250 17 3
97	4659	0.0	3	4408 234 14 3
98	4140	0.0	3	3922 203 12 3
99	3607	0.0	3	3425 174 7 1
100	3193	0.0	3	3034 146 10 3
101	2730	0.0	3	2582 143 4 1
102	2253	0.0	3	2146 96 8 3
103	1642	0.0	3	1541 91 6 4
104	1437	0.0	3	1347 83 7
105	1196	0.0	3	1121 69 6
106	1069	0.0	3	1019 46 4
107	880	0.0	3	833 41 4 2
108	825	0.0	3	779 40 6
109	745	0.0	3	693 46 6
110	635	0.0	3	599 30 6
111	640	0.0	3	597 41 2
112	541	0.0	3	511 27 3
113	532	0.0	3	498 29 4 1
114	414	0.0	3	392 21 1
115	372	0.0	3	347 23 2
116	384	0.0	3	360 20 2 2
117	428	0.0	3	398 28 2
118	410	0.0	3	377 32 1
119	460	0.0	3	424 34 1 1
120	446	0.0	3	398 46 2
121	463	0.0	3	434 27 2
122	411	0.0	3	366 41 3 1
123	437	0.0	3	387 47 3
124	423	0.0	3	380 42 1
125	493	0.0	3	450 42 1
126	513	0.0	3	462 49 1 1
127	569	0.0	3	514 53 2
128	658	0.0	3	604 53 1
129	622	0.0	3	556 59 6 1
130	677	0.0	3	603 72 2
131	667	0.0	3	588 78 1
132	795	0.0	3	709 82 4
133	880	0.0	3	795 79 6
134	962	0.0	3	857 98 6 1
135	1047	0.0	3	940 102 4 1
136	1190	0.0	3	1062 122 5 1
137	1256	0.0	3	1109 138 7 2
138	1220	0.0	3	1048 165 7
139	1259	0.0	3	1063 180 15 1
140	1378	0.0	3	1167 200 11
141	1565	0.0	3	1312 240 12 1
142	1127	0.0	3	826 282 17 2
143	1336	0.0	3	890 424 22
144	1520	0.0	3	867 626 26 1
145	1579	0.0	3	930 619 28 2
146	2152	0.0	3	1072 1021 57 2
147	3658	0.0	3	979 2529 146 4
148	7557	0.0	3	454 6695 390 18
149	22300	0.0	3	603 20446 1206 45
150	54128	0.0	3	1448 49732 2824 124


=== Second read: Adapter 2 ===

Sequence: AGATCGGAAGAGCGTCGTGTAGGGAAAGAGTGTA; Type: regular 3'; Length: 34; Trimmed: 7771193 times

No. of allowed errors:
0-9 bp: 0; 10-19 bp: 1; 20-29 bp: 2; 30-34 bp: 3

Bases preceding removed adapters:
  A: 19.4%
  C: 27.4%
  G: 41.2%
  T: 11.6%
  none/other: 0.3%

Overview of removed sequences
length	count	expect	max.err	error counts
3	500307	299149.2	0	500307
4	177954	74787.3	0	177954
5	287000	18696.8	0	287000
8	89967	292.1	0	89967
9	182190	73.0	0	182190
10	627	18.3	1	0 627
11	188126	4.6	1	184749 3377
12	617	1.1	1	0 617
13	193260	0.3	1	189331 3929
14	466	0.1	1	0 466
15	95858	0.0	1	93357 2501
16	191222	0.0	1	186100 5122
17	739	0.0	1	0 739
18	186075	0.0	1	181135 4749 191
19	754	0.0	1	0 502 252
20	95774	0.0	2	90996 4301 477
21	387033	0.0	2	372499 12831 1703
22	954	0.0	2	0 845 109
23	407	0.0	2	0 97 310
24	753	0.0	2	0 637 116
25	96679	0.0	2	91986 4010 683
26	96848	0.0	2	91492 4789 567
27	189413	0.0	2	180695 7259 1459
28	1644	0.0	2	0 1473 110 61
29	193439	0.0	2	184051 8036 1316 36
30	1838	0.0	3	0 1644 127 67
31	194529	0.0	3	184209 8193 1314 813
32	1382	0.0	3	0 962 356 64
33	99664	0.0	3	91795 6730 850 289
34	292148	0.0	3	274507 14827 2079 735
35	855	0.0	3	122 547 128 58
36	999	0.0	3	35 711 141 112
37	96545	0.0	3	89814 5487 960 284
38	99706	0.0	3	91107 7381 836 382
39	384142	0.0	3	361597 18916 2556 1073
40	991	0.0	3	148 704 70 69
41	406	0.0	3	129 81 172 24
42	1638	0.0	3	199 1320 84 35
43	193165	0.0	3	182002 9307 1289 567
44	1560	0.0	3	285 1035 208 32
45	98203	0.0	3	91421 5776 677 329
46	189893	0.0	3	179054 8968 1266 605
47	1523	0.0	3	274 1055 155 39
48	94583	0.0	3	88696 4973 683 231
49	94012	0.0	3	88082 4958 678 294
50	93238	0.0	3	87128 5063 805 242
51	95097	0.0	3	88197 6014 672 214
52	277174	0.0	3	261797 12795 1725 857
53	1161	0.0	3	343 566 226 26
54	2417	0.0	3	351 1934 100 32
55	273267	0.0	3	259775 11359 1409 724
56	1002	0.0	3	317 509 114 62
57	935	0.0	3	152 596 167 20
58	89159	0.0	3	83864 4610 490 195
59	169587	0.0	3	161409 6876 862 440
60	1361	0.0	3	281 886 177 17
61	85462	0.0	3	80300 4443 499 220
62	164376	0.0	3	156707 6390 821 458
63	1197	0.0	3	254 805 92 46
64	81978	0.0	3	77914 3409 430 225
65	81383	0.0	3	76984 3778 460 161
66	78237	0.0	3	74183 3457 426 171
67	76242	0.0	3	72195 3517 395 135
68	73477	0.0	3	69584 3284 410 199
69	70181	0.0	3	66538 3126 357 160
70	67471	0.0	3	63975 3005 347 144
71	64247	0.0	3	61002 2779 292 174
72	62398	0.0	3	59225 2742 305 126
73	60339	0.0	3	57395 2566 258 120
74	58198	0.0	3	55210 2515 276 197
75	54921	0.0	3	52171 2340 251 159
76	65942	0.0	3	62729 2793 296 124
77	50290	0.0	3	47843 2151 190 106
78	48387	0.0	3	46153 1958 191 85
79	44018	0.0	3	41972 1797 175 74
80	40895	0.0	3	38978 1685 144 88
81	35005	0.0	3	33392 1385 159 69
82	32840	0.0	3	31433 1218 127 62
83	28992	0.0	3	27627 1149 131 85
84	26014	0.0	3	24925 945 92 52
85	24485	0.0	3	23391 941 99 54
86	21400	0.0	3	20504 760 90 46
87	19890	0.0	3	19003 768 86 33
88	18061	0.0	3	17265 702 71 23
89	16867	0.0	3	16135 632 66 34
90	14410	0.0	3	13755 569 62 24
91	12425	0.0	3	11866 486 47 26
92	10491	0.0	3	10031 393 50 17
93	8413	0.0	3	8001 361 37 14
94	6966	0.0	3	6617 286 45 18
95	5859	0.0	3	5595 225 24 15
96	5156	0.0	3	4927 206 15 8
97	4523	0.0	3	4327 166 19 11
98	4161	0.0	3	3968 168 18 7
99	3505	0.0	3	3338 150 7 10
100	3051	0.0	3	2906 123 14 8
101	2696	0.0	3	2562 105 18 11
102	2122	0.0	3	2038 70 4 10
103	1754	0.0	3	1676 65 10 3
104	1448	0.0	3	1371 66 8 3
105	1203	0.0	3	1127 60 9 7
106	1029	0.0	3	969 50 6 4
107	967	0.0	3	914 44 6 3
108	843	0.0	3	800 37 3 3
109	712	0.0	3	670 28 11 3
110	693	0.0	3	642 44 5 2
111	662	0.0	3	614 37 5 6
112	555	0.0	3	517 31 4 3
113	502	0.0	3	472 21 6 3
114	448	0.0	3	418 22 4 4
115	417	0.0	3	391 23 1 2
116	404	0.0	3	374 21 5 4
117	433	0.0	3	402 25 1 5
118	425	0.0	3	395 20 4 6
119	456	0.0	3	416 31 7 2
120	436	0.0	3	400 32 4
121	458	0.0	3	423 30 3 2
122	426	0.0	3	387 35 2 2
123	427	0.0	3	389 33 3 2
124	422	0.0	3	372 41 6 3
125	483	0.0	3	447 32 2 2
126	501	0.0	3	453 42 4 2
127	583	0.0	3	541 34 5 3
128	659	0.0	3	602 49 4 4
129	605	0.0	3	538 59 5 3
130	677	0.0	3	596 74 4 3
131	627	0.0	3	553 66 7 1
132	757	0.0	3	700 51 5 1
133	898	0.0	3	801 89 6 2
134	979	0.0	3	882 88 7 2
135	1031	0.0	3	922 101 8
136	1144	0.0	3	1048 93 3
137	1238	0.0	3	1116 116 3 3
138	1143	0.0	3	1017 115 8 3
139	1206	0.0	3	1055 146 4 1
140	1402	0.0	3	1230 164 8
141	1597	0.0	3	1369 207 18 3
142	1097	0.0	3	851 235 10 1
143	1211	0.0	3	871 327 13
144	1370	0.0	3	893 458 15 4
145	1375	0.0	3	932 421 19 3
146	1963	0.0	3	1093 836 34
147	2806	0.0	3	1056 1680 65 5
148	5093	0.0	3	436 4460 181 16
149	18613	0.0	3	548 17405 625 35
150	59758	0.0	3	1649 55944 2026 139
