This is cutadapt 2.9 with Python 3.5.2
Command line parameters: --nextseq-trim 10 --minimum-length 25 --cores 4 -a AGATCGGAAGAGCACACGTCTGAACTCCAGTCAC -A AGATCGGAAGAGCGTCGTGTAGGGAAAGAGTGTA -o Pacuta_HTAC_TP5_1707_R1_TrimmingRound1.fastq.gz -p Pacuta_HTAC_TP5_1707_R2_TrimmingRound1.fastq.gz Pacuta_HTAC_TP5_1707_R1.fastq.gz Pacuta_HTAC_TP5_1707_R2.fastq.gz
Processing reads on 4 cores in paired-end mode ...
Finished in 655.25 s (36 us/read; 1.65 M reads/minute).

=== Summary ===

Total read pairs processed:         18,016,143
  Read 1 with adapter:               6,929,551 (38.5%)
  Read 2 with adapter:               7,072,862 (39.3%)
Pairs written (passing filters):    17,951,028 (99.6%)

Total basepairs processed: 5,404,842,900 bp
  Read 1: 2,702,421,450 bp
  Read 2: 2,702,421,450 bp
Quality-trimmed:              10,548,950 bp (0.2%)
  Read 1:     4,475,297 bp
  Read 2:     6,073,653 bp
Total written (filtered):  4,834,378,766 bp (89.4%)
  Read 1: 2,417,442,780 bp
  Read 2: 2,416,935,986 bp

=== First read: Adapter 1 ===

Sequence: AGATCGGAAGAGCACACGTCTGAACTCCAGTCAC; Type: regular 3'; Length: 34; Trimmed: 6929551 times

No. of allowed errors:
0-9 bp: 0; 10-19 bp: 1; 20-29 bp: 2; 30-34 bp: 3

Bases preceding removed adapters:
  A: 18.7%
  C: 28.0%
  G: 34.6%
  T: 18.6%
  none/other: 0.1%

Overview of removed sequences
length	count	expect	max.err	error counts
3	327890	281502.2	0	327890
4	139449	70375.6	0	139449
5	253846	17593.9	0	253846
8	80417	274.9	0	80417
9	162710	68.7	0	162710
10	449	17.2	1	0 449
11	166805	4.3	1	163761 3044
12	426	1.1	1	0 426
13	85877	0.3	1	83941 1936
14	85675	0.1	1	83637 2038
15	85601	0.0	1	83499 2102
16	85661	0.0	1	83220 2441
17	169858	0.0	1	165795 4063
18	513	0.0	1	0 478 35
19	86617	0.0	1	83998 2513 106
20	86501	0.0	2	83442 2823 236
21	172663	0.0	2	167715 4528 420
22	796	0.0	2	0 710 86
23	88515	0.0	2	85383 2802 330
24	88793	0.0	2	85400 3047 346
25	88275	0.0	2	84876 3073 326
26	87682	0.0	2	84200 3167 315
27	87277	0.0	2	83667 3144 466
28	88958	0.0	2	84322 4278 302 56
29	175031	0.0	2	168688 5584 658 101
30	1314	0.0	3	0 924 138 252
31	89644	0.0	3	85384 3778 368 114
32	89426	0.0	3	84982 3865 493 86
33	89726	0.0	3	84555 4710 336 125
34	177648	0.0	3	169940 6779 774 155
35	2113	0.0	3	94 1928 72 19
36	176984	0.0	3	169757 6426 629 172
37	1342	0.0	3	73 1110 122 37
38	89108	0.0	3	84640 3996 380 92
39	89817	0.0	3	85197 4087 415 118
40	89120	0.0	3	84645 4012 358 105
41	88645	0.0	3	84096 4065 382 102
42	88792	0.0	3	84320 4013 350 109
43	89487	0.0	3	84806 4210 362 109
44	89944	0.0	3	85288 4191 350 115
45	90964	0.0	3	86362 4118 390 94
46	88464	0.0	3	83320 4757 292 95
47	173649	0.0	3	166857 6149 487 156
48	1487	0.0	3	231 1089 112 55
49	86837	0.0	3	82931 3517 330 59
50	88064	0.0	3	83094 4598 287 85
51	170648	0.0	3	164173 5860 452 163
52	1530	0.0	3	292 1036 192 10
53	87139	0.0	3	82358 4453 245 83
54	171608	0.0	3	164872 6178 426 132
55	1462	0.0	3	230 1086 115 31
56	85132	0.0	3	81205 3613 251 63
57	83711	0.0	3	79449 3914 286 62
58	82335	0.0	3	78182 3794 258 101
59	81134	0.0	3	77111 3629 333 61
60	80629	0.0	3	76025 4311 234 59
61	155712	0.0	3	149631 5611 373 97
62	1351	0.0	3	269 952 86 44
63	78246	0.0	3	74625 3272 303 46
64	77516	0.0	3	73084 4169 195 68
65	148220	0.0	3	142371 5407 368 74
66	1182	0.0	3	201 884 73 24
67	71076	0.0	3	67756 3008 262 50
68	69033	0.0	3	65630 3099 248 56
69	66625	0.0	3	63512 2836 220 57
70	63518	0.0	3	60480 2772 208 58
71	61452	0.0	3	58429 2803 170 50
72	73138	0.0	3	69809 2997 270 62
73	56899	0.0	3	54282 2377 191 49
74	56464	0.0	3	53778 2452 189 45
75	54081	0.0	3	51552 2303 179 47
76	49169	0.0	3	46936 2057 136 40
77	48718	0.0	3	46552 2001 134 31
78	40927	0.0	3	39048 1752 100 27
79	39274	0.0	3	37482 1669 94 29
80	35957	0.0	3	34328 1505 95 29
81	32651	0.0	3	31163 1368 92 28
82	30524	0.0	3	29119 1304 76 25
83	26871	0.0	3	25628 1158 61 24
84	25190	0.0	3	24053 1067 60 10
85	21921	0.0	3	20956 896 54 15
86	19833	0.0	3	18960 801 54 18
87	18002	0.0	3	17221 712 55 14
88	16551	0.0	3	15864 640 35 12
89	14069	0.0	3	13435 589 30 15
90	12400	0.0	3	11853 501 38 8
91	11038	0.0	3	10601 414 16 7
92	9416	0.0	3	9003 385 21 7
93	7504	0.0	3	7194 290 16 4
94	6368	0.0	3	6097 254 17
95	5526	0.0	3	5304 204 13 5
96	4499	0.0	3	4331 159 6 3
97	4038	0.0	3	3855 166 15 2
98	3753	0.0	3	3592 152 9
99	3274	0.0	3	3128 136 5 5
100	2667	0.0	3	2569 89 6 3
101	2202	0.0	3	2099 94 9
102	1955	0.0	3	1881 65 4 5
103	1382	0.0	3	1323 50 6 3
104	1220	0.0	3	1169 42 6 3
105	1050	0.0	3	1000 49 0 1
106	908	0.0	3	844 58 5 1
107	758	0.0	3	732 24 0 2
108	657	0.0	3	630 26 0 1
109	658	0.0	3	627 29 1 1
110	516	0.0	3	493 18 4 1
111	481	0.0	3	456 22 3
112	394	0.0	3	375 17 1 1
113	399	0.0	3	370 23 4 2
114	368	0.0	3	341 19 7 1
115	336	0.0	3	319 16 1
116	344	0.0	3	325 17 1 1
117	340	0.0	3	316 21 2 1
118	345	0.0	3	319 21 0 5
119	362	0.0	3	343 19
120	347	0.0	3	328 19
121	400	0.0	3	366 32 2
122	334	0.0	3	313 19 1 1
123	413	0.0	3	387 23 3
124	394	0.0	3	368 26
125	456	0.0	3	430 25 1
126	496	0.0	3	470 24 2
127	561	0.0	3	514 43 4
128	588	0.0	3	556 30 2
129	706	0.0	3	672 34
130	697	0.0	3	656 41
131	786	0.0	3	734 52
132	911	0.0	3	847 63 1
133	932	0.0	3	877 53 2
134	1038	0.0	3	964 71 3
135	1111	0.0	3	1038 70 2 1
136	1193	0.0	3	1108 78 5 2
137	1257	0.0	3	1165 85 6 1
138	1318	0.0	3	1221 91 5 1
139	1293	0.0	3	1184 107 2
140	1416	0.0	3	1294 119 3
141	1452	0.0	3	1295 145 12
142	935	0.0	3	764 159 11 1
143	1062	0.0	3	832 216 13 1
144	1104	0.0	3	797 290 14 3
145	1197	0.0	3	858 321 17 1
146	1499	0.0	3	945 523 31
147	2111	0.0	3	882 1162 62 5
148	3607	0.0	3	269 3184 149 5
149	10389	0.0	3	247 9598 521 23
150	26032	0.0	3	620 24020 1332 60


=== Second read: Adapter 2 ===

Sequence: AGATCGGAAGAGCGTCGTGTAGGGAAAGAGTGTA; Type: regular 3'; Length: 34; Trimmed: 7072862 times

No. of allowed errors:
0-9 bp: 0; 10-19 bp: 1; 20-29 bp: 2; 30-34 bp: 3

Bases preceding removed adapters:
  A: 18.2%
  C: 26.3%
  G: 44.1%
  T: 11.2%
  none/other: 0.2%

Overview of removed sequences
length	count	expect	max.err	error counts
3	455983	281502.2	0	455983
4	165864	70375.6	0	165864
5	256672	17593.9	0	256672
8	80427	274.9	0	80427
9	162832	68.7	0	162832
10	622	17.2	1	0 622
11	166779	4.3	1	164003 2776
12	574	1.1	1	0 574
13	171415	0.3	1	168001 3414
14	435	0.1	1	0 435
15	85241	0.0	1	82999 2242
16	171101	0.0	1	166690 4411
17	742	0.0	1	0 742
18	169136	0.0	1	164899 4060 177
19	723	0.0	1	0 530 193
20	86958	0.0	2	82739 3840 379
21	347608	0.0	2	335377 10842 1389
22	795	0.0	2	0 690 105
23	347	0.0	2	0 94 253
24	611	0.0	2	0 490 121
25	87888	0.0	2	83929 3455 504
26	88010	0.0	2	83350 4143 517
27	173752	0.0	2	166386 6203 1163
28	1534	0.0	2	0 1391 84 59
29	176041	0.0	2	167891 6972 1149 29
30	1426	0.0	3	0 1304 78 44
31	176212	0.0	3	167867 6811 966 568
32	1015	0.0	3	0 815 95 105
33	88551	0.0	3	83155 4061 1070 265
34	89399	0.0	3	19 84149 4551 680
35	90075	0.0	3	25 84095 5330 625
36	176903	0.0	3	6 167129 8577 1191
37	1025	0.0	3	1 34 862 128
38	88788	0.0	3	20 83571 4540 657
39	89581	0.0	3	22 84078 4766 715
40	89329	0.0	3	13 83489 5252 575
41	175438	0.0	3	22 166243 8015 1158
42	1570	0.0	3	0 59 1421 90
43	176970	0.0	3	37 168177 7723 1033
44	1232	0.0	3	0 114 945 173
45	89641	0.0	3	21 84354 4734 532
46	175476	0.0	3	51 166680 7738 1007
47	1142	0.0	3	0 140 885 117
48	86669	0.0	3	8 81909 4185 567
49	86782	0.0	3	13 81986 4274 509
50	87035	0.0	3	20 82131 4241 643
51	87033	0.0	3	4 81273 5248 508
52	256946	0.0	3	61 244867 10688 1330
53	882	0.0	3	0 204 464 214
54	1748	0.0	3	1 81 1582 84
55	252485	0.0	3	93 241462 9795 1135
56	755	0.0	3	0 222 438 95
57	721	0.0	3	0 79 531 111
58	82624	0.0	3	9 78112 4098 405
59	159049	0.0	3	35 152534 5817 663
60	1012	0.0	3	0 130 784 98
61	79645	0.0	3	7 75365 3912 361
62	155108	0.0	3	42 148802 5563 701
63	960	0.0	3	1 127 748 84
64	76085	0.0	3	22 72599 3056 408
65	76189	0.0	3	5 72610 3227 347
66	73629	0.0	3	10 70173 3097 349
67	71166	0.0	3	13 67876 2945 332
68	68901	0.0	3	21 65780 2803 297
69	66488	0.0	3	15 63455 2767 251
70	63353	0.0	3	8 60476 2605 264
71	61176	0.0	3	5 58424 2520 227
72	59300	0.0	3	4 56713 2333 250
73	56541	0.0	3	10 54168 2166 197
74	54727	0.0	3	12 52450 2052 213
75	51799	0.0	3	9 49442 2134 214
76	59267	0.0	3	7 56599 2412 249
77	47030	0.0	3	8 45019 1832 171
78	43614	0.0	3	2 41764 1702 146
79	40322	0.0	3	4 38665 1529 124
80	38455	0.0	3	7 36864 1429 155
81	32881	0.0	3	2 31476 1305 98
82	30517	0.0	3	4 29337 1069 107
83	27240	0.0	3	8 26105 1043 84
84	25093	0.0	3	2 24067 949 75
85	22867	0.0	3	1 21967 827 72
86	20138	0.0	3	6 19338 723 71
87	18586	0.0	3	0 17811 708 67
88	16287	0.0	3	1 15633 592 61
89	14751	0.0	3	3 14165 519 64
90	12800	0.0	3	0 12242 496 62
91	10883	0.0	3	0 10481 352 50
92	9185	0.0	3	0 8829 310 46
93	7888	0.0	3	1 7594 273 20
94	6367	0.0	3	1 6094 250 22
95	5362	0.0	3	2 5146 182 32
96	4713	0.0	3	1 4529 164 19
97	4076	0.0	3	0 3925 133 18
98	3797	0.0	3	0 3627 154 16
99	3114	0.0	3	0 2998 105 11
100	2737	0.0	3	0 2623 98 16
101	2186	0.0	3	0 2084 88 14
102	1896	0.0	3	1 1795 88 12
103	1448	0.0	3	0 1374 60 14
104	1297	0.0	3	1 1241 46 9
105	1041	0.0	3	1 983 44 13
106	904	0.0	3	0 858 41 5
107	842	0.0	3	1 800 29 12
108	719	0.0	3	0 666 41 12
109	634	0.0	3	0 592 31 11
110	578	0.0	3	0 545 26 7
111	492	0.0	3	0 456 31 5
112	448	0.0	3	0 418 25 5
113	377	0.0	3	0 352 20 5
114	397	0.0	3	0 362 23 12
115	386	0.0	3	0 357 23 6
116	357	0.0	3	2 319 31 5
117	361	0.0	3	0 338 21 2
118	392	0.0	3	0 372 16 4
119	346	0.0	3	0 320 22 4
120	348	0.0	3	0 314 30 4
121	380	0.0	3	1 351 19 9
122	395	0.0	3	1 366 22 6
123	389	0.0	3	2 345 32 10
124	418	0.0	3	0 386 30 2
125	476	0.0	3	0 445 30 1
126	493	0.0	3	0 460 31 2
127	570	0.0	3	0 526 39 5
128	598	0.0	3	0 539 55 4
129	674	0.0	3	0 622 44 8
130	695	0.0	3	0 647 44 4
131	779	0.0	3	0 734 43 2
132	866	0.0	3	0 809 55 2
133	952	0.0	3	0 904 43 5
134	1017	0.0	3	0 957 56 4
135	1072	0.0	3	0 1003 65 4
136	1163	0.0	3	0 1093 68 2
137	1302	0.0	3	0 1222 71 9
138	1257	0.0	3	0 1175 77 5
139	1214	0.0	3	0 1133 75 6
140	1379	0.0	3	1 1258 115 5
141	1570	0.0	3	0 1420 145 5
142	930	0.0	3	0 796 129 5
143	947	0.0	3	0 780 160 7
144	1012	0.0	3	1 782 220 9
145	1130	0.0	3	0 890 231 9
146	1363	0.0	3	0 948 402 13
147	1781	0.0	3	0 962 799 20
148	2471	0.0	3	0 264 2119 88
149	8700	0.0	3	0 210 8227 263
150	28779	0.0	3	0 723 27174 882
