This is cutadapt 2.9 with Python 3.5.2
Command line parameters: --nextseq-trim 10 --minimum-length 25 --cores 4 -a AGATCGGAAGAGCACACGTCTGAACTCCAGTCAC -A AGATCGGAAGAGCGTCGTGTAGGGAAAGAGTGTA -o Pacuta_HTHC_TP11_2185_R1_TrimmingRound1.fastq.gz -p Pacuta_HTHC_TP11_2185_R2_TrimmingRound1.fastq.gz Pacuta_HTHC_TP11_2185_R1.fastq.gz Pacuta_HTHC_TP11_2185_R2.fastq.gz
Processing reads on 4 cores in paired-end mode ...
Finished in 686.92 s (34 us/read; 1.76 M reads/minute).

=== Summary ===

Total read pairs processed:         20,173,808
  Read 1 with adapter:               7,590,559 (37.6%)
  Read 2 with adapter:               7,769,107 (38.5%)
Pairs written (passing filters):    20,119,075 (99.7%)

Total basepairs processed: 6,052,142,400 bp
  Read 1: 3,026,071,200 bp
  Read 2: 3,026,071,200 bp
Quality-trimmed:              11,713,962 bp (0.2%)
  Read 1:     4,928,708 bp
  Read 2:     6,785,254 bp
Total written (filtered):  5,443,868,402 bp (89.9%)
  Read 1: 2,722,239,106 bp
  Read 2: 2,721,629,296 bp

=== First read: Adapter 1 ===

Sequence: AGATCGGAAGAGCACACGTCTGAACTCCAGTCAC; Type: regular 3'; Length: 34; Trimmed: 7590559 times

No. of allowed errors:
0-9 bp: 0; 10-19 bp: 1; 20-29 bp: 2; 30-34 bp: 3

Bases preceding removed adapters:
  A: 19.8%
  C: 28.3%
  G: 32.9%
  T: 19.0%
  none/other: 0.0%

Overview of removed sequences
length	count	expect	max.err	error counts
3	376987	315215.8	0	376987
4	158651	78803.9	0	158651
5	292415	19701.0	0	292415
8	92595	307.8	0	92595
9	187078	77.0	0	187078
10	659	19.2	1	0 659
11	191924	4.8	1	187942 3982
12	553	1.2	1	0 553
13	97463	0.3	1	94797 2666
14	97709	0.1	1	94879 2830
15	98320	0.0	1	95352 2968
16	97419	0.0	1	94124 3295
17	193076	0.0	1	187194 5882
18	654	0.0	1	0 566 88
19	97698	0.0	1	94166 3372 160
20	98530	0.0	2	94151 4069 310
21	197692	0.0	2	190219 6814 659
22	888	0.0	2	0 801 87
23	99967	0.0	2	95621 3952 394
24	100090	0.0	2	95476 4194 420
25	98500	0.0	2	93846 4231 423
26	98275	0.0	2	93479 4388 408
27	97455	0.0	2	92488 4422 545
28	99163	0.0	2	93257 5387 424 95
29	196413	0.0	2	187403 8071 819 120
30	1487	0.0	3	0 980 168 339
31	100140	0.0	3	94335 5181 519 105
32	99353	0.0	3	93273 5404 551 125
33	98895	0.0	3	92659 5614 479 143
34	99159	0.0	3	92741 5691 595 132
35	100751	0.0	3	93479 6664 505 103
36	195316	0.0	3	184541 9687 888 200
37	1343	0.0	3	73 1083 168 19
38	99298	0.0	3	92289 6461 437 111
39	195133	0.0	3	184612 9537 797 187
40	1327	0.0	3	87 1098 110 32
41	98525	0.0	3	92496 5461 432 136
42	97568	0.0	3	91474 5520 464 110
43	96936	0.0	3	90718 5647 460 111
44	98536	0.0	3	92408 5571 448 109
45	99211	0.0	3	92926 5717 475 93
46	96093	0.0	3	89480 6138 377 98
47	188806	0.0	3	179005 8995 671 135
48	1380	0.0	3	132 1078 120 50
49	94740	0.0	3	89193 5064 418 65
50	94000	0.0	3	87691 5886 337 86
51	184490	0.0	3	174994 8709 598 189
52	1354	0.0	3	181 993 160 20
53	93550	0.0	3	87360 5757 354 79
54	183971	0.0	3	174318 8940 572 141
55	1306	0.0	3	128 1030 102 46
56	90617	0.0	3	85198 5036 303 80
57	89823	0.0	3	84232 5169 339 83
58	87467	0.0	3	81972 5090 317 88
59	85433	0.0	3	80141 4882 355 55
60	84900	0.0	3	78926 5584 317 73
61	164616	0.0	3	156071 7959 484 102
62	1221	0.0	3	154 926 100 41
63	81977	0.0	3	77154 4409 362 52
64	82616	0.0	3	76950 5305 296 65
65	155720	0.0	3	147489 7627 518 86
66	1126	0.0	3	133 888 83 22
67	75147	0.0	3	70729 4020 345 53
68	72307	0.0	3	67850 4122 273 62
69	69392	0.0	3	65216 3828 286 62
70	66731	0.0	3	62631 3797 254 49
71	63113	0.0	3	59304 3523 234 52
72	77309	0.0	3	72802 4144 294 69
73	58461	0.0	3	55051 3109 253 48
74	58482	0.0	3	54909 3292 231 50
75	55098	0.0	3	52063 2796 191 48
76	52489	0.0	3	49458 2822 179 30
77	50625	0.0	3	47632 2788 177 28
78	41900	0.0	3	39458 2266 139 37
79	40447	0.0	3	38133 2152 124 38
80	38024	0.0	3	35872 2037 96 19
81	32837	0.0	3	30967 1760 94 16
82	30842	0.0	3	29096 1660 71 15
83	28047	0.0	3	26402 1537 82 26
84	25894	0.0	3	24399 1399 77 19
85	22126	0.0	3	20802 1236 67 21
86	20451	0.0	3	19294 1060 83 14
87	19304	0.0	3	18254 982 54 14
88	17063	0.0	3	16065 935 46 17
89	14263	0.0	3	13429 776 45 13
90	12768	0.0	3	12072 649 37 10
91	11452	0.0	3	10837 580 31 4
92	9668	0.0	3	9155 492 14 7
93	7426	0.0	3	7038 355 23 10
94	6444	0.0	3	6115 315 11 3
95	5822	0.0	3	5500 295 24 3
96	4418	0.0	3	4178 224 14 2
97	4025	0.0	3	3788 221 10 6
98	3717	0.0	3	3510 188 15 4
99	3337	0.0	3	3144 184 7 2
100	2748	0.0	3	2597 137 12 2
101	2411	0.0	3	2271 132 6 2
102	1916	0.0	3	1821 91 3 1
103	1415	0.0	3	1337 73 4 1
104	1223	0.0	3	1146 71 5 1
105	972	0.0	3	921 48 3
106	891	0.0	3	833 52 5 1
107	727	0.0	3	670 53 2 2
108	653	0.0	3	602 47 2 2
109	621	0.0	3	582 33 3 3
110	471	0.0	3	431 40
111	507	0.0	3	473 31 1 2
112	431	0.0	3	404 24 3
113	394	0.0	3	373 17 1 3
114	355	0.0	3	330 24 1
115	324	0.0	3	303 20 1
116	321	0.0	3	296 22 2 1
117	305	0.0	3	284 18 3
118	325	0.0	3	302 23
119	295	0.0	3	272 18 2 3
120	286	0.0	3	268 17 1
121	293	0.0	3	266 23 3 1
122	343	0.0	3	305 36 2
123	323	0.0	3	299 24
124	380	0.0	3	349 28 2 1
125	389	0.0	3	343 43 3
126	437	0.0	3	406 29 1 1
127	452	0.0	3	410 40 2
128	543	0.0	3	494 44 4 1
129	572	0.0	3	530 39 3
130	586	0.0	3	530 51 4 1
131	660	0.0	3	605 55
132	723	0.0	3	664 56 3
133	803	0.0	3	735 66 2
134	873	0.0	3	804 67 2
135	989	0.0	3	897 92
136	1056	0.0	3	965 87 4
137	1142	0.0	3	1032 101 9
138	1082	0.0	3	972 104 6
139	1135	0.0	3	997 129 9
140	1339	0.0	3	1172 158 9
141	1363	0.0	3	1220 141 2
142	880	0.0	3	722 147 10 1
143	990	0.0	3	768 211 11
144	1080	0.0	3	767 296 15 2
145	1106	0.0	3	810 278 18
146	1415	0.0	3	920 462 32 1
147	2016	0.0	3	866 1089 57 4
148	3228	0.0	3	310 2727 186 5
149	8587	0.0	3	248 7861 456 22
150	20396	0.0	3	581 18646 1118 51


=== Second read: Adapter 2 ===

Sequence: AGATCGGAAGAGCGTCGTGTAGGGAAAGAGTGTA; Type: regular 3'; Length: 34; Trimmed: 7769107 times

No. of allowed errors:
0-9 bp: 0; 10-19 bp: 1; 20-29 bp: 2; 30-34 bp: 3

Bases preceding removed adapters:
  A: 19.2%
  C: 27.0%
  G: 42.4%
  T: 11.3%
  none/other: 0.1%

Overview of removed sequences
length	count	expect	max.err	error counts
3	535664	315215.8	0	535664
4	190407	78803.9	0	190407
5	295606	19701.0	0	295606
8	92725	307.8	0	92725
9	187366	77.0	0	187366
10	746	19.2	1	0 746
11	191904	4.8	1	188468 3436
12	761	1.2	1	0 761
13	194915	0.3	1	190762 4153
14	505	0.1	1	0 505
15	97955	0.0	1	95293 2662
16	193684	0.0	1	188503 5181
17	845	0.0	1	0 845
18	192314	0.0	1	187241 4907 166
19	842	0.0	1	0 542 300
20	98979	0.0	2	94091 4434 454
21	394682	0.0	2	379941 13156 1585
22	1048	0.0	2	0 924 124
23	551	0.0	2	0 133 418
24	789	0.0	2	0 644 145
25	98067	0.0	2	93251 4247 569
26	98576	0.0	2	93179 4862 535
27	193883	0.0	2	185168 7380 1335
28	1725	0.0	2	0 1536 132 57
29	196594	0.0	2	186810 8491 1266 27
30	1739	0.0	3	0 1567 110 62
31	196904	0.0	3	186630 8532 1219 523
32	1384	0.0	3	0 1060 220 104
33	98477	0.0	3	92198 4833 1144 302
34	98738	0.0	3	15 92717 5308 698
35	99951	0.0	3	25 93231 4933 1762
36	195131	0.0	3	14 108 184136 10873
37	1780	0.0	3	2 8 132 1638
38	195467	0.0	3	53 106 184832 10476
39	1261	0.0	3	5 14 104 1138
40	97986	0.0	3	10 110 91764 6102
41	194398	0.0	3	24 144 183846 10384
42	1856	0.0	3	0 6 196 1654
43	192358	0.0	3	53 126 182190 9989
44	1424	0.0	3	0 2 297 1125
45	97742	0.0	3	43 89 91497 6113
46	190087	0.0	3	59 234 180037 9757
47	1387	0.0	3	0 3 318 1066
48	94458	0.0	3	14 103 88978 5363
49	94638	0.0	3	10 92 89212 5324
50	93047	0.0	3	14 53 87377 5603
51	94078	0.0	3	17 52 87623 6386
52	275958	0.0	3	119 244 262050 13545
53	1282	0.0	3	0 6 477 799
54	1877	0.0	3	2 11 218 1646
55	269382	0.0	3	119 499 256594 12170
56	1123	0.0	3	1 7 438 677
57	843	0.0	3	0 26 133 684
58	87495	0.0	3	10 84 82706 4695
59	167360	0.0	3	37 84 159924 7315
60	1270	0.0	3	1 2 316 951
61	84023	0.0	3	15 66 79469 4473
62	163186	0.0	3	86 186 156052 6862
63	1145	0.0	3	6 6 276 857
64	80970	0.0	3	45 161 76989 3775
65	80348	0.0	3	5 118 76262 3963
66	76921	0.0	3	15 103 73027 3776
67	75205	0.0	3	8 22 71322 3853
68	72232	0.0	3	19 37 68616 3560
69	69223	0.0	3	17 54 65759 3393
70	66586	0.0	3	13 87 63338 3148
71	62789	0.0	3	8 35 59834 2912
72	60946	0.0	3	3 38 58036 2869
73	58650	0.0	3	22 37 55943 2648
74	56973	0.0	3	23 26 54292 2632
75	54127	0.0	3	22 68 51588 2449
76	61266	0.0	3	6 104 58320 2836
77	49736	0.0	3	11 53 47406 2266
78	44653	0.0	3	1 9 42567 2076
79	41885	0.0	3	7 33 39963 1882
80	40150	0.0	3	7 25 38356 1762
81	33723	0.0	3	4 24 32160 1535
82	31166	0.0	3	5 32 29791 1338
83	27864	0.0	3	18 23 26571 1252
84	25600	0.0	3	7 25 24497 1071
85	23597	0.0	3	9 41 22593 954
86	20479	0.0	3	8 16 19601 854
87	19188	0.0	3	3 10 18286 889
88	16930	0.0	3	0 12 16197 721
89	15233	0.0	3	5 11 14548 669
90	13238	0.0	3	0 11 12601 626
91	11403	0.0	3	0 1 10865 537
92	9582	0.0	3	1 0 9169 412
93	7857	0.0	3	1 2 7490 364
94	6459	0.0	3	3 7 6150 299
95	5536	0.0	3	4 3 5272 257
96	4743	0.0	3	1 3 4556 183
97	4072	0.0	3	2 6 3874 190
98	3724	0.0	3	2 1 3549 172
99	3154	0.0	3	0 1 3021 132
100	2827	0.0	3	0 2 2671 154
101	2377	0.0	3	1 4 2257 115
102	1877	0.0	3	0 2 1783 92
103	1535	0.0	3	0 3 1460 72
104	1281	0.0	3	1 0 1213 67
105	998	0.0	3	0 0 953 45
106	906	0.0	3	0 0 857 49
107	798	0.0	3	1 0 746 51
108	703	0.0	3	0 1 653 49
109	597	0.0	3	0 0 551 46
110	555	0.0	3	0 0 522 33
111	506	0.0	3	0 0 472 34
112	427	0.0	3	0 0 400 27
113	423	0.0	3	0 0 389 34
114	391	0.0	3	0 0 370 21
115	332	0.0	3	0 0 310 22
116	350	0.0	3	0 0 331 19
117	313	0.0	3	1 1 284 27
118	358	0.0	3	0 0 327 31
119	300	0.0	3	1 0 272 27
120	303	0.0	3	1 0 274 28
121	296	0.0	3	0 1 277 18
122	351	0.0	3	0 0 329 22
123	343	0.0	3	1 2 316 24
124	367	0.0	3	0 1 336 30
125	388	0.0	3	0 1 374 13
126	416	0.0	3	0 0 383 33
127	471	0.0	3	0 0 432 39
128	534	0.0	3	0 0 496 38
129	573	0.0	3	0 1 541 31
130	568	0.0	3	0 0 522 46
131	637	0.0	3	0 0 586 51
132	687	0.0	3	0 1 637 49
133	795	0.0	3	0 0 736 59
134	874	0.0	3	0 0 809 65
135	950	0.0	3	0 2 888 60
136	1061	0.0	3	0 0 984 77
137	1104	0.0	3	0 1 1018 85
138	1052	0.0	3	0 1 974 77
139	1049	0.0	3	0 1 964 84
140	1266	0.0	3	1 1 1181 83
141	1381	0.0	3	0 1 1275 105
142	887	0.0	3	0 0 777 110
143	945	0.0	3	0 1 801 143
144	1016	0.0	3	1 0 818 197
145	1050	0.0	3	0 0 840 210
146	1348	0.0	3	0 3 975 370
147	1618	0.0	3	0 2 978 638
148	2100	0.0	3	0 0 319 1781
149	7017	0.0	3	0 7 239 6771
150	23230	0.0	3	1 8 677 22544
