This is cutadapt 2.9 with Python 3.5.2
Command line parameters: --nextseq-trim 10 --minimum-length 25 --cores 4 -a AGATCGGAAGAGCACACGTCTGAACTCCAGTCAC -A AGATCGGAAGAGCGTCGTGTAGGGAAAGAGTGTA -o Pacuta_ATAC_TP6_1542_R1_TrimmingRound1.fastq.gz -p Pacuta_ATAC_TP6_1542_R2_TrimmingRound1.fastq.gz Pacuta_ATAC_TP6_1542_R1.fastq.gz Pacuta_ATAC_TP6_1542_R2.fastq.gz
Processing reads on 4 cores in paired-end mode ...
Finished in 508.95 s (36 us/read; 1.66 M reads/minute).

=== Summary ===

Total read pairs processed:         14,044,940
  Read 1 with adapter:               5,072,855 (36.1%)
  Read 2 with adapter:               5,018,637 (35.7%)
Pairs written (passing filters):    14,008,980 (99.7%)

Total basepairs processed: 4,213,482,000 bp
  Read 1: 2,106,741,000 bp
  Read 2: 2,106,741,000 bp
Quality-trimmed:               8,485,741 bp (0.2%)
  Read 1:     3,434,284 bp
  Read 2:     5,051,457 bp
Total written (filtered):  3,924,946,084 bp (93.2%)
  Read 1: 1,960,220,742 bp
  Read 2: 1,964,725,342 bp

=== First read: Adapter 1 ===

Sequence: AGATCGGAAGAGCACACGTCTGAACTCCAGTCAC; Type: regular 3'; Length: 34; Trimmed: 5072855 times

No. of allowed errors:
0-9 bp: 0; 10-19 bp: 1; 20-29 bp: 2; 30-34 bp: 3

Bases preceding removed adapters:
  A: 18.2%
  C: 28.4%
  G: 33.7%
  T: 19.5%
  none/other: 0.1%

Overview of removed sequences
length	count	expect	max.err	error counts
3	313952	219452.2	0	313952
4	146925	54863.0	0	146925
5	297512	13715.8	0	297512
8	96452	214.3	0	96452
9	192194	53.6	0	192194
10	347	13.4	1	0 347
11	205317	3.3	1	189478 15839
12	337	0.8	1	0 337
13	102626	0.2	1	94332 8294
14	102730	0.1	1	94199 8531
15	101787	0.0	1	93370 8417
16	100694	0.0	1	91994 8700
17	196670	0.0	1	180190 16480
18	693	0.0	1	0 594 99
19	97666	0.0	1	89235 8173 258
20	99260	0.0	2	89134 9145 981
21	197735	0.0	2	178898 17036 1801
22	1180	0.0	2	0 975 205
23	98585	0.0	2	88708 8733 1144
24	97317	0.0	2	86884 9302 1131
25	96157	0.0	2	85861 9133 1163
26	93798	0.0	2	83557 9127 1114
27	91361	0.0	2	81557 8571 1233
28	91354	0.0	2	80850 9373 1066 65
29	176584	0.0	2	158508 15871 1974 231
30	1689	0.0	3	0 1173 282 234
31	87910	0.0	3	77855 8524 1154 377
32	87781	0.0	3	77332 8845 1212 392
33	86612	0.0	3	75787 9288 1127 410
34	165524	0.0	3	147008 15682 2183 651
35	2362	0.0	3	155 1908 211 88
36	157506	0.0	3	140385 14614 1867 640
37	1590	0.0	3	143 1152 235 60
38	75488	0.0	3	66544 7575 1063 306
39	74350	0.0	3	65609 7505 907 329
40	72467	0.0	3	63866 7321 986 294
41	70738	0.0	3	62689 6900 878 271
42	68517	0.0	3	60661 6748 833 275
43	67295	0.0	3	59479 6652 877 287
44	64935	0.0	3	57460 6392 826 257
45	64523	0.0	3	56913 6394 930 286
46	59693	0.0	3	52766 5995 695 237
47	110591	0.0	3	99592 9592 1054 353
48	1214	0.0	3	176 848 123 67
49	51708	0.0	3	46224 4706 605 173
50	50051	0.0	3	44273 5055 538 185
51	90554	0.0	3	81654 7836 788 276
52	1062	0.0	3	173 692 166 31
53	42888	0.0	3	38073 4282 390 143
54	79842	0.0	3	71979 6909 737 217
55	881	0.0	3	134 600 114 33
56	36161	0.0	3	32564 3138 335 124
57	33944	0.0	3	30456 3055 336 97
58	30751	0.0	3	27377 2929 317 128
59	28817	0.0	3	25681 2737 322 77
60	26570	0.0	3	23506 2698 270 96
61	46316	0.0	3	41675 4149 390 102
62	507	0.0	3	96 330 58 23
63	20617	0.0	3	18368 1967 229 53
64	19735	0.0	3	17453 2024 197 61
65	33007	0.0	3	29520 3141 272 74
66	347	0.0	3	58 226 49 14
67	14190	0.0	3	12659 1370 132 29
68	12796	0.0	3	11324 1322 120 30
69	11351	0.0	3	10043 1161 117 30
70	10081	0.0	3	9021 929 106 25
71	8798	0.0	3	7769 937 76 16
72	9334	0.0	3	8347 886 73 28
73	6997	0.0	3	6239 672 72 14
74	6453	0.0	3	5738 622 75 18
75	5877	0.0	3	5227 591 44 15
76	4882	0.0	3	4313 501 55 13
77	4664	0.0	3	4198 415 43 8
78	3627	0.0	3	3221 348 49 9
79	3298	0.0	3	2950 320 21 7
80	2863	0.0	3	2564 267 25 7
81	2410	0.0	3	2128 267 11 4
82	2127	0.0	3	1886 213 23 5
83	1694	0.0	3	1519 154 16 5
84	1614	0.0	3	1437 159 17 1
85	1383	0.0	3	1233 134 13 3
86	1221	0.0	3	1077 128 12 4
87	1099	0.0	3	974 115 7 3
88	957	0.0	3	870 81 5 1
89	775	0.0	3	695 71 7 2
90	723	0.0	3	644 70 8 1
91	608	0.0	3	537 64 4 3
92	489	0.0	3	433 50 6
93	439	0.0	3	393 40 5 1
94	369	0.0	3	334 28 4 3
95	285	0.0	3	254 26 2 3
96	232	0.0	3	201 25 5 1
97	284	0.0	3	256 26 2
98	225	0.0	3	197 23 5
99	206	0.0	3	183 20 3
100	169	0.0	3	150 15 3 1
101	141	0.0	3	128 7 3 3
102	110	0.0	3	98 11 0 1
103	79	0.0	3	69 5 3 2
104	56	0.0	3	43 10 2 1
105	53	0.0	3	48 3 2
106	56	0.0	3	45 11
107	30	0.0	3	24 5 1
108	38	0.0	3	31 4 2 1
109	43	0.0	3	36 5 1 1
110	39	0.0	3	34 3 1 1
111	20	0.0	3	14 1 5
112	26	0.0	3	24 1 1
113	18	0.0	3	15 1 2
114	14	0.0	3	11 3
115	7	0.0	3	4 2 1
116	10	0.0	3	6 2 2
117	8	0.0	3	6 0 2
118	12	0.0	3	5 2 5
119	7	0.0	3	3 2 2
120	10	0.0	3	3 1 5 1
121	7	0.0	3	5 1 1
122	7	0.0	3	1 1 5
123	8	0.0	3	2 2 3 1
124	8	0.0	3	6 0 2
125	11	0.0	3	5 0 6
126	5	0.0	3	1 0 4
127	5	0.0	3	0 0 5
128	9	0.0	3	3 2 4
129	12	0.0	3	3 0 7 2
130	9	0.0	3	4 0 5
131	11	0.0	3	2 1 8
132	9	0.0	3	2 0 7
133	17	0.0	3	4 2 10 1
134	16	0.0	3	4 0 12
135	19	0.0	3	4 0 15
136	19	0.0	3	2 0 16 1
137	21	0.0	3	3 0 17 1
138	25	0.0	3	3 0 22
139	26	0.0	3	1 1 24
140	41	0.0	3	2 0 36 3
141	54	0.0	3	1 0 49 4
142	83	0.0	3	2 0 78 3
143	148	0.0	3	4 1 138 5
144	172	0.0	3	2 4 159 7
145	218	0.0	3	4 4 203 7
146	443	0.0	3	3 4 413 23
147	1022	0.0	3	4 6 970 42
148	3001	0.0	3	0 22 2860 119
149	8863	0.0	3	1 62 8473 327
150	21493	0.0	3	4 143 20544 802


=== Second read: Adapter 2 ===

Sequence: AGATCGGAAGAGCGTCGTGTAGGGAAAGAGTGTA; Type: regular 3'; Length: 34; Trimmed: 5018637 times

No. of allowed errors:
0-9 bp: 0; 10-19 bp: 1; 20-29 bp: 2; 30-34 bp: 3

Bases preceding removed adapters:
  A: 14.5%
  C: 25.0%
  G: 49.6%
  T: 10.8%
  none/other: 0.1%

Overview of removed sequences
length	count	expect	max.err	error counts
3	436899	219452.2	0	436899
4	163378	54863.0	0	163378
5	282173	13715.8	0	282173
8	90163	214.3	0	90163
9	178394	53.6	0	178394
10	940	13.4	1	0 940
11	199316	3.3	1	175576 23740
12	680	0.8	1	0 680
13	200894	0.2	1	176349 24545
14	470	0.1	1	0 470
15	96933	0.0	1	84849 12084
16	194349	0.0	1	168579 25770
17	639	0.0	1	0 639
18	182868	0.0	1	159935 22381 552
19	850	0.0	1	0 553 297
20	96672	0.0	2	80757 13064 2851
21	376708	0.0	2	317910 49260 9538
22	1891	0.0	2	0 1300 591
23	989	0.0	2	0 367 622
24	760	0.0	2	0 479 281
25	92055	0.0	2	76588 12725 2742
26	90890	0.0	2	74929 13163 2798
27	173905	0.0	2	144499 23514 5892
28	1587	0.0	2	0 1144 353 90
29	173116	0.0	2	143356 24015 5657 88
30	1770	0.0	3	0 1213 365 192
31	165148	0.0	3	136063 21054 4979 3052
32	1169	0.0	3	0 783 218 168
33	82473	0.0	3	66179 11696 3129 1469
34	80025	0.0	3	25 65271 11868 2861
35	79502	0.0	3	48 64232 12198 3024
36	150796	0.0	3	68 123766 21698 5264
37	1238	0.0	3	2 104 819 313
38	72148	0.0	3	43 58696 10830 2579
39	70989	0.0	3	21 57845 10469 2654
40	69434	0.0	3	36 56227 10632 2539
41	131842	0.0	3	48 108043 19095 4656
42	1530	0.0	3	1 221 1011 297
43	124357	0.0	3	44 102377 17845 4091
44	1171	0.0	3	3 214 710 244
45	60286	0.0	3	24 49326 8895 2041
46	111534	0.0	3	36 91928 15928 3642
47	1045	0.0	3	1 220 606 218
48	52225	0.0	3	15 42898 7629 1683
49	49700	0.0	3	12 40866 7137 1685
50	47454	0.0	3	48 38892 6928 1586
51	45764	0.0	3	5 37135 7005 1619
52	122751	0.0	3	47 101554 17326 3824
53	901	0.0	3	2 214 461 224
54	976	0.0	3	1 202 590 183
55	103452	0.0	3	60 86538 13986 2868
56	718	0.0	3	0 202 384 132
57	405	0.0	3	0 86 215 104
58	29460	0.0	3	11 24333 4194 922
59	52133	0.0	3	25 43628 7015 1465
60	490	0.0	3	0 100 292 98
61	23634	0.0	3	6 19475 3408 745
62	41517	0.0	3	22 34579 5692 1224
63	347	0.0	3	1 73 209 64
64	18365	0.0	3	10 15451 2418 486
65	16901	0.0	3	5 14055 2350 491
66	15420	0.0	3	11 12796 2166 447
67	13810	0.0	3	5 11524 1895 386
68	12387	0.0	3	6 10257 1762 362
69	10940	0.0	3	3 9059 1549 329
70	9709	0.0	3	8 8103 1322 276
71	8470	0.0	3	1 7081 1157 231
72	7298	0.0	3	2 6089 1001 206
73	6910	0.0	3	3 5775 929 203
74	6190	0.0	3	2 5170 847 171
75	5486	0.0	3	1 4593 738 154
76	6262	0.0	3	2 5206 883 171
77	4339	0.0	3	0 3608 610 121
78	3626	0.0	3	2 3052 452 120
79	3367	0.0	3	4 2820 459 84
80	2981	0.0	3	1 2538 368 74
81	2330	0.0	3	0 1956 312 62
82	2053	0.0	3	0 1694 301 58
83	1704	0.0	3	0 1422 231 51
84	1516	0.0	3	1 1271 206 38
85	1397	0.0	3	0 1204 160 33
86	1226	0.0	3	0 1005 176 45
87	1081	0.0	3	0 915 132 34
88	899	0.0	3	0 759 119 21
89	825	0.0	3	1 688 121 15
90	718	0.0	3	1 604 93 20
91	547	0.0	3	2 457 71 17
92	486	0.0	3	0 408 63 15
93	422	0.0	3	0 357 55 10
94	331	0.0	3	0 277 44 10
95	277	0.0	3	0 235 30 12
96	291	0.0	3	0 249 36 6
97	249	0.0	3	0 206 36 7
98	229	0.0	3	1 190 32 6
99	183	0.0	3	0 159 22 2
100	162	0.0	3	0 125 33 4
101	140	0.0	3	0 108 28 4
102	104	0.0	3	0 83 17 4
103	90	0.0	3	0 72 12 6
104	70	0.0	3	0 53 11 6
105	38	0.0	3	0 29 6 3
106	68	0.0	3	0 57 6 5
107	46	0.0	3	0 31 8 7
108	50	0.0	3	1 35 8 6
109	40	0.0	3	0 33 7
110	44	0.0	3	0 32 8 4
111	34	0.0	3	0 23 6 5
112	28	0.0	3	0 19 6 3
113	21	0.0	3	0 15 3 3
114	20	0.0	3	0 9 4 7
115	17	0.0	3	0 6 7 4
116	19	0.0	3	0 12 3 4
117	18	0.0	3	0 6 4 8
118	14	0.0	3	0 8 4 2
119	7	0.0	3	0 4 1 2
120	9	0.0	3	0 4 2 3
121	16	0.0	3	0 6 1 9
122	11	0.0	3	0 2 1 8
123	5	0.0	3	0 4 0 1
124	10	0.0	3	0 5 0 5
125	9	0.0	3	0 6 1 2
126	6	0.0	3	0 3 1 2
127	10	0.0	3	0 3 0 7
128	15	0.0	3	0 4 1 10
129	10	0.0	3	0 2 0 8
130	13	0.0	3	0 2 2 9
131	13	0.0	3	0 2 0 11
132	15	0.0	3	0 4 2 9
133	21	0.0	3	0 4 2 15
134	15	0.0	3	0 3 0 12
135	19	0.0	3	0 3 0 16
136	29	0.0	3	0 3 3 23
137	24	0.0	3	0 2 0 22
138	35	0.0	3	0 3 1 31
139	40	0.0	3	0 1 0 39
140	51	0.0	3	0 2 0 49
141	73	0.0	3	0 1 1 71
142	90	0.0	3	0 2 0 88
143	131	0.0	3	0 2 3 126
144	182	0.0	3	0 2 2 178
145	197	0.0	3	0 2 1 194
146	351	0.0	3	0 2 5 344
147	845	0.0	3	0 0 7 838
148	2142	0.0	3	0 2 24 2116
149	7238	0.0	3	0 1 47 7190
150	20854	0.0	3	0 4 150 20700
