This is cutadapt 2.9 with Python 3.5.2
Command line parameters: -G G{20} -e 0.0 -n 10 --minimum-length 25 --cores 4 -o Pacuta_ATAC_TP4_1762_R1_TrimmingRound2.fastq.gz -p Pacuta_ATAC_TP4_1762_R2_TrimmingRound2.fastq.gz Pacuta_ATAC_TP4_1762_R1_TrimmingRound1.fastq.gz Pacuta_ATAC_TP4_1762_R2_TrimmingRound1.fastq.gz
Processing reads on 4 cores in paired-end mode ...
Finished in 548.40 s (25 us/read; 2.40 M reads/minute).

=== Summary ===

Total read pairs processed:         21,927,051
  Read 1 with adapter:                       0 (0.0%)
  Read 2 with adapter:                 353,879 (1.6%)
Pairs written (passing filters):    21,926,970 (100.0%)

Total basepairs processed: 5,911,857,553 bp
  Read 1: 2,956,214,076 bp
  Read 2: 2,955,643,477 bp
Total written (filtered):  5,910,665,114 bp (100.0%)
  Read 1: 2,956,206,755 bp
  Read 2: 2,954,458,359 bp

=== Second read: Adapter 1 ===

Sequence: GGGGGGGGGGGGGGGGGGGG; Type: regular 5'; Length: 20; Trimmed: 353990 times

No. of allowed errors:
0-20 bp: 0

Overview of removed sequences
length	count	expect	max.err	error counts
3	272387	342610.2	0	272387
4	65407	85652.5	0	65407
5	12650	21413.1	0	12650
6	2038	5353.3	0	2038
7	575	1338.3	0	575
8	320	334.6	0	320
9	144	83.6	0	144
10	85	20.9	0	85
11	69	5.2	0	69
12	23	1.3	0	23
13	15	0.3	0	15
14	7	0.1	0	7
15	6	0.0	0	6
16	6	0.0	0	6
17	6	0.0	0	6
18	1	0.0	0	1
19	4	0.0	0	4
20	14	0.0	0	14
21	1	0.0	0	1
22	1	0.0	0	1
23	2	0.0	0	2
24	1	0.0	0	1
26	1	0.0	0	1
27	1	0.0	0	1
28	2	0.0	0	2
30	3	0.0	0	3
31	4	0.0	0	4
32	4	0.0	0	4
33	1	0.0	0	1
34	5	0.0	0	5
35	3	0.0	0	3
36	3	0.0	0	3
37	3	0.0	0	3
38	2	0.0	0	2
40	7	0.0	0	7
41	4	0.0	0	4
42	1	0.0	0	1
43	4	0.0	0	4
44	1	0.0	0	1
46	2	0.0	0	2
47	1	0.0	0	1
48	1	0.0	0	1
49	2	0.0	0	2
50	5	0.0	0	5
51	1	0.0	0	1
52	2	0.0	0	2
53	4	0.0	0	4
54	2	0.0	0	2
55	1	0.0	0	1
56	3	0.0	0	3
57	2	0.0	0	2
58	3	0.0	0	3
59	4	0.0	0	4
60	4	0.0	0	4
61	1	0.0	0	1
63	2	0.0	0	2
64	2	0.0	0	2
65	4	0.0	0	4
67	1	0.0	0	1
69	2	0.0	0	2
70	1	0.0	0	1
71	3	0.0	0	3
72	4	0.0	0	4
73	1	0.0	0	1
75	2	0.0	0	2
76	1	0.0	0	1
77	1	0.0	0	1
78	2	0.0	0	2
79	1	0.0	0	1
80	1	0.0	0	1
81	1	0.0	0	1
82	1	0.0	0	1
83	2	0.0	0	2
84	1	0.0	0	1
85	3	0.0	0	3
86	1	0.0	0	1
89	2	0.0	0	2
90	5	0.0	0	5
91	3	0.0	0	3
92	1	0.0	0	1
93	1	0.0	0	1
94	2	0.0	0	2
95	1	0.0	0	1
96	2	0.0	0	2
97	2	0.0	0	2
99	4	0.0	0	4
101	4	0.0	0	4
102	1	0.0	0	1
105	3	0.0	0	3
106	1	0.0	0	1
107	3	0.0	0	3
108	3	0.0	0	3
109	4	0.0	0	4
110	1	0.0	0	1
112	2	0.0	0	2
113	1	0.0	0	1
114	4	0.0	0	4
115	2	0.0	0	2
116	1	0.0	0	1
118	2	0.0	0	2
119	2	0.0	0	2
120	3	0.0	0	3
122	1	0.0	0	1
123	1	0.0	0	1
124	5	0.0	0	5
125	1	0.0	0	1
126	2	0.0	0	2
127	3	0.0	0	3
128	3	0.0	0	3
129	2	0.0	0	2
130	1	0.0	0	1
132	3	0.0	0	3
133	1	0.0	0	1
134	1	0.0	0	1
135	4	0.0	0	4
136	2	0.0	0	2
137	1	0.0	0	1
138	4	0.0	0	4
139	1	0.0	0	1
140	1	0.0	0	1
141	1	0.0	0	1
142	2	0.0	0	2
143	2	0.0	0	2
144	1	0.0	0	1
148	1	0.0	0	1
