This is cutadapt 2.9 with Python 3.7.10
Command line parameters: -q 10 --minimum-length 25 --cores 24 -a GATCGGAAGAGCGGTTCAGCAGGAATGCCGAG -A AGATCGGAAGAGCGTCGTGTAGGGAAAGAGTGTA -o trimmed/SRR414924_R1_Trimmed.fastq.gz -p trimmed/SRR414924_R2_Trimmed.fastq.gz fastq/SRR414924_R1.fastq.gz fastq/SRR414924_R2.fastq.gz
Processing reads on 24 cores in paired-end mode ...
Finished in 128.87 s (12 us/read; 5.18 M reads/minute).

=== Summary ===

Total read pairs processed:         11,126,114
  Read 1 with adapter:                 880,596 (7.9%)
  Read 2 with adapter:                 798,563 (7.2%)
Pairs written (passing filters):    10,316,181 (92.7%)

Total basepairs processed: 1,780,178,240 bp
  Read 1:   890,089,120 bp
  Read 2:   890,089,120 bp
Quality-trimmed:              88,295,890 bp (5.0%)
  Read 1:    39,569,318 bp
  Read 2:    48,726,572 bp
Total written (filtered):  1,596,431,662 bp (89.7%)
  Read 1:   799,219,141 bp
  Read 2:   797,212,521 bp

=== First read: Adapter 1 ===

Sequence: GATCGGAAGAGCGGTTCAGCAGGAATGCCGAG; Type: regular 3'; Length: 32; Trimmed: 880596 times

No. of allowed errors:
0-9 bp: 0; 10-19 bp: 1; 20-29 bp: 2; 30-32 bp: 3

Bases preceding removed adapters:
  A: 74.5%
  C: 3.9%
  G: 6.1%
  T: 8.9%
  none/other: 6.6%

Overview of removed sequences
length	count	expect	max.err	error counts
3	180761	173845.5	0	180761
4	42081	43461.4	0	42081
5	10767	10865.3	0	10767
6	5999	2716.3	0	5999
7	4451	679.1	0	4451
8	4337	169.8	0	4337
9	5454	42.4	0	5027 427
10	4440	10.6	1	3674 766
11	5067	2.7	1	4804 263
12	3031	0.7	1	2915 116
13	4022	0.2	1	3894 128
14	4672	0.0	1	4568 104
15	2968	0.0	1	2883 85
16	3140	0.0	1	2945 195
17	2931	0.0	1	2737 194
18	2869	0.0	1	2681 186 2
19	2729	0.0	1	2587 136 6
20	2460	0.0	2	2324 121 15
21	2437	0.0	2	2301 131 5
22	2640	0.0	2	2421 206 13
23	2993	0.0	2	2670 291 32
24	2351	0.0	2	2155 181 15
25	3045	0.0	2	2771 251 23
26	1688	0.0	2	1562 119 7
27	2560	0.0	2	2324 192 25 19
28	2368	0.0	2	2136 181 37 14
29	2297	0.0	2	2005 195 44 53
30	2674	0.0	3	2379 178 61 56
31	2001	0.0	3	1757 177 34 33
32	3819	0.0	3	3436 292 47 44
33	4551	0.0	3	4079 318 75 79
34	2715	0.0	3	2238 279 100 98
35	4251	0.0	3	3568 497 126 60
36	6391	0.0	3	5894 423 47 27
37	5254	0.0	3	4970 230 29 25
38	2538	0.0	3	2341 143 26 28
39	442	0.0	3	317 48 33 44
40	935	0.0	3	797 78 38 22
41	1352	0.0	3	1198 104 23 27
42	2224	0.0	3	2068 105 23 28
43	1134	0.0	3	948 102 28 56
44	1142	0.0	3	977 84 45 36
45	1507	0.0	3	1230 135 46 96
46	2686	0.0	3	2471 109 36 70
47	1970	0.0	3	1617 216 93 44
48	6153	0.0	3	5551 487 45 70
49	5740	0.0	3	5389 198 89 64
50	1818	0.0	3	858 198 289 473
51	2279	0.0	3	1842 164 191 82
52	5582	0.0	3	4412 925 71 174
53	28472	0.0	3	27108 803 369 192
54	3259	0.0	3	2312 576 185 186
55	10991	0.0	3	10042 467 161 321
56	6875	0.0	3	6007 193 46 629
57	4713	0.0	3	2898 300 925 590
58	16403	0.0	3	13289 2382 488 244
59	34273	0.0	3	32442 1313 105 413
60	21350	0.0	3	18649 618 572 1511
61	1683	0.0	3	891 228 113 451
62	12953	0.0	3	11056 580 370 947
63	54498	0.0	3	41753 2378 1086 9281
64	27423	0.0	3	16602 1886 6970 1965
65	49020	0.0	3	35614 12662 395 349
66	222200	0.0	3	217733 4230 215 22
67	1743	0.0	3	1138 598 5 2
68	330	0.0	3	307 18 2 3
69	58	0.0	3	56 1 0 1
70	21	0.0	3	16 3 1 1
71	14	0.0	3	12 0 1 1
72	19	0.0	3	17 1 0 1
73	456	0.0	3	447 6 2 1
74	36	0.0	3	32 2 1 1
75	4	0.0	3	3 0 1
76	2	0.0	3	2
77	2	0.0	3	1 1
78	4	0.0	3	3 0 0 1
79	10	0.0	3	2 1 0 7
80	68	0.0	3	30 9 11 18


=== Second read: Adapter 2 ===

Sequence: AGATCGGAAGAGCGTCGTGTAGGGAAAGAGTGTA; Type: regular 3'; Length: 34; Trimmed: 798563 times

No. of allowed errors:
0-9 bp: 0; 10-19 bp: 1; 20-29 bp: 2; 30-34 bp: 3

Bases preceding removed adapters:
  A: 11.7%
  C: 64.4%
  G: 11.2%
  T: 9.9%
  none/other: 2.7%

Overview of removed sequences
length	count	expect	max.err	error counts
3	144214	173845.5	0	144214
4	36316	43461.4	0	36316
5	13198	10865.3	0	13198
6	5998	2716.3	0	5998
7	5245	679.1	0	5245
8	4829	169.8	0	4829
9	5019	42.4	0	4797 222
10	5454	10.6	1	5056 398
11	4151	2.7	1	3968 183
12	5021	0.7	1	4930 91
13	3328	0.2	1	3211 117
14	4428	0.0	1	4336 92
15	3244	0.0	1	3170 74
16	3121	0.0	1	3027 94
17	3851	0.0	1	3750 101
18	2881	0.0	1	2723 155 3
19	3804	0.0	1	3664 133 7
20	2748	0.0	2	2647 86 15
21	2299	0.0	2	2204 82 13
22	2852	0.0	2	2655 159 38
23	4178	0.0	2	2649 1245 284
24	3106	0.0	2	2901 172 33
25	2565	0.0	2	2069 328 168
26	2578	0.0	2	2302 193 83
27	2064	0.0	2	1883 147 34
28	3048	0.0	2	2849 163 35 1
29	1765	0.0	2	1427 261 52 25
30	2465	0.0	3	2312 103 35 15
31	1240	0.0	3	829 253 110 48
32	2531	0.0	3	2268 203 39 21
33	894	0.0	3	795 71 21 7
34	1407	0.0	3	1168 161 55 23
35	1570	0.0	3	1373 130 49 18
36	942	0.0	3	847 65 24 6
37	862	0.0	3	791 52 14 5
38	778	0.0	3	667 76 27 8
39	865	0.0	3	729 85 35 16
40	864	0.0	3	581 208 54 21
41	1253	0.0	3	998 190 44 21
42	1367	0.0	3	1179 154 24 10
43	833	0.0	3	548 180 73 32
44	5399	0.0	3	3963 983 339 114
45	2362	0.0	3	2044 248 53 17
46	380	0.0	3	319 45 9 7
47	538	0.0	3	447 61 22 8
48	1992	0.0	3	1771 146 50 25
49	805	0.0	3	667 88 35 15
50	565	0.0	3	428 108 23 6
51	1529	0.0	3	1335 136 43 15
52	325	0.0	3	279 32 6 8
53	490	0.0	3	415 63 8 4
54	1003	0.0	3	911 77 12 3
55	379	0.0	3	324 41 12 2
56	457	0.0	3	385 54 10 8
57	1423	0.0	3	1164 208 40 11
58	4738	0.0	3	4488 201 42 7
59	2571	0.0	3	2259 265 36 11
60	2108	0.0	3	1464 501 103 40
61	6844	0.0	3	6100 590 77 77
62	9388	0.0	3	6207 2123 917 141
63	66439	0.0	3	30428 33882 1796 333
64	377423	0.0	3	365103 11809 427 84
65	10826	0.0	3	9296 1456 67 7
66	997	0.0	3	908 78 10 1
67	236	0.0	3	207 20 7 2
68	36	0.0	3	30 5 1
69	15	0.0	3	8 4 2 1
70	3	0.0	3	3
71	1	0.0	3	1
72	2	0.0	3	1 1
73	6	0.0	3	4 1 1
74	81	0.0	3	56 14 9 2
75	4	0.0	3	3 0 0 1
76	7	0.0	3	3 0 2 2
77	2	0.0	3	0 0 1 1
78	1	0.0	3	0 0 1
79	5	0.0	3	1 0 2 2
80	7	0.0	3	0 2 3 2
