This is cutadapt 2.9 with Python 3.7.10
Command line parameters: -q 10 --minimum-length 25 --cores 24 -a GATCGGAAGAGCGGTTCAGCAGGAATGCCGAG -A AGATCGGAAGAGCGTCGTGTAGGGAAAGAGTGTA -o trimmed/SRR988551_R1_Trimmed.fastq.gz -p trimmed/SRR988551_R2_Trimmed.fastq.gz fastq/SRR988551_R1.fastq.gz fastq/SRR988551_R2.fastq.gz
Processing reads on 24 cores in paired-end mode ...
Finished in 123.79 s (12 us/read; 4.93 M reads/minute).

=== Summary ===

Total read pairs processed:         10,180,520
  Read 1 with adapter:                 648,797 (6.4%)
  Read 2 with adapter:                 620,904 (6.1%)
Pairs written (passing filters):     9,472,876 (93.0%)

Total basepairs processed: 1,628,883,200 bp
  Read 1:   814,441,600 bp
  Read 2:   814,441,600 bp
Quality-trimmed:              82,256,156 bp (5.0%)
  Read 1:    34,226,022 bp
  Read 2:    48,030,134 bp
Total written (filtered):  1,467,546,475 bp (90.1%)
  Read 1:   737,637,848 bp
  Read 2:   729,908,627 bp

=== First read: Adapter 1 ===

Sequence: GATCGGAAGAGCGGTTCAGCAGGAATGCCGAG; Type: regular 3'; Length: 32; Trimmed: 648797 times

No. of allowed errors:
0-9 bp: 0; 10-19 bp: 1; 20-29 bp: 2; 30-32 bp: 3

Bases preceding removed adapters:
  A: 73.5%
  C: 3.6%
  G: 6.8%
  T: 10.6%
  none/other: 5.5%

Overview of removed sequences
length	count	expect	max.err	error counts
3	146851	159070.6	0	146851
4	29245	39767.7	0	29245
5	7072	9941.9	0	7072
6	3988	2485.5	0	3988
7	3125	621.4	0	3125
8	3044	155.3	0	3044
9	3667	38.8	0	3474 193
10	2832	9.7	1	2498 334
11	3289	2.4	1	3151 138
12	1951	0.6	1	1905 46
13	2765	0.2	1	2707 58
14	3293	0.0	1	3219 74
15	2057	0.0	1	2006 51
16	2016	0.0	1	1900 116
17	1885	0.0	1	1756 129
18	1812	0.0	1	1700 107 5
19	1747	0.0	1	1638 103 6
20	1364	0.0	2	1273 87 4
21	1511	0.0	2	1405 98 8
22	1803	0.0	2	1681 114 8
23	2024	0.0	2	1807 188 29
24	1457	0.0	2	1332 113 12
25	2016	0.0	2	1816 178 22
26	1046	0.0	2	958 79 9
27	1589	0.0	2	1452 108 25 4
28	1503	0.0	2	1348 110 33 12
29	1468	0.0	2	1303 120 34 11
30	1786	0.0	3	1571 127 58 30
31	1220	0.0	3	1067 107 34 12
32	2564	0.0	3	2313 205 24 22
33	2933	0.0	3	2614 216 71 32
34	1865	0.0	3	1489 186 126 64
35	3063	0.0	3	2580 333 115 35
36	4770	0.0	3	4396 323 36 15
37	3950	0.0	3	3749 156 27 18
38	1647	0.0	3	1518 82 21 26
39	305	0.0	3	217 36 21 31
40	583	0.0	3	469 54 50 10
41	894	0.0	3	791 86 10 7
42	1678	0.0	3	1566 71 22 19
43	735	0.0	3	603 68 20 44
44	985	0.0	3	809 67 72 37
45	986	0.0	3	796 85 68 37
46	1921	0.0	3	1775 73 35 38
47	1585	0.0	3	1306 104 122 53
48	4100	0.0	3	3701 311 34 54
49	4545	0.0	3	4239 158 85 63
50	1085	0.0	3	564 132 227 162
51	1841	0.0	3	1516 88 136 101
52	4214	0.0	3	3515 524 77 98
53	16947	0.0	3	16041 473 244 189
54	2239	0.0	3	1652 241 209 137
55	6795	0.0	3	6185 276 189 145
56	5140	0.0	3	4718 140 66 216
57	3714	0.0	3	2268 163 775 508
58	10100	0.0	3	8150 1107 567 276
59	18700	0.0	3	17614 807 74 205
60	18247	0.0	3	16695 415 577 560
61	1096	0.0	3	619 135 144 198
62	9056	0.0	3	7773 413 359 511
63	34510	0.0	3	27768 1517 1060 4165
64	25285	0.0	3	10815 1060 8674 4736
65	32923	0.0	3	25158 7150 318 297
66	176132	0.0	3	172477 3507 128 20
67	1583	0.0	3	1172 400 11
68	241	0.0	3	223 14 2 2
69	23	0.0	3	22 0 0 1
70	8	0.0	3	6 0 0 2
71	2	0.0	3	1 0 0 1
72	15	0.0	3	14 0 0 1
73	266	0.0	3	258 5 2 1
74	16	0.0	3	15 0 0 1
75	6	0.0	3	3 1 0 2
76	9	0.0	3	7 0 1 1
77	3	0.0	3	0 1 1 1
79	15	0.0	3	2 1 0 12
80	51	0.0	3	24 6 9 12


=== Second read: Adapter 2 ===

Sequence: AGATCGGAAGAGCGTCGTGTAGGGAAAGAGTGTA; Type: regular 3'; Length: 34; Trimmed: 620904 times

No. of allowed errors:
0-9 bp: 0; 10-19 bp: 1; 20-29 bp: 2; 30-34 bp: 3

Bases preceding removed adapters:
  A: 19.4%
  C: 54.6%
  G: 11.8%
  T: 12.0%
  none/other: 2.2%

Overview of removed sequences
length	count	expect	max.err	error counts
3	140528	159070.6	0	140528
4	34286	39767.7	0	34286
5	10135	9941.9	0	10135
6	4547	2485.5	0	4547
7	3728	621.4	0	3728
8	3316	155.3	0	3316
9	3459	38.8	0	3271 188
10	3808	9.7	1	3421 387
11	2874	2.4	1	2718 156
12	3288	0.6	1	3223 65
13	2175	0.2	1	2086 89
14	2992	0.0	1	2926 66
15	2290	0.0	1	2236 54
16	2152	0.0	1	2100 52
17	2502	0.0	1	2424 78
18	1927	0.0	1	1807 118 2
19	2390	0.0	1	2321 67 2
20	1722	0.0	2	1676 37 9
21	1302	0.0	2	1233 62 7
22	1827	0.0	2	1705 91 31
23	2599	0.0	2	1897 565 137
24	2173	0.0	2	2052 102 19
25	1519	0.0	2	1312 139 68
26	1669	0.0	2	1525 107 37
27	1313	0.0	2	1185 103 25
28	1940	0.0	2	1808 109 23
29	1105	0.0	2	893 174 34 4
30	1447	0.0	3	1362 61 15 9
31	755	0.0	3	573 119 49 14
32	1552	0.0	3	1405 117 26 4
33	629	0.0	3	566 41 14 8
34	850	0.0	3	695 104 36 15
35	962	0.0	3	839 91 17 15
36	548	0.0	3	494 41 9 4
37	560	0.0	3	507 40 9 4
38	524	0.0	3	450 53 18 3
39	588	0.0	3	493 63 24 8
40	538	0.0	3	392 106 24 16
41	833	0.0	3	677 117 30 9
42	976	0.0	3	844 100 22 10
43	568	0.0	3	406 104 43 15
44	3648	0.0	3	2821 599 172 56
45	1741	0.0	3	1526 171 34 10
46	263	0.0	3	215 33 11 4
47	409	0.0	3	321 71 15 2
48	1644	0.0	3	1457 131 38 18
49	668	0.0	3	580 66 15 7
50	391	0.0	3	305 62 16 8
51	1048	0.0	3	935 79 25 9
52	256	0.0	3	233 21 2
53	425	0.0	3	375 37 8 5
54	672	0.0	3	609 46 12 5
55	255	0.0	3	212 34 4 5
56	484	0.0	3	431 41 10 2
57	977	0.0	3	820 132 19 6
58	3538	0.0	3	3340 166 19 13
59	1657	0.0	3	1422 205 26 4
60	1595	0.0	3	1105 410 68 12
61	6991	0.0	3	6423 444 88 36
62	6758	0.0	3	4529 1577 593 59
63	46843	0.0	3	23200 22658 845 140
64	279012	0.0	3	271888 6911 179 34
65	6160	0.0	3	5558 573 17 12
66	386	0.0	3	360 18 6 2
67	59	0.0	3	46 12 1
68	28	0.0	3	22 4 2
69	2	0.0	3	2
70	5	0.0	3	2 1 1 1
72	4	0.0	3	2 1 1
73	5	0.0	3	3 0 2
74	64	0.0	3	47 10 4 3
75	9	0.0	3	4 4 1
76	3	0.0	3	2 0 1
77	3	0.0	3	1 1 0 1
78	2	0.0	3	2
80	3	0.0	3	0 0 1 2
