This is cutadapt 2.9 with Python 3.7.10
Command line parameters: -q 10 --minimum-length 25 --cores 24 -a GATCGGAAGAGCGGTTCAGCAGGAATGCCGAG -A AGATCGGAAGAGCGTCGTGTAGGGAAAGAGTGTA -o trimmed/SRR988672_R1_Trimmed.fastq.gz -p trimmed/SRR988672_R2_Trimmed.fastq.gz fastq/SRR988672_R1.fastq.gz fastq/SRR988672_R2.fastq.gz
Processing reads on 24 cores in paired-end mode ...
Finished in 162.67 s (12 us/read; 5.11 M reads/minute).

=== Summary ===

Total read pairs processed:         13,858,112
  Read 1 with adapter:                 750,387 (5.4%)
  Read 2 with adapter:                 663,933 (4.8%)
Pairs written (passing filters):    12,941,431 (93.4%)

Total basepairs processed: 2,217,297,920 bp
  Read 1: 1,108,648,960 bp
  Read 2: 1,108,648,960 bp
Quality-trimmed:             126,910,018 bp (5.7%)
  Read 1:    51,214,895 bp
  Read 2:    75,695,123 bp
Total written (filtered):  1,998,670,632 bp (90.1%)
  Read 1: 1,003,955,754 bp
  Read 2:   994,714,878 bp

=== First read: Adapter 1 ===

Sequence: GATCGGAAGAGCGGTTCAGCAGGAATGCCGAG; Type: regular 3'; Length: 32; Trimmed: 750387 times

No. of allowed errors:
0-9 bp: 0; 10-19 bp: 1; 20-29 bp: 2; 30-32 bp: 3

Bases preceding removed adapters:
  A: 63.3%
  C: 4.6%
  G: 7.4%
  T: 17.3%
  none/other: 7.3%

Overview of removed sequences
length	count	expect	max.err	error counts
3	190404	216533.0	0	190404
4	39683	54133.2	0	39683
5	9556	13533.3	0	9556
6	5554	3383.3	0	5554
7	4025	845.8	0	4025
8	3851	211.5	0	3851
9	4755	52.9	0	4501 254
10	3609	13.2	1	3143 466
11	4385	3.3	1	4155 230
12	2333	0.8	1	2247 86
13	3520	0.2	1	3405 115
14	4308	0.1	1	4161 147
15	2613	0.0	1	2524 89
16	2569	0.0	1	2414 155
17	2457	0.0	1	2297 160
18	2248	0.0	1	2073 169 6
19	2334	0.0	1	2204 123 7
20	1943	0.0	2	1809 118 16
21	1986	0.0	2	1846 123 17
22	2380	0.0	2	2178 188 14
23	2657	0.0	2	2370 258 29
24	1950	0.0	2	1770 156 24
25	2768	0.0	2	2483 265 20
26	1299	0.0	2	1178 101 20
27	1877	0.0	2	1709 137 27 4
28	2010	0.0	2	1770 137 57 46
29	2107	0.0	2	1819 188 54 46
30	2527	0.0	3	2155 201 117 54
31	1641	0.0	3	1402 125 44 70
32	2970	0.0	3	2568 223 68 111
33	3890	0.0	3	3216 307 145 222
34	3269	0.0	3	2296 376 223 374
35	5768	0.0	3	4762 582 253 171
36	6219	0.0	3	5725 375 51 68
37	5198	0.0	3	4823 314 26 35
38	2725	0.0	3	2472 139 27 87
39	663	0.0	3	323 46 73 221
40	1375	0.0	3	1029 144 91 111
41	1637	0.0	3	1425 139 17 56
42	2258	0.0	3	1984 105 52 117
43	1116	0.0	3	801 88 52 175
44	1526	0.0	3	1088 114 96 228
45	1887	0.0	3	1424 199 119 145
46	2434	0.0	3	1974 114 95 251
47	2928	0.0	3	1978 237 222 491
48	8026	0.0	3	7062 643 64 257
49	8013	0.0	3	6508 365 277 863
50	2482	0.0	3	1143 345 518 476
51	4049	0.0	3	2452 202 376 1019
52	7410	0.0	3	5847 998 147 418
53	31574	0.0	3	28353 1170 604 1447
54	5122	0.0	3	3142 770 423 787
55	13774	0.0	3	12452 683 398 241
56	5506	0.0	3	4692 189 95 530
57	6922	0.0	3	2804 208 1164 2746
58	13891	0.0	3	9758 1690 805 1638
59	29071	0.0	3	26738 1771 141 421
60	18803	0.0	3	16583 551 846 823
61	1532	0.0	3	589 173 214 556
62	11282	0.0	3	8151 580 749 1802
63	37205	0.0	3	28396 1962 1537 5310
64	47537	0.0	3	19582 2281 6778 18896
65	43642	0.0	3	36501 6638 346 157
66	94454	0.0	3	90825 3490 124 15
67	433	0.0	3	204 224 5
68	44	0.0	3	37 3 2 2
69	7	0.0	3	3 1 0 3
70	9	0.0	3	7 0 1 1
71	1	0.0	3	1
72	21	0.0	3	17 1 0 3
73	101	0.0	3	95 4 0 2
74	17	0.0	3	11 0 2 4
75	8	0.0	3	2 1 3 2
76	4	0.0	3	2 0 0 2
77	4	0.0	3	1 2 0 1
78	6	0.0	3	0 0 0 6
79	92	0.0	3	5 3 1 83
80	133	0.0	3	85 10 23 15


=== Second read: Adapter 2 ===

Sequence: AGATCGGAAGAGCGTCGTGTAGGGAAAGAGTGTA; Type: regular 3'; Length: 34; Trimmed: 663933 times

No. of allowed errors:
0-9 bp: 0; 10-19 bp: 1; 20-29 bp: 2; 30-34 bp: 3

Bases preceding removed adapters:
  A: 41.8%
  C: 27.2%
  G: 14.4%
  T: 13.6%
  none/other: 3.0%

Overview of removed sequences
length	count	expect	max.err	error counts
3	191336	216533.0	0	191336
4	45264	54133.2	0	45264
5	12817	13533.3	0	12817
6	5466	3383.3	0	5466
7	4958	845.8	0	4958
8	4249	211.5	0	4249
9	4523	52.9	0	4238 285
10	5136	13.2	1	4515 621
11	3720	3.3	1	3489 231
12	4126	0.8	1	4041 85
13	2865	0.2	1	2682 183
14	3783	0.1	1	3699 84
15	2866	0.0	1	2788 78
16	2875	0.0	1	2785 90
17	3215	0.0	1	3129 86
18	2546	0.0	1	2395 149 2
19	4010	0.0	1	3904 102 4
20	2561	0.0	2	2488 67 6
21	1769	0.0	2	1705 48 16
22	2465	0.0	2	2175 209 81
23	7182	0.0	2	2506 3796 880
24	2820	0.0	2	2658 129 33
25	2815	0.0	2	1674 805 336
26	2220	0.0	2	1865 250 105
27	1655	0.0	2	1502 114 38 1
28	2066	0.0	2	1934 96 33 3
29	1411	0.0	2	1046 260 80 25
30	1761	0.0	3	1673 66 14 8
31	1241	0.0	3	813 238 130 60
32	1435	0.0	3	1319 98 14 4
33	818	0.0	3	739 58 16 5
34	1051	0.0	3	872 115 40 24
35	1043	0.0	3	927 79 28 9
36	780	0.0	3	706 55 13 6
37	722	0.0	3	664 40 12 6
38	659	0.0	3	560 73 13 13
39	789	0.0	3	651 76 30 32
40	791	0.0	3	531 187 58 15
41	1073	0.0	3	763 225 69 16
42	1098	0.0	3	961 102 28 7
43	903	0.0	3	586 180 99 38
44	3902	0.0	3	1999 1174 509 220
45	2002	0.0	3	1760 183 41 18
46	369	0.0	3	323 35 8 3
47	494	0.0	3	403 72 11 8
48	1536	0.0	3	1412 96 21 7
49	802	0.0	3	707 72 17 6
50	554	0.0	3	424 101 25 4
51	1254	0.0	3	1153 83 13 5
52	288	0.0	3	258 23 5 2
53	435	0.0	3	381 45 7 2
54	800	0.0	3	728 67 4 1
55	292	0.0	3	254 27 7 4
56	421	0.0	3	370 38 10 3
57	1246	0.0	3	994 222 26 4
58	5223	0.0	3	4994 197 25 7
59	2420	0.0	3	2089 279 37 15
60	2060	0.0	3	1344 572 111 33
61	8366	0.0	3	7656 556 100 54
62	8546	0.0	3	5842 1844 728 132
63	63800	0.0	3	32401 28200 2563 636
64	212283	0.0	3	208061 3954 197 71
65	1603	0.0	3	1347 225 20 11
66	165	0.0	3	150 11 4
67	29	0.0	3	26 3
68	8	0.0	3	4 4
69	9	0.0	3	6 3
70	3	0.0	3	3
71	4	0.0	3	2 2
72	10	0.0	3	6 4
73	9	0.0	3	6 1 2
74	91	0.0	3	63 20 6 2
75	16	0.0	3	10 4 1 1
76	1	0.0	3	1
77	2	0.0	3	1 1
78	2	0.0	3	1 0 0 1
79	1	0.0	3	0 0 1
80	4	0.0	3	0 1 1 2
