This is cutadapt 2.9 with Python 3.7.10
Command line parameters: -q 10 --minimum-length 25 --cores 24 -a GATCGGAAGAGCGGTTCAGCAGGAATGCCGAG -A AGATCGGAAGAGCGTCGTGTAGGGAAAGAGTGTA -o trimmed/SRR988671_R1_Trimmed.fastq.gz -p trimmed/SRR988671_R2_Trimmed.fastq.gz fastq/SRR988671_R1.fastq.gz fastq/SRR988671_R2.fastq.gz
Processing reads on 24 cores in paired-end mode ...
Finished in 92.56 s (11 us/read; 5.52 M reads/minute).

=== Summary ===

Total read pairs processed:          8,510,156
  Read 1 with adapter:                 606,588 (7.1%)
  Read 2 with adapter:                 579,773 (6.8%)
Pairs written (passing filters):     7,892,822 (92.7%)

Total basepairs processed: 1,361,624,960 bp
  Read 1:   680,812,480 bp
  Read 2:   680,812,480 bp
Quality-trimmed:              70,860,289 bp (5.2%)
  Read 1:    30,547,908 bp
  Read 2:    40,312,381 bp
Total written (filtered):  1,218,473,044 bp (89.5%)
  Read 1:   611,741,628 bp
  Read 2:   606,731,416 bp

=== First read: Adapter 1 ===

Sequence: GATCGGAAGAGCGGTTCAGCAGGAATGCCGAG; Type: regular 3'; Length: 32; Trimmed: 606588 times

No. of allowed errors:
0-9 bp: 0; 10-19 bp: 1; 20-29 bp: 2; 30-32 bp: 3

Bases preceding removed adapters:
  A: 73.8%
  C: 3.5%
  G: 5.6%
  T: 7.2%
  none/other: 9.9%

Overview of removed sequences
length	count	expect	max.err	error counts
3	107109	132971.2	0	107109
4	27517	33242.8	0	27517
5	7403	8310.7	0	7403
6	4556	2077.7	0	4556
7	3441	519.4	0	3441
8	3319	129.9	0	3319
9	4069	32.5	0	3844 225
10	2868	8.1	1	2570 298
11	3657	2.0	1	3492 165
12	1886	0.5	1	1820 66
13	2999	0.1	1	2944 55
14	3649	0.0	1	3553 96
15	2041	0.0	1	1996 45
16	2089	0.0	1	1990 99
17	1851	0.0	1	1716 135
18	1765	0.0	1	1625 137 3
19	1773	0.0	1	1654 115 4
20	1440	0.0	2	1357 79 4
21	1542	0.0	2	1454 78 10
22	2018	0.0	2	1850 160 8
23	2149	0.0	2	1904 227 18
24	1474	0.0	2	1346 118 10
25	2057	0.0	2	1868 168 21
26	992	0.0	2	918 71 3
27	1614	0.0	2	1482 110 14 8
28	1572	0.0	2	1400 134 34 4
29	1483	0.0	2	1313 138 18 14
30	1983	0.0	3	1766 129 58 30
31	1133	0.0	3	1009 87 23 14
32	2656	0.0	3	2433 180 31 12
33	2906	0.0	3	2628 200 43 35
34	1751	0.0	3	1445 188 78 40
35	2775	0.0	3	2299 350 94 32
36	4961	0.0	3	4559 350 36 16
37	3601	0.0	3	3392 169 27 13
38	1371	0.0	3	1257 81 15 18
39	341	0.0	3	266 37 20 18
40	601	0.0	3	509 56 29 7
41	795	0.0	3	691 86 8 10
42	1607	0.0	3	1516 63 16 12
43	587	0.0	3	483 70 18 16
44	712	0.0	3	607 50 33 22
45	818	0.0	3	665 86 38 29
46	1587	0.0	3	1468 66 21 32
47	1267	0.0	3	1067 109 76 15
48	2592	0.0	3	2300 238 24 30
49	4215	0.0	3	4012 125 51 27
50	752	0.0	3	456 91 117 88
51	1372	0.0	3	1176 90 76 30
52	3040	0.0	3	2606 316 51 67
53	10147	0.0	3	9616 338 113 80
54	1780	0.0	3	1350 203 156 71
55	4249	0.0	3	3757 271 95 126
56	4312	0.0	3	4004 123 60 125
57	2393	0.0	3	1679 150 320 244
58	6611	0.0	3	5358 750 409 94
59	11871	0.0	3	10959 692 62 158
60	17490	0.0	3	16349 435 302 404
61	983	0.0	3	613 114 104 152
62	6668	0.0	3	5665 316 212 475
63	26703	0.0	3	19153 1113 799 5638
64	18111	0.0	3	8766 963 7474 908
65	34123	0.0	3	24525 8693 504 401
66	213057	0.0	3	208910 3954 169 24
67	4885	0.0	3	4257 605 20 3
68	978	0.0	3	925 49 2 2
69	53	0.0	3	48 3 2
70	16	0.0	3	13 3
71	6	0.0	3	5 1
72	8	0.0	3	8
73	274	0.0	3	263 9 1 1
74	18	0.0	3	16 1 0 1
75	3	0.0	3	2 0 0 1
76	2	0.0	3	2
77	3	0.0	3	2 0 0 1
78	3	0.0	3	1 0 1 1
79	3	0.0	3	2 0 0 1
80	82	0.0	3	48 13 9 12


=== Second read: Adapter 2 ===

Sequence: AGATCGGAAGAGCGTCGTGTAGGGAAAGAGTGTA; Type: regular 3'; Length: 34; Trimmed: 579773 times

No. of allowed errors:
0-9 bp: 0; 10-19 bp: 1; 20-29 bp: 2; 30-34 bp: 3

Bases preceding removed adapters:
  A: 10.0%
  C: 63.9%
  G: 11.6%
  T: 10.4%
  none/other: 4.2%

Overview of removed sequences
length	count	expect	max.err	error counts
3	103786	132971.2	0	103786
4	25381	33242.8	0	25381
5	8856	8310.7	0	8856
6	4474	2077.7	0	4474
7	4073	519.4	0	4073
8	3641	129.9	0	3641
9	3785	32.5	0	3641 144
10	4313	8.1	1	3894 419
11	2911	2.0	1	2776 135
12	3588	0.5	1	3523 65
13	2186	0.1	1	2073 113
14	3243	0.0	1	3156 87
15	2363	0.0	1	2311 52
16	2165	0.0	1	2094 71
17	2647	0.0	1	2563 84
18	1835	0.0	1	1720 114 1
19	2464	0.0	1	2370 91 3
20	1678	0.0	2	1632 37 9
21	1285	0.0	2	1216 56 13
22	1973	0.0	2	1806 130 37
23	2653	0.0	2	2088 477 88
24	2415	0.0	2	2263 129 23
25	1505	0.0	2	1299 142 64
26	1698	0.0	2	1558 106 34
27	1321	0.0	2	1199 107 15
28	2140	0.0	2	2001 113 25 1
29	1058	0.0	2	871 149 27 11
30	1773	0.0	3	1668 71 22 12
31	798	0.0	3	610 133 39 16
32	1857	0.0	3	1634 166 40 17
33	603	0.0	3	548 36 10 9
34	932	0.0	3	756 117 37 22
35	1067	0.0	3	946 93 21 7
36	642	0.0	3	584 40 10 8
37	642	0.0	3	606 30 4 2
38	609	0.0	3	534 54 13 8
39	634	0.0	3	560 49 14 11
40	730	0.0	3	500 171 46 13
41	948	0.0	3	781 122 30 15
42	1082	0.0	3	955 102 22 3
43	669	0.0	3	425 169 57 18
44	3961	0.0	3	2951 715 205 90
45	2048	0.0	3	1771 211 49 17
46	336	0.0	3	302 28 5 1
47	420	0.0	3	334 65 17 4
48	1752	0.0	3	1521 162 42 27
49	668	0.0	3	562 70 23 13
50	470	0.0	3	336 88 36 10
51	1348	0.0	3	1195 110 36 7
52	230	0.0	3	203 19 3 5
53	460	0.0	3	404 42 9 5
54	555	0.0	3	486 54 13 2
55	341	0.0	3	281 40 14 6
56	293	0.0	3	236 46 8 3
57	997	0.0	3	736 229 24 8
58	2399	0.0	3	2187 176 31 5
59	1521	0.0	3	1178 285 47 11
60	1582	0.0	3	818 637 99 28
61	6846	0.0	3	6055 650 81 60
62	8099	0.0	3	3668 3333 1033 65
63	58640	0.0	3	19647 37611 1205 177
64	264625	0.0	3	253838 10475 254 58
65	8981	0.0	3	7664 1274 38 5
66	593	0.0	3	551 32 8 2
67	69	0.0	3	57 8 3 1
68	15	0.0	3	10 4 0 1
69	10	0.0	3	9 1
70	3	0.0	3	1 1 1
71	5	0.0	3	4 0 0 1
72	3	0.0	3	2 1
73	3	0.0	3	2 0 0 1
74	62	0.0	3	39 9 10 4
75	6	0.0	3	4 1 1
76	1	0.0	3	0 0 1
78	1	0.0	3	0 1
80	7	0.0	3	0 4 0 3
