[1] "Found DP info files:"
  [1] "../RNAseq_short_variant_analysis/filtering/GVCFall.DP/Mcapitata_ATAC_TP10_1095.GT.DP.txt"
  [2] "../RNAseq_short_variant_analysis/filtering/GVCFall.DP/Mcapitata_ATAC_TP10_1561.GT.DP.txt"
  [3] "../RNAseq_short_variant_analysis/filtering/GVCFall.DP/Mcapitata_ATAC_TP10_1631.GT.DP.txt"
  [4] "../RNAseq_short_variant_analysis/filtering/GVCFall.DP/Mcapitata_ATAC_TP1_1037.GT.DP.txt" 
  [5] "../RNAseq_short_variant_analysis/filtering/GVCFall.DP/Mcapitata_ATAC_TP11_1076.GT.DP.txt"
  [6] "../RNAseq_short_variant_analysis/filtering/GVCFall.DP/Mcapitata_ATAC_TP11_1644.GT.DP.txt"
  [7] "../RNAseq_short_variant_analysis/filtering/GVCFall.DP/Mcapitata_ATAC_TP11_2302.GT.DP.txt"
  [8] "../RNAseq_short_variant_analysis/filtering/GVCFall.DP/Mcapitata_ATAC_TP1_1600.GT.DP.txt" 
  [9] "../RNAseq_short_variant_analysis/filtering/GVCFall.DP/Mcapitata_ATAC_TP1_1652.GT.DP.txt" 
 [10] "../RNAseq_short_variant_analysis/filtering/GVCFall.DP/Mcapitata_ATAC_TP12_1120.GT.DP.txt"
 [11] "../RNAseq_short_variant_analysis/filtering/GVCFall.DP/Mcapitata_ATAC_TP12_1452.GT.DP.txt"
 [12] "../RNAseq_short_variant_analysis/filtering/GVCFall.DP/Mcapitata_ATAC_TP12_2403.GT.DP.txt"
 [13] "../RNAseq_short_variant_analysis/filtering/GVCFall.DP/Mcapitata_ATAC_TP3_1101.GT.DP.txt" 
 [14] "../RNAseq_short_variant_analysis/filtering/GVCFall.DP/Mcapitata_ATAC_TP3_1548.GT.DP.txt" 
 [15] "../RNAseq_short_variant_analysis/filtering/GVCFall.DP/Mcapitata_ATAC_TP3_1628.GT.DP.txt" 
 [16] "../RNAseq_short_variant_analysis/filtering/GVCFall.DP/Mcapitata_ATAC_TP4_1108.GT.DP.txt" 
 [17] "../RNAseq_short_variant_analysis/filtering/GVCFall.DP/Mcapitata_ATAC_TP4_1609.GT.DP.txt" 
 [18] "../RNAseq_short_variant_analysis/filtering/GVCFall.DP/Mcapitata_ATAC_TP4_1651.GT.DP.txt" 
 [19] "../RNAseq_short_variant_analysis/filtering/GVCFall.DP/Mcapitata_ATAC_TP5_1196.GT.DP.txt" 
 [20] "../RNAseq_short_variant_analysis/filtering/GVCFall.DP/Mcapitata_ATAC_TP5_1610.GT.DP.txt" 
 [21] "../RNAseq_short_variant_analysis/filtering/GVCFall.DP/Mcapitata_ATAC_TP5_1776.GT.DP.txt" 
 [22] "../RNAseq_short_variant_analysis/filtering/GVCFall.DP/Mcapitata_ATAC_TP6_1114.GT.DP.txt" 
 [23] "../RNAseq_short_variant_analysis/filtering/GVCFall.DP/Mcapitata_ATAC_TP6_1611.GT.DP.txt" 
 [24] "../RNAseq_short_variant_analysis/filtering/GVCFall.DP/Mcapitata_ATAC_TP6_2402.GT.DP.txt" 
 [25] "../RNAseq_short_variant_analysis/filtering/GVCFall.DP/Mcapitata_ATAC_TP7_1058.GT.DP.txt" 
 [26] "../RNAseq_short_variant_analysis/filtering/GVCFall.DP/Mcapitata_ATAC_TP7_1455.GT.DP.txt" 
 [27] "../RNAseq_short_variant_analysis/filtering/GVCFall.DP/Mcapitata_ATAC_TP7_1499.GT.DP.txt" 
 [28] "../RNAseq_short_variant_analysis/filtering/GVCFall.DP/Mcapitata_ATAC_TP8_1083.GT.DP.txt" 
 [29] "../RNAseq_short_variant_analysis/filtering/GVCFall.DP/Mcapitata_ATAC_TP8_1436.GT.DP.txt" 
 [30] "../RNAseq_short_variant_analysis/filtering/GVCFall.DP/Mcapitata_ATAC_TP8_1779.GT.DP.txt" 
 [31] "../RNAseq_short_variant_analysis/filtering/GVCFall.DP/Mcapitata_ATAC_TP9_1121.GT.DP.txt" 
 [32] "../RNAseq_short_variant_analysis/filtering/GVCFall.DP/Mcapitata_ATAC_TP9_1420.GT.DP.txt" 
 [33] "../RNAseq_short_variant_analysis/filtering/GVCFall.DP/Mcapitata_ATAC_TP9_1580.GT.DP.txt" 
 [34] "../RNAseq_short_variant_analysis/filtering/GVCFall.DP/Mcapitata_ATHC_TP10_1204.GT.DP.txt"
 [35] "../RNAseq_short_variant_analysis/filtering/GVCFall.DP/Mcapitata_ATHC_TP10_2554.GT.DP.txt"
 [36] "../RNAseq_short_variant_analysis/filtering/GVCFall.DP/Mcapitata_ATHC_TP10_2737.GT.DP.txt"
 [37] "../RNAseq_short_variant_analysis/filtering/GVCFall.DP/Mcapitata_ATHC_TP11_1237.GT.DP.txt"
 [38] "../RNAseq_short_variant_analysis/filtering/GVCFall.DP/Mcapitata_ATHC_TP11_2188.GT.DP.txt"
 [39] "../RNAseq_short_variant_analysis/filtering/GVCFall.DP/Mcapitata_ATHC_TP1_1218.GT.DP.txt" 
 [40] "../RNAseq_short_variant_analysis/filtering/GVCFall.DP/Mcapitata_ATHC_TP11_2756.GT.DP.txt"
 [41] "../RNAseq_short_variant_analysis/filtering/GVCFall.DP/Mcapitata_ATHC_TP1_1826.GT.DP.txt" 
 [42] "../RNAseq_short_variant_analysis/filtering/GVCFall.DP/Mcapitata_ATHC_TP1_2068.GT.DP.txt" 
 [43] "../RNAseq_short_variant_analysis/filtering/GVCFall.DP/Mcapitata_ATHC_TP12_1154.GT.DP.txt"
 [44] "../RNAseq_short_variant_analysis/filtering/GVCFall.DP/Mcapitata_ATHC_TP12_2736.GT.DP.txt"
 [45] "../RNAseq_short_variant_analysis/filtering/GVCFall.DP/Mcapitata_ATHC_TP12_2990.GT.DP.txt"
 [46] "../RNAseq_short_variant_analysis/filtering/GVCFall.DP/Mcapitata_ATHC_TP3_1544.GT.DP.txt" 
 [47] "../RNAseq_short_variant_analysis/filtering/GVCFall.DP/Mcapitata_ATHC_TP3_2731.GT.DP.txt" 
 [48] "../RNAseq_short_variant_analysis/filtering/GVCFall.DP/Mcapitata_ATHC_TP3_2866.GT.DP.txt" 
 [49] "../RNAseq_short_variant_analysis/filtering/GVCFall.DP/Mcapitata_ATHC_TP4_1221.GT.DP.txt" 
 [50] "../RNAseq_short_variant_analysis/filtering/GVCFall.DP/Mcapitata_ATHC_TP4_2561.GT.DP.txt" 
 [51] "../RNAseq_short_variant_analysis/filtering/GVCFall.DP/Mcapitata_ATHC_TP4_2734.GT.DP.txt" 
 [52] "../RNAseq_short_variant_analysis/filtering/GVCFall.DP/Mcapitata_ATHC_TP5_1229.GT.DP.txt" 
 [53] "../RNAseq_short_variant_analysis/filtering/GVCFall.DP/Mcapitata_ATHC_TP5_1706.GT.DP.txt" 
 [54] "../RNAseq_short_variant_analysis/filtering/GVCFall.DP/Mcapitata_ATHC_TP5_2986.GT.DP.txt" 
 [55] "../RNAseq_short_variant_analysis/filtering/GVCFall.DP/Mcapitata_ATHC_TP6_1212.GT.DP.txt" 
 [56] "../RNAseq_short_variant_analysis/filtering/GVCFall.DP/Mcapitata_ATHC_TP6_2016.GT.DP.txt" 
 [57] "../RNAseq_short_variant_analysis/filtering/GVCFall.DP/Mcapitata_ATHC_TP6_2555.GT.DP.txt" 
 [58] "../RNAseq_short_variant_analysis/filtering/GVCFall.DP/Mcapitata_ATHC_TP7_1223.GT.DP.txt" 
 [59] "../RNAseq_short_variant_analysis/filtering/GVCFall.DP/Mcapitata_ATHC_TP7_2860.GT.DP.txt" 
 [60] "../RNAseq_short_variant_analysis/filtering/GVCFall.DP/Mcapitata_ATHC_TP7_2875.GT.DP.txt" 
 [61] "../RNAseq_short_variant_analysis/filtering/GVCFall.DP/Mcapitata_ATHC_TP8_1260.GT.DP.txt" 
 [62] "../RNAseq_short_variant_analysis/filtering/GVCFall.DP/Mcapitata_ATHC_TP8_2735.GT.DP.txt" 
 [63] "../RNAseq_short_variant_analysis/filtering/GVCFall.DP/Mcapitata_ATHC_TP8_2753.GT.DP.txt" 
 [64] "../RNAseq_short_variant_analysis/filtering/GVCFall.DP/Mcapitata_ATHC_TP9_1148.GT.DP.txt" 
 [65] "../RNAseq_short_variant_analysis/filtering/GVCFall.DP/Mcapitata_ATHC_TP9_2862.GT.DP.txt" 
 [66] "../RNAseq_short_variant_analysis/filtering/GVCFall.DP/Mcapitata_ATHC_TP9_2995.GT.DP.txt" 
 [67] "../RNAseq_short_variant_analysis/filtering/GVCFall.DP/Mcapitata_HTAC_TP10_1315.GT.DP.txt"
 [68] "../RNAseq_short_variant_analysis/filtering/GVCFall.DP/Mcapitata_HTAC_TP10_1478.GT.DP.txt"
 [69] "../RNAseq_short_variant_analysis/filtering/GVCFall.DP/Mcapitata_HTAC_TP10_1754.GT.DP.txt"
 [70] "../RNAseq_short_variant_analysis/filtering/GVCFall.DP/Mcapitata_HTAC_TP11_1248.GT.DP.txt"
 [71] "../RNAseq_short_variant_analysis/filtering/GVCFall.DP/Mcapitata_HTAC_TP11_1562.GT.DP.txt"
 [72] "../RNAseq_short_variant_analysis/filtering/GVCFall.DP/Mcapitata_HTAC_TP11_2380.GT.DP.txt"
 [73] "../RNAseq_short_variant_analysis/filtering/GVCFall.DP/Mcapitata_HTAC_TP1_1579.GT.DP.txt" 
 [74] "../RNAseq_short_variant_analysis/filtering/GVCFall.DP/Mcapitata_HTAC_TP1_2153.GT.DP.txt" 
 [75] "../RNAseq_short_variant_analysis/filtering/GVCFall.DP/Mcapitata_HTAC_TP12_1632.GT.DP.txt"
 [76] "../RNAseq_short_variant_analysis/filtering/GVCFall.DP/Mcapitata_HTAC_TP12_1729.GT.DP.txt"
 [77] "../RNAseq_short_variant_analysis/filtering/GVCFall.DP/Mcapitata_HTAC_TP1_2183.GT.DP.txt" 
 [78] "../RNAseq_short_variant_analysis/filtering/GVCFall.DP/Mcapitata_HTAC_TP12_2007.GT.DP.txt"
 [79] "../RNAseq_short_variant_analysis/filtering/GVCFall.DP/Mcapitata_HTAC_TP3_1289.GT.DP.txt" 
 [80] "../RNAseq_short_variant_analysis/filtering/GVCFall.DP/Mcapitata_HTAC_TP3_1751.GT.DP.txt" 
 [81] "../RNAseq_short_variant_analysis/filtering/GVCFall.DP/Mcapitata_HTAC_TP3_2021.GT.DP.txt" 
 [82] "../RNAseq_short_variant_analysis/filtering/GVCFall.DP/Mcapitata_HTAC_TP4_1269.GT.DP.txt" 
 [83] "../RNAseq_short_variant_analysis/filtering/GVCFall.DP/Mcapitata_HTAC_TP4_1481.GT.DP.txt" 
 [84] "../RNAseq_short_variant_analysis/filtering/GVCFall.DP/Mcapitata_HTAC_TP4_2000.GT.DP.txt" 
 [85] "../RNAseq_short_variant_analysis/filtering/GVCFall.DP/Mcapitata_HTAC_TP5_1321.GT.DP.txt" 
 [86] "../RNAseq_short_variant_analysis/filtering/GVCFall.DP/Mcapitata_HTAC_TP5_1583.GT.DP.txt" 
 [87] "../RNAseq_short_variant_analysis/filtering/GVCFall.DP/Mcapitata_HTAC_TP5_1997.GT.DP.txt" 
 [88] "../RNAseq_short_variant_analysis/filtering/GVCFall.DP/Mcapitata_HTAC_TP6_1496.GT.DP.txt" 
 [89] "../RNAseq_short_variant_analysis/filtering/GVCFall.DP/Mcapitata_HTAC_TP6_1588.GT.DP.txt" 
 [90] "../RNAseq_short_variant_analysis/filtering/GVCFall.DP/Mcapitata_HTAC_TP6_1705.GT.DP.txt" 
 [91] "../RNAseq_short_variant_analysis/filtering/GVCFall.DP/Mcapitata_HTAC_TP7_1278.GT.DP.txt" 
 [92] "../RNAseq_short_variant_analysis/filtering/GVCFall.DP/Mcapitata_HTAC_TP7_1645.GT.DP.txt" 
 [93] "../RNAseq_short_variant_analysis/filtering/GVCFall.DP/Mcapitata_HTAC_TP7_1722.GT.DP.txt" 
 [94] "../RNAseq_short_variant_analysis/filtering/GVCFall.DP/Mcapitata_HTAC_TP8_1235.GT.DP.txt" 
 [95] "../RNAseq_short_variant_analysis/filtering/GVCFall.DP/Mcapitata_HTAC_TP8_2386.GT.DP.txt" 
 [96] "../RNAseq_short_variant_analysis/filtering/GVCFall.DP/Mcapitata_HTAC_TP8_2410.GT.DP.txt" 
 [97] "../RNAseq_short_variant_analysis/filtering/GVCFall.DP/Mcapitata_HTAC_TP9_1306.GT.DP.txt" 
 [98] "../RNAseq_short_variant_analysis/filtering/GVCFall.DP/Mcapitata_HTAC_TP9_1467.GT.DP.txt" 
 [99] "../RNAseq_short_variant_analysis/filtering/GVCFall.DP/Mcapitata_HTAC_TP9_2412.GT.DP.txt" 
[100] "../RNAseq_short_variant_analysis/filtering/GVCFall.DP/Mcapitata_HTHC_TP10_1074.GT.DP.txt"
[101] "../RNAseq_short_variant_analysis/filtering/GVCFall.DP/Mcapitata_HTHC_TP10_1332.GT.DP.txt"
[102] "../RNAseq_short_variant_analysis/filtering/GVCFall.DP/Mcapitata_HTHC_TP10_1689.GT.DP.txt"
[103] "../RNAseq_short_variant_analysis/filtering/GVCFall.DP/Mcapitata_HTHC_TP11_1178.GT.DP.txt"
[104] "../RNAseq_short_variant_analysis/filtering/GVCFall.DP/Mcapitata_HTHC_TP11_1270.GT.DP.txt"
[105] "../RNAseq_short_variant_analysis/filtering/GVCFall.DP/Mcapitata_HTHC_TP1_1145.GT.DP.txt" 
[106] "../RNAseq_short_variant_analysis/filtering/GVCFall.DP/Mcapitata_HTHC_TP11_2511.GT.DP.txt"
[107] "../RNAseq_short_variant_analysis/filtering/GVCFall.DP/Mcapitata_HTHC_TP1_1323.GT.DP.txt" 
[108] "../RNAseq_short_variant_analysis/filtering/GVCFall.DP/Mcapitata_HTHC_TP1_2081.GT.DP.txt" 
[109] "../RNAseq_short_variant_analysis/filtering/GVCFall.DP/Mcapitata_HTHC_TP12_1140.GT.DP.txt"
[110] "../RNAseq_short_variant_analysis/filtering/GVCFall.DP/Mcapitata_HTHC_TP12_1274.GT.DP.txt"
[111] "../RNAseq_short_variant_analysis/filtering/GVCFall.DP/Mcapitata_HTHC_TP12_2190.GT.DP.txt"
[112] "../RNAseq_short_variant_analysis/filtering/GVCFall.DP/Mcapitata_HTHC_TP3_1128.GT.DP.txt" 
[113] "../RNAseq_short_variant_analysis/filtering/GVCFall.DP/Mcapitata_HTHC_TP3_1277.GT.DP.txt" 
[114] "../RNAseq_short_variant_analysis/filtering/GVCFall.DP/Mcapitata_HTHC_TP3_2518.GT.DP.txt" 
[115] "../RNAseq_short_variant_analysis/filtering/GVCFall.DP/Mcapitata_HTHC_TP4_1124.GT.DP.txt" 
[116] "../RNAseq_short_variant_analysis/filtering/GVCFall.DP/Mcapitata_HTHC_TP4_1328.GT.DP.txt" 
[117] "../RNAseq_short_variant_analysis/filtering/GVCFall.DP/Mcapitata_HTHC_TP4_2204.GT.DP.txt" 
[118] "../RNAseq_short_variant_analysis/filtering/GVCFall.DP/Mcapitata_HTHC_TP5_1345.GT.DP.txt" 
[119] "../RNAseq_short_variant_analysis/filtering/GVCFall.DP/Mcapitata_HTHC_TP5_1449.GT.DP.txt" 
[120] "../RNAseq_short_variant_analysis/filtering/GVCFall.DP/Mcapitata_HTHC_TP5_1694.GT.DP.txt" 
[121] "../RNAseq_short_variant_analysis/filtering/GVCFall.DP/Mcapitata_HTHC_TP6_1164.GT.DP.txt" 
[122] "../RNAseq_short_variant_analysis/filtering/GVCFall.DP/Mcapitata_HTHC_TP6_1317.GT.DP.txt" 
[123] "../RNAseq_short_variant_analysis/filtering/GVCFall.DP/Mcapitata_HTHC_TP6_1604.GT.DP.txt" 
[124] "../RNAseq_short_variant_analysis/filtering/GVCFall.DP/Mcapitata_HTHC_TP7_1126.GT.DP.txt" 
[125] "../RNAseq_short_variant_analysis/filtering/GVCFall.DP/Mcapitata_HTHC_TP7_1250.GT.DP.txt" 
[126] "../RNAseq_short_variant_analysis/filtering/GVCFall.DP/Mcapitata_HTHC_TP7_2419.GT.DP.txt" 
[127] "../RNAseq_short_variant_analysis/filtering/GVCFall.DP/Mcapitata_HTHC_TP8_1082.GT.DP.txt" 
[128] "../RNAseq_short_variant_analysis/filtering/GVCFall.DP/Mcapitata_HTHC_TP8_1246.GT.DP.txt" 
[129] "../RNAseq_short_variant_analysis/filtering/GVCFall.DP/Mcapitata_HTHC_TP8_2067.GT.DP.txt" 
[130] "../RNAseq_short_variant_analysis/filtering/GVCFall.DP/Mcapitata_HTHC_TP9_1078.GT.DP.txt" 
[131] "../RNAseq_short_variant_analysis/filtering/GVCFall.DP/Mcapitata_HTHC_TP9_1331.GT.DP.txt" 
[132] "../RNAseq_short_variant_analysis/filtering/GVCFall.DP/Mcapitata_HTHC_TP9_2009.GT.DP.txt" 
null device 
          1 
