Using GATK jar /home/timothy/programs/gatk-4.2.0.0/gatk-package-4.2.0.0-local.jar
Running:
    java -Dsamjdk.use_async_io_read_samtools=false -Dsamjdk.use_async_io_write_samtools=true -Dsamjdk.use_async_io_write_tribble=false -Dsamjdk.compression_level=2 -jar /home/timothy/programs/gatk-4.2.0.0/gatk-package-4.2.0.0-local.jar VariantsToTable --reference Pocillopora_acuta_HIv1.assembly.purged.fasta --variant GVCFall_withOutGroup_SNPs_DPfilterNoCall.vcf --output GVCFall_withOutGroup_SNPs_DPfilterNoCall.AD_GQ.table -F CHROM -F POS -GF GT -GF AD -GF DP -GF GQ
13:33:32.235 INFO  NativeLibraryLoader - Loading libgkl_compression.so from jar:file:/home/timothy/programs/gatk-4.2.0.0/gatk-package-4.2.0.0-local.jar!/com/intel/gkl/native/libgkl_compression.so
Aug 04, 2021 1:33:32 PM shaded.cloud_nio.com.google.auth.oauth2.ComputeEngineCredentials runningOnComputeEngine
INFO: Failed to detect whether we are running on Google Compute Engine.
13:33:32.489 INFO  VariantsToTable - ------------------------------------------------------------
13:33:32.490 INFO  VariantsToTable - The Genome Analysis Toolkit (GATK) v4.2.0.0
13:33:32.490 INFO  VariantsToTable - For support and documentation go to https://software.broadinstitute.org/gatk/
13:33:32.490 INFO  VariantsToTable - Executing as timothy@coral on Linux v5.4.0-80-generic amd64
13:33:32.490 INFO  VariantsToTable - Java runtime: OpenJDK 64-Bit Server VM v11.0.11+9-Ubuntu-0ubuntu2.20.04
13:33:32.490 INFO  VariantsToTable - Start Date/Time: August 4, 2021 at 1:33:32 PM EDT
13:33:32.490 INFO  VariantsToTable - ------------------------------------------------------------
13:33:32.490 INFO  VariantsToTable - ------------------------------------------------------------
13:33:32.491 INFO  VariantsToTable - HTSJDK Version: 2.24.0
13:33:32.491 INFO  VariantsToTable - Picard Version: 2.25.0
13:33:32.491 INFO  VariantsToTable - Built for Spark Version: 2.4.5
13:33:32.491 INFO  VariantsToTable - HTSJDK Defaults.COMPRESSION_LEVEL : 2
13:33:32.492 INFO  VariantsToTable - HTSJDK Defaults.USE_ASYNC_IO_READ_FOR_SAMTOOLS : false
13:33:32.492 INFO  VariantsToTable - HTSJDK Defaults.USE_ASYNC_IO_WRITE_FOR_SAMTOOLS : true
13:33:32.492 INFO  VariantsToTable - HTSJDK Defaults.USE_ASYNC_IO_WRITE_FOR_TRIBBLE : false
13:33:32.492 INFO  VariantsToTable - Deflater: IntelDeflater
13:33:32.492 INFO  VariantsToTable - Inflater: IntelInflater
13:33:32.492 INFO  VariantsToTable - GCS max retries/reopens: 20
13:33:32.492 INFO  VariantsToTable - Requester pays: disabled
13:33:32.492 INFO  VariantsToTable - Initializing engine
13:33:32.756 INFO  FeatureManager - Using codec VCFCodec to read file file:///scratch/timothy/projects/0022_Coral_Genotype_Analysis/03_Analysis/2021-06-21/Pocillopora_acuta_PacBio_Assembly/RNAseq_short_variant_analysis/outgroup/P_damicornis_Linnaeus_1758_Indonesia_isolate/variant_analysis_SeparateLibraries/filtering/GVCFall_withOutGroup_SNPs.AD_Analysis/GVCFall_withOutGroup_SNPs_DPfilterNoCall.vcf
13:33:32.880 INFO  VariantsToTable - Done initializing engine
13:33:32.884 WARN  VariantsToTable - Allele-specific fields will only be split if splitting multi-allelic variants is specified (`--split-multi-allelic` or `-SMA`
13:33:32.886 INFO  ProgressMeter - Starting traversal
13:33:32.886 INFO  ProgressMeter -        Current Locus  Elapsed Minutes    Variants Processed  Variants/Minute
13:33:42.918 INFO  ProgressMeter - Pocillopora_acuta_HIv1___Scaffold_000000F___length_7015273:810523              0.2                 21000         125623.1
13:33:53.419 INFO  ProgressMeter - Pocillopora_acuta_HIv1___Scaffold_000000F___length_7015273:2170083              0.3                 55000         160724.7
13:34:03.522 INFO  ProgressMeter - Pocillopora_acuta_HIv1___Scaffold_000000F___length_7015273:3107475              0.5                 75000         146886.0
13:34:13.906 INFO  ProgressMeter - Pocillopora_acuta_HIv1___Scaffold_000000F___length_7015273:3969466              0.7                 96000         140422.7
13:34:24.236 INFO  ProgressMeter - Pocillopora_acuta_HIv1___Scaffold_000000F___length_7015273:5101085              0.9                117000         136708.9
13:34:34.261 INFO  ProgressMeter - Pocillopora_acuta_HIv1___Scaffold_000000F___length_7015273:5988715              1.0                137000         133930.8
13:34:44.491 INFO  ProgressMeter - Pocillopora_acuta_HIv1___Scaffold_000000F___length_7015273:6947597              1.2                158000         132394.8
13:34:54.929 INFO  ProgressMeter - Pocillopora_acuta_HIv1___Scaffold_000001F___length_3838978:930306              1.4                180000         131639.9
13:35:05.039 INFO  ProgressMeter - Pocillopora_acuta_HIv1___Scaffold_000001F___length_3838978:2003803              1.5                207000         134775.9
13:35:15.315 INFO  ProgressMeter - Pocillopora_acuta_HIv1___Scaffold_000001F___length_3838978:3172487              1.7                238000         139413.6
13:35:25.653 INFO  ProgressMeter - Pocillopora_acuta_HIv1___Scaffold_000003F___length_3310154:350183              1.9                259000         137806.3
13:35:35.687 INFO  ProgressMeter - Pocillopora_acuta_HIv1___Scaffold_000003F___length_3310154:1467435              2.0                280000         136807.8
13:35:45.850 INFO  ProgressMeter - Pocillopora_acuta_HIv1___Scaffold_000003F___length_3310154:2461213              2.2                301000         135826.2
13:35:56.083 INFO  ProgressMeter - Pocillopora_acuta_HIv1___Scaffold_000002F___length_3285914:166577              2.4                322000         134919.0
13:36:06.155 INFO  ProgressMeter - Pocillopora_acuta_HIv1___Scaffold_000002F___length_3285914:1944175              2.6                344000         134666.1
13:36:16.295 INFO  ProgressMeter - Pocillopora_acuta_HIv1___Scaffold_000002F___length_3285914:3033236              2.7                367000         134753.9
13:36:26.462 INFO  ProgressMeter - Pocillopora_acuta_HIv1___Scaffold_000007F___length_3038207:966971              2.9                388000         134119.9
13:36:36.903 INFO  ProgressMeter - Pocillopora_acuta_HIv1___Scaffold_000007F___length_3038207:1946991              3.1                409000         133357.2
13:36:47.198 INFO  ProgressMeter - Pocillopora_acuta_HIv1___Scaffold_000007F___length_3038207:2964661              3.2                430000         132776.2
13:36:57.593 INFO  ProgressMeter - Pocillopora_acuta_HIv1___Scaffold_000006F___length_3012071:818255              3.4                451000         132188.9
13:37:07.733 INFO  ProgressMeter - Pocillopora_acuta_HIv1___Scaffold_000006F___length_3012071:1616363              3.6                472000         131814.7
13:37:17.973 INFO  ProgressMeter - Pocillopora_acuta_HIv1___Scaffold_000006F___length_3012071:2696975              3.8                495000         131949.6
13:37:28.084 INFO  ProgressMeter - Pocillopora_acuta_HIv1___Scaffold_000004F___length_2973859:468845              3.9                516000         131633.8
13:37:38.315 INFO  ProgressMeter - Pocillopora_acuta_HIv1___Scaffold_000004F___length_2973859:1202819              4.1                537000         131280.9
13:37:48.633 INFO  ProgressMeter - Pocillopora_acuta_HIv1___Scaffold_000004F___length_2973859:1947967              4.3                558000         130911.1
13:37:59.089 INFO  ProgressMeter - Pocillopora_acuta_HIv1___Scaffold_000004F___length_2973859:2966146              4.4                579000         130501.9
13:38:09.523 INFO  ProgressMeter - Pocillopora_acuta_HIv1___Scaffold_000005F___length_2913003:943749              4.6                600000         130134.9
13:38:19.913 INFO  ProgressMeter - Pocillopora_acuta_HIv1___Scaffold_000005F___length_2913003:2329147              4.8                629000         131485.9
13:38:30.407 INFO  ProgressMeter - Pocillopora_acuta_HIv1___Scaffold_000008F___length_2769899:400870              5.0                650000         131083.6
13:38:40.779 INFO  ProgressMeter - Pocillopora_acuta_HIv1___Scaffold_000008F___length_2769899:1247090              5.1                677000         131929.4
13:38:50.863 INFO  ProgressMeter - Pocillopora_acuta_HIv1___Scaffold_000008F___length_2769899:1859502              5.3                698000         131708.1
13:39:01.087 INFO  ProgressMeter - Pocillopora_acuta_HIv1___Scaffold_000008F___length_2769899:2425549              5.5                719000         131444.2
13:39:11.094 INFO  ProgressMeter - Pocillopora_acuta_HIv1___Scaffold_000009F___length_2672951:335025              5.6                739000         131102.8
13:39:21.457 INFO  ProgressMeter - Pocillopora_acuta_HIv1___Scaffold_000009F___length_2672951:1448255              5.8                764000         131508.4
13:39:31.490 INFO  ProgressMeter - Pocillopora_acuta_HIv1___Scaffold_000009F___length_2672951:2144588              6.0                784000         131175.3
13:39:41.784 INFO  ProgressMeter - Pocillopora_acuta_HIv1___Scaffold_000010F___length_2656316:791317              6.1                806000         131093.1
13:39:51.895 INFO  ProgressMeter - Pocillopora_acuta_HIv1___Scaffold_000010F___length_2656316:1696487              6.3                829000         131237.0
13:40:02.268 INFO  ProgressMeter - Pocillopora_acuta_HIv1___Scaffold_000011F___length_2586769:258268              6.5                851000         131131.2
13:40:12.594 INFO  ProgressMeter - Pocillopora_acuta_HIv1___Scaffold_000011F___length_2586769:1331140              6.7                874000         131196.1
13:40:22.813 INFO  ProgressMeter - Pocillopora_acuta_HIv1___Scaffold_000011F___length_2586769:2374932              6.8                895000         130998.9
13:40:33.206 INFO  ProgressMeter - Pocillopora_acuta_HIv1___Scaffold_000012F___length_2520783:733062              7.0                916000         130757.5
13:40:43.388 INFO  ProgressMeter - Pocillopora_acuta_HIv1___Scaffold_000012F___length_2520783:1499596              7.2                937000         130591.7
13:40:53.834 INFO  ProgressMeter - Pocillopora_acuta_HIv1___Scaffold_000012F___length_2520783:2267612              7.3                958000         130355.5
13:41:04.098 INFO  ProgressMeter - Pocillopora_acuta_HIv1___Scaffold_000014F___length_2520379:1363589              7.5                990000         131645.4
13:41:14.305 INFO  ProgressMeter - Pocillopora_acuta_HIv1___Scaffold_000020F___length_2467453:1286382              7.7               1026000         133414.8
13:41:24.638 INFO  ProgressMeter - Pocillopora_acuta_HIv1___Scaffold_000019F___length_2418994:373832              7.9               1055000         134180.7
13:41:34.684 INFO  ProgressMeter - Pocillopora_acuta_HIv1___Scaffold_000019F___length_2418994:1614844              8.0               1076000         133998.1
13:41:44.799 INFO  ProgressMeter - Pocillopora_acuta_HIv1___Scaffold_000021F___length_2349876:276090              8.2               1097000         133804.1
13:41:55.186 INFO  ProgressMeter - Pocillopora_acuta_HIv1___Scaffold_000021F___length_2349876:1540435              8.4               1118000         133545.7
13:42:05.221 INFO  ProgressMeter - Pocillopora_acuta_HIv1___Scaffold_000017F___length_2344199:484856              8.5               1139000         133389.5
13:42:15.229 INFO  ProgressMeter - Pocillopora_acuta_HIv1___Scaffold_000017F___length_2344199:1799946              8.7               1168000         134164.7
13:42:25.474 INFO  ProgressMeter - Pocillopora_acuta_HIv1___Scaffold_000026F___length_2243953:1121231              8.9               1205000         135752.5
13:42:35.599 INFO  ProgressMeter - Pocillopora_acuta_HIv1___Scaffold_000022F___length_2234617:532346              9.0               1241000         137199.8
13:42:45.685 INFO  ProgressMeter - Pocillopora_acuta_HIv1___Scaffold_000022F___length_2234617:2116422              9.2               1277000         138604.0
13:42:55.981 INFO  ProgressMeter - Pocillopora_acuta_HIv1___Scaffold_000016F___length_2230716:1014216              9.4               1307000         139266.0
13:43:06.243 INFO  ProgressMeter - Pocillopora_acuta_HIv1___Scaffold_000016F___length_2230716:2123904              9.6               1334000         139599.1
13:43:16.252 INFO  ProgressMeter - Pocillopora_acuta_HIv1___Scaffold_000024F___length_2194858:907202              9.7               1355000         139363.9
13:43:26.440 INFO  ProgressMeter - Pocillopora_acuta_HIv1___Scaffold_000024F___length_2194858:1994986              9.9               1376000         139094.3
13:43:36.551 INFO  ProgressMeter - Pocillopora_acuta_HIv1___Scaffold_000028F___length_2192771:665762             10.1               1397000         138852.1
13:43:46.989 INFO  ProgressMeter - Pocillopora_acuta_HIv1___Scaffold_000028F___length_2192771:1707759             10.2               1419000         138641.2
13:43:57.354 INFO  ProgressMeter - Pocillopora_acuta_HIv1___Scaffold_000031F___length_2151340:852149             10.4               1441000         138453.9
13:44:07.481 INFO  ProgressMeter - Pocillopora_acuta_HIv1___Scaffold_000029F___length_2136925:166373             10.6               1462000         138230.1
13:44:17.487 INFO  ProgressMeter - Pocillopora_acuta_HIv1___Scaffold_000029F___length_2136925:1018215             10.7               1483000         138039.1
13:44:27.692 INFO  ProgressMeter - Pocillopora_acuta_HIv1___Scaffold_000029F___length_2136925:1970194             10.9               1508000         138178.3
13:44:37.855 INFO  ProgressMeter - Pocillopora_acuta_HIv1___Scaffold_000013F___length_2048302:1494146             11.1               1545000         139405.0
13:44:47.925 INFO  ProgressMeter - Pocillopora_acuta_HIv1___Scaffold_000025F___length_2017222:687739             11.3               1576000         140080.8
13:44:57.937 INFO  ProgressMeter - Pocillopora_acuta_HIv1___Scaffold_000025F___length_2017222:1668327             11.4               1596000         139785.2
13:45:08.051 INFO  ProgressMeter - Pocillopora_acuta_HIv1___Scaffold_000030F___length_1997862:1059268             11.6               1617000         139564.0
13:45:18.298 INFO  ProgressMeter - Pocillopora_acuta_HIv1___Scaffold_000027F___length_1993346:140340             11.8               1638000         139322.8
13:45:28.588 INFO  ProgressMeter - Pocillopora_acuta_HIv1___Scaffold_000027F___length_1993346:1251960             11.9               1666000         139667.1
13:45:39.044 INFO  ProgressMeter - Pocillopora_acuta_HIv1___Scaffold_000033F___length_1976463:172313             12.1               1688000         139474.0
13:45:49.060 INFO  ProgressMeter - Pocillopora_acuta_HIv1___Scaffold_000033F___length_1976463:908956             12.3               1709000         139287.7
13:45:59.283 INFO  ProgressMeter - Pocillopora_acuta_HIv1___Scaffold_000034F___length_1965713:492056             12.4               1740000         139872.1
13:46:09.548 INFO  ProgressMeter - Pocillopora_acuta_HIv1___Scaffold_000036F___length_1887486:169227             12.6               1766000         140036.1
13:46:19.706 INFO  ProgressMeter - Pocillopora_acuta_HIv1___Scaffold_000036F___length_1887486:924283             12.8               1786000         139746.0
13:46:29.850 INFO  ProgressMeter - Pocillopora_acuta_HIv1___Scaffold_000035F___length_1881926:233280             12.9               1807000         139543.1
13:46:39.884 INFO  ProgressMeter - Pocillopora_acuta_HIv1___Scaffold_000035F___length_1881926:978277             13.1               1827000         139288.8
13:46:50.245 INFO  ProgressMeter - Pocillopora_acuta_HIv1___Scaffold_000046F___length_1870459:171071             13.3               1848000         139059.2
13:47:00.444 INFO  ProgressMeter - Pocillopora_acuta_HIv1___Scaffold_000046F___length_1870459:1073400             13.5               1869000         138863.3
13:47:10.872 INFO  ProgressMeter - Pocillopora_acuta_HIv1___Scaffold_000040F___length_1870022:222134             13.6               1893000         138853.2
13:47:21.235 INFO  ProgressMeter - Pocillopora_acuta_HIv1___Scaffold_000040F___length_1870022:886240             13.8               1914000         138637.2
13:47:31.477 INFO  ProgressMeter - Pocillopora_acuta_HIv1___Scaffold_000040F___length_1870022:1609915             14.0               1935000         138446.7
13:47:41.499 INFO  ProgressMeter - Pocillopora_acuta_HIv1___Scaffold_000038F___length_1860461:1085394             14.1               1960000         138579.1
13:47:51.542 INFO  ProgressMeter - Pocillopora_acuta_HIv1___Scaffold_000042F___length_1843182:372080             14.3               1985000         138705.3
13:48:01.776 INFO  ProgressMeter - Pocillopora_acuta_HIv1___Scaffold_000042F___length_1843182:1144943             14.5               2005000         138452.5
13:48:12.194 INFO  ProgressMeter - Pocillopora_acuta_HIv1___Scaffold_000044F___length_1822362:354489             14.7               2025000         138177.0
13:48:22.308 INFO  ProgressMeter - Pocillopora_acuta_HIv1___Scaffold_000044F___length_1822362:1084974             14.8               2044000         137887.3
13:48:32.314 INFO  ProgressMeter - Pocillopora_acuta_HIv1___Scaffold_000047F___length_1804076:52178             15.0               2072000         138221.3
13:48:42.543 INFO  ProgressMeter - Pocillopora_acuta_HIv1___Scaffold_000047F___length_1804076:992086             15.2               2093000         138052.0
13:48:52.583 INFO  ProgressMeter - Pocillopora_acuta_HIv1___Scaffold_000049F___length_1801693:117046             15.3               2116000         138045.5
13:49:02.888 INFO  ProgressMeter - Pocillopora_acuta_HIv1___Scaffold_000049F___length_1801693:1150571             15.5               2141000         138128.9
13:49:13.133 INFO  ProgressMeter - Pocillopora_acuta_HIv1___Scaffold_000048F___length_1779791:244652             15.7               2162000         137963.7
13:49:23.472 INFO  ProgressMeter - Pocillopora_acuta_HIv1___Scaffold_000048F___length_1779791:1482337             15.8               2183000         137788.7
13:49:33.592 INFO  ProgressMeter - Pocillopora_acuta_HIv1___Scaffold_000018F___length_1767520:918929             16.0               2204000         137648.8
13:49:43.788 INFO  ProgressMeter - Pocillopora_acuta_HIv1___Scaffold_000051F___length_1752840:472341             16.2               2234000         138057.3
13:49:53.970 INFO  ProgressMeter - Pocillopora_acuta_HIv1___Scaffold_000051F___length_1752840:1281325             16.4               2256000         137969.8
13:50:03.970 INFO  ProgressMeter - Pocillopora_acuta_HIv1___Scaffold_000052F___length_1749787:257712             16.5               2277000         137849.1
13:50:14.106 INFO  ProgressMeter - Pocillopora_acuta_HIv1___Scaffold_000052F___length_1749787:1223109             16.7               2304000         138071.6
13:50:24.314 INFO  ProgressMeter - Pocillopora_acuta_HIv1___Scaffold_000059F___length_1692002:611687             16.9               2339000         138754.3
13:50:34.341 INFO  ProgressMeter - Pocillopora_acuta_HIv1___Scaffold_000055F___length_1685811:260644             17.0               2369000         139154.4
13:50:44.376 INFO  ProgressMeter - Pocillopora_acuta_HIv1___Scaffold_000055F___length_1685811:1020472             17.2               2390000         139022.3
13:50:54.726 INFO  ProgressMeter - Pocillopora_acuta_HIv1___Scaffold_000056F___length_1677393:123791             17.4               2412000         138908.1
13:51:04.966 INFO  ProgressMeter - Pocillopora_acuta_HIv1___Scaffold_000056F___length_1677393:963630             17.5               2433000         138753.7
13:51:15.222 INFO  ProgressMeter - Pocillopora_acuta_HIv1___Scaffold_000060F___length_1636426:339509             17.7               2454000         138600.2
13:51:25.491 INFO  ProgressMeter - Pocillopora_acuta_HIv1___Scaffold_000060F___length_1636426:1247015             17.9               2475000         138448.1
13:51:35.752 INFO  ProgressMeter - Pocillopora_acuta_HIv1___Scaffold_000063F___length_1625206:662827             18.0               2496000         138299.7
13:51:45.822 INFO  ProgressMeter - Pocillopora_acuta_HIv1___Scaffold_000061F___length_1614046:58510             18.2               2517000         138178.3
13:51:56.217 INFO  ProgressMeter - Pocillopora_acuta_HIv1___Scaffold_000061F___length_1614046:867581             18.4               2538000         138018.5
13:52:06.248 INFO  ProgressMeter - Pocillopora_acuta_HIv1___Scaffold_000058F___length_1607644:97407             18.6               2559000         137906.8
13:52:16.580 INFO  ProgressMeter - Pocillopora_acuta_HIv1___Scaffold_000058F___length_1607644:1084951             18.7               2581000         137813.3
13:52:26.735 INFO  ProgressMeter - Pocillopora_acuta_HIv1___Scaffold_000062F___length_1593303:1263608             18.9               2611000         138166.5
13:52:36.927 INFO  ProgressMeter - Pocillopora_acuta_HIv1___Scaffold_000053F___length_1590508:611219             19.1               2640000         138456.6
13:52:47.130 INFO  ProgressMeter - Pocillopora_acuta_HIv1___Scaffold_000053F___length_1590508:1500043             19.2               2661000         138324.3
13:52:57.529 INFO  ProgressMeter - Pocillopora_acuta_HIv1___Scaffold_000066F___length_1581690:759345             19.4               2686000         138377.2
13:53:07.695 INFO  ProgressMeter - Pocillopora_acuta_HIv1___Scaffold_000066F___length_1581690:1472074             19.6               2707000         138252.3
13:53:17.919 INFO  ProgressMeter - Pocillopora_acuta_HIv1___Scaffold_000067F___length_1571305:930527             19.8               2728000         138122.7
13:53:28.394 INFO  ProgressMeter - Pocillopora_acuta_HIv1___Scaffold_000068F___length_1552883:1103190             19.9               2750000         138016.8
13:53:38.512 INFO  ProgressMeter - Pocillopora_acuta_HIv1___Scaffold_000071F___length_1536468:350426             20.1               2771000         137903.5
13:53:48.910 INFO  ProgressMeter - Pocillopora_acuta_HIv1___Scaffold_000071F___length_1536468:1367113             20.3               2793000         137809.8
13:53:59.058 INFO  ProgressMeter - Pocillopora_acuta_HIv1___Scaffold_000050F___length_1523765:709974             20.4               2814000         137696.8
13:54:09.326 INFO  ProgressMeter - Pocillopora_acuta_HIv1___Scaffold_000082F___length_1507628:286512             20.6               2835000         137572.4
13:54:19.557 INFO  ProgressMeter - Pocillopora_acuta_HIv1___Scaffold_000082F___length_1507628:1148581             20.8               2856000         137454.1
13:54:30.046 INFO  ProgressMeter - Pocillopora_acuta_HIv1___Scaffold_000074F___length_1495598:508142             21.0               2877000         137309.5
13:54:40.300 INFO  ProgressMeter - Pocillopora_acuta_HIv1___Scaffold_000083F___length_1495163:14661             21.1               2898000         137192.7
13:54:50.413 INFO  ProgressMeter - Pocillopora_acuta_HIv1___Scaffold_000083F___length_1495163:1205372             21.3               2919000         137093.0
13:55:00.627 INFO  ProgressMeter - Pocillopora_acuta_HIv1___Scaffold_000078F___length_1491746:103794             21.5               2954000         137636.5
13:55:10.853 INFO  ProgressMeter - Pocillopora_acuta_HIv1___Scaffold_000065F___length_1489235:712255             21.6               2991000         138262.4
13:55:20.949 INFO  ProgressMeter - Pocillopora_acuta_HIv1___Scaffold_000080F___length_1480119:309145             21.8               3028000         138892.4
13:55:31.035 INFO  ProgressMeter - Pocillopora_acuta_HIv1___Scaffold_000075F___length_1465233:95329             22.0               3064000         139468.4
13:55:41.176 INFO  ProgressMeter - Pocillopora_acuta_HIv1___Scaffold_000075F___length_1465233:887524             22.1               3099000         139984.5
13:55:51.361 INFO  ProgressMeter - Pocillopora_acuta_HIv1___Scaffold_000077F___length_1459619:520596             22.3               3135000         140533.1
13:56:01.622 INFO  ProgressMeter - Pocillopora_acuta_HIv1___Scaffold_000041F___length_1444133:68627             22.5               3173000         141154.4
13:56:12.020 INFO  ProgressMeter - Pocillopora_acuta_HIv1___Scaffold_000088F___length_1443323:40709             22.7               3199000         141222.3
13:56:22.125 INFO  ProgressMeter - Pocillopora_acuta_HIv1___Scaffold_000088F___length_1443323:926829             22.8               3221000         141144.1
13:56:32.487 INFO  ProgressMeter - Pocillopora_acuta_HIv1___Scaffold_000086F___length_1433250:321548             23.0               3243000         141040.8
13:56:42.810 INFO  ProgressMeter - Pocillopora_acuta_HIv1___Scaffold_000086F___length_1433250:1140121             23.2               3264000         140899.8
13:56:53.099 INFO  ProgressMeter - Pocillopora_acuta_HIv1___Scaffold_000089F___length_1432987:744829             23.3               3286000         140807.1
13:57:03.176 INFO  ProgressMeter - Pocillopora_acuta_HIv1___Scaffold_000089F___length_1432987:1311202             23.5               3309000         140779.6
13:57:13.327 INFO  ProgressMeter - Pocillopora_acuta_HIv1___Scaffold_000069F___length_1411362:1372698             23.7               3337000         140956.2
13:57:23.415 INFO  ProgressMeter - Pocillopora_acuta_HIv1___Scaffold_000032F___length_1397619:1007167             23.8               3364000         141094.7
13:57:33.592 INFO  ProgressMeter - Pocillopora_acuta_HIv1___Scaffold_000099F___length_1380629:1351707             24.0               3400000         141597.2
13:57:43.907 INFO  ProgressMeter - Pocillopora_acuta_HIv1___Scaffold_000070F___length_1363407:436056             24.2               3427000         141707.1
13:57:54.320 INFO  ProgressMeter - Pocillopora_acuta_HIv1___Scaffold_000085F___length_1359006:213513             24.4               3447000         141518.6
13:58:04.348 INFO  ProgressMeter - Pocillopora_acuta_HIv1___Scaffold_000085F___length_1359006:1038626             24.5               3474000         141655.0
13:58:14.441 INFO  ProgressMeter - Pocillopora_acuta_HIv1___Scaffold_000091F___length_1356888:725731             24.7               3500000         141743.0
13:58:24.662 INFO  ProgressMeter - Pocillopora_acuta_HIv1___Scaffold_000098F___length_1347680:520732             24.9               3521000         141616.4
13:58:35.222 INFO  ProgressMeter - Pocillopora_acuta_HIv1___Scaffold_000076F___length_1335001:420749             25.0               3543000         141499.7
13:58:45.528 INFO  ProgressMeter - Pocillopora_acuta_HIv1___Scaffold_000076F___length_1335001:1181504             25.2               3564000         141368.6
13:58:56.005 INFO  ProgressMeter - Pocillopora_acuta_HIv1___Scaffold_000096F___length_1327327:660201             25.4               3585000         141223.4
13:59:06.116 INFO  ProgressMeter - Pocillopora_acuta_HIv1___Scaffold_000087F___length_1327027:202891             25.6               3606000         141113.9
13:59:16.389 INFO  ProgressMeter - Pocillopora_acuta_HIv1___Scaffold_000087F___length_1327027:1031717             25.7               3627000         140991.0
13:59:26.765 INFO  ProgressMeter - Pocillopora_acuta_HIv1___Scaffold_000106F___length_1313924:825435             25.9               3649000         140899.0
13:59:37.060 INFO  ProgressMeter - Pocillopora_acuta_HIv1___Scaffold_000108F___length_1296420:584820             26.1               3671000         140815.5
13:59:47.415 INFO  ProgressMeter - Pocillopora_acuta_HIv1___Scaffold_000111F___length_1285554:582737             26.2               3693000         140727.9
13:59:57.497 INFO  ProgressMeter - Pocillopora_acuta_HIv1___Scaffold_000107F___length_1282968:334619             26.4               3714000         140627.6
14:00:07.805 INFO  ProgressMeter - Pocillopora_acuta_HIv1___Scaffold_000105F___length_1277664:150072             26.6               3741000         140734.5
14:00:18.040 INFO  ProgressMeter - Pocillopora_acuta_HIv1___Scaffold_000105F___length_1277664:938611             26.8               3762000         140622.0
14:00:28.445 INFO  ProgressMeter - Pocillopora_acuta_HIv1___Scaffold_000104F___length_1271314:549162             26.9               3783000         140496.3
14:00:38.781 INFO  ProgressMeter - Pocillopora_acuta_HIv1___Scaffold_000104F___length_1271314:1249539             27.1               3804000         140378.1
14:00:48.868 INFO  ProgressMeter - Pocillopora_acuta_HIv1___Scaffold_000097F___length_1240190:1151109             27.3               3825000         140282.7
14:00:59.094 INFO  ProgressMeter - Pocillopora_acuta_HIv1___Scaffold_000113F___length_1223651:31440             27.4               3856000         140541.2
14:01:09.115 INFO  ProgressMeter - Pocillopora_acuta_HIv1___Scaffold_000118F___length_1218181:249693             27.6               3892000         140995.0
14:01:19.369 INFO  ProgressMeter - Pocillopora_acuta_HIv1___Scaffold_000123F___length_1201009:1129295             27.8               3929000         141459.6
14:01:29.582 INFO  ProgressMeter - Pocillopora_acuta_HIv1___Scaffold_000120F___length_1192788:851977             27.9               3956000         141564.1
14:01:39.885 INFO  ProgressMeter - Pocillopora_acuta_HIv1___Scaffold_000110F___length_1189302:486538             28.1               3977000         141446.4
14:01:50.280 INFO  ProgressMeter - Pocillopora_acuta_HIv1___Scaffold_000124F___length_1185441:442424             28.3               3998000         141322.5
14:02:00.447 INFO  ProgressMeter - Pocillopora_acuta_HIv1___Scaffold_000119F___length_1183488:185977             28.5               4019000         141219.0
14:02:10.936 INFO  ProgressMeter - Pocillopora_acuta_HIv1___Scaffold_000140F___length_1176676:90666             28.6               4041000         141125.1
14:02:21.003 INFO  ProgressMeter - Pocillopora_acuta_HIv1___Scaffold_000122F___length_1169827:65332             28.8               4062000         141032.1
14:02:31.095 INFO  ProgressMeter - Pocillopora_acuta_HIv1___Scaffold_000101F___length_1159813:94012             29.0               4087000         141076.2
14:02:41.414 INFO  ProgressMeter - Pocillopora_acuta_HIv1___Scaffold_000132F___length_1157907:112724             29.1               4109000         140998.6
14:02:51.827 INFO  ProgressMeter - Pocillopora_acuta_HIv1___Scaffold_000132F___length_1157907:969043             29.3               4131000         140914.3
14:03:01.875 INFO  ProgressMeter - Pocillopora_acuta_HIv1___Scaffold_000129F___length_1153064:940491             29.5               4152000         140826.2
14:03:12.261 INFO  ProgressMeter - Pocillopora_acuta_HIv1___Scaffold_000145F___length_1145118:867474             29.7               4174000         140746.0
14:03:22.274 INFO  ProgressMeter - Pocillopora_acuta_HIv1___Scaffold_000136F___length_1135807:751291             29.8               4195000         140662.6
14:03:32.380 INFO  ProgressMeter - Pocillopora_acuta_HIv1___Scaffold_000126F___length_1132339:927733             30.0               4216000         140572.8
14:03:42.618 INFO  ProgressMeter - Pocillopora_acuta_HIv1___Scaffold_000138F___length_1125371:841574             30.2               4237000         140473.9
14:03:53.013 INFO  ProgressMeter - Pocillopora_acuta_HIv1___Scaffold_000148F___length_1124693:1078261             30.3               4259000         140396.8
14:04:03.259 INFO  ProgressMeter - Pocillopora_acuta_HIv1___Scaffold_000103F___length_1114684:114881             30.5               4281000         140332.1
14:04:13.466 INFO  ProgressMeter - Pocillopora_acuta_HIv1___Scaffold_000103F___length_1114684:874444             30.7               4302000         140238.4
14:04:23.561 INFO  ProgressMeter - Pocillopora_acuta_HIv1___Scaffold_000152F___length_1105811:621489             30.8               4323000         140154.3
14:04:33.653 INFO  ProgressMeter - Pocillopora_acuta_HIv1___Scaffold_000149F___length_1101333:889586             31.0               4353000         140361.6
14:04:43.757 INFO  ProgressMeter - Pocillopora_acuta_HIv1___Scaffold_000155F___length_1095536:581003             31.2               4374000         140276.9
14:04:53.807 INFO  ProgressMeter - Pocillopora_acuta_HIv1___Scaffold_000139F___length_1092541:800643             31.3               4409000         140643.9
14:05:03.807 INFO  ProgressMeter - Pocillopora_acuta_HIv1___Scaffold_000158F___length_1083353:304422             31.5               4435000         140725.1
14:05:13.811 INFO  ProgressMeter - Pocillopora_acuta_HIv1___Scaffold_000161F___length_1069631:201774             31.7               4456000         140647.4
14:05:24.251 INFO  ProgressMeter - Pocillopora_acuta_HIv1___Scaffold_000159F___length_1068862:820743             31.9               4478000         140569.7
14:05:34.525 INFO  ProgressMeter - Pocillopora_acuta_HIv1___Scaffold_000143F___length_1067668:493127             32.0               4499000         140473.8
14:05:44.641 INFO  ProgressMeter - Pocillopora_acuta_HIv1___Scaffold_000171F___length_1060498:197448             32.2               4520000         140390.5
14:05:54.821 INFO  ProgressMeter - Pocillopora_acuta_HIv1___Scaffold_000169F___length_1042684:392581             32.4               4541000         140303.4
14:06:04.865 INFO  ProgressMeter - Pocillopora_acuta_HIv1___Scaffold_000109F___length_1040778:381153             32.5               4562000         140226.9
14:06:14.953 INFO  ProgressMeter - Pocillopora_acuta_HIv1___Scaffold_000114F___length_1038772:316948             32.7               4583000         140148.2
14:06:25.359 INFO  ProgressMeter - Pocillopora_acuta_HIv1___Scaffold_000173F___length_1028616:338395             32.9               4605000         140078.0
14:06:35.759 INFO  ProgressMeter - Pocillopora_acuta_HIv1___Scaffold_000174F___length_1022310:446361             33.0               4627000         140009.0
14:06:45.868 INFO  ProgressMeter - Pocillopora_acuta_HIv1___Scaffold_000177F___length_1015216:277529             33.2               4648000         139931.1
14:06:56.314 INFO  ProgressMeter - Pocillopora_acuta_HIv1___Scaffold_000177F___length_1015216:994695             33.4               4672000         139920.2
14:07:06.509 INFO  ProgressMeter - Pocillopora_acuta_HIv1___Scaffold_000176F___length_1009153:820963             33.6               4705000         140195.1
14:07:16.549 INFO  ProgressMeter - Pocillopora_acuta_HIv1___Scaffold_000196F___length_999679:377377             33.7               4741000         140566.9
14:07:26.634 INFO  ProgressMeter - Pocillopora_acuta_HIv1___Scaffold_000198F___length_996333:957932             33.9               4777000         140932.0
14:07:36.700 INFO  ProgressMeter - Pocillopora_acuta_HIv1___Scaffold_000178F___length_988684:133734             34.1               4814000         141324.1
14:07:46.906 INFO  ProgressMeter - Pocillopora_acuta_HIv1___Scaffold_000185F___length_983508:32148             34.2               4847000         141585.8
14:07:57.303 INFO  ProgressMeter - Pocillopora_acuta_HIv1___Scaffold_000184F___length_974900:327327             34.4               4872000         141599.3
14:08:07.738 INFO  ProgressMeter - Pocillopora_acuta_HIv1___Scaffold_000189F___length_971659:524046             34.6               4894000         141523.4
14:08:17.957 INFO  ProgressMeter - Pocillopora_acuta_HIv1___Scaffold_000191F___length_971184:435791             34.8               4915000         141434.0
14:08:28.295 INFO  ProgressMeter - Pocillopora_acuta_HIv1___Scaffold_000194F___length_966782:263810             34.9               4944000         141566.7
14:08:38.477 INFO  ProgressMeter - Pocillopora_acuta_HIv1___Scaffold_000147F___length_962551:32678             35.1               4965000         141480.5
14:08:48.775 INFO  ProgressMeter - Pocillopora_acuta_HIv1___Scaffold_000147F___length_962551:794515             35.3               4986000         141387.4
14:08:59.239 INFO  ProgressMeter - Pocillopora_acuta_HIv1___Scaffold_000201F___length_947803:132401             35.4               5008000         141312.4
14:09:09.325 INFO  ProgressMeter - Pocillopora_acuta_HIv1___Scaffold_000220F___length_937020:275793             35.6               5029000         141235.1
14:09:19.645 INFO  ProgressMeter - Pocillopora_acuta_HIv1___Scaffold_000193F___length_936107:592608             35.8               5051000         141170.9
14:09:29.814 INFO  ProgressMeter - Pocillopora_acuta_HIv1___Scaffold_000207F___length_933288:380186             35.9               5072000         141089.5
14:09:40.197 INFO  ProgressMeter - Pocillopora_acuta_HIv1___Scaffold_000206F___length_931782:468963             36.1               5094000         141022.7
14:09:50.408 INFO  ProgressMeter - Pocillopora_acuta_HIv1___Scaffold_000212F___length_929236:88468             36.3               5121000         141105.3
14:10:00.559 INFO  ProgressMeter - Pocillopora_acuta_HIv1___Scaffold_000134F___length_911907:229422             36.5               5159000         141492.8
14:10:10.601 INFO  ProgressMeter - Pocillopora_acuta_HIv1___Scaffold_000218F___length_904853:393822             36.6               5195000         141829.1
14:10:20.817 INFO  ProgressMeter - Pocillopora_acuta_HIv1___Scaffold_000217F___length_900267:289101             36.8               5231000         142151.2
14:10:31.092 INFO  ProgressMeter - Pocillopora_acuta_HIv1___Scaffold_000224F___length_891726:720876             37.0               5259000         142250.1
14:10:41.519 INFO  ProgressMeter - Pocillopora_acuta_HIv1___Scaffold_000229F___length_880673:380240             37.1               5281000         142176.8
14:10:51.591 INFO  ProgressMeter - Pocillopora_acuta_HIv1___Scaffold_000214F___length_879870:719304             37.3               5302000         142100.0
14:11:01.942 INFO  ProgressMeter - Pocillopora_acuta_HIv1___Scaffold_000187F___length_871491:260266             37.5               5327000         142113.0
14:11:12.224 INFO  ProgressMeter - Pocillopora_acuta_HIv1___Scaffold_000231F___length_869956:17792             37.7               5346000         141970.9
14:11:22.277 INFO  ProgressMeter - Pocillopora_acuta_HIv1___Scaffold_000231F___length_869956:562476             37.8               5364000         141817.8
14:11:32.725 INFO  ProgressMeter - Pocillopora_acuta_HIv1___Scaffold_000183F___length_864840:344370             38.0               5384000         141694.3
14:11:42.780 INFO  ProgressMeter - Pocillopora_acuta_HIv1___Scaffold_000232F___length_860252:259463             38.2               5403000         141569.9
14:11:53.012 INFO  ProgressMeter - Pocillopora_acuta_HIv1___Scaffold_000234F___length_860223:594946             38.3               5437000         141827.0
14:12:03.237 INFO  ProgressMeter - Pocillopora_acuta_HIv1___Scaffold_000211F___length_854053:358197             38.5               5471000         142082.4
14:12:13.416 INFO  ProgressMeter - Pocillopora_acuta_HIv1___Scaffold_000245F___length_829616:493443             38.7               5508000         142415.7
14:12:23.444 INFO  ProgressMeter - Pocillopora_acuta_HIv1___Scaffold_000228F___length_826142:395956             38.8               5543000         142704.0
14:12:33.594 INFO  ProgressMeter - Pocillopora_acuta_HIv1___Scaffold_000252F___length_821039:31319             39.0               5579000         143008.0
14:12:43.701 INFO  ProgressMeter - Pocillopora_acuta_HIv1___Scaffold_000236F___length_817659:573186             39.2               5615000         143312.1
14:12:53.985 INFO  ProgressMeter - Pocillopora_acuta_HIv1___Scaffold_000233F___length_814412:766511             39.4               5635000         143196.1
14:13:04.084 INFO  ProgressMeter - Pocillopora_acuta_HIv1___Scaffold_000262F___length_797505:107416             39.5               5660000         143218.8
14:13:14.184 INFO  ProgressMeter - Pocillopora_acuta_HIv1___Scaffold_000240F___length_794972:653501             39.7               5693000         143442.8
14:13:24.363 INFO  ProgressMeter - Pocillopora_acuta_HIv1___Scaffold_000271F___length_790572:556312             39.9               5728000         143710.4
14:13:34.479 INFO  ProgressMeter - Pocillopora_acuta_HIv1___Scaffold_000264F___length_787544:381039             40.0               5759000         143879.5
14:13:44.682 INFO  ProgressMeter - Pocillopora_acuta_HIv1___Scaffold_000258F___length_780749:386578             40.2               5791000         144067.0
14:13:54.988 INFO  ProgressMeter - Pocillopora_acuta_HIv1___Scaffold_000281F___length_773894:293955             40.4               5814000         144023.7
14:14:05.499 INFO  ProgressMeter - Pocillopora_acuta_HIv1___Scaffold_000276F___length_773565:634777             40.5               5836000         143944.0
14:14:15.723 INFO  ProgressMeter - Pocillopora_acuta_HIv1___Scaffold_000286F___length_769775:554940             40.7               5855000         143808.2
14:14:25.947 INFO  ProgressMeter - Pocillopora_acuta_HIv1___Scaffold_000284F___length_766469:52592             40.9               5874000         143673.6
14:14:36.242 INFO  ProgressMeter - Pocillopora_acuta_HIv1___Scaffold_000292F___length_759423:510432             41.1               5895000         143584.6
14:14:46.674 INFO  ProgressMeter - Pocillopora_acuta_HIv1___Scaffold_000294F___length_756792:201461             41.2               5916000         143488.4
14:14:57.085 INFO  ProgressMeter - Pocillopora_acuta_HIv1___Scaffold_000303F___length_752589:522566             41.4               5936000         143370.2
14:15:07.405 INFO  ProgressMeter - Pocillopora_acuta_HIv1___Scaffold_000272F___length_748287:520158             41.6               5958000         143306.2
14:15:17.535 INFO  ProgressMeter - Pocillopora_acuta_HIv1___Scaffold_000296F___length_745899:433334             41.7               5984000         143349.4
14:15:27.650 INFO  ProgressMeter - Pocillopora_acuta_HIv1___Scaffold_000319F___length_735148:108995             41.9               6019000         143607.9
14:15:37.656 INFO  ProgressMeter - Pocillopora_acuta_HIv1___Scaffold_000301F___length_732247:214263             42.1               6055000         143894.4
14:15:47.857 INFO  ProgressMeter - Pocillopora_acuta_HIv1___Scaffold_000278F___length_724878:343204             42.2               6078000         143859.6
14:15:58.214 INFO  ProgressMeter - Pocillopora_acuta_HIv1___Scaffold_000309F___length_719688:464135             42.4               6099000         143769.3
14:16:08.499 INFO  ProgressMeter - Pocillopora_acuta_HIv1___Scaffold_000326F___length_716298:161946             42.6               6120000         143683.7
14:16:18.807 INFO  ProgressMeter - Pocillopora_acuta_HIv1___Scaffold_000295F___length_715647:534976             42.8               6141000         143597.6
14:16:28.991 INFO  ProgressMeter - Pocillopora_acuta_HIv1___Scaffold_000318F___length_708132:340110             42.9               6169000         143682.0
14:16:38.992 INFO  ProgressMeter - Pocillopora_acuta_HIv1___Scaffold_000324F___length_701769:615967             43.1               6203000         143915.2
14:16:49.257 INFO  ProgressMeter - Pocillopora_acuta_HIv1___Scaffold_000334F___length_694416:652687             43.3               6239000         144178.2
14:16:59.532 INFO  ProgressMeter - Pocillopora_acuta_HIv1___Scaffold_000340F___length_691240:500289             43.4               6265000         144208.3
14:17:09.572 INFO  ProgressMeter - Pocillopora_acuta_HIv1___Scaffold_000338F___length_689169:581450             43.6               6298000         144411.7
14:17:19.616 INFO  ProgressMeter - Pocillopora_acuta_HIv1___Scaffold_000367F___length_658998:280551             43.8               6335000         144704.6
14:17:30.092 INFO  ProgressMeter - Pocillopora_acuta_HIv1___Scaffold_000368F___length_655425:527658             44.0               6371000         144948.9
14:17:40.092 INFO  ProgressMeter - Pocillopora_acuta_HIv1___Scaffold_000299F___length_646547:101822             44.1               6392000         144877.3
14:17:50.433 INFO  ProgressMeter - Pocillopora_acuta_HIv1___Scaffold_000374F___length_644902:602327             44.3               6425000         145058.6
14:18:00.763 INFO  ProgressMeter - Pocillopora_acuta_HIv1___Scaffold_000382F___length_636361:590259             44.5               6446000         144969.2
14:18:11.051 INFO  ProgressMeter - Pocillopora_acuta_HIv1___Scaffold_000237F___length_632957:10533             44.6               6472000         144994.9
14:18:21.513 INFO  ProgressMeter - Pocillopora_acuta_HIv1___Scaffold_000385F___length_628782:136218             44.8               6494000         144921.6
14:18:31.591 INFO  ProgressMeter - Pocillopora_acuta_HIv1___Scaffold_000383F___length_625101:503001             45.0               6515000         144847.3
14:18:41.649 INFO  ProgressMeter - Pocillopora_acuta_HIv1___Scaffold_000400F___length_624205:99383             45.1               6536000         144774.6
14:18:51.877 INFO  ProgressMeter - Pocillopora_acuta_HIv1___Scaffold_000316F___length_620274:510436             45.3               6563000         144825.8
14:19:02.000 INFO  ProgressMeter - Pocillopora_acuta_HIv1___Scaffold_000409F___length_609830:43112             45.5               6592000         144926.2
14:19:12.085 INFO  ProgressMeter - Pocillopora_acuta_HIv1___Scaffold_000413F___length_607148:211581             45.7               6626000         145137.3
14:19:22.086 INFO  ProgressMeter - Pocillopora_acuta_HIv1___Scaffold_000423F___length_595246:258138             45.8               6662000         145395.0
14:19:32.562 INFO  ProgressMeter - Pocillopora_acuta_HIv1___Scaffold_000434F___length_589968:518911             46.0               6684000         145321.4
14:19:42.644 INFO  ProgressMeter - Pocillopora_acuta_HIv1___Scaffold_000430F___length_586641:305876             46.2               6705000         145247.3
14:19:53.031 INFO  ProgressMeter - Pocillopora_acuta_HIv1___Scaffold_000435F___length_583999:149530             46.3               6727000         145179.5
14:20:03.089 INFO  ProgressMeter - Pocillopora_acuta_HIv1___Scaffold_000431F___length_583593:529580             46.5               6748000         145107.7
14:20:13.228 INFO  ProgressMeter - Pocillopora_acuta_HIv1___Scaffold_000442F___length_578630:447079             46.7               6775000         145160.8
14:20:23.484 INFO  ProgressMeter - Pocillopora_acuta_HIv1___Scaffold_000322F___length_563903:253972             46.8               6812000         145421.0
14:20:33.546 INFO  ProgressMeter - Pocillopora_acuta_HIv1___Scaffold_000457F___length_554586:34378             47.0               6848000         145668.0
14:20:43.561 INFO  ProgressMeter - Pocillopora_acuta_HIv1___Scaffold_000464F___length_551231:316037             47.2               6881000         145852.1
14:20:54.030 INFO  ProgressMeter - Pocillopora_acuta_HIv1___Scaffold_000466F___length_548801:256368             47.4               6901000         145737.1
14:21:04.455 INFO  ProgressMeter - Pocillopora_acuta_HIv1___Scaffold_000344F___length_546527:423981             47.5               6921000         145625.1
14:21:14.874 INFO  ProgressMeter - Pocillopora_acuta_HIv1___Scaffold_000480F___length_537115:16296             47.7               6945000         145598.1
14:21:25.147 INFO  ProgressMeter - Pocillopora_acuta_HIv1___Scaffold_000498F___length_526751:116682             47.9               6981000         145829.4
14:21:35.304 INFO  ProgressMeter - Pocillopora_acuta_HIv1___Scaffold_000525F___length_520077:271213             48.0               7018000         146085.7
14:21:45.391 INFO  ProgressMeter - Pocillopora_acuta_HIv1___Scaffold_000452F___length_506935:356715             48.2               7048000         146198.5
14:21:55.407 INFO  ProgressMeter - Pocillopora_acuta_HIv1___Scaffold_000519F___length_505022:250966             48.4               7069000         146128.2
14:22:05.553 INFO  ProgressMeter - Pocillopora_acuta_HIv1___Scaffold_000534F___length_495154:197914             48.5               7090000         146051.8
14:22:15.698 INFO  ProgressMeter - Pocillopora_acuta_HIv1___Scaffold_000532F___length_491793:224063             48.7               7114000         146037.4
14:22:26.030 INFO  ProgressMeter - Pocillopora_acuta_HIv1___Scaffold_000539F___length_488333:130516             48.9               7135000         145952.6
14:22:36.107 INFO  ProgressMeter - Pocillopora_acuta_HIv1___Scaffold_000523F___length_485550:71782             49.1               7156000         145881.0
14:22:46.368 INFO  ProgressMeter - Pocillopora_acuta_HIv1___Scaffold_000547F___length_479313:212732             49.2               7177000         145800.8
14:22:56.418 INFO  ProgressMeter - Pocillopora_acuta_HIv1___Scaffold_000563F___length_467150:343119             49.4               7198000         145731.5
14:23:06.876 INFO  ProgressMeter - Pocillopora_acuta_HIv1___Scaffold_000572F___length_464161:67953             49.6               7220000         145662.9
14:23:17.143 INFO  ProgressMeter - Pocillopora_acuta_HIv1___Scaffold_000579F___length_454905:223999             49.7               7249000         145744.8
14:23:27.372 INFO  ProgressMeter - Pocillopora_acuta_HIv1___Scaffold_000573F___length_450837:328830             49.9               7282000         145908.2
14:23:37.491 INFO  ProgressMeter - Pocillopora_acuta_HIv1___Scaffold_000606F___length_422642:294319             50.1               7320000         146175.6
14:23:47.637 INFO  ProgressMeter - Pocillopora_acuta_HIv1___Scaffold_000626F___length_408727:326524             50.2               7353000         146340.4
14:23:57.737 INFO  ProgressMeter - Pocillopora_acuta_HIv1___Scaffold_000644F___length_392232:75196             50.4               7376000         146308.0
14:24:07.824 INFO  ProgressMeter - Pocillopora_acuta_HIv1___Scaffold_000663F___length_378332:123747             50.6               7414000         146573.0
14:24:17.885 INFO  ProgressMeter - Pocillopora_acuta_HIv1___Scaffold_000672F___length_368316:243045             50.7               7452000         146837.5
14:24:27.971 INFO  ProgressMeter - Pocillopora_acuta_HIv1___Scaffold_000707F___length_355392:199989             50.9               7490000         147099.0
14:24:38.266 INFO  ProgressMeter - Pocillopora_acuta_HIv1___Scaffold_000731F___length_344897:275314             51.1               7526000         147309.6
14:24:48.292 INFO  ProgressMeter - Pocillopora_acuta_HIv1___Scaffold_000727F___length_342510:247727             51.3               7552000         147336.6
14:24:58.618 INFO  ProgressMeter - Pocillopora_acuta_HIv1___Scaffold_000745F___length_338572:328667             51.4               7575000         147290.8
14:25:08.807 INFO  ProgressMeter - Pocillopora_acuta_HIv1___Scaffold_000769F___length_333873:240786             51.6               7609000         147465.0
14:25:19.083 INFO  ProgressMeter - Pocillopora_acuta_HIv1___Scaffold_000791F___length_321870:280927             51.8               7649000         147749.8
14:25:29.323 INFO  ProgressMeter - Pocillopora_acuta_HIv1___Scaffold_000809F___length_314767:113608             51.9               7687000         147996.0
14:25:39.566 INFO  ProgressMeter - Pocillopora_acuta_HIv1___Scaffold_000848F___length_302970:141774             52.1               7725000         148240.3
14:25:49.772 INFO  ProgressMeter - Pocillopora_acuta_HIv1___Scaffold_000773F___length_288840:217808             52.3               7763000         148484.8
14:25:59.923 INFO  ProgressMeter - Pocillopora_acuta_HIv1___Scaffold_000901F___length_279552:90981             52.5               7800000         148711.3
14:26:09.928 INFO  ProgressMeter - Pocillopora_acuta_HIv1___Scaffold_000928F___length_268191:99155             52.6               7837000         148943.3
14:26:19.957 INFO  ProgressMeter - Pocillopora_acuta_HIv1___Scaffold_000953F___length_263603:234333             52.8               7867000         149040.0
14:26:30.111 INFO  ProgressMeter - Pocillopora_acuta_HIv1___Scaffold_001027F___length_232979:114431             53.0               7903000         149243.5
14:26:40.215 INFO  ProgressMeter - Pocillopora_acuta_HIv1___Scaffold_001087F___length_209913:28839             53.1               7941000         149485.7
14:26:50.362 INFO  ProgressMeter - Pocillopora_acuta_HIv1___Scaffold_001076F___length_199119:194045             53.3               7979000         149724.3
14:27:00.560 INFO  ProgressMeter - Pocillopora_acuta_HIv1___Scaffold_001191F___length_184598:27607             53.5               8018000         149977.8
14:27:10.673 INFO  ProgressMeter - Pocillopora_acuta_HIv1___Scaffold_001250F___length_169201:115547             53.6               8053000         150159.1
14:27:20.859 INFO  ProgressMeter - Pocillopora_acuta_HIv1___Scaffold_001350F___length_143883:43021             53.8               8091000         150391.6
14:27:31.113 INFO  ProgressMeter - Pocillopora_acuta_HIv1___Scaffold_001550F___length_100286:30479             54.0               8130000         150638.0
14:27:40.347 INFO  ProgressMeter - Pocillopora_acuta_HIv1___Scaffold_001914F___length_19817:9242             54.1               8164053         150838.8
14:27:40.347 INFO  ProgressMeter - Traversal complete. Processed 8164053 total variants in 54.1 minutes.
14:27:40.347 INFO  VariantsToTable - Shutting down engine
[August 4, 2021 at 2:27:40 PM EDT] org.broadinstitute.hellbender.tools.walkers.variantutils.VariantsToTable done. Elapsed time: 54.14 minutes.
Runtime.totalMemory()=6144655360
