[Thu 08 Jul 2021 04:14:44 PM EDT]      CMD: nQuire denoise -o Pacuta_ATAC_TP10_1159.denoise Pacuta_ATAC_TP10_1159.bin 1> Pacuta_ATAC_TP10_1159.denoise.log
[Thu 08 Jul 2021 04:14:51 PM EDT]      CMD: nQuire denoise -o Pacuta_ATAC_TP10_1559.denoise Pacuta_ATAC_TP10_1559.bin 1> Pacuta_ATAC_TP10_1559.denoise.log
[Thu 08 Jul 2021 04:15:13 PM EDT]      CMD: nQuire denoise -o Pacuta_ATAC_TP10_1641.denoise Pacuta_ATAC_TP10_1641.bin 1> Pacuta_ATAC_TP10_1641.denoise.log
[Thu 08 Jul 2021 04:15:30 PM EDT]      CMD: nQuire denoise -o Pacuta_ATAC_TP11_1103.denoise Pacuta_ATAC_TP11_1103.bin 1> Pacuta_ATAC_TP11_1103.denoise.log
[Thu 08 Jul 2021 04:15:48 PM EDT]      CMD: nQuire denoise -o Pacuta_ATAC_TP11_1777.denoise Pacuta_ATAC_TP11_1777.bin 1> Pacuta_ATAC_TP11_1777.denoise.log
[Thu 08 Jul 2021 04:16:04 PM EDT]      CMD: nQuire denoise -o Pacuta_ATAC_TP11_2306.denoise Pacuta_ATAC_TP11_2306.bin 1> Pacuta_ATAC_TP11_2306.denoise.log
[Thu 08 Jul 2021 04:16:15 PM EDT]      CMD: nQuire denoise -o Pacuta_ATAC_TP1_1043.denoise Pacuta_ATAC_TP1_1043.bin 1> Pacuta_ATAC_TP1_1043.denoise.log
[Thu 08 Jul 2021 04:16:40 PM EDT]      CMD: nQuire denoise -o Pacuta_ATAC_TP1_1775.denoise Pacuta_ATAC_TP1_1775.bin 1> Pacuta_ATAC_TP1_1775.denoise.log
[Thu 08 Jul 2021 04:16:48 PM EDT]      CMD: nQuire denoise -o Pacuta_ATAC_TP1_2363.denoise Pacuta_ATAC_TP1_2363.bin 1> Pacuta_ATAC_TP1_2363.denoise.log
[Thu 08 Jul 2021 04:16:57 PM EDT]      CMD: nQuire denoise -o Pacuta_ATAC_TP3_1041.denoise Pacuta_ATAC_TP3_1041.bin 1> Pacuta_ATAC_TP3_1041.denoise.log
[Thu 08 Jul 2021 04:17:13 PM EDT]      CMD: nQuire denoise -o Pacuta_ATAC_TP3_1471.denoise Pacuta_ATAC_TP3_1471.bin 1> Pacuta_ATAC_TP3_1471.denoise.log
[Thu 08 Jul 2021 04:17:27 PM EDT]      CMD: nQuire denoise -o Pacuta_ATAC_TP3_1637.denoise Pacuta_ATAC_TP3_1637.bin 1> Pacuta_ATAC_TP3_1637.denoise.log
[Thu 08 Jul 2021 04:17:42 PM EDT]      CMD: nQuire denoise -o Pacuta_ATAC_TP4_1060.denoise Pacuta_ATAC_TP4_1060.bin 1> Pacuta_ATAC_TP4_1060.denoise.log
[Thu 08 Jul 2021 04:18:00 PM EDT]      CMD: nQuire denoise -o Pacuta_ATAC_TP4_1762.denoise Pacuta_ATAC_TP4_1762.bin 1> Pacuta_ATAC_TP4_1762.denoise.log
[Thu 08 Jul 2021 04:18:19 PM EDT]      CMD: nQuire denoise -o Pacuta_ATAC_TP4_2002.denoise Pacuta_ATAC_TP4_2002.bin 1> Pacuta_ATAC_TP4_2002.denoise.log
[Thu 08 Jul 2021 04:18:39 PM EDT]      CMD: nQuire denoise -o Pacuta_ATAC_TP5_1059.denoise Pacuta_ATAC_TP5_1059.bin 1> Pacuta_ATAC_TP5_1059.denoise.log
[Thu 08 Jul 2021 04:18:45 PM EDT]      CMD: nQuire denoise -o Pacuta_ATAC_TP5_1563.denoise Pacuta_ATAC_TP5_1563.bin 1> Pacuta_ATAC_TP5_1563.denoise.log
[Thu 08 Jul 2021 04:19:04 PM EDT]      CMD: nQuire denoise -o Pacuta_ATAC_TP5_1757.denoise Pacuta_ATAC_TP5_1757.bin 1> Pacuta_ATAC_TP5_1757.denoise.log
[Thu 08 Jul 2021 04:19:22 PM EDT]      CMD: nQuire denoise -o Pacuta_ATAC_TP6_1050.denoise Pacuta_ATAC_TP6_1050.bin 1> Pacuta_ATAC_TP6_1050.denoise.log
[Thu 08 Jul 2021 04:19:30 PM EDT]      CMD: nQuire denoise -o Pacuta_ATAC_TP6_1468.denoise Pacuta_ATAC_TP6_1468.bin 1> Pacuta_ATAC_TP6_1468.denoise.log
[Thu 08 Jul 2021 04:19:39 PM EDT]      CMD: nQuire denoise -o Pacuta_ATAC_TP6_1542.denoise Pacuta_ATAC_TP6_1542.bin 1> Pacuta_ATAC_TP6_1542.denoise.log
[Thu 08 Jul 2021 04:19:57 PM EDT]      CMD: nQuire denoise -o Pacuta_ATAC_TP7_1047.denoise Pacuta_ATAC_TP7_1047.bin 1> Pacuta_ATAC_TP7_1047.denoise.log
[Thu 08 Jul 2021 04:20:06 PM EDT]      CMD: nQuire denoise -o Pacuta_ATAC_TP7_1445.denoise Pacuta_ATAC_TP7_1445.bin 1> Pacuta_ATAC_TP7_1445.denoise.log
[Thu 08 Jul 2021 04:20:16 PM EDT]      CMD: nQuire denoise -o Pacuta_ATAC_TP7_2413.denoise Pacuta_ATAC_TP7_2413.bin 1> Pacuta_ATAC_TP7_2413.denoise.log
[Thu 08 Jul 2021 04:20:29 PM EDT]      CMD: nQuire denoise -o Pacuta_ATAC_TP8_1051.denoise Pacuta_ATAC_TP8_1051.bin 1> Pacuta_ATAC_TP8_1051.denoise.log
[Thu 08 Jul 2021 04:20:49 PM EDT]      CMD: nQuire denoise -o Pacuta_ATAC_TP8_1755.denoise Pacuta_ATAC_TP8_1755.bin 1> Pacuta_ATAC_TP8_1755.denoise.log
[Thu 08 Jul 2021 04:20:56 PM EDT]      CMD: nQuire denoise -o Pacuta_ATAC_TP8_2012.denoise Pacuta_ATAC_TP8_2012.bin 1> Pacuta_ATAC_TP8_2012.denoise.log
[Thu 08 Jul 2021 04:21:02 PM EDT]      CMD: nQuire denoise -o Pacuta_ATAC_TP9_1141.denoise Pacuta_ATAC_TP9_1141.bin 1> Pacuta_ATAC_TP9_1141.denoise.log
[Thu 08 Jul 2021 04:21:10 PM EDT]      CMD: nQuire denoise -o Pacuta_ATAC_TP9_1594.denoise Pacuta_ATAC_TP9_1594.bin 1> Pacuta_ATAC_TP9_1594.denoise.log
[Thu 08 Jul 2021 04:21:26 PM EDT]      CMD: nQuire denoise -o Pacuta_ATAC_TP9_2357.denoise Pacuta_ATAC_TP9_2357.bin 1> Pacuta_ATAC_TP9_2357.denoise.log
[Thu 08 Jul 2021 04:21:34 PM EDT]      CMD: nQuire denoise -o Pacuta_ATHC_TP10_1205.denoise Pacuta_ATHC_TP10_1205.bin 1> Pacuta_ATHC_TP10_1205.denoise.log
[Thu 08 Jul 2021 04:21:39 PM EDT]      CMD: nQuire denoise -o Pacuta_ATHC_TP10_2197.denoise Pacuta_ATHC_TP10_2197.bin 1> Pacuta_ATHC_TP10_2197.denoise.log
[Thu 08 Jul 2021 04:21:46 PM EDT]      CMD: nQuire denoise -o Pacuta_ATHC_TP10_2550.denoise Pacuta_ATHC_TP10_2550.bin 1> Pacuta_ATHC_TP10_2550.denoise.log
[Thu 08 Jul 2021 04:21:54 PM EDT]      CMD: nQuire denoise -o Pacuta_ATHC_TP11_1147.denoise Pacuta_ATHC_TP11_1147.bin 1> Pacuta_ATHC_TP11_1147.denoise.log
[Thu 08 Jul 2021 04:22:11 PM EDT]      CMD: nQuire denoise -o Pacuta_ATHC_TP11_2668.denoise Pacuta_ATHC_TP11_2668.bin 1> Pacuta_ATHC_TP11_2668.denoise.log
[Thu 08 Jul 2021 04:22:19 PM EDT]      CMD: nQuire denoise -o Pacuta_ATHC_TP11_2879.denoise Pacuta_ATHC_TP11_2879.bin 1> Pacuta_ATHC_TP11_2879.denoise.log
[Thu 08 Jul 2021 04:22:29 PM EDT]      CMD: nQuire denoise -o Pacuta_ATHC_TP1_1207.denoise Pacuta_ATHC_TP1_1207.bin 1> Pacuta_ATHC_TP1_1207.denoise.log
[Thu 08 Jul 2021 04:22:38 PM EDT]      CMD: nQuire denoise -o Pacuta_ATHC_TP1_2743.denoise Pacuta_ATHC_TP1_2743.bin 1> Pacuta_ATHC_TP1_2743.denoise.log
[Thu 08 Jul 2021 04:22:47 PM EDT]      CMD: nQuire denoise -o Pacuta_ATHC_TP1_2977.denoise Pacuta_ATHC_TP1_2977.bin 1> Pacuta_ATHC_TP1_2977.denoise.log
[Thu 08 Jul 2021 04:22:54 PM EDT]      CMD: nQuire denoise -o Pacuta_ATHC_TP3_1219.denoise Pacuta_ATHC_TP3_1219.bin 1> Pacuta_ATHC_TP3_1219.denoise.log
[Thu 08 Jul 2021 04:23:00 PM EDT]      CMD: nQuire denoise -o Pacuta_ATHC_TP3_2534.denoise Pacuta_ATHC_TP3_2534.bin 1> Pacuta_ATHC_TP3_2534.denoise.log
[Thu 08 Jul 2021 04:23:18 PM EDT]      CMD: nQuire denoise -o Pacuta_ATHC_TP3_2750.denoise Pacuta_ATHC_TP3_2750.bin 1> Pacuta_ATHC_TP3_2750.denoise.log
[Thu 08 Jul 2021 04:23:37 PM EDT]      CMD: nQuire denoise -o Pacuta_ATHC_TP4_1220.denoise Pacuta_ATHC_TP4_1220.bin 1> Pacuta_ATHC_TP4_1220.denoise.log
[Thu 08 Jul 2021 04:23:46 PM EDT]      CMD: nQuire denoise -o Pacuta_ATHC_TP4_2733.denoise Pacuta_ATHC_TP4_2733.bin 1> Pacuta_ATHC_TP4_2733.denoise.log
[Thu 08 Jul 2021 04:24:12 PM EDT]      CMD: nQuire denoise -o Pacuta_ATHC_TP4_2993.denoise Pacuta_ATHC_TP4_2993.bin 1> Pacuta_ATHC_TP4_2993.denoise.log
[Thu 08 Jul 2021 04:24:18 PM EDT]      CMD: nQuire denoise -o Pacuta_ATHC_TP5_1296.denoise Pacuta_ATHC_TP5_1296.bin 1> Pacuta_ATHC_TP5_1296.denoise.log
[Thu 08 Jul 2021 04:24:24 PM EDT]      CMD: nQuire denoise -o Pacuta_ATHC_TP5_2212.denoise Pacuta_ATHC_TP5_2212.bin 1> Pacuta_ATHC_TP5_2212.denoise.log
[Thu 08 Jul 2021 04:24:34 PM EDT]      CMD: nQuire denoise -o Pacuta_ATHC_TP5_2877.denoise Pacuta_ATHC_TP5_2877.bin 1> Pacuta_ATHC_TP5_2877.denoise.log
[Thu 08 Jul 2021 04:24:56 PM EDT]      CMD: nQuire denoise -o Pacuta_ATHC_TP6_1254.denoise Pacuta_ATHC_TP6_1254.bin 1> Pacuta_ATHC_TP6_1254.denoise.log
[Thu 08 Jul 2021 04:25:22 PM EDT]      CMD: nQuire denoise -o Pacuta_ATHC_TP6_2870.denoise Pacuta_ATHC_TP6_2870.bin 1> Pacuta_ATHC_TP6_2870.denoise.log
[Thu 08 Jul 2021 04:25:36 PM EDT]      CMD: nQuire denoise -o Pacuta_ATHC_TP6_2999.denoise Pacuta_ATHC_TP6_2999.bin 1> Pacuta_ATHC_TP6_2999.denoise.log
[Thu 08 Jul 2021 04:25:42 PM EDT]      CMD: nQuire denoise -o Pacuta_ATHC_TP7_1281.denoise Pacuta_ATHC_TP7_1281.bin 1> Pacuta_ATHC_TP7_1281.denoise.log
[Thu 08 Jul 2021 04:25:52 PM EDT]      CMD: nQuire denoise -o Pacuta_ATHC_TP7_2409.denoise Pacuta_ATHC_TP7_2409.bin 1> Pacuta_ATHC_TP7_2409.denoise.log
[Thu 08 Jul 2021 04:26:08 PM EDT]      CMD: nQuire denoise -o Pacuta_ATHC_TP7_2878.denoise Pacuta_ATHC_TP7_2878.bin 1> Pacuta_ATHC_TP7_2878.denoise.log
[Thu 08 Jul 2021 04:26:22 PM EDT]      CMD: nQuire denoise -o Pacuta_ATHC_TP8_1459.denoise Pacuta_ATHC_TP8_1459.bin 1> Pacuta_ATHC_TP8_1459.denoise.log
[Thu 08 Jul 2021 04:26:30 PM EDT]      CMD: nQuire denoise -o Pacuta_ATHC_TP8_2564.denoise Pacuta_ATHC_TP8_2564.bin 1> Pacuta_ATHC_TP8_2564.denoise.log
[Thu 08 Jul 2021 04:26:49 PM EDT]      CMD: nQuire denoise -o Pacuta_ATHC_TP8_2861.denoise Pacuta_ATHC_TP8_2861.bin 1> Pacuta_ATHC_TP8_2861.denoise.log
[Thu 08 Jul 2021 04:26:57 PM EDT]      CMD: nQuire denoise -o Pacuta_ATHC_TP9_1451.denoise Pacuta_ATHC_TP9_1451.bin 1> Pacuta_ATHC_TP9_1451.denoise.log
[Thu 08 Jul 2021 04:27:14 PM EDT]      CMD: nQuire denoise -o Pacuta_ATHC_TP9_2873.denoise Pacuta_ATHC_TP9_2873.bin 1> Pacuta_ATHC_TP9_2873.denoise.log
[Thu 08 Jul 2021 04:27:20 PM EDT]      CMD: nQuire denoise -o Pacuta_ATHC_TP9_2979.denoise Pacuta_ATHC_TP9_2979.bin 1> Pacuta_ATHC_TP9_2979.denoise.log
[Thu 08 Jul 2021 04:27:27 PM EDT]      CMD: nQuire denoise -o Pacuta_HTAC_TP10_1225.denoise Pacuta_HTAC_TP10_1225.bin 1> Pacuta_HTAC_TP10_1225.denoise.log
[Thu 08 Jul 2021 04:27:31 PM EDT]      CMD: nQuire denoise -o Pacuta_HTAC_TP10_1536.denoise Pacuta_HTAC_TP10_1536.bin 1> Pacuta_HTAC_TP10_1536.denoise.log
[Thu 08 Jul 2021 04:27:47 PM EDT]      CMD: nQuire denoise -o Pacuta_HTAC_TP10_2064.denoise Pacuta_HTAC_TP10_2064.bin 1> Pacuta_HTAC_TP10_2064.denoise.log
[Thu 08 Jul 2021 04:28:02 PM EDT]      CMD: nQuire denoise -o Pacuta_HTAC_TP11_1582.denoise Pacuta_HTAC_TP11_1582.bin 1> Pacuta_HTAC_TP11_1582.denoise.log
[Thu 08 Jul 2021 04:28:21 PM EDT]      CMD: nQuire denoise -o Pacuta_HTAC_TP11_1596.denoise Pacuta_HTAC_TP11_1596.bin 1> Pacuta_HTAC_TP11_1596.denoise.log
[Thu 08 Jul 2021 04:28:39 PM EDT]      CMD: nQuire denoise -o Pacuta_HTAC_TP11_1647.denoise Pacuta_HTAC_TP11_1647.bin 1> Pacuta_HTAC_TP11_1647.denoise.log
[Thu 08 Jul 2021 04:28:53 PM EDT]      CMD: nQuire denoise -o Pacuta_HTAC_TP1_1653.denoise Pacuta_HTAC_TP1_1653.bin 1> Pacuta_HTAC_TP1_1653.denoise.log
[Thu 08 Jul 2021 04:29:05 PM EDT]      CMD: nQuire denoise -o Pacuta_HTAC_TP1_2005.denoise Pacuta_HTAC_TP1_2005.bin 1> Pacuta_HTAC_TP1_2005.denoise.log
[Thu 08 Jul 2021 04:29:14 PM EDT]      CMD: nQuire denoise -o Pacuta_HTAC_TP1_2414.denoise Pacuta_HTAC_TP1_2414.bin 1> Pacuta_HTAC_TP1_2414.denoise.log
[Thu 08 Jul 2021 04:29:25 PM EDT]      CMD: nQuire denoise -o Pacuta_HTAC_TP3_1617.denoise Pacuta_HTAC_TP3_1617.bin 1> Pacuta_HTAC_TP3_1617.denoise.log
[Thu 08 Jul 2021 04:29:32 PM EDT]      CMD: nQuire denoise -o Pacuta_HTAC_TP3_1642.denoise Pacuta_HTAC_TP3_1642.bin 1> Pacuta_HTAC_TP3_1642.denoise.log
[Thu 08 Jul 2021 04:29:46 PM EDT]      CMD: nQuire denoise -o Pacuta_HTAC_TP3_2026.denoise Pacuta_HTAC_TP3_2026.bin 1> Pacuta_HTAC_TP3_2026.denoise.log
[Thu 08 Jul 2021 04:29:52 PM EDT]      CMD: nQuire denoise -o Pacuta_HTAC_TP4_1581.denoise Pacuta_HTAC_TP4_1581.bin 1> Pacuta_HTAC_TP4_1581.denoise.log
[Thu 08 Jul 2021 04:30:11 PM EDT]      CMD: nQuire denoise -o Pacuta_HTAC_TP4_1701.denoise Pacuta_HTAC_TP4_1701.bin 1> Pacuta_HTAC_TP4_1701.denoise.log
[Thu 08 Jul 2021 04:30:26 PM EDT]      CMD: nQuire denoise -o Pacuta_HTAC_TP4_1767.denoise Pacuta_HTAC_TP4_1767.bin 1> Pacuta_HTAC_TP4_1767.denoise.log
[Thu 08 Jul 2021 04:30:40 PM EDT]      CMD: nQuire denoise -o Pacuta_HTAC_TP5_1303.denoise Pacuta_HTAC_TP5_1303.bin 1> Pacuta_HTAC_TP5_1303.denoise.log
[Thu 08 Jul 2021 04:30:47 PM EDT]      CMD: nQuire denoise -o Pacuta_HTAC_TP5_1571.denoise Pacuta_HTAC_TP5_1571.bin 1> Pacuta_HTAC_TP5_1571.denoise.log
[Thu 08 Jul 2021 04:30:56 PM EDT]      CMD: nQuire denoise -o Pacuta_HTAC_TP5_1707.denoise Pacuta_HTAC_TP5_1707.bin 1> Pacuta_HTAC_TP5_1707.denoise.log
[Thu 08 Jul 2021 04:31:09 PM EDT]      CMD: nQuire denoise -o Pacuta_HTAC_TP6_1330.denoise Pacuta_HTAC_TP6_1330.bin 1> Pacuta_HTAC_TP6_1330.denoise.log
[Thu 08 Jul 2021 04:31:14 PM EDT]      CMD: nQuire denoise -o Pacuta_HTAC_TP6_1466.denoise Pacuta_HTAC_TP6_1466.bin 1> Pacuta_HTAC_TP6_1466.denoise.log
[Thu 08 Jul 2021 04:31:31 PM EDT]      CMD: nQuire denoise -o Pacuta_HTAC_TP6_1744.denoise Pacuta_HTAC_TP6_1744.bin 1> Pacuta_HTAC_TP6_1744.denoise.log
[Thu 08 Jul 2021 04:31:39 PM EDT]      CMD: nQuire denoise -o Pacuta_HTAC_TP7_1487.denoise Pacuta_HTAC_TP7_1487.bin 1> Pacuta_HTAC_TP7_1487.denoise.log
[Thu 08 Jul 2021 04:31:47 PM EDT]      CMD: nQuire denoise -o Pacuta_HTAC_TP7_1728.denoise Pacuta_HTAC_TP7_1728.bin 1> Pacuta_HTAC_TP7_1728.denoise.log
[Thu 08 Jul 2021 04:32:00 PM EDT]      CMD: nQuire denoise -o Pacuta_HTAC_TP7_2072.denoise Pacuta_HTAC_TP7_2072.bin 1> Pacuta_HTAC_TP7_2072.denoise.log
[Thu 08 Jul 2021 04:32:19 PM EDT]      CMD: nQuire denoise -o Pacuta_HTAC_TP8_1329.denoise Pacuta_HTAC_TP8_1329.bin 1> Pacuta_HTAC_TP8_1329.denoise.log
[Thu 08 Jul 2021 04:32:30 PM EDT]      CMD: nQuire denoise -o Pacuta_HTAC_TP8_1765.denoise Pacuta_HTAC_TP8_1765.bin 1> Pacuta_HTAC_TP8_1765.denoise.log
[Thu 08 Jul 2021 04:32:37 PM EDT]      CMD: nQuire denoise -o Pacuta_HTAC_TP8_2513.denoise Pacuta_HTAC_TP8_2513.bin 1> Pacuta_HTAC_TP8_2513.denoise.log
[Thu 08 Jul 2021 04:32:52 PM EDT]      CMD: nQuire denoise -o Pacuta_HTAC_TP9_1302.denoise Pacuta_HTAC_TP9_1302.bin 1> Pacuta_HTAC_TP9_1302.denoise.log
[Thu 08 Jul 2021 04:32:59 PM EDT]      CMD: nQuire denoise -o Pacuta_HTAC_TP9_1486.denoise Pacuta_HTAC_TP9_1486.bin 1> Pacuta_HTAC_TP9_1486.denoise.log
[Thu 08 Jul 2021 04:33:07 PM EDT]      CMD: nQuire denoise -o Pacuta_HTAC_TP9_1696.denoise Pacuta_HTAC_TP9_1696.bin 1> Pacuta_HTAC_TP9_1696.denoise.log
[Thu 08 Jul 2021 04:33:29 PM EDT]      CMD: nQuire denoise -o Pacuta_HTHC_TP10_1238.denoise Pacuta_HTHC_TP10_1238.bin 1> Pacuta_HTHC_TP10_1238.denoise.log
[Thu 08 Jul 2021 04:33:48 PM EDT]      CMD: nQuire denoise -o Pacuta_HTHC_TP10_1732.denoise Pacuta_HTHC_TP10_1732.bin 1> Pacuta_HTHC_TP10_1732.denoise.log
[Thu 08 Jul 2021 04:34:03 PM EDT]      CMD: nQuire denoise -o Pacuta_HTHC_TP10_2300.denoise Pacuta_HTHC_TP10_2300.bin 1> Pacuta_HTHC_TP10_2300.denoise.log
[Thu 08 Jul 2021 04:34:22 PM EDT]      CMD: nQuire denoise -o Pacuta_HTHC_TP11_1416.denoise Pacuta_HTHC_TP11_1416.bin 1> Pacuta_HTHC_TP11_1416.denoise.log
[Thu 08 Jul 2021 04:34:31 PM EDT]      CMD: nQuire denoise -o Pacuta_HTHC_TP11_2185.denoise Pacuta_HTHC_TP11_2185.bin 1> Pacuta_HTHC_TP11_2185.denoise.log
[Thu 08 Jul 2021 04:34:50 PM EDT]      CMD: nQuire denoise -o Pacuta_HTHC_TP1_1239.denoise Pacuta_HTHC_TP1_1239.bin 1> Pacuta_HTHC_TP1_1239.denoise.log
[Thu 08 Jul 2021 04:35:05 PM EDT]      CMD: nQuire denoise -o Pacuta_HTHC_TP1_1676.denoise Pacuta_HTHC_TP1_1676.bin 1> Pacuta_HTHC_TP1_1676.denoise.log
[Thu 08 Jul 2021 04:35:08 PM EDT]      CMD: nQuire denoise -o Pacuta_HTHC_TP1_2210.denoise Pacuta_HTHC_TP1_2210.bin 1> Pacuta_HTHC_TP1_2210.denoise.log
[Thu 08 Jul 2021 04:35:18 PM EDT]      CMD: nQuire denoise -o Pacuta_HTHC_TP3_1227.denoise Pacuta_HTHC_TP3_1227.bin 1> Pacuta_HTHC_TP3_1227.denoise.log
[Thu 08 Jul 2021 04:35:32 PM EDT]      CMD: nQuire denoise -o Pacuta_HTHC_TP3_1418.denoise Pacuta_HTHC_TP3_1418.bin 1> Pacuta_HTHC_TP3_1418.denoise.log
[Thu 08 Jul 2021 04:35:37 PM EDT]      CMD: nQuire denoise -o Pacuta_HTHC_TP3_2527.denoise Pacuta_HTHC_TP3_2527.bin 1> Pacuta_HTHC_TP3_2527.denoise.log
[Thu 08 Jul 2021 04:35:43 PM EDT]      CMD: nQuire denoise -o Pacuta_HTHC_TP4_1169.denoise Pacuta_HTHC_TP4_1169.bin 1> Pacuta_HTHC_TP4_1169.denoise.log
[Thu 08 Jul 2021 04:35:47 PM EDT]      CMD: nQuire denoise -o Pacuta_HTHC_TP4_1343.denoise Pacuta_HTHC_TP4_1343.bin 1> Pacuta_HTHC_TP4_1343.denoise.log
[Thu 08 Jul 2021 04:36:01 PM EDT]      CMD: nQuire denoise -o Pacuta_HTHC_TP4_2195.denoise Pacuta_HTHC_TP4_2195.bin 1> Pacuta_HTHC_TP4_2195.denoise.log
[Thu 08 Jul 2021 04:36:19 PM EDT]      CMD: nQuire denoise -o Pacuta_HTHC_TP5_1168.denoise Pacuta_HTHC_TP5_1168.bin 1> Pacuta_HTHC_TP5_1168.denoise.log
[Thu 08 Jul 2021 04:36:26 PM EDT]      CMD: nQuire denoise -o Pacuta_HTHC_TP5_1415.denoise Pacuta_HTHC_TP5_1415.bin 1> Pacuta_HTHC_TP5_1415.denoise.log
[Thu 08 Jul 2021 04:36:31 PM EDT]      CMD: nQuire denoise -o Pacuta_HTHC_TP5_2087.denoise Pacuta_HTHC_TP5_2087.bin 1> Pacuta_HTHC_TP5_2087.denoise.log
[Thu 08 Jul 2021 04:36:51 PM EDT]      CMD: nQuire denoise -o Pacuta_HTHC_TP6_1138.denoise Pacuta_HTHC_TP6_1138.bin 1> Pacuta_HTHC_TP6_1138.denoise.log
[Thu 08 Jul 2021 04:37:06 PM EDT]      CMD: nQuire denoise -o Pacuta_HTHC_TP6_1595.denoise Pacuta_HTHC_TP6_1595.bin 1> Pacuta_HTHC_TP6_1595.denoise.log
[Thu 08 Jul 2021 04:37:19 PM EDT]      CMD: nQuire denoise -o Pacuta_HTHC_TP6_1721.denoise Pacuta_HTHC_TP6_1721.bin 1> Pacuta_HTHC_TP6_1721.denoise.log
[Thu 08 Jul 2021 04:37:25 PM EDT]      CMD: nQuire denoise -o Pacuta_HTHC_TP7_1090.denoise Pacuta_HTHC_TP7_1090.bin 1> Pacuta_HTHC_TP7_1090.denoise.log
[Thu 08 Jul 2021 04:37:38 PM EDT]      CMD: nQuire denoise -o Pacuta_HTHC_TP7_1427.denoise Pacuta_HTHC_TP7_1427.bin 1> Pacuta_HTHC_TP7_1427.denoise.log
[Thu 08 Jul 2021 04:37:52 PM EDT]      CMD: nQuire denoise -o Pacuta_HTHC_TP7_1820.denoise Pacuta_HTHC_TP7_1820.bin 1> Pacuta_HTHC_TP7_1820.denoise.log
[Thu 08 Jul 2021 04:38:07 PM EDT]      CMD: nQuire denoise -o Pacuta_HTHC_TP8_1184.denoise Pacuta_HTHC_TP8_1184.bin 1> Pacuta_HTHC_TP8_1184.denoise.log
[Thu 08 Jul 2021 04:38:16 PM EDT]      CMD: nQuire denoise -o Pacuta_HTHC_TP8_1709.denoise Pacuta_HTHC_TP8_1709.bin 1> Pacuta_HTHC_TP8_1709.denoise.log
[Thu 08 Jul 2021 04:38:33 PM EDT]      CMD: nQuire denoise -o Pacuta_HTHC_TP8_2304.denoise Pacuta_HTHC_TP8_2304.bin 1> Pacuta_HTHC_TP8_2304.denoise.log
[Thu 08 Jul 2021 04:38:49 PM EDT]      CMD: nQuire denoise -o Pacuta_HTHC_TP9_1131.denoise Pacuta_HTHC_TP9_1131.bin 1> Pacuta_HTHC_TP9_1131.denoise.log
[Thu 08 Jul 2021 04:38:57 PM EDT]      CMD: nQuire denoise -o Pacuta_HTHC_TP9_2202.denoise Pacuta_HTHC_TP9_2202.bin 1> Pacuta_HTHC_TP9_2202.denoise.log
[Thu 08 Jul 2021 04:39:15 PM EDT]      CMD: nQuire denoise -o Pacuta_HTHC_TP9_2305.denoise Pacuta_HTHC_TP9_2305.bin 1> Pacuta_HTHC_TP9_2305.denoise.log
[Thu 08 Jul 2021 04:39:22 PM EDT]      CMD: nQuire denoise -o P2185.denoise P2185.bin 1> P2185.denoise.log
