[Thu 08 Jul 2021 01:13:20 PM EDT]      CMD: nQuire create -q 20 -c 20 -x -b Pacuta_ATAC_TP10_1159.bam -o Pacuta_ATAC_TP10_1159
[Thu 08 Jul 2021 01:14:24 PM EDT]      CMD: nQuire create -q 20 -c 20 -x -b Pacuta_ATAC_TP10_1559.bam -o Pacuta_ATAC_TP10_1559
[Thu 08 Jul 2021 01:15:35 PM EDT]      CMD: nQuire create -q 20 -c 20 -x -b Pacuta_ATAC_TP10_1641.bam -o Pacuta_ATAC_TP10_1641
[Thu 08 Jul 2021 01:16:37 PM EDT]      CMD: nQuire create -q 20 -c 20 -x -b Pacuta_ATAC_TP11_1103.bam -o Pacuta_ATAC_TP11_1103
[Thu 08 Jul 2021 01:17:42 PM EDT]      CMD: nQuire create -q 20 -c 20 -x -b Pacuta_ATAC_TP11_1777.bam -o Pacuta_ATAC_TP11_1777
[Thu 08 Jul 2021 01:18:55 PM EDT]      CMD: nQuire create -q 20 -c 20 -x -b Pacuta_ATAC_TP11_2306.bam -o Pacuta_ATAC_TP11_2306
[Thu 08 Jul 2021 01:20:16 PM EDT]      CMD: nQuire create -q 20 -c 20 -x -b Pacuta_ATAC_TP1_1043.bam -o Pacuta_ATAC_TP1_1043
[Thu 08 Jul 2021 01:21:32 PM EDT]      CMD: nQuire create -q 20 -c 20 -x -b Pacuta_ATAC_TP1_1775.bam -o Pacuta_ATAC_TP1_1775
[Thu 08 Jul 2021 01:22:42 PM EDT]      CMD: nQuire create -q 20 -c 20 -x -b Pacuta_ATAC_TP1_2363.bam -o Pacuta_ATAC_TP1_2363
[Thu 08 Jul 2021 01:23:48 PM EDT]      CMD: nQuire create -q 20 -c 20 -x -b Pacuta_ATAC_TP3_1041.bam -o Pacuta_ATAC_TP3_1041
[Thu 08 Jul 2021 01:25:09 PM EDT]      CMD: nQuire create -q 20 -c 20 -x -b Pacuta_ATAC_TP3_1471.bam -o Pacuta_ATAC_TP3_1471
[Thu 08 Jul 2021 01:26:10 PM EDT]      CMD: nQuire create -q 20 -c 20 -x -b Pacuta_ATAC_TP3_1637.bam -o Pacuta_ATAC_TP3_1637
[Thu 08 Jul 2021 01:27:13 PM EDT]      CMD: nQuire create -q 20 -c 20 -x -b Pacuta_ATAC_TP4_1060.bam -o Pacuta_ATAC_TP4_1060
[Thu 08 Jul 2021 01:28:23 PM EDT]      CMD: nQuire create -q 20 -c 20 -x -b Pacuta_ATAC_TP4_1762.bam -o Pacuta_ATAC_TP4_1762
[Thu 08 Jul 2021 01:30:13 PM EDT]      CMD: nQuire create -q 20 -c 20 -x -b Pacuta_ATAC_TP4_2002.bam -o Pacuta_ATAC_TP4_2002
[Thu 08 Jul 2021 01:31:51 PM EDT]      CMD: nQuire create -q 20 -c 20 -x -b Pacuta_ATAC_TP5_1059.bam -o Pacuta_ATAC_TP5_1059
[Thu 08 Jul 2021 01:33:00 PM EDT]      CMD: nQuire create -q 20 -c 20 -x -b Pacuta_ATAC_TP5_1563.bam -o Pacuta_ATAC_TP5_1563
[Thu 08 Jul 2021 01:34:35 PM EDT]      CMD: nQuire create -q 20 -c 20 -x -b Pacuta_ATAC_TP5_1757.bam -o Pacuta_ATAC_TP5_1757
[Thu 08 Jul 2021 01:35:46 PM EDT]      CMD: nQuire create -q 20 -c 20 -x -b Pacuta_ATAC_TP6_1050.bam -o Pacuta_ATAC_TP6_1050
[Thu 08 Jul 2021 01:37:03 PM EDT]      CMD: nQuire create -q 20 -c 20 -x -b Pacuta_ATAC_TP6_1468.bam -o Pacuta_ATAC_TP6_1468
[Thu 08 Jul 2021 01:38:40 PM EDT]      CMD: nQuire create -q 20 -c 20 -x -b Pacuta_ATAC_TP6_1542.bam -o Pacuta_ATAC_TP6_1542
[Thu 08 Jul 2021 01:39:48 PM EDT]      CMD: nQuire create -q 20 -c 20 -x -b Pacuta_ATAC_TP7_1047.bam -o Pacuta_ATAC_TP7_1047
[Thu 08 Jul 2021 01:41:15 PM EDT]      CMD: nQuire create -q 20 -c 20 -x -b Pacuta_ATAC_TP7_1445.bam -o Pacuta_ATAC_TP7_1445
[Thu 08 Jul 2021 01:42:52 PM EDT]      CMD: nQuire create -q 20 -c 20 -x -b Pacuta_ATAC_TP7_2413.bam -o Pacuta_ATAC_TP7_2413
[Thu 08 Jul 2021 01:44:10 PM EDT]      CMD: nQuire create -q 20 -c 20 -x -b Pacuta_ATAC_TP8_1051.bam -o Pacuta_ATAC_TP8_1051
[Thu 08 Jul 2021 01:45:21 PM EDT]      CMD: nQuire create -q 20 -c 20 -x -b Pacuta_ATAC_TP8_1755.bam -o Pacuta_ATAC_TP8_1755
[Thu 08 Jul 2021 01:46:29 PM EDT]      CMD: nQuire create -q 20 -c 20 -x -b Pacuta_ATAC_TP8_2012.bam -o Pacuta_ATAC_TP8_2012
[Thu 08 Jul 2021 01:47:34 PM EDT]      CMD: nQuire create -q 20 -c 20 -x -b Pacuta_ATAC_TP9_1141.bam -o Pacuta_ATAC_TP9_1141
[Thu 08 Jul 2021 01:48:50 PM EDT]      CMD: nQuire create -q 20 -c 20 -x -b Pacuta_ATAC_TP9_1594.bam -o Pacuta_ATAC_TP9_1594
[Thu 08 Jul 2021 01:49:54 PM EDT]      CMD: nQuire create -q 20 -c 20 -x -b Pacuta_ATAC_TP9_2357.bam -o Pacuta_ATAC_TP9_2357
[Thu 08 Jul 2021 01:50:57 PM EDT]      CMD: nQuire create -q 20 -c 20 -x -b Pacuta_ATHC_TP10_1205.bam -o Pacuta_ATHC_TP10_1205
[Thu 08 Jul 2021 01:52:00 PM EDT]      CMD: nQuire create -q 20 -c 20 -x -b Pacuta_ATHC_TP10_2197.bam -o Pacuta_ATHC_TP10_2197
[Thu 08 Jul 2021 01:53:08 PM EDT]      CMD: nQuire create -q 20 -c 20 -x -b Pacuta_ATHC_TP10_2550.bam -o Pacuta_ATHC_TP10_2550
[Thu 08 Jul 2021 01:54:25 PM EDT]      CMD: nQuire create -q 20 -c 20 -x -b Pacuta_ATHC_TP11_1147.bam -o Pacuta_ATHC_TP11_1147
[Thu 08 Jul 2021 01:56:10 PM EDT]      CMD: nQuire create -q 20 -c 20 -x -b Pacuta_ATHC_TP11_2668.bam -o Pacuta_ATHC_TP11_2668
[Thu 08 Jul 2021 01:57:37 PM EDT]      CMD: nQuire create -q 20 -c 20 -x -b Pacuta_ATHC_TP11_2879.bam -o Pacuta_ATHC_TP11_2879
[Thu 08 Jul 2021 01:58:59 PM EDT]      CMD: nQuire create -q 20 -c 20 -x -b Pacuta_ATHC_TP1_1207.bam -o Pacuta_ATHC_TP1_1207
[Thu 08 Jul 2021 02:00:34 PM EDT]      CMD: nQuire create -q 20 -c 20 -x -b Pacuta_ATHC_TP1_2743.bam -o Pacuta_ATHC_TP1_2743
[Thu 08 Jul 2021 02:01:41 PM EDT]      CMD: nQuire create -q 20 -c 20 -x -b Pacuta_ATHC_TP1_2977.bam -o Pacuta_ATHC_TP1_2977
[Thu 08 Jul 2021 02:03:00 PM EDT]      CMD: nQuire create -q 20 -c 20 -x -b Pacuta_ATHC_TP3_1219.bam -o Pacuta_ATHC_TP3_1219
[Thu 08 Jul 2021 02:04:15 PM EDT]      CMD: nQuire create -q 20 -c 20 -x -b Pacuta_ATHC_TP3_2534.bam -o Pacuta_ATHC_TP3_2534
[Thu 08 Jul 2021 02:05:43 PM EDT]      CMD: nQuire create -q 20 -c 20 -x -b Pacuta_ATHC_TP3_2750.bam -o Pacuta_ATHC_TP3_2750
[Thu 08 Jul 2021 02:07:17 PM EDT]      CMD: nQuire create -q 20 -c 20 -x -b Pacuta_ATHC_TP4_1220.bam -o Pacuta_ATHC_TP4_1220
[Thu 08 Jul 2021 02:08:25 PM EDT]      CMD: nQuire create -q 20 -c 20 -x -b Pacuta_ATHC_TP4_2733.bam -o Pacuta_ATHC_TP4_2733
[Thu 08 Jul 2021 02:10:16 PM EDT]      CMD: nQuire create -q 20 -c 20 -x -b Pacuta_ATHC_TP4_2993.bam -o Pacuta_ATHC_TP4_2993
[Thu 08 Jul 2021 02:11:19 PM EDT]      CMD: nQuire create -q 20 -c 20 -x -b Pacuta_ATHC_TP5_1296.bam -o Pacuta_ATHC_TP5_1296
[Thu 08 Jul 2021 02:12:23 PM EDT]      CMD: nQuire create -q 20 -c 20 -x -b Pacuta_ATHC_TP5_2212.bam -o Pacuta_ATHC_TP5_2212
[Thu 08 Jul 2021 02:13:53 PM EDT]      CMD: nQuire create -q 20 -c 20 -x -b Pacuta_ATHC_TP5_2877.bam -o Pacuta_ATHC_TP5_2877
[Thu 08 Jul 2021 02:15:08 PM EDT]      CMD: nQuire create -q 20 -c 20 -x -b Pacuta_ATHC_TP6_1254.bam -o Pacuta_ATHC_TP6_1254
[Thu 08 Jul 2021 02:16:19 PM EDT]      CMD: nQuire create -q 20 -c 20 -x -b Pacuta_ATHC_TP6_2870.bam -o Pacuta_ATHC_TP6_2870
[Thu 08 Jul 2021 02:17:27 PM EDT]      CMD: nQuire create -q 20 -c 20 -x -b Pacuta_ATHC_TP6_2999.bam -o Pacuta_ATHC_TP6_2999
[Thu 08 Jul 2021 02:18:31 PM EDT]      CMD: nQuire create -q 20 -c 20 -x -b Pacuta_ATHC_TP7_1281.bam -o Pacuta_ATHC_TP7_1281
[Thu 08 Jul 2021 02:19:58 PM EDT]      CMD: nQuire create -q 20 -c 20 -x -b Pacuta_ATHC_TP7_2409.bam -o Pacuta_ATHC_TP7_2409
[Thu 08 Jul 2021 02:21:31 PM EDT]      CMD: nQuire create -q 20 -c 20 -x -b Pacuta_ATHC_TP7_2878.bam -o Pacuta_ATHC_TP7_2878
[Thu 08 Jul 2021 02:23:03 PM EDT]      CMD: nQuire create -q 20 -c 20 -x -b Pacuta_ATHC_TP8_1459.bam -o Pacuta_ATHC_TP8_1459
[Thu 08 Jul 2021 02:24:12 PM EDT]      CMD: nQuire create -q 20 -c 20 -x -b Pacuta_ATHC_TP8_2564.bam -o Pacuta_ATHC_TP8_2564
[Thu 08 Jul 2021 02:25:55 PM EDT]      CMD: nQuire create -q 20 -c 20 -x -b Pacuta_ATHC_TP8_2861.bam -o Pacuta_ATHC_TP8_2861
[Thu 08 Jul 2021 02:27:08 PM EDT]      CMD: nQuire create -q 20 -c 20 -x -b Pacuta_ATHC_TP9_1451.bam -o Pacuta_ATHC_TP9_1451
[Thu 08 Jul 2021 02:28:12 PM EDT]      CMD: nQuire create -q 20 -c 20 -x -b Pacuta_ATHC_TP9_2873.bam -o Pacuta_ATHC_TP9_2873
[Thu 08 Jul 2021 02:29:14 PM EDT]      CMD: nQuire create -q 20 -c 20 -x -b Pacuta_ATHC_TP9_2979.bam -o Pacuta_ATHC_TP9_2979
[Thu 08 Jul 2021 02:30:27 PM EDT]      CMD: nQuire create -q 20 -c 20 -x -b Pacuta_HTAC_TP10_1225.bam -o Pacuta_HTAC_TP10_1225
[Thu 08 Jul 2021 02:31:10 PM EDT]      CMD: nQuire create -q 20 -c 20 -x -b Pacuta_HTAC_TP10_1536.bam -o Pacuta_HTAC_TP10_1536
[Thu 08 Jul 2021 02:32:26 PM EDT]      CMD: nQuire create -q 20 -c 20 -x -b Pacuta_HTAC_TP10_2064.bam -o Pacuta_HTAC_TP10_2064
[Thu 08 Jul 2021 02:33:35 PM EDT]      CMD: nQuire create -q 20 -c 20 -x -b Pacuta_HTAC_TP11_1582.bam -o Pacuta_HTAC_TP11_1582
[Thu 08 Jul 2021 02:35:12 PM EDT]      CMD: nQuire create -q 20 -c 20 -x -b Pacuta_HTAC_TP11_1596.bam -o Pacuta_HTAC_TP11_1596
[Thu 08 Jul 2021 02:37:00 PM EDT]      CMD: nQuire create -q 20 -c 20 -x -b Pacuta_HTAC_TP11_1647.bam -o Pacuta_HTAC_TP11_1647
[Thu 08 Jul 2021 02:38:25 PM EDT]      CMD: nQuire create -q 20 -c 20 -x -b Pacuta_HTAC_TP1_1653.bam -o Pacuta_HTAC_TP1_1653
[Thu 08 Jul 2021 02:40:03 PM EDT]      CMD: nQuire create -q 20 -c 20 -x -b Pacuta_HTAC_TP1_2005.bam -o Pacuta_HTAC_TP1_2005
[Thu 08 Jul 2021 02:41:10 PM EDT]      CMD: nQuire create -q 20 -c 20 -x -b Pacuta_HTAC_TP1_2414.bam -o Pacuta_HTAC_TP1_2414
[Thu 08 Jul 2021 02:42:47 PM EDT]      CMD: nQuire create -q 20 -c 20 -x -b Pacuta_HTAC_TP3_1617.bam -o Pacuta_HTAC_TP3_1617
[Thu 08 Jul 2021 02:43:49 PM EDT]      CMD: nQuire create -q 20 -c 20 -x -b Pacuta_HTAC_TP3_1642.bam -o Pacuta_HTAC_TP3_1642
[Thu 08 Jul 2021 02:45:10 PM EDT]      CMD: nQuire create -q 20 -c 20 -x -b Pacuta_HTAC_TP3_2026.bam -o Pacuta_HTAC_TP3_2026
[Thu 08 Jul 2021 02:46:19 PM EDT]      CMD: nQuire create -q 20 -c 20 -x -b Pacuta_HTAC_TP4_1581.bam -o Pacuta_HTAC_TP4_1581
[Thu 08 Jul 2021 02:47:57 PM EDT]      CMD: nQuire create -q 20 -c 20 -x -b Pacuta_HTAC_TP4_1701.bam -o Pacuta_HTAC_TP4_1701
[Thu 08 Jul 2021 02:49:33 PM EDT]      CMD: nQuire create -q 20 -c 20 -x -b Pacuta_HTAC_TP4_1767.bam -o Pacuta_HTAC_TP4_1767
[Thu 08 Jul 2021 02:50:37 PM EDT]      CMD: nQuire create -q 20 -c 20 -x -b Pacuta_HTAC_TP5_1303.bam -o Pacuta_HTAC_TP5_1303
[Thu 08 Jul 2021 02:51:45 PM EDT]      CMD: nQuire create -q 20 -c 20 -x -b Pacuta_HTAC_TP5_1571.bam -o Pacuta_HTAC_TP5_1571
[Thu 08 Jul 2021 02:53:20 PM EDT]      CMD: nQuire create -q 20 -c 20 -x -b Pacuta_HTAC_TP5_1707.bam -o Pacuta_HTAC_TP5_1707
[Thu 08 Jul 2021 02:54:45 PM EDT]      CMD: nQuire create -q 20 -c 20 -x -b Pacuta_HTAC_TP6_1330.bam -o Pacuta_HTAC_TP6_1330
[Thu 08 Jul 2021 02:55:46 PM EDT]      CMD: nQuire create -q 20 -c 20 -x -b Pacuta_HTAC_TP6_1466.bam -o Pacuta_HTAC_TP6_1466
[Thu 08 Jul 2021 02:56:52 PM EDT]      CMD: nQuire create -q 20 -c 20 -x -b Pacuta_HTAC_TP6_1744.bam -o Pacuta_HTAC_TP6_1744
[Thu 08 Jul 2021 02:58:13 PM EDT]      CMD: nQuire create -q 20 -c 20 -x -b Pacuta_HTAC_TP7_1487.bam -o Pacuta_HTAC_TP7_1487
[Thu 08 Jul 2021 02:59:30 PM EDT]      CMD: nQuire create -q 20 -c 20 -x -b Pacuta_HTAC_TP7_1728.bam -o Pacuta_HTAC_TP7_1728
[Thu 08 Jul 2021 03:00:58 PM EDT]      CMD: nQuire create -q 20 -c 20 -x -b Pacuta_HTAC_TP7_2072.bam -o Pacuta_HTAC_TP7_2072
[Thu 08 Jul 2021 03:01:59 PM EDT]      CMD: nQuire create -q 20 -c 20 -x -b Pacuta_HTAC_TP8_1329.bam -o Pacuta_HTAC_TP8_1329
[Thu 08 Jul 2021 03:04:09 PM EDT]      CMD: nQuire create -q 20 -c 20 -x -b Pacuta_HTAC_TP8_1765.bam -o Pacuta_HTAC_TP8_1765
[Thu 08 Jul 2021 03:05:12 PM EDT]      CMD: nQuire create -q 20 -c 20 -x -b Pacuta_HTAC_TP8_2513.bam -o Pacuta_HTAC_TP8_2513
[Thu 08 Jul 2021 03:06:23 PM EDT]      CMD: nQuire create -q 20 -c 20 -x -b Pacuta_HTAC_TP9_1302.bam -o Pacuta_HTAC_TP9_1302
[Thu 08 Jul 2021 03:07:53 PM EDT]      CMD: nQuire create -q 20 -c 20 -x -b Pacuta_HTAC_TP9_1486.bam -o Pacuta_HTAC_TP9_1486
[Thu 08 Jul 2021 03:08:55 PM EDT]      CMD: nQuire create -q 20 -c 20 -x -b Pacuta_HTAC_TP9_1696.bam -o Pacuta_HTAC_TP9_1696
[Thu 08 Jul 2021 03:10:47 PM EDT]      CMD: nQuire create -q 20 -c 20 -x -b Pacuta_HTHC_TP10_1238.bam -o Pacuta_HTHC_TP10_1238
[Thu 08 Jul 2021 03:12:05 PM EDT]      CMD: nQuire create -q 20 -c 20 -x -b Pacuta_HTHC_TP10_1732.bam -o Pacuta_HTHC_TP10_1732
[Thu 08 Jul 2021 03:13:14 PM EDT]      CMD: nQuire create -q 20 -c 20 -x -b Pacuta_HTHC_TP10_2300.bam -o Pacuta_HTHC_TP10_2300
[Thu 08 Jul 2021 03:14:25 PM EDT]      CMD: nQuire create -q 20 -c 20 -x -b Pacuta_HTHC_TP11_1416.bam -o Pacuta_HTHC_TP11_1416
[Thu 08 Jul 2021 03:16:02 PM EDT]      CMD: nQuire create -q 20 -c 20 -x -b Pacuta_HTHC_TP11_2185.bam -o Pacuta_HTHC_TP11_2185
[Thu 08 Jul 2021 03:17:52 PM EDT]      CMD: nQuire create -q 20 -c 20 -x -b Pacuta_HTHC_TP1_1239.bam -o Pacuta_HTHC_TP1_1239
[Thu 08 Jul 2021 03:18:56 PM EDT]      CMD: nQuire create -q 20 -c 20 -x -b Pacuta_HTHC_TP1_1676.bam -o Pacuta_HTHC_TP1_1676
[Thu 08 Jul 2021 03:20:00 PM EDT]      CMD: nQuire create -q 20 -c 20 -x -b Pacuta_HTHC_TP1_2210.bam -o Pacuta_HTHC_TP1_2210
[Thu 08 Jul 2021 03:21:32 PM EDT]      CMD: nQuire create -q 20 -c 20 -x -b Pacuta_HTHC_TP3_1227.bam -o Pacuta_HTHC_TP3_1227
[Thu 08 Jul 2021 03:22:47 PM EDT]      CMD: nQuire create -q 20 -c 20 -x -b Pacuta_HTHC_TP3_1418.bam -o Pacuta_HTHC_TP3_1418
[Thu 08 Jul 2021 03:23:53 PM EDT]      CMD: nQuire create -q 20 -c 20 -x -b Pacuta_HTHC_TP3_2527.bam -o Pacuta_HTHC_TP3_2527
[Thu 08 Jul 2021 03:24:58 PM EDT]      CMD: nQuire create -q 20 -c 20 -x -b Pacuta_HTHC_TP4_1169.bam -o Pacuta_HTHC_TP4_1169
[Thu 08 Jul 2021 03:26:38 PM EDT]      CMD: nQuire create -q 20 -c 20 -x -b Pacuta_HTHC_TP4_1343.bam -o Pacuta_HTHC_TP4_1343
[Thu 08 Jul 2021 03:28:00 PM EDT]      CMD: nQuire create -q 20 -c 20 -x -b Pacuta_HTHC_TP4_2195.bam -o Pacuta_HTHC_TP4_2195
[Thu 08 Jul 2021 03:29:40 PM EDT]      CMD: nQuire create -q 20 -c 20 -x -b Pacuta_HTHC_TP5_1168.bam -o Pacuta_HTHC_TP5_1168
[Thu 08 Jul 2021 03:30:54 PM EDT]      CMD: nQuire create -q 20 -c 20 -x -b Pacuta_HTHC_TP5_1415.bam -o Pacuta_HTHC_TP5_1415
[Thu 08 Jul 2021 03:32:10 PM EDT]      CMD: nQuire create -q 20 -c 20 -x -b Pacuta_HTHC_TP5_2087.bam -o Pacuta_HTHC_TP5_2087
[Thu 08 Jul 2021 03:33:45 PM EDT]      CMD: nQuire create -q 20 -c 20 -x -b Pacuta_HTHC_TP6_1138.bam -o Pacuta_HTHC_TP6_1138
[Thu 08 Jul 2021 03:35:07 PM EDT]      CMD: nQuire create -q 20 -c 20 -x -b Pacuta_HTHC_TP6_1595.bam -o Pacuta_HTHC_TP6_1595
[Thu 08 Jul 2021 03:36:19 PM EDT]      CMD: nQuire create -q 20 -c 20 -x -b Pacuta_HTHC_TP6_1721.bam -o Pacuta_HTHC_TP6_1721
[Thu 08 Jul 2021 03:37:25 PM EDT]      CMD: nQuire create -q 20 -c 20 -x -b Pacuta_HTHC_TP7_1090.bam -o Pacuta_HTHC_TP7_1090
[Thu 08 Jul 2021 03:38:41 PM EDT]      CMD: nQuire create -q 20 -c 20 -x -b Pacuta_HTHC_TP7_1427.bam -o Pacuta_HTHC_TP7_1427
[Thu 08 Jul 2021 03:40:07 PM EDT]      CMD: nQuire create -q 20 -c 20 -x -b Pacuta_HTHC_TP7_1820.bam -o Pacuta_HTHC_TP7_1820
[Thu 08 Jul 2021 03:41:20 PM EDT]      CMD: nQuire create -q 20 -c 20 -x -b Pacuta_HTHC_TP8_1184.bam -o Pacuta_HTHC_TP8_1184
[Thu 08 Jul 2021 03:42:24 PM EDT]      CMD: nQuire create -q 20 -c 20 -x -b Pacuta_HTHC_TP8_1709.bam -o Pacuta_HTHC_TP8_1709
[Thu 08 Jul 2021 03:44:11 PM EDT]      CMD: nQuire create -q 20 -c 20 -x -b Pacuta_HTHC_TP8_2304.bam -o Pacuta_HTHC_TP8_2304
[Thu 08 Jul 2021 03:45:26 PM EDT]      CMD: nQuire create -q 20 -c 20 -x -b Pacuta_HTHC_TP9_1131.bam -o Pacuta_HTHC_TP9_1131
[Thu 08 Jul 2021 03:46:33 PM EDT]      CMD: nQuire create -q 20 -c 20 -x -b Pacuta_HTHC_TP9_2202.bam -o Pacuta_HTHC_TP9_2202
[Thu 08 Jul 2021 03:47:55 PM EDT]      CMD: nQuire create -q 20 -c 20 -x -b Pacuta_HTHC_TP9_2305.bam -o Pacuta_HTHC_TP9_2305
[Thu 08 Jul 2021 03:49:01 PM EDT]      CMD: nQuire create -q 20 -c 20 -x -b P2185.bam -o P2185
