12:21:26.819 INFO  NativeLibraryLoader - Loading libgkl_compression.so from jar:file:/home/timothy/programs/gatk-4.2.0.0/gatk-package-4.2.0.0-local.jar!/com/intel/gkl/native/libgkl_compression.so
Jul 11, 2021 12:21:26 PM shaded.cloud_nio.com.google.auth.oauth2.ComputeEngineCredentials runningOnComputeEngine
INFO: Failed to detect whether we are running on Google Compute Engine.
12:21:27.002 INFO  IndexFeatureFile - ------------------------------------------------------------
12:21:27.002 INFO  IndexFeatureFile - The Genome Analysis Toolkit (GATK) v4.2.0.0
12:21:27.002 INFO  IndexFeatureFile - For support and documentation go to https://software.broadinstitute.org/gatk/
12:21:27.002 INFO  IndexFeatureFile - Executing as timothy@coral on Linux v5.4.0-72-generic amd64
12:21:27.002 INFO  IndexFeatureFile - Java runtime: OpenJDK 64-Bit Server VM v11.0.11+9-Ubuntu-0ubuntu2.20.04
12:21:27.003 INFO  IndexFeatureFile - Start Date/Time: July 11, 2021 at 12:21:26 PM EDT
12:21:27.003 INFO  IndexFeatureFile - ------------------------------------------------------------
12:21:27.003 INFO  IndexFeatureFile - ------------------------------------------------------------
12:21:27.003 INFO  IndexFeatureFile - HTSJDK Version: 2.24.0
12:21:27.003 INFO  IndexFeatureFile - Picard Version: 2.25.0
12:21:27.003 INFO  IndexFeatureFile - Built for Spark Version: 2.4.5
12:21:27.003 INFO  IndexFeatureFile - HTSJDK Defaults.COMPRESSION_LEVEL : 2
12:21:27.003 INFO  IndexFeatureFile - HTSJDK Defaults.USE_ASYNC_IO_READ_FOR_SAMTOOLS : false
12:21:27.003 INFO  IndexFeatureFile - HTSJDK Defaults.USE_ASYNC_IO_WRITE_FOR_SAMTOOLS : true
12:21:27.003 INFO  IndexFeatureFile - HTSJDK Defaults.USE_ASYNC_IO_WRITE_FOR_TRIBBLE : false
12:21:27.003 INFO  IndexFeatureFile - Deflater: IntelDeflater
12:21:27.003 INFO  IndexFeatureFile - Inflater: IntelInflater
12:21:27.003 INFO  IndexFeatureFile - GCS max retries/reopens: 20
12:21:27.003 INFO  IndexFeatureFile - Requester pays: disabled
12:21:27.004 INFO  IndexFeatureFile - Initializing engine
12:21:27.004 INFO  IndexFeatureFile - Done initializing engine
12:21:27.073 INFO  FeatureManager - Using codec VCFCodec to read file file:///scratch/timothy/projects/0022_Coral_Genotype_Analysis/03_Analysis/2021-06-21/Pocillopora_acuta_PacBio_Assembly/Genome_short_variant_analysis/filtering/GVCFall_withREF_INDELs_VarScores_filterPASSED.vcf
12:21:27.095 INFO  ProgressMeter - Starting traversal
12:21:27.095 INFO  ProgressMeter -        Current Locus  Elapsed Minutes     Records Processed   Records/Minute
12:21:37.111 INFO  ProgressMeter - Pocillopora_acuta_HIv1___Scaffold_000361F___length_694081:190336              0.2                513000        3073389.9
12:21:39.826 INFO  ProgressMeter - Pocillopora_acuta_HIv1___Scaffold_001692F___length_62102:16392              0.2                668707        3151552.9
12:21:39.826 INFO  ProgressMeter - Traversal complete. Processed 668707 total records in 0.2 minutes.
12:21:39.879 INFO  IndexFeatureFile - Successfully wrote index to /scratch/timothy/projects/0022_Coral_Genotype_Analysis/03_Analysis/2021-06-21/Pocillopora_acuta_PacBio_Assembly/Genome_short_variant_analysis/filtering/GVCFall_withREF_INDELs_VarScores_filterPASSED.vcf.idx
12:21:39.879 INFO  IndexFeatureFile - Shutting down engine
[July 11, 2021 at 12:21:39 PM EDT] org.broadinstitute.hellbender.tools.IndexFeatureFile done. Elapsed time: 0.22 minutes.
Runtime.totalMemory()=3925868544
Tool returned:
/scratch/timothy/projects/0022_Coral_Genotype_Analysis/03_Analysis/2021-06-21/Pocillopora_acuta_PacBio_Assembly/Genome_short_variant_analysis/filtering/GVCFall_withREF_INDELs_VarScores_filterPASSED.vcf.idx
Using GATK jar /home/timothy/programs/gatk-4.2.0.0/gatk-package-4.2.0.0-local.jar
Running:
    java -Dsamjdk.use_async_io_read_samtools=false -Dsamjdk.use_async_io_write_samtools=true -Dsamjdk.use_async_io_write_tribble=false -Dsamjdk.compression_level=2 -jar /home/timothy/programs/gatk-4.2.0.0/gatk-package-4.2.0.0-local.jar IndexFeatureFile --input GVCFall_withREF_INDELs_VarScores_filterPASSED.vcf
