18:40:26.227 INFO  NativeLibraryLoader - Loading libgkl_compression.so from jar:file:/home/timothy/programs/gatk-4.2.0.0/gatk-package-4.2.0.0-local.jar!/com/intel/gkl/native/libgkl_compression.so
Jul 11, 2021 6:40:26 PM shaded.cloud_nio.com.google.auth.oauth2.ComputeEngineCredentials runningOnComputeEngine
INFO: Failed to detect whether we are running on Google Compute Engine.
18:40:26.374 INFO  VariantsToTable - ------------------------------------------------------------
18:40:26.375 INFO  VariantsToTable - The Genome Analysis Toolkit (GATK) v4.2.0.0
18:40:26.375 INFO  VariantsToTable - For support and documentation go to https://software.broadinstitute.org/gatk/
18:40:26.375 INFO  VariantsToTable - Executing as timothy@coral on Linux v5.4.0-72-generic amd64
18:40:26.375 INFO  VariantsToTable - Java runtime: OpenJDK 64-Bit Server VM v11.0.11+9-Ubuntu-0ubuntu2.20.04
18:40:26.375 INFO  VariantsToTable - Start Date/Time: July 11, 2021 at 6:40:26 PM EDT
18:40:26.375 INFO  VariantsToTable - ------------------------------------------------------------
18:40:26.375 INFO  VariantsToTable - ------------------------------------------------------------
18:40:26.375 INFO  VariantsToTable - HTSJDK Version: 2.24.0
18:40:26.375 INFO  VariantsToTable - Picard Version: 2.25.0
18:40:26.375 INFO  VariantsToTable - Built for Spark Version: 2.4.5
18:40:26.375 INFO  VariantsToTable - HTSJDK Defaults.COMPRESSION_LEVEL : 2
18:40:26.376 INFO  VariantsToTable - HTSJDK Defaults.USE_ASYNC_IO_READ_FOR_SAMTOOLS : false
18:40:26.376 INFO  VariantsToTable - HTSJDK Defaults.USE_ASYNC_IO_WRITE_FOR_SAMTOOLS : true
18:40:26.376 INFO  VariantsToTable - HTSJDK Defaults.USE_ASYNC_IO_WRITE_FOR_TRIBBLE : false
18:40:26.376 INFO  VariantsToTable - Deflater: IntelDeflater
18:40:26.376 INFO  VariantsToTable - Inflater: IntelInflater
18:40:26.376 INFO  VariantsToTable - GCS max retries/reopens: 20
18:40:26.376 INFO  VariantsToTable - Requester pays: disabled
18:40:26.376 INFO  VariantsToTable - Initializing engine
18:40:26.503 INFO  FeatureManager - Using codec VCFCodec to read file file:///scratch/timothy/projects/0022_Coral_Genotype_Analysis/03_Analysis/2021-06-21/Pocillopora_acuta_PacBio_Assembly/Genome_short_variant_analysis/filtering/GVCFall_withREF_INDELs_VarScores_filterPASSED_DPfilterNoCall.vcf
18:40:26.587 INFO  VariantsToTable - Done initializing engine
18:40:26.592 WARN  VariantsToTable - Allele-specific fields will only be split if splitting multi-allelic variants is specified (`--split-multi-allelic` or `-SMA`
18:40:26.592 INFO  ProgressMeter - Starting traversal
18:40:26.593 INFO  ProgressMeter -        Current Locus  Elapsed Minutes    Variants Processed  Variants/Minute
18:40:36.694 INFO  ProgressMeter - Pocillopora_acuta_HIv1___Scaffold_000011F___length_2586769:697499              0.2                 71000         421823.9
18:40:46.842 INFO  ProgressMeter - Pocillopora_acuta_HIv1___Scaffold_000040F___length_1870022:276592              0.3                158000         468171.3
18:40:56.879 INFO  ProgressMeter - Pocillopora_acuta_HIv1___Scaffold_000083F___length_1495163:987228              0.5                243000         481410.6
18:41:06.932 INFO  ProgressMeter - Pocillopora_acuta_HIv1___Scaffold_000119F___length_1183488:448797              0.7                329000         489364.9
18:41:16.994 INFO  ProgressMeter - Pocillopora_acuta_HIv1___Scaffold_000207F___length_933288:369319              0.8                417000         496418.7
18:41:27.031 INFO  ProgressMeter - Pocillopora_acuta_HIv1___Scaffold_000326F___length_716298:643606              1.0                503000         499354.7
18:41:37.102 INFO  ProgressMeter - Pocillopora_acuta_HIv1___Scaffold_000547F___length_479313:438856              1.2                588000         500361.7
18:41:46.423 INFO  ProgressMeter - Pocillopora_acuta_HIv1___Scaffold_001692F___length_62102:16392              1.3                668707         502604.6
18:41:46.423 INFO  ProgressMeter - Traversal complete. Processed 668707 total variants in 1.3 minutes.
18:41:46.423 INFO  VariantsToTable - Shutting down engine
[July 11, 2021 at 6:41:46 PM EDT] org.broadinstitute.hellbender.tools.walkers.variantutils.VariantsToTable done. Elapsed time: 1.34 minutes.
Runtime.totalMemory()=4139778048
Using GATK jar /home/timothy/programs/gatk-4.2.0.0/gatk-package-4.2.0.0-local.jar
Running:
    java -Dsamjdk.use_async_io_read_samtools=false -Dsamjdk.use_async_io_write_samtools=true -Dsamjdk.use_async_io_write_tribble=false -Dsamjdk.compression_level=2 -jar /home/timothy/programs/gatk-4.2.0.0/gatk-package-4.2.0.0-local.jar VariantsToTable --reference Pocillopora_acuta_HIv1.assembly.purged.fasta --variant GVCFall_withREF_INDELs_VarScores_filterPASSED_DPfilterNoCall.vcf --output GVCFall_withREF_INDELs_VarScores_filterPASSED_DPfilterNoCall.table -F CHROM -F POS -GF GT
