12:25:03.926 INFO  NativeLibraryLoader - Loading libgkl_compression.so from jar:file:/home/timothy/programs/gatk-4.2.0.0/gatk-package-4.2.0.0-local.jar!/com/intel/gkl/native/libgkl_compression.so
Jul 11, 2021 12:25:04 PM shaded.cloud_nio.com.google.auth.oauth2.ComputeEngineCredentials runningOnComputeEngine
INFO: Failed to detect whether we are running on Google Compute Engine.
12:25:04.059 INFO  VariantsToTable - ------------------------------------------------------------
12:25:04.059 INFO  VariantsToTable - The Genome Analysis Toolkit (GATK) v4.2.0.0
12:25:04.059 INFO  VariantsToTable - For support and documentation go to https://software.broadinstitute.org/gatk/
12:25:04.059 INFO  VariantsToTable - Executing as timothy@coral on Linux v5.4.0-72-generic amd64
12:25:04.059 INFO  VariantsToTable - Java runtime: OpenJDK 64-Bit Server VM v11.0.11+9-Ubuntu-0ubuntu2.20.04
12:25:04.059 INFO  VariantsToTable - Start Date/Time: July 11, 2021 at 12:25:03 PM EDT
12:25:04.059 INFO  VariantsToTable - ------------------------------------------------------------
12:25:04.059 INFO  VariantsToTable - ------------------------------------------------------------
12:25:04.060 INFO  VariantsToTable - HTSJDK Version: 2.24.0
12:25:04.060 INFO  VariantsToTable - Picard Version: 2.25.0
12:25:04.060 INFO  VariantsToTable - Built for Spark Version: 2.4.5
12:25:04.060 INFO  VariantsToTable - HTSJDK Defaults.COMPRESSION_LEVEL : 2
12:25:04.060 INFO  VariantsToTable - HTSJDK Defaults.USE_ASYNC_IO_READ_FOR_SAMTOOLS : false
12:25:04.060 INFO  VariantsToTable - HTSJDK Defaults.USE_ASYNC_IO_WRITE_FOR_SAMTOOLS : true
12:25:04.060 INFO  VariantsToTable - HTSJDK Defaults.USE_ASYNC_IO_WRITE_FOR_TRIBBLE : false
12:25:04.060 INFO  VariantsToTable - Deflater: IntelDeflater
12:25:04.060 INFO  VariantsToTable - Inflater: IntelInflater
12:25:04.060 INFO  VariantsToTable - GCS max retries/reopens: 20
12:25:04.060 INFO  VariantsToTable - Requester pays: disabled
12:25:04.060 INFO  VariantsToTable - Initializing engine
12:25:04.175 INFO  FeatureManager - Using codec VCFCodec to read file file:///scratch/timothy/projects/0022_Coral_Genotype_Analysis/03_Analysis/2021-06-21/Pocillopora_acuta_PacBio_Assembly/Genome_short_variant_analysis/filtering/GVCFall_withREF_INDELs_VarScores_filterPASSED.vcf
12:25:04.241 INFO  VariantsToTable - Done initializing engine
12:25:04.242 WARN  VariantsToTable - Allele-specific fields will only be split if splitting multi-allelic variants is specified (`--split-multi-allelic` or `-SMA`
12:25:04.243 INFO  ProgressMeter - Starting traversal
12:25:04.243 INFO  ProgressMeter -        Current Locus  Elapsed Minutes    Variants Processed  Variants/Minute
12:25:14.259 INFO  ProgressMeter - Pocillopora_acuta_HIv1___Scaffold_000369F___length_624781:505582              0.2                537000        3217174.2
12:25:16.629 INFO  ProgressMeter - Pocillopora_acuta_HIv1___Scaffold_001692F___length_62102:16392              0.2                668707        3239336.3
12:25:16.629 INFO  ProgressMeter - Traversal complete. Processed 668707 total variants in 0.2 minutes.
12:25:16.629 INFO  VariantsToTable - Shutting down engine
[July 11, 2021 at 12:25:16 PM EDT] org.broadinstitute.hellbender.tools.walkers.variantutils.VariantsToTable done. Elapsed time: 0.21 minutes.
Runtime.totalMemory()=3573547008
Using GATK jar /home/timothy/programs/gatk-4.2.0.0/gatk-package-4.2.0.0-local.jar
Running:
    java -Dsamjdk.use_async_io_read_samtools=false -Dsamjdk.use_async_io_write_samtools=true -Dsamjdk.use_async_io_write_tribble=false -Dsamjdk.compression_level=2 -jar /home/timothy/programs/gatk-4.2.0.0/gatk-package-4.2.0.0-local.jar VariantsToTable --reference Pocillopora_acuta_HIv1.assembly.purged.fasta --variant GVCFall_withREF_INDELs_VarScores_filterPASSED.vcf --output GVCFall_withREF_INDELs_VarScores_filterPASSED.table -F CHROM -F POS -F QUAL -F QD -F DP -F MQ -F FS -F SOR -F MQRankSum -F ReadPosRankSum
