11:56:51.377 INFO  NativeLibraryLoader - Loading libgkl_compression.so from jar:file:/home/timothy/programs/gatk-4.2.0.0/gatk-package-4.2.0.0-local.jar!/com/intel/gkl/native/libgkl_compression.so
Jul 11, 2021 11:56:51 AM shaded.cloud_nio.com.google.auth.oauth2.ComputeEngineCredentials runningOnComputeEngine
INFO: Failed to detect whether we are running on Google Compute Engine.
11:56:51.505 INFO  VariantFiltration - ------------------------------------------------------------
11:56:51.506 INFO  VariantFiltration - The Genome Analysis Toolkit (GATK) v4.2.0.0
11:56:51.506 INFO  VariantFiltration - For support and documentation go to https://software.broadinstitute.org/gatk/
11:56:51.506 INFO  VariantFiltration - Executing as timothy@coral on Linux v5.4.0-72-generic amd64
11:56:51.506 INFO  VariantFiltration - Java runtime: OpenJDK 64-Bit Server VM v11.0.11+9-Ubuntu-0ubuntu2.20.04
11:56:51.506 INFO  VariantFiltration - Start Date/Time: July 11, 2021 at 11:56:51 AM EDT
11:56:51.506 INFO  VariantFiltration - ------------------------------------------------------------
11:56:51.506 INFO  VariantFiltration - ------------------------------------------------------------
11:56:51.507 INFO  VariantFiltration - HTSJDK Version: 2.24.0
11:56:51.507 INFO  VariantFiltration - Picard Version: 2.25.0
11:56:51.507 INFO  VariantFiltration - Built for Spark Version: 2.4.5
11:56:51.507 INFO  VariantFiltration - HTSJDK Defaults.COMPRESSION_LEVEL : 2
11:56:51.507 INFO  VariantFiltration - HTSJDK Defaults.USE_ASYNC_IO_READ_FOR_SAMTOOLS : false
11:56:51.507 INFO  VariantFiltration - HTSJDK Defaults.USE_ASYNC_IO_WRITE_FOR_SAMTOOLS : true
11:56:51.507 INFO  VariantFiltration - HTSJDK Defaults.USE_ASYNC_IO_WRITE_FOR_TRIBBLE : false
11:56:51.507 INFO  VariantFiltration - Deflater: IntelDeflater
11:56:51.507 INFO  VariantFiltration - Inflater: IntelInflater
11:56:51.507 INFO  VariantFiltration - GCS max retries/reopens: 20
11:56:51.507 INFO  VariantFiltration - Requester pays: disabled
11:56:51.507 INFO  VariantFiltration - Initializing engine
11:56:51.637 INFO  FeatureManager - Using codec VCFCodec to read file file:///scratch/timothy/projects/0022_Coral_Genotype_Analysis/03_Analysis/2021-06-21/Pocillopora_acuta_PacBio_Assembly/Genome_short_variant_analysis/filtering/GVCFall_withREF_INDELs.vcf.gz
11:56:51.718 INFO  VariantFiltration - Done initializing engine
11:56:51.770 INFO  ProgressMeter - Starting traversal
11:56:51.770 INFO  ProgressMeter -        Current Locus  Elapsed Minutes    Variants Processed  Variants/Minute
11:56:52.784 WARN  JexlEngine - ![0,2]: 'QD < 20.000;' undefined variable QD
11:56:53.998 WARN  JexlEngine - ![0,2]: 'QD < 20.000;' undefined variable QD
11:56:56.158 WARN  JexlEngine - ![0,2]: 'QD < 20.000;' undefined variable QD
11:56:56.158 WARN  JexlEngine - ![0,2]: 'QD < 20.000;' undefined variable QD
11:57:00.294 WARN  JexlEngine - ![0,2]: 'QD < 20.000;' undefined variable QD
11:57:01.783 INFO  ProgressMeter - Pocillopora_acuta_HIv1___Scaffold_000016F___length_2230716:1190064              0.2                296000        1773694.2
11:57:06.119 WARN  JexlEngine - ![0,2]: 'QD < 20.000;' undefined variable QD
11:57:07.601 WARN  JexlEngine - ![0,2]: 'QD < 20.000;' undefined variable QD
11:57:11.784 INFO  ProgressMeter - Pocillopora_acuta_HIv1___Scaffold_000082F___length_1507628:1170754              0.3                655000        1963625.5
11:57:13.431 WARN  JexlEngine - ![0,2]: 'QD < 20.000;' undefined variable QD
11:57:13.971 WARN  JexlEngine - ![0,2]: 'QD < 20.000;' undefined variable QD
11:57:13.971 WARN  JexlEngine - ![0,2]: 'QD < 20.000;' undefined variable QD
11:57:18.063 WARN  JexlEngine - ![0,2]: 'QD < 20.000;' undefined variable QD
11:57:18.622 WARN  JexlEngine - ![0,2]: 'QD < 20.000;' undefined variable QD
11:57:21.800 INFO  ProgressMeter - Pocillopora_acuta_HIv1___Scaffold_000155F___length_1095536:1088726              0.5               1009000        2015984.0
11:57:25.572 WARN  JexlEngine - ![0,2]: 'QD < 20.000;' undefined variable QD
11:57:26.839 WARN  JexlEngine - ![0,2]: 'QD < 20.000;' undefined variable QD
11:57:26.939 WARN  JexlEngine - ![0,2]: 'QD < 20.000;' undefined variable QD
11:57:27.376 WARN  JexlEngine - ![0,2]: 'QD < 20.000;' undefined variable QD
11:57:31.669 WARN  JexlEngine - ![0,2]: 'QD < 20.000;' undefined variable QD
11:57:31.818 INFO  ProgressMeter - Pocillopora_acuta_HIv1___Scaffold_000282F___length_746185:268257              0.7               1378000        2064522.6
11:57:35.109 WARN  JexlEngine - ![0,2]: 'QD < 20.000;' undefined variable QD
11:57:37.698 WARN  JexlEngine - ![0,2]: 'QD < 20.000;' undefined variable QD
11:57:41.840 INFO  ProgressMeter - Pocillopora_acuta_HIv1___Scaffold_000640F___length_350060:296554              0.8               1742000        2087477.5
11:57:46.045 INFO  ProgressMeter - Pocillopora_acuta_HIv1___Scaffold_001829F___length_31435:29289              0.9               1897475        2097661.9
11:57:46.045 INFO  ProgressMeter - Traversal complete. Processed 1897475 total variants in 0.9 minutes.
11:57:46.069 INFO  VariantFiltration - Shutting down engine
[July 11, 2021 at 11:57:46 AM EDT] org.broadinstitute.hellbender.tools.walkers.filters.VariantFiltration done. Elapsed time: 0.91 minutes.
Runtime.totalMemory()=3787456512
Using GATK jar /home/timothy/programs/gatk-4.2.0.0/gatk-package-4.2.0.0-local.jar
Running:
    java -Dsamjdk.use_async_io_read_samtools=false -Dsamjdk.use_async_io_write_samtools=true -Dsamjdk.use_async_io_write_tribble=false -Dsamjdk.compression_level=2 -jar /home/timothy/programs/gatk-4.2.0.0/gatk-package-4.2.0.0-local.jar VariantFiltration --reference Pocillopora_acuta_HIv1.assembly.purged.fasta --variant GVCFall_withREF_INDELs.vcf.gz --output GVCFall_withREF_INDELs_VarScores_filter.vcf.gz --filter-name VarScores_filter_QD --filter-expression QD < 20.000 --filter-name VarScores_filter_MQ --filter-expression MQ < 45.000 --filter-name VarScores_filter_FS --filter-expression FS > 5.000 --filter-name VarScores_filter_SOR --filter-expression SOR > 2.500
