12:13:11.419 INFO  NativeLibraryLoader - Loading libgkl_compression.so from jar:file:/home/timothy/programs/gatk-4.2.0.0/gatk-package-4.2.0.0-local.jar!/com/intel/gkl/native/libgkl_compression.so
Jul 11, 2021 12:13:11 PM shaded.cloud_nio.com.google.auth.oauth2.ComputeEngineCredentials runningOnComputeEngine
INFO: Failed to detect whether we are running on Google Compute Engine.
12:13:11.558 INFO  IndexFeatureFile - ------------------------------------------------------------
12:13:11.559 INFO  IndexFeatureFile - The Genome Analysis Toolkit (GATK) v4.2.0.0
12:13:11.559 INFO  IndexFeatureFile - For support and documentation go to https://software.broadinstitute.org/gatk/
12:13:11.559 INFO  IndexFeatureFile - Executing as timothy@coral on Linux v5.4.0-72-generic amd64
12:13:11.559 INFO  IndexFeatureFile - Java runtime: OpenJDK 64-Bit Server VM v11.0.11+9-Ubuntu-0ubuntu2.20.04
12:13:11.559 INFO  IndexFeatureFile - Start Date/Time: July 11, 2021 at 12:13:11 PM EDT
12:13:11.559 INFO  IndexFeatureFile - ------------------------------------------------------------
12:13:11.559 INFO  IndexFeatureFile - ------------------------------------------------------------
12:13:11.560 INFO  IndexFeatureFile - HTSJDK Version: 2.24.0
12:13:11.560 INFO  IndexFeatureFile - Picard Version: 2.25.0
12:13:11.560 INFO  IndexFeatureFile - Built for Spark Version: 2.4.5
12:13:11.560 INFO  IndexFeatureFile - HTSJDK Defaults.COMPRESSION_LEVEL : 2
12:13:11.560 INFO  IndexFeatureFile - HTSJDK Defaults.USE_ASYNC_IO_READ_FOR_SAMTOOLS : false
12:13:11.560 INFO  IndexFeatureFile - HTSJDK Defaults.USE_ASYNC_IO_WRITE_FOR_SAMTOOLS : true
12:13:11.560 INFO  IndexFeatureFile - HTSJDK Defaults.USE_ASYNC_IO_WRITE_FOR_TRIBBLE : false
12:13:11.560 INFO  IndexFeatureFile - Deflater: IntelDeflater
12:13:11.560 INFO  IndexFeatureFile - Inflater: IntelInflater
12:13:11.560 INFO  IndexFeatureFile - GCS max retries/reopens: 20
12:13:11.560 INFO  IndexFeatureFile - Requester pays: disabled
12:13:11.560 INFO  IndexFeatureFile - Initializing engine
12:13:11.560 INFO  IndexFeatureFile - Done initializing engine
12:13:11.660 INFO  FeatureManager - Using codec VCFCodec to read file file:///scratch/timothy/projects/0022_Coral_Genotype_Analysis/03_Analysis/2021-06-21/Pocillopora_acuta_PacBio_Assembly/Genome_short_variant_analysis/filtering/GVCFall_withREF_SNPs_VarScores_filterPASSED.vcf
12:13:11.716 INFO  ProgressMeter - Starting traversal
12:13:11.717 INFO  ProgressMeter -        Current Locus  Elapsed Minutes     Records Processed   Records/Minute
12:13:21.730 INFO  ProgressMeter - Pocillopora_acuta_HIv1___Scaffold_000014F___length_2520379:271353              0.2                606000        3631642.0
12:13:31.738 INFO  ProgressMeter - Pocillopora_acuta_HIv1___Scaffold_000044F___length_1822362:537527              0.3               1297000        3887112.9
12:13:41.750 INFO  ProgressMeter - Pocillopora_acuta_HIv1___Scaffold_000077F___length_1459619:344152              0.5               1985000        3965637.8
12:13:51.754 INFO  ProgressMeter - Pocillopora_acuta_HIv1___Scaffold_000141F___length_1122045:551569              0.7               2685000        4023778.0
12:14:01.765 INFO  ProgressMeter - Pocillopora_acuta_HIv1___Scaffold_000183F___length_864840:448001              0.8               3397000        4072490.4
12:14:11.772 INFO  ProgressMeter - Pocillopora_acuta_HIv1___Scaffold_000350F___length_633154:264909              1.0               4105000        4101308.8
12:14:21.782 INFO  ProgressMeter - Pocillopora_acuta_HIv1___Scaffold_000740F___length_339597:74828              1.2               4815000        4123314.1
12:14:27.323 INFO  ProgressMeter - Pocillopora_acuta_HIv1___Scaffold_001864F___length_27309:2018              1.3               5210836        4135310.6
12:14:27.323 INFO  ProgressMeter - Traversal complete. Processed 5210836 total records in 1.3 minutes.
12:14:27.379 INFO  IndexFeatureFile - Successfully wrote index to /scratch/timothy/projects/0022_Coral_Genotype_Analysis/03_Analysis/2021-06-21/Pocillopora_acuta_PacBio_Assembly/Genome_short_variant_analysis/filtering/GVCFall_withREF_SNPs_VarScores_filterPASSED.vcf.idx
12:14:27.379 INFO  IndexFeatureFile - Shutting down engine
[July 11, 2021 at 12:14:27 PM EDT] org.broadinstitute.hellbender.tools.IndexFeatureFile done. Elapsed time: 1.27 minutes.
Runtime.totalMemory()=3749707776
Tool returned:
/scratch/timothy/projects/0022_Coral_Genotype_Analysis/03_Analysis/2021-06-21/Pocillopora_acuta_PacBio_Assembly/Genome_short_variant_analysis/filtering/GVCFall_withREF_SNPs_VarScores_filterPASSED.vcf.idx
Using GATK jar /home/timothy/programs/gatk-4.2.0.0/gatk-package-4.2.0.0-local.jar
Running:
    java -Dsamjdk.use_async_io_read_samtools=false -Dsamjdk.use_async_io_write_samtools=true -Dsamjdk.use_async_io_write_tribble=false -Dsamjdk.compression_level=2 -jar /home/timothy/programs/gatk-4.2.0.0/gatk-package-4.2.0.0-local.jar IndexFeatureFile --input GVCFall_withREF_SNPs_VarScores_filterPASSED.vcf
