14:57:01.382 INFO  NativeLibraryLoader - Loading libgkl_compression.so from jar:file:/home/timothy/programs/gatk-4.2.0.0/gatk-package-4.2.0.0-local.jar!/com/intel/gkl/native/libgkl_compression.so
Jul 11, 2021 2:57:01 PM shaded.cloud_nio.com.google.auth.oauth2.ComputeEngineCredentials runningOnComputeEngine
INFO: Failed to detect whether we are running on Google Compute Engine.
14:57:01.515 INFO  VariantFiltration - ------------------------------------------------------------
14:57:01.515 INFO  VariantFiltration - The Genome Analysis Toolkit (GATK) v4.2.0.0
14:57:01.515 INFO  VariantFiltration - For support and documentation go to https://software.broadinstitute.org/gatk/
14:57:01.515 INFO  VariantFiltration - Executing as timothy@coral on Linux v5.4.0-72-generic amd64
14:57:01.515 INFO  VariantFiltration - Java runtime: OpenJDK 64-Bit Server VM v11.0.11+9-Ubuntu-0ubuntu2.20.04
14:57:01.515 INFO  VariantFiltration - Start Date/Time: July 11, 2021 at 2:57:01 PM EDT
14:57:01.515 INFO  VariantFiltration - ------------------------------------------------------------
14:57:01.515 INFO  VariantFiltration - ------------------------------------------------------------
14:57:01.516 INFO  VariantFiltration - HTSJDK Version: 2.24.0
14:57:01.516 INFO  VariantFiltration - Picard Version: 2.25.0
14:57:01.516 INFO  VariantFiltration - Built for Spark Version: 2.4.5
14:57:01.516 INFO  VariantFiltration - HTSJDK Defaults.COMPRESSION_LEVEL : 2
14:57:01.516 INFO  VariantFiltration - HTSJDK Defaults.USE_ASYNC_IO_READ_FOR_SAMTOOLS : false
14:57:01.516 INFO  VariantFiltration - HTSJDK Defaults.USE_ASYNC_IO_WRITE_FOR_SAMTOOLS : true
14:57:01.516 INFO  VariantFiltration - HTSJDK Defaults.USE_ASYNC_IO_WRITE_FOR_TRIBBLE : false
14:57:01.516 INFO  VariantFiltration - Deflater: IntelDeflater
14:57:01.516 INFO  VariantFiltration - Inflater: IntelInflater
14:57:01.516 INFO  VariantFiltration - GCS max retries/reopens: 20
14:57:01.516 INFO  VariantFiltration - Requester pays: disabled
14:57:01.516 INFO  VariantFiltration - Initializing engine
14:57:01.634 INFO  FeatureManager - Using codec VCFCodec to read file file:///scratch/timothy/projects/0022_Coral_Genotype_Analysis/03_Analysis/2021-06-21/Pocillopora_acuta_PacBio_Assembly/Genome_short_variant_analysis/filtering/GVCFall_withREF_INDELs_VarScores_filterPASSED.vcf
14:57:01.693 INFO  VariantFiltration - Done initializing engine
14:57:01.740 INFO  ProgressMeter - Starting traversal
14:57:01.741 INFO  ProgressMeter -        Current Locus  Elapsed Minutes    Variants Processed  Variants/Minute
14:57:11.853 INFO  ProgressMeter - Pocillopora_acuta_HIv1___Scaffold_000004F___length_2973859:2252331              0.2                 47000         278876.6
14:57:21.994 INFO  ProgressMeter - Pocillopora_acuta_HIv1___Scaffold_000022F___length_2234617:155451              0.3                102000         302177.5
14:57:32.057 INFO  ProgressMeter - Pocillopora_acuta_HIv1___Scaffold_000040F___length_1870022:997061              0.5                160000         316664.5
14:57:42.145 INFO  ProgressMeter - Pocillopora_acuta_HIv1___Scaffold_000061F___length_1614046:997121              0.7                214000         317790.3
14:57:52.220 INFO  ProgressMeter - Pocillopora_acuta_HIv1___Scaffold_000089F___length_1432987:644274              0.8                271000         322120.5
14:58:02.335 INFO  ProgressMeter - Pocillopora_acuta_HIv1___Scaffold_000119F___length_1183488:448797              1.0                329000         325774.8
14:58:12.451 INFO  ProgressMeter - Pocillopora_acuta_HIv1___Scaffold_000180F___length_1003918:391251              1.2                387000         328383.5
14:58:22.607 INFO  ProgressMeter - Pocillopora_acuta_HIv1___Scaffold_000234F___length_860223:354339              1.3                446000         330917.8
14:58:32.731 INFO  ProgressMeter - Pocillopora_acuta_HIv1___Scaffold_000295F___length_715647:534255              1.5                504000         332344.2
14:58:42.876 INFO  ProgressMeter - Pocillopora_acuta_HIv1___Scaffold_000372F___length_559298:423885              1.7                561000         332822.5
14:58:52.958 INFO  ProgressMeter - Pocillopora_acuta_HIv1___Scaffold_000744F___length_339335:296331              1.9                619000         333941.8
14:59:01.415 INFO  ProgressMeter - Pocillopora_acuta_HIv1___Scaffold_001692F___length_62102:16392              2.0                668707         335264.3
14:59:01.415 INFO  ProgressMeter - Traversal complete. Processed 668707 total variants in 2.0 minutes.
14:59:01.466 INFO  VariantFiltration - Shutting down engine
[July 11, 2021 at 2:59:01 PM EDT] org.broadinstitute.hellbender.tools.walkers.filters.VariantFiltration done. Elapsed time: 2.00 minutes.
Runtime.totalMemory()=3598712832
Using GATK jar /home/timothy/programs/gatk-4.2.0.0/gatk-package-4.2.0.0-local.jar
Running:
    java -Dsamjdk.use_async_io_read_samtools=false -Dsamjdk.use_async_io_write_samtools=true -Dsamjdk.use_async_io_write_tribble=false -Dsamjdk.compression_level=2 -jar /home/timothy/programs/gatk-4.2.0.0/gatk-package-4.2.0.0-local.jar VariantFiltration --reference Pocillopora_acuta_HIv1.assembly.purged.fasta --variant GVCFall_withREF_INDELs_VarScores_filterPASSED.vcf --output GVCFall_withREF_INDELs_VarScores_filterPASSED_DPfilter.vcf --genotype-filter-name DP_filter --genotype-filter-expression DP < 20.000
