Using GATK jar /home/timothy/programs/gatk-4.2.0.0/gatk-package-4.2.0.0-local.jar
Running:
    java -Dsamjdk.use_async_io_read_samtools=false -Dsamjdk.use_async_io_write_samtools=true -Dsamjdk.use_async_io_write_tribble=false -Dsamjdk.compression_level=2 -jar /home/timothy/programs/gatk-4.2.0.0/gatk-package-4.2.0.0-local.jar SelectVariants --variant GVCFall_SNPs_VarScores_filterPASSED_DPfilterNoCall.vcf --output SNPs_filtered.overlap_exons.vcf --intervals exons.interval_list
15:57:42.384 INFO  NativeLibraryLoader - Loading libgkl_compression.so from jar:file:/home/timothy/programs/gatk-4.2.0.0/gatk-package-4.2.0.0-local.jar!/com/intel/gkl/native/libgkl_compression.so
Jun 13, 2021 3:57:42 PM shaded.cloud_nio.com.google.auth.oauth2.ComputeEngineCredentials runningOnComputeEngine
INFO: Failed to detect whether we are running on Google Compute Engine.
15:57:42.531 INFO  SelectVariants - ------------------------------------------------------------
15:57:42.531 INFO  SelectVariants - The Genome Analysis Toolkit (GATK) v4.2.0.0
15:57:42.531 INFO  SelectVariants - For support and documentation go to https://software.broadinstitute.org/gatk/
15:57:42.531 INFO  SelectVariants - Executing as timothy@coral on Linux v5.4.0-72-generic amd64
15:57:42.531 INFO  SelectVariants - Java runtime: OpenJDK 64-Bit Server VM v11.0.11+9-Ubuntu-0ubuntu2.20.04
15:57:42.531 INFO  SelectVariants - Start Date/Time: June 13, 2021 at 3:57:42 PM EDT
15:57:42.531 INFO  SelectVariants - ------------------------------------------------------------
15:57:42.531 INFO  SelectVariants - ------------------------------------------------------------
15:57:42.532 INFO  SelectVariants - HTSJDK Version: 2.24.0
15:57:42.532 INFO  SelectVariants - Picard Version: 2.25.0
15:57:42.532 INFO  SelectVariants - Built for Spark Version: 2.4.5
15:57:42.532 INFO  SelectVariants - HTSJDK Defaults.COMPRESSION_LEVEL : 2
15:57:42.532 INFO  SelectVariants - HTSJDK Defaults.USE_ASYNC_IO_READ_FOR_SAMTOOLS : false
15:57:42.532 INFO  SelectVariants - HTSJDK Defaults.USE_ASYNC_IO_WRITE_FOR_SAMTOOLS : true
15:57:42.532 INFO  SelectVariants - HTSJDK Defaults.USE_ASYNC_IO_WRITE_FOR_TRIBBLE : false
15:57:42.533 INFO  SelectVariants - Deflater: IntelDeflater
15:57:42.533 INFO  SelectVariants - Inflater: IntelInflater
15:57:42.533 INFO  SelectVariants - GCS max retries/reopens: 20
15:57:42.533 INFO  SelectVariants - Requester pays: disabled
15:57:42.533 INFO  SelectVariants - Initializing engine
15:57:42.603 INFO  FeatureManager - Using codec VCFCodec to read file file:///scratch/timothy/projects/0020_Pocillopora_acuta_PacBio_Assembly/03_Analysis/2021_05_26/RNAseq_short_variant_analysis/phylogeny/GVCFall_SNPs_VarScores_filterPASSED_DPfilterNoCall.vcf
15:57:42.740 INFO  FeatureManager - Using codec IntervalListCodec to read file file:///scratch/timothy/projects/0020_Pocillopora_acuta_PacBio_Assembly/03_Analysis/2021_05_26/RNAseq_short_variant_analysis/phylogeny/exons.interval_list
15:57:43.974 INFO  IntervalArgumentCollection - Processing 47209319 bp from intervals
15:57:44.033 INFO  SelectVariants - Done initializing engine
15:57:44.072 INFO  ProgressMeter - Starting traversal
15:57:44.072 INFO  ProgressMeter -        Current Locus  Elapsed Minutes    Variants Processed  Variants/Minute
15:57:54.129 INFO  ProgressMeter - Pocillopora_acuta_HIv1___Scaffold_000020F___length_2467453:1181746              0.2                 43000         256563.2
15:58:04.286 INFO  ProgressMeter - Pocillopora_acuta_HIv1___Scaffold_000055F___length_1685811:564741              0.3                101000         299792.2
15:58:14.310 INFO  ProgressMeter - Pocillopora_acuta_HIv1___Scaffold_000096F___length_1327327:385011              0.5                160000         317481.3
15:58:24.462 INFO  ProgressMeter - Pocillopora_acuta_HIv1___Scaffold_000185F___length_983508:883003              0.7                216000         320871.5
15:58:34.463 INFO  ProgressMeter - Pocillopora_acuta_HIv1___Scaffold_000295F___length_715647:36330              0.8                275000         327439.4
15:58:44.621 INFO  ProgressMeter - Pocillopora_acuta_HIv1___Scaffold_000704F___length_358106:197362              1.0                333000         329980.7
15:58:50.181 INFO  ProgressMeter - Pocillopora_acuta_HIv1___Scaffold_001878F___length_25435:9347              1.1                367017         333101.7
15:58:50.182 INFO  ProgressMeter - Traversal complete. Processed 367017 total variants in 1.1 minutes.
15:58:50.235 INFO  SelectVariants - Shutting down engine
[June 13, 2021 at 3:58:50 PM EDT] org.broadinstitute.hellbender.tools.walkers.variantutils.SelectVariants done. Elapsed time: 1.13 minutes.
Runtime.totalMemory()=4857004032
