[1] "Found AD info files:"
  [1] ../Genome_short_variant_analysis/filtering/GVCFall_withREF_SNPs.AD_Analysis/GVCFall_withREF_SNPs_DPfilterNoCall.AD.sumSDdenominator/P2185.GT.AD.sumSDdenominator.txt                                                                                                       
  [2] ../RNAseq_short_variant_analysis/outgroup/P_damicornis_Linnaeus_1758_Indonesia_isolate/variant_analysis_SeparateLibraries/filtering/GVCFall_withOutGroup_SNPs.AD_Analysis/GVCFall_withOutGroup_SNPs_DPfilterNoCall.AD.sumSDdenominator/SRR414924.GT.AD.sumSDdenominator.txt
  [3] ../RNAseq_short_variant_analysis/outgroup/P_damicornis_Linnaeus_1758_Indonesia_isolate/variant_analysis_SeparateLibraries/filtering/GVCFall_withOutGroup_SNPs.AD_Analysis/GVCFall_withOutGroup_SNPs_DPfilterNoCall.AD.sumSDdenominator/SRR414925.GT.AD.sumSDdenominator.txt
  [4] ../RNAseq_short_variant_analysis/outgroup/P_damicornis_Linnaeus_1758_Indonesia_isolate/variant_analysis_SeparateLibraries/filtering/GVCFall_withOutGroup_SNPs.AD_Analysis/GVCFall_withOutGroup_SNPs_DPfilterNoCall.AD.sumSDdenominator/SRR988551.GT.AD.sumSDdenominator.txt
  [5] ../RNAseq_short_variant_analysis/outgroup/P_damicornis_Linnaeus_1758_Indonesia_isolate/variant_analysis_SeparateLibraries/filtering/GVCFall_withOutGroup_SNPs.AD_Analysis/GVCFall_withOutGroup_SNPs_DPfilterNoCall.AD.sumSDdenominator/SRR988670.GT.AD.sumSDdenominator.txt
  [6] ../RNAseq_short_variant_analysis/outgroup/P_damicornis_Linnaeus_1758_Indonesia_isolate/variant_analysis_SeparateLibraries/filtering/GVCFall_withOutGroup_SNPs.AD_Analysis/GVCFall_withOutGroup_SNPs_DPfilterNoCall.AD.sumSDdenominator/SRR988671.GT.AD.sumSDdenominator.txt
  [7] ../RNAseq_short_variant_analysis/outgroup/P_damicornis_Linnaeus_1758_Indonesia_isolate/variant_analysis_SeparateLibraries/filtering/GVCFall_withOutGroup_SNPs.AD_Analysis/GVCFall_withOutGroup_SNPs_DPfilterNoCall.AD.sumSDdenominator/SRR988672.GT.AD.sumSDdenominator.txt
  [8] ../Genome_short_variant_analysis/filtering/GVCFall_withREF_SNPs.AD_Analysis/GVCFall_withREF_SNPs_DPfilterNoCall.AD.sumSDdenominator/Pacuta_ATAC_TP1_1775.GT.AD.sumSDdenominator.txt                                                                                        
  [9] ../Genome_short_variant_analysis/filtering/GVCFall_withREF_SNPs.AD_Analysis/GVCFall_withREF_SNPs_DPfilterNoCall.AD.sumSDdenominator/Pacuta_ATAC_TP5_1059.GT.AD.sumSDdenominator.txt                                                                                        
 [10] ../Genome_short_variant_analysis/filtering/GVCFall_withREF_SNPs.AD_Analysis/GVCFall_withREF_SNPs_DPfilterNoCall.AD.sumSDdenominator/Pacuta_ATAC_TP6_1050.GT.AD.sumSDdenominator.txt                                                                                        
 [11] ../Genome_short_variant_analysis/filtering/GVCFall_withREF_SNPs.AD_Analysis/GVCFall_withREF_SNPs_DPfilterNoCall.AD.sumSDdenominator/Pacuta_ATAC_TP6_1468.GT.AD.sumSDdenominator.txt                                                                                        
 [12] ../Genome_short_variant_analysis/filtering/GVCFall_withREF_SNPs.AD_Analysis/GVCFall_withREF_SNPs_DPfilterNoCall.AD.sumSDdenominator/Pacuta_ATAC_TP7_1047.GT.AD.sumSDdenominator.txt                                                                                        
 [13] ../Genome_short_variant_analysis/filtering/GVCFall_withREF_SNPs.AD_Analysis/GVCFall_withREF_SNPs_DPfilterNoCall.AD.sumSDdenominator/Pacuta_ATAC_TP7_1445.GT.AD.sumSDdenominator.txt                                                                                        
 [14] ../Genome_short_variant_analysis/filtering/GVCFall_withREF_SNPs.AD_Analysis/GVCFall_withREF_SNPs_DPfilterNoCall.AD.sumSDdenominator/Pacuta_ATAC_TP8_1755.GT.AD.sumSDdenominator.txt                                                                                        
 [15] ../Genome_short_variant_analysis/filtering/GVCFall_withREF_SNPs.AD_Analysis/GVCFall_withREF_SNPs_DPfilterNoCall.AD.sumSDdenominator/Pacuta_ATAC_TP9_1141.GT.AD.sumSDdenominator.txt                                                                                        
 [16] ../Genome_short_variant_analysis/filtering/GVCFall_withREF_SNPs.AD_Analysis/GVCFall_withREF_SNPs_DPfilterNoCall.AD.sumSDdenominator/Pacuta_ATAC_TP10_1159.GT.AD.sumSDdenominator.txt                                                                                       
 [17] ../Genome_short_variant_analysis/filtering/GVCFall_withREF_SNPs.AD_Analysis/GVCFall_withREF_SNPs_DPfilterNoCall.AD.sumSDdenominator/Pacuta_ATHC_TP1_1207.GT.AD.sumSDdenominator.txt                                                                                        
 [18] ../Genome_short_variant_analysis/filtering/GVCFall_withREF_SNPs.AD_Analysis/GVCFall_withREF_SNPs_DPfilterNoCall.AD.sumSDdenominator/Pacuta_ATHC_TP1_2977.GT.AD.sumSDdenominator.txt                                                                                        
 [19] ../Genome_short_variant_analysis/filtering/GVCFall_withREF_SNPs.AD_Analysis/GVCFall_withREF_SNPs_DPfilterNoCall.AD.sumSDdenominator/Pacuta_ATHC_TP3_1219.GT.AD.sumSDdenominator.txt                                                                                        
 [20] ../Genome_short_variant_analysis/filtering/GVCFall_withREF_SNPs.AD_Analysis/GVCFall_withREF_SNPs_DPfilterNoCall.AD.sumSDdenominator/Pacuta_ATHC_TP4_2993.GT.AD.sumSDdenominator.txt                                                                                        
 [21] ../Genome_short_variant_analysis/filtering/GVCFall_withREF_SNPs.AD_Analysis/GVCFall_withREF_SNPs_DPfilterNoCall.AD.sumSDdenominator/Pacuta_ATHC_TP5_1296.GT.AD.sumSDdenominator.txt                                                                                        
 [22] ../Genome_short_variant_analysis/filtering/GVCFall_withREF_SNPs.AD_Analysis/GVCFall_withREF_SNPs_DPfilterNoCall.AD.sumSDdenominator/Pacuta_ATHC_TP5_2212.GT.AD.sumSDdenominator.txt                                                                                        
 [23] ../Genome_short_variant_analysis/filtering/GVCFall_withREF_SNPs.AD_Analysis/GVCFall_withREF_SNPs_DPfilterNoCall.AD.sumSDdenominator/Pacuta_ATHC_TP6_2999.GT.AD.sumSDdenominator.txt                                                                                        
 [24] ../Genome_short_variant_analysis/filtering/GVCFall_withREF_SNPs.AD_Analysis/GVCFall_withREF_SNPs_DPfilterNoCall.AD.sumSDdenominator/Pacuta_ATHC_TP7_1281.GT.AD.sumSDdenominator.txt                                                                                        
 [25] ../Genome_short_variant_analysis/filtering/GVCFall_withREF_SNPs.AD_Analysis/GVCFall_withREF_SNPs_DPfilterNoCall.AD.sumSDdenominator/Pacuta_ATHC_TP8_2861.GT.AD.sumSDdenominator.txt                                                                                        
 [26] ../Genome_short_variant_analysis/filtering/GVCFall_withREF_SNPs.AD_Analysis/GVCFall_withREF_SNPs_DPfilterNoCall.AD.sumSDdenominator/Pacuta_ATHC_TP9_2979.GT.AD.sumSDdenominator.txt                                                                                        
 [27] ../Genome_short_variant_analysis/filtering/GVCFall_withREF_SNPs.AD_Analysis/GVCFall_withREF_SNPs_DPfilterNoCall.AD.sumSDdenominator/Pacuta_ATHC_TP10_1205.GT.AD.sumSDdenominator.txt                                                                                       
 [28] ../Genome_short_variant_analysis/filtering/GVCFall_withREF_SNPs.AD_Analysis/GVCFall_withREF_SNPs_DPfilterNoCall.AD.sumSDdenominator/Pacuta_ATHC_TP10_2197.GT.AD.sumSDdenominator.txt                                                                                       
 [29] ../Genome_short_variant_analysis/filtering/GVCFall_withREF_SNPs.AD_Analysis/GVCFall_withREF_SNPs_DPfilterNoCall.AD.sumSDdenominator/Pacuta_ATHC_TP10_2550.GT.AD.sumSDdenominator.txt                                                                                       
 [30] ../Genome_short_variant_analysis/filtering/GVCFall_withREF_SNPs.AD_Analysis/GVCFall_withREF_SNPs_DPfilterNoCall.AD.sumSDdenominator/Pacuta_ATHC_TP11_2668.GT.AD.sumSDdenominator.txt                                                                                       
 [31] ../Genome_short_variant_analysis/filtering/GVCFall_withREF_SNPs.AD_Analysis/GVCFall_withREF_SNPs_DPfilterNoCall.AD.sumSDdenominator/Pacuta_ATHC_TP11_2879.GT.AD.sumSDdenominator.txt                                                                                       
 [32] ../Genome_short_variant_analysis/filtering/GVCFall_withREF_SNPs.AD_Analysis/GVCFall_withREF_SNPs_DPfilterNoCall.AD.sumSDdenominator/Pacuta_HTAC_TP1_1653.GT.AD.sumSDdenominator.txt                                                                                        
 [33] ../Genome_short_variant_analysis/filtering/GVCFall_withREF_SNPs.AD_Analysis/GVCFall_withREF_SNPs_DPfilterNoCall.AD.sumSDdenominator/Pacuta_HTAC_TP3_2026.GT.AD.sumSDdenominator.txt                                                                                        
 [34] ../Genome_short_variant_analysis/filtering/GVCFall_withREF_SNPs.AD_Analysis/GVCFall_withREF_SNPs_DPfilterNoCall.AD.sumSDdenominator/Pacuta_HTAC_TP5_1303.GT.AD.sumSDdenominator.txt                                                                                        
 [35] ../Genome_short_variant_analysis/filtering/GVCFall_withREF_SNPs.AD_Analysis/GVCFall_withREF_SNPs_DPfilterNoCall.AD.sumSDdenominator/Pacuta_HTAC_TP5_1571.GT.AD.sumSDdenominator.txt                                                                                        
 [36] ../Genome_short_variant_analysis/filtering/GVCFall_withREF_SNPs.AD_Analysis/GVCFall_withREF_SNPs_DPfilterNoCall.AD.sumSDdenominator/Pacuta_HTAC_TP6_1330.GT.AD.sumSDdenominator.txt                                                                                        
 [37] ../Genome_short_variant_analysis/filtering/GVCFall_withREF_SNPs.AD_Analysis/GVCFall_withREF_SNPs_DPfilterNoCall.AD.sumSDdenominator/Pacuta_HTAC_TP6_1744.GT.AD.sumSDdenominator.txt                                                                                        
 [38] ../Genome_short_variant_analysis/filtering/GVCFall_withREF_SNPs.AD_Analysis/GVCFall_withREF_SNPs_DPfilterNoCall.AD.sumSDdenominator/Pacuta_HTAC_TP7_1487.GT.AD.sumSDdenominator.txt                                                                                        
 [39] ../Genome_short_variant_analysis/filtering/GVCFall_withREF_SNPs.AD_Analysis/GVCFall_withREF_SNPs_DPfilterNoCall.AD.sumSDdenominator/Pacuta_HTAC_TP8_1329.GT.AD.sumSDdenominator.txt                                                                                        
 [40] ../Genome_short_variant_analysis/filtering/GVCFall_withREF_SNPs.AD_Analysis/GVCFall_withREF_SNPs_DPfilterNoCall.AD.sumSDdenominator/Pacuta_HTAC_TP9_1302.GT.AD.sumSDdenominator.txt                                                                                        
 [41] ../Genome_short_variant_analysis/filtering/GVCFall_withREF_SNPs.AD_Analysis/GVCFall_withREF_SNPs_DPfilterNoCall.AD.sumSDdenominator/Pacuta_HTAC_TP9_1486.GT.AD.sumSDdenominator.txt                                                                                        
 [42] ../Genome_short_variant_analysis/filtering/GVCFall_withREF_SNPs.AD_Analysis/GVCFall_withREF_SNPs_DPfilterNoCall.AD.sumSDdenominator/Pacuta_HTAC_TP10_1225.GT.AD.sumSDdenominator.txt                                                                                       
 [43] ../Genome_short_variant_analysis/filtering/GVCFall_withREF_SNPs.AD_Analysis/GVCFall_withREF_SNPs_DPfilterNoCall.AD.sumSDdenominator/Pacuta_HTHC_TP1_1676.GT.AD.sumSDdenominator.txt                                                                                        
 [44] ../Genome_short_variant_analysis/filtering/GVCFall_withREF_SNPs.AD_Analysis/GVCFall_withREF_SNPs_DPfilterNoCall.AD.sumSDdenominator/Pacuta_HTHC_TP1_2210.GT.AD.sumSDdenominator.txt                                                                                        
 [45] ../Genome_short_variant_analysis/filtering/GVCFall_withREF_SNPs.AD_Analysis/GVCFall_withREF_SNPs_DPfilterNoCall.AD.sumSDdenominator/Pacuta_HTHC_TP3_1418.GT.AD.sumSDdenominator.txt                                                                                        
 [46] ../Genome_short_variant_analysis/filtering/GVCFall_withREF_SNPs.AD_Analysis/GVCFall_withREF_SNPs_DPfilterNoCall.AD.sumSDdenominator/Pacuta_HTHC_TP3_2527.GT.AD.sumSDdenominator.txt                                                                                        
 [47] ../Genome_short_variant_analysis/filtering/GVCFall_withREF_SNPs.AD_Analysis/GVCFall_withREF_SNPs_DPfilterNoCall.AD.sumSDdenominator/Pacuta_HTHC_TP4_1169.GT.AD.sumSDdenominator.txt                                                                                        
 [48] ../Genome_short_variant_analysis/filtering/GVCFall_withREF_SNPs.AD_Analysis/GVCFall_withREF_SNPs_DPfilterNoCall.AD.sumSDdenominator/Pacuta_HTHC_TP5_1168.GT.AD.sumSDdenominator.txt                                                                                        
 [49] ../Genome_short_variant_analysis/filtering/GVCFall_withREF_SNPs.AD_Analysis/GVCFall_withREF_SNPs_DPfilterNoCall.AD.sumSDdenominator/Pacuta_HTHC_TP5_1415.GT.AD.sumSDdenominator.txt                                                                                        
 [50] ../Genome_short_variant_analysis/filtering/GVCFall_withREF_SNPs.AD_Analysis/GVCFall_withREF_SNPs_DPfilterNoCall.AD.sumSDdenominator/Pacuta_HTHC_TP6_1721.GT.AD.sumSDdenominator.txt                                                                                        
 [51] ../Genome_short_variant_analysis/filtering/GVCFall_withREF_SNPs.AD_Analysis/GVCFall_withREF_SNPs_DPfilterNoCall.AD.sumSDdenominator/Pacuta_HTHC_TP11_1416.GT.AD.sumSDdenominator.txt                                                                                       
 [52] ../Genome_short_variant_analysis/filtering/GVCFall_withREF_SNPs.AD_Analysis/GVCFall_withREF_SNPs_DPfilterNoCall.AD.sumSDdenominator/Pacuta_ATAC_TP1_1043.GT.AD.sumSDdenominator.txt                                                                                        
 [53] ../Genome_short_variant_analysis/filtering/GVCFall_withREF_SNPs.AD_Analysis/GVCFall_withREF_SNPs_DPfilterNoCall.AD.sumSDdenominator/Pacuta_ATAC_TP1_2363.GT.AD.sumSDdenominator.txt                                                                                        
 [54] ../Genome_short_variant_analysis/filtering/GVCFall_withREF_SNPs.AD_Analysis/GVCFall_withREF_SNPs_DPfilterNoCall.AD.sumSDdenominator/Pacuta_ATAC_TP3_1041.GT.AD.sumSDdenominator.txt                                                                                        
 [55] ../Genome_short_variant_analysis/filtering/GVCFall_withREF_SNPs.AD_Analysis/GVCFall_withREF_SNPs_DPfilterNoCall.AD.sumSDdenominator/Pacuta_ATAC_TP3_1471.GT.AD.sumSDdenominator.txt                                                                                        
 [56] ../Genome_short_variant_analysis/filtering/GVCFall_withREF_SNPs.AD_Analysis/GVCFall_withREF_SNPs_DPfilterNoCall.AD.sumSDdenominator/Pacuta_ATAC_TP3_1637.GT.AD.sumSDdenominator.txt                                                                                        
 [57] ../Genome_short_variant_analysis/filtering/GVCFall_withREF_SNPs.AD_Analysis/GVCFall_withREF_SNPs_DPfilterNoCall.AD.sumSDdenominator/Pacuta_ATAC_TP4_1060.GT.AD.sumSDdenominator.txt                                                                                        
 [58] ../Genome_short_variant_analysis/filtering/GVCFall_withREF_SNPs.AD_Analysis/GVCFall_withREF_SNPs_DPfilterNoCall.AD.sumSDdenominator/Pacuta_ATAC_TP4_1762.GT.AD.sumSDdenominator.txt                                                                                        
 [59] ../Genome_short_variant_analysis/filtering/GVCFall_withREF_SNPs.AD_Analysis/GVCFall_withREF_SNPs_DPfilterNoCall.AD.sumSDdenominator/Pacuta_ATAC_TP4_2002.GT.AD.sumSDdenominator.txt                                                                                        
 [60] ../Genome_short_variant_analysis/filtering/GVCFall_withREF_SNPs.AD_Analysis/GVCFall_withREF_SNPs_DPfilterNoCall.AD.sumSDdenominator/Pacuta_ATAC_TP5_1563.GT.AD.sumSDdenominator.txt                                                                                        
 [61] ../Genome_short_variant_analysis/filtering/GVCFall_withREF_SNPs.AD_Analysis/GVCFall_withREF_SNPs_DPfilterNoCall.AD.sumSDdenominator/Pacuta_ATAC_TP5_1757.GT.AD.sumSDdenominator.txt                                                                                        
 [62] ../Genome_short_variant_analysis/filtering/GVCFall_withREF_SNPs.AD_Analysis/GVCFall_withREF_SNPs_DPfilterNoCall.AD.sumSDdenominator/Pacuta_ATAC_TP6_1542.GT.AD.sumSDdenominator.txt                                                                                        
 [63] ../Genome_short_variant_analysis/filtering/GVCFall_withREF_SNPs.AD_Analysis/GVCFall_withREF_SNPs_DPfilterNoCall.AD.sumSDdenominator/Pacuta_ATAC_TP7_2413.GT.AD.sumSDdenominator.txt                                                                                        
 [64] ../Genome_short_variant_analysis/filtering/GVCFall_withREF_SNPs.AD_Analysis/GVCFall_withREF_SNPs_DPfilterNoCall.AD.sumSDdenominator/Pacuta_ATAC_TP8_1051.GT.AD.sumSDdenominator.txt                                                                                        
 [65] ../Genome_short_variant_analysis/filtering/GVCFall_withREF_SNPs.AD_Analysis/GVCFall_withREF_SNPs_DPfilterNoCall.AD.sumSDdenominator/Pacuta_ATAC_TP8_2012.GT.AD.sumSDdenominator.txt                                                                                        
 [66] ../Genome_short_variant_analysis/filtering/GVCFall_withREF_SNPs.AD_Analysis/GVCFall_withREF_SNPs_DPfilterNoCall.AD.sumSDdenominator/Pacuta_ATAC_TP9_1594.GT.AD.sumSDdenominator.txt                                                                                        
 [67] ../Genome_short_variant_analysis/filtering/GVCFall_withREF_SNPs.AD_Analysis/GVCFall_withREF_SNPs_DPfilterNoCall.AD.sumSDdenominator/Pacuta_ATAC_TP9_2357.GT.AD.sumSDdenominator.txt                                                                                        
 [68] ../Genome_short_variant_analysis/filtering/GVCFall_withREF_SNPs.AD_Analysis/GVCFall_withREF_SNPs_DPfilterNoCall.AD.sumSDdenominator/Pacuta_ATAC_TP10_1559.GT.AD.sumSDdenominator.txt                                                                                       
 [69] ../Genome_short_variant_analysis/filtering/GVCFall_withREF_SNPs.AD_Analysis/GVCFall_withREF_SNPs_DPfilterNoCall.AD.sumSDdenominator/Pacuta_ATAC_TP10_1641.GT.AD.sumSDdenominator.txt                                                                                       
 [70] ../Genome_short_variant_analysis/filtering/GVCFall_withREF_SNPs.AD_Analysis/GVCFall_withREF_SNPs_DPfilterNoCall.AD.sumSDdenominator/Pacuta_ATAC_TP11_1103.GT.AD.sumSDdenominator.txt                                                                                       
 [71] ../Genome_short_variant_analysis/filtering/GVCFall_withREF_SNPs.AD_Analysis/GVCFall_withREF_SNPs_DPfilterNoCall.AD.sumSDdenominator/Pacuta_ATAC_TP11_1777.GT.AD.sumSDdenominator.txt                                                                                       
 [72] ../Genome_short_variant_analysis/filtering/GVCFall_withREF_SNPs.AD_Analysis/GVCFall_withREF_SNPs_DPfilterNoCall.AD.sumSDdenominator/Pacuta_ATAC_TP11_2306.GT.AD.sumSDdenominator.txt                                                                                       
 [73] ../Genome_short_variant_analysis/filtering/GVCFall_withREF_SNPs.AD_Analysis/GVCFall_withREF_SNPs_DPfilterNoCall.AD.sumSDdenominator/Pacuta_ATHC_TP1_2743.GT.AD.sumSDdenominator.txt                                                                                        
 [74] ../Genome_short_variant_analysis/filtering/GVCFall_withREF_SNPs.AD_Analysis/GVCFall_withREF_SNPs_DPfilterNoCall.AD.sumSDdenominator/Pacuta_ATHC_TP3_2534.GT.AD.sumSDdenominator.txt                                                                                        
 [75] ../Genome_short_variant_analysis/filtering/GVCFall_withREF_SNPs.AD_Analysis/GVCFall_withREF_SNPs_DPfilterNoCall.AD.sumSDdenominator/Pacuta_ATHC_TP3_2750.GT.AD.sumSDdenominator.txt                                                                                        
 [76] ../Genome_short_variant_analysis/filtering/GVCFall_withREF_SNPs.AD_Analysis/GVCFall_withREF_SNPs_DPfilterNoCall.AD.sumSDdenominator/Pacuta_ATHC_TP4_1220.GT.AD.sumSDdenominator.txt                                                                                        
 [77] ../Genome_short_variant_analysis/filtering/GVCFall_withREF_SNPs.AD_Analysis/GVCFall_withREF_SNPs_DPfilterNoCall.AD.sumSDdenominator/Pacuta_ATHC_TP4_2733.GT.AD.sumSDdenominator.txt                                                                                        
 [78] ../Genome_short_variant_analysis/filtering/GVCFall_withREF_SNPs.AD_Analysis/GVCFall_withREF_SNPs_DPfilterNoCall.AD.sumSDdenominator/Pacuta_ATHC_TP5_2877.GT.AD.sumSDdenominator.txt                                                                                        
 [79] ../Genome_short_variant_analysis/filtering/GVCFall_withREF_SNPs.AD_Analysis/GVCFall_withREF_SNPs_DPfilterNoCall.AD.sumSDdenominator/Pacuta_ATHC_TP6_1254.GT.AD.sumSDdenominator.txt                                                                                        
 [80] ../Genome_short_variant_analysis/filtering/GVCFall_withREF_SNPs.AD_Analysis/GVCFall_withREF_SNPs_DPfilterNoCall.AD.sumSDdenominator/Pacuta_ATHC_TP6_2870.GT.AD.sumSDdenominator.txt                                                                                        
 [81] ../Genome_short_variant_analysis/filtering/GVCFall_withREF_SNPs.AD_Analysis/GVCFall_withREF_SNPs_DPfilterNoCall.AD.sumSDdenominator/Pacuta_ATHC_TP7_2409.GT.AD.sumSDdenominator.txt                                                                                        
 [82] ../Genome_short_variant_analysis/filtering/GVCFall_withREF_SNPs.AD_Analysis/GVCFall_withREF_SNPs_DPfilterNoCall.AD.sumSDdenominator/Pacuta_ATHC_TP7_2878.GT.AD.sumSDdenominator.txt                                                                                        
 [83] ../Genome_short_variant_analysis/filtering/GVCFall_withREF_SNPs.AD_Analysis/GVCFall_withREF_SNPs_DPfilterNoCall.AD.sumSDdenominator/Pacuta_ATHC_TP8_1459.GT.AD.sumSDdenominator.txt                                                                                        
 [84] ../Genome_short_variant_analysis/filtering/GVCFall_withREF_SNPs.AD_Analysis/GVCFall_withREF_SNPs_DPfilterNoCall.AD.sumSDdenominator/Pacuta_ATHC_TP8_2564.GT.AD.sumSDdenominator.txt                                                                                        
 [85] ../Genome_short_variant_analysis/filtering/GVCFall_withREF_SNPs.AD_Analysis/GVCFall_withREF_SNPs_DPfilterNoCall.AD.sumSDdenominator/Pacuta_ATHC_TP9_1451.GT.AD.sumSDdenominator.txt                                                                                        
 [86] ../Genome_short_variant_analysis/filtering/GVCFall_withREF_SNPs.AD_Analysis/GVCFall_withREF_SNPs_DPfilterNoCall.AD.sumSDdenominator/Pacuta_ATHC_TP9_2873.GT.AD.sumSDdenominator.txt                                                                                        
 [87] ../Genome_short_variant_analysis/filtering/GVCFall_withREF_SNPs.AD_Analysis/GVCFall_withREF_SNPs_DPfilterNoCall.AD.sumSDdenominator/Pacuta_ATHC_TP11_1147.GT.AD.sumSDdenominator.txt                                                                                       
 [88] ../Genome_short_variant_analysis/filtering/GVCFall_withREF_SNPs.AD_Analysis/GVCFall_withREF_SNPs_DPfilterNoCall.AD.sumSDdenominator/Pacuta_HTAC_TP1_2005.GT.AD.sumSDdenominator.txt                                                                                        
 [89] ../Genome_short_variant_analysis/filtering/GVCFall_withREF_SNPs.AD_Analysis/GVCFall_withREF_SNPs_DPfilterNoCall.AD.sumSDdenominator/Pacuta_HTAC_TP1_2414.GT.AD.sumSDdenominator.txt                                                                                        
 [90] ../Genome_short_variant_analysis/filtering/GVCFall_withREF_SNPs.AD_Analysis/GVCFall_withREF_SNPs_DPfilterNoCall.AD.sumSDdenominator/Pacuta_HTAC_TP3_1617.GT.AD.sumSDdenominator.txt                                                                                        
 [91] ../Genome_short_variant_analysis/filtering/GVCFall_withREF_SNPs.AD_Analysis/GVCFall_withREF_SNPs_DPfilterNoCall.AD.sumSDdenominator/Pacuta_HTAC_TP3_1642.GT.AD.sumSDdenominator.txt                                                                                        
 [92] ../Genome_short_variant_analysis/filtering/GVCFall_withREF_SNPs.AD_Analysis/GVCFall_withREF_SNPs_DPfilterNoCall.AD.sumSDdenominator/Pacuta_HTAC_TP4_1581.GT.AD.sumSDdenominator.txt                                                                                        
 [93] ../Genome_short_variant_analysis/filtering/GVCFall_withREF_SNPs.AD_Analysis/GVCFall_withREF_SNPs_DPfilterNoCall.AD.sumSDdenominator/Pacuta_HTAC_TP4_1701.GT.AD.sumSDdenominator.txt                                                                                        
 [94] ../Genome_short_variant_analysis/filtering/GVCFall_withREF_SNPs.AD_Analysis/GVCFall_withREF_SNPs_DPfilterNoCall.AD.sumSDdenominator/Pacuta_HTAC_TP4_1767.GT.AD.sumSDdenominator.txt                                                                                        
 [95] ../Genome_short_variant_analysis/filtering/GVCFall_withREF_SNPs.AD_Analysis/GVCFall_withREF_SNPs_DPfilterNoCall.AD.sumSDdenominator/Pacuta_HTAC_TP5_1707.GT.AD.sumSDdenominator.txt                                                                                        
 [96] ../Genome_short_variant_analysis/filtering/GVCFall_withREF_SNPs.AD_Analysis/GVCFall_withREF_SNPs_DPfilterNoCall.AD.sumSDdenominator/Pacuta_HTAC_TP6_1466.GT.AD.sumSDdenominator.txt                                                                                        
 [97] ../Genome_short_variant_analysis/filtering/GVCFall_withREF_SNPs.AD_Analysis/GVCFall_withREF_SNPs_DPfilterNoCall.AD.sumSDdenominator/Pacuta_HTAC_TP7_1728.GT.AD.sumSDdenominator.txt                                                                                        
 [98] ../Genome_short_variant_analysis/filtering/GVCFall_withREF_SNPs.AD_Analysis/GVCFall_withREF_SNPs_DPfilterNoCall.AD.sumSDdenominator/Pacuta_HTAC_TP7_2072.GT.AD.sumSDdenominator.txt                                                                                        
 [99] ../Genome_short_variant_analysis/filtering/GVCFall_withREF_SNPs.AD_Analysis/GVCFall_withREF_SNPs_DPfilterNoCall.AD.sumSDdenominator/Pacuta_HTAC_TP8_1765.GT.AD.sumSDdenominator.txt                                                                                        
[100] ../Genome_short_variant_analysis/filtering/GVCFall_withREF_SNPs.AD_Analysis/GVCFall_withREF_SNPs_DPfilterNoCall.AD.sumSDdenominator/Pacuta_HTAC_TP8_2513.GT.AD.sumSDdenominator.txt                                                                                        
[101] ../Genome_short_variant_analysis/filtering/GVCFall_withREF_SNPs.AD_Analysis/GVCFall_withREF_SNPs_DPfilterNoCall.AD.sumSDdenominator/Pacuta_HTAC_TP9_1696.GT.AD.sumSDdenominator.txt                                                                                        
[102] ../Genome_short_variant_analysis/filtering/GVCFall_withREF_SNPs.AD_Analysis/GVCFall_withREF_SNPs_DPfilterNoCall.AD.sumSDdenominator/Pacuta_HTAC_TP10_1536.GT.AD.sumSDdenominator.txt                                                                                       
[103] ../Genome_short_variant_analysis/filtering/GVCFall_withREF_SNPs.AD_Analysis/GVCFall_withREF_SNPs_DPfilterNoCall.AD.sumSDdenominator/Pacuta_HTAC_TP10_2064.GT.AD.sumSDdenominator.txt                                                                                       
[104] ../Genome_short_variant_analysis/filtering/GVCFall_withREF_SNPs.AD_Analysis/GVCFall_withREF_SNPs_DPfilterNoCall.AD.sumSDdenominator/Pacuta_HTAC_TP11_1582.GT.AD.sumSDdenominator.txt                                                                                       
[105] ../Genome_short_variant_analysis/filtering/GVCFall_withREF_SNPs.AD_Analysis/GVCFall_withREF_SNPs_DPfilterNoCall.AD.sumSDdenominator/Pacuta_HTAC_TP11_1596.GT.AD.sumSDdenominator.txt                                                                                       
[106] ../Genome_short_variant_analysis/filtering/GVCFall_withREF_SNPs.AD_Analysis/GVCFall_withREF_SNPs_DPfilterNoCall.AD.sumSDdenominator/Pacuta_HTAC_TP11_1647.GT.AD.sumSDdenominator.txt                                                                                       
[107] ../Genome_short_variant_analysis/filtering/GVCFall_withREF_SNPs.AD_Analysis/GVCFall_withREF_SNPs_DPfilterNoCall.AD.sumSDdenominator/Pacuta_HTHC_TP1_1239.GT.AD.sumSDdenominator.txt                                                                                        
[108] ../Genome_short_variant_analysis/filtering/GVCFall_withREF_SNPs.AD_Analysis/GVCFall_withREF_SNPs_DPfilterNoCall.AD.sumSDdenominator/Pacuta_HTHC_TP3_1227.GT.AD.sumSDdenominator.txt                                                                                        
[109] ../Genome_short_variant_analysis/filtering/GVCFall_withREF_SNPs.AD_Analysis/GVCFall_withREF_SNPs_DPfilterNoCall.AD.sumSDdenominator/Pacuta_HTHC_TP4_1343.GT.AD.sumSDdenominator.txt                                                                                        
[110] ../Genome_short_variant_analysis/filtering/GVCFall_withREF_SNPs.AD_Analysis/GVCFall_withREF_SNPs_DPfilterNoCall.AD.sumSDdenominator/Pacuta_HTHC_TP4_2195.GT.AD.sumSDdenominator.txt                                                                                        
[111] ../Genome_short_variant_analysis/filtering/GVCFall_withREF_SNPs.AD_Analysis/GVCFall_withREF_SNPs_DPfilterNoCall.AD.sumSDdenominator/Pacuta_HTHC_TP5_2087.GT.AD.sumSDdenominator.txt                                                                                        
[112] ../Genome_short_variant_analysis/filtering/GVCFall_withREF_SNPs.AD_Analysis/GVCFall_withREF_SNPs_DPfilterNoCall.AD.sumSDdenominator/Pacuta_HTHC_TP6_1138.GT.AD.sumSDdenominator.txt                                                                                        
[113] ../Genome_short_variant_analysis/filtering/GVCFall_withREF_SNPs.AD_Analysis/GVCFall_withREF_SNPs_DPfilterNoCall.AD.sumSDdenominator/Pacuta_HTHC_TP6_1595.GT.AD.sumSDdenominator.txt                                                                                        
[114] ../Genome_short_variant_analysis/filtering/GVCFall_withREF_SNPs.AD_Analysis/GVCFall_withREF_SNPs_DPfilterNoCall.AD.sumSDdenominator/Pacuta_HTHC_TP7_1090.GT.AD.sumSDdenominator.txt                                                                                        
[115] ../Genome_short_variant_analysis/filtering/GVCFall_withREF_SNPs.AD_Analysis/GVCFall_withREF_SNPs_DPfilterNoCall.AD.sumSDdenominator/Pacuta_HTHC_TP7_1427.GT.AD.sumSDdenominator.txt                                                                                        
[116] ../Genome_short_variant_analysis/filtering/GVCFall_withREF_SNPs.AD_Analysis/GVCFall_withREF_SNPs_DPfilterNoCall.AD.sumSDdenominator/Pacuta_HTHC_TP7_1820.GT.AD.sumSDdenominator.txt                                                                                        
[117] ../Genome_short_variant_analysis/filtering/GVCFall_withREF_SNPs.AD_Analysis/GVCFall_withREF_SNPs_DPfilterNoCall.AD.sumSDdenominator/Pacuta_HTHC_TP8_1184.GT.AD.sumSDdenominator.txt                                                                                        
[118] ../Genome_short_variant_analysis/filtering/GVCFall_withREF_SNPs.AD_Analysis/GVCFall_withREF_SNPs_DPfilterNoCall.AD.sumSDdenominator/Pacuta_HTHC_TP8_1709.GT.AD.sumSDdenominator.txt                                                                                        
[119] ../Genome_short_variant_analysis/filtering/GVCFall_withREF_SNPs.AD_Analysis/GVCFall_withREF_SNPs_DPfilterNoCall.AD.sumSDdenominator/Pacuta_HTHC_TP8_2304.GT.AD.sumSDdenominator.txt                                                                                        
[120] ../Genome_short_variant_analysis/filtering/GVCFall_withREF_SNPs.AD_Analysis/GVCFall_withREF_SNPs_DPfilterNoCall.AD.sumSDdenominator/Pacuta_HTHC_TP9_1131.GT.AD.sumSDdenominator.txt                                                                                        
[121] ../Genome_short_variant_analysis/filtering/GVCFall_withREF_SNPs.AD_Analysis/GVCFall_withREF_SNPs_DPfilterNoCall.AD.sumSDdenominator/Pacuta_HTHC_TP9_2202.GT.AD.sumSDdenominator.txt                                                                                        
[122] ../Genome_short_variant_analysis/filtering/GVCFall_withREF_SNPs.AD_Analysis/GVCFall_withREF_SNPs_DPfilterNoCall.AD.sumSDdenominator/Pacuta_HTHC_TP9_2305.GT.AD.sumSDdenominator.txt                                                                                        
[123] ../Genome_short_variant_analysis/filtering/GVCFall_withREF_SNPs.AD_Analysis/GVCFall_withREF_SNPs_DPfilterNoCall.AD.sumSDdenominator/Pacuta_HTHC_TP10_1238.GT.AD.sumSDdenominator.txt                                                                                       
[124] ../Genome_short_variant_analysis/filtering/GVCFall_withREF_SNPs.AD_Analysis/GVCFall_withREF_SNPs_DPfilterNoCall.AD.sumSDdenominator/Pacuta_HTHC_TP10_1732.GT.AD.sumSDdenominator.txt                                                                                       
[125] ../Genome_short_variant_analysis/filtering/GVCFall_withREF_SNPs.AD_Analysis/GVCFall_withREF_SNPs_DPfilterNoCall.AD.sumSDdenominator/Pacuta_HTHC_TP10_2300.GT.AD.sumSDdenominator.txt                                                                                       
[126] ../Genome_short_variant_analysis/filtering/GVCFall_withREF_SNPs.AD_Analysis/GVCFall_withREF_SNPs_DPfilterNoCall.AD.sumSDdenominator/Pacuta_HTHC_TP11_2185.GT.AD.sumSDdenominator.txt                                                                                       
126 Levels: ../Genome_short_variant_analysis/filtering/GVCFall_withREF_SNPs.AD_Analysis/GVCFall_withREF_SNPs_DPfilterNoCall.AD.sumSDdenominator/P2185.GT.AD.sumSDdenominator.txt ...
null device 
          1 
