21:50:45.735 INFO  NativeLibraryLoader - Loading libgkl_compression.so from jar:file:/home/timothy/programs/gatk-4.2.0.0/gatk-package-4.2.0.0-local.jar!/com/intel/gkl/native/libgkl_compression.so
Jun 13, 2021 9:50:45 PM shaded.cloud_nio.com.google.auth.oauth2.ComputeEngineCredentials runningOnComputeEngine
INFO: Failed to detect whether we are running on Google Compute Engine.
21:50:45.891 INFO  SelectVariants - ------------------------------------------------------------
21:50:45.891 INFO  SelectVariants - The Genome Analysis Toolkit (GATK) v4.2.0.0
21:50:45.891 INFO  SelectVariants - For support and documentation go to https://software.broadinstitute.org/gatk/
21:50:45.891 INFO  SelectVariants - Executing as timothy@coral on Linux v5.4.0-72-generic amd64
21:50:45.891 INFO  SelectVariants - Java runtime: OpenJDK 64-Bit Server VM v11.0.11+9-Ubuntu-0ubuntu2.20.04
21:50:45.891 INFO  SelectVariants - Start Date/Time: June 13, 2021 at 9:50:45 PM EDT
21:50:45.891 INFO  SelectVariants - ------------------------------------------------------------
21:50:45.891 INFO  SelectVariants - ------------------------------------------------------------
21:50:45.892 INFO  SelectVariants - HTSJDK Version: 2.24.0
21:50:45.892 INFO  SelectVariants - Picard Version: 2.25.0
21:50:45.892 INFO  SelectVariants - Built for Spark Version: 2.4.5
21:50:45.892 INFO  SelectVariants - HTSJDK Defaults.COMPRESSION_LEVEL : 2
21:50:45.892 INFO  SelectVariants - HTSJDK Defaults.USE_ASYNC_IO_READ_FOR_SAMTOOLS : false
21:50:45.892 INFO  SelectVariants - HTSJDK Defaults.USE_ASYNC_IO_WRITE_FOR_SAMTOOLS : true
21:50:45.892 INFO  SelectVariants - HTSJDK Defaults.USE_ASYNC_IO_WRITE_FOR_TRIBBLE : false
21:50:45.892 INFO  SelectVariants - Deflater: IntelDeflater
21:50:45.892 INFO  SelectVariants - Inflater: IntelInflater
21:50:45.892 INFO  SelectVariants - GCS max retries/reopens: 20
21:50:45.892 INFO  SelectVariants - Requester pays: disabled
21:50:45.892 INFO  SelectVariants - Initializing engine
21:50:46.009 INFO  FeatureManager - Using codec VCFCodec to read file file:///scratch/timothy/projects/0020_Pocillopora_acuta_PacBio_Assembly/03_Analysis/2021_05_26/RNAseq_short_variant_analysis/outgroup/P_damicornis_Linnaeus_1758_Indonesia_isolate/variant_analysis_SeparateLibraries/filtering/GVCFall_withOutGroup_SNPs_VarScores_filterPASSED_DPfilter.vcf
21:50:46.088 INFO  SelectVariants - Done initializing engine
21:50:46.121 INFO  ProgressMeter - Starting traversal
21:50:46.121 INFO  ProgressMeter -        Current Locus  Elapsed Minutes    Variants Processed  Variants/Minute
21:50:56.130 INFO  ProgressMeter - Pocillopora_acuta_HIv1___Scaffold_000000F___length_7015273:3007126              0.2                 44000         263815.3
21:51:06.204 INFO  ProgressMeter - Pocillopora_acuta_HIv1___Scaffold_000000F___length_7015273:6704711              0.3                 93000         277860.8
21:51:16.342 INFO  ProgressMeter - Pocillopora_acuta_HIv1___Scaffold_000001F___length_3838978:2881514              0.5                144000         285903.4
21:51:26.507 INFO  ProgressMeter - Pocillopora_acuta_HIv1___Scaffold_000003F___length_3310154:3054700              0.7                195000         289711.5
21:51:36.683 INFO  ProgressMeter - Pocillopora_acuta_HIv1___Scaffold_000007F___length_3038207:1190180              0.8                250000         296671.3
21:51:46.760 INFO  ProgressMeter - Pocillopora_acuta_HIv1___Scaffold_000006F___length_3012071:1916792              1.0                302000         298822.5
21:51:56.909 INFO  ProgressMeter - Pocillopora_acuta_HIv1___Scaffold_000004F___length_2973859:1923079              1.2                354000         300055.1
21:52:06.981 INFO  ProgressMeter - Pocillopora_acuta_HIv1___Scaffold_000008F___length_2769899:35384              1.3                408000         302749.2
21:52:17.118 INFO  ProgressMeter - Pocillopora_acuta_HIv1___Scaffold_000008F___length_2769899:2533679              1.5                461000         303969.4
21:52:27.267 INFO  ProgressMeter - Pocillopora_acuta_HIv1___Scaffold_000010F___length_2656316:680536              1.7                513000         304315.6
21:52:37.276 INFO  ProgressMeter - Pocillopora_acuta_HIv1___Scaffold_000011F___length_2586769:1738263              1.9                566000         305522.1
21:52:47.331 INFO  ProgressMeter - Pocillopora_acuta_HIv1___Scaffold_000014F___length_2520379:273537              2.0                619000         306412.9
21:52:57.518 INFO  ProgressMeter - Pocillopora_acuta_HIv1___Scaffold_000019F___length_2418994:168607              2.2                673000         307315.3
21:53:07.578 INFO  ProgressMeter - Pocillopora_acuta_HIv1___Scaffold_000017F___length_2344199:346317              2.4                727000         308364.4
21:53:17.611 INFO  ProgressMeter - Pocillopora_acuta_HIv1___Scaffold_000026F___length_2243953:1432096              2.5                780000         308933.3
21:53:27.783 INFO  ProgressMeter - Pocillopora_acuta_HIv1___Scaffold_000016F___length_2230716:762135              2.7                834000         309536.6
21:53:37.820 INFO  ProgressMeter - Pocillopora_acuta_HIv1___Scaffold_000024F___length_2194858:1736002              2.9                886000         309613.4
21:53:47.860 INFO  ProgressMeter - Pocillopora_acuta_HIv1___Scaffold_000031F___length_2151340:1008728              3.0                940000         310338.6
21:53:57.983 INFO  ProgressMeter - Pocillopora_acuta_HIv1___Scaffold_000013F___length_2048302:540269              3.2                994000         310851.7
21:54:08.073 INFO  ProgressMeter - Pocillopora_acuta_HIv1___Scaffold_000030F___length_1997862:183711              3.4               1047000         311065.6
21:54:18.161 INFO  ProgressMeter - Pocillopora_acuta_HIv1___Scaffold_000027F___length_1993346:1870257              3.5               1101000         311546.5
21:54:28.288 INFO  ProgressMeter - Pocillopora_acuta_HIv1___Scaffold_000036F___length_1887486:34098              3.7               1155000         311928.9
21:54:38.324 INFO  ProgressMeter - Pocillopora_acuta_HIv1___Scaffold_000046F___length_1870459:38070              3.9               1207000         311883.6
21:54:48.379 INFO  ProgressMeter - Pocillopora_acuta_HIv1___Scaffold_000040F___length_1870022:1396135              4.0               1259000         311817.6
21:54:58.412 INFO  ProgressMeter - Pocillopora_acuta_HIv1___Scaffold_000042F___length_1843182:1756274              4.2               1312000         312021.9
21:55:08.413 INFO  ProgressMeter - Pocillopora_acuta_HIv1___Scaffold_000047F___length_1804076:777152              4.4               1366000         312477.4
21:55:18.517 INFO  ProgressMeter - Pocillopora_acuta_HIv1___Scaffold_000048F___length_1779791:408859              4.5               1420000         312781.1
21:55:28.565 INFO  ProgressMeter - Pocillopora_acuta_HIv1___Scaffold_000051F___length_1752840:822922              4.7               1475000         313337.6
21:55:38.690 INFO  ProgressMeter - Pocillopora_acuta_HIv1___Scaffold_000052F___length_1749787:1692715              4.9               1527000         313158.0
21:55:48.876 INFO  ProgressMeter - Pocillopora_acuta_HIv1___Scaffold_000055F___length_1685811:1456905              5.0               1580000         313126.5
21:55:59.014 INFO  ProgressMeter - Pocillopora_acuta_HIv1___Scaffold_000063F___length_1625206:179282              5.2               1633000         313144.2
21:56:09.175 INFO  ProgressMeter - Pocillopora_acuta_HIv1___Scaffold_000058F___length_1607644:691505              5.4               1686000         313137.5
21:56:19.229 INFO  ProgressMeter - Pocillopora_acuta_HIv1___Scaffold_000053F___length_1590508:991314              5.6               1739000         313232.7
21:56:29.407 INFO  ProgressMeter - Pocillopora_acuta_HIv1___Scaffold_000067F___length_1571305:1141862              5.7               1792000         313209.1
21:56:39.487 INFO  ProgressMeter - Pocillopora_acuta_HIv1___Scaffold_000050F___length_1523765:686197              5.9               1844000         313104.9
21:56:49.489 INFO  ProgressMeter - Pocillopora_acuta_HIv1___Scaffold_000074F___length_1495598:1345320              6.1               1897000         313237.0
21:56:59.565 INFO  ProgressMeter - Pocillopora_acuta_HIv1___Scaffold_000065F___length_1489235:185097              6.2               1951000         313461.5
21:57:09.663 INFO  ProgressMeter - Pocillopora_acuta_HIv1___Scaffold_000075F___length_1465233:87523              6.4               2004000         313500.5
21:57:19.699 INFO  ProgressMeter - Pocillopora_acuta_HIv1___Scaffold_000077F___length_1459619:1338713              6.6               2056000         313432.9
21:57:29.767 INFO  ProgressMeter - Pocillopora_acuta_HIv1___Scaffold_000088F___length_1443323:1272016              6.7               2110000         313641.9
21:57:39.801 INFO  ProgressMeter - Pocillopora_acuta_HIv1___Scaffold_000069F___length_1411362:579906              6.9               2163000         313721.5
21:57:49.842 INFO  ProgressMeter - Pocillopora_acuta_HIv1___Scaffold_000102F___length_1365666:238875              7.1               2216000         313792.1
21:57:59.907 INFO  ProgressMeter - Pocillopora_acuta_HIv1___Scaffold_000091F___length_1356888:57316              7.2               2270000         313980.4
21:58:10.044 INFO  ProgressMeter - Pocillopora_acuta_HIv1___Scaffold_000076F___length_1335001:1309463              7.4               2323000         313974.8
21:58:20.058 INFO  ProgressMeter - Pocillopora_acuta_HIv1___Scaffold_000106F___length_1313924:881856              7.6               2374000         313788.7
21:58:30.187 INFO  ProgressMeter - Pocillopora_acuta_HIv1___Scaffold_000107F___length_1282968:849445              7.7               2428000         313921.5
21:58:40.219 INFO  ProgressMeter - Pocillopora_acuta_HIv1___Scaffold_000097F___length_1240190:452375              7.9               2481000         313987.0
21:58:50.375 INFO  ProgressMeter - Pocillopora_acuta_HIv1___Scaffold_000118F___length_1218181:465827              8.1               2533000         313844.2
21:59:00.416 INFO  ProgressMeter - Pocillopora_acuta_HIv1___Scaffold_000110F___length_1189302:813088              8.2               2586000         313902.3
21:59:10.543 INFO  ProgressMeter - Pocillopora_acuta_HIv1___Scaffold_000122F___length_1169827:189738              8.4               2640000         314023.4
21:59:20.667 INFO  ProgressMeter - Pocillopora_acuta_HIv1___Scaffold_000129F___length_1153064:185266              8.6               2694000         314141.6
21:59:30.706 INFO  ProgressMeter - Pocillopora_acuta_HIv1___Scaffold_000126F___length_1132339:1012277              8.7               2748000         314306.2
21:59:40.757 INFO  ProgressMeter - Pocillopora_acuta_HIv1___Scaffold_000103F___length_1114684:810308              8.9               2802000         314457.5
21:59:50.887 INFO  ProgressMeter - Pocillopora_acuta_HIv1___Scaffold_000155F___length_1095536:1013997              9.1               2854000         314337.4
22:00:01.037 INFO  ProgressMeter - Pocillopora_acuta_HIv1___Scaffold_000161F___length_1069631:1047279              9.2               2908000         314426.5
22:00:11.186 INFO  ProgressMeter - Pocillopora_acuta_HIv1___Scaffold_000169F___length_1042684:1032624              9.4               2962000         314513.0
22:00:21.374 INFO  ProgressMeter - Pocillopora_acuta_HIv1___Scaffold_000174F___length_1022310:746881              9.6               3016000         314575.2
22:00:31.533 INFO  ProgressMeter - Pocillopora_acuta_HIv1___Scaffold_000180F___length_1003918:216727              9.8               3069000         314548.8
22:00:41.716 INFO  ProgressMeter - Pocillopora_acuta_HIv1___Scaffold_000182F___length_994365:762711              9.9               3123000         314610.3
22:00:51.753 INFO  ProgressMeter - Pocillopora_acuta_HIv1___Scaffold_000184F___length_974900:423343             10.1               3177000         314746.1
22:01:01.808 INFO  ProgressMeter - Pocillopora_acuta_HIv1___Scaffold_000194F___length_966782:727452             10.3               3230000         314771.4
22:01:11.874 INFO  ProgressMeter - Pocillopora_acuta_HIv1___Scaffold_000220F___length_937020:681016             10.4               3284000         314885.1
22:01:22.032 INFO  ProgressMeter - Pocillopora_acuta_HIv1___Scaffold_000213F___length_929939:807765             10.6               3337000         314855.9
22:01:32.218 INFO  ProgressMeter - Pocillopora_acuta_HIv1___Scaffold_000218F___length_904853:287977             10.8               3391000         314906.8
22:01:42.392 INFO  ProgressMeter - Pocillopora_acuta_HIv1___Scaffold_000229F___length_880673:392663             10.9               3446000         315053.3
22:01:52.555 INFO  ProgressMeter - Pocillopora_acuta_HIv1___Scaffold_000231F___length_869956:646028             11.1               3500000         315110.9
22:02:02.680 INFO  ProgressMeter - Pocillopora_acuta_HIv1___Scaffold_000235F___length_856315:274988             11.3               3553000         315094.9
22:02:12.788 INFO  ProgressMeter - Pocillopora_acuta_HIv1___Scaffold_000188F___length_828792:732276             11.4               3607000         315175.1
22:02:22.869 INFO  ProgressMeter - Pocillopora_acuta_HIv1___Scaffold_000236F___length_817659:307817             11.6               3660000         315179.0
22:02:32.988 INFO  ProgressMeter - Pocillopora_acuta_HIv1___Scaffold_000240F___length_794972:364498             11.8               3713000         315165.8
22:02:43.146 INFO  ProgressMeter - Pocillopora_acuta_HIv1___Scaffold_000172F___length_786143:248111             12.0               3767000         315219.6
22:02:53.187 INFO  ProgressMeter - Pocillopora_acuta_HIv1___Scaffold_000286F___length_769775:489683             12.1               3821000         315322.6
22:03:03.369 INFO  ProgressMeter - Pocillopora_acuta_HIv1___Scaffold_000303F___length_752589:570473             12.3               3876000         315443.8
22:03:13.453 INFO  ProgressMeter - Pocillopora_acuta_HIv1___Scaffold_000317F___length_736389:544443             12.5               3929000         315442.6
22:03:23.596 INFO  ProgressMeter - Pocillopora_acuta_HIv1___Scaffold_000309F___length_719688:254112             12.6               3983000         315496.0
22:03:33.620 INFO  ProgressMeter - Pocillopora_acuta_HIv1___Scaffold_000318F___length_708132:690012             12.8               4036000         315518.7
22:03:43.770 INFO  ProgressMeter - Pocillopora_acuta_HIv1___Scaffold_000340F___length_691240:84900             13.0               4090000         315566.9
22:03:53.912 INFO  ProgressMeter - Pocillopora_acuta_HIv1___Scaffold_000367F___length_658998:233294             13.1               4145000         315693.3
22:04:03.922 INFO  ProgressMeter - Pocillopora_acuta_HIv1___Scaffold_000374F___length_644902:265106             13.3               4199000         315793.4
22:04:14.057 INFO  ProgressMeter - Pocillopora_acuta_HIv1___Scaffold_000385F___length_628782:212786             13.5               4253000         315842.2
22:04:24.090 INFO  ProgressMeter - Pocillopora_acuta_HIv1___Scaffold_000402F___length_614232:52073             13.6               4306000         315855.9
22:04:34.163 INFO  ProgressMeter - Pocillopora_acuta_HIv1___Scaffold_000423F___length_595246:250599             13.8               4360000         315926.8
22:04:44.243 INFO  ProgressMeter - Pocillopora_acuta_HIv1___Scaffold_000431F___length_583593:359633             14.0               4413000         315921.0
22:04:54.339 INFO  ProgressMeter - Pocillopora_acuta_HIv1___Scaffold_000443F___length_560809:214978             14.1               4466000         315910.1
22:05:04.509 INFO  ProgressMeter - Pocillopora_acuta_HIv1___Scaffold_000470F___length_547049:9945             14.3               4521000         316011.3
22:05:14.526 INFO  ProgressMeter - Pocillopora_acuta_HIv1___Scaffold_000498F___length_526751:257255             14.5               4574000         316028.0
22:05:24.672 INFO  ProgressMeter - Pocillopora_acuta_HIv1___Scaffold_000519F___length_505022:37766             14.6               4626000         315929.7
22:05:34.789 INFO  ProgressMeter - Pocillopora_acuta_HIv1___Scaffold_000555F___length_487501:60603             14.8               4680000         315978.9
22:05:44.953 INFO  ProgressMeter - Pocillopora_acuta_HIv1___Scaffold_000585F___length_460165:73253             15.0               4735000         316077.2
22:05:55.010 INFO  ProgressMeter - Pocillopora_acuta_HIv1___Scaffold_000598F___length_430425:414885             15.1               4789000         316144.6
22:06:05.134 INFO  ProgressMeter - Pocillopora_acuta_HIv1___Scaffold_000654F___length_381676:59411             15.3               4842000         316122.4
22:06:15.277 INFO  ProgressMeter - Pocillopora_acuta_HIv1___Scaffold_000704F___length_358106:61099             15.5               4897000         316222.8
22:06:25.281 INFO  ProgressMeter - Pocillopora_acuta_HIv1___Scaffold_000742F___length_341143:194405             15.7               4950000         316240.4
22:06:35.332 INFO  ProgressMeter - Pocillopora_acuta_HIv1___Scaffold_000766F___length_324372:192181             15.8               5004000         316305.1
22:06:45.370 INFO  ProgressMeter - Pocillopora_acuta_HIv1___Scaffold_000873F___length_303637:46699             16.0               5058000         316372.8
22:06:55.406 INFO  ProgressMeter - Pocillopora_acuta_HIv1___Scaffold_000090F___length_275397:3930             16.2               5110000         316316.0
22:07:05.571 INFO  ProgressMeter - Pocillopora_acuta_HIv1___Scaffold_001010F___length_239611:24036             16.3               5164000         316341.1
22:07:15.676 INFO  ProgressMeter - Pocillopora_acuta_HIv1___Scaffold_001117F___length_204390:46851             16.5               5218000         316385.0
22:07:25.725 INFO  ProgressMeter - Pocillopora_acuta_HIv1___Scaffold_001228F___length_171493:134154             16.7               5272000         316445.6
22:07:35.871 INFO  ProgressMeter - Pocillopora_acuta_HIv1___Scaffold_001542F___length_100614:56624             16.8               5326000         316474.7
22:07:40.321 INFO  ProgressMeter - Pocillopora_acuta_HIv1___Scaffold_001864F___length_27309:26603             16.9               5350277         316522.3
22:07:40.321 INFO  ProgressMeter - Traversal complete. Processed 5350277 total variants in 16.9 minutes.
22:07:40.413 INFO  SelectVariants - Shutting down engine
[June 13, 2021 at 10:07:40 PM EDT] org.broadinstitute.hellbender.tools.walkers.variantutils.SelectVariants done. Elapsed time: 16.91 minutes.
Runtime.totalMemory()=3053453312
Using GATK jar /home/timothy/programs/gatk-4.2.0.0/gatk-package-4.2.0.0-local.jar
Running:
    java -Dsamjdk.use_async_io_read_samtools=false -Dsamjdk.use_async_io_write_samtools=true -Dsamjdk.use_async_io_write_tribble=false -Dsamjdk.compression_level=2 -jar /home/timothy/programs/gatk-4.2.0.0/gatk-package-4.2.0.0-local.jar SelectVariants --reference Pocillopora_acuta_HIv1.assembly.purged.fasta --variant GVCFall_withOutGroup_SNPs_VarScores_filterPASSED_DPfilter.vcf --output GVCFall_withOutGroup_SNPs_VarScores_filterPASSED_DPfilterNoCall.vcf --set-filtered-gt-to-nocall
