22:07:42.295 INFO  NativeLibraryLoader - Loading libgkl_compression.so from jar:file:/home/timothy/programs/gatk-4.2.0.0/gatk-package-4.2.0.0-local.jar!/com/intel/gkl/native/libgkl_compression.so
Jun 13, 2021 10:07:42 PM shaded.cloud_nio.com.google.auth.oauth2.ComputeEngineCredentials runningOnComputeEngine
INFO: Failed to detect whether we are running on Google Compute Engine.
22:07:42.452 INFO  SelectVariants - ------------------------------------------------------------
22:07:42.453 INFO  SelectVariants - The Genome Analysis Toolkit (GATK) v4.2.0.0
22:07:42.453 INFO  SelectVariants - For support and documentation go to https://software.broadinstitute.org/gatk/
22:07:42.453 INFO  SelectVariants - Executing as timothy@coral on Linux v5.4.0-72-generic amd64
22:07:42.453 INFO  SelectVariants - Java runtime: OpenJDK 64-Bit Server VM v11.0.11+9-Ubuntu-0ubuntu2.20.04
22:07:42.453 INFO  SelectVariants - Start Date/Time: June 13, 2021 at 10:07:42 PM EDT
22:07:42.453 INFO  SelectVariants - ------------------------------------------------------------
22:07:42.453 INFO  SelectVariants - ------------------------------------------------------------
22:07:42.453 INFO  SelectVariants - HTSJDK Version: 2.24.0
22:07:42.453 INFO  SelectVariants - Picard Version: 2.25.0
22:07:42.453 INFO  SelectVariants - Built for Spark Version: 2.4.5
22:07:42.453 INFO  SelectVariants - HTSJDK Defaults.COMPRESSION_LEVEL : 2
22:07:42.454 INFO  SelectVariants - HTSJDK Defaults.USE_ASYNC_IO_READ_FOR_SAMTOOLS : false
22:07:42.454 INFO  SelectVariants - HTSJDK Defaults.USE_ASYNC_IO_WRITE_FOR_SAMTOOLS : true
22:07:42.454 INFO  SelectVariants - HTSJDK Defaults.USE_ASYNC_IO_WRITE_FOR_TRIBBLE : false
22:07:42.454 INFO  SelectVariants - Deflater: IntelDeflater
22:07:42.454 INFO  SelectVariants - Inflater: IntelInflater
22:07:42.454 INFO  SelectVariants - GCS max retries/reopens: 20
22:07:42.454 INFO  SelectVariants - Requester pays: disabled
22:07:42.454 INFO  SelectVariants - Initializing engine
22:07:42.573 INFO  FeatureManager - Using codec VCFCodec to read file file:///scratch/timothy/projects/0020_Pocillopora_acuta_PacBio_Assembly/03_Analysis/2021_05_26/RNAseq_short_variant_analysis/outgroup/P_damicornis_Linnaeus_1758_Indonesia_isolate/variant_analysis_SeparateLibraries/filtering/GVCFall_withOutGroup_INDELs_VarScores_filterPASSED_DPfilter.vcf
22:07:42.636 INFO  SelectVariants - Done initializing engine
22:07:42.669 INFO  ProgressMeter - Starting traversal
22:07:42.669 INFO  ProgressMeter -        Current Locus  Elapsed Minutes    Variants Processed  Variants/Minute
22:07:52.807 INFO  ProgressMeter - Pocillopora_acuta_HIv1___Scaffold_000004F___length_2973859:860132              0.2                 40000         236756.4
22:08:02.849 INFO  ProgressMeter - Pocillopora_acuta_HIv1___Scaffold_000026F___length_2243953:1357229              0.3                 90000         267604.9
22:08:13.032 INFO  ProgressMeter - Pocillopora_acuta_HIv1___Scaffold_000046F___length_1870459:997448              0.5                139000         274676.4
22:08:23.154 INFO  ProgressMeter - Pocillopora_acuta_HIv1___Scaffold_000061F___length_1614046:1132857              0.7                190000         281585.8
22:08:33.263 INFO  ProgressMeter - Pocillopora_acuta_HIv1___Scaffold_000086F___length_1433250:601850              0.8                239000         283432.8
22:08:43.447 INFO  ProgressMeter - Pocillopora_acuta_HIv1___Scaffold_000120F___length_1192788:1175099              1.0                290000         286287.8
22:08:53.455 INFO  ProgressMeter - Pocillopora_acuta_HIv1___Scaffold_000174F___length_1022310:958703              1.2                341000         289040.2
22:09:03.596 INFO  ProgressMeter - Pocillopora_acuta_HIv1___Scaffold_000225F___length_876681:534440              1.3                391000         289890.9
22:09:13.693 INFO  ProgressMeter - Pocillopora_acuta_HIv1___Scaffold_000301F___length_732247:335652              1.5                444000         292673.3
22:09:23.772 INFO  ProgressMeter - Pocillopora_acuta_HIv1___Scaffold_000442F___length_578630:53955              1.7                496000         294353.3
22:09:33.838 INFO  ProgressMeter - Pocillopora_acuta_HIv1___Scaffold_000707F___length_355392:35420              1.9                547000         295226.2
22:09:43.010 INFO  ProgressMeter - Pocillopora_acuta_HIv1___Scaffold_001676F___length_67418:48924              2.0                595585         296948.7
22:09:43.010 INFO  ProgressMeter - Traversal complete. Processed 595585 total variants in 2.0 minutes.
22:09:43.065 INFO  SelectVariants - Shutting down engine
[June 13, 2021 at 10:09:43 PM EDT] org.broadinstitute.hellbender.tools.walkers.variantutils.SelectVariants done. Elapsed time: 2.01 minutes.
Runtime.totalMemory()=4294967296
Using GATK jar /home/timothy/programs/gatk-4.2.0.0/gatk-package-4.2.0.0-local.jar
Running:
    java -Dsamjdk.use_async_io_read_samtools=false -Dsamjdk.use_async_io_write_samtools=true -Dsamjdk.use_async_io_write_tribble=false -Dsamjdk.compression_level=2 -jar /home/timothy/programs/gatk-4.2.0.0/gatk-package-4.2.0.0-local.jar SelectVariants --reference Pocillopora_acuta_HIv1.assembly.purged.fasta --variant GVCFall_withOutGroup_INDELs_VarScores_filterPASSED_DPfilter.vcf --output GVCFall_withOutGroup_INDELs_VarScores_filterPASSED_DPfilterNoCall.vcf --set-filtered-gt-to-nocall
