21:44:19.588 INFO  NativeLibraryLoader - Loading libgkl_compression.so from jar:file:/home/timothy/programs/gatk-4.2.0.0/gatk-package-4.2.0.0-local.jar!/com/intel/gkl/native/libgkl_compression.so
Jun 13, 2021 9:44:19 PM shaded.cloud_nio.com.google.auth.oauth2.ComputeEngineCredentials runningOnComputeEngine
INFO: Failed to detect whether we are running on Google Compute Engine.
21:44:19.708 INFO  VariantFiltration - ------------------------------------------------------------
21:44:19.709 INFO  VariantFiltration - The Genome Analysis Toolkit (GATK) v4.2.0.0
21:44:19.709 INFO  VariantFiltration - For support and documentation go to https://software.broadinstitute.org/gatk/
21:44:19.709 INFO  VariantFiltration - Executing as timothy@coral on Linux v5.4.0-72-generic amd64
21:44:19.709 INFO  VariantFiltration - Java runtime: OpenJDK 64-Bit Server VM v11.0.11+9-Ubuntu-0ubuntu2.20.04
21:44:19.709 INFO  VariantFiltration - Start Date/Time: June 13, 2021 at 9:44:19 PM EDT
21:44:19.709 INFO  VariantFiltration - ------------------------------------------------------------
21:44:19.709 INFO  VariantFiltration - ------------------------------------------------------------
21:44:19.709 INFO  VariantFiltration - HTSJDK Version: 2.24.0
21:44:19.709 INFO  VariantFiltration - Picard Version: 2.25.0
21:44:19.709 INFO  VariantFiltration - Built for Spark Version: 2.4.5
21:44:19.709 INFO  VariantFiltration - HTSJDK Defaults.COMPRESSION_LEVEL : 2
21:44:19.709 INFO  VariantFiltration - HTSJDK Defaults.USE_ASYNC_IO_READ_FOR_SAMTOOLS : false
21:44:19.710 INFO  VariantFiltration - HTSJDK Defaults.USE_ASYNC_IO_WRITE_FOR_SAMTOOLS : true
21:44:19.710 INFO  VariantFiltration - HTSJDK Defaults.USE_ASYNC_IO_WRITE_FOR_TRIBBLE : false
21:44:19.710 INFO  VariantFiltration - Deflater: IntelDeflater
21:44:19.710 INFO  VariantFiltration - Inflater: IntelInflater
21:44:19.710 INFO  VariantFiltration - GCS max retries/reopens: 20
21:44:19.710 INFO  VariantFiltration - Requester pays: disabled
21:44:19.710 INFO  VariantFiltration - Initializing engine
21:44:19.829 INFO  FeatureManager - Using codec VCFCodec to read file file:///scratch/timothy/projects/0020_Pocillopora_acuta_PacBio_Assembly/03_Analysis/2021_05_26/RNAseq_short_variant_analysis/outgroup/P_damicornis_Linnaeus_1758_Indonesia_isolate/variant_analysis_SeparateLibraries/filtering/GVCFall_withOutGroup_INDELs_VarScores_filterPASSED.vcf
21:44:19.893 INFO  VariantFiltration - Done initializing engine
21:44:19.947 INFO  ProgressMeter - Starting traversal
21:44:19.947 INFO  ProgressMeter -        Current Locus  Elapsed Minutes    Variants Processed  Variants/Minute
21:44:30.099 INFO  ProgressMeter - Pocillopora_acuta_HIv1___Scaffold_000005F___length_2913003:1327369              0.2                 46000         271894.4
21:44:40.215 INFO  ProgressMeter - Pocillopora_acuta_HIv1___Scaffold_000024F___length_2194858:586466              0.3                100000         296033.2
21:44:50.231 INFO  ProgressMeter - Pocillopora_acuta_HIv1___Scaffold_000047F___length_1804076:699715              0.5                155000         307103.0
21:45:00.248 INFO  ProgressMeter - Pocillopora_acuta_HIv1___Scaffold_000050F___length_1523765:1423924              0.7                209000         311158.5
21:45:10.365 INFO  ProgressMeter - Pocillopora_acuta_HIv1___Scaffold_000087F___length_1327027:651802              0.8                264000         314173.5
21:45:20.384 INFO  ProgressMeter - Pocillopora_acuta_HIv1___Scaffold_000152F___length_1105811:914170              1.0                319000         316693.4
21:45:30.566 INFO  ProgressMeter - Pocillopora_acuta_HIv1___Scaffold_000206F___length_931782:507222              1.2                375000         318611.1
21:45:40.699 INFO  ProgressMeter - Pocillopora_acuta_HIv1___Scaffold_000292F___length_759423:559217              1.3                431000         320239.7
21:45:50.836 INFO  ProgressMeter - Pocillopora_acuta_HIv1___Scaffold_000426F___length_604885:283860              1.5                487000         321491.0
21:46:00.885 INFO  ProgressMeter - Pocillopora_acuta_HIv1___Scaffold_000669F___length_376328:244965              1.7                542000         322178.0
21:46:10.573 INFO  ProgressMeter - Pocillopora_acuta_HIv1___Scaffold_001676F___length_67418:48924              1.8                595585         323026.2
21:46:10.573 INFO  ProgressMeter - Traversal complete. Processed 595585 total variants in 1.8 minutes.
21:46:10.624 INFO  VariantFiltration - Shutting down engine
[June 13, 2021 at 9:46:10 PM EDT] org.broadinstitute.hellbender.tools.walkers.filters.VariantFiltration done. Elapsed time: 1.85 minutes.
Runtime.totalMemory()=3686793216
Using GATK jar /home/timothy/programs/gatk-4.2.0.0/gatk-package-4.2.0.0-local.jar
Running:
    java -Dsamjdk.use_async_io_read_samtools=false -Dsamjdk.use_async_io_write_samtools=true -Dsamjdk.use_async_io_write_tribble=false -Dsamjdk.compression_level=2 -jar /home/timothy/programs/gatk-4.2.0.0/gatk-package-4.2.0.0-local.jar VariantFiltration --reference Pocillopora_acuta_HIv1.assembly.purged.fasta --variant GVCFall_withOutGroup_INDELs_VarScores_filterPASSED.vcf --output GVCFall_withOutGroup_INDELs_VarScores_filterPASSED_DPfilter.vcf --genotype-filter-name DP_filter --genotype-filter-expression DP < 20.000
