18:03:30.514 INFO  NativeLibraryLoader - Loading libgkl_compression.so from jar:file:/home/timothy/programs/gatk-4.2.0.0/gatk-package-4.2.0.0-local.jar!/com/intel/gkl/native/libgkl_compression.so
Jun 13, 2021 6:03:30 PM shaded.cloud_nio.com.google.auth.oauth2.ComputeEngineCredentials runningOnComputeEngine
INFO: Failed to detect whether we are running on Google Compute Engine.
18:03:30.641 INFO  VariantsToTable - ------------------------------------------------------------
18:03:30.641 INFO  VariantsToTable - The Genome Analysis Toolkit (GATK) v4.2.0.0
18:03:30.641 INFO  VariantsToTable - For support and documentation go to https://software.broadinstitute.org/gatk/
18:03:30.641 INFO  VariantsToTable - Executing as timothy@coral on Linux v5.4.0-72-generic amd64
18:03:30.641 INFO  VariantsToTable - Java runtime: OpenJDK 64-Bit Server VM v11.0.11+9-Ubuntu-0ubuntu2.20.04
18:03:30.641 INFO  VariantsToTable - Start Date/Time: June 13, 2021 at 6:03:30 PM EDT
18:03:30.641 INFO  VariantsToTable - ------------------------------------------------------------
18:03:30.641 INFO  VariantsToTable - ------------------------------------------------------------
18:03:30.642 INFO  VariantsToTable - HTSJDK Version: 2.24.0
18:03:30.642 INFO  VariantsToTable - Picard Version: 2.25.0
18:03:30.642 INFO  VariantsToTable - Built for Spark Version: 2.4.5
18:03:30.642 INFO  VariantsToTable - HTSJDK Defaults.COMPRESSION_LEVEL : 2
18:03:30.642 INFO  VariantsToTable - HTSJDK Defaults.USE_ASYNC_IO_READ_FOR_SAMTOOLS : false
18:03:30.642 INFO  VariantsToTable - HTSJDK Defaults.USE_ASYNC_IO_WRITE_FOR_SAMTOOLS : true
18:03:30.642 INFO  VariantsToTable - HTSJDK Defaults.USE_ASYNC_IO_WRITE_FOR_TRIBBLE : false
18:03:30.642 INFO  VariantsToTable - Deflater: IntelDeflater
18:03:30.642 INFO  VariantsToTable - Inflater: IntelInflater
18:03:30.642 INFO  VariantsToTable - GCS max retries/reopens: 20
18:03:30.643 INFO  VariantsToTable - Requester pays: disabled
18:03:30.643 INFO  VariantsToTable - Initializing engine
18:03:30.777 INFO  FeatureManager - Using codec VCFCodec to read file file:///scratch/timothy/projects/0020_Pocillopora_acuta_PacBio_Assembly/03_Analysis/2021_05_26/RNAseq_short_variant_analysis/outgroup/P_damicornis_Linnaeus_1758_Indonesia_isolate/variant_analysis_SeparateLibraries/filtering/GVCFall_withOutGroup_INDELs_VarScores_filterPASSED.vcf
18:03:30.826 INFO  VariantsToTable - Done initializing engine
18:03:30.826 WARN  VariantsToTable - Allele-specific fields will only be split if splitting multi-allelic variants is specified (`--split-multi-allelic` or `-SMA`
18:03:30.827 INFO  ProgressMeter - Starting traversal
18:03:30.827 INFO  ProgressMeter -        Current Locus  Elapsed Minutes    Variants Processed  Variants/Minute
18:03:40.829 INFO  ProgressMeter - Pocillopora_acuta_HIv1___Scaffold_000532F___length_491793:404066              0.2                521000        3126000.0
18:03:42.098 INFO  ProgressMeter - Pocillopora_acuta_HIv1___Scaffold_001676F___length_67418:48924              0.2                595585        3170535.0
18:03:42.098 INFO  ProgressMeter - Traversal complete. Processed 595585 total variants in 0.2 minutes.
18:03:42.099 INFO  VariantsToTable - Shutting down engine
[June 13, 2021 at 6:03:42 PM EDT] org.broadinstitute.hellbender.tools.walkers.variantutils.VariantsToTable done. Elapsed time: 0.19 minutes.
Runtime.totalMemory()=3506438144
Using GATK jar /home/timothy/programs/gatk-4.2.0.0/gatk-package-4.2.0.0-local.jar
Running:
    java -Dsamjdk.use_async_io_read_samtools=false -Dsamjdk.use_async_io_write_samtools=true -Dsamjdk.use_async_io_write_tribble=false -Dsamjdk.compression_level=2 -jar /home/timothy/programs/gatk-4.2.0.0/gatk-package-4.2.0.0-local.jar VariantsToTable --reference Pocillopora_acuta_HIv1.assembly.purged.fasta --variant GVCFall_withOutGroup_INDELs_VarScores_filterPASSED.vcf --output GVCFall_withOutGroup_INDELs_VarScores_filterPASSED.table -F CHROM -F POS -F QUAL -F QD -F DP -F MQ -F FS -F SOR -F MQRankSum -F ReadPosRankSum
