Using GATK jar /home/timothy/programs/gatk-4.2.0.0/gatk-package-4.2.0.0-local.jar
Running:
    java -Dsamjdk.use_async_io_read_samtools=false -Dsamjdk.use_async_io_write_samtools=true -Dsamjdk.use_async_io_write_tribble=false -Dsamjdk.compression_level=2 -jar /home/timothy/programs/gatk-4.2.0.0/gatk-package-4.2.0.0-local.jar SelectVariants --reference Pocillopora_acuta_HIv1.assembly.purged.fasta --variant GVCFall_withOutGroup.vcf.gz --output GVCFall_withOutGroup_INDELs.vcf.gz -select-type INDEL
16:23:34.320 INFO  NativeLibraryLoader - Loading libgkl_compression.so from jar:file:/home/timothy/programs/gatk-4.2.0.0/gatk-package-4.2.0.0-local.jar!/com/intel/gkl/native/libgkl_compression.so
Jun 13, 2021 4:23:34 PM shaded.cloud_nio.com.google.auth.oauth2.ComputeEngineCredentials runningOnComputeEngine
INFO: Failed to detect whether we are running on Google Compute Engine.
16:23:34.455 INFO  SelectVariants - ------------------------------------------------------------
16:23:34.455 INFO  SelectVariants - The Genome Analysis Toolkit (GATK) v4.2.0.0
16:23:34.455 INFO  SelectVariants - For support and documentation go to https://software.broadinstitute.org/gatk/
16:23:34.456 INFO  SelectVariants - Executing as timothy@coral on Linux v5.4.0-72-generic amd64
16:23:34.456 INFO  SelectVariants - Java runtime: OpenJDK 64-Bit Server VM v11.0.11+9-Ubuntu-0ubuntu2.20.04
16:23:34.456 INFO  SelectVariants - Start Date/Time: June 13, 2021 at 4:23:34 PM EDT
16:23:34.456 INFO  SelectVariants - ------------------------------------------------------------
16:23:34.456 INFO  SelectVariants - ------------------------------------------------------------
16:23:34.457 INFO  SelectVariants - HTSJDK Version: 2.24.0
16:23:34.457 INFO  SelectVariants - Picard Version: 2.25.0
16:23:34.457 INFO  SelectVariants - Built for Spark Version: 2.4.5
16:23:34.457 INFO  SelectVariants - HTSJDK Defaults.COMPRESSION_LEVEL : 2
16:23:34.457 INFO  SelectVariants - HTSJDK Defaults.USE_ASYNC_IO_READ_FOR_SAMTOOLS : false
16:23:34.457 INFO  SelectVariants - HTSJDK Defaults.USE_ASYNC_IO_WRITE_FOR_SAMTOOLS : true
16:23:34.457 INFO  SelectVariants - HTSJDK Defaults.USE_ASYNC_IO_WRITE_FOR_TRIBBLE : false
16:23:34.457 INFO  SelectVariants - Deflater: IntelDeflater
16:23:34.457 INFO  SelectVariants - Inflater: IntelInflater
16:23:34.457 INFO  SelectVariants - GCS max retries/reopens: 20
16:23:34.457 INFO  SelectVariants - Requester pays: disabled
16:23:34.457 INFO  SelectVariants - Initializing engine
16:23:34.589 INFO  FeatureManager - Using codec VCFCodec to read file file:///scratch/timothy/projects/0020_Pocillopora_acuta_PacBio_Assembly/03_Analysis/2021_05_26/RNAseq_short_variant_analysis/outgroup/P_damicornis_Linnaeus_1758_Indonesia_isolate/variant_analysis_SeparateLibraries/filtering/GVCFall_withOutGroup.vcf.gz
16:23:34.683 INFO  SelectVariants - Done initializing engine
16:23:34.718 INFO  ProgressMeter - Starting traversal
16:23:34.719 INFO  ProgressMeter -        Current Locus  Elapsed Minutes    Variants Processed  Variants/Minute
16:23:44.728 INFO  ProgressMeter - Pocillopora_acuta_HIv1___Scaffold_000007F___length_3038207:2308953              0.2                 61000         365707.4
16:23:54.905 INFO  ProgressMeter - Pocillopora_acuta_HIv1___Scaffold_000011F___length_2586769:1546254              0.3                121000         359673.0
16:24:04.978 INFO  ProgressMeter - Pocillopora_acuta_HIv1___Scaffold_000028F___length_2192771:81099              0.5                190000         376747.4
16:24:15.009 INFO  ProgressMeter - Pocillopora_acuta_HIv1___Scaffold_000040F___length_1870022:371523              0.7                259000         385713.2
16:24:25.038 INFO  ProgressMeter - Pocillopora_acuta_HIv1___Scaffold_000056F___length_1677393:1473353              0.8                327000         389920.1
16:24:35.059 INFO  ProgressMeter - Pocillopora_acuta_HIv1___Scaffold_000078F___length_1491746:486677              1.0                398000         395757.4
16:24:45.062 INFO  ProgressMeter - Pocillopora_acuta_HIv1___Scaffold_000085F___length_1359006:1125745              1.2                463000         394927.6
16:24:55.186 INFO  ProgressMeter - Pocillopora_acuta_HIv1___Scaffold_000124F___length_1185441:335589              1.3                532000         396684.4
16:25:05.199 INFO  ProgressMeter - Pocillopora_acuta_HIv1___Scaffold_000171F___length_1060498:723995              1.5                603000         399871.8
16:25:15.291 INFO  ProgressMeter - Pocillopora_acuta_HIv1___Scaffold_000207F___length_933288:226863              1.7                674000         402100.0
16:25:25.315 INFO  ProgressMeter - Pocillopora_acuta_HIv1___Scaffold_000236F___length_817659:35782              1.8                742000         402546.2
16:25:35.378 INFO  ProgressMeter - Pocillopora_acuta_HIv1___Scaffold_000295F___length_715647:306280              2.0                814000         404777.1
16:25:45.415 INFO  ProgressMeter - Pocillopora_acuta_HIv1___Scaffold_000423F___length_595246:447965              2.2                883000         405368.2
16:25:55.474 INFO  ProgressMeter - Pocillopora_acuta_HIv1___Scaffold_000562F___length_467106:142482              2.3                953000         406237.8
16:26:05.558 INFO  ProgressMeter - Pocillopora_acuta_HIv1___Scaffold_000875F___length_296038:22170              2.5               1024000         407321.7
16:26:13.371 INFO  ProgressMeter - Pocillopora_acuta_HIv1___Scaffold_001829F___length_31435:17088              2.6               1079342         408192.3
16:26:13.372 INFO  ProgressMeter - Traversal complete. Processed 1079342 total variants in 2.6 minutes.
16:26:13.398 INFO  SelectVariants - Shutting down engine
[June 13, 2021 at 4:26:13 PM EDT] org.broadinstitute.hellbender.tools.walkers.variantutils.SelectVariants done. Elapsed time: 2.65 minutes.
Runtime.totalMemory()=6056574976
