09:59:25.502 INFO  NativeLibraryLoader - Loading libgkl_compression.so from jar:file:/home/timothy/programs/gatk-4.2.0.0/gatk-package-4.2.0.0-local.jar!/com/intel/gkl/native/libgkl_compression.so
Jun 13, 2021 9:59:25 AM shaded.cloud_nio.com.google.auth.oauth2.ComputeEngineCredentials runningOnComputeEngine
INFO: Failed to detect whether we are running on Google Compute Engine.
09:59:25.672 INFO  SelectVariants - ------------------------------------------------------------
09:59:25.673 INFO  SelectVariants - The Genome Analysis Toolkit (GATK) v4.2.0.0
09:59:25.673 INFO  SelectVariants - For support and documentation go to https://software.broadinstitute.org/gatk/
09:59:25.673 INFO  SelectVariants - Executing as timothy@coral on Linux v5.4.0-72-generic amd64
09:59:25.673 INFO  SelectVariants - Java runtime: OpenJDK 64-Bit Server VM v11.0.11+9-Ubuntu-0ubuntu2.20.04
09:59:25.673 INFO  SelectVariants - Start Date/Time: June 13, 2021 at 9:59:25 AM EDT
09:59:25.673 INFO  SelectVariants - ------------------------------------------------------------
09:59:25.673 INFO  SelectVariants - ------------------------------------------------------------
09:59:25.674 INFO  SelectVariants - HTSJDK Version: 2.24.0
09:59:25.674 INFO  SelectVariants - Picard Version: 2.25.0
09:59:25.675 INFO  SelectVariants - Built for Spark Version: 2.4.5
09:59:25.675 INFO  SelectVariants - HTSJDK Defaults.COMPRESSION_LEVEL : 2
09:59:25.675 INFO  SelectVariants - HTSJDK Defaults.USE_ASYNC_IO_READ_FOR_SAMTOOLS : false
09:59:25.675 INFO  SelectVariants - HTSJDK Defaults.USE_ASYNC_IO_WRITE_FOR_SAMTOOLS : true
09:59:25.675 INFO  SelectVariants - HTSJDK Defaults.USE_ASYNC_IO_WRITE_FOR_TRIBBLE : false
09:59:25.675 INFO  SelectVariants - Deflater: IntelDeflater
09:59:25.675 INFO  SelectVariants - Inflater: IntelInflater
09:59:25.675 INFO  SelectVariants - GCS max retries/reopens: 20
09:59:25.675 INFO  SelectVariants - Requester pays: disabled
09:59:25.675 INFO  SelectVariants - Initializing engine
09:59:25.863 INFO  FeatureManager - Using codec VCFCodec to read file file:///scratch/timothy/projects/0017_Montipora_capitata_HiRise_Assembly/03_Analysis/2021_04_21/RNAseq_short_variant_analysis/filtering/GVCFall_INDELs_VarScores_filterPASSED_DPfilter.vcf
09:59:26.043 INFO  SelectVariants - Done initializing engine
09:59:26.092 INFO  ProgressMeter - Starting traversal
09:59:26.092 INFO  ProgressMeter -        Current Locus  Elapsed Minutes    Variants Processed  Variants/Minute
09:59:36.290 INFO  ProgressMeter - Montipora_capitata_HIv1___Scaffold_1___length_48529999:21555453              0.2                 40000         235363.3
09:59:46.331 INFO  ProgressMeter - Montipora_capitata_HIv1___Scaffold_1___length_48529999:47854948              0.3                 86000         254953.3
09:59:56.469 INFO  ProgressMeter - Montipora_capitata_HIv1___Scaffold_2___length_53177999:24627540              0.5                131000         258756.9
10:00:06.605 INFO  ProgressMeter - Montipora_capitata_HIv1___Scaffold_3___length_47342999:2853402              0.7                181000         268062.1
10:00:16.691 INFO  ProgressMeter - Montipora_capitata_HIv1___Scaffold_3___length_47342999:38360947              0.8                231000         273918.5
10:00:26.709 INFO  ProgressMeter - Montipora_capitata_HIv1___Scaffold_4___length_47716837:18418789              1.0                282000         279129.6
10:00:36.833 INFO  ProgressMeter - Montipora_capitata_HIv1___Scaffold_5___length_62411161:3726544              1.2                335000         284135.1
10:00:46.907 INFO  ProgressMeter - Montipora_capitata_HIv1___Scaffold_5___length_62411161:32540245              1.3                385000         285838.0
10:00:56.917 INFO  ProgressMeter - Montipora_capitata_HIv1___Scaffold_6___length_38979999:174790              1.5                436000         288026.4
10:01:07.043 INFO  ProgressMeter - Montipora_capitata_HIv1___Scaffold_6___length_38979999:31408778              1.7                488000         290041.7
10:01:17.119 INFO  ProgressMeter - Montipora_capitata_HIv1___Scaffold_7___length_22000686:18390332              1.9                539000         291280.5
10:01:27.228 INFO  ProgressMeter - Montipora_capitata_HIv1___Scaffold_8___length_68683312:23795268              2.0                590000         292233.5
10:01:37.285 INFO  ProgressMeter - Montipora_capitata_HIv1___Scaffold_8___length_68683312:57659020              2.2                641000         293155.9
10:01:47.456 INFO  ProgressMeter - Montipora_capitata_HIv1___Scaffold_9___length_36520733:16705655              2.4                693000         294134.3
10:01:57.677 INFO  ProgressMeter - Montipora_capitata_HIv1___Scaffold_10___length_69151359:12529750              2.5                746000         295279.9
10:02:07.815 INFO  ProgressMeter - Montipora_capitata_HIv1___Scaffold_10___length_69151359:49966163              2.7                799000         296432.8
10:02:17.997 INFO  ProgressMeter - Montipora_capitata_HIv1___Scaffold_11___length_67098902:11508036              2.9                851000         297024.5
10:02:28.183 INFO  ProgressMeter - Montipora_capitata_HIv1___Scaffold_11___length_67098902:42622253              3.0                903000         297543.5
10:02:38.274 INFO  ProgressMeter - Montipora_capitata_HIv1___Scaffold_12___length_43329812:5440904              3.2                955000         298154.9
10:02:48.312 INFO  ProgressMeter - Montipora_capitata_HIv1___Scaffold_12___length_43329812:39734800              3.4               1006000         298488.3
10:02:58.448 INFO  ProgressMeter - Montipora_capitata_HIv1___Scaffold_13___length_39528174:31952267              3.5               1058000         298932.0
10:03:08.536 INFO  ProgressMeter - Montipora_capitata_HIv1___Scaffold_14___length_35226620:21240991              3.7               1110000         299401.2
10:03:18.666 INFO  ProgressMeter - Montipora_capitata_HIv1___Scaffold_85___length_245961:43760              3.9               1162000         299775.6
10:03:28.703 INFO  ProgressMeter - Montipora_capitata_HIv1___Scaffold_1586___length_9234:5546              4.0               1215000         300481.0
10:03:28.816 INFO  ProgressMeter - Montipora_capitata_HIv1___Scaffold_1586___length_9234:5546              4.0               1215606         300490.9
10:03:28.816 INFO  ProgressMeter - Traversal complete. Processed 1215606 total variants in 4.0 minutes.
10:03:28.923 INFO  SelectVariants - Shutting down engine
[June 13, 2021 at 10:03:28 AM EDT] org.broadinstitute.hellbender.tools.walkers.variantutils.SelectVariants done. Elapsed time: 4.06 minutes.
Runtime.totalMemory()=4357881856
Using GATK jar /home/timothy/programs/gatk-4.2.0.0/gatk-package-4.2.0.0-local.jar
Running:
    java -Dsamjdk.use_async_io_read_samtools=false -Dsamjdk.use_async_io_write_samtools=true -Dsamjdk.use_async_io_write_tribble=false -Dsamjdk.compression_level=2 -jar /home/timothy/programs/gatk-4.2.0.0/gatk-package-4.2.0.0-local.jar SelectVariants --reference Montipora_capitata_HIv1.assembly.fasta --variant GVCFall_INDELs_VarScores_filterPASSED_DPfilter.vcf --output GVCFall_INDELs_VarScores_filterPASSED_DPfilterNoCall.vcf --set-filtered-gt-to-nocall
