21:53:19.821 INFO  NativeLibraryLoader - Loading libgkl_compression.so from jar:file:/home/timothy/programs/gatk-4.2.0.0/gatk-package-4.2.0.0-local.jar!/com/intel/gkl/native/libgkl_compression.so
Jun 12, 2021 9:53:19 PM shaded.cloud_nio.com.google.auth.oauth2.ComputeEngineCredentials runningOnComputeEngine
INFO: Failed to detect whether we are running on Google Compute Engine.
21:53:20.001 INFO  IndexFeatureFile - ------------------------------------------------------------
21:53:20.002 INFO  IndexFeatureFile - The Genome Analysis Toolkit (GATK) v4.2.0.0
21:53:20.002 INFO  IndexFeatureFile - For support and documentation go to https://software.broadinstitute.org/gatk/
21:53:20.002 INFO  IndexFeatureFile - Executing as timothy@coral on Linux v5.4.0-72-generic amd64
21:53:20.002 INFO  IndexFeatureFile - Java runtime: OpenJDK 64-Bit Server VM v11.0.11+9-Ubuntu-0ubuntu2.20.04
21:53:20.002 INFO  IndexFeatureFile - Start Date/Time: June 12, 2021 at 9:53:19 PM EDT
21:53:20.002 INFO  IndexFeatureFile - ------------------------------------------------------------
21:53:20.002 INFO  IndexFeatureFile - ------------------------------------------------------------
21:53:20.003 INFO  IndexFeatureFile - HTSJDK Version: 2.24.0
21:53:20.003 INFO  IndexFeatureFile - Picard Version: 2.25.0
21:53:20.003 INFO  IndexFeatureFile - Built for Spark Version: 2.4.5
21:53:20.003 INFO  IndexFeatureFile - HTSJDK Defaults.COMPRESSION_LEVEL : 2
21:53:20.003 INFO  IndexFeatureFile - HTSJDK Defaults.USE_ASYNC_IO_READ_FOR_SAMTOOLS : false
21:53:20.003 INFO  IndexFeatureFile - HTSJDK Defaults.USE_ASYNC_IO_WRITE_FOR_SAMTOOLS : true
21:53:20.003 INFO  IndexFeatureFile - HTSJDK Defaults.USE_ASYNC_IO_WRITE_FOR_TRIBBLE : false
21:53:20.003 INFO  IndexFeatureFile - Deflater: IntelDeflater
21:53:20.003 INFO  IndexFeatureFile - Inflater: IntelInflater
21:53:20.003 INFO  IndexFeatureFile - GCS max retries/reopens: 20
21:53:20.003 INFO  IndexFeatureFile - Requester pays: disabled
21:53:20.003 INFO  IndexFeatureFile - Initializing engine
21:53:20.003 INFO  IndexFeatureFile - Done initializing engine
21:53:20.075 INFO  FeatureManager - Using codec VCFCodec to read file file:///scratch/timothy/projects/0017_Montipora_capitata_HiRise_Assembly/03_Analysis/2021_04_21/RNAseq_short_variant_analysis/filtering/GVCFall_INDELs_VarScores_filterPASSED.vcf
21:53:20.133 INFO  ProgressMeter - Starting traversal
21:53:20.133 INFO  ProgressMeter -        Current Locus  Elapsed Minutes     Records Processed   Records/Minute
21:53:30.148 INFO  ProgressMeter - Montipora_capitata_HIv1___Scaffold_6___length_38979999:28919057              0.2                483000        2894526.6
21:53:40.165 INFO  ProgressMeter - Montipora_capitata_HIv1___Scaffold_12___length_43329812:42562050              0.3               1012000        3031150.2
21:53:43.789 INFO  ProgressMeter - Montipora_capitata_HIv1___Scaffold_1586___length_9234:5546              0.4               1215606        3083338.0
21:53:43.789 INFO  ProgressMeter - Traversal complete. Processed 1215606 total records in 0.4 minutes.
21:53:43.874 INFO  IndexFeatureFile - Successfully wrote index to /scratch/timothy/projects/0017_Montipora_capitata_HiRise_Assembly/03_Analysis/2021_04_21/RNAseq_short_variant_analysis/filtering/GVCFall_INDELs_VarScores_filterPASSED.vcf.idx
21:53:43.874 INFO  IndexFeatureFile - Shutting down engine
[June 12, 2021 at 9:53:43 PM EDT] org.broadinstitute.hellbender.tools.IndexFeatureFile done. Elapsed time: 0.40 minutes.
Runtime.totalMemory()=5477761024
Tool returned:
/scratch/timothy/projects/0017_Montipora_capitata_HiRise_Assembly/03_Analysis/2021_04_21/RNAseq_short_variant_analysis/filtering/GVCFall_INDELs_VarScores_filterPASSED.vcf.idx
Using GATK jar /home/timothy/programs/gatk-4.2.0.0/gatk-package-4.2.0.0-local.jar
Running:
    java -Dsamjdk.use_async_io_read_samtools=false -Dsamjdk.use_async_io_write_samtools=true -Dsamjdk.use_async_io_write_tribble=false -Dsamjdk.compression_level=2 -jar /home/timothy/programs/gatk-4.2.0.0/gatk-package-4.2.0.0-local.jar IndexFeatureFile --input GVCFall_INDELs_VarScores_filterPASSED.vcf
