19:41:56.644 INFO  NativeLibraryLoader - Loading libgkl_compression.so from jar:file:/home/timothy/programs/gatk-4.2.0.0/gatk-package-4.2.0.0-local.jar!/com/intel/gkl/native/libgkl_compression.so
Jun 12, 2021 7:41:56 PM shaded.cloud_nio.com.google.auth.oauth2.ComputeEngineCredentials runningOnComputeEngine
INFO: Failed to detect whether we are running on Google Compute Engine.
19:41:56.782 INFO  VariantsToTable - ------------------------------------------------------------
19:41:56.782 INFO  VariantsToTable - The Genome Analysis Toolkit (GATK) v4.2.0.0
19:41:56.782 INFO  VariantsToTable - For support and documentation go to https://software.broadinstitute.org/gatk/
19:41:56.782 INFO  VariantsToTable - Executing as timothy@coral on Linux v5.4.0-72-generic amd64
19:41:56.782 INFO  VariantsToTable - Java runtime: OpenJDK 64-Bit Server VM v11.0.11+9-Ubuntu-0ubuntu2.20.04
19:41:56.783 INFO  VariantsToTable - Start Date/Time: June 12, 2021 at 7:41:56 PM EDT
19:41:56.783 INFO  VariantsToTable - ------------------------------------------------------------
19:41:56.783 INFO  VariantsToTable - ------------------------------------------------------------
19:41:56.783 INFO  VariantsToTable - HTSJDK Version: 2.24.0
19:41:56.783 INFO  VariantsToTable - Picard Version: 2.25.0
19:41:56.783 INFO  VariantsToTable - Built for Spark Version: 2.4.5
19:41:56.783 INFO  VariantsToTable - HTSJDK Defaults.COMPRESSION_LEVEL : 2
19:41:56.783 INFO  VariantsToTable - HTSJDK Defaults.USE_ASYNC_IO_READ_FOR_SAMTOOLS : false
19:41:56.783 INFO  VariantsToTable - HTSJDK Defaults.USE_ASYNC_IO_WRITE_FOR_SAMTOOLS : true
19:41:56.783 INFO  VariantsToTable - HTSJDK Defaults.USE_ASYNC_IO_WRITE_FOR_TRIBBLE : false
19:41:56.783 INFO  VariantsToTable - Deflater: IntelDeflater
19:41:56.783 INFO  VariantsToTable - Inflater: IntelInflater
19:41:56.783 INFO  VariantsToTable - GCS max retries/reopens: 20
19:41:56.783 INFO  VariantsToTable - Requester pays: disabled
19:41:56.784 INFO  VariantsToTable - Initializing engine
19:41:56.945 INFO  FeatureManager - Using codec VCFCodec to read file file:///scratch/timothy/projects/0017_Montipora_capitata_HiRise_Assembly/03_Analysis/2021_04_21/RNAseq_short_variant_analysis/filtering/GVCFall_SNPs.vcf.gz
19:41:57.117 INFO  VariantsToTable - Done initializing engine
19:41:57.117 WARN  VariantsToTable - Allele-specific fields will only be split if splitting multi-allelic variants is specified (`--split-multi-allelic` or `-SMA`
19:41:57.117 INFO  ProgressMeter - Starting traversal
19:41:57.118 INFO  ProgressMeter -        Current Locus  Elapsed Minutes    Variants Processed  Variants/Minute
19:42:07.130 INFO  ProgressMeter - Montipora_capitata_HIv1___Scaffold_1___length_48529999:25341502              0.2                461000        2763236.8
19:42:17.148 INFO  ProgressMeter - Montipora_capitata_HIv1___Scaffold_2___length_53177999:4240667              0.3                988000        2959708.4
19:42:27.159 INFO  ProgressMeter - Montipora_capitata_HIv1___Scaffold_2___length_53177999:37698449              0.5               1525000        3045837.4
19:42:37.170 INFO  ProgressMeter - Montipora_capitata_HIv1___Scaffold_3___length_47342999:13820811              0.7               2063000        3090482.4
19:42:47.173 INFO  ProgressMeter - Montipora_capitata_HIv1___Scaffold_4___length_47716837:591896              0.8               2606000        3123763.9
19:42:57.174 INFO  ProgressMeter - Montipora_capitata_HIv1___Scaffold_4___length_47716837:36510596              1.0               3166000        3163047.8
19:43:07.187 INFO  ProgressMeter - Montipora_capitata_HIv1___Scaffold_5___length_62411161:17811354              1.2               3717000        3182908.0
19:43:17.199 INFO  ProgressMeter - Montipora_capitata_HIv1___Scaffold_5___length_62411161:52964091              1.3               4276000        3203796.2
19:43:27.204 INFO  ProgressMeter - Montipora_capitata_HIv1___Scaffold_6___length_38979999:16529645              1.5               4813000        3205603.5
19:43:37.220 INFO  ProgressMeter - Montipora_capitata_HIv1___Scaffold_7___length_22000686:7353439              1.7               5356000        3210325.5
19:43:47.222 INFO  ProgressMeter - Montipora_capitata_HIv1___Scaffold_8___length_68683312:12675020              1.8               5904000        3217351.0
19:43:57.227 INFO  ProgressMeter - Montipora_capitata_HIv1___Scaffold_8___length_68683312:49674803              2.0               6475000        3234588.9
19:44:07.237 INFO  ProgressMeter - Montipora_capitata_HIv1___Scaffold_9___length_36520733:8372149              2.2               7021000        3237498.0
19:44:17.237 INFO  ProgressMeter - Montipora_capitata_HIv1___Scaffold_10___length_69151359:734940              2.3               7574000        3243243.2
19:44:27.248 INFO  ProgressMeter - Montipora_capitata_HIv1___Scaffold_10___length_69151359:34443513              2.5               8131000        3249583.7
19:44:37.256 INFO  ProgressMeter - Montipora_capitata_HIv1___Scaffold_10___length_69151359:67897811              2.7               8688000        3255192.4
19:44:47.261 INFO  ProgressMeter - Montipora_capitata_HIv1___Scaffold_11___length_67098902:28813946              2.8               9238000        3257730.3
19:44:57.264 INFO  ProgressMeter - Montipora_capitata_HIv1___Scaffold_11___length_67098902:63848083              3.0               9807000        3266350.6
19:45:07.277 INFO  ProgressMeter - Montipora_capitata_HIv1___Scaffold_12___length_43329812:31189915              3.2              10369000        3271683.2
19:45:17.290 INFO  ProgressMeter - Montipora_capitata_HIv1___Scaffold_13___length_39528174:17861363              3.3              10915000        3271686.3
19:45:27.301 INFO  ProgressMeter - Montipora_capitata_HIv1___Scaffold_14___length_35226620:9526921              3.5              11468000        3273718.6
19:45:37.314 INFO  ProgressMeter - Montipora_capitata_HIv1___Scaffold_20___length_669494:267391              3.7              12026000        3276898.8
19:45:47.329 INFO  ProgressMeter - Montipora_capitata_HIv1___Scaffold_304___length_88736:83303              3.8              12606000        3285521.9
19:45:52.871 INFO  ProgressMeter - Montipora_capitata_HIv1___Scaffold_1685___length_1536:1376              3.9              12928239        3290284.1
19:45:52.871 INFO  ProgressMeter - Traversal complete. Processed 12928239 total variants in 3.9 minutes.
19:45:52.871 INFO  VariantsToTable - Shutting down engine
[June 12, 2021 at 7:45:52 PM EDT] org.broadinstitute.hellbender.tools.walkers.variantutils.VariantsToTable done. Elapsed time: 3.94 minutes.
Runtime.totalMemory()=4487905280
Using GATK jar /home/timothy/programs/gatk-4.2.0.0/gatk-package-4.2.0.0-local.jar
Running:
    java -Dsamjdk.use_async_io_read_samtools=false -Dsamjdk.use_async_io_write_samtools=true -Dsamjdk.use_async_io_write_tribble=false -Dsamjdk.compression_level=2 -jar /home/timothy/programs/gatk-4.2.0.0/gatk-package-4.2.0.0-local.jar VariantsToTable --reference Montipora_capitata_HIv1.assembly.fasta --variant GVCFall_SNPs.vcf.gz --output GVCFall_SNPs.table -F CHROM -F POS -F QUAL -F QD -F DP -F MQ -F FS -F SOR -F MQRankSum -F ReadPosRankSum
