23:59:22.465 INFO  NativeLibraryLoader - Loading libgkl_compression.so from jar:file:/home/timothy/programs/gatk-4.2.0.0/gatk-package-4.2.0.0-local.jar!/com/intel/gkl/native/libgkl_compression.so
Jun 12, 2021 11:59:22 PM shaded.cloud_nio.com.google.auth.oauth2.ComputeEngineCredentials runningOnComputeEngine
INFO: Failed to detect whether we are running on Google Compute Engine.
23:59:22.609 INFO  VariantsToTable - ------------------------------------------------------------
23:59:22.609 INFO  VariantsToTable - The Genome Analysis Toolkit (GATK) v4.2.0.0
23:59:22.609 INFO  VariantsToTable - For support and documentation go to https://software.broadinstitute.org/gatk/
23:59:22.609 INFO  VariantsToTable - Executing as timothy@coral on Linux v5.4.0-72-generic amd64
23:59:22.609 INFO  VariantsToTable - Java runtime: OpenJDK 64-Bit Server VM v11.0.11+9-Ubuntu-0ubuntu2.20.04
23:59:22.610 INFO  VariantsToTable - Start Date/Time: June 12, 2021 at 11:59:22 PM EDT
23:59:22.610 INFO  VariantsToTable - ------------------------------------------------------------
23:59:22.610 INFO  VariantsToTable - ------------------------------------------------------------
23:59:22.610 INFO  VariantsToTable - HTSJDK Version: 2.24.0
23:59:22.610 INFO  VariantsToTable - Picard Version: 2.25.0
23:59:22.610 INFO  VariantsToTable - Built for Spark Version: 2.4.5
23:59:22.610 INFO  VariantsToTable - HTSJDK Defaults.COMPRESSION_LEVEL : 2
23:59:22.610 INFO  VariantsToTable - HTSJDK Defaults.USE_ASYNC_IO_READ_FOR_SAMTOOLS : false
23:59:22.610 INFO  VariantsToTable - HTSJDK Defaults.USE_ASYNC_IO_WRITE_FOR_SAMTOOLS : true
23:59:22.610 INFO  VariantsToTable - HTSJDK Defaults.USE_ASYNC_IO_WRITE_FOR_TRIBBLE : false
23:59:22.610 INFO  VariantsToTable - Deflater: IntelDeflater
23:59:22.610 INFO  VariantsToTable - Inflater: IntelInflater
23:59:22.610 INFO  VariantsToTable - GCS max retries/reopens: 20
23:59:22.611 INFO  VariantsToTable - Requester pays: disabled
23:59:22.611 INFO  VariantsToTable - Initializing engine
23:59:22.790 INFO  FeatureManager - Using codec VCFCodec to read file file:///scratch/timothy/projects/0017_Montipora_capitata_HiRise_Assembly/03_Analysis/2021_04_21/RNAseq_short_variant_analysis/filtering/GVCFall_SNPs_VarScores_filterPASSED.vcf
23:59:22.923 INFO  VariantsToTable - Done initializing engine
23:59:22.923 WARN  VariantsToTable - Allele-specific fields will only be split if splitting multi-allelic variants is specified (`--split-multi-allelic` or `-SMA`
23:59:22.923 INFO  ProgressMeter - Starting traversal
23:59:22.924 INFO  ProgressMeter -        Current Locus  Elapsed Minutes    Variants Processed  Variants/Minute
23:59:32.930 INFO  ProgressMeter - Montipora_capitata_HIv1___Scaffold_1___length_48529999:37512279              0.2                506000        3035089.5
23:59:42.937 INFO  ProgressMeter - Montipora_capitata_HIv1___Scaffold_2___length_53177999:36711229              0.3               1115000        3342827.2
23:59:52.940 INFO  ProgressMeter - Montipora_capitata_HIv1___Scaffold_3___length_47342999:37206665              0.5               1761000        3520122.6
00:00:02.943 INFO  ProgressMeter - Montipora_capitata_HIv1___Scaffold_4___length_47716837:39001427              0.7               2384000        3574302.2
00:00:12.948 INFO  ProgressMeter - Montipora_capitata_HIv1___Scaffold_5___length_62411161:42290679              0.8               3033000        3637926.6
00:00:22.956 INFO  ProgressMeter - Montipora_capitata_HIv1___Scaffold_6___length_38979999:29417860              1.0               3692000        3690093.5
00:00:32.965 INFO  ProgressMeter - Montipora_capitata_HIv1___Scaffold_8___length_68683312:12057649              1.2               4317000        3698119.7
00:00:42.968 INFO  ProgressMeter - Montipora_capitata_HIv1___Scaffold_8___length_68683312:63229957              1.3               4949000        3709756.0
00:00:52.979 INFO  ProgressMeter - Montipora_capitata_HIv1___Scaffold_10___length_69151359:2311579              1.5               5583000        3719726.8
00:01:02.987 INFO  ProgressMeter - Montipora_capitata_HIv1___Scaffold_10___length_69151359:54725605              1.7               6222000        3730849.6
00:01:12.994 INFO  ProgressMeter - Montipora_capitata_HIv1___Scaffold_11___length_67098902:35099062              1.8               6875000        3747615.2
00:01:22.996 INFO  ProgressMeter - Montipora_capitata_HIv1___Scaffold_12___length_43329812:20981586              2.0               7529000        3762242.7
00:01:33.000 INFO  ProgressMeter - Montipora_capitata_HIv1___Scaffold_13___length_39528174:29788112              2.2               8178000        3772256.2
00:01:43.002 INFO  ProgressMeter - Montipora_capitata_HIv1___Scaffold_14___length_35226620:34808492              2.3               8823000        3779180.2
00:01:53.015 INFO  ProgressMeter - Montipora_capitata_HIv1___Scaffold_682___length_39573:8868              2.5               9487000        3792499.2
00:01:54.490 INFO  ProgressMeter - Montipora_capitata_HIv1___Scaffold_1642___length_5182:4666              2.5               9584962        3794371.6
00:01:54.490 INFO  ProgressMeter - Traversal complete. Processed 9584962 total variants in 2.5 minutes.
00:01:54.490 INFO  VariantsToTable - Shutting down engine
[June 13, 2021 at 12:01:54 AM EDT] org.broadinstitute.hellbender.tools.walkers.variantutils.VariantsToTable done. Elapsed time: 2.53 minutes.
Runtime.totalMemory()=4047503360
Using GATK jar /home/timothy/programs/gatk-4.2.0.0/gatk-package-4.2.0.0-local.jar
Running:
    java -Dsamjdk.use_async_io_read_samtools=false -Dsamjdk.use_async_io_write_samtools=true -Dsamjdk.use_async_io_write_tribble=false -Dsamjdk.compression_level=2 -jar /home/timothy/programs/gatk-4.2.0.0/gatk-package-4.2.0.0-local.jar VariantsToTable --reference Montipora_capitata_HIv1.assembly.fasta --variant GVCFall_SNPs_VarScores_filterPASSED.vcf --output GVCFall_SNPs_VarScores_filterPASSED.table -F CHROM -F POS -F QUAL -F QD -F DP -F MQ -F FS -F SOR -F MQRankSum -F ReadPosRankSum
