19:46:49.783 INFO  NativeLibraryLoader - Loading libgkl_compression.so from jar:file:/home/timothy/programs/gatk-4.2.0.0/gatk-package-4.2.0.0-local.jar!/com/intel/gkl/native/libgkl_compression.so
Jun 12, 2021 7:46:49 PM shaded.cloud_nio.com.google.auth.oauth2.ComputeEngineCredentials runningOnComputeEngine
INFO: Failed to detect whether we are running on Google Compute Engine.
19:46:49.902 INFO  VariantsToTable - ------------------------------------------------------------
19:46:49.902 INFO  VariantsToTable - The Genome Analysis Toolkit (GATK) v4.2.0.0
19:46:49.902 INFO  VariantsToTable - For support and documentation go to https://software.broadinstitute.org/gatk/
19:46:49.902 INFO  VariantsToTable - Executing as timothy@coral on Linux v5.4.0-72-generic amd64
19:46:49.902 INFO  VariantsToTable - Java runtime: OpenJDK 64-Bit Server VM v11.0.11+9-Ubuntu-0ubuntu2.20.04
19:46:49.902 INFO  VariantsToTable - Start Date/Time: June 12, 2021 at 7:46:49 PM EDT
19:46:49.902 INFO  VariantsToTable - ------------------------------------------------------------
19:46:49.902 INFO  VariantsToTable - ------------------------------------------------------------
19:46:49.903 INFO  VariantsToTable - HTSJDK Version: 2.24.0
19:46:49.903 INFO  VariantsToTable - Picard Version: 2.25.0
19:46:49.903 INFO  VariantsToTable - Built for Spark Version: 2.4.5
19:46:49.903 INFO  VariantsToTable - HTSJDK Defaults.COMPRESSION_LEVEL : 2
19:46:49.904 INFO  VariantsToTable - HTSJDK Defaults.USE_ASYNC_IO_READ_FOR_SAMTOOLS : false
19:46:49.904 INFO  VariantsToTable - HTSJDK Defaults.USE_ASYNC_IO_WRITE_FOR_SAMTOOLS : true
19:46:49.904 INFO  VariantsToTable - HTSJDK Defaults.USE_ASYNC_IO_WRITE_FOR_TRIBBLE : false
19:46:49.904 INFO  VariantsToTable - Deflater: IntelDeflater
19:46:49.904 INFO  VariantsToTable - Inflater: IntelInflater
19:46:49.904 INFO  VariantsToTable - GCS max retries/reopens: 20
19:46:49.904 INFO  VariantsToTable - Requester pays: disabled
19:46:49.904 INFO  VariantsToTable - Initializing engine
19:46:50.089 INFO  FeatureManager - Using codec VCFCodec to read file file:///scratch/timothy/projects/0017_Montipora_capitata_HiRise_Assembly/03_Analysis/2021_04_21/RNAseq_short_variant_analysis/filtering/GVCFall_INDELs.vcf.gz
19:46:50.208 INFO  VariantsToTable - Done initializing engine
19:46:50.209 WARN  VariantsToTable - Allele-specific fields will only be split if splitting multi-allelic variants is specified (`--split-multi-allelic` or `-SMA`
19:46:50.209 INFO  ProgressMeter - Starting traversal
19:46:50.209 INFO  ProgressMeter -        Current Locus  Elapsed Minutes    Variants Processed  Variants/Minute
19:47:00.213 INFO  ProgressMeter - Montipora_capitata_HIv1___Scaffold_4___length_47716837:22269447              0.2                474000        2843431.3
19:47:10.228 INFO  ProgressMeter - Montipora_capitata_HIv1___Scaffold_8___length_68683312:31560543              0.3               1001000        3000299.7
19:47:20.232 INFO  ProgressMeter - Montipora_capitata_HIv1___Scaffold_11___length_67098902:63971269              0.5               1547000        3091629.8
19:47:28.275 INFO  ProgressMeter - Montipora_capitata_HIv1___Scaffold_1622___length_6468:2434              0.6               1982583        3124966.6
19:47:28.276 INFO  ProgressMeter - Traversal complete. Processed 1982583 total variants in 0.6 minutes.
19:47:28.276 INFO  VariantsToTable - Shutting down engine
[June 12, 2021 at 7:47:28 PM EDT] org.broadinstitute.hellbender.tools.walkers.variantutils.VariantsToTable done. Elapsed time: 0.64 minutes.
Runtime.totalMemory()=3762290688
Using GATK jar /home/timothy/programs/gatk-4.2.0.0/gatk-package-4.2.0.0-local.jar
Running:
    java -Dsamjdk.use_async_io_read_samtools=false -Dsamjdk.use_async_io_write_samtools=true -Dsamjdk.use_async_io_write_tribble=false -Dsamjdk.compression_level=2 -jar /home/timothy/programs/gatk-4.2.0.0/gatk-package-4.2.0.0-local.jar VariantsToTable --reference Montipora_capitata_HIv1.assembly.fasta --variant GVCFall_INDELs.vcf.gz --output GVCFall_INDELs.table -F CHROM -F POS -F QUAL -F QD -F DP -F MQ -F FS -F SOR -F MQRankSum -F ReadPosRankSum
