Using GATK jar /home/timothy/programs/gatk-4.2.0.0/gatk-package-4.2.0.0-local.jar
Running:
    java -Dsamjdk.use_async_io_read_samtools=false -Dsamjdk.use_async_io_write_samtools=true -Dsamjdk.use_async_io_write_tribble=false -Dsamjdk.compression_level=2 -jar /home/timothy/programs/gatk-4.2.0.0/gatk-package-4.2.0.0-local.jar SelectVariants --reference Pocillopora_acuta_HIv1.assembly.purged.fasta --variant GVCFall.vcf.gz --output GVCFall_INDELs.vcf.gz -select-type INDEL
23:37:19.406 INFO  NativeLibraryLoader - Loading libgkl_compression.so from jar:file:/home/timothy/programs/gatk-4.2.0.0/gatk-package-4.2.0.0-local.jar!/com/intel/gkl/native/libgkl_compression.so
Jun 30, 2021 11:37:19 PM shaded.cloud_nio.com.google.auth.oauth2.ComputeEngineCredentials runningOnComputeEngine
INFO: Failed to detect whether we are running on Google Compute Engine.
23:37:19.542 INFO  SelectVariants - ------------------------------------------------------------
23:37:19.543 INFO  SelectVariants - The Genome Analysis Toolkit (GATK) v4.2.0.0
23:37:19.543 INFO  SelectVariants - For support and documentation go to https://software.broadinstitute.org/gatk/
23:37:19.543 INFO  SelectVariants - Executing as timothy@coral on Linux v5.4.0-72-generic amd64
23:37:19.543 INFO  SelectVariants - Java runtime: OpenJDK 64-Bit Server VM v11.0.11+9-Ubuntu-0ubuntu2.20.04
23:37:19.543 INFO  SelectVariants - Start Date/Time: June 30, 2021 at 11:37:19 PM EDT
23:37:19.543 INFO  SelectVariants - ------------------------------------------------------------
23:37:19.543 INFO  SelectVariants - ------------------------------------------------------------
23:37:19.543 INFO  SelectVariants - HTSJDK Version: 2.24.0
23:37:19.544 INFO  SelectVariants - Picard Version: 2.25.0
23:37:19.544 INFO  SelectVariants - Built for Spark Version: 2.4.5
23:37:19.544 INFO  SelectVariants - HTSJDK Defaults.COMPRESSION_LEVEL : 2
23:37:19.544 INFO  SelectVariants - HTSJDK Defaults.USE_ASYNC_IO_READ_FOR_SAMTOOLS : false
23:37:19.544 INFO  SelectVariants - HTSJDK Defaults.USE_ASYNC_IO_WRITE_FOR_SAMTOOLS : true
23:37:19.544 INFO  SelectVariants - HTSJDK Defaults.USE_ASYNC_IO_WRITE_FOR_TRIBBLE : false
23:37:19.544 INFO  SelectVariants - Deflater: IntelDeflater
23:37:19.544 INFO  SelectVariants - Inflater: IntelInflater
23:37:19.544 INFO  SelectVariants - GCS max retries/reopens: 20
23:37:19.544 INFO  SelectVariants - Requester pays: disabled
23:37:19.544 INFO  SelectVariants - Initializing engine
23:37:19.689 INFO  FeatureManager - Using codec VCFCodec to read file file:///scratch/timothy/projects/0022_Coral_Genotype_Analysis/03_Analysis/2021-06-21/Pocillopora_acuta_PacBio_Assembly/RNAseq_short_variant_analysis_CorrectPloidy/filtering/GVCFall.vcf.gz
23:37:19.780 INFO  SelectVariants - Done initializing engine
23:37:19.839 INFO  ProgressMeter - Starting traversal
23:37:19.840 INFO  ProgressMeter -        Current Locus  Elapsed Minutes    Variants Processed  Variants/Minute
23:37:29.865 INFO  ProgressMeter - Pocillopora_acuta_HIv1___Scaffold_000007F___length_3038207:1579252              0.2                 62000         371109.3
23:37:39.955 INFO  ProgressMeter - Pocillopora_acuta_HIv1___Scaffold_000011F___length_2586769:541664              0.3                124000         369873.2
23:37:50.021 INFO  ProgressMeter - Pocillopora_acuta_HIv1___Scaffold_000016F___length_2230716:1140880              0.5                190000         377721.1
23:38:00.134 INFO  ProgressMeter - Pocillopora_acuta_HIv1___Scaffold_000036F___length_1887486:849145              0.7                257000         382687.2
23:38:10.256 INFO  ProgressMeter - Pocillopora_acuta_HIv1___Scaffold_000051F___length_1752840:1567432              0.8                321000         382021.6
23:38:20.347 INFO  ProgressMeter - Pocillopora_acuta_HIv1___Scaffold_000068F___length_1552883:965716              1.0                390000         386732.1
23:38:30.398 INFO  ProgressMeter - Pocillopora_acuta_HIv1___Scaffold_000088F___length_1443323:60287              1.2                453000         385215.0
23:38:40.481 INFO  ProgressMeter - Pocillopora_acuta_HIv1___Scaffold_000106F___length_1313924:201841              1.3                512000         380947.7
23:38:50.531 INFO  ProgressMeter - Pocillopora_acuta_HIv1___Scaffold_000122F___length_1169827:743227              1.5                572000         378432.0
23:39:00.537 INFO  ProgressMeter - Pocillopora_acuta_HIv1___Scaffold_000171F___length_1060498:240143              1.7                636000         378958.7
23:39:10.646 INFO  ProgressMeter - Pocillopora_acuta_HIv1___Scaffold_000147F___length_962551:794803              1.8                699000         378499.4
23:39:20.743 INFO  ProgressMeter - Pocillopora_acuta_HIv1___Scaffold_000234F___length_860223:668659              2.0                761000         377658.1
23:39:30.810 INFO  ProgressMeter - Pocillopora_acuta_HIv1___Scaffold_000292F___length_759423:365001              2.2                822000         376574.8
23:39:40.845 INFO  ProgressMeter - Pocillopora_acuta_HIv1___Scaffold_000289F___length_675618:577366              2.4                888000         377861.6
23:39:50.988 INFO  ProgressMeter - Pocillopora_acuta_HIv1___Scaffold_000439F___length_572923:481881              2.5                948000         376319.9
23:40:01.030 INFO  ProgressMeter - Pocillopora_acuta_HIv1___Scaffold_000570F___length_459482:213533              2.7               1011000         376328.4
23:40:11.102 INFO  ProgressMeter - Pocillopora_acuta_HIv1___Scaffold_000818F___length_313527:190723              2.9               1074000         376267.8
23:40:21.169 INFO  ProgressMeter - Pocillopora_acuta_HIv1___Scaffold_001649F___length_71619:58604              3.0               1138000         376553.1
23:40:21.372 INFO  ProgressMeter - Pocillopora_acuta_HIv1___Scaffold_001723F___length_35473:532              3.0               1139437         376607.0
23:40:21.372 INFO  ProgressMeter - Traversal complete. Processed 1139437 total variants in 3.0 minutes.
23:40:21.406 INFO  SelectVariants - Shutting down engine
[June 30, 2021 at 11:40:21 PM EDT] org.broadinstitute.hellbender.tools.walkers.variantutils.SelectVariants done. Elapsed time: 3.03 minutes.
Runtime.totalMemory()=2780823552
