11:16:38.930 INFO  NativeLibraryLoader - Loading libgkl_compression.so from jar:file:/home/timothy/programs/gatk-4.2.0.0/gatk-package-4.2.0.0-local.jar!/com/intel/gkl/native/libgkl_compression.so
Jul 01, 2021 11:16:39 AM shaded.cloud_nio.com.google.auth.oauth2.ComputeEngineCredentials runningOnComputeEngine
INFO: Failed to detect whether we are running on Google Compute Engine.
11:16:39.058 INFO  VariantsToTable - ------------------------------------------------------------
11:16:39.058 INFO  VariantsToTable - The Genome Analysis Toolkit (GATK) v4.2.0.0
11:16:39.058 INFO  VariantsToTable - For support and documentation go to https://software.broadinstitute.org/gatk/
11:16:39.059 INFO  VariantsToTable - Executing as timothy@coral on Linux v5.4.0-72-generic amd64
11:16:39.059 INFO  VariantsToTable - Java runtime: OpenJDK 64-Bit Server VM v11.0.11+9-Ubuntu-0ubuntu2.20.04
11:16:39.059 INFO  VariantsToTable - Start Date/Time: July 1, 2021 at 11:16:38 AM EDT
11:16:39.059 INFO  VariantsToTable - ------------------------------------------------------------
11:16:39.059 INFO  VariantsToTable - ------------------------------------------------------------
11:16:39.059 INFO  VariantsToTable - HTSJDK Version: 2.24.0
11:16:39.059 INFO  VariantsToTable - Picard Version: 2.25.0
11:16:39.059 INFO  VariantsToTable - Built for Spark Version: 2.4.5
11:16:39.059 INFO  VariantsToTable - HTSJDK Defaults.COMPRESSION_LEVEL : 2
11:16:39.059 INFO  VariantsToTable - HTSJDK Defaults.USE_ASYNC_IO_READ_FOR_SAMTOOLS : false
11:16:39.059 INFO  VariantsToTable - HTSJDK Defaults.USE_ASYNC_IO_WRITE_FOR_SAMTOOLS : true
11:16:39.059 INFO  VariantsToTable - HTSJDK Defaults.USE_ASYNC_IO_WRITE_FOR_TRIBBLE : false
11:16:39.060 INFO  VariantsToTable - Deflater: IntelDeflater
11:16:39.060 INFO  VariantsToTable - Inflater: IntelInflater
11:16:39.060 INFO  VariantsToTable - GCS max retries/reopens: 20
11:16:39.060 INFO  VariantsToTable - Requester pays: disabled
11:16:39.060 INFO  VariantsToTable - Initializing engine
11:16:39.177 INFO  FeatureManager - Using codec VCFCodec to read file file:///scratch/timothy/projects/0022_Coral_Genotype_Analysis/03_Analysis/2021-06-21/Pocillopora_acuta_PacBio_Assembly/RNAseq_short_variant_analysis_CorrectPloidy/filtering/GVCFall_SNPs_VarScores_filterPASSED_DPfilterNoCall.vcf
11:16:39.254 INFO  VariantsToTable - Done initializing engine
11:16:39.258 WARN  VariantsToTable - Allele-specific fields will only be split if splitting multi-allelic variants is specified (`--split-multi-allelic` or `-SMA`
11:16:39.259 INFO  ProgressMeter - Starting traversal
11:16:39.259 INFO  ProgressMeter -        Current Locus  Elapsed Minutes    Variants Processed  Variants/Minute
11:16:49.384 INFO  ProgressMeter - Pocillopora_acuta_HIv1___Scaffold_000000F___length_7015273:2951651              0.2                 42000         248913.5
11:16:59.500 INFO  ProgressMeter - Pocillopora_acuta_HIv1___Scaffold_000000F___length_7015273:6855449              0.3                 91000         269749.5
11:17:09.648 INFO  ProgressMeter - Pocillopora_acuta_HIv1___Scaffold_000001F___length_3838978:3289434              0.5                145000         286287.8
11:17:19.780 INFO  ProgressMeter - Pocillopora_acuta_HIv1___Scaffold_000002F___length_3285914:1202246              0.7                203000         300592.3
11:17:29.849 INFO  ProgressMeter - Pocillopora_acuta_HIv1___Scaffold_000007F___length_3038207:2693740              0.8                261000         309547.3
11:17:39.959 INFO  ProgressMeter - Pocillopora_acuta_HIv1___Scaffold_000004F___length_2973859:460299              1.0                317000         313344.3
11:17:49.977 INFO  ProgressMeter - Pocillopora_acuta_HIv1___Scaffold_000005F___length_2913003:994272              1.2                373000         316468.2
11:18:00.111 INFO  ProgressMeter - Pocillopora_acuta_HIv1___Scaffold_000008F___length_2769899:1685654              1.3                431000         319843.7
11:18:10.249 INFO  ProgressMeter - Pocillopora_acuta_HIv1___Scaffold_000009F___length_2672951:2142363              1.5                488000         321797.1
11:18:20.406 INFO  ProgressMeter - Pocillopora_acuta_HIv1___Scaffold_000011F___length_2586769:1155168              1.7                546000         323888.2
11:18:30.414 INFO  ProgressMeter - Pocillopora_acuta_HIv1___Scaffold_000012F___length_2520783:2458492              1.9                602000         324951.6
11:18:40.521 INFO  ProgressMeter - Pocillopora_acuta_HIv1___Scaffold_000019F___length_2418994:216324              2.0                659000         326070.8
11:18:50.536 INFO  ProgressMeter - Pocillopora_acuta_HIv1___Scaffold_000017F___length_2344199:627839              2.2                716000         327247.0
11:19:00.594 INFO  ProgressMeter - Pocillopora_acuta_HIv1___Scaffold_000026F___length_2243953:2201680              2.4                774000         328583.4
11:19:10.695 INFO  ProgressMeter - Pocillopora_acuta_HIv1___Scaffold_000016F___length_2230716:1566638              2.5                832000         329644.2
11:19:20.829 INFO  ProgressMeter - Pocillopora_acuta_HIv1___Scaffold_000028F___length_2192771:858575              2.7                890000         330508.9
11:19:30.971 INFO  ProgressMeter - Pocillopora_acuta_HIv1___Scaffold_000029F___length_2136925:904079              2.9                948000         331252.3
11:19:41.057 INFO  ProgressMeter - Pocillopora_acuta_HIv1___Scaffold_000025F___length_2017222:387542              3.0               1005000         331686.8
11:19:51.083 INFO  ProgressMeter - Pocillopora_acuta_HIv1___Scaffold_000027F___length_1993346:766081              3.2               1062000         332179.5
11:20:01.113 INFO  ProgressMeter - Pocillopora_acuta_HIv1___Scaffold_000034F___length_1965713:861114              3.4               1119000         332616.6
11:20:11.245 INFO  ProgressMeter - Pocillopora_acuta_HIv1___Scaffold_000035F___length_1881926:1162551              3.5               1176000         332852.2
11:20:21.261 INFO  ProgressMeter - Pocillopora_acuta_HIv1___Scaffold_000040F___length_1870022:1416370              3.7               1233000         333240.2
11:20:31.486 INFO  ProgressMeter - Pocillopora_acuta_HIv1___Scaffold_000044F___length_1822362:241515              3.9               1291000         333552.9
11:20:41.497 INFO  ProgressMeter - Pocillopora_acuta_HIv1___Scaffold_000047F___length_1804076:1375583              4.0               1349000         334134.2
11:20:51.571 INFO  ProgressMeter - Pocillopora_acuta_HIv1___Scaffold_000048F___length_1779791:1744141              4.2               1407000         334585.8
11:21:01.715 INFO  ProgressMeter - Pocillopora_acuta_HIv1___Scaffold_000052F___length_1749787:65808              4.4               1464000         334684.7
11:21:11.722 INFO  ProgressMeter - Pocillopora_acuta_HIv1___Scaffold_000059F___length_1692002:1581745              4.5               1520000         334724.3
11:21:21.802 INFO  ProgressMeter - Pocillopora_acuta_HIv1___Scaffold_000056F___length_1677393:1649333              4.7               1577000         334887.1
11:21:31.835 INFO  ProgressMeter - Pocillopora_acuta_HIv1___Scaffold_000061F___length_1614046:894783              4.9               1634000         335092.4
11:21:41.860 INFO  ProgressMeter - Pocillopora_acuta_HIv1___Scaffold_000053F___length_1590508:368460              5.0               1691000         335294.1
11:21:51.923 INFO  ProgressMeter - Pocillopora_acuta_HIv1___Scaffold_000067F___length_1571305:455632              5.2               1748000         335440.0
11:22:01.967 INFO  ProgressMeter - Pocillopora_acuta_HIv1___Scaffold_000050F___length_1523765:608050              5.4               1806000         335783.4
11:22:12.003 INFO  ProgressMeter - Pocillopora_acuta_HIv1___Scaffold_000083F___length_1495163:299318              5.5               1864000         336114.2
11:22:22.072 INFO  ProgressMeter - Pocillopora_acuta_HIv1___Scaffold_000065F___length_1489235:799066              5.7               1922000         336394.3
11:22:32.191 INFO  ProgressMeter - Pocillopora_acuta_HIv1___Scaffold_000075F___length_1465233:742145              5.9               1980000         336608.8
11:22:42.251 INFO  ProgressMeter - Pocillopora_acuta_HIv1___Scaffold_000041F___length_1444133:760904              6.0               2038000         336866.9
11:22:52.419 INFO  ProgressMeter - Pocillopora_acuta_HIv1___Scaffold_000089F___length_1432987:512969              6.2               2097000         337174.4
11:23:02.445 INFO  ProgressMeter - Pocillopora_acuta_HIv1___Scaffold_000099F___length_1380629:211210              6.4               2155000         337434.9
11:23:12.527 INFO  ProgressMeter - Pocillopora_acuta_HIv1___Scaffold_000085F___length_1359006:758208              6.6               2213000         337632.4
11:23:22.554 INFO  ProgressMeter - Pocillopora_acuta_HIv1___Scaffold_000076F___length_1335001:869176              6.7               2270000         337718.0
11:23:32.570 INFO  ProgressMeter - Pocillopora_acuta_HIv1___Scaffold_000106F___length_1313924:885401              6.9               2327000         337808.6
11:23:42.684 INFO  ProgressMeter - Pocillopora_acuta_HIv1___Scaffold_000105F___length_1277664:66645              7.1               2385000         337958.3
11:23:52.760 INFO  ProgressMeter - Pocillopora_acuta_HIv1___Scaffold_000116F___length_1230997:163497              7.2               2442000         337993.1
11:24:02.817 INFO  ProgressMeter - Pocillopora_acuta_HIv1___Scaffold_000123F___length_1201009:903191              7.4               2500000         338174.5
11:24:12.859 INFO  ProgressMeter - Pocillopora_acuta_HIv1___Scaffold_000119F___length_1183488:179088              7.6               2558000         338359.8
11:24:22.880 INFO  ProgressMeter - Pocillopora_acuta_HIv1___Scaffold_000101F___length_1159813:920289              7.7               2616000         338552.4
11:24:33.013 INFO  ProgressMeter - Pocillopora_acuta_HIv1___Scaffold_000136F___length_1135807:288556              7.9               2675000         338783.4
11:24:43.034 INFO  ProgressMeter - Pocillopora_acuta_HIv1___Scaffold_000141F___length_1122045:1024882              8.1               2733000         338959.2
11:24:53.077 INFO  ProgressMeter - Pocillopora_acuta_HIv1___Scaffold_000155F___length_1095536:407994              8.2               2791000         339112.8
11:25:03.218 INFO  ProgressMeter - Pocillopora_acuta_HIv1___Scaffold_000161F___length_1069631:910736              8.4               2850000         339314.0
11:25:13.282 INFO  ProgressMeter - Pocillopora_acuta_HIv1___Scaffold_000109F___length_1040778:238318              8.6               2908000         339440.1
11:25:23.323 INFO  ProgressMeter - Pocillopora_acuta_HIv1___Scaffold_000177F___length_1015216:173444              8.7               2965000         339462.4
11:25:33.491 INFO  ProgressMeter - Pocillopora_acuta_HIv1___Scaffold_000180F___length_1003918:989404              8.9               3023000         339516.1
11:25:43.628 INFO  ProgressMeter - Pocillopora_acuta_HIv1___Scaffold_000178F___length_988684:417056              9.1               3081000         339585.8
11:25:53.754 INFO  ProgressMeter - Pocillopora_acuta_HIv1___Scaffold_000191F___length_971184:278398              9.2               3139000         339660.4
11:26:03.808 INFO  ProgressMeter - Pocillopora_acuta_HIv1___Scaffold_000208F___length_950713:127140              9.4               3197000         339775.6
11:26:13.905 INFO  ProgressMeter - Pocillopora_acuta_HIv1___Scaffold_000206F___length_931782:178460              9.6               3255000         339862.0
11:26:24.058 INFO  ProgressMeter - Pocillopora_acuta_HIv1___Scaffold_000209F___length_911564:32630              9.7               3314000         340014.8
11:26:34.126 INFO  ProgressMeter - Pocillopora_acuta_HIv1___Scaffold_000221F___length_891373:382804              9.9               3372000         340109.6
11:26:44.204 INFO  ProgressMeter - Pocillopora_acuta_HIv1___Scaffold_000231F___length_869956:404470             10.1               3430000         340196.2
11:26:54.245 INFO  ProgressMeter - Pocillopora_acuta_HIv1___Scaffold_000235F___length_856315:272430             10.2               3487000         340203.4
11:27:04.370 INFO  ProgressMeter - Pocillopora_acuta_HIv1___Scaffold_000228F___length_826142:302221             10.4               3545000         340259.6
11:27:14.490 INFO  ProgressMeter - Pocillopora_acuta_HIv1___Scaffold_000233F___length_814412:374294             10.6               3603000         340317.1
11:27:24.589 INFO  ProgressMeter - Pocillopora_acuta_HIv1___Scaffold_000271F___length_790572:13608             10.8               3661000         340384.0
11:27:34.626 INFO  ProgressMeter - Pocillopora_acuta_HIv1___Scaffold_000279F___length_778464:546664             10.9               3719000         340481.0
11:27:44.670 INFO  ProgressMeter - Pocillopora_acuta_HIv1___Scaffold_000292F___length_759423:492047             11.1               3777000         340572.0
11:27:54.814 INFO  ProgressMeter - Pocillopora_acuta_HIv1___Scaffold_000296F___length_745899:444643             11.3               3836000         340697.6
11:28:04.925 INFO  ProgressMeter - Pocillopora_acuta_HIv1___Scaffold_000278F___length_724878:66458             11.4               3895000         340836.5
11:28:14.992 INFO  ProgressMeter - Pocillopora_acuta_HIv1___Scaffold_000318F___length_708132:108129             11.6               3953000         340906.6
11:28:25.020 INFO  ProgressMeter - Pocillopora_acuta_HIv1___Scaffold_000361F___length_694081:525218             11.8               4011000         340993.6
11:28:35.127 INFO  ProgressMeter - Pocillopora_acuta_HIv1___Scaffold_000367F___length_658998:300579             11.9               4069000         341040.5
11:28:45.212 INFO  ProgressMeter - Pocillopora_acuta_HIv1___Scaffold_000374F___length_644902:639194             12.1               4127000         341096.5
11:28:55.292 INFO  ProgressMeter - Pocillopora_acuta_HIv1___Scaffold_000383F___length_625101:440510             12.3               4185000         341153.2
11:29:05.425 INFO  ProgressMeter - Pocillopora_acuta_HIv1___Scaffold_000409F___length_609830:360441             12.4               4243000         341184.1
11:29:15.586 INFO  ProgressMeter - Pocillopora_acuta_HIv1___Scaffold_000430F___length_586641:183131             12.6               4302000         341281.0
11:29:25.749 INFO  ProgressMeter - Pocillopora_acuta_HIv1___Scaffold_000439F___length_572923:406576             12.8               4361000         341374.3
11:29:35.886 INFO  ProgressMeter - Pocillopora_acuta_HIv1___Scaffold_000464F___length_551231:143457             12.9               4420000         341476.7
11:29:45.938 INFO  ProgressMeter - Pocillopora_acuta_HIv1___Scaffold_000496F___length_527403:78485             13.1               4478000         341537.5
11:29:55.973 INFO  ProgressMeter - Pocillopora_acuta_HIv1___Scaffold_000554F___length_506476:409524             13.3               4536000         341603.1
11:30:06.039 INFO  ProgressMeter - Pocillopora_acuta_HIv1___Scaffold_000555F___length_487501:51729             13.4               4594000         341654.9
11:30:16.183 INFO  ProgressMeter - Pocillopora_acuta_HIv1___Scaffold_000585F___length_460165:363901             13.6               4652000         341671.9
11:30:26.228 INFO  ProgressMeter - Pocillopora_acuta_HIv1___Scaffold_000613F___length_419504:88857             13.8               4710000         341729.9
11:30:36.336 INFO  ProgressMeter - Pocillopora_acuta_HIv1___Scaffold_000669F___length_376328:203820             14.0               4768000         341760.7
11:30:46.380 INFO  ProgressMeter - Pocillopora_acuta_HIv1___Scaffold_000716F___length_350360:322273             14.1               4825000         341746.2
11:30:56.435 INFO  ProgressMeter - Pocillopora_acuta_HIv1___Scaffold_000750F___length_335255:206970             14.3               4883000         341796.8
11:31:06.580 INFO  ProgressMeter - Pocillopora_acuta_HIv1___Scaffold_000798F___length_316366:70612             14.5               4942000         341880.7
11:31:16.579 INFO  ProgressMeter - Pocillopora_acuta_HIv1___Scaffold_000896F___length_285561:135743             14.6               5000000         341950.5
11:31:26.611 INFO  ProgressMeter - Pocillopora_acuta_HIv1___Scaffold_000969F___length_254979:235635             14.8               5058000         342006.3
11:31:36.689 INFO  ProgressMeter - Pocillopora_acuta_HIv1___Scaffold_001091F___length_207696:207107             15.0               5117000         342110.2
11:31:46.703 INFO  ProgressMeter - Pocillopora_acuta_HIv1___Scaffold_001228F___length_171493:81730             15.1               5175000         342169.9
11:31:56.822 INFO  ProgressMeter - Pocillopora_acuta_HIv1___Scaffold_001567F___length_94965:88182             15.3               5234000         342254.4
11:32:00.107 INFO  ProgressMeter - Pocillopora_acuta_HIv1___Scaffold_001914F___length_19817:4383             15.3               5253118         342279.2
11:32:00.107 INFO  ProgressMeter - Traversal complete. Processed 5253118 total variants in 15.3 minutes.
11:32:00.107 INFO  VariantsToTable - Shutting down engine
[July 1, 2021 at 11:32:00 AM EDT] org.broadinstitute.hellbender.tools.walkers.variantutils.VariantsToTable done. Elapsed time: 15.35 minutes.
Runtime.totalMemory()=4471128064
Using GATK jar /home/timothy/programs/gatk-4.2.0.0/gatk-package-4.2.0.0-local.jar
Running:
    java -Dsamjdk.use_async_io_read_samtools=false -Dsamjdk.use_async_io_write_samtools=true -Dsamjdk.use_async_io_write_tribble=false -Dsamjdk.compression_level=2 -jar /home/timothy/programs/gatk-4.2.0.0/gatk-package-4.2.0.0-local.jar VariantsToTable --reference Pocillopora_acuta_HIv1.assembly.purged.fasta --variant GVCFall_SNPs_VarScores_filterPASSED_DPfilterNoCall.vcf --output GVCFall_SNPs_VarScores_filterPASSED_DPfilterNoCall.AD.table -F CHROM -F POS -GF GT -GF AD -GF DP
