Using GATK jar /home/timothy/programs/gatk-4.2.0.0/gatk-package-4.2.0.0-local.jar
Running:
    java -Dsamjdk.use_async_io_read_samtools=false -Dsamjdk.use_async_io_write_samtools=true -Dsamjdk.use_async_io_write_tribble=false -Dsamjdk.compression_level=2 -jar /home/timothy/programs/gatk-4.2.0.0/gatk-package-4.2.0.0-local.jar SelectVariants --reference Pocillopora_acuta_HIv1.assembly.purged.fasta --variant GVCFall.vcf.gz --output GVCFall_SNPs.vcf.gz -select-type SNP
23:33:10.888 INFO  NativeLibraryLoader - Loading libgkl_compression.so from jar:file:/home/timothy/programs/gatk-4.2.0.0/gatk-package-4.2.0.0-local.jar!/com/intel/gkl/native/libgkl_compression.so
Jun 30, 2021 11:33:11 PM shaded.cloud_nio.com.google.auth.oauth2.ComputeEngineCredentials runningOnComputeEngine
INFO: Failed to detect whether we are running on Google Compute Engine.
23:33:11.053 INFO  SelectVariants - ------------------------------------------------------------
23:33:11.053 INFO  SelectVariants - The Genome Analysis Toolkit (GATK) v4.2.0.0
23:33:11.054 INFO  SelectVariants - For support and documentation go to https://software.broadinstitute.org/gatk/
23:33:11.054 INFO  SelectVariants - Executing as timothy@coral on Linux v5.4.0-72-generic amd64
23:33:11.054 INFO  SelectVariants - Java runtime: OpenJDK 64-Bit Server VM v11.0.11+9-Ubuntu-0ubuntu2.20.04
23:33:11.054 INFO  SelectVariants - Start Date/Time: June 30, 2021 at 11:33:10 PM EDT
23:33:11.054 INFO  SelectVariants - ------------------------------------------------------------
23:33:11.054 INFO  SelectVariants - ------------------------------------------------------------
23:33:11.054 INFO  SelectVariants - HTSJDK Version: 2.24.0
23:33:11.054 INFO  SelectVariants - Picard Version: 2.25.0
23:33:11.054 INFO  SelectVariants - Built for Spark Version: 2.4.5
23:33:11.054 INFO  SelectVariants - HTSJDK Defaults.COMPRESSION_LEVEL : 2
23:33:11.054 INFO  SelectVariants - HTSJDK Defaults.USE_ASYNC_IO_READ_FOR_SAMTOOLS : false
23:33:11.054 INFO  SelectVariants - HTSJDK Defaults.USE_ASYNC_IO_WRITE_FOR_SAMTOOLS : true
23:33:11.054 INFO  SelectVariants - HTSJDK Defaults.USE_ASYNC_IO_WRITE_FOR_TRIBBLE : false
23:33:11.055 INFO  SelectVariants - Deflater: IntelDeflater
23:33:11.055 INFO  SelectVariants - Inflater: IntelInflater
23:33:11.055 INFO  SelectVariants - GCS max retries/reopens: 20
23:33:11.055 INFO  SelectVariants - Requester pays: disabled
23:33:11.055 INFO  SelectVariants - Initializing engine
23:33:11.181 INFO  FeatureManager - Using codec VCFCodec to read file file:///scratch/timothy/projects/0022_Coral_Genotype_Analysis/03_Analysis/2021-06-21/Pocillopora_acuta_PacBio_Assembly/RNAseq_short_variant_analysis_CorrectPloidy/filtering/GVCFall.vcf.gz
23:33:11.268 INFO  SelectVariants - Done initializing engine
23:33:11.306 INFO  ProgressMeter - Starting traversal
23:33:11.306 INFO  ProgressMeter -        Current Locus  Elapsed Minutes    Variants Processed  Variants/Minute
23:33:21.325 INFO  ProgressMeter - Pocillopora_acuta_HIv1___Scaffold_000003F___length_3310154:837174              0.2                256000        1533240.2
23:33:31.340 INFO  ProgressMeter - Pocillopora_acuta_HIv1___Scaffold_000004F___length_2973859:1356125              0.3                523000        1566415.4
23:33:41.371 INFO  ProgressMeter - Pocillopora_acuta_HIv1___Scaffold_000011F___length_2586769:1075315              0.5                843000        1682354.9
23:33:51.390 INFO  ProgressMeter - Pocillopora_acuta_HIv1___Scaffold_000026F___length_2243953:2165325              0.7               1189000        1779806.9
23:34:01.414 INFO  ProgressMeter - Pocillopora_acuta_HIv1___Scaffold_000013F___length_2048302:1739710              0.8               1509000        1806933.2
23:34:11.432 INFO  ProgressMeter - Pocillopora_acuta_HIv1___Scaffold_000040F___length_1870022:27405              1.0               1830000        1826165.1
23:34:21.450 INFO  ProgressMeter - Pocillopora_acuta_HIv1___Scaffold_000051F___length_1752840:96718              1.2               2155000        1843377.1
23:34:31.477 INFO  ProgressMeter - Pocillopora_acuta_HIv1___Scaffold_000061F___length_1614046:1238166              1.3               2475000        1852290.7
23:34:41.493 INFO  ProgressMeter - Pocillopora_acuta_HIv1___Scaffold_000074F___length_1495598:922278              1.5               2805000        1866122.6
23:34:51.494 INFO  ProgressMeter - Pocillopora_acuta_HIv1___Scaffold_000088F___length_1443323:1038496              1.7               3134000        1876871.5
23:35:01.499 INFO  ProgressMeter - Pocillopora_acuta_HIv1___Scaffold_000096F___length_1327327:198941              1.8               3472000        1890501.2
23:35:11.505 INFO  ProgressMeter - Pocillopora_acuta_HIv1___Scaffold_000118F___length_1218181:983207              2.0               3799000        1896355.2
23:35:21.526 INFO  ProgressMeter - Pocillopora_acuta_HIv1___Scaffold_000148F___length_1124693:101734              2.2               4123000        1899708.2
23:35:31.533 INFO  ProgressMeter - Pocillopora_acuta_HIv1___Scaffold_000109F___length_1040778:954378              2.3               4450000        1904055.6
23:35:41.559 INFO  ProgressMeter - Pocillopora_acuta_HIv1___Scaffold_000191F___length_971184:567351              2.5               4783000        1909978.5
23:35:51.565 INFO  ProgressMeter - Pocillopora_acuta_HIv1___Scaffold_000224F___length_891726:689993              2.7               5115000        1915025.1
23:36:01.569 INFO  ProgressMeter - Pocillopora_acuta_HIv1___Scaffold_000250F___length_818951:167843              2.8               5443000        1918091.4
23:36:11.578 INFO  ProgressMeter - Pocillopora_acuta_HIv1___Scaffold_000303F___length_752589:81910              3.0               5769000        1920098.5
23:36:21.581 INFO  ProgressMeter - Pocillopora_acuta_HIv1___Scaffold_000340F___length_691240:617566              3.2               6099000        1923216.4
23:36:31.584 INFO  ProgressMeter - Pocillopora_acuta_HIv1___Scaffold_000409F___length_609830:338537              3.3               6431000        1926622.0
23:36:41.605 INFO  ProgressMeter - Pocillopora_acuta_HIv1___Scaffold_000480F___length_537115:174078              3.5               6766000        1930394.3
23:36:51.608 INFO  ProgressMeter - Pocillopora_acuta_HIv1___Scaffold_000556F___length_448635:2646              3.7               7097000        1932892.1
23:37:01.622 INFO  ProgressMeter - Pocillopora_acuta_HIv1___Scaffold_000756F___length_332923:257956              3.8               7423000        1933786.3
23:37:11.627 INFO  ProgressMeter - Pocillopora_acuta_HIv1___Scaffold_001132F___length_205212:177994              4.0               7757000        1936659.7
23:37:17.356 INFO  ProgressMeter - Pocillopora_acuta_HIv1___Scaffold_001864F___length_27309:10010              4.1               7953875        1939583.2
23:37:17.356 INFO  ProgressMeter - Traversal complete. Processed 7953875 total variants in 4.1 minutes.
23:37:17.388 INFO  SelectVariants - Shutting down engine
[June 30, 2021 at 11:37:17 PM EDT] org.broadinstitute.hellbender.tools.walkers.variantutils.SelectVariants done. Elapsed time: 4.11 minutes.
Runtime.totalMemory()=3791650816
