Using GATK jar /home/timothy/programs/gatk-4.2.0.0/gatk-package-4.2.0.0-local.jar
Running:
    java -Dsamjdk.use_async_io_read_samtools=false -Dsamjdk.use_async_io_write_samtools=true -Dsamjdk.use_async_io_write_tribble=false -Dsamjdk.compression_level=2 -jar /home/timothy/programs/gatk-4.2.0.0/gatk-package-4.2.0.0-local.jar SelectVariants --variant GVCFall_withOutGroup_SNPs_VarScores_filterPASSED_DPfilterNoCall.vcf --output SNPs_withOutGroup_filtered.overlap_exons.vcf --intervals exons.interval_list
01:21:16.404 INFO  NativeLibraryLoader - Loading libgkl_compression.so from jar:file:/home/timothy/programs/gatk-4.2.0.0/gatk-package-4.2.0.0-local.jar!/com/intel/gkl/native/libgkl_compression.so
Jun 14, 2021 1:21:16 AM shaded.cloud_nio.com.google.auth.oauth2.ComputeEngineCredentials runningOnComputeEngine
INFO: Failed to detect whether we are running on Google Compute Engine.
01:21:16.565 INFO  SelectVariants - ------------------------------------------------------------
01:21:16.565 INFO  SelectVariants - The Genome Analysis Toolkit (GATK) v4.2.0.0
01:21:16.565 INFO  SelectVariants - For support and documentation go to https://software.broadinstitute.org/gatk/
01:21:16.565 INFO  SelectVariants - Executing as timothy@coral on Linux v5.4.0-72-generic amd64
01:21:16.565 INFO  SelectVariants - Java runtime: OpenJDK 64-Bit Server VM v11.0.11+9-Ubuntu-0ubuntu2.20.04
01:21:16.565 INFO  SelectVariants - Start Date/Time: June 14, 2021 at 1:21:16 AM EDT
01:21:16.565 INFO  SelectVariants - ------------------------------------------------------------
01:21:16.565 INFO  SelectVariants - ------------------------------------------------------------
01:21:16.566 INFO  SelectVariants - HTSJDK Version: 2.24.0
01:21:16.566 INFO  SelectVariants - Picard Version: 2.25.0
01:21:16.566 INFO  SelectVariants - Built for Spark Version: 2.4.5
01:21:16.566 INFO  SelectVariants - HTSJDK Defaults.COMPRESSION_LEVEL : 2
01:21:16.566 INFO  SelectVariants - HTSJDK Defaults.USE_ASYNC_IO_READ_FOR_SAMTOOLS : false
01:21:16.566 INFO  SelectVariants - HTSJDK Defaults.USE_ASYNC_IO_WRITE_FOR_SAMTOOLS : true
01:21:16.566 INFO  SelectVariants - HTSJDK Defaults.USE_ASYNC_IO_WRITE_FOR_TRIBBLE : false
01:21:16.566 INFO  SelectVariants - Deflater: IntelDeflater
01:21:16.566 INFO  SelectVariants - Inflater: IntelInflater
01:21:16.566 INFO  SelectVariants - GCS max retries/reopens: 20
01:21:16.566 INFO  SelectVariants - Requester pays: disabled
01:21:16.566 INFO  SelectVariants - Initializing engine
01:21:16.633 INFO  FeatureManager - Using codec VCFCodec to read file file:///scratch/timothy/projects/0020_Pocillopora_acuta_PacBio_Assembly/03_Analysis/2021_05_26/RNAseq_short_variant_analysis/outgroup/P_damicornis_Linnaeus_1758_Indonesia_isolate/variant_analysis_SeparateLibraries/phylogeny/GVCFall_withOutGroup_SNPs_VarScores_filterPASSED_DPfilterNoCall.vcf
01:21:16.720 INFO  FeatureManager - Using codec IntervalListCodec to read file file:///scratch/timothy/projects/0020_Pocillopora_acuta_PacBio_Assembly/03_Analysis/2021_05_26/RNAseq_short_variant_analysis/outgroup/P_damicornis_Linnaeus_1758_Indonesia_isolate/variant_analysis_SeparateLibraries/phylogeny/exons.interval_list
01:21:17.857 INFO  IntervalArgumentCollection - Processing 47209319 bp from intervals
01:21:17.894 INFO  SelectVariants - Done initializing engine
01:21:17.930 INFO  ProgressMeter - Starting traversal
01:21:17.931 INFO  ProgressMeter -        Current Locus  Elapsed Minutes    Variants Processed  Variants/Minute
01:21:27.965 INFO  ProgressMeter - Pocillopora_acuta_HIv1___Scaffold_000014F___length_2520379:438716              0.2                 47000         281072.5
01:21:38.179 INFO  ProgressMeter - Pocillopora_acuta_HIv1___Scaffold_000049F___length_1801693:1442377              0.3                105000         311157.2
01:21:48.251 INFO  ProgressMeter - Pocillopora_acuta_HIv1___Scaffold_000069F___length_1411362:706477              0.5                166000         328496.0
01:21:58.344 INFO  ProgressMeter - Pocillopora_acuta_HIv1___Scaffold_000161F___length_1069631:839163              0.7                223000         331081.6
01:22:08.372 INFO  ProgressMeter - Pocillopora_acuta_HIv1___Scaffold_000261F___length_797826:153170              0.8                285000         339009.9
01:22:18.482 INFO  ProgressMeter - Pocillopora_acuta_HIv1___Scaffold_000459F___length_557542:32803              1.0                344000         340875.3
01:22:28.618 INFO  ProgressMeter - Pocillopora_acuta_HIv1___Scaffold_001286F___length_159667:47566              1.2                404000         342920.2
01:22:29.716 INFO  ProgressMeter - Pocillopora_acuta_HIv1___Scaffold_001631F___length_75481:35452              1.2                410983         343511.6
01:22:29.716 INFO  ProgressMeter - Traversal complete. Processed 410983 total variants in 1.2 minutes.
01:22:29.775 INFO  SelectVariants - Shutting down engine
[June 14, 2021 at 1:22:29 AM EDT] org.broadinstitute.hellbender.tools.walkers.variantutils.SelectVariants done. Elapsed time: 1.22 minutes.
Runtime.totalMemory()=4974444544
