14:10:15.812 INFO  NativeLibraryLoader - Loading libgkl_compression.so from jar:file:/home/timothy/programs/gatk-4.2.0.0/gatk-package-4.2.0.0-local.jar!/com/intel/gkl/native/libgkl_compression.so
Jul 01, 2021 2:10:15 PM shaded.cloud_nio.com.google.auth.oauth2.ComputeEngineCredentials runningOnComputeEngine
INFO: Failed to detect whether we are running on Google Compute Engine.
14:10:15.953 INFO  VariantsToTable - ------------------------------------------------------------
14:10:15.953 INFO  VariantsToTable - The Genome Analysis Toolkit (GATK) v4.2.0.0
14:10:15.954 INFO  VariantsToTable - For support and documentation go to https://software.broadinstitute.org/gatk/
14:10:15.954 INFO  VariantsToTable - Executing as timothy@coral on Linux v5.4.0-72-generic amd64
14:10:15.954 INFO  VariantsToTable - Java runtime: OpenJDK 64-Bit Server VM v11.0.11+9-Ubuntu-0ubuntu2.20.04
14:10:15.954 INFO  VariantsToTable - Start Date/Time: July 1, 2021 at 2:10:15 PM EDT
14:10:15.954 INFO  VariantsToTable - ------------------------------------------------------------
14:10:15.954 INFO  VariantsToTable - ------------------------------------------------------------
14:10:15.954 INFO  VariantsToTable - HTSJDK Version: 2.24.0
14:10:15.954 INFO  VariantsToTable - Picard Version: 2.25.0
14:10:15.954 INFO  VariantsToTable - Built for Spark Version: 2.4.5
14:10:15.955 INFO  VariantsToTable - HTSJDK Defaults.COMPRESSION_LEVEL : 2
14:10:15.955 INFO  VariantsToTable - HTSJDK Defaults.USE_ASYNC_IO_READ_FOR_SAMTOOLS : false
14:10:15.955 INFO  VariantsToTable - HTSJDK Defaults.USE_ASYNC_IO_WRITE_FOR_SAMTOOLS : true
14:10:15.955 INFO  VariantsToTable - HTSJDK Defaults.USE_ASYNC_IO_WRITE_FOR_TRIBBLE : false
14:10:15.955 INFO  VariantsToTable - Deflater: IntelDeflater
14:10:15.955 INFO  VariantsToTable - Inflater: IntelInflater
14:10:15.955 INFO  VariantsToTable - GCS max retries/reopens: 20
14:10:15.955 INFO  VariantsToTable - Requester pays: disabled
14:10:15.955 INFO  VariantsToTable - Initializing engine
14:10:16.087 INFO  FeatureManager - Using codec VCFCodec to read file file:///scratch/timothy/projects/0022_Coral_Genotype_Analysis/03_Analysis/2021-06-21/Pocillopora_acuta_PacBio_Assembly/RNAseq_short_variant_analysis_CorrectPloidy/phylogeny/GVCFall_SNPs_VarScores_filterPASSED_DPfilterNoCall.vcf
14:10:16.171 INFO  VariantsToTable - Done initializing engine
14:10:16.175 WARN  VariantsToTable - Allele-specific fields will only be split if splitting multi-allelic variants is specified (`--split-multi-allelic` or `-SMA`
14:10:16.175 INFO  ProgressMeter - Starting traversal
14:10:16.175 INFO  ProgressMeter -        Current Locus  Elapsed Minutes    Variants Processed  Variants/Minute
14:10:26.330 INFO  ProgressMeter - Pocillopora_acuta_HIv1___Scaffold_000000F___length_7015273:4479175              0.2                 62000         366394.2
14:10:36.374 INFO  ProgressMeter - Pocillopora_acuta_HIv1___Scaffold_000001F___length_3838978:3139913              0.3                143000         424794.5
14:10:46.413 INFO  ProgressMeter - Pocillopora_acuta_HIv1___Scaffold_000007F___length_3038207:138300              0.5                231000         458363.6
14:10:56.436 INFO  ProgressMeter - Pocillopora_acuta_HIv1___Scaffold_000004F___length_2973859:514097              0.7                318000         473919.5
14:11:06.475 INFO  ProgressMeter - Pocillopora_acuta_HIv1___Scaffold_000008F___length_2769899:352760              0.8                404000         481908.5
14:11:16.527 INFO  ProgressMeter - Pocillopora_acuta_HIv1___Scaffold_000009F___length_2672951:2522696              1.0                493000         490132.7
14:11:26.567 INFO  ProgressMeter - Pocillopora_acuta_HIv1___Scaffold_000012F___length_2520783:1143356              1.2                581000         495233.8
14:11:36.643 INFO  ProgressMeter - Pocillopora_acuta_HIv1___Scaffold_000019F___length_2418994:1068792              1.3                669000         498831.8
14:11:46.706 INFO  ProgressMeter - Pocillopora_acuta_HIv1___Scaffold_000026F___length_2243953:1203362              1.5                760000         503700.4
14:11:56.711 INFO  ProgressMeter - Pocillopora_acuta_HIv1___Scaffold_000024F___length_2194858:252593              1.7                849000         506684.2
14:12:06.820 INFO  ProgressMeter - Pocillopora_acuta_HIv1___Scaffold_000029F___length_2136925:396303              1.8                939000         509196.1
14:12:16.833 INFO  ProgressMeter - Pocillopora_acuta_HIv1___Scaffold_000030F___length_1997862:375031              2.0               1028000         511201.2
14:12:26.860 INFO  ProgressMeter - Pocillopora_acuta_HIv1___Scaffold_000034F___length_1965713:601545              2.2               1117000         512836.2
14:12:36.901 INFO  ProgressMeter - Pocillopora_acuta_HIv1___Scaffold_000040F___length_1870022:28941              2.3               1206000         514194.4
14:12:46.941 INFO  ProgressMeter - Pocillopora_acuta_HIv1___Scaffold_000044F___length_1822362:417259              2.5               1296000         515766.2
14:12:57.015 INFO  ProgressMeter - Pocillopora_acuta_HIv1___Scaffold_000048F___length_1779791:221570              2.7               1387000         517408.6
14:13:07.078 INFO  ProgressMeter - Pocillopora_acuta_HIv1___Scaffold_000052F___length_1749787:815343              2.8               1477000         518539.8
14:13:17.162 INFO  ProgressMeter - Pocillopora_acuta_HIv1___Scaffold_000056F___length_1677393:817520              3.0               1565000         518821.8
14:13:27.181 INFO  ProgressMeter - Pocillopora_acuta_HIv1___Scaffold_000058F___length_1607644:766831              3.2               1654000         519567.6
14:13:37.184 INFO  ProgressMeter - Pocillopora_acuta_HIv1___Scaffold_000067F___length_1571305:61956              3.4               1742000         519979.3
14:13:47.243 INFO  ProgressMeter - Pocillopora_acuta_HIv1___Scaffold_000082F___length_1507628:1021930              3.5               1833000         521064.3
14:13:57.261 INFO  ProgressMeter - Pocillopora_acuta_HIv1___Scaffold_000065F___length_1489235:864363              3.7               1923000         521880.7
14:14:07.299 INFO  ProgressMeter - Pocillopora_acuta_HIv1___Scaffold_000077F___length_1459619:917467              3.9               2012000         522317.0
14:14:17.337 INFO  ProgressMeter - Pocillopora_acuta_HIv1___Scaffold_000089F___length_1432987:781711              4.0               2102000         522968.0
14:14:27.415 INFO  ProgressMeter - Pocillopora_acuta_HIv1___Scaffold_000070F___length_1363407:770434              4.2               2192000         523483.5
14:14:37.438 INFO  ProgressMeter - Pocillopora_acuta_HIv1___Scaffold_000096F___length_1327327:206287              4.4               2280000         523610.3
14:14:47.447 INFO  ProgressMeter - Pocillopora_acuta_HIv1___Scaffold_000107F___length_1282968:322915              4.5               2370000         524197.1
14:14:57.483 INFO  ProgressMeter - Pocillopora_acuta_HIv1___Scaffold_000116F___length_1230997:1164802              4.7               2460000         524693.7
14:15:07.564 INFO  ProgressMeter - Pocillopora_acuta_HIv1___Scaffold_000124F___length_1185441:942705              4.9               2551000         525277.2
14:15:17.643 INFO  ProgressMeter - Pocillopora_acuta_HIv1___Scaffold_000129F___length_1153064:129899              5.0               2641000         525627.9
14:15:27.703 INFO  ProgressMeter - Pocillopora_acuta_HIv1___Scaffold_000141F___length_1122045:845098              5.2               2731000         525988.0
14:15:37.815 INFO  ProgressMeter - Pocillopora_acuta_HIv1___Scaffold_000153F___length_1087004:366752              5.4               2821000         526240.5
14:15:47.847 INFO  ProgressMeter - Pocillopora_acuta_HIv1___Scaffold_000109F___length_1040778:381472              5.5               2911000         526604.6
14:15:57.932 INFO  ProgressMeter - Pocillopora_acuta_HIv1___Scaffold_000176F___length_1009153:551474              5.7               3001000         526865.6
14:16:07.996 INFO  ProgressMeter - Pocillopora_acuta_HIv1___Scaffold_000186F___length_987169:528932              5.9               3092000         527315.1
14:16:18.070 INFO  ProgressMeter - Pocillopora_acuta_HIv1___Scaffold_000147F___length_962551:501333              6.0               3183000         527722.1
14:16:28.132 INFO  ProgressMeter - Pocillopora_acuta_HIv1___Scaffold_000213F___length_929939:707756              6.2               3273000         527964.3
14:16:38.145 INFO  ProgressMeter - Pocillopora_acuta_HIv1___Scaffold_000224F___length_891726:263149              6.4               3362000         528104.3
14:16:48.217 INFO  ProgressMeter - Pocillopora_acuta_HIv1___Scaffold_000232F___length_860252:25920              6.5               3452000         528310.7
14:16:58.293 INFO  ProgressMeter - Pocillopora_acuta_HIv1___Scaffold_000228F___length_826142:110947              6.7               3542000         528501.6
14:17:08.314 INFO  ProgressMeter - Pocillopora_acuta_HIv1___Scaffold_000262F___length_797505:456513              6.9               3632000         528754.9
14:17:18.402 INFO  ProgressMeter - Pocillopora_acuta_HIv1___Scaffold_000281F___length_773894:249221              7.0               3723000         529051.9
14:17:28.423 INFO  ProgressMeter - Pocillopora_acuta_HIv1___Scaffold_000298F___length_750316:584921              7.2               3813000         529279.5
14:17:38.520 INFO  ProgressMeter - Pocillopora_acuta_HIv1___Scaffold_000278F___length_724878:666111              7.4               3905000         529677.1
14:17:48.620 INFO  ProgressMeter - Pocillopora_acuta_HIv1___Scaffold_000334F___length_694416:31201              7.5               3995000         529789.3
14:17:58.661 INFO  ProgressMeter - Pocillopora_acuta_HIv1___Scaffold_000368F___length_655425:169734              7.7               4085000         529963.1
14:18:08.670 INFO  ProgressMeter - Pocillopora_acuta_HIv1___Scaffold_000385F___length_628782:261110              7.9               4175000         530164.3
14:18:18.728 INFO  ProgressMeter - Pocillopora_acuta_HIv1___Scaffold_000426F___length_604885:250870              8.0               4265000         530304.4
14:18:28.752 INFO  ProgressMeter - Pocillopora_acuta_HIv1___Scaffold_000442F___length_578630:555313              8.2               4355000         530475.4
14:18:38.784 INFO  ProgressMeter - Pocillopora_acuta_HIv1___Scaffold_000344F___length_546527:361255              8.4               4446000         530750.5
14:18:48.784 INFO  ProgressMeter - Pocillopora_acuta_HIv1___Scaffold_000554F___length_506476:409524              8.5               4536000         530931.0
14:18:58.805 INFO  ProgressMeter - Pocillopora_acuta_HIv1___Scaffold_000563F___length_467150:274491              8.7               4626000         531083.2
14:19:08.859 INFO  ProgressMeter - Pocillopora_acuta_HIv1___Scaffold_000620F___length_413631:258145              8.9               4716000         531197.7
14:19:18.915 INFO  ProgressMeter - Pocillopora_acuta_HIv1___Scaffold_000705F___length_360209:290004              9.0               4806000         531304.1
14:19:28.976 INFO  ProgressMeter - Pocillopora_acuta_HIv1___Scaffold_000757F___length_333649:147812              9.2               4896000         531402.8
14:19:38.990 INFO  ProgressMeter - Pocillopora_acuta_HIv1___Scaffold_000867F___length_294654:149445              9.4               4986000         531542.3
14:19:49.063 INFO  ProgressMeter - Pocillopora_acuta_HIv1___Scaffold_001012F___length_236467:170689              9.5               5077000         531727.9
14:19:59.155 INFO  ProgressMeter - Pocillopora_acuta_HIv1___Scaffold_001204F___length_179093:70324              9.7               5168000         531887.9
14:20:08.598 INFO  ProgressMeter - Pocillopora_acuta_HIv1___Scaffold_001914F___length_19817:4383              9.9               5253118         532030.5
14:20:08.598 INFO  ProgressMeter - Traversal complete. Processed 5253118 total variants in 9.9 minutes.
14:20:08.598 INFO  VariantsToTable - Shutting down engine
[July 1, 2021 at 2:20:08 PM EDT] org.broadinstitute.hellbender.tools.walkers.variantutils.VariantsToTable done. Elapsed time: 9.88 minutes.
Runtime.totalMemory()=4181721088
Using GATK jar /home/timothy/programs/gatk-4.2.0.0/gatk-package-4.2.0.0-local.jar
Running:
    java -Dsamjdk.use_async_io_read_samtools=false -Dsamjdk.use_async_io_write_samtools=true -Dsamjdk.use_async_io_write_tribble=false -Dsamjdk.compression_level=2 -jar /home/timothy/programs/gatk-4.2.0.0/gatk-package-4.2.0.0-local.jar VariantsToTable --reference Pocillopora_acuta_HIv1.assembly.purged.fasta --variant GVCFall_SNPs_VarScores_filterPASSED_DPfilterNoCall.vcf --output SNPs_filtered.table -F CHROM -F POS -GF GT
