Using GATK jar /home/timothy/programs/gatk-4.2.0.0/gatk-package-4.2.0.0-local.jar
Running:
    java -Dsamjdk.use_async_io_read_samtools=false -Dsamjdk.use_async_io_write_samtools=true -Dsamjdk.use_async_io_write_tribble=false -Dsamjdk.compression_level=2 -jar /home/timothy/programs/gatk-4.2.0.0/gatk-package-4.2.0.0-local.jar SelectVariants --variant GVCFall_SNPs_VarScores_filterPASSED_DPfilterNoCall.vcf --output SNPs_filtered.overlap_exons.vcf --intervals exons.interval_list
17:26:06.877 INFO  NativeLibraryLoader - Loading libgkl_compression.so from jar:file:/home/timothy/programs/gatk-4.2.0.0/gatk-package-4.2.0.0-local.jar!/com/intel/gkl/native/libgkl_compression.so
Jun 13, 2021 5:26:07 PM shaded.cloud_nio.com.google.auth.oauth2.ComputeEngineCredentials runningOnComputeEngine
INFO: Failed to detect whether we are running on Google Compute Engine.
17:26:07.034 INFO  SelectVariants - ------------------------------------------------------------
17:26:07.035 INFO  SelectVariants - The Genome Analysis Toolkit (GATK) v4.2.0.0
17:26:07.035 INFO  SelectVariants - For support and documentation go to https://software.broadinstitute.org/gatk/
17:26:07.035 INFO  SelectVariants - Executing as timothy@coral on Linux v5.4.0-72-generic amd64
17:26:07.035 INFO  SelectVariants - Java runtime: OpenJDK 64-Bit Server VM v11.0.11+9-Ubuntu-0ubuntu2.20.04
17:26:07.035 INFO  SelectVariants - Start Date/Time: June 13, 2021 at 5:26:06 PM EDT
17:26:07.035 INFO  SelectVariants - ------------------------------------------------------------
17:26:07.035 INFO  SelectVariants - ------------------------------------------------------------
17:26:07.036 INFO  SelectVariants - HTSJDK Version: 2.24.0
17:26:07.036 INFO  SelectVariants - Picard Version: 2.25.0
17:26:07.036 INFO  SelectVariants - Built for Spark Version: 2.4.5
17:26:07.036 INFO  SelectVariants - HTSJDK Defaults.COMPRESSION_LEVEL : 2
17:26:07.036 INFO  SelectVariants - HTSJDK Defaults.USE_ASYNC_IO_READ_FOR_SAMTOOLS : false
17:26:07.036 INFO  SelectVariants - HTSJDK Defaults.USE_ASYNC_IO_WRITE_FOR_SAMTOOLS : true
17:26:07.036 INFO  SelectVariants - HTSJDK Defaults.USE_ASYNC_IO_WRITE_FOR_TRIBBLE : false
17:26:07.036 INFO  SelectVariants - Deflater: IntelDeflater
17:26:07.036 INFO  SelectVariants - Inflater: IntelInflater
17:26:07.036 INFO  SelectVariants - GCS max retries/reopens: 20
17:26:07.036 INFO  SelectVariants - Requester pays: disabled
17:26:07.036 INFO  SelectVariants - Initializing engine
17:26:07.123 INFO  FeatureManager - Using codec VCFCodec to read file file:///scratch/timothy/projects/0017_Montipora_capitata_HiRise_Assembly/03_Analysis/2021_04_21/RNAseq_short_variant_analysis/phylogeny/GVCFall_SNPs_VarScores_filterPASSED_DPfilterNoCall.vcf
17:26:07.284 INFO  FeatureManager - Using codec IntervalListCodec to read file file:///scratch/timothy/projects/0017_Montipora_capitata_HiRise_Assembly/03_Analysis/2021_04_21/RNAseq_short_variant_analysis/phylogeny/exons.interval_list
17:26:08.369 INFO  IntervalArgumentCollection - Processing 61389918 bp from intervals
17:26:08.422 INFO  SelectVariants - Done initializing engine
17:26:08.491 INFO  ProgressMeter - Starting traversal
17:26:08.491 INFO  ProgressMeter -        Current Locus  Elapsed Minutes    Variants Processed  Variants/Minute
17:26:18.536 INFO  ProgressMeter - Montipora_capitata_HIv1___Scaffold_2___length_53177999:40470797              0.2                 55000         328554.4
17:26:28.704 INFO  ProgressMeter - Montipora_capitata_HIv1___Scaffold_4___length_47716837:42181597              0.3                116000         344349.9
17:26:38.839 INFO  ProgressMeter - Montipora_capitata_HIv1___Scaffold_6___length_38979999:33146978              0.5                180000         355871.9
17:26:48.860 INFO  ProgressMeter - Montipora_capitata_HIv1___Scaffold_9___length_36520733:802047              0.7                239000         355223.1
17:26:58.960 INFO  ProgressMeter - Montipora_capitata_HIv1___Scaffold_11___length_67098902:3524779              0.8                314000         373305.9
17:27:09.092 INFO  ProgressMeter - Montipora_capitata_HIv1___Scaffold_13___length_39528174:1328156              1.0                385000         381188.1
17:27:19.207 INFO  ProgressMeter - Montipora_capitata_HIv1___Scaffold_204___length_119206:70009              1.2                466000         395384.4
17:27:22.145 INFO  ProgressMeter - Montipora_capitata_HIv1___Scaffold_1360___length_15201:12070              1.2                485809         395755.0
17:27:22.145 INFO  ProgressMeter - Traversal complete. Processed 485809 total variants in 1.2 minutes.
17:27:22.229 INFO  SelectVariants - Shutting down engine
[June 13, 2021 at 5:27:22 PM EDT] org.broadinstitute.hellbender.tools.walkers.variantutils.SelectVariants done. Elapsed time: 1.26 minutes.
Runtime.totalMemory()=6387924992
