=====================================================================
Slurm config version 0.1
Starting at Wed 03 Feb 2021 09:11:04 PM EST
Working directory is /scratch/timothy/projects/Coral_Stress_Phenome/results/2021-02-02/Mcapitata/Read_Mapping/GenomeScaffolds_RNAseq_HISAT2
=====================================================================

[Wed 03 Feb 2021 09:11:05 PM EST]      LOG: Running sample Mcapitata_ATHC_TP4_2734
[Wed 03 Feb 2021 09:11:05 PM EST]      CMD: hisat2 -q --phred33 --dta --rf --very-sensitive -x Mcap.genome_assembly.fa -1 /scratch/timothy/TranscriptomeAnalysis_Mcapitata_Pacuta_TimeSeriesDE/RNA_Seq_data/trimming_cutadapt/Mcapitata_ATHC_TP4_2734_R1_TrimmingRound2.fastq.gz -2 /scratch/timothy/TranscriptomeAnalysis_Mcapitata_Pacuta_TimeSeriesDE/RNA_Seq_data/trimming_cutadapt/Mcapitata_ATHC_TP4_2734_R2_TrimmingRound2.fastq.gz --threads 20 2> Mcapitata_ATHC_TP4_2734.HISAT2_RNAseq_mapping.hisat2_mapping.stats | samtools sort -@ 20 -T Mcapitata_ATHC_TP4_2734.HISAT2_RNAseq_mapping.tmp -o Mcapitata_ATHC_TP4_2734.HISAT2_RNAseq_mapping.coordSorted.bam -
[bam_sort_core] merging from 20 files and 20 in-memory blocks...
[Wed 03 Feb 2021 09:26:57 PM EST]      CMD: samtools view -f12 Mcapitata_ATHC_TP4_2734.HISAT2_RNAseq_mapping.coordSorted.bam | repair.sh in=stdin.sam out=Mcapitata_ATHC_TP4_2734.HISAT2_RNAseq_mapping.coordSorted.unmapped_pairs_R1.fastq.gz out2=Mcapitata_ATHC_TP4_2734.HISAT2_RNAseq_mapping.coordSorted.unmapped_pairs_R2.fastq.gz outs=Mcapitata_ATHC_TP4_2734.HISAT2_RNAseq_mapping.coordSorted.unmapped_pairs_Single.fastq.gz
java -ea -Xmx215403m -cp /home/timothy/programs/bbmap/current/ jgi.SplitPairsAndSingles rp in=stdin.sam out=Mcapitata_ATHC_TP4_2734.HISAT2_RNAseq_mapping.coordSorted.unmapped_pairs_R1.fastq.gz out2=Mcapitata_ATHC_TP4_2734.HISAT2_RNAseq_mapping.coordSorted.unmapped_pairs_R2.fastq.gz outs=Mcapitata_ATHC_TP4_2734.HISAT2_RNAseq_mapping.coordSorted.unmapped_pairs_Single.fastq.gz
Executing jgi.SplitPairsAndSingles [rp, in=stdin.sam, out=Mcapitata_ATHC_TP4_2734.HISAT2_RNAseq_mapping.coordSorted.unmapped_pairs_R1.fastq.gz, out2=Mcapitata_ATHC_TP4_2734.HISAT2_RNAseq_mapping.coordSorted.unmapped_pairs_R2.fastq.gz, outs=Mcapitata_ATHC_TP4_2734.HISAT2_RNAseq_mapping.coordSorted.unmapped_pairs_Single.fastq.gz]

Set INTERLEAVED to false
Started output stream.

Input:                  	6488126 reads 		872550416 bases.
Result:                 	6488126 reads (100.00%) 	872550416 bases (100.00%)
Pairs:                  	6488126 reads (100.00%) 	872550416 bases (100.00%)
Singletons:             	0 reads (0.00%) 	0 bases (0.00%)

Time:                         	69.487 seconds.
Reads Processed:       6488k 	93.37k reads/sec
Bases Processed:        872m 	12.56m bases/sec
[Wed 03 Feb 2021 09:28:07 PM EST]      CMD: reformat.sh verifypaired=t in=Mcapitata_ATHC_TP4_2734.HISAT2_RNAseq_mapping.coordSorted.unmapped_pairs_R1.fastq.gz in2=Mcapitata_ATHC_TP4_2734.HISAT2_RNAseq_mapping.coordSorted.unmapped_pairs_R2.fastq.gz
java -ea -Xms300m -cp /home/timothy/programs/bbmap/current/ jgi.ReformatReads verifypaired=t in=Mcapitata_ATHC_TP4_2734.HISAT2_RNAseq_mapping.coordSorted.unmapped_pairs_R1.fastq.gz in2=Mcapitata_ATHC_TP4_2734.HISAT2_RNAseq_mapping.coordSorted.unmapped_pairs_R2.fastq.gz
Executing jgi.ReformatReads [verifypaired=t, in=Mcapitata_ATHC_TP4_2734.HISAT2_RNAseq_mapping.coordSorted.unmapped_pairs_R1.fastq.gz, in2=Mcapitata_ATHC_TP4_2734.HISAT2_RNAseq_mapping.coordSorted.unmapped_pairs_R2.fastq.gz]

No output stream specified.  To write to stdout, please specify 'out=stdout.fq' or similar.
Set INTERLEAVED to false
Input is being processed as paired
Input:                  	6488126 reads          	872550416 bases
Output:                 	6488126 reads (100.00%) 	872550416 bases (100.00%)

Time:                         	4.907 seconds.
Reads Processed:       6488k 	1322.31k reads/sec
Bases Processed:        872m 	177.83m bases/sec
Names appear to be correctly paired.
[Wed 03 Feb 2021 09:28:12 PM EST]      LOG: Done mapping!

=====================================================================
Started: at Wed 03 Feb 2021 09:11:04 PM EST
Finished: at Wed 03 Feb 2021 09:28:12 PM EST
ExitStatus: 0
=====================================================================
