=====================================================================
Slurm config version 0.1
Starting at Thu 04 Feb 2021 12:05:43 AM EST
Working directory is /scratch/timothy/projects/Coral_Stress_Phenome/results/2021-02-02/Mcapitata/Read_Mapping/GenomeScaffolds_RNAseq_HISAT2
=====================================================================

[Thu 04 Feb 2021 12:05:44 AM EST]      LOG: Running sample Mcapitata_HTAC_TP7_1645
[Thu 04 Feb 2021 12:05:44 AM EST]      CMD: hisat2 -q --phred33 --dta --rf --very-sensitive -x Mcap.genome_assembly.fa -1 /scratch/timothy/TranscriptomeAnalysis_Mcapitata_Pacuta_TimeSeriesDE/RNA_Seq_data/trimming_cutadapt/Mcapitata_HTAC_TP7_1645_R1_TrimmingRound2.fastq.gz -2 /scratch/timothy/TranscriptomeAnalysis_Mcapitata_Pacuta_TimeSeriesDE/RNA_Seq_data/trimming_cutadapt/Mcapitata_HTAC_TP7_1645_R2_TrimmingRound2.fastq.gz --threads 20 2> Mcapitata_HTAC_TP7_1645.HISAT2_RNAseq_mapping.hisat2_mapping.stats | samtools sort -@ 20 -T Mcapitata_HTAC_TP7_1645.HISAT2_RNAseq_mapping.tmp -o Mcapitata_HTAC_TP7_1645.HISAT2_RNAseq_mapping.coordSorted.bam -
[bam_sort_core] merging from 20 files and 20 in-memory blocks...
[Thu 04 Feb 2021 12:20:10 AM EST]      CMD: samtools view -f12 Mcapitata_HTAC_TP7_1645.HISAT2_RNAseq_mapping.coordSorted.bam | repair.sh in=stdin.sam out=Mcapitata_HTAC_TP7_1645.HISAT2_RNAseq_mapping.coordSorted.unmapped_pairs_R1.fastq.gz out2=Mcapitata_HTAC_TP7_1645.HISAT2_RNAseq_mapping.coordSorted.unmapped_pairs_R2.fastq.gz outs=Mcapitata_HTAC_TP7_1645.HISAT2_RNAseq_mapping.coordSorted.unmapped_pairs_Single.fastq.gz
java -ea -Xmx214961m -cp /home/timothy/programs/bbmap/current/ jgi.SplitPairsAndSingles rp in=stdin.sam out=Mcapitata_HTAC_TP7_1645.HISAT2_RNAseq_mapping.coordSorted.unmapped_pairs_R1.fastq.gz out2=Mcapitata_HTAC_TP7_1645.HISAT2_RNAseq_mapping.coordSorted.unmapped_pairs_R2.fastq.gz outs=Mcapitata_HTAC_TP7_1645.HISAT2_RNAseq_mapping.coordSorted.unmapped_pairs_Single.fastq.gz
Executing jgi.SplitPairsAndSingles [rp, in=stdin.sam, out=Mcapitata_HTAC_TP7_1645.HISAT2_RNAseq_mapping.coordSorted.unmapped_pairs_R1.fastq.gz, out2=Mcapitata_HTAC_TP7_1645.HISAT2_RNAseq_mapping.coordSorted.unmapped_pairs_R2.fastq.gz, outs=Mcapitata_HTAC_TP7_1645.HISAT2_RNAseq_mapping.coordSorted.unmapped_pairs_Single.fastq.gz]

Set INTERLEAVED to false
Started output stream.

Input:                  	15426498 reads 		2180879214 bases.
Result:                 	15426498 reads (100.00%) 	2180879214 bases (100.00%)
Pairs:                  	15426498 reads (100.00%) 	2180879214 bases (100.00%)
Singletons:             	0 reads (0.00%) 	0 bases (0.00%)

Time:                         	88.566 seconds.
Reads Processed:      15426k 	174.18k reads/sec
Bases Processed:       2180m 	24.62m bases/sec
[Thu 04 Feb 2021 12:21:39 AM EST]      CMD: reformat.sh verifypaired=t in=Mcapitata_HTAC_TP7_1645.HISAT2_RNAseq_mapping.coordSorted.unmapped_pairs_R1.fastq.gz in2=Mcapitata_HTAC_TP7_1645.HISAT2_RNAseq_mapping.coordSorted.unmapped_pairs_R2.fastq.gz
java -ea -Xms300m -cp /home/timothy/programs/bbmap/current/ jgi.ReformatReads verifypaired=t in=Mcapitata_HTAC_TP7_1645.HISAT2_RNAseq_mapping.coordSorted.unmapped_pairs_R1.fastq.gz in2=Mcapitata_HTAC_TP7_1645.HISAT2_RNAseq_mapping.coordSorted.unmapped_pairs_R2.fastq.gz
Executing jgi.ReformatReads [verifypaired=t, in=Mcapitata_HTAC_TP7_1645.HISAT2_RNAseq_mapping.coordSorted.unmapped_pairs_R1.fastq.gz, in2=Mcapitata_HTAC_TP7_1645.HISAT2_RNAseq_mapping.coordSorted.unmapped_pairs_R2.fastq.gz]

No output stream specified.  To write to stdout, please specify 'out=stdout.fq' or similar.
Set INTERLEAVED to false
Input is being processed as paired
Input:                  	15426498 reads          	2180879214 bases
Output:                 	15426498 reads (100.00%) 	2180879214 bases (100.00%)

Time:                         	13.359 seconds.
Reads Processed:      15426k 	1154.80k reads/sec
Bases Processed:       2180m 	163.26m bases/sec
Names appear to be correctly paired.
[Thu 04 Feb 2021 12:21:53 AM EST]      LOG: Done mapping!

=====================================================================
Started: at Thu 04 Feb 2021 12:05:43 AM EST
Finished: at Thu 04 Feb 2021 12:21:53 AM EST
ExitStatus: 0
=====================================================================
