=====================================================================
Slurm config version 0.1
Starting at Wed 03 Feb 2021 10:21:14 PM EST
Working directory is /scratch/timothy/projects/Coral_Stress_Phenome/results/2021-02-02/Mcapitata/Read_Mapping/GenomeScaffolds_RNAseq_HISAT2
=====================================================================

[Wed 03 Feb 2021 10:21:15 PM EST]      LOG: Running sample Mcapitata_HTAC_TP10_1315
[Wed 03 Feb 2021 10:21:15 PM EST]      CMD: hisat2 -q --phred33 --dta --rf --very-sensitive -x Mcap.genome_assembly.fa -1 /scratch/timothy/TranscriptomeAnalysis_Mcapitata_Pacuta_TimeSeriesDE/RNA_Seq_data/trimming_cutadapt/Mcapitata_HTAC_TP10_1315_R1_TrimmingRound2.fastq.gz -2 /scratch/timothy/TranscriptomeAnalysis_Mcapitata_Pacuta_TimeSeriesDE/RNA_Seq_data/trimming_cutadapt/Mcapitata_HTAC_TP10_1315_R2_TrimmingRound2.fastq.gz --threads 20 2> Mcapitata_HTAC_TP10_1315.HISAT2_RNAseq_mapping.hisat2_mapping.stats | samtools sort -@ 20 -T Mcapitata_HTAC_TP10_1315.HISAT2_RNAseq_mapping.tmp -o Mcapitata_HTAC_TP10_1315.HISAT2_RNAseq_mapping.coordSorted.bam -
[bam_sort_core] merging from 20 files and 20 in-memory blocks...
[Wed 03 Feb 2021 10:34:11 PM EST]      CMD: samtools view -f12 Mcapitata_HTAC_TP10_1315.HISAT2_RNAseq_mapping.coordSorted.bam | repair.sh in=stdin.sam out=Mcapitata_HTAC_TP10_1315.HISAT2_RNAseq_mapping.coordSorted.unmapped_pairs_R1.fastq.gz out2=Mcapitata_HTAC_TP10_1315.HISAT2_RNAseq_mapping.coordSorted.unmapped_pairs_R2.fastq.gz outs=Mcapitata_HTAC_TP10_1315.HISAT2_RNAseq_mapping.coordSorted.unmapped_pairs_Single.fastq.gz
java -ea -Xmx201855m -cp /home/timothy/programs/bbmap/current/ jgi.SplitPairsAndSingles rp in=stdin.sam out=Mcapitata_HTAC_TP10_1315.HISAT2_RNAseq_mapping.coordSorted.unmapped_pairs_R1.fastq.gz out2=Mcapitata_HTAC_TP10_1315.HISAT2_RNAseq_mapping.coordSorted.unmapped_pairs_R2.fastq.gz outs=Mcapitata_HTAC_TP10_1315.HISAT2_RNAseq_mapping.coordSorted.unmapped_pairs_Single.fastq.gz
Executing jgi.SplitPairsAndSingles [rp, in=stdin.sam, out=Mcapitata_HTAC_TP10_1315.HISAT2_RNAseq_mapping.coordSorted.unmapped_pairs_R1.fastq.gz, out2=Mcapitata_HTAC_TP10_1315.HISAT2_RNAseq_mapping.coordSorted.unmapped_pairs_R2.fastq.gz, outs=Mcapitata_HTAC_TP10_1315.HISAT2_RNAseq_mapping.coordSorted.unmapped_pairs_Single.fastq.gz]

Set INTERLEAVED to false
Started output stream.

Input:                  	17150706 reads 		2277438264 bases.
Result:                 	17150706 reads (100.00%) 	2277438264 bases (100.00%)
Pairs:                  	17150706 reads (100.00%) 	2277438264 bases (100.00%)
Singletons:             	0 reads (0.00%) 	0 bases (0.00%)

Time:                         	122.283 seconds.
Reads Processed:      17150k 	140.25k reads/sec
Bases Processed:       2277m 	18.62m bases/sec
[Wed 03 Feb 2021 10:36:14 PM EST]      CMD: reformat.sh verifypaired=t in=Mcapitata_HTAC_TP10_1315.HISAT2_RNAseq_mapping.coordSorted.unmapped_pairs_R1.fastq.gz in2=Mcapitata_HTAC_TP10_1315.HISAT2_RNAseq_mapping.coordSorted.unmapped_pairs_R2.fastq.gz
java -ea -Xms300m -cp /home/timothy/programs/bbmap/current/ jgi.ReformatReads verifypaired=t in=Mcapitata_HTAC_TP10_1315.HISAT2_RNAseq_mapping.coordSorted.unmapped_pairs_R1.fastq.gz in2=Mcapitata_HTAC_TP10_1315.HISAT2_RNAseq_mapping.coordSorted.unmapped_pairs_R2.fastq.gz
Executing jgi.ReformatReads [verifypaired=t, in=Mcapitata_HTAC_TP10_1315.HISAT2_RNAseq_mapping.coordSorted.unmapped_pairs_R1.fastq.gz, in2=Mcapitata_HTAC_TP10_1315.HISAT2_RNAseq_mapping.coordSorted.unmapped_pairs_R2.fastq.gz]

No output stream specified.  To write to stdout, please specify 'out=stdout.fq' or similar.
Set INTERLEAVED to false
Input is being processed as paired
Input:                  	17150706 reads          	2277438264 bases
Output:                 	17150706 reads (100.00%) 	2277438264 bases (100.00%)

Time:                         	18.405 seconds.
Reads Processed:      17150k 	931.85k reads/sec
Bases Processed:       2277m 	123.74m bases/sec
Names appear to be correctly paired.
[Wed 03 Feb 2021 10:36:33 PM EST]      LOG: Done mapping!

=====================================================================
Started: at Wed 03 Feb 2021 10:21:14 PM EST
Finished: at Wed 03 Feb 2021 10:36:33 PM EST
ExitStatus: 0
=====================================================================
