=====================================================================
Slurm config version 0.1
Starting at Wed 03 Feb 2021 10:23:09 PM EST
Working directory is /scratch/timothy/projects/Coral_Stress_Phenome/results/2021-02-02/Mcapitata/Read_Mapping/GenomeScaffolds_RNAseq_HISAT2
=====================================================================

[Wed 03 Feb 2021 10:23:10 PM EST]      LOG: Running sample Mcapitata_HTAC_TP10_1478
[Wed 03 Feb 2021 10:23:10 PM EST]      CMD: hisat2 -q --phred33 --dta --rf --very-sensitive -x Mcap.genome_assembly.fa -1 /scratch/timothy/TranscriptomeAnalysis_Mcapitata_Pacuta_TimeSeriesDE/RNA_Seq_data/trimming_cutadapt/Mcapitata_HTAC_TP10_1478_R1_TrimmingRound2.fastq.gz -2 /scratch/timothy/TranscriptomeAnalysis_Mcapitata_Pacuta_TimeSeriesDE/RNA_Seq_data/trimming_cutadapt/Mcapitata_HTAC_TP10_1478_R2_TrimmingRound2.fastq.gz --threads 20 2> Mcapitata_HTAC_TP10_1478.HISAT2_RNAseq_mapping.hisat2_mapping.stats | samtools sort -@ 20 -T Mcapitata_HTAC_TP10_1478.HISAT2_RNAseq_mapping.tmp -o Mcapitata_HTAC_TP10_1478.HISAT2_RNAseq_mapping.coordSorted.bam -
[bam_sort_core] merging from 20 files and 20 in-memory blocks...
[Wed 03 Feb 2021 10:40:17 PM EST]      CMD: samtools view -f12 Mcapitata_HTAC_TP10_1478.HISAT2_RNAseq_mapping.coordSorted.bam | repair.sh in=stdin.sam out=Mcapitata_HTAC_TP10_1478.HISAT2_RNAseq_mapping.coordSorted.unmapped_pairs_R1.fastq.gz out2=Mcapitata_HTAC_TP10_1478.HISAT2_RNAseq_mapping.coordSorted.unmapped_pairs_R2.fastq.gz outs=Mcapitata_HTAC_TP10_1478.HISAT2_RNAseq_mapping.coordSorted.unmapped_pairs_Single.fastq.gz
java -ea -Xmx200397m -cp /home/timothy/programs/bbmap/current/ jgi.SplitPairsAndSingles rp in=stdin.sam out=Mcapitata_HTAC_TP10_1478.HISAT2_RNAseq_mapping.coordSorted.unmapped_pairs_R1.fastq.gz out2=Mcapitata_HTAC_TP10_1478.HISAT2_RNAseq_mapping.coordSorted.unmapped_pairs_R2.fastq.gz outs=Mcapitata_HTAC_TP10_1478.HISAT2_RNAseq_mapping.coordSorted.unmapped_pairs_Single.fastq.gz
Executing jgi.SplitPairsAndSingles [rp, in=stdin.sam, out=Mcapitata_HTAC_TP10_1478.HISAT2_RNAseq_mapping.coordSorted.unmapped_pairs_R1.fastq.gz, out2=Mcapitata_HTAC_TP10_1478.HISAT2_RNAseq_mapping.coordSorted.unmapped_pairs_R2.fastq.gz, outs=Mcapitata_HTAC_TP10_1478.HISAT2_RNAseq_mapping.coordSorted.unmapped_pairs_Single.fastq.gz]

Set INTERLEAVED to false
Started output stream.

Input:                  	3891334 reads 		495867588 bases.
Result:                 	3891334 reads (100.00%) 	495867588 bases (100.00%)
Pairs:                  	3891334 reads (100.00%) 	495867588 bases (100.00%)
Singletons:             	0 reads (0.00%) 	0 bases (0.00%)

Time:                         	74.202 seconds.
Reads Processed:       3891k 	52.44k reads/sec
Bases Processed:        495m 	6.68m bases/sec
[Wed 03 Feb 2021 10:41:31 PM EST]      CMD: reformat.sh verifypaired=t in=Mcapitata_HTAC_TP10_1478.HISAT2_RNAseq_mapping.coordSorted.unmapped_pairs_R1.fastq.gz in2=Mcapitata_HTAC_TP10_1478.HISAT2_RNAseq_mapping.coordSorted.unmapped_pairs_R2.fastq.gz
java -ea -Xms300m -cp /home/timothy/programs/bbmap/current/ jgi.ReformatReads verifypaired=t in=Mcapitata_HTAC_TP10_1478.HISAT2_RNAseq_mapping.coordSorted.unmapped_pairs_R1.fastq.gz in2=Mcapitata_HTAC_TP10_1478.HISAT2_RNAseq_mapping.coordSorted.unmapped_pairs_R2.fastq.gz
Executing jgi.ReformatReads [verifypaired=t, in=Mcapitata_HTAC_TP10_1478.HISAT2_RNAseq_mapping.coordSorted.unmapped_pairs_R1.fastq.gz, in2=Mcapitata_HTAC_TP10_1478.HISAT2_RNAseq_mapping.coordSorted.unmapped_pairs_R2.fastq.gz]

No output stream specified.  To write to stdout, please specify 'out=stdout.fq' or similar.
Set INTERLEAVED to false
Input is being processed as paired
Input:                  	3891334 reads          	495867588 bases
Output:                 	3891334 reads (100.00%) 	495867588 bases (100.00%)

Time:                         	3.495 seconds.
Reads Processed:       3891k 	1113.24k reads/sec
Bases Processed:        495m 	141.86m bases/sec
Names appear to be correctly paired.
[Wed 03 Feb 2021 10:41:35 PM EST]      LOG: Done mapping!

=====================================================================
Started: at Wed 03 Feb 2021 10:23:09 PM EST
Finished: at Wed 03 Feb 2021 10:41:35 PM EST
ExitStatus: 0
=====================================================================
