=====================================================================
Slurm config version 0.1
Starting at Thu 04 Feb 2021 02:02:50 AM EST
Working directory is /scratch/timothy/projects/Coral_Stress_Phenome/results/2021-02-02/Mcapitata/Read_Mapping/GenomeScaffolds_RNAseq_HISAT2
=====================================================================

[Thu 04 Feb 2021 02:02:51 AM EST]      LOG: Running sample Mcapitata_HTHC_TP7_1126
[Thu 04 Feb 2021 02:02:51 AM EST]      CMD: hisat2 -q --phred33 --dta --rf --very-sensitive -x Mcap.genome_assembly.fa -1 /scratch/timothy/TranscriptomeAnalysis_Mcapitata_Pacuta_TimeSeriesDE/RNA_Seq_data/trimming_cutadapt/Mcapitata_HTHC_TP7_1126_R1_TrimmingRound2.fastq.gz -2 /scratch/timothy/TranscriptomeAnalysis_Mcapitata_Pacuta_TimeSeriesDE/RNA_Seq_data/trimming_cutadapt/Mcapitata_HTHC_TP7_1126_R2_TrimmingRound2.fastq.gz --threads 20 2> Mcapitata_HTHC_TP7_1126.HISAT2_RNAseq_mapping.hisat2_mapping.stats | samtools sort -@ 20 -T Mcapitata_HTHC_TP7_1126.HISAT2_RNAseq_mapping.tmp -o Mcapitata_HTHC_TP7_1126.HISAT2_RNAseq_mapping.coordSorted.bam -
[bam_sort_core] merging from 20 files and 20 in-memory blocks...
[Thu 04 Feb 2021 02:14:47 AM EST]      CMD: samtools view -f12 Mcapitata_HTHC_TP7_1126.HISAT2_RNAseq_mapping.coordSorted.bam | repair.sh in=stdin.sam out=Mcapitata_HTHC_TP7_1126.HISAT2_RNAseq_mapping.coordSorted.unmapped_pairs_R1.fastq.gz out2=Mcapitata_HTHC_TP7_1126.HISAT2_RNAseq_mapping.coordSorted.unmapped_pairs_R2.fastq.gz outs=Mcapitata_HTHC_TP7_1126.HISAT2_RNAseq_mapping.coordSorted.unmapped_pairs_Single.fastq.gz
java -ea -Xmx201654m -cp /home/timothy/programs/bbmap/current/ jgi.SplitPairsAndSingles rp in=stdin.sam out=Mcapitata_HTHC_TP7_1126.HISAT2_RNAseq_mapping.coordSorted.unmapped_pairs_R1.fastq.gz out2=Mcapitata_HTHC_TP7_1126.HISAT2_RNAseq_mapping.coordSorted.unmapped_pairs_R2.fastq.gz outs=Mcapitata_HTHC_TP7_1126.HISAT2_RNAseq_mapping.coordSorted.unmapped_pairs_Single.fastq.gz
Executing jgi.SplitPairsAndSingles [rp, in=stdin.sam, out=Mcapitata_HTHC_TP7_1126.HISAT2_RNAseq_mapping.coordSorted.unmapped_pairs_R1.fastq.gz, out2=Mcapitata_HTHC_TP7_1126.HISAT2_RNAseq_mapping.coordSorted.unmapped_pairs_R2.fastq.gz, outs=Mcapitata_HTHC_TP7_1126.HISAT2_RNAseq_mapping.coordSorted.unmapped_pairs_Single.fastq.gz]

Set INTERLEAVED to false
Started output stream.

Input:                  	10668366 reads 		1471742934 bases.
Result:                 	10668366 reads (100.00%) 	1471742934 bases (100.00%)
Pairs:                  	10668366 reads (100.00%) 	1471742934 bases (100.00%)
Singletons:             	0 reads (0.00%) 	0 bases (0.00%)

Time:                         	81.884 seconds.
Reads Processed:      10668k 	130.29k reads/sec
Bases Processed:       1471m 	17.97m bases/sec
[Thu 04 Feb 2021 02:16:10 AM EST]      CMD: reformat.sh verifypaired=t in=Mcapitata_HTHC_TP7_1126.HISAT2_RNAseq_mapping.coordSorted.unmapped_pairs_R1.fastq.gz in2=Mcapitata_HTHC_TP7_1126.HISAT2_RNAseq_mapping.coordSorted.unmapped_pairs_R2.fastq.gz
java -ea -Xms300m -cp /home/timothy/programs/bbmap/current/ jgi.ReformatReads verifypaired=t in=Mcapitata_HTHC_TP7_1126.HISAT2_RNAseq_mapping.coordSorted.unmapped_pairs_R1.fastq.gz in2=Mcapitata_HTHC_TP7_1126.HISAT2_RNAseq_mapping.coordSorted.unmapped_pairs_R2.fastq.gz
Executing jgi.ReformatReads [verifypaired=t, in=Mcapitata_HTHC_TP7_1126.HISAT2_RNAseq_mapping.coordSorted.unmapped_pairs_R1.fastq.gz, in2=Mcapitata_HTHC_TP7_1126.HISAT2_RNAseq_mapping.coordSorted.unmapped_pairs_R2.fastq.gz]

No output stream specified.  To write to stdout, please specify 'out=stdout.fq' or similar.
Set INTERLEAVED to false
Input is being processed as paired
Input:                  	10668366 reads          	1471742934 bases
Output:                 	10668366 reads (100.00%) 	1471742934 bases (100.00%)

Time:                         	9.866 seconds.
Reads Processed:      10668k 	1081.33k reads/sec
Bases Processed:       1471m 	149.17m bases/sec
Names appear to be correctly paired.
[Thu 04 Feb 2021 02:16:20 AM EST]      LOG: Done mapping!

=====================================================================
Started: at Thu 04 Feb 2021 02:02:50 AM EST
Finished: at Thu 04 Feb 2021 02:16:20 AM EST
ExitStatus: 0
=====================================================================
