=====================================================================
Slurm config version 0.1
Starting at Thu 04 Feb 2021 12:39:42 AM EST
Working directory is /scratch/timothy/projects/Coral_Stress_Phenome/results/2021-02-02/Mcapitata/Read_Mapping/GenomeScaffolds_RNAseq_HISAT2
=====================================================================

[Thu 04 Feb 2021 12:39:43 AM EST]      LOG: Running sample Mcapitata_HTHC_TP10_1689
[Thu 04 Feb 2021 12:39:43 AM EST]      CMD: hisat2 -q --phred33 --dta --rf --very-sensitive -x Mcap.genome_assembly.fa -1 /scratch/timothy/TranscriptomeAnalysis_Mcapitata_Pacuta_TimeSeriesDE/RNA_Seq_data/trimming_cutadapt/Mcapitata_HTHC_TP10_1689_R1_TrimmingRound2.fastq.gz -2 /scratch/timothy/TranscriptomeAnalysis_Mcapitata_Pacuta_TimeSeriesDE/RNA_Seq_data/trimming_cutadapt/Mcapitata_HTHC_TP10_1689_R2_TrimmingRound2.fastq.gz --threads 20 2> Mcapitata_HTHC_TP10_1689.HISAT2_RNAseq_mapping.hisat2_mapping.stats | samtools sort -@ 20 -T Mcapitata_HTHC_TP10_1689.HISAT2_RNAseq_mapping.tmp -o Mcapitata_HTHC_TP10_1689.HISAT2_RNAseq_mapping.coordSorted.bam -
[bam_sort_core] merging from 20 files and 20 in-memory blocks...
[Thu 04 Feb 2021 12:55:11 AM EST]      CMD: samtools view -f12 Mcapitata_HTHC_TP10_1689.HISAT2_RNAseq_mapping.coordSorted.bam | repair.sh in=stdin.sam out=Mcapitata_HTHC_TP10_1689.HISAT2_RNAseq_mapping.coordSorted.unmapped_pairs_R1.fastq.gz out2=Mcapitata_HTHC_TP10_1689.HISAT2_RNAseq_mapping.coordSorted.unmapped_pairs_R2.fastq.gz outs=Mcapitata_HTHC_TP10_1689.HISAT2_RNAseq_mapping.coordSorted.unmapped_pairs_Single.fastq.gz
java -ea -Xmx200529m -cp /home/timothy/programs/bbmap/current/ jgi.SplitPairsAndSingles rp in=stdin.sam out=Mcapitata_HTHC_TP10_1689.HISAT2_RNAseq_mapping.coordSorted.unmapped_pairs_R1.fastq.gz out2=Mcapitata_HTHC_TP10_1689.HISAT2_RNAseq_mapping.coordSorted.unmapped_pairs_R2.fastq.gz outs=Mcapitata_HTHC_TP10_1689.HISAT2_RNAseq_mapping.coordSorted.unmapped_pairs_Single.fastq.gz
Executing jgi.SplitPairsAndSingles [rp, in=stdin.sam, out=Mcapitata_HTHC_TP10_1689.HISAT2_RNAseq_mapping.coordSorted.unmapped_pairs_R1.fastq.gz, out2=Mcapitata_HTHC_TP10_1689.HISAT2_RNAseq_mapping.coordSorted.unmapped_pairs_R2.fastq.gz, outs=Mcapitata_HTHC_TP10_1689.HISAT2_RNAseq_mapping.coordSorted.unmapped_pairs_Single.fastq.gz]

Set INTERLEAVED to false
Started output stream.

Input:                  	7720258 reads 		1092850092 bases.
Result:                 	7720258 reads (100.00%) 	1092850092 bases (100.00%)
Pairs:                  	7720258 reads (100.00%) 	1092850092 bases (100.00%)
Singletons:             	0 reads (0.00%) 	0 bases (0.00%)

Time:                         	81.574 seconds.
Reads Processed:       7720k 	94.64k reads/sec
Bases Processed:       1092m 	13.40m bases/sec
[Thu 04 Feb 2021 12:56:33 AM EST]      CMD: reformat.sh verifypaired=t in=Mcapitata_HTHC_TP10_1689.HISAT2_RNAseq_mapping.coordSorted.unmapped_pairs_R1.fastq.gz in2=Mcapitata_HTHC_TP10_1689.HISAT2_RNAseq_mapping.coordSorted.unmapped_pairs_R2.fastq.gz
java -ea -Xms300m -cp /home/timothy/programs/bbmap/current/ jgi.ReformatReads verifypaired=t in=Mcapitata_HTHC_TP10_1689.HISAT2_RNAseq_mapping.coordSorted.unmapped_pairs_R1.fastq.gz in2=Mcapitata_HTHC_TP10_1689.HISAT2_RNAseq_mapping.coordSorted.unmapped_pairs_R2.fastq.gz
Executing jgi.ReformatReads [verifypaired=t, in=Mcapitata_HTHC_TP10_1689.HISAT2_RNAseq_mapping.coordSorted.unmapped_pairs_R1.fastq.gz, in2=Mcapitata_HTHC_TP10_1689.HISAT2_RNAseq_mapping.coordSorted.unmapped_pairs_R2.fastq.gz]

No output stream specified.  To write to stdout, please specify 'out=stdout.fq' or similar.
Set INTERLEAVED to false
Input is being processed as paired
Input:                  	7720258 reads          	1092850092 bases
Output:                 	7720258 reads (100.00%) 	1092850092 bases (100.00%)

Time:                         	6.735 seconds.
Reads Processed:       7720k 	1146.36k reads/sec
Bases Processed:       1092m 	162.27m bases/sec
Names appear to be correctly paired.
[Thu 04 Feb 2021 12:56:39 AM EST]      LOG: Done mapping!

=====================================================================
Started: at Thu 04 Feb 2021 12:39:42 AM EST
Finished: at Thu 04 Feb 2021 12:56:39 AM EST
ExitStatus: 0
=====================================================================
