=====================================================================
Slurm config version 0.1
Starting at Thu 04 Feb 2021 02:11:31 AM EST
Working directory is /scratch/timothy/projects/Coral_Stress_Phenome/results/2021-02-02/Mcapitata/Read_Mapping/GenomeScaffolds_RNAseq_HISAT2
=====================================================================

[Thu 04 Feb 2021 02:11:32 AM EST]      LOG: Running sample Mcapitata_HTHC_TP7_1250
[Thu 04 Feb 2021 02:11:32 AM EST]      CMD: hisat2 -q --phred33 --dta --rf --very-sensitive -x Mcap.genome_assembly.fa -1 /scratch/timothy/TranscriptomeAnalysis_Mcapitata_Pacuta_TimeSeriesDE/RNA_Seq_data/trimming_cutadapt/Mcapitata_HTHC_TP7_1250_R1_TrimmingRound2.fastq.gz -2 /scratch/timothy/TranscriptomeAnalysis_Mcapitata_Pacuta_TimeSeriesDE/RNA_Seq_data/trimming_cutadapt/Mcapitata_HTHC_TP7_1250_R2_TrimmingRound2.fastq.gz --threads 20 2> Mcapitata_HTHC_TP7_1250.HISAT2_RNAseq_mapping.hisat2_mapping.stats | samtools sort -@ 20 -T Mcapitata_HTHC_TP7_1250.HISAT2_RNAseq_mapping.tmp -o Mcapitata_HTHC_TP7_1250.HISAT2_RNAseq_mapping.coordSorted.bam -
[bam_sort_core] merging from 20 files and 20 in-memory blocks...
[Thu 04 Feb 2021 02:22:25 AM EST]      CMD: samtools view -f12 Mcapitata_HTHC_TP7_1250.HISAT2_RNAseq_mapping.coordSorted.bam | repair.sh in=stdin.sam out=Mcapitata_HTHC_TP7_1250.HISAT2_RNAseq_mapping.coordSorted.unmapped_pairs_R1.fastq.gz out2=Mcapitata_HTHC_TP7_1250.HISAT2_RNAseq_mapping.coordSorted.unmapped_pairs_R2.fastq.gz outs=Mcapitata_HTHC_TP7_1250.HISAT2_RNAseq_mapping.coordSorted.unmapped_pairs_Single.fastq.gz
java -ea -Xmx201208m -cp /home/timothy/programs/bbmap/current/ jgi.SplitPairsAndSingles rp in=stdin.sam out=Mcapitata_HTHC_TP7_1250.HISAT2_RNAseq_mapping.coordSorted.unmapped_pairs_R1.fastq.gz out2=Mcapitata_HTHC_TP7_1250.HISAT2_RNAseq_mapping.coordSorted.unmapped_pairs_R2.fastq.gz outs=Mcapitata_HTHC_TP7_1250.HISAT2_RNAseq_mapping.coordSorted.unmapped_pairs_Single.fastq.gz
Executing jgi.SplitPairsAndSingles [rp, in=stdin.sam, out=Mcapitata_HTHC_TP7_1250.HISAT2_RNAseq_mapping.coordSorted.unmapped_pairs_R1.fastq.gz, out2=Mcapitata_HTHC_TP7_1250.HISAT2_RNAseq_mapping.coordSorted.unmapped_pairs_R2.fastq.gz, outs=Mcapitata_HTHC_TP7_1250.HISAT2_RNAseq_mapping.coordSorted.unmapped_pairs_Single.fastq.gz]

Set INTERLEAVED to false
Started output stream.

Input:                  	14468910 reads 		2009354794 bases.
Result:                 	14468910 reads (100.00%) 	2009354794 bases (100.00%)
Pairs:                  	14468910 reads (100.00%) 	2009354794 bases (100.00%)
Singletons:             	0 reads (0.00%) 	0 bases (0.00%)

Time:                         	111.369 seconds.
Reads Processed:      14468k 	129.92k reads/sec
Bases Processed:       2009m 	18.04m bases/sec
[Thu 04 Feb 2021 02:24:17 AM EST]      CMD: reformat.sh verifypaired=t in=Mcapitata_HTHC_TP7_1250.HISAT2_RNAseq_mapping.coordSorted.unmapped_pairs_R1.fastq.gz in2=Mcapitata_HTHC_TP7_1250.HISAT2_RNAseq_mapping.coordSorted.unmapped_pairs_R2.fastq.gz
java -ea -Xms300m -cp /home/timothy/programs/bbmap/current/ jgi.ReformatReads verifypaired=t in=Mcapitata_HTHC_TP7_1250.HISAT2_RNAseq_mapping.coordSorted.unmapped_pairs_R1.fastq.gz in2=Mcapitata_HTHC_TP7_1250.HISAT2_RNAseq_mapping.coordSorted.unmapped_pairs_R2.fastq.gz
Executing jgi.ReformatReads [verifypaired=t, in=Mcapitata_HTHC_TP7_1250.HISAT2_RNAseq_mapping.coordSorted.unmapped_pairs_R1.fastq.gz, in2=Mcapitata_HTHC_TP7_1250.HISAT2_RNAseq_mapping.coordSorted.unmapped_pairs_R2.fastq.gz]

No output stream specified.  To write to stdout, please specify 'out=stdout.fq' or similar.
Set INTERLEAVED to false
Input is being processed as paired
Input:                  	14468910 reads          	2009354794 bases
Output:                 	14468910 reads (100.00%) 	2009354794 bases (100.00%)

Time:                         	17.835 seconds.
Reads Processed:      14468k 	811.26k reads/sec
Bases Processed:       2009m 	112.66m bases/sec
Names appear to be correctly paired.
[Thu 04 Feb 2021 02:24:35 AM EST]      LOG: Done mapping!

=====================================================================
Started: at Thu 04 Feb 2021 02:11:31 AM EST
Finished: at Thu 04 Feb 2021 02:24:35 AM EST
ExitStatus: 0
=====================================================================
