Using GATK jar /home/timothy/programs/gatk-4.2.0.0/gatk-package-4.2.0.0-local.jar
Running:
    java -Dsamjdk.use_async_io_read_samtools=false -Dsamjdk.use_async_io_write_samtools=true -Dsamjdk.use_async_io_write_tribble=false -Dsamjdk.compression_level=2 -jar /home/timothy/programs/gatk-4.2.0.0/gatk-package-4.2.0.0-local.jar VariantsToTable --reference Pocillopora_acuta_HIv1.assembly.purged.fasta --variant GVCFall_withREF_SNPs.vcf.gz --output GVCFall_withREF_SNPs.AD_GQ.table -F CHROM -F POS -GF GT -GF AD -GF DP -GF GQ
11:04:53.312 INFO  NativeLibraryLoader - Loading libgkl_compression.so from jar:file:/home/timothy/programs/gatk-4.2.0.0/gatk-package-4.2.0.0-local.jar!/com/intel/gkl/native/libgkl_compression.so
Aug 04, 2021 11:04:53 AM shaded.cloud_nio.com.google.auth.oauth2.ComputeEngineCredentials runningOnComputeEngine
INFO: Failed to detect whether we are running on Google Compute Engine.
11:04:53.530 INFO  VariantsToTable - ------------------------------------------------------------
11:04:53.530 INFO  VariantsToTable - The Genome Analysis Toolkit (GATK) v4.2.0.0
11:04:53.530 INFO  VariantsToTable - For support and documentation go to https://software.broadinstitute.org/gatk/
11:04:53.530 INFO  VariantsToTable - Executing as timothy@coral on Linux v5.4.0-80-generic amd64
11:04:53.530 INFO  VariantsToTable - Java runtime: OpenJDK 64-Bit Server VM v11.0.11+9-Ubuntu-0ubuntu2.20.04
11:04:53.531 INFO  VariantsToTable - Start Date/Time: August 4, 2021 at 11:04:53 AM EDT
11:04:53.531 INFO  VariantsToTable - ------------------------------------------------------------
11:04:53.531 INFO  VariantsToTable - ------------------------------------------------------------
11:04:53.532 INFO  VariantsToTable - HTSJDK Version: 2.24.0
11:04:53.532 INFO  VariantsToTable - Picard Version: 2.25.0
11:04:53.532 INFO  VariantsToTable - Built for Spark Version: 2.4.5
11:04:53.532 INFO  VariantsToTable - HTSJDK Defaults.COMPRESSION_LEVEL : 2
11:04:53.532 INFO  VariantsToTable - HTSJDK Defaults.USE_ASYNC_IO_READ_FOR_SAMTOOLS : false
11:04:53.532 INFO  VariantsToTable - HTSJDK Defaults.USE_ASYNC_IO_WRITE_FOR_SAMTOOLS : true
11:04:53.532 INFO  VariantsToTable - HTSJDK Defaults.USE_ASYNC_IO_WRITE_FOR_TRIBBLE : false
11:04:53.532 INFO  VariantsToTable - Deflater: IntelDeflater
11:04:53.532 INFO  VariantsToTable - Inflater: IntelInflater
11:04:53.532 INFO  VariantsToTable - GCS max retries/reopens: 20
11:04:53.532 INFO  VariantsToTable - Requester pays: disabled
11:04:53.532 INFO  VariantsToTable - Initializing engine
11:04:53.791 INFO  FeatureManager - Using codec VCFCodec to read file file:///scratch/timothy/projects/0022_Coral_Genotype_Analysis/03_Analysis/2021-06-21/Pocillopora_acuta_PacBio_Assembly/Genome_short_variant_analysis/filtering/GVCFall_withREF_SNPs.AD_Analysis/GVCFall_withREF_SNPs.vcf.gz
11:04:53.957 INFO  VariantsToTable - Done initializing engine
11:04:57.610 WARN  VariantsToTable - Allele-specific fields will only be split if splitting multi-allelic variants is specified (`--split-multi-allelic` or `-SMA`
11:04:57.612 INFO  ProgressMeter - Starting traversal
11:04:57.613 INFO  ProgressMeter -        Current Locus  Elapsed Minutes    Variants Processed  Variants/Minute
11:05:07.699 INFO  ProgressMeter - Pocillopora_acuta_HIv1___Scaffold_000000F___length_7015273:726566              0.2                 19000         113072.8
11:05:17.739 INFO  ProgressMeter - Pocillopora_acuta_HIv1___Scaffold_000000F___length_7015273:1483602              0.3                 39000         116273.3
11:05:27.998 INFO  ProgressMeter - Pocillopora_acuta_HIv1___Scaffold_000000F___length_7015273:2158834              0.5                 62000         122432.9
11:05:38.328 INFO  ProgressMeter - Pocillopora_acuta_HIv1___Scaffold_000000F___length_7015273:3391615              0.7                 90000         132632.5
11:05:48.404 INFO  ProgressMeter - Pocillopora_acuta_HIv1___Scaffold_000000F___length_7015273:4363011              0.8                113000         133490.8
11:05:58.655 INFO  ProgressMeter - Pocillopora_acuta_HIv1___Scaffold_000000F___length_7015273:5564754              1.0                141000         138595.4
11:06:08.759 INFO  ProgressMeter - Pocillopora_acuta_HIv1___Scaffold_000000F___length_7015273:6444191              1.2                163000         137463.8
11:06:19.003 INFO  ProgressMeter - Pocillopora_acuta_HIv1___Scaffold_000001F___length_3838978:282829              1.4                185000         136380.4
11:06:29.099 INFO  ProgressMeter - Pocillopora_acuta_HIv1___Scaffold_000001F___length_3838978:1468834              1.5                222000         145596.0
11:06:39.350 INFO  ProgressMeter - Pocillopora_acuta_HIv1___Scaffold_000001F___length_3838978:2678807              1.7                261000         153926.3
11:06:49.736 INFO  ProgressMeter - Pocillopora_acuta_HIv1___Scaffold_000003F___length_3310154:257005              1.9                300000         160539.4
11:06:59.944 INFO  ProgressMeter - Pocillopora_acuta_HIv1___Scaffold_000003F___length_3310154:1281732              2.0                323000         158422.6
11:07:09.962 INFO  ProgressMeter - Pocillopora_acuta_HIv1___Scaffold_000003F___length_3310154:2131904              2.2                345000         156404.7
11:07:20.060 INFO  ProgressMeter - Pocillopora_acuta_HIv1___Scaffold_000003F___length_3310154:2980133              2.4                367000         154583.8
11:07:30.264 INFO  ProgressMeter - Pocillopora_acuta_HIv1___Scaffold_000002F___length_3285914:1014869              2.5                390000         153291.8
11:07:40.556 INFO  ProgressMeter - Pocillopora_acuta_HIv1___Scaffold_000002F___length_3285914:2130628              2.7                414000         152445.9
11:07:50.612 INFO  ProgressMeter - Pocillopora_acuta_HIv1___Scaffold_000002F___length_3285914:2933534              2.9                437000         151561.6
11:08:00.700 INFO  ProgressMeter - Pocillopora_acuta_HIv1___Scaffold_000007F___length_3038207:510039              3.1                461000         151075.7
11:08:10.808 INFO  ProgressMeter - Pocillopora_acuta_HIv1___Scaffold_000007F___length_3038207:1430138              3.2                485000         150625.0
11:08:21.176 INFO  ProgressMeter - Pocillopora_acuta_HIv1___Scaffold_000007F___length_3038207:2351155              3.4                510000         150322.0
11:08:31.418 INFO  ProgressMeter - Pocillopora_acuta_HIv1___Scaffold_000006F___length_3012071:370885              3.6                535000         150136.8
11:08:41.593 INFO  ProgressMeter - Pocillopora_acuta_HIv1___Scaffold_000006F___length_3012071:1131493              3.7                557000         149209.8
11:08:51.651 INFO  ProgressMeter - Pocillopora_acuta_HIv1___Scaffold_000006F___length_3012071:1886434              3.9                579000         148438.1
11:09:01.855 INFO  ProgressMeter - Pocillopora_acuta_HIv1___Scaffold_000006F___length_3012071:2749389              4.1                602000         147886.1
11:09:12.285 INFO  ProgressMeter - Pocillopora_acuta_HIv1___Scaffold_000004F___length_2973859:607136              4.2                632000         148898.0
11:09:22.714 INFO  ProgressMeter - Pocillopora_acuta_HIv1___Scaffold_000004F___length_2973859:1232122              4.4                655000         148245.9
11:09:32.749 INFO  ProgressMeter - Pocillopora_acuta_HIv1___Scaffold_000004F___length_2973859:1871879              4.6                677000         147636.6
11:09:42.886 INFO  ProgressMeter - Pocillopora_acuta_HIv1___Scaffold_000004F___length_2973859:2608321              4.8                700000         147227.4
11:09:53.227 INFO  ProgressMeter - Pocillopora_acuta_HIv1___Scaffold_000005F___length_2913003:331842              4.9                723000         146745.4
11:10:03.253 INFO  ProgressMeter - Pocillopora_acuta_HIv1___Scaffold_000005F___length_2913003:1185901              5.1                745000         146251.0
11:10:13.256 INFO  ProgressMeter - Pocillopora_acuta_HIv1___Scaffold_000005F___length_2913003:2007808              5.3                767000         145797.6
11:10:23.372 INFO  ProgressMeter - Pocillopora_acuta_HIv1___Scaffold_000008F___length_2769899:106610              5.4                790000         145506.3
11:10:33.844 INFO  ProgressMeter - Pocillopora_acuta_HIv1___Scaffold_000008F___length_2769899:544641              5.6                813000         145079.3
11:10:44.268 INFO  ProgressMeter - Pocillopora_acuta_HIv1___Scaffold_000008F___length_2769899:1036927              5.8                835000         144524.1
11:10:54.404 INFO  ProgressMeter - Pocillopora_acuta_HIv1___Scaffold_000008F___length_2769899:1822306              5.9                875000         147145.0
11:11:04.632 INFO  ProgressMeter - Pocillopora_acuta_HIv1___Scaffold_000008F___length_2769899:2511878              6.1                914000         149420.1
11:11:14.711 INFO  ProgressMeter - Pocillopora_acuta_HIv1___Scaffold_000009F___length_2672951:809918              6.3                952000         151472.6
11:11:24.922 INFO  ProgressMeter - Pocillopora_acuta_HIv1___Scaffold_000009F___length_2672951:1554124              6.5                976000         151197.5
11:11:35.333 INFO  ProgressMeter - Pocillopora_acuta_HIv1___Scaffold_000009F___length_2672951:2232529              6.6                999000         150709.4
11:11:45.492 INFO  ProgressMeter - Pocillopora_acuta_HIv1___Scaffold_000010F___length_2656316:697431              6.8               1022000         150338.7
11:11:55.661 INFO  ProgressMeter - Pocillopora_acuta_HIv1___Scaffold_000010F___length_2656316:1787892              7.0               1057000         151705.1
11:12:05.842 INFO  ProgressMeter - Pocillopora_acuta_HIv1___Scaffold_000011F___length_2586769:354538              7.1               1094000         153282.5
11:12:16.216 INFO  ProgressMeter - Pocillopora_acuta_HIv1___Scaffold_000011F___length_2586769:1314190              7.3               1118000         152940.5
11:12:26.639 INFO  ProgressMeter - Pocillopora_acuta_HIv1___Scaffold_000011F___length_2586769:2094989              7.5               1139000         152196.1
11:12:36.947 INFO  ProgressMeter - Pocillopora_acuta_HIv1___Scaffold_000012F___length_2520783:476194              7.7               1161000         151654.4
11:12:47.340 INFO  ProgressMeter - Pocillopora_acuta_HIv1___Scaffold_000012F___length_2520783:1173457              7.8               1185000         151364.5
11:12:57.350 INFO  ProgressMeter - Pocillopora_acuta_HIv1___Scaffold_000012F___length_2520783:2127927              8.0               1216000         152083.6
11:13:07.574 INFO  ProgressMeter - Pocillopora_acuta_HIv1___Scaffold_000014F___length_2520379:1017830              8.2               1253000         153440.8
11:13:17.910 INFO  ProgressMeter - Pocillopora_acuta_HIv1___Scaffold_000020F___length_2467453:61650              8.3               1283000         153868.6
11:13:27.923 INFO  ProgressMeter - Pocillopora_acuta_HIv1___Scaffold_000020F___length_2467453:1367525              8.5               1315000         154611.9
11:13:38.001 INFO  ProgressMeter - Pocillopora_acuta_HIv1___Scaffold_000019F___length_2418994:467457              8.7               1352000         155884.0
11:13:48.003 INFO  ProgressMeter - Pocillopora_acuta_HIv1___Scaffold_000019F___length_2418994:1912340              8.8               1390000         157242.8
11:13:58.111 INFO  ProgressMeter - Pocillopora_acuta_HIv1___Scaffold_000021F___length_2349876:1394921              9.0               1428000         158520.8
11:14:08.352 INFO  ProgressMeter - Pocillopora_acuta_HIv1___Scaffold_000017F___length_2344199:715665              9.2               1466000         159712.7
11:14:18.501 INFO  ProgressMeter - Pocillopora_acuta_HIv1___Scaffold_000017F___length_2344199:1519711              9.3               1489000         159283.4
11:14:28.933 INFO  ProgressMeter - Pocillopora_acuta_HIv1___Scaffold_000017F___length_2344199:2176012              9.5               1512000         158790.2
11:14:39.281 INFO  ProgressMeter - Pocillopora_acuta_HIv1___Scaffold_000026F___length_2243953:616493              9.7               1535000         158337.7
11:14:49.630 INFO  ProgressMeter - Pocillopora_acuta_HIv1___Scaffold_000026F___length_2243953:1289481              9.9               1558000         157900.9
11:14:59.853 INFO  ProgressMeter - Pocillopora_acuta_HIv1___Scaffold_000026F___length_2243953:2076556             10.0               1581000         157512.0
11:15:10.039 INFO  ProgressMeter - Pocillopora_acuta_HIv1___Scaffold_000022F___length_2234617:532278             10.2               1610000         157733.3
11:15:20.062 INFO  ProgressMeter - Pocillopora_acuta_HIv1___Scaffold_000022F___length_2234617:1513196             10.4               1646000         158663.9
11:15:30.386 INFO  ProgressMeter - Pocillopora_acuta_HIv1___Scaffold_000016F___length_2230716:47711             10.5               1669000         158255.8
11:15:40.604 INFO  ProgressMeter - Pocillopora_acuta_HIv1___Scaffold_000016F___length_2230716:780181             10.7               1693000         157980.4
11:15:50.877 INFO  ProgressMeter - Pocillopora_acuta_HIv1___Scaffold_000016F___length_2230716:1396376             10.9               1719000         157884.3
11:16:01.228 INFO  ProgressMeter - Pocillopora_acuta_HIv1___Scaffold_000016F___length_2230716:2061294             11.1               1742000         157501.2
11:16:11.288 INFO  ProgressMeter - Pocillopora_acuta_HIv1___Scaffold_000024F___length_2194858:569158             11.2               1764000         157108.4
11:16:21.498 INFO  ProgressMeter - Pocillopora_acuta_HIv1___Scaffold_000024F___length_2194858:1407066             11.4               1787000         156781.0
11:16:31.566 INFO  ProgressMeter - Pocillopora_acuta_HIv1___Scaffold_000028F___length_2192771:46995             11.6               1809000         156408.3
11:16:41.650 INFO  ProgressMeter - Pocillopora_acuta_HIv1___Scaffold_000028F___length_2192771:772861             11.7               1840000         156809.9
11:16:52.057 INFO  ProgressMeter - Pocillopora_acuta_HIv1___Scaffold_000028F___length_2192771:1755942             11.9               1876000         157549.1
11:17:02.325 INFO  ProgressMeter - Pocillopora_acuta_HIv1___Scaffold_000031F___length_2151340:471389             12.1               1898000         157138.3
11:17:12.682 INFO  ProgressMeter - Pocillopora_acuta_HIv1___Scaffold_000031F___length_2151340:1656487             12.3               1920000         156720.2
11:17:22.719 INFO  ProgressMeter - Pocillopora_acuta_HIv1___Scaffold_000029F___length_2136925:366483             12.4               1943000         156461.0
11:17:32.997 INFO  ProgressMeter - Pocillopora_acuta_HIv1___Scaffold_000029F___length_2136925:1030438             12.6               1964000         156000.3
11:17:43.182 INFO  ProgressMeter - Pocillopora_acuta_HIv1___Scaffold_000029F___length_2136925:1723999             12.8               1984000         155492.4
11:17:53.267 INFO  ProgressMeter - Pocillopora_acuta_HIv1___Scaffold_000013F___length_2048302:399800             12.9               2006000         155172.3
11:18:03.422 INFO  ProgressMeter - Pocillopora_acuta_HIv1___Scaffold_000013F___length_2048302:1073861             13.1               2027000         154770.4
11:18:13.472 INFO  ProgressMeter - Pocillopora_acuta_HIv1___Scaffold_000013F___length_2048302:1661319             13.3               2052000         154700.8
11:18:23.507 INFO  ProgressMeter - Pocillopora_acuta_HIv1___Scaffold_000025F___length_2017222:119130             13.4               2076000         154561.3
11:18:33.745 INFO  ProgressMeter - Pocillopora_acuta_HIv1___Scaffold_000025F___length_2017222:807604             13.6               2097000         154166.4
11:18:44.107 INFO  ProgressMeter - Pocillopora_acuta_HIv1___Scaffold_000025F___length_2017222:1541251             13.8               2120000         153903.1
11:18:54.405 INFO  ProgressMeter - Pocillopora_acuta_HIv1___Scaffold_000030F___length_1997862:386607             13.9               2143000         153658.3
11:19:04.505 INFO  ProgressMeter - Pocillopora_acuta_HIv1___Scaffold_000030F___length_1997862:1431565             14.1               2165000         153384.4
11:19:14.594 INFO  ProgressMeter - Pocillopora_acuta_HIv1___Scaffold_000027F___length_1993346:325309             14.3               2189000         153258.9
11:19:24.785 INFO  ProgressMeter - Pocillopora_acuta_HIv1___Scaffold_000027F___length_1993346:1359970             14.5               2229000         154225.5
11:19:34.818 INFO  ProgressMeter - Pocillopora_acuta_HIv1___Scaffold_000033F___length_1976463:546569             14.6               2267000         155060.7
11:19:45.206 INFO  ProgressMeter - Pocillopora_acuta_HIv1___Scaffold_000033F___length_1976463:1353596             14.8               2295000         155138.7
11:19:55.604 INFO  ProgressMeter - Pocillopora_acuta_HIv1___Scaffold_000034F___length_1965713:369619             15.0               2318000         154879.1
11:20:05.855 INFO  ProgressMeter - Pocillopora_acuta_HIv1___Scaffold_000034F___length_1965713:1436646             15.1               2341000         154650.4
11:20:16.043 INFO  ProgressMeter - Pocillopora_acuta_HIv1___Scaffold_000036F___length_1887486:468515             15.3               2364000         154437.5
11:20:26.399 INFO  ProgressMeter - Pocillopora_acuta_HIv1___Scaffold_000036F___length_1887486:1206143             15.5               2391000         154459.9
11:20:36.565 INFO  ProgressMeter - Pocillopora_acuta_HIv1___Scaffold_000035F___length_1881926:260546             15.6               2414000         154257.1
11:20:46.778 INFO  ProgressMeter - Pocillopora_acuta_HIv1___Scaffold_000035F___length_1881926:956466             15.8               2438000         154114.4
11:20:57.159 INFO  ProgressMeter - Pocillopora_acuta_HIv1___Scaffold_000046F___length_1870459:304409             16.0               2468000         154323.0
11:21:07.448 INFO  ProgressMeter - Pocillopora_acuta_HIv1___Scaffold_000046F___length_1870459:1092367             16.2               2490000         154046.8
11:21:17.746 INFO  ProgressMeter - Pocillopora_acuta_HIv1___Scaffold_000040F___length_1870022:121455             16.3               2512000         153775.0
11:21:28.190 INFO  ProgressMeter - Pocillopora_acuta_HIv1___Scaffold_000040F___length_1870022:922770             16.5               2545000         154152.6
11:21:38.207 INFO  ProgressMeter - Pocillopora_acuta_HIv1___Scaffold_000040F___length_1870022:1516446             16.7               2567000         153928.6
11:21:48.594 INFO  ProgressMeter - Pocillopora_acuta_HIv1___Scaffold_000038F___length_1860461:727129             16.8               2590000         153712.1
11:21:58.786 INFO  ProgressMeter - Pocillopora_acuta_HIv1___Scaffold_000038F___length_1860461:1588585             17.0               2612000         153470.7
11:22:08.968 INFO  ProgressMeter - Pocillopora_acuta_HIv1___Scaffold_000042F___length_1843182:999912             17.2               2649000         154107.9
11:22:19.080 INFO  ProgressMeter - Pocillopora_acuta_HIv1___Scaffold_000044F___length_1822362:502992             17.4               2688000         154858.5
11:22:29.152 INFO  ProgressMeter - Pocillopora_acuta_HIv1___Scaffold_000045F___length_1821403:445152             17.5               2724000         155429.3
11:22:39.279 INFO  ProgressMeter - Pocillopora_acuta_HIv1___Scaffold_000045F___length_1821403:1484793             17.7               2747000         155246.7
11:22:49.488 INFO  ProgressMeter - Pocillopora_acuta_HIv1___Scaffold_000047F___length_1804076:460561             17.9               2770000         155055.4
11:22:59.708 INFO  ProgressMeter - Pocillopora_acuta_HIv1___Scaffold_000047F___length_1804076:1458732             18.0               2807000         155642.5
11:23:09.863 INFO  ProgressMeter - Pocillopora_acuta_HIv1___Scaffold_000049F___length_1801693:769426             18.2               2841000         156063.2
11:23:19.964 INFO  ProgressMeter - Pocillopora_acuta_HIv1___Scaffold_000049F___length_1801693:1433339             18.4               2863000         155830.6
11:23:30.297 INFO  ProgressMeter - Pocillopora_acuta_HIv1___Scaffold_000048F___length_1779791:410685             18.5               2891000         155893.3
11:23:40.573 INFO  ProgressMeter - Pocillopora_acuta_HIv1___Scaffold_000048F___length_1779791:980148             18.7               2914000         155695.7
11:23:50.582 INFO  ProgressMeter - Pocillopora_acuta_HIv1___Scaffold_000018F___length_1767520:57440             18.9               2937000         155538.4
11:24:00.863 INFO  ProgressMeter - Pocillopora_acuta_HIv1___Scaffold_000018F___length_1767520:867815             19.1               2960000         155346.6
11:24:10.896 INFO  ProgressMeter - Pocillopora_acuta_HIv1___Scaffold_000018F___length_1767520:1738390             19.2               2982000         155139.7
11:24:21.153 INFO  ProgressMeter - Pocillopora_acuta_HIv1___Scaffold_000051F___length_1752840:481074             19.4               3004000         154906.6
11:24:31.220 INFO  ProgressMeter - Pocillopora_acuta_HIv1___Scaffold_000051F___length_1752840:1436069             19.6               3043000         155571.7
11:24:41.301 INFO  ProgressMeter - Pocillopora_acuta_HIv1___Scaffold_000052F___length_1749787:300976             19.7               3069000         155564.6
11:24:51.380 INFO  ProgressMeter - Pocillopora_acuta_HIv1___Scaffold_000052F___length_1749787:1062013             19.9               3099000         155759.0
11:25:01.572 INFO  ProgressMeter - Pocillopora_acuta_HIv1___Scaffold_000052F___length_1749787:1466033             20.1               3121000         155537.0
11:25:11.589 INFO  ProgressMeter - Pocillopora_acuta_HIv1___Scaffold_000059F___length_1692002:73633             20.2               3143000         155340.8
11:25:21.795 INFO  ProgressMeter - Pocillopora_acuta_HIv1___Scaffold_000059F___length_1692002:1016860             20.4               3165000         155124.0
11:25:31.981 INFO  ProgressMeter - Pocillopora_acuta_HIv1___Scaffold_000055F___length_1685811:51725             20.6               3187000         154913.3
11:25:42.020 INFO  ProgressMeter - Pocillopora_acuta_HIv1___Scaffold_000055F___length_1685811:746196             20.7               3209000         154724.4
11:25:52.222 INFO  ProgressMeter - Pocillopora_acuta_HIv1___Scaffold_000055F___length_1685811:1311644             20.9               3231000         154518.4
11:26:02.434 INFO  ProgressMeter - Pocillopora_acuta_HIv1___Scaffold_000056F___length_1677393:534498             21.1               3257000         154504.2
11:26:12.620 INFO  ProgressMeter - Pocillopora_acuta_HIv1___Scaffold_000056F___length_1677393:1637409             21.3               3289000         154775.6
11:26:23.005 INFO  ProgressMeter - Pocillopora_acuta_HIv1___Scaffold_000060F___length_1636426:861659             21.4               3312000         154598.8
11:26:33.262 INFO  ProgressMeter - Pocillopora_acuta_HIv1___Scaffold_000063F___length_1625206:127425             21.6               3339000         154625.2
11:26:43.570 INFO  ProgressMeter - Pocillopora_acuta_HIv1___Scaffold_000063F___length_1625206:1048799             21.8               3365000         154599.3
11:26:53.805 INFO  ProgressMeter - Pocillopora_acuta_HIv1___Scaffold_000061F___length_1614046:129669             21.9               3388000         154445.7
11:27:04.108 INFO  ProgressMeter - Pocillopora_acuta_HIv1___Scaffold_000061F___length_1614046:835217             22.1               3411000         154286.3
11:27:14.533 INFO  ProgressMeter - Pocillopora_acuta_HIv1___Scaffold_000061F___length_1614046:1514403             22.3               3434000         154115.4
11:27:24.558 INFO  ProgressMeter - Pocillopora_acuta_HIv1___Scaffold_000058F___length_1607644:902316             22.4               3461000         154171.1
11:27:34.635 INFO  ProgressMeter - Pocillopora_acuta_HIv1___Scaffold_000058F___length_1607644:1526023             22.6               3483000         153999.0
11:27:44.800 INFO  ProgressMeter - Pocillopora_acuta_HIv1___Scaffold_000062F___length_1593303:1118982             22.8               3506000         153863.4
11:27:55.025 INFO  ProgressMeter - Pocillopora_acuta_HIv1___Scaffold_000053F___length_1590508:195089             23.0               3528000         153679.5
11:28:05.252 INFO  ProgressMeter - Pocillopora_acuta_HIv1___Scaffold_000053F___length_1590508:689469             23.1               3550000         153498.1
11:28:15.335 INFO  ProgressMeter - Pocillopora_acuta_HIv1___Scaffold_000053F___length_1590508:1371553             23.3               3572000         153335.2
11:28:25.406 INFO  ProgressMeter - Pocillopora_acuta_HIv1___Scaffold_000066F___length_1581690:340496             23.5               3594000         153176.0
11:28:35.503 INFO  ProgressMeter - Pocillopora_acuta_HIv1___Scaffold_000066F___length_1581690:1177758             23.6               3631000         153650.8
11:28:45.639 INFO  ProgressMeter - Pocillopora_acuta_HIv1___Scaffold_000067F___length_1571305:550055             23.8               3670000         154198.9
11:28:55.820 INFO  ProgressMeter - Pocillopora_acuta_HIv1___Scaffold_000068F___length_1552883:1299320             24.0               3710000         154776.1
11:29:05.835 INFO  ProgressMeter - Pocillopora_acuta_HIv1___Scaffold_000071F___length_1536468:559330             24.1               3734000         154700.1
11:29:16.051 INFO  ProgressMeter - Pocillopora_acuta_HIv1___Scaffold_000071F___length_1536468:1296695             24.3               3757000         154562.6
11:29:26.494 INFO  ProgressMeter - Pocillopora_acuta_HIv1___Scaffold_000050F___length_1523765:511929             24.5               3780000         154403.2
11:29:36.944 INFO  ProgressMeter - Pocillopora_acuta_HIv1___Scaffold_000050F___length_1523765:1253696             24.7               3803000         154245.4
11:29:46.953 INFO  ProgressMeter - Pocillopora_acuta_HIv1___Scaffold_000082F___length_1507628:699115             24.8               3828000         154216.1
11:29:57.005 INFO  ProgressMeter - Pocillopora_acuta_HIv1___Scaffold_000074F___length_1495598:370380             25.0               3867000         154742.7
11:30:07.181 INFO  ProgressMeter - Pocillopora_acuta_HIv1___Scaffold_000083F___length_1495163:163038             25.2               3906000         155249.8
11:30:17.202 INFO  ProgressMeter - Pocillopora_acuta_HIv1___Scaffold_000081F___length_1493854:240363             25.3               3938000         155489.4
11:30:27.583 INFO  ProgressMeter - Pocillopora_acuta_HIv1___Scaffold_000081F___length_1493854:892692             25.5               3961000         155336.4
11:30:37.837 INFO  ProgressMeter - Pocillopora_acuta_HIv1___Scaffold_000078F___length_1491746:543484             25.7               3984000         155198.2
11:30:48.140 INFO  ProgressMeter - Pocillopora_acuta_HIv1___Scaffold_000065F___length_1489235:248690             25.8               4007000         155057.0
11:30:58.168 INFO  ProgressMeter - Pocillopora_acuta_HIv1___Scaffold_000065F___length_1489235:818153             26.0               4029000         154906.4
11:31:08.256 INFO  ProgressMeter - Pocillopora_acuta_HIv1___Scaffold_000054F___length_1482085:503861             26.2               4057000         154981.2
11:31:18.268 INFO  ProgressMeter - Pocillopora_acuta_HIv1___Scaffold_000054F___length_1482085:1291352             26.3               4079000         154834.6
11:31:28.275 INFO  ProgressMeter - Pocillopora_acuta_HIv1___Scaffold_000080F___length_1480119:724059             26.5               4099000         154615.0
11:31:38.733 INFO  ProgressMeter - Pocillopora_acuta_HIv1___Scaffold_000080F___length_1480119:1434042             26.7               4120000         154391.9
11:31:49.099 INFO  ProgressMeter - Pocillopora_acuta_HIv1___Scaffold_000075F___length_1465233:383959             26.9               4142000         154218.0
11:31:59.518 INFO  ProgressMeter - Pocillopora_acuta_HIv1___Scaffold_000075F___length_1465233:684194             27.0               4163000         154004.2
11:32:09.716 INFO  ProgressMeter - Pocillopora_acuta_HIv1___Scaffold_000075F___length_1465233:1262657             27.2               4185000         153850.7
11:32:19.856 INFO  ProgressMeter - Pocillopora_acuta_HIv1___Scaffold_000077F___length_1459619:237581             27.4               4207000         153704.4
11:32:29.948 INFO  ProgressMeter - Pocillopora_acuta_HIv1___Scaffold_000077F___length_1459619:694501             27.5               4228000         153528.2
11:32:40.362 INFO  ProgressMeter - Pocillopora_acuta_HIv1___Scaffold_000073F___length_1449292:264939             27.7               4251000         153396.6
11:32:50.432 INFO  ProgressMeter - Pocillopora_acuta_HIv1___Scaffold_000073F___length_1449292:1243489             27.9               4273000         153262.2
11:33:00.751 INFO  ProgressMeter - Pocillopora_acuta_HIv1___Scaffold_000041F___length_1444133:860311             28.1               4296000         153142.5
11:33:11.084 INFO  ProgressMeter - Pocillopora_acuta_HIv1___Scaffold_000088F___length_1443323:236260             28.2               4319000         153023.0
11:33:21.339 INFO  ProgressMeter - Pocillopora_acuta_HIv1___Scaffold_000088F___length_1443323:1061504             28.4               4349000         153158.4
11:33:31.357 INFO  ProgressMeter - Pocillopora_acuta_HIv1___Scaffold_000086F___length_1433250:484035             28.6               4377000         153243.5
11:33:41.636 INFO  ProgressMeter - Pocillopora_acuta_HIv1___Scaffold_000086F___length_1433250:1202459             28.7               4399000         153095.4
11:33:51.686 INFO  ProgressMeter - Pocillopora_acuta_HIv1___Scaffold_000089F___length_1432987:748235             28.9               4428000         153211.5
11:34:01.738 INFO  ProgressMeter - Pocillopora_acuta_HIv1___Scaffold_000089F___length_1432987:1406635             29.1               4462000         153498.2
11:34:12.090 INFO  ProgressMeter - Pocillopora_acuta_HIv1___Scaffold_000069F___length_1411362:977417             29.2               4485000         153379.1
11:34:22.247 INFO  ProgressMeter - Pocillopora_acuta_HIv1___Scaffold_000032F___length_1397619:321656             29.4               4508000         153278.2
11:34:32.384 INFO  ProgressMeter - Pocillopora_acuta_HIv1___Scaffold_000032F___length_1397619:1037592             29.6               4537000         153383.2
11:34:42.766 INFO  ProgressMeter - Pocillopora_acuta_HIv1___Scaffold_000099F___length_1380629:309182             29.8               4560000         153264.2
11:34:53.016 INFO  ProgressMeter - Pocillopora_acuta_HIv1___Scaffold_000102F___length_1365666:177276             29.9               4592000         153458.6
11:35:03.170 INFO  ProgressMeter - Pocillopora_acuta_HIv1___Scaffold_000070F___length_1363407:504003             30.1               4632000         153924.9
11:35:13.547 INFO  ProgressMeter - Pocillopora_acuta_HIv1___Scaffold_000085F___length_1359006:307314             30.3               4662000         154036.4
11:35:23.872 INFO  ProgressMeter - Pocillopora_acuta_HIv1___Scaffold_000085F___length_1359006:705363             30.4               4685000         153921.3
11:35:34.123 INFO  ProgressMeter - Pocillopora_acuta_HIv1___Scaffold_000091F___length_1356888:136837             30.6               4713000         153976.8
11:35:44.581 INFO  ProgressMeter - Pocillopora_acuta_HIv1___Scaffold_000091F___length_1356888:902032             30.8               4736000         153852.2
11:35:54.999 INFO  ProgressMeter - Pocillopora_acuta_HIv1___Scaffold_000098F___length_1347680:493705             31.0               4759000         153732.2
11:36:05.434 INFO  ProgressMeter - Pocillopora_acuta_HIv1___Scaffold_000076F___length_1335001:188295             31.1               4782000         153612.2
11:36:15.489 INFO  ProgressMeter - Pocillopora_acuta_HIv1___Scaffold_000076F___length_1335001:966268             31.3               4810000         153684.3
11:36:25.926 INFO  ProgressMeter - Pocillopora_acuta_HIv1___Scaffold_000096F___length_1327327:257976             31.5               4833000         153565.7
11:36:35.977 INFO  ProgressMeter - Pocillopora_acuta_HIv1___Scaffold_000096F___length_1327327:1127504             31.6               4865000         153764.0
11:36:46.016 INFO  ProgressMeter - Pocillopora_acuta_HIv1___Scaffold_000087F___length_1327027:771085             31.8               4903000         154149.8
11:36:56.139 INFO  ProgressMeter - Pocillopora_acuta_HIv1___Scaffold_000106F___length_1313924:1089864             32.0               4942000         154556.2
11:37:06.289 INFO  ProgressMeter - Pocillopora_acuta_HIv1___Scaffold_000108F___length_1296420:886176             32.1               4972000         154676.1
11:37:16.433 INFO  ProgressMeter - Pocillopora_acuta_HIv1___Scaffold_000111F___length_1285554:522129             32.3               4995000         154578.6
11:37:26.629 INFO  ProgressMeter - Pocillopora_acuta_HIv1___Scaffold_000107F___length_1282968:77730             32.5               5018000         154478.0
11:37:36.852 INFO  ProgressMeter - Pocillopora_acuta_HIv1___Scaffold_000107F___length_1282968:1011437             32.7               5050000         154651.9
11:37:46.980 INFO  ProgressMeter - Pocillopora_acuta_HIv1___Scaffold_000105F___length_1277664:505101             32.8               5072000         154526.8
11:37:57.277 INFO  ProgressMeter - Pocillopora_acuta_HIv1___Scaffold_000104F___length_1271314:119100             33.0               5094000         154389.8
11:38:07.440 INFO  ProgressMeter - Pocillopora_acuta_HIv1___Scaffold_000104F___length_1271314:753358             33.2               5116000         154264.7
11:38:17.541 INFO  ProgressMeter - Pocillopora_acuta_HIv1___Scaffold_000097F___length_1240190:99326             33.3               5138000         154145.6
11:38:27.786 INFO  ProgressMeter - Pocillopora_acuta_HIv1___Scaffold_000097F___length_1240190:701935             33.5               5161000         154046.4
11:38:37.850 INFO  ProgressMeter - Pocillopora_acuta_HIv1___Scaffold_000116F___length_1230997:348107             33.7               5184000         153962.2
11:38:48.009 INFO  ProgressMeter - Pocillopora_acuta_HIv1___Scaffold_000116F___length_1230997:943768             33.8               5207000         153871.5
11:38:58.376 INFO  ProgressMeter - Pocillopora_acuta_HIv1___Scaffold_000113F___length_1223651:323910             34.0               5230000         153766.0
11:39:08.777 INFO  ProgressMeter - Pocillopora_acuta_HIv1___Scaffold_000113F___length_1223651:975751             34.2               5253000         153659.1
11:39:18.910 INFO  ProgressMeter - Pocillopora_acuta_HIv1___Scaffold_000118F___length_1218181:359652             34.4               5275000         153544.1
11:39:29.209 INFO  ProgressMeter - Pocillopora_acuta_HIv1___Scaffold_000123F___length_1201009:320379             34.5               5304000         153620.7
11:39:39.317 INFO  ProgressMeter - Pocillopora_acuta_HIv1___Scaffold_000123F___length_1201009:1094752             34.7               5327000         153537.8
11:39:49.427 INFO  ProgressMeter - Pocillopora_acuta_HIv1___Scaffold_000120F___length_1192788:380391             34.9               5349000         153426.6
11:39:59.772 INFO  ProgressMeter - Pocillopora_acuta_HIv1___Scaffold_000120F___length_1192788:1006411             35.0               5372000         153328.1
11:40:09.805 INFO  ProgressMeter - Pocillopora_acuta_HIv1___Scaffold_000110F___length_1189302:431057             35.2               5394000         153224.7
11:40:20.025 INFO  ProgressMeter - Pocillopora_acuta_HIv1___Scaffold_000124F___length_1185441:54365             35.4               5417000         153137.1
11:40:30.402 INFO  ProgressMeter - Pocillopora_acuta_HIv1___Scaffold_000124F___length_1185441:1033471             35.5               5440000         153039.0
11:40:40.582 INFO  ProgressMeter - Pocillopora_acuta_HIv1___Scaffold_000119F___length_1183488:467235             35.7               5463000         152956.0
11:40:50.808 INFO  ProgressMeter - Pocillopora_acuta_HIv1___Scaffold_000140F___length_1176676:313268             35.9               5486000         152870.5
11:41:01.059 INFO  ProgressMeter - Pocillopora_acuta_HIv1___Scaffold_000140F___length_1176676:1016786             36.1               5509000         152784.0
11:41:11.348 INFO  ProgressMeter - Pocillopora_acuta_HIv1___Scaffold_000122F___length_1169827:606410             36.2               5534000         152750.9
11:41:21.455 INFO  ProgressMeter - Pocillopora_acuta_HIv1___Scaffold_000101F___length_1159813:266182             36.4               5557000         152675.9
11:41:31.805 INFO  ProgressMeter - Pocillopora_acuta_HIv1___Scaffold_000132F___length_1157907:218911             36.6               5590000         152858.1
11:41:42.055 INFO  ProgressMeter - Pocillopora_acuta_HIv1___Scaffold_000132F___length_1157907:914294             36.7               5611000         152719.0
11:41:52.363 INFO  ProgressMeter - Pocillopora_acuta_HIv1___Scaffold_000129F___length_1153064:755682             36.9               5634000         152631.2
11:42:02.603 INFO  ProgressMeter - Pocillopora_acuta_HIv1___Scaffold_000145F___length_1145118:395406             37.1               5657000         152549.0
11:42:12.881 INFO  ProgressMeter - Pocillopora_acuta_HIv1___Scaffold_000136F___length_1135807:227086             37.3               5680000         152464.9
11:42:22.934 INFO  ProgressMeter - Pocillopora_acuta_HIv1___Scaffold_000126F___length_1132339:169219             37.4               5703000         152396.9
11:42:32.998 INFO  ProgressMeter - Pocillopora_acuta_HIv1___Scaffold_000126F___length_1132339:965415             37.6               5725000         152302.2
11:42:43.340 INFO  ProgressMeter - Pocillopora_acuta_HIv1___Scaffold_000138F___length_1125371:744951             37.8               5748000         152216.0
11:42:53.754 INFO  ProgressMeter - Pocillopora_acuta_HIv1___Scaffold_000148F___length_1124693:739315             37.9               5771000         152125.9
11:43:03.982 INFO  ProgressMeter - Pocillopora_acuta_HIv1___Scaffold_000141F___length_1122045:1040519             38.1               5794000         152048.9
11:43:14.031 INFO  ProgressMeter - Pocillopora_acuta_HIv1___Scaffold_000103F___length_1114684:423317             38.3               5816000         151958.4
11:43:24.435 INFO  ProgressMeter - Pocillopora_acuta_HIv1___Scaffold_000103F___length_1114684:937308             38.4               5837000         151819.3
11:43:34.594 INFO  ProgressMeter - Pocillopora_acuta_HIv1___Scaffold_000152F___length_1105811:700799             38.6               5867000         151930.5
11:43:44.709 INFO  ProgressMeter - Pocillopora_acuta_HIv1___Scaffold_000149F___length_1101333:989183             38.8               5905000         152249.8
11:43:54.824 INFO  ProgressMeter - Pocillopora_acuta_HIv1___Scaffold_000155F___length_1095536:895719             39.0               5941000         152515.2
11:44:05.099 INFO  ProgressMeter - Pocillopora_acuta_HIv1___Scaffold_000139F___length_1092541:418137             39.1               5964000         152435.4
11:44:15.140 INFO  ProgressMeter - Pocillopora_acuta_HIv1___Scaffold_000153F___length_1087004:106782             39.3               5984000         152295.2
11:44:25.299 INFO  ProgressMeter - Pocillopora_acuta_HIv1___Scaffold_000158F___length_1083353:28701             39.5               6013000         152376.6
11:44:35.317 INFO  ProgressMeter - Pocillopora_acuta_HIv1___Scaffold_000158F___length_1083353:689436             39.6               6040000         152415.9
11:44:45.414 INFO  ProgressMeter - Pocillopora_acuta_HIv1___Scaffold_000161F___length_1069631:394196             39.8               6061000         152299.2
11:44:55.944 INFO  ProgressMeter - Pocillopora_acuta_HIv1___Scaffold_000159F___length_1068862:409030             40.0               6083000         152180.8
11:45:05.948 INFO  ProgressMeter - Pocillopora_acuta_HIv1___Scaffold_000143F___length_1067668:148267             40.1               6103000         152047.0
11:45:16.256 INFO  ProgressMeter - Pocillopora_acuta_HIv1___Scaffold_000143F___length_1067668:716189             40.3               6125000         151944.7
11:45:26.587 INFO  ProgressMeter - Pocillopora_acuta_HIv1___Scaffold_000171F___length_1060498:269622             40.5               6145000         151792.5
11:45:36.961 INFO  ProgressMeter - Pocillopora_acuta_HIv1___Scaffold_000169F___length_1042684:261             40.7               6168000         151712.7
11:45:47.211 INFO  ProgressMeter - Pocillopora_acuta_HIv1___Scaffold_000169F___length_1042684:898034             40.8               6191000         151641.2
11:45:57.364 INFO  ProgressMeter - Pocillopora_acuta_HIv1___Scaffold_000109F___length_1040778:575298             41.0               6213000         151551.9
11:46:07.616 INFO  ProgressMeter - Pocillopora_acuta_HIv1___Scaffold_000114F___length_1038772:177263             41.2               6234000         151433.1
11:46:17.709 INFO  ProgressMeter - Pocillopora_acuta_HIv1___Scaffold_000114F___length_1038772:916807             41.3               6256000         151349.0
11:46:27.722 INFO  ProgressMeter - Pocillopora_acuta_HIv1___Scaffold_000173F___length_1028616:539596             41.5               6277000         151246.4
11:46:37.791 INFO  ProgressMeter - Pocillopora_acuta_HIv1___Scaffold_000174F___length_1022310:502312             41.7               6298000         151141.2
11:46:47.796 INFO  ProgressMeter - Pocillopora_acuta_HIv1___Scaffold_000177F___length_1015216:178770             41.8               6321000         151088.6
11:46:57.900 INFO  ProgressMeter - Pocillopora_acuta_HIv1___Scaffold_000177F___length_1015216:801313             42.0               6347000         151101.8
11:47:08.275 INFO  ProgressMeter - Pocillopora_acuta_HIv1___Scaffold_000135F___length_1011354:638669             42.2               6377000         151193.7
11:47:18.334 INFO  ProgressMeter - Pocillopora_acuta_HIv1___Scaffold_000176F___length_1009153:916837             42.3               6409000         151350.7
11:47:28.399 INFO  ProgressMeter - Pocillopora_acuta_HIv1___Scaffold_000180F___length_1003918:531730             42.5               6431000         151271.0
11:47:38.721 INFO  ProgressMeter - Pocillopora_acuta_HIv1___Scaffold_000196F___length_999679:295737             42.7               6452000         151153.4
11:47:48.777 INFO  ProgressMeter - Pocillopora_acuta_HIv1___Scaffold_000198F___length_996333:268775             42.9               6477000         151145.6
11:47:58.942 INFO  ProgressMeter - Pocillopora_acuta_HIv1___Scaffold_000182F___length_994365:301629             43.0               6516000         151456.9
11:48:09.073 INFO  ProgressMeter - Pocillopora_acuta_HIv1___Scaffold_000125F___length_992046:362981             43.2               6546000         151559.4
11:48:19.254 INFO  ProgressMeter - Pocillopora_acuta_HIv1___Scaffold_000178F___length_988684:413871             43.4               6569000         151496.7
11:48:29.401 INFO  ProgressMeter - Pocillopora_acuta_HIv1___Scaffold_000186F___length_987169:550001             43.5               6595000         151505.4
11:48:39.487 INFO  ProgressMeter - Pocillopora_acuta_HIv1___Scaffold_000185F___length_983508:951970             43.7               6628000         151677.8
11:48:49.635 INFO  ProgressMeter - Pocillopora_acuta_HIv1___Scaffold_000184F___length_974900:674132             43.9               6651000         151617.3
11:48:59.856 INFO  ProgressMeter - Pocillopora_acuta_HIv1___Scaffold_000189F___length_971659:383762             44.0               6673000         151530.4
11:49:10.090 INFO  ProgressMeter - Pocillopora_acuta_HIv1___Scaffold_000191F___length_971184:174160             44.2               6695000         151443.3
11:49:20.547 INFO  ProgressMeter - Pocillopora_acuta_HIv1___Scaffold_000202F___length_967614:524189             44.4               6727000         151569.7
11:49:30.926 INFO  ProgressMeter - Pocillopora_acuta_HIv1___Scaffold_000194F___length_966782:734769             44.6               6756000         151632.1
11:49:40.991 INFO  ProgressMeter - Pocillopora_acuta_HIv1___Scaffold_000147F___length_962551:256430             44.7               6778000         151555.2
11:49:51.308 INFO  ProgressMeter - Pocillopora_acuta_HIv1___Scaffold_000147F___length_962551:891811             44.9               6801000         151487.1
11:50:01.611 INFO  ProgressMeter - Pocillopora_acuta_HIv1___Scaffold_000208F___length_950713:411623             45.1               6825000         151442.4
11:50:11.752 INFO  ProgressMeter - Pocillopora_acuta_HIv1___Scaffold_000201F___length_947803:582972             45.2               6848000         151385.0
11:50:21.943 INFO  ProgressMeter - Pocillopora_acuta_HIv1___Scaffold_000220F___length_937020:555296             45.4               6871000         151325.3
11:50:32.196 INFO  ProgressMeter - Pocillopora_acuta_HIv1___Scaffold_000193F___length_936107:641331             45.6               6894000         151262.6
11:50:42.474 INFO  ProgressMeter - Pocillopora_acuta_HIv1___Scaffold_000207F___length_933288:452299             45.7               6921000         151286.3
11:50:52.819 INFO  ProgressMeter - Pocillopora_acuta_HIv1___Scaffold_000206F___length_931782:446410             45.9               6944000         151219.2
11:51:03.211 INFO  ProgressMeter - Pocillopora_acuta_HIv1___Scaffold_000213F___length_929939:444687             46.1               6967000         151150.0
11:51:13.524 INFO  ProgressMeter - Pocillopora_acuta_HIv1___Scaffold_000212F___length_929236:547708             46.3               6995000         151193.6
11:51:23.741 INFO  ProgressMeter - Pocillopora_acuta_HIv1___Scaffold_000219F___length_913793:357945             46.4               7017000         151112.9
11:51:33.962 INFO  ProgressMeter - Pocillopora_acuta_HIv1___Scaffold_000134F___length_911907:317603             46.6               7042000         151097.0
11:51:43.980 INFO  ProgressMeter - Pocillopora_acuta_HIv1___Scaffold_000209F___length_911564:377545             46.8               7068000         151113.5
11:51:54.116 INFO  ProgressMeter - Pocillopora_acuta_HIv1___Scaffold_000218F___length_904853:474786             46.9               7091000         151059.7
11:52:04.301 INFO  ProgressMeter - Pocillopora_acuta_HIv1___Scaffold_000115F___length_901292:463360             47.1               7114000         151003.6
11:52:14.553 INFO  ProgressMeter - Pocillopora_acuta_HIv1___Scaffold_000217F___length_900267:228860             47.3               7137000         150944.3
11:52:24.691 INFO  ProgressMeter - Pocillopora_acuta_HIv1___Scaffold_000224F___length_891726:266810             47.5               7171000         151123.4
11:52:35.007 INFO  ProgressMeter - Pocillopora_acuta_HIv1___Scaffold_000221F___length_891373:475989             47.6               7197000         151123.8
11:52:45.102 INFO  ProgressMeter - Pocillopora_acuta_HIv1___Scaffold_000229F___length_880673:294171             47.8               7220000         151072.9
11:52:55.449 INFO  ProgressMeter - Pocillopora_acuta_HIv1___Scaffold_000214F___length_879870:251694             48.0               7241000         150967.6
11:53:05.613 INFO  ProgressMeter - Pocillopora_acuta_HIv1___Scaffold_000225F___length_876681:415592             48.1               7270000         151038.8
11:53:15.830 INFO  ProgressMeter - Pocillopora_acuta_HIv1___Scaffold_000187F___length_871491:369096             48.3               7292000         150961.8
11:53:25.887 INFO  ProgressMeter - Pocillopora_acuta_HIv1___Scaffold_000187F___length_871491:855920             48.5               7312000         150852.4
11:53:35.961 INFO  ProgressMeter - Pocillopora_acuta_HIv1___Scaffold_000231F___length_869956:463316             48.6               7334000         150783.9
11:53:46.445 INFO  ProgressMeter - Pocillopora_acuta_HIv1___Scaffold_000183F___length_864840:208795             48.8               7357000         150715.4
11:53:56.544 INFO  ProgressMeter - Pocillopora_acuta_HIv1___Scaffold_000232F___length_860252:230975             49.0               7389000         150850.8
11:54:06.557 INFO  ProgressMeter - Pocillopora_acuta_HIv1___Scaffold_000234F___length_860223:111131             49.1               7425000         151071.1
11:54:16.744 INFO  ProgressMeter - Pocillopora_acuta_HIv1___Scaffold_000235F___length_856315:120291             49.3               7449000         151037.6
11:54:27.070 INFO  ProgressMeter - Pocillopora_acuta_HIv1___Scaffold_000211F___length_854053:91243             49.5               7472000         150977.1
11:54:37.105 INFO  ProgressMeter - Pocillopora_acuta_HIv1___Scaffold_000211F___length_854053:641432             49.7               7494000         150911.6
11:54:47.412 INFO  ProgressMeter - Pocillopora_acuta_HIv1___Scaffold_000244F___length_837576:749489             49.8               7518000         150873.0
11:54:57.533 INFO  ProgressMeter - Pocillopora_acuta_HIv1___Scaffold_000245F___length_829616:193213             50.0               7541000         150824.0
11:55:07.866 INFO  ProgressMeter - Pocillopora_acuta_HIv1___Scaffold_000188F___length_828792:293693             50.2               7564000         150764.7
11:55:18.000 INFO  ProgressMeter - Pocillopora_acuta_HIv1___Scaffold_000228F___length_826142:284834             50.3               7588000         150735.7
11:55:28.384 INFO  ProgressMeter - Pocillopora_acuta_HIv1___Scaffold_000249F___length_822133:154143             50.5               7610000         150654.7
11:55:38.757 INFO  ProgressMeter - Pocillopora_acuta_HIv1___Scaffold_000249F___length_822133:759563             50.7               7634000         150614.4
11:55:48.907 INFO  ProgressMeter - Pocillopora_acuta_HIv1___Scaffold_000251F___length_822062:606348             50.9               7657000         150565.6
11:55:59.133 INFO  ProgressMeter - Pocillopora_acuta_HIv1___Scaffold_000250F___length_818951:779082             51.0               7696000         150827.0
11:56:09.323 INFO  ProgressMeter - Pocillopora_acuta_HIv1___Scaffold_000233F___length_814412:575844             51.2               7735000         151088.5
11:56:19.540 INFO  ProgressMeter - Pocillopora_acuta_HIv1___Scaffold_000262F___length_797505:107339             51.4               7774000         151346.9
11:56:29.878 INFO  ProgressMeter - Pocillopora_acuta_HIv1___Scaffold_000240F___length_794972:359585             51.5               7809000         151520.0
11:56:39.950 INFO  ProgressMeter - Pocillopora_acuta_HIv1___Scaffold_000270F___length_793474:383539             51.7               7831000         151453.6
11:56:50.356 INFO  ProgressMeter - Pocillopora_acuta_HIv1___Scaffold_000271F___length_790572:359353             51.9               7854000         151390.6
11:57:00.498 INFO  ProgressMeter - Pocillopora_acuta_HIv1___Scaffold_000204F___length_789551:265647             52.0               7882000         151436.9
11:57:10.523 INFO  ProgressMeter - Pocillopora_acuta_HIv1___Scaffold_000172F___length_786143:146871             52.2               7921000         151699.2
11:57:20.608 INFO  ProgressMeter - Pocillopora_acuta_HIv1___Scaffold_000279F___length_778464:142889             52.4               7959000         151937.9
11:57:30.646 INFO  ProgressMeter - Pocillopora_acuta_HIv1___Scaffold_000281F___length_773894:578272             52.6               7990000         152044.1
11:57:40.650 INFO  ProgressMeter - Pocillopora_acuta_HIv1___Scaffold_000286F___length_769775:90304             52.7               8021000         152151.2
11:57:50.729 INFO  ProgressMeter - Pocillopora_acuta_HIv1___Scaffold_000277F___length_768732:263186             52.9               8052000         152254.1
11:58:00.921 INFO  ProgressMeter - Pocillopora_acuta_HIv1___Scaffold_000292F___length_759423:91813             53.1               8085000         152388.6
11:58:11.324 INFO  ProgressMeter - Pocillopora_acuta_HIv1___Scaffold_000285F___length_757947:386558             53.2               8108000         152324.4
11:58:21.606 INFO  ProgressMeter - Pocillopora_acuta_HIv1___Scaffold_000294F___length_756792:717514             53.4               8135000         152341.2
11:58:32.034 INFO  ProgressMeter - Pocillopora_acuta_HIv1___Scaffold_000298F___length_750316:314742             53.6               8158000         152276.3
11:58:42.355 INFO  ProgressMeter - Pocillopora_acuta_HIv1___Scaffold_000272F___length_748287:570764             53.7               8181000         152216.8
11:58:52.529 INFO  ProgressMeter - Pocillopora_acuta_HIv1___Scaffold_000296F___length_745899:411691             53.9               8215000         152368.8
11:59:02.836 INFO  ProgressMeter - Pocillopora_acuta_HIv1___Scaffold_000287F___length_737354:79043             54.1               8238000         152310.0
11:59:13.209 INFO  ProgressMeter - Pocillopora_acuta_HIv1___Scaffold_000317F___length_736389:544577             54.3               8261000         152248.6
11:59:23.476 INFO  ProgressMeter - Pocillopora_acuta_HIv1___Scaffold_000319F___length_735148:642420             54.4               8286000         152229.3
11:59:33.643 INFO  ProgressMeter - Pocillopora_acuta_HIv1___Scaffold_000197F___length_734615:532296             54.6               8309000         152178.1
11:59:43.900 INFO  ProgressMeter - Pocillopora_acuta_HIv1___Scaffold_000301F___length_732247:476262             54.8               8332000         152123.0
11:59:54.093 INFO  ProgressMeter - Pocillopora_acuta_HIv1___Scaffold_000278F___length_724878:331840             54.9               8355000         152071.3
12:00:04.395 INFO  ProgressMeter - Pocillopora_acuta_HIv1___Scaffold_000309F___length_719688:307970             55.1               8378000         152014.9
12:00:14.618 INFO  ProgressMeter - Pocillopora_acuta_HIv1___Scaffold_000307F___length_718663:419608             55.3               8401000         151962.4
12:00:24.842 INFO  ProgressMeter - Pocillopora_acuta_HIv1___Scaffold_000326F___length_716298:559629             55.5               8424000         151910.2
12:00:35.183 INFO  ProgressMeter - Pocillopora_acuta_HIv1___Scaffold_000295F___length_715647:594269             55.6               8447000         151853.0
12:00:45.324 INFO  ProgressMeter - Pocillopora_acuta_HIv1___Scaffold_000318F___length_708132:94147             55.8               8475000         151894.8
12:00:55.695 INFO  ProgressMeter - Pocillopora_acuta_HIv1___Scaffold_000323F___length_707441:389722             56.0               8498000         151836.7
12:01:06.067 INFO  ProgressMeter - Pocillopora_acuta_HIv1___Scaffold_000324F___length_701769:300277             56.1               8521000         151778.8
12:01:16.274 INFO  ProgressMeter - Pocillopora_acuta_HIv1___Scaffold_000268F___length_698101:346871             56.3               8549000         151817.5
12:01:26.667 INFO  ProgressMeter - Pocillopora_acuta_HIv1___Scaffold_000334F___length_694416:611072             56.5               8572000         151759.2
12:01:36.817 INFO  ProgressMeter - Pocillopora_acuta_HIv1___Scaffold_000340F___length_691240:170374             56.7               8594000         151694.3
12:01:46.840 INFO  ProgressMeter - Pocillopora_acuta_HIv1___Scaffold_000335F___length_691215:209407             56.8               8616000         151635.5
12:01:57.168 INFO  ProgressMeter - Pocillopora_acuta_HIv1___Scaffold_000338F___length_689169:372815             57.0               8641000         151616.2
12:02:07.415 INFO  ProgressMeter - Pocillopora_acuta_HIv1___Scaffold_000341F___length_683390:308861             57.2               8664000         151565.6
12:02:17.825 INFO  ProgressMeter - Pocillopora_acuta_HIv1___Scaffold_000289F___length_675618:188133             57.3               8691000         151577.9
12:02:27.972 INFO  ProgressMeter - Pocillopora_acuta_HIv1___Scaffold_000367F___length_658998:538671             57.5               8712000         151497.3
12:02:38.034 INFO  ProgressMeter - Pocillopora_acuta_HIv1___Scaffold_000368F___length_655425:253473             57.7               8741000         151559.6
12:02:48.185 INFO  ProgressMeter - Pocillopora_acuta_HIv1___Scaffold_000363F___length_654683:509830             57.8               8780000         151790.6
12:02:58.185 INFO  ProgressMeter - Pocillopora_acuta_HIv1___Scaffold_000374F___length_644902:40596             58.0               8817000         151992.3
12:03:08.402 INFO  ProgressMeter - Pocillopora_acuta_HIv1___Scaffold_000362F___length_642677:394084             58.2               8856000         152217.8
12:03:18.515 INFO  ProgressMeter - Pocillopora_acuta_HIv1___Scaffold_000350F___length_633154:45451             58.3               8891000         152377.9
12:03:28.838 INFO  ProgressMeter - Pocillopora_acuta_HIv1___Scaffold_000237F___length_632957:549307             58.5               8927000         152545.1
12:03:39.064 INFO  ProgressMeter - Pocillopora_acuta_HIv1___Scaffold_000385F___length_628782:147576             58.7               8950000         152494.0
12:03:49.211 INFO  ProgressMeter - Pocillopora_acuta_HIv1___Scaffold_000383F___length_625101:287437             58.9               8972000         152429.6
12:03:59.592 INFO  ProgressMeter - Pocillopora_acuta_HIv1___Scaffold_000369F___length_624781:574971             59.0               8994000         152355.5
12:04:09.638 INFO  ProgressMeter - Pocillopora_acuta_HIv1___Scaffold_000400F___length_624205:208363             59.2               9016000         152296.2
12:04:20.009 INFO  ProgressMeter - Pocillopora_acuta_HIv1___Scaffold_000316F___length_620274:316335             59.4               9039000         152240.2
12:04:30.199 INFO  ProgressMeter - Pocillopora_acuta_HIv1___Scaffold_000404F___length_615608:587796             59.5               9070000         152326.6
12:04:40.394 INFO  ProgressMeter - Pocillopora_acuta_HIv1___Scaffold_000402F___length_614232:563402             59.7               9093000         152278.4
12:04:50.406 INFO  ProgressMeter - Pocillopora_acuta_HIv1___Scaffold_000409F___length_609830:318433             59.9               9115000         152221.4
12:05:00.524 INFO  ProgressMeter - Pocillopora_acuta_HIv1___Scaffold_000401F___length_609629:353096             60.0               9138000         152176.9
12:05:10.804 INFO  ProgressMeter - Pocillopora_acuta_HIv1___Scaffold_000413F___length_607148:560274             60.2               9161000         152125.9
12:05:20.839 INFO  ProgressMeter - Pocillopora_acuta_HIv1___Scaffold_000423F___length_595246:14135             60.4               9188000         152151.7
12:05:30.924 INFO  ProgressMeter - Pocillopora_acuta_HIv1___Scaffold_000423F___length_595246:500477             60.6               9212000         152125.7
12:05:41.247 INFO  ProgressMeter - Pocillopora_acuta_HIv1___Scaffold_000432F___length_589440:187327             60.7               9235000         152073.5
12:05:51.613 INFO  ProgressMeter - Pocillopora_acuta_HIv1___Scaffold_000430F___length_586641:307391             60.9               9258000         152019.7
12:06:01.656 INFO  ProgressMeter - Pocillopora_acuta_HIv1___Scaffold_000418F___length_586541:524422             61.1               9283000         152012.4
12:06:11.873 INFO  ProgressMeter - Pocillopora_acuta_HIv1___Scaffold_000431F___length_583593:245039             61.2               9304000         151932.6
12:06:22.328 INFO  ProgressMeter - Pocillopora_acuta_HIv1___Scaffold_000429F___length_580970:435796             61.4               9328000         151892.3
12:06:32.603 INFO  ProgressMeter - Pocillopora_acuta_HIv1___Scaffold_000442F___length_578630:366371             61.6               9349000         151811.0
12:06:42.995 INFO  ProgressMeter - Pocillopora_acuta_HIv1___Scaffold_000425F___length_564939:17105             61.8               9372000         151757.6
12:06:53.458 INFO  ProgressMeter - Pocillopora_acuta_HIv1___Scaffold_000322F___length_563903:146755             61.9               9395000         151701.7
12:07:03.646 INFO  ProgressMeter - Pocillopora_acuta_HIv1___Scaffold_000443F___length_560809:263004             62.1               9415000         151609.0
12:07:13.835 INFO  ProgressMeter - Pocillopora_acuta_HIv1___Scaffold_000459F___length_557542:135140             62.3               9438000         151564.9
12:07:24.061 INFO  ProgressMeter - Pocillopora_acuta_HIv1___Scaffold_000457F___length_554586:492949             62.4               9462000         151535.6
12:07:34.107 INFO  ProgressMeter - Pocillopora_acuta_HIv1___Scaffold_000451F___length_553292:248811             62.6               9484000         151481.7
12:07:44.500 INFO  ProgressMeter - Pocillopora_acuta_HIv1___Scaffold_000472F___length_550470:292951             62.8               9505000         151398.3
12:07:54.536 INFO  ProgressMeter - Pocillopora_acuta_HIv1___Scaffold_000466F___length_548801:527386             62.9               9527000         151345.4
12:08:04.659 INFO  ProgressMeter - Pocillopora_acuta_HIv1___Scaffold_000471F___length_545138:42264             63.1               9550000         151305.3
12:08:14.824 INFO  ProgressMeter - Pocillopora_acuta_HIv1___Scaffold_000476F___length_539754:236462             63.3               9578000         151342.7
12:08:25.101 INFO  ProgressMeter - Pocillopora_acuta_HIv1___Scaffold_000487F___length_529700:56508             63.5               9602000         151312.4
12:08:35.203 INFO  ProgressMeter - Pocillopora_acuta_HIv1___Scaffold_000496F___length_527403:230906             63.6               9625000         151273.4
12:08:45.570 INFO  ProgressMeter - Pocillopora_acuta_HIv1___Scaffold_000498F___length_526751:277092             63.8               9648000         151224.3
12:08:55.608 INFO  ProgressMeter - Pocillopora_acuta_HIv1___Scaffold_000520F___length_522831:218590             64.0               9670000         151172.7
12:09:05.926 INFO  ProgressMeter - Pocillopora_acuta_HIv1___Scaffold_000525F___length_520077:275702             64.1               9692000         151110.4
12:09:15.977 INFO  ProgressMeter - Pocillopora_acuta_HIv1___Scaffold_000512F___length_509892:382846             64.3               9713000         151043.3
12:09:26.357 INFO  ProgressMeter - Pocillopora_acuta_HIv1___Scaffold_000554F___length_506476:192171             64.5               9736000         150994.7
12:09:36.361 INFO  ProgressMeter - Pocillopora_acuta_HIv1___Scaffold_000519F___length_505022:242352             64.6               9758000         150945.6
12:09:46.612 INFO  ProgressMeter - Pocillopora_acuta_HIv1___Scaffold_000526F___length_496838:466781             64.8               9780000         150887.2
12:09:56.669 INFO  ProgressMeter - Pocillopora_acuta_HIv1___Scaffold_000531F___length_492662:283647             65.0               9807000         150913.5
12:10:06.902 INFO  ProgressMeter - Pocillopora_acuta_HIv1___Scaffold_000539F___length_488333:170584             65.2               9846000         151117.0
12:10:16.983 INFO  ProgressMeter - Pocillopora_acuta_HIv1___Scaffold_000523F___length_485550:388065             65.3               9884000         151310.0
12:10:27.235 INFO  ProgressMeter - Pocillopora_acuta_HIv1___Scaffold_000567F___length_468752:286658             65.5               9923000         151510.8
12:10:37.507 INFO  ProgressMeter - Pocillopora_acuta_HIv1___Scaffold_000564F___length_465648:177127             65.7               9955000         151603.1
12:10:47.547 INFO  ProgressMeter - Pocillopora_acuta_HIv1___Scaffold_000568F___length_460925:247726             65.8               9978000         151567.1
12:10:57.683 INFO  ProgressMeter - Pocillopora_acuta_HIv1___Scaffold_000570F___length_459482:364465             66.0              10002000         151542.8
12:11:08.098 INFO  ProgressMeter - Pocillopora_acuta_HIv1___Scaffold_000577F___length_454285:245562             66.2              10036000         151659.1
12:11:18.168 INFO  ProgressMeter - Pocillopora_acuta_HIv1___Scaffold_000573F___length_450837:272666             66.3              10058000         151607.0
12:11:28.327 INFO  ProgressMeter - Pocillopora_acuta_HIv1___Scaffold_000589F___length_444098:126322             66.5              10080000         151551.8
12:11:38.591 INFO  ProgressMeter - Pocillopora_acuta_HIv1___Scaffold_000598F___length_430425:193929             66.7              10103000         151508.0
12:11:48.935 INFO  ProgressMeter - Pocillopora_acuta_HIv1___Scaffold_000613F___length_419504:31681             66.9              10126000         151461.3
12:11:58.941 INFO  ProgressMeter - Pocillopora_acuta_HIv1___Scaffold_000648F___length_410412:98759             67.0              10149000         151427.6
12:12:08.942 INFO  ProgressMeter - Pocillopora_acuta_HIv1___Scaffold_000626F___length_408727:390872             67.2              10171000         151379.4
12:12:19.140 INFO  ProgressMeter - Pocillopora_acuta_HIv1___Scaffold_000637F___length_401064:199915             67.4              10194000         151338.8
12:12:29.282 INFO  ProgressMeter - Pocillopora_acuta_HIv1___Scaffold_000586F___length_385843:63223             67.5              10217000         151300.6
12:12:39.594 INFO  ProgressMeter - Pocillopora_acuta_HIv1___Scaffold_000659F___length_381369:272617             67.7              10240000         151256.2
12:12:49.865 INFO  ProgressMeter - Pocillopora_acuta_HIv1___Scaffold_000676F___length_372902:161747             67.9              10263000         151213.6
12:12:59.942 INFO  ProgressMeter - Pocillopora_acuta_HIv1___Scaffold_000616F___length_370481:291676             68.0              10291000         151251.9
12:13:10.296 INFO  ProgressMeter - Pocillopora_acuta_HIv1___Scaffold_000695F___length_362909:205346             68.2              10318000         151265.1
12:13:20.444 INFO  ProgressMeter - Pocillopora_acuta_HIv1___Scaffold_000705F___length_360209:317407             68.4              10341000         151227.3
12:13:30.963 INFO  ProgressMeter - Pocillopora_acuta_HIv1___Scaffold_000707F___length_355392:166769             68.6              10362000         151146.9
12:13:41.057 INFO  ProgressMeter - Pocillopora_acuta_HIv1___Scaffold_000716F___length_350360:244100             68.7              10383000         151082.5
12:13:51.074 INFO  ProgressMeter - Pocillopora_acuta_HIv1___Scaffold_000731F___length_344897:88555             68.9              10403000         151006.7
12:14:01.235 INFO  ProgressMeter - Pocillopora_acuta_HIv1___Scaffold_000730F___length_343961:314831             69.1              10424000         150940.4
12:14:11.347 INFO  ProgressMeter - Pocillopora_acuta_HIv1___Scaffold_000737F___length_343312:218627             69.2              10447000         150905.2
12:14:21.575 INFO  ProgressMeter - Pocillopora_acuta_HIv1___Scaffold_000742F___length_341143:303319             69.4              10470000         150866.0
12:14:31.886 INFO  ProgressMeter - Pocillopora_acuta_HIv1___Scaffold_000741F___length_336914:97324             69.6              10493000         150823.9
12:14:42.299 INFO  ProgressMeter - Pocillopora_acuta_HIv1___Scaffold_000750F___length_335255:254995             69.7              10516000         150778.4
12:14:52.602 INFO  ProgressMeter - Pocillopora_acuta_HIv1___Scaffold_000757F___length_333649:65550             69.9              10539000         150737.0
12:15:02.888 INFO  ProgressMeter - Pocillopora_acuta_HIv1___Scaffold_000774F___length_327723:135469             70.1              10562000         150696.4
12:15:13.052 INFO  ProgressMeter - Pocillopora_acuta_HIv1___Scaffold_000791F___length_321870:86738             70.3              10585000         150660.5
12:15:23.305 INFO  ProgressMeter - Pocillopora_acuta_HIv1___Scaffold_000799F___length_317291:99139             70.4              10608000         150621.5
12:15:33.473 INFO  ProgressMeter - Pocillopora_acuta_HIv1___Scaffold_000798F___length_316366:92418             70.6              10635000         150642.4
12:15:43.551 INFO  ProgressMeter - Pocillopora_acuta_HIv1___Scaffold_000825F___length_308582:100073             70.8              10665000         150708.7
12:15:53.858 INFO  ProgressMeter - Pocillopora_acuta_HIv1___Scaffold_000873F___length_303637:258395             70.9              10688000         150668.0
12:16:04.283 INFO  ProgressMeter - Pocillopora_acuta_HIv1___Scaffold_000875F___length_296038:23727             71.1              10711000         150623.3
12:16:14.724 INFO  ProgressMeter - Pocillopora_acuta_HIv1___Scaffold_000871F___length_291037:208326             71.3              10734000         150578.3
12:16:24.987 INFO  ProgressMeter - Pocillopora_acuta_HIv1___Scaffold_000893F___length_281692:2795             71.5              10766000         150665.7
12:16:35.326 INFO  ProgressMeter - Pocillopora_acuta_HIv1___Scaffold_000090F___length_275397:155091             71.6              10801000         150791.8
12:16:45.623 INFO  ProgressMeter - Pocillopora_acuta_HIv1___Scaffold_000913F___length_272804:248482             71.8              10825000         150765.7
12:16:55.810 INFO  ProgressMeter - Pocillopora_acuta_HIv1___Scaffold_000984F___length_267277:203774             72.0              10857000         150854.6
12:17:06.080 INFO  ProgressMeter - Pocillopora_acuta_HIv1___Scaffold_000953F___length_263603:82262             72.1              10880000         150815.5
12:17:16.494 INFO  ProgressMeter - Pocillopora_acuta_HIv1___Scaffold_000948F___length_249205:64616             72.3              10902000         150757.8
12:17:26.617 INFO  ProgressMeter - Pocillopora_acuta_HIv1___Scaffold_001017F___length_236914:73940             72.5              10924000         150710.4
12:17:36.743 INFO  ProgressMeter - Pocillopora_acuta_HIv1___Scaffold_001068F___length_231890:153783             72.7              10949000         150704.4
12:17:46.912 INFO  ProgressMeter - Pocillopora_acuta_HIv1___Scaffold_001082F___length_215275:26398             72.8              10982000         150806.8
12:17:57.209 INFO  ProgressMeter - Pocillopora_acuta_HIv1___Scaffold_001094F___length_208194:48044             73.0              11005000         150767.3
12:18:07.212 INFO  ProgressMeter - Pocillopora_acuta_HIv1___Scaffold_001127F___length_199569:31202             73.2              11036000         150847.5
12:18:17.408 INFO  ProgressMeter - Pocillopora_acuta_HIv1___Scaffold_001136F___length_195656:118224             73.3              11066000         150907.0
12:18:27.711 INFO  ProgressMeter - Pocillopora_acuta_HIv1___Scaffold_000883F___length_192182:178870             73.5              11087000         150840.2
12:18:37.783 INFO  ProgressMeter - Pocillopora_acuta_HIv1___Scaffold_001180F___length_184090:37591             73.7              11110000         150808.7
12:18:48.205 INFO  ProgressMeter - Pocillopora_acuta_HIv1___Scaffold_001204F___length_179093:75720             73.8              11133000         150765.4
12:18:58.540 INFO  ProgressMeter - Pocillopora_acuta_HIv1___Scaffold_001251F___length_167037:102714             74.0              11156000         150725.3
12:19:08.759 INFO  ProgressMeter - Pocillopora_acuta_HIv1___Scaffold_001265F___length_161223:144406             74.2              11179000         150689.3
12:19:19.044 INFO  ProgressMeter - Pocillopora_acuta_HIv1___Scaffold_001333F___length_148239:25201             74.4              11201000         150637.8
12:19:29.327 INFO  ProgressMeter - Pocillopora_acuta_HIv1___Scaffold_001384F___length_132391:77161             74.5              11223000         150586.6
12:19:39.662 INFO  ProgressMeter - Pocillopora_acuta_HIv1___Scaffold_001463F___length_117368:46790             74.7              11251000         150614.1
12:19:49.717 INFO  ProgressMeter - Pocillopora_acuta_HIv1___Scaffold_001534F___length_100229:86510             74.9              11274000         150584.2
12:19:59.923 INFO  ProgressMeter - Pocillopora_acuta_HIv1___Scaffold_001631F___length_75481:59071             75.0              11297000         150549.4
12:20:10.052 INFO  ProgressMeter - Pocillopora_acuta_HIv1___Scaffold_001717F___length_53591:6353             75.2              11320000         150517.3
12:20:12.908 INFO  ProgressMeter - Pocillopora_acuta_HIv1___Scaffold_001878F___length_25435:20862             75.3              11326453         150507.8
12:20:12.908 INFO  ProgressMeter - Traversal complete. Processed 11326453 total variants in 75.3 minutes.
12:20:12.909 INFO  VariantsToTable - Shutting down engine
[August 4, 2021 at 12:20:12 PM EDT] org.broadinstitute.hellbender.tools.walkers.variantutils.VariantsToTable done. Elapsed time: 75.33 minutes.
Runtime.totalMemory()=4643094528
