Using GATK jar /home/timothy/programs/gatk-4.2.0.0/gatk-package-4.2.0.0-local.jar
Running:
    java -Dsamjdk.use_async_io_read_samtools=false -Dsamjdk.use_async_io_write_samtools=true -Dsamjdk.use_async_io_write_tribble=false -Dsamjdk.compression_level=2 -jar /home/timothy/programs/gatk-4.2.0.0/gatk-package-4.2.0.0-local.jar VariantFiltration --reference Pocillopora_acuta_HIv1.assembly.purged.fasta --variant GVCFall_withREF_SNPs.vcf.gz --output GVCFall_withREF_SNPs_DPfilter.vcf --genotype-filter-name DP_filter --genotype-filter-expression DP < 20
12:20:16.335 INFO  NativeLibraryLoader - Loading libgkl_compression.so from jar:file:/home/timothy/programs/gatk-4.2.0.0/gatk-package-4.2.0.0-local.jar!/com/intel/gkl/native/libgkl_compression.so
Aug 04, 2021 12:20:16 PM shaded.cloud_nio.com.google.auth.oauth2.ComputeEngineCredentials runningOnComputeEngine
INFO: Failed to detect whether we are running on Google Compute Engine.
12:20:16.571 INFO  VariantFiltration - ------------------------------------------------------------
12:20:16.571 INFO  VariantFiltration - The Genome Analysis Toolkit (GATK) v4.2.0.0
12:20:16.571 INFO  VariantFiltration - For support and documentation go to https://software.broadinstitute.org/gatk/
12:20:16.571 INFO  VariantFiltration - Executing as timothy@coral on Linux v5.4.0-80-generic amd64
12:20:16.572 INFO  VariantFiltration - Java runtime: OpenJDK 64-Bit Server VM v11.0.11+9-Ubuntu-0ubuntu2.20.04
12:20:16.572 INFO  VariantFiltration - Start Date/Time: August 4, 2021 at 12:20:16 PM EDT
12:20:16.572 INFO  VariantFiltration - ------------------------------------------------------------
12:20:16.572 INFO  VariantFiltration - ------------------------------------------------------------
12:20:16.573 INFO  VariantFiltration - HTSJDK Version: 2.24.0
12:20:16.573 INFO  VariantFiltration - Picard Version: 2.25.0
12:20:16.573 INFO  VariantFiltration - Built for Spark Version: 2.4.5
12:20:16.573 INFO  VariantFiltration - HTSJDK Defaults.COMPRESSION_LEVEL : 2
12:20:16.573 INFO  VariantFiltration - HTSJDK Defaults.USE_ASYNC_IO_READ_FOR_SAMTOOLS : false
12:20:16.573 INFO  VariantFiltration - HTSJDK Defaults.USE_ASYNC_IO_WRITE_FOR_SAMTOOLS : true
12:20:16.573 INFO  VariantFiltration - HTSJDK Defaults.USE_ASYNC_IO_WRITE_FOR_TRIBBLE : false
12:20:16.573 INFO  VariantFiltration - Deflater: IntelDeflater
12:20:16.573 INFO  VariantFiltration - Inflater: IntelInflater
12:20:16.573 INFO  VariantFiltration - GCS max retries/reopens: 20
12:20:16.573 INFO  VariantFiltration - Requester pays: disabled
12:20:16.573 INFO  VariantFiltration - Initializing engine
12:20:16.813 INFO  FeatureManager - Using codec VCFCodec to read file file:///scratch/timothy/projects/0022_Coral_Genotype_Analysis/03_Analysis/2021-06-21/Pocillopora_acuta_PacBio_Assembly/Genome_short_variant_analysis/filtering/GVCFall_withREF_SNPs.AD_Analysis/GVCFall_withREF_SNPs.vcf.gz
12:20:16.997 INFO  VariantFiltration - Done initializing engine
12:20:17.087 INFO  ProgressMeter - Starting traversal
12:20:17.087 INFO  ProgressMeter -        Current Locus  Elapsed Minutes    Variants Processed  Variants/Minute
12:20:27.114 INFO  ProgressMeter - Pocillopora_acuta_HIv1___Scaffold_000000F___length_7015273:693577              0.2                 17000         101735.5
12:20:37.263 INFO  ProgressMeter - Pocillopora_acuta_HIv1___Scaffold_000000F___length_7015273:1682186              0.3                 45000         133829.0
12:20:47.399 INFO  ProgressMeter - Pocillopora_acuta_HIv1___Scaffold_000000F___length_7015273:3066079              0.5                 82000         162312.0
12:20:57.435 INFO  ProgressMeter - Pocillopora_acuta_HIv1___Scaffold_000000F___length_7015273:4421264              0.7                114000         169525.1
12:21:07.772 INFO  ProgressMeter - Pocillopora_acuta_HIv1___Scaffold_000000F___length_7015273:5330814              0.8                136000         160994.4
12:21:18.246 INFO  ProgressMeter - Pocillopora_acuta_HIv1___Scaffold_000000F___length_7015273:6256991              1.0                158000         155005.8
12:21:28.257 INFO  ProgressMeter - Pocillopora_acuta_HIv1___Scaffold_000001F___length_3838978:111194              1.2                179000         150908.4
12:21:38.387 INFO  ProgressMeter - Pocillopora_acuta_HIv1___Scaffold_000001F___length_3838978:851012              1.4                202000         149079.3
12:21:48.555 INFO  ProgressMeter - Pocillopora_acuta_HIv1___Scaffold_000001F___length_3838978:1601607              1.5                225000         147592.6
12:21:58.567 INFO  ProgressMeter - Pocillopora_acuta_HIv1___Scaffold_000001F___length_3838978:2300284              1.7                247000         146038.6
12:22:08.773 INFO  ProgressMeter - Pocillopora_acuta_HIv1___Scaffold_000001F___length_3838978:3353031              1.9                281000         150958.9
12:22:19.019 INFO  ProgressMeter - Pocillopora_acuta_HIv1___Scaffold_000003F___length_3310154:852428              2.0                313000         154020.3
12:22:29.377 INFO  ProgressMeter - Pocillopora_acuta_HIv1___Scaffold_000003F___length_3310154:1763683              2.2                336000         152392.5
12:22:39.674 INFO  ProgressMeter - Pocillopora_acuta_HIv1___Scaffold_000003F___length_3310154:3003543              2.4                368000         154852.8
12:22:49.701 INFO  ProgressMeter - Pocillopora_acuta_HIv1___Scaffold_000002F___length_3285914:1674581              2.5                403000         158440.0
12:22:59.853 INFO  ProgressMeter - Pocillopora_acuta_HIv1___Scaffold_000002F___length_3285914:2506081              2.7                427000         157403.9
12:23:09.909 INFO  ProgressMeter - Pocillopora_acuta_HIv1___Scaffold_000007F___length_3038207:71439              2.9                450000         156230.1
12:23:19.998 INFO  ProgressMeter - Pocillopora_acuta_HIv1___Scaffold_000007F___length_3038207:951609              3.0                473000         155157.4
12:23:30.429 INFO  ProgressMeter - Pocillopora_acuta_HIv1___Scaffold_000007F___length_3038207:1867424              3.2                497000         154235.3
12:23:40.572 INFO  ProgressMeter - Pocillopora_acuta_HIv1___Scaffold_000007F___length_3038207:2609015              3.4                516000         152149.6
12:23:50.984 INFO  ProgressMeter - Pocillopora_acuta_HIv1___Scaffold_000006F___length_3012071:483057              3.6                539000         151194.3
12:24:01.509 INFO  ProgressMeter - Pocillopora_acuta_HIv1___Scaffold_000006F___length_3012071:1206010              3.7                559000         149451.3
12:24:11.906 INFO  ProgressMeter - Pocillopora_acuta_HIv1___Scaffold_000006F___length_3012071:1886434              3.9                579000         147944.4
12:24:22.031 INFO  ProgressMeter - Pocillopora_acuta_HIv1___Scaffold_000006F___length_3012071:2663890              4.1                599000         146728.0
12:24:32.169 INFO  ProgressMeter - Pocillopora_acuta_HIv1___Scaffold_000004F___length_2973859:347514              4.3                621000         146070.7
12:24:42.366 INFO  ProgressMeter - Pocillopora_acuta_HIv1___Scaffold_000004F___length_2973859:1215010              4.4                654000         147919.7
12:24:52.605 INFO  ProgressMeter - Pocillopora_acuta_HIv1___Scaffold_000004F___length_2973859:1797667              4.6                675000         146996.4
12:25:02.618 INFO  ProgressMeter - Pocillopora_acuta_HIv1___Scaffold_000004F___length_2973859:2529863              4.8                697000         146464.5
12:25:12.952 INFO  ProgressMeter - Pocillopora_acuta_HIv1___Scaffold_000005F___length_2913003:211194              4.9                718000         145607.4
12:25:23.334 INFO  ProgressMeter - Pocillopora_acuta_HIv1___Scaffold_000005F___length_2913003:856288              5.1                738000         144589.2
12:25:33.759 INFO  ProgressMeter - Pocillopora_acuta_HIv1___Scaffold_000005F___length_2913003:1769527              5.3                761000         144187.0
12:25:43.809 INFO  ProgressMeter - Pocillopora_acuta_HIv1___Scaffold_000005F___length_2913003:2612499              5.4                782000         143608.3
12:25:54.139 INFO  ProgressMeter - Pocillopora_acuta_HIv1___Scaffold_000008F___length_2769899:393410              5.6                804000         143123.3
12:26:04.196 INFO  ProgressMeter - Pocillopora_acuta_HIv1___Scaffold_000008F___length_2769899:802192              5.8                823000         142260.8
12:26:14.292 INFO  ProgressMeter - Pocillopora_acuta_HIv1___Scaffold_000008F___length_2769899:1194691              6.0                843000         141599.4
12:26:24.532 INFO  ProgressMeter - Pocillopora_acuta_HIv1___Scaffold_000008F___length_2769899:1637977              6.1                863000         140919.0
12:26:34.709 INFO  ProgressMeter - Pocillopora_acuta_HIv1___Scaffold_000008F___length_2769899:1919404              6.3                882000         140140.1
12:26:44.909 INFO  ProgressMeter - Pocillopora_acuta_HIv1___Scaffold_000008F___length_2769899:2511878              6.5                914000         141405.4
12:26:55.146 INFO  ProgressMeter - Pocillopora_acuta_HIv1___Scaffold_000009F___length_2672951:809918              6.6                952000         143496.3
12:27:05.168 INFO  ProgressMeter - Pocillopora_acuta_HIv1___Scaffold_000009F___length_2672951:1607487              6.8                978000         143795.0
12:27:15.370 INFO  ProgressMeter - Pocillopora_acuta_HIv1___Scaffold_000009F___length_2672951:2277326              7.0               1000000         143443.6
12:27:25.599 INFO  ProgressMeter - Pocillopora_acuta_HIv1___Scaffold_000010F___length_2656316:831970              7.1               1025000         143519.9
12:27:35.930 INFO  ProgressMeter - Pocillopora_acuta_HIv1___Scaffold_000010F___length_2656316:1554694              7.3               1049000         143422.6
12:27:46.179 INFO  ProgressMeter - Pocillopora_acuta_HIv1___Scaffold_000010F___length_2656316:2246111              7.5               1071000         143088.7
12:27:56.368 INFO  ProgressMeter - Pocillopora_acuta_HIv1___Scaffold_000011F___length_2586769:585464              7.7               1101000         143833.5
12:28:06.515 INFO  ProgressMeter - Pocillopora_acuta_HIv1___Scaffold_000011F___length_2586769:1520402              7.8               1123000         143536.7
12:28:16.752 INFO  ProgressMeter - Pocillopora_acuta_HIv1___Scaffold_000011F___length_2586769:2383377              8.0               1146000         143350.0
12:28:26.756 INFO  ProgressMeter - Pocillopora_acuta_HIv1___Scaffold_000012F___length_2520783:664790              8.2               1168000         143117.1
12:28:37.214 INFO  ProgressMeter - Pocillopora_acuta_HIv1___Scaffold_000012F___length_2520783:1312974              8.3               1191000         142883.7
12:28:47.264 INFO  ProgressMeter - Pocillopora_acuta_HIv1___Scaffold_000012F___length_2520783:1918684              8.5               1210000         142303.6
12:28:57.277 INFO  ProgressMeter - Pocillopora_acuta_HIv1___Scaffold_000014F___length_2520379:265724              8.7               1230000         141871.2
12:29:07.350 INFO  ProgressMeter - Pocillopora_acuta_HIv1___Scaffold_000014F___length_2520379:1581904              8.8               1266000         143249.9
12:29:17.742 INFO  ProgressMeter - Pocillopora_acuta_HIv1___Scaffold_000020F___length_2467453:525548              9.0               1291000         143270.9
12:29:28.126 INFO  ProgressMeter - Pocillopora_acuta_HIv1___Scaffold_000020F___length_2467453:1288057              9.2               1313000         142966.3
12:29:38.529 INFO  ProgressMeter - Pocillopora_acuta_HIv1___Scaffold_000020F___length_2467453:2235948              9.4               1333000         142454.9
12:29:48.797 INFO  ProgressMeter - Pocillopora_acuta_HIv1___Scaffold_000019F___length_2418994:557249              9.5               1355000         142205.2
12:29:58.926 INFO  ProgressMeter - Pocillopora_acuta_HIv1___Scaffold_000019F___length_2418994:1588927              9.7               1377000         141998.3
12:30:09.044 INFO  ProgressMeter - Pocillopora_acuta_HIv1___Scaffold_000019F___length_2418994:2226634              9.9               1397000         141598.1
12:30:19.175 INFO  ProgressMeter - Pocillopora_acuta_HIv1___Scaffold_000021F___length_2349876:1074484             10.0               1421000         141607.2
12:30:29.321 INFO  ProgressMeter - Pocillopora_acuta_HIv1___Scaffold_000017F___length_2344199:17027             10.2               1445000         141612.5
12:30:39.771 INFO  ProgressMeter - Pocillopora_acuta_HIv1___Scaffold_000017F___length_2344199:805326             10.4               1469000         141548.5
12:30:49.829 INFO  ProgressMeter - Pocillopora_acuta_HIv1___Scaffold_000017F___length_2344199:1597607             10.5               1493000         141574.3
12:31:00.112 INFO  ProgressMeter - Pocillopora_acuta_HIv1___Scaffold_000017F___length_2344199:2299323             10.7               1516000         141456.6
12:31:10.284 INFO  ProgressMeter - Pocillopora_acuta_HIv1___Scaffold_000026F___length_2243953:1020274             10.9               1548000         142192.9
12:31:20.578 INFO  ProgressMeter - Pocillopora_acuta_HIv1___Scaffold_000026F___length_2243953:1814061             11.1               1575000         142428.7
12:31:30.917 INFO  ProgressMeter - Pocillopora_acuta_HIv1___Scaffold_000022F___length_2234617:152367             11.2               1596000         142113.2
12:31:41.298 INFO  ProgressMeter - Pocillopora_acuta_HIv1___Scaffold_000022F___length_2234617:788770             11.4               1618000         141886.1
12:31:51.716 INFO  ProgressMeter - Pocillopora_acuta_HIv1___Scaffold_000022F___length_2234617:1384920             11.6               1641000         141744.7
12:32:02.049 INFO  ProgressMeter - Pocillopora_acuta_HIv1___Scaffold_000022F___length_2234617:1891332             11.7               1661000         141369.5
12:32:12.329 INFO  ProgressMeter - Pocillopora_acuta_HIv1___Scaffold_000016F___length_2230716:572635             11.9               1685000         141351.0
12:32:22.417 INFO  ProgressMeter - Pocillopora_acuta_HIv1___Scaffold_000016F___length_2230716:973183             12.1               1704000         140956.5
12:32:32.550 INFO  ProgressMeter - Pocillopora_acuta_HIv1___Scaffold_000016F___length_2230716:1539174             12.3               1724000         140646.5
12:32:42.572 INFO  ProgressMeter - Pocillopora_acuta_HIv1___Scaffold_000016F___length_2230716:2140908             12.4               1745000         140445.7
12:32:52.963 INFO  ProgressMeter - Pocillopora_acuta_HIv1___Scaffold_000024F___length_2194858:760443             12.6               1768000         140340.5
12:33:03.216 INFO  ProgressMeter - Pocillopora_acuta_HIv1___Scaffold_000024F___length_2194858:1601905             12.8               1792000         140342.1
12:33:13.444 INFO  ProgressMeter - Pocillopora_acuta_HIv1___Scaffold_000028F___length_2192771:270908             12.9               1818000         140502.4
12:33:23.824 INFO  ProgressMeter - Pocillopora_acuta_HIv1___Scaffold_000028F___length_2192771:830971             13.1               1843000         140555.2
12:33:34.176 INFO  ProgressMeter - Pocillopora_acuta_HIv1___Scaffold_000028F___length_2192771:1504566             13.3               1868000         140611.7
12:33:44.278 INFO  ProgressMeter - Pocillopora_acuta_HIv1___Scaffold_000031F___length_2151340:162394             13.5               1892000         140635.9
12:33:54.685 INFO  ProgressMeter - Pocillopora_acuta_HIv1___Scaffold_000031F___length_2151340:1568940             13.6               1918000         140753.8
12:34:04.770 INFO  ProgressMeter - Pocillopora_acuta_HIv1___Scaffold_000029F___length_2136925:394548             13.8               1944000         140923.7
12:34:15.001 INFO  ProgressMeter - Pocillopora_acuta_HIv1___Scaffold_000029F___length_2136925:1132713             14.0               1967000         140849.9
12:34:25.313 INFO  ProgressMeter - Pocillopora_acuta_HIv1___Scaffold_000029F___length_2136925:1804158             14.1               1986000         140481.6
12:34:35.437 INFO  ProgressMeter - Pocillopora_acuta_HIv1___Scaffold_000013F___length_2048302:353299             14.3               2005000         140152.6
12:34:45.563 INFO  ProgressMeter - Pocillopora_acuta_HIv1___Scaffold_000013F___length_2048302:1145979             14.5               2028000         140107.7
12:34:55.815 INFO  ProgressMeter - Pocillopora_acuta_HIv1___Scaffold_000013F___length_2048302:1661319             14.6               2052000         140111.6
12:35:06.157 INFO  ProgressMeter - Pocillopora_acuta_HIv1___Scaffold_000025F___length_2017222:119130             14.8               2076000         140101.5
12:35:16.460 INFO  ProgressMeter - Pocillopora_acuta_HIv1___Scaffold_000025F___length_2017222:1248932             15.0               2110000         140764.7
12:35:26.479 INFO  ProgressMeter - Pocillopora_acuta_HIv1___Scaffold_000030F___length_1997862:818938             15.2               2153000         142051.0
12:35:36.884 INFO  ProgressMeter - Pocillopora_acuta_HIv1___Scaffold_000027F___length_1993346:14397             15.3               2176000         141944.4
12:35:47.052 INFO  ProgressMeter - Pocillopora_acuta_HIv1___Scaffold_000027F___length_1993346:741105             15.5               2208000         142457.1
12:35:57.255 INFO  ProgressMeter - Pocillopora_acuta_HIv1___Scaffold_000027F___length_1993346:1927873             15.7               2248000         143463.9
12:36:07.403 INFO  ProgressMeter - Pocillopora_acuta_HIv1___Scaffold_000033F___length_1976463:1000765             15.8               2285000         144268.0
12:36:17.493 INFO  ProgressMeter - Pocillopora_acuta_HIv1___Scaffold_000034F___length_1965713:819851             16.0               2327000         145376.0
12:36:27.920 INFO  ProgressMeter - Pocillopora_acuta_HIv1___Scaffold_000036F___length_1887486:589712             16.2               2368000         146348.5
12:36:38.313 INFO  ProgressMeter - Pocillopora_acuta_HIv1___Scaffold_000036F___length_1887486:1113708             16.4               2388000         146021.6
12:36:48.783 INFO  ProgressMeter - Pocillopora_acuta_HIv1___Scaffold_000035F___length_1881926:135275             16.5               2409000         145750.5
12:36:59.097 INFO  ProgressMeter - Pocillopora_acuta_HIv1___Scaffold_000035F___length_1881926:694442             16.7               2431000         145567.4
12:37:09.518 INFO  ProgressMeter - Pocillopora_acuta_HIv1___Scaffold_000035F___length_1881926:1223339             16.9               2452000         145313.6
12:37:19.716 INFO  ProgressMeter - Pocillopora_acuta_HIv1___Scaffold_000046F___length_1870459:436006             17.0               2473000         145096.8
12:37:30.111 INFO  ProgressMeter - Pocillopora_acuta_HIv1___Scaffold_000046F___length_1870459:1354730             17.2               2496000         144972.4
12:37:40.126 INFO  ProgressMeter - Pocillopora_acuta_HIv1___Scaffold_000040F___length_1870022:373259             17.4               2522000         145076.1
12:37:50.468 INFO  ProgressMeter - Pocillopora_acuta_HIv1___Scaffold_000040F___length_1870022:1271111             17.6               2558000         145702.3
12:38:00.618 INFO  ProgressMeter - Pocillopora_acuta_HIv1___Scaffold_000038F___length_1860461:362463             17.7               2581000         145609.3
12:38:11.014 INFO  ProgressMeter - Pocillopora_acuta_HIv1___Scaffold_000038F___length_1860461:1233105             17.9               2602000         145373.0
12:38:21.231 INFO  ProgressMeter - Pocillopora_acuta_HIv1___Scaffold_000042F___length_1843182:196690             18.1               2623000         145165.2
12:38:31.326 INFO  ProgressMeter - Pocillopora_acuta_HIv1___Scaffold_000042F___length_1843182:1092984             18.2               2651000         145361.3
12:38:41.419 INFO  ProgressMeter - Pocillopora_acuta_HIv1___Scaffold_000044F___length_1822362:339531             18.4               2679000         145554.1
12:38:51.707 INFO  ProgressMeter - Pocillopora_acuta_HIv1___Scaffold_000044F___length_1822362:1786799             18.6               2717000         146256.1
12:39:02.027 INFO  ProgressMeter - Pocillopora_acuta_HIv1___Scaffold_000045F___length_1821403:1760347             18.7               2752000         146781.2
12:39:12.173 INFO  ProgressMeter - Pocillopora_acuta_HIv1___Scaffold_000047F___length_1804076:638818             18.9               2775000         146684.9
12:39:22.528 INFO  ProgressMeter - Pocillopora_acuta_HIv1___Scaffold_000047F___length_1804076:1272904             19.1               2799000         146616.0
12:39:32.915 INFO  ProgressMeter - Pocillopora_acuta_HIv1___Scaffold_000049F___length_1801693:184365             19.3               2823000         146544.3
12:39:43.185 INFO  ProgressMeter - Pocillopora_acuta_HIv1___Scaffold_000049F___length_1801693:1260133             19.4               2855000         146900.2
12:39:53.239 INFO  ProgressMeter - Pocillopora_acuta_HIv1___Scaffold_000049F___length_1801693:1780749             19.6               2878000         146817.9
12:40:03.564 INFO  ProgressMeter - Pocillopora_acuta_HIv1___Scaffold_000048F___length_1779791:684224             19.8               2902000         146753.8
12:40:13.908 INFO  ProgressMeter - Pocillopora_acuta_HIv1___Scaffold_000048F___length_1779791:1445911             19.9               2928000         146789.0
12:40:24.268 INFO  ProgressMeter - Pocillopora_acuta_HIv1___Scaffold_000018F___length_1767520:549580             20.1               2952000         146722.0
12:40:34.309 INFO  ProgressMeter - Pocillopora_acuta_HIv1___Scaffold_000018F___length_1767520:1409629             20.3               2974000         146596.1
12:40:44.617 INFO  ProgressMeter - Pocillopora_acuta_HIv1___Scaffold_000051F___length_1752840:404257             20.5               2998000         146538.2
12:40:55.029 INFO  ProgressMeter - Pocillopora_acuta_HIv1___Scaffold_000051F___length_1752840:898971             20.6               3021000         146420.4
12:41:05.041 INFO  ProgressMeter - Pocillopora_acuta_HIv1___Scaffold_000051F___length_1752840:1652181             20.8               3052000         146736.2
12:41:15.158 INFO  ProgressMeter - Pocillopora_acuta_HIv1___Scaffold_000052F___length_1749787:450244             21.0               3075000         146653.1
12:41:25.452 INFO  ProgressMeter - Pocillopora_acuta_HIv1___Scaffold_000052F___length_1749787:1053873             21.1               3098000         146551.0
12:41:35.709 INFO  ProgressMeter - Pocillopora_acuta_HIv1___Scaffold_000052F___length_1749787:1449390             21.3               3120000         146407.6
12:41:45.780 INFO  ProgressMeter - Pocillopora_acuta_HIv1___Scaffold_000059F___length_1692002:36740             21.5               3142000         146287.8
12:41:55.990 INFO  ProgressMeter - Pocillopora_acuta_HIv1___Scaffold_000059F___length_1692002:1059510             21.6               3167000         146292.7
12:42:06.158 INFO  ProgressMeter - Pocillopora_acuta_HIv1___Scaffold_000055F___length_1685811:95211             21.8               3188000         146118.9
12:42:16.297 INFO  ProgressMeter - Pocillopora_acuta_HIv1___Scaffold_000055F___length_1685811:798087             22.0               3211000         146041.9
12:42:26.537 INFO  ProgressMeter - Pocillopora_acuta_HIv1___Scaffold_000055F___length_1685811:1382095             22.2               3234000         145955.1
12:42:36.692 INFO  ProgressMeter - Pocillopora_acuta_HIv1___Scaffold_000056F___length_1677393:554979             22.3               3258000         145923.6
12:42:46.931 INFO  ProgressMeter - Pocillopora_acuta_HIv1___Scaffold_000056F___length_1677393:1391823             22.5               3284000         145972.4
12:42:57.038 INFO  ProgressMeter - Pocillopora_acuta_HIv1___Scaffold_000060F___length_1636426:683485             22.7               3308000         145946.5
12:43:07.220 INFO  ProgressMeter - Pocillopora_acuta_HIv1___Scaffold_000060F___length_1636426:1273195             22.8               3328000         145737.7
12:43:17.437 INFO  ProgressMeter - Pocillopora_acuta_HIv1___Scaffold_000063F___length_1625206:687398             23.0               3354000         145789.2
12:43:27.517 INFO  ProgressMeter - Pocillopora_acuta_HIv1___Scaffold_000063F___length_1625206:1352351             23.2               3374000         145595.4
12:43:38.051 INFO  ProgressMeter - Pocillopora_acuta_HIv1___Scaffold_000061F___length_1614046:297509             23.3               3394000         145357.2
12:43:48.067 INFO  ProgressMeter - Pocillopora_acuta_HIv1___Scaffold_000061F___length_1614046:952633             23.5               3415000         145218.2
12:43:58.440 INFO  ProgressMeter - Pocillopora_acuta_HIv1___Scaffold_000058F___length_1607644:610622             23.7               3450000         145635.9
12:44:08.898 INFO  ProgressMeter - Pocillopora_acuta_HIv1___Scaffold_000058F___length_1607644:1277163             23.9               3473000         145536.1
12:44:18.917 INFO  ProgressMeter - Pocillopora_acuta_HIv1___Scaffold_000062F___length_1593303:448304             24.0               3493000         145356.9
12:44:29.456 INFO  ProgressMeter - Pocillopora_acuta_HIv1___Scaffold_000062F___length_1593303:1316478             24.2               3514000         145169.9
12:44:39.903 INFO  ProgressMeter - Pocillopora_acuta_HIv1___Scaffold_000053F___length_1590508:308866             24.4               3533000         144912.3
12:44:50.012 INFO  ProgressMeter - Pocillopora_acuta_HIv1___Scaffold_000053F___length_1590508:814611             24.5               3556000         144854.6
12:45:00.027 INFO  ProgressMeter - Pocillopora_acuta_HIv1___Scaffold_000066F___length_1581690:84560             24.7               3580000         144847.4
12:45:10.029 INFO  ProgressMeter - Pocillopora_acuta_HIv1___Scaffold_000066F___length_1581690:699739             24.9               3610000         145082.7
12:45:20.216 INFO  ProgressMeter - Pocillopora_acuta_HIv1___Scaffold_000067F___length_1571305:82307             25.1               3653000         145815.8
12:45:30.551 INFO  ProgressMeter - Pocillopora_acuta_HIv1___Scaffold_000068F___length_1552883:158992             25.2               3690000         146286.9
12:45:40.685 INFO  ProgressMeter - Pocillopora_acuta_HIv1___Scaffold_000071F___length_1536468:55345             25.4               3721000         146534.7
12:45:50.758 INFO  ProgressMeter - Pocillopora_acuta_HIv1___Scaffold_000071F___length_1536468:827114             25.6               3745000         146511.2
12:46:01.021 INFO  ProgressMeter - Pocillopora_acuta_HIv1___Scaffold_000050F___length_1523765:183165             25.7               3769000         146470.0
12:46:11.296 INFO  ProgressMeter - Pocillopora_acuta_HIv1___Scaffold_000050F___length_1523765:865504             25.9               3792000         146389.6
12:46:21.626 INFO  ProgressMeter - Pocillopora_acuta_HIv1___Scaffold_000082F___length_1507628:277127             26.1               3816000         146343.4
12:46:31.740 INFO  ProgressMeter - Pocillopora_acuta_HIv1___Scaffold_000082F___length_1507628:1086408             26.2               3839000         146279.8
12:46:41.763 INFO  ProgressMeter - Pocillopora_acuta_HIv1___Scaffold_000074F___length_1495598:386785             26.4               3868000         146452.7
12:46:51.923 INFO  ProgressMeter - Pocillopora_acuta_HIv1___Scaffold_000074F___length_1495598:994991             26.6               3891000         146385.0
12:47:02.348 INFO  ProgressMeter - Pocillopora_acuta_HIv1___Scaffold_000083F___length_1495163:594437             26.8               3915000         146331.4
12:47:12.362 INFO  ProgressMeter - Pocillopora_acuta_HIv1___Scaffold_000081F___length_1493854:400043             26.9               3945000         146538.5
12:47:22.363 INFO  ProgressMeter - Pocillopora_acuta_HIv1___Scaffold_000078F___length_1491746:414555             27.1               3981000         146965.8
12:47:32.395 INFO  ProgressMeter - Pocillopora_acuta_HIv1___Scaffold_000065F___length_1489235:658598             27.3               4022000         147568.5
12:47:42.727 INFO  ProgressMeter - Pocillopora_acuta_HIv1___Scaffold_000054F___length_1482085:503861             27.4               4057000         147918.2
12:47:53.102 INFO  ProgressMeter - Pocillopora_acuta_HIv1___Scaffold_000080F___length_1480119:51712             27.6               4084000         147969.7
12:48:03.220 INFO  ProgressMeter - Pocillopora_acuta_HIv1___Scaffold_000080F___length_1480119:894136             27.8               4104000         147791.3
12:48:13.689 INFO  ProgressMeter - Pocillopora_acuta_HIv1___Scaffold_000075F___length_1465233:43397             27.9               4124000         147584.2
12:48:24.035 INFO  ProgressMeter - Pocillopora_acuta_HIv1___Scaffold_000075F___length_1465233:427461             28.1               4145000         147426.0
12:48:34.422 INFO  ProgressMeter - Pocillopora_acuta_HIv1___Scaffold_000075F___length_1465233:720606             28.3               4166000         147266.2
12:48:44.441 INFO  ProgressMeter - Pocillopora_acuta_HIv1___Scaffold_000075F___length_1465233:1452060             28.5               4194000         147386.0
12:48:54.642 INFO  ProgressMeter - Pocillopora_acuta_HIv1___Scaffold_000077F___length_1459619:815659             28.6               4233000         147873.1
12:49:04.910 INFO  ProgressMeter - Pocillopora_acuta_HIv1___Scaffold_000073F___length_1449292:557364             28.8               4258000         147862.5
12:49:15.380 INFO  ProgressMeter - Pocillopora_acuta_HIv1___Scaffold_000041F___length_1444133:202772             29.0               4282000         147800.2
12:49:25.538 INFO  ProgressMeter - Pocillopora_acuta_HIv1___Scaffold_000041F___length_1444133:1313619             29.1               4310000         147902.3
12:49:35.582 INFO  ProgressMeter - Pocillopora_acuta_HIv1___Scaffold_000088F___length_1443323:1034369             29.3               4348000         148354.1
12:49:45.784 INFO  ProgressMeter - Pocillopora_acuta_HIv1___Scaffold_000086F___length_1433250:833204             29.5               4387000         148821.4
12:49:55.944 INFO  ProgressMeter - Pocillopora_acuta_HIv1___Scaffold_000089F___length_1432987:716999             29.6               4427000         149320.7
12:50:06.050 INFO  ProgressMeter - Pocillopora_acuta_HIv1___Scaffold_000069F___length_1411362:282624             29.8               4467000         149818.6
12:50:16.461 INFO  ProgressMeter - Pocillopora_acuta_HIv1___Scaffold_000032F___length_1397619:53429             30.0               4498000         149985.6
12:50:26.697 INFO  ProgressMeter - Pocillopora_acuta_HIv1___Scaffold_000032F___length_1397619:731836             30.2               4522000         149932.9
12:50:36.790 INFO  ProgressMeter - Pocillopora_acuta_HIv1___Scaffold_000099F___length_1380629:93907             30.3               4554000         150156.4
12:50:46.984 INFO  ProgressMeter - Pocillopora_acuta_HIv1___Scaffold_000102F___length_1365666:177276             30.5               4592000         150565.9
12:50:57.098 INFO  ProgressMeter - Pocillopora_acuta_HIv1___Scaffold_000070F___length_1363407:678841             30.7               4636000         151173.0
12:51:07.465 INFO  ProgressMeter - Pocillopora_acuta_HIv1___Scaffold_000085F___length_1359006:385683             30.8               4665000         151266.4
12:51:17.493 INFO  ProgressMeter - Pocillopora_acuta_HIv1___Scaffold_000085F___length_1359006:757106             31.0               4688000         151192.9
12:51:27.685 INFO  ProgressMeter - Pocillopora_acuta_HIv1___Scaffold_000091F___length_1356888:206251             31.2               4715000         151235.1
12:51:37.860 INFO  ProgressMeter - Pocillopora_acuta_HIv1___Scaffold_000098F___length_1347680:261592             31.3               4753000         151629.2
12:51:47.902 INFO  ProgressMeter - Pocillopora_acuta_HIv1___Scaffold_000076F___length_1335001:322682             31.5               4786000         151871.0
12:51:58.155 INFO  ProgressMeter - Pocillopora_acuta_HIv1___Scaffold_000096F___length_1327327:86668             31.7               4826000         152314.4
12:52:08.211 INFO  ProgressMeter - Pocillopora_acuta_HIv1___Scaffold_000096F___length_1327327:1039566             31.9               4861000         152611.8
12:52:18.400 INFO  ProgressMeter - Pocillopora_acuta_HIv1___Scaffold_000087F___length_1327027:373442             32.0               4886000         152583.2
12:52:28.943 INFO  ProgressMeter - Pocillopora_acuta_HIv1___Scaffold_000087F___length_1327027:987393             32.2               4909000         152464.8
12:52:39.362 INFO  ProgressMeter - Pocillopora_acuta_HIv1___Scaffold_000106F___length_1313924:582296             32.4               4929000         152264.7
12:52:49.397 INFO  ProgressMeter - Pocillopora_acuta_HIv1___Scaffold_000108F___length_1296420:222668             32.5               4953000         152219.7
12:52:59.704 INFO  ProgressMeter - Pocillopora_acuta_HIv1___Scaffold_000108F___length_1296420:996234             32.7               4976000         152123.4
12:53:09.808 INFO  ProgressMeter - Pocillopora_acuta_HIv1___Scaffold_000111F___length_1285554:665461             32.9               4999000         152043.8
12:53:19.944 INFO  ProgressMeter - Pocillopora_acuta_HIv1___Scaffold_000107F___length_1282968:206330             33.0               5022000         151962.5
12:53:29.974 INFO  ProgressMeter - Pocillopora_acuta_HIv1___Scaffold_000107F___length_1282968:774430             33.2               5043000         151830.1
12:53:40.096 INFO  ProgressMeter - Pocillopora_acuta_HIv1___Scaffold_000105F___length_1277664:331451             33.4               5066000         151751.7
12:53:50.376 INFO  ProgressMeter - Pocillopora_acuta_HIv1___Scaffold_000105F___length_1277664:1243667             33.6               5092000         151751.7
12:54:00.802 INFO  ProgressMeter - Pocillopora_acuta_HIv1___Scaffold_000104F___length_1271314:732999             33.7               5115000         151651.8
12:54:11.095 INFO  ProgressMeter - Pocillopora_acuta_HIv1___Scaffold_000097F___length_1240190:99326             33.9               5138000         151562.8
12:54:21.472 INFO  ProgressMeter - Pocillopora_acuta_HIv1___Scaffold_000097F___length_1240190:784663             34.1               5163000         151527.2
12:54:31.927 INFO  ProgressMeter - Pocillopora_acuta_HIv1___Scaffold_000116F___length_1230997:365144             34.2               5185000         151398.7
12:54:42.262 INFO  ProgressMeter - Pocillopora_acuta_HIv1___Scaffold_000116F___length_1230997:910243             34.4               5206000         151251.1
12:54:52.368 INFO  ProgressMeter - Pocillopora_acuta_HIv1___Scaffold_000113F___length_1223651:264567             34.6               5228000         151150.6
12:55:02.393 INFO  ProgressMeter - Pocillopora_acuta_HIv1___Scaffold_000113F___length_1223651:1107836             34.8               5257000         151258.4
12:55:12.569 INFO  ProgressMeter - Pocillopora_acuta_HIv1___Scaffold_000123F___length_1201009:90122             34.9               5299000         151726.5
12:55:22.799 INFO  ProgressMeter - Pocillopora_acuta_HIv1___Scaffold_000120F___length_1192788:173188             35.1               5342000         152214.5
12:55:33.099 INFO  ProgressMeter - Pocillopora_acuta_HIv1___Scaffold_000120F___length_1192788:824364             35.3               5364000         152097.4
12:55:43.274 INFO  ProgressMeter - Pocillopora_acuta_HIv1___Scaffold_000110F___length_1189302:22276             35.4               5384000         151934.0
12:55:53.355 INFO  ProgressMeter - Pocillopora_acuta_HIv1___Scaffold_000110F___length_1189302:932813             35.6               5408000         151891.1
12:56:03.580 INFO  ProgressMeter - Pocillopora_acuta_HIv1___Scaffold_000119F___length_1183488:86611             35.8               5450000         152341.6
12:56:13.674 INFO  ProgressMeter - Pocillopora_acuta_HIv1___Scaffold_000140F___length_1176676:461141             35.9               5490000         152741.3
12:56:23.722 INFO  ProgressMeter - Pocillopora_acuta_HIv1___Scaffold_000122F___length_1169827:525018             36.1               5531000         153168.4
12:56:33.818 INFO  ProgressMeter - Pocillopora_acuta_HIv1___Scaffold_000101F___length_1159813:788789             36.3               5573000         153615.7
12:56:44.015 INFO  ProgressMeter - Pocillopora_acuta_HIv1___Scaffold_000132F___length_1157907:1030617             36.4               5614000         154024.3
12:56:54.274 INFO  ProgressMeter - Pocillopora_acuta_HIv1___Scaffold_000145F___length_1145118:358204             36.6               5656000         154452.0
12:57:04.668 INFO  ProgressMeter - Pocillopora_acuta_HIv1___Scaffold_000136F___length_1135807:185511             36.8               5679000         154349.9
12:57:14.942 INFO  ProgressMeter - Pocillopora_acuta_HIv1___Scaffold_000126F___length_1132339:16751             37.0               5701000         154230.1
12:57:25.226 INFO  ProgressMeter - Pocillopora_acuta_HIv1___Scaffold_000126F___length_1132339:895237             37.1               5722000         154083.7
12:57:35.282 INFO  ProgressMeter - Pocillopora_acuta_HIv1___Scaffold_000138F___length_1125371:831073             37.3               5750000         154142.1
12:57:45.505 INFO  ProgressMeter - Pocillopora_acuta_HIv1___Scaffold_000141F___length_1122045:656058             37.5               5788000         154455.3
12:57:55.714 INFO  ProgressMeter - Pocillopora_acuta_HIv1___Scaffold_000103F___length_1114684:777626             37.6               5831000         154899.4
12:58:06.146 INFO  ProgressMeter - Pocillopora_acuta_HIv1___Scaffold_000152F___length_1105811:534923             37.8               5861000         154980.5
12:58:16.327 INFO  ProgressMeter - Pocillopora_acuta_HIv1___Scaffold_000149F___length_1101333:842548             38.0               5903000         155393.9
12:58:26.435 INFO  ProgressMeter - Pocillopora_acuta_HIv1___Scaffold_000155F___length_1095536:990932             38.2               5943000         155756.2
12:58:36.895 INFO  ProgressMeter - Pocillopora_acuta_HIv1___Scaffold_000139F___length_1092541:975997             38.3               5979000         155987.0
12:58:46.982 INFO  ProgressMeter - Pocillopora_acuta_HIv1___Scaffold_000153F___length_1087004:735729             38.5               6002000         155903.3
12:58:57.172 INFO  ProgressMeter - Pocillopora_acuta_HIv1___Scaffold_000158F___length_1083353:306571             38.7               6027000         155865.0
12:59:07.274 INFO  ProgressMeter - Pocillopora_acuta_HIv1___Scaffold_000161F___length_1069631:35322             38.8               6050000         155781.5
12:59:17.485 INFO  ProgressMeter - Pocillopora_acuta_HIv1___Scaffold_000159F___length_1068862:101859             39.0               6075000         155742.7
12:59:27.976 INFO  ProgressMeter - Pocillopora_acuta_HIv1___Scaffold_000143F___length_1067668:37834             39.2               6099000         155660.3
12:59:38.207 INFO  ProgressMeter - Pocillopora_acuta_HIv1___Scaffold_000143F___length_1067668:525819             39.4               6119000         155494.0
12:59:48.673 INFO  ProgressMeter - Pocillopora_acuta_HIv1___Scaffold_000143F___length_1067668:1031560             39.5               6139000         155313.8
12:59:59.042 INFO  ProgressMeter - Pocillopora_acuta_HIv1___Scaffold_000171F___length_1060498:878557             39.7               6162000         155217.1
13:00:09.092 INFO  ProgressMeter - Pocillopora_acuta_HIv1___Scaffold_000169F___length_1042684:898034             39.9               6191000         155292.3
13:00:19.128 INFO  ProgressMeter - Pocillopora_acuta_HIv1___Scaffold_000109F___length_1040778:765911             40.0               6221000         155392.9
13:00:29.566 INFO  ProgressMeter - Pocillopora_acuta_HIv1___Scaffold_000114F___length_1038772:588795             40.2               6246000         155342.3
13:00:40.033 INFO  ProgressMeter - Pocillopora_acuta_HIv1___Scaffold_000173F___length_1028616:382893             40.4               6271000         155290.4
13:00:50.330 INFO  ProgressMeter - Pocillopora_acuta_HIv1___Scaffold_000174F___length_1022310:391379             40.6               6295000         155224.9
13:01:00.588 INFO  ProgressMeter - Pocillopora_acuta_HIv1___Scaffold_000177F___length_1015216:87550             40.7               6318000         155138.1
13:01:10.605 INFO  ProgressMeter - Pocillopora_acuta_HIv1___Scaffold_000177F___length_1015216:675722             40.9               6341000         155067.1
13:01:20.865 INFO  ProgressMeter - Pocillopora_acuta_HIv1___Scaffold_000135F___length_1011354:174583             41.1               6365000         155005.8
13:01:31.019 INFO  ProgressMeter - Pocillopora_acuta_HIv1___Scaffold_000176F___length_1009153:277200             41.2               6389000         154951.7
13:01:41.443 INFO  ProgressMeter - Pocillopora_acuta_HIv1___Scaffold_000180F___length_1003918:42148             41.4               6412000         154857.1
13:01:51.626 INFO  ProgressMeter - Pocillopora_acuta_HIv1___Scaffold_000180F___length_1003918:603247             41.6               6435000         154778.1
13:02:01.868 INFO  ProgressMeter - Pocillopora_acuta_HIv1___Scaffold_000196F___length_999679:460415             41.7               6458000         154696.2
13:02:12.241 INFO  ProgressMeter - Pocillopora_acuta_HIv1___Scaffold_000198F___length_996333:395301             41.9               6482000         154630.7
13:02:22.383 INFO  ProgressMeter - Pocillopora_acuta_HIv1___Scaffold_000198F___length_996333:986524             42.1               6505000         154556.1
13:02:32.446 INFO  ProgressMeter - Pocillopora_acuta_HIv1___Scaffold_000182F___length_994365:608780             42.3               6528000         154487.0
13:02:42.479 INFO  ProgressMeter - Pocillopora_acuta_HIv1___Scaffold_000125F___length_992046:587885             42.4               6553000         154467.4
13:02:52.826 INFO  ProgressMeter - Pocillopora_acuta_HIv1___Scaffold_000186F___length_987169:203067             42.6               6584000         154569.8
13:03:02.882 INFO  ProgressMeter - Pocillopora_acuta_HIv1___Scaffold_000185F___length_983508:76683             42.8               6607000         154501.8
13:03:12.970 INFO  ProgressMeter - Pocillopora_acuta_HIv1___Scaffold_000184F___length_974900:56096             42.9               6631000         154455.8
13:03:23.123 INFO  ProgressMeter - Pocillopora_acuta_HIv1___Scaffold_000184F___length_974900:804560             43.1               6654000         154383.0
13:03:33.356 INFO  ProgressMeter - Pocillopora_acuta_HIv1___Scaffold_000189F___length_971659:564444             43.3               6677000         154306.0
13:03:43.802 INFO  ProgressMeter - Pocillopora_acuta_HIv1___Scaffold_000191F___length_971184:353317             43.4               6700000         154217.1
13:03:54.281 INFO  ProgressMeter - Pocillopora_acuta_HIv1___Scaffold_000202F___length_967614:334638             43.6               6723000         154126.9
13:04:04.660 INFO  ProgressMeter - Pocillopora_acuta_HIv1___Scaffold_000194F___length_966782:402550             43.8               6746000         154043.4
13:04:14.997 INFO  ProgressMeter - Pocillopora_acuta_HIv1___Scaffold_000147F___length_962551:24782             44.0               6769000         153962.9
13:04:25.048 INFO  ProgressMeter - Pocillopora_acuta_HIv1___Scaffold_000147F___length_962551:616241             44.1               6792000         153899.5
13:04:35.288 INFO  ProgressMeter - Pocillopora_acuta_HIv1___Scaffold_000205F___length_953054:686840             44.3               6817000         153871.0
13:04:45.406 INFO  ProgressMeter - Pocillopora_acuta_HIv1___Scaffold_000201F___length_947803:711767             44.5               6851000         154052.0
13:04:55.543 INFO  ProgressMeter - Pocillopora_acuta_HIv1___Scaffold_000193F___length_936107:610700             44.6               6893000         154409.9
13:05:05.761 INFO  ProgressMeter - Pocillopora_acuta_HIv1___Scaffold_000207F___length_933288:832444             44.8               6932000         154693.4
13:05:15.914 INFO  ProgressMeter - Pocillopora_acuta_HIv1___Scaffold_000213F___length_929939:662785             45.0               6973000         155022.9
13:05:26.155 INFO  ProgressMeter - Pocillopora_acuta_HIv1___Scaffold_000219F___length_913793:305550             45.2               7016000         155389.2
13:05:36.334 INFO  ProgressMeter - Pocillopora_acuta_HIv1___Scaffold_000209F___length_911564:67178             45.3               7060000         155778.5
13:05:46.623 INFO  ProgressMeter - Pocillopora_acuta_HIv1___Scaffold_000218F___length_904853:819415             45.5               7099000         156048.5
13:05:56.765 INFO  ProgressMeter - Pocillopora_acuta_HIv1___Scaffold_000115F___length_901292:696411             45.7               7123000         155996.4
13:06:06.950 INFO  ProgressMeter - Pocillopora_acuta_HIv1___Scaffold_000217F___length_900267:331746             45.8               7145000         155898.7
13:06:17.303 INFO  ProgressMeter - Pocillopora_acuta_HIv1___Scaffold_000224F___length_891726:173058             46.0               7168000         155813.9
13:06:27.415 INFO  ProgressMeter - Pocillopora_acuta_HIv1___Scaffold_000221F___length_891373:195499             46.2               7191000         155743.3
13:06:37.696 INFO  ProgressMeter - Pocillopora_acuta_HIv1___Scaffold_000229F___length_880673:206376             46.3               7215000         155685.3
13:06:47.771 INFO  ProgressMeter - Pocillopora_acuta_HIv1___Scaffold_000214F___length_879870:495592             46.5               7247000         155811.3
13:06:57.810 INFO  ProgressMeter - Pocillopora_acuta_HIv1___Scaffold_000187F___length_871491:314618             46.7               7290000         156174.0
13:07:07.887 INFO  ProgressMeter - Pocillopora_acuta_HIv1___Scaffold_000231F___length_869956:225712             46.8               7324000         156339.8
13:07:17.991 INFO  ProgressMeter - Pocillopora_acuta_HIv1___Scaffold_000231F___length_869956:791857             47.0               7347000         156269.1
13:07:28.160 INFO  ProgressMeter - Pocillopora_acuta_HIv1___Scaffold_000232F___length_860252:176484             47.2               7386000         156534.3
13:07:38.255 INFO  ProgressMeter - Pocillopora_acuta_HIv1___Scaffold_000234F___length_860223:152845             47.4               7426000         156822.9
13:07:48.533 INFO  ProgressMeter - Pocillopora_acuta_HIv1___Scaffold_000235F___length_856315:796341             47.5               7468000         157141.3
13:07:58.692 INFO  ProgressMeter - Pocillopora_acuta_HIv1___Scaffold_000244F___length_837576:320971             47.7               7511000         157485.0
13:08:08.965 INFO  ProgressMeter - Pocillopora_acuta_HIv1___Scaffold_000245F___length_829616:591433             47.9               7549000         157715.6
13:08:19.148 INFO  ProgressMeter - Pocillopora_acuta_HIv1___Scaffold_000188F___length_828792:569866             48.0               7573000         157658.0
13:08:29.191 INFO  ProgressMeter - Pocillopora_acuta_HIv1___Scaffold_000228F___length_826142:428022             48.2               7595000         157566.9
13:08:39.287 INFO  ProgressMeter - Pocillopora_acuta_HIv1___Scaffold_000249F___length_822133:402442             48.4               7620000         157535.7
13:08:49.391 INFO  ProgressMeter - Pocillopora_acuta_HIv1___Scaffold_000251F___length_822062:271318             48.5               7645000         157504.2
13:08:59.565 INFO  ProgressMeter - Pocillopora_acuta_HIv1___Scaffold_000252F___length_821039:315703             48.7               7668000         157428.0
13:09:09.754 INFO  ProgressMeter - Pocillopora_acuta_HIv1___Scaffold_000250F___length_818951:553419             48.9               7691000         157351.7
13:09:19.763 INFO  ProgressMeter - Pocillopora_acuta_HIv1___Scaffold_000236F___length_817659:525009             49.0               7714000         157285.4
13:09:30.010 INFO  ProgressMeter - Pocillopora_acuta_HIv1___Scaffold_000265F___length_805591:53359             49.2               7746000         157389.8
13:09:40.300 INFO  ProgressMeter - Pocillopora_acuta_HIv1___Scaffold_000262F___length_797505:63841             49.4               7770000         157329.2
13:09:50.478 INFO  ProgressMeter - Pocillopora_acuta_HIv1___Scaffold_000262F___length_797505:654516             49.6               7793000         157254.8
13:10:00.630 INFO  ProgressMeter - Pocillopora_acuta_HIv1___Scaffold_000240F___length_794972:627914             49.7               7816000         157182.2
13:10:10.689 INFO  ProgressMeter - Pocillopora_acuta_HIv1___Scaffold_000270F___length_793474:693480             49.9               7839000         157115.1
13:10:20.741 INFO  ProgressMeter - Pocillopora_acuta_HIv1___Scaffold_000271F___length_790572:509187             50.1               7860000         157008.8
13:10:31.134 INFO  ProgressMeter - Pocillopora_acuta_HIv1___Scaffold_000204F___length_789551:287712             50.2               7883000         156925.2
13:10:41.163 INFO  ProgressMeter - Pocillopora_acuta_HIv1___Scaffold_000264F___length_787544:333396             50.4               7905000         156841.3
13:10:51.463 INFO  ProgressMeter - Pocillopora_acuta_HIv1___Scaffold_000172F___length_786143:257924             50.6               7928000         156763.7
13:11:01.832 INFO  ProgressMeter - Pocillopora_acuta_HIv1___Scaffold_000258F___length_780749:432414             50.7               7951000         156683.1
13:11:12.154 INFO  ProgressMeter - Pocillopora_acuta_HIv1___Scaffold_000281F___length_773894:9370             50.9               7975000         156625.0
13:11:22.549 INFO  ProgressMeter - Pocillopora_acuta_HIv1___Scaffold_000276F___length_773565:124309             51.1               7999000         156563.7
13:11:32.969 INFO  ProgressMeter - Pocillopora_acuta_HIv1___Scaffold_000286F___length_769775:143462             51.3               8023000         156501.5
13:11:43.268 INFO  ProgressMeter - Pocillopora_acuta_HIv1___Scaffold_000286F___length_769775:727053             51.4               8045000         156406.9
13:11:53.401 INFO  ProgressMeter - Pocillopora_acuta_HIv1___Scaffold_000284F___length_766469:402242             51.6               8074000         156457.0
13:12:03.512 INFO  ProgressMeter - Pocillopora_acuta_HIv1___Scaffold_000292F___length_759423:648738             51.8               8097000         156392.0
13:12:13.639 INFO  ProgressMeter - Pocillopora_acuta_HIv1___Scaffold_000294F___length_756792:110559             51.9               8120000         156326.6
13:12:23.657 INFO  ProgressMeter - Pocillopora_acuta_HIv1___Scaffold_000303F___length_752589:323089             52.1               8142000         156247.9
13:12:33.676 INFO  ProgressMeter - Pocillopora_acuta_HIv1___Scaffold_000298F___length_750316:574772             52.3               8165000         156188.8
13:12:43.908 INFO  ProgressMeter - Pocillopora_acuta_HIv1___Scaffold_000282F___length_746185:322968             52.4               8190000         156157.6
13:12:54.009 INFO  ProgressMeter - Pocillopora_acuta_HIv1___Scaffold_000330F___length_740469:222192             52.6               8229000         156399.2
13:13:04.292 INFO  ProgressMeter - Pocillopora_acuta_HIv1___Scaffold_000317F___length_736389:378312             52.8               8258000         156440.8
13:13:14.672 INFO  ProgressMeter - Pocillopora_acuta_HIv1___Scaffold_000319F___length_735148:514403             53.0               8282000         156382.9
13:13:24.692 INFO  ProgressMeter - Pocillopora_acuta_HIv1___Scaffold_000197F___length_734615:478799             53.1               8307000         156361.9
13:13:34.886 INFO  ProgressMeter - Pocillopora_acuta_HIv1___Scaffold_000301F___length_732247:594412             53.3               8338000         156445.2
13:13:45.099 INFO  ProgressMeter - Pocillopora_acuta_HIv1___Scaffold_000278F___length_724878:486190             53.5               8359000         156339.8
13:13:55.151 INFO  ProgressMeter - Pocillopora_acuta_HIv1___Scaffold_000309F___length_719688:338368             53.6               8379000         156224.4
13:14:05.173 INFO  ProgressMeter - Pocillopora_acuta_HIv1___Scaffold_000307F___length_718663:446930             53.8               8402000         156166.8
13:14:15.319 INFO  ProgressMeter - Pocillopora_acuta_HIv1___Scaffold_000295F___length_715647:565952             54.0               8446000         156492.8
13:14:25.587 INFO  ProgressMeter - Pocillopora_acuta_HIv1___Scaffold_000318F___length_708132:523937             54.1               8487000         156755.5
13:14:35.946 INFO  ProgressMeter - Pocillopora_acuta_HIv1___Scaffold_000324F___length_701769:300277             54.3               8521000         156883.1
13:14:46.051 INFO  ProgressMeter - Pocillopora_acuta_HIv1___Scaffold_000268F___length_698101:185655             54.5               8545000         156838.7
13:14:56.137 INFO  ProgressMeter - Pocillopora_acuta_HIv1___Scaffold_000334F___length_694416:483679             54.7               8568000         156777.1
13:15:06.438 INFO  ProgressMeter - Pocillopora_acuta_HIv1___Scaffold_000361F___length_694081:588046             54.8               8590000         156687.4
13:15:16.631 INFO  ProgressMeter - Pocillopora_acuta_HIv1___Scaffold_000335F___length_691215:109806             55.0               8613000         156621.6
13:15:26.977 INFO  ProgressMeter - Pocillopora_acuta_HIv1___Scaffold_000338F___length_689169:519601             55.2               8646000         156730.3
13:15:36.981 INFO  ProgressMeter - Pocillopora_acuta_HIv1___Scaffold_000341F___length_683390:670101             55.3               8673000         156746.0
13:15:47.268 INFO  ProgressMeter - Pocillopora_acuta_HIv1___Scaffold_000289F___length_675618:461234             55.5               8696000         156676.2
13:15:57.316 INFO  ProgressMeter - Pocillopora_acuta_HIv1___Scaffold_000353F___length_655480:109987             55.7               8719000         156618.0
13:16:07.475 INFO  ProgressMeter - Pocillopora_acuta_HIv1___Scaffold_000368F___length_655425:263895             55.8               8742000         156555.0
13:16:17.499 INFO  ProgressMeter - Pocillopora_acuta_HIv1___Scaffold_000363F___length_654683:106084             56.0               8767000         156534.4
13:16:27.895 INFO  ProgressMeter - Pocillopora_acuta_HIv1___Scaffold_000299F___length_646547:302835             56.2               8790000         156461.0
13:16:37.902 INFO  ProgressMeter - Pocillopora_acuta_HIv1___Scaffold_000374F___length_644902:354965             56.3               8831000         156725.5
13:16:48.117 INFO  ProgressMeter - Pocillopora_acuta_HIv1___Scaffold_000382F___length_636361:480227             56.5               8871000         156961.2
13:16:58.370 INFO  ProgressMeter - Pocillopora_acuta_HIv1___Scaffold_000350F___length_633154:129922             56.7               8895000         156911.4
13:17:08.697 INFO  ProgressMeter - Pocillopora_acuta_HIv1___Scaffold_000237F___length_632957:283873             56.9               8919000         156858.5
13:17:18.839 INFO  ProgressMeter - Pocillopora_acuta_HIv1___Scaffold_000397F___length_630550:405715             57.0               8940000         156761.8
13:17:29.269 INFO  ProgressMeter - Pocillopora_acuta_HIv1___Scaffold_000385F___length_628782:490065             57.2               8961000         156652.5
13:17:39.687 INFO  ProgressMeter - Pocillopora_acuta_HIv1___Scaffold_000383F___length_625101:584891             57.4               8982000         156544.5
13:17:49.738 INFO  ProgressMeter - Pocillopora_acuta_HIv1___Scaffold_000387F___length_624377:464926             57.5               9005000         156488.4
13:17:59.848 INFO  ProgressMeter - Pocillopora_acuta_HIv1___Scaffold_000316F___length_620274:351418             57.7               9040000         156638.0
13:18:09.853 INFO  ProgressMeter - Pocillopora_acuta_HIv1___Scaffold_000402F___length_614232:266034             57.9               9083000         156929.7
13:18:19.984 INFO  ProgressMeter - Pocillopora_acuta_HIv1___Scaffold_000409F___length_609830:495674             58.0               9125000         157196.7
13:18:30.148 INFO  ProgressMeter - Pocillopora_acuta_HIv1___Scaffold_000426F___length_604885:158655             58.2               9165000         157426.4
13:18:40.198 INFO  ProgressMeter - Pocillopora_acuta_HIv1___Scaffold_000423F___length_595246:441787             58.4               9208000         157711.2
13:18:50.368 INFO  ProgressMeter - Pocillopora_acuta_HIv1___Scaffold_000430F___length_586641:177517             58.6               9249000         157954.9
13:19:00.439 INFO  ProgressMeter - Pocillopora_acuta_HIv1___Scaffold_000418F___length_586541:193814             58.7               9274000         157929.2
13:19:10.600 INFO  ProgressMeter - Pocillopora_acuta_HIv1___Scaffold_000435F___length_583999:553059             58.9               9298000         157882.5
13:19:20.752 INFO  ProgressMeter - Pocillopora_acuta_HIv1___Scaffold_000437F___length_579674:153227             59.1               9334000         158039.8
13:19:31.117 INFO  ProgressMeter - Pocillopora_acuta_HIv1___Scaffold_000439F___length_572923:296400             59.2               9362000         158051.6
13:19:41.457 INFO  ProgressMeter - Pocillopora_acuta_HIv1___Scaffold_000425F___length_564939:312093             59.4               9383000         157946.6
13:19:51.685 INFO  ProgressMeter - Pocillopora_acuta_HIv1___Scaffold_000443F___length_560809:313020             59.6               9417000         158065.3
13:20:01.876 INFO  ProgressMeter - Pocillopora_acuta_HIv1___Scaffold_000457F___length_554586:32975             59.7               9449000         158151.6
13:20:12.174 INFO  ProgressMeter - Pocillopora_acuta_HIv1___Scaffold_000461F___length_554307:493494             59.9               9475000         158132.5
13:20:22.196 INFO  ProgressMeter - Pocillopora_acuta_HIv1___Scaffold_000464F___length_551231:450020             60.1               9497000         158059.0
13:20:32.363 INFO  ProgressMeter - Pocillopora_acuta_HIv1___Scaffold_000466F___length_548801:238487             60.3               9518000         157963.0
13:20:42.509 INFO  ProgressMeter - Pocillopora_acuta_HIv1___Scaffold_000344F___length_546527:325093             60.4               9544000         157951.3
13:20:52.712 INFO  ProgressMeter - Pocillopora_acuta_HIv1___Scaffold_000471F___length_545138:467838             60.6               9568000         157904.1
13:21:02.843 INFO  ProgressMeter - Pocillopora_acuta_HIv1___Scaffold_000480F___length_537115:359742             60.8               9596000         157926.1
13:21:12.867 INFO  ProgressMeter - Pocillopora_acuta_HIv1___Scaffold_000487F___length_529700:484417             60.9               9618000         157854.1
13:21:23.071 INFO  ProgressMeter - Pocillopora_acuta_HIv1___Scaffold_000498F___length_526751:213007             61.1               9644000         157840.3
13:21:33.114 INFO  ProgressMeter - Pocillopora_acuta_HIv1___Scaffold_000498F___length_526751:519374             61.3               9664000         157735.5
13:21:43.259 INFO  ProgressMeter - Pocillopora_acuta_HIv1___Scaffold_000525F___length_520077:119099             61.4               9686000         157659.5
13:21:53.619 INFO  ProgressMeter - Pocillopora_acuta_HIv1___Scaffold_000512F___length_509892:234332             61.6               9707000         157558.5
13:22:03.704 INFO  ProgressMeter - Pocillopora_acuta_HIv1___Scaffold_000452F___length_506935:340443             61.8               9728000         157469.7
13:22:13.833 INFO  ProgressMeter - Pocillopora_acuta_HIv1___Scaffold_000519F___length_505022:55273             61.9               9755000         157476.5
13:22:24.266 INFO  ProgressMeter - Pocillopora_acuta_HIv1___Scaffold_000526F___length_496838:466781             62.1               9780000         157438.1
13:22:34.282 INFO  ProgressMeter - Pocillopora_acuta_HIv1___Scaffold_000509F___length_495048:400045             62.3               9800000         157337.3
13:22:44.664 INFO  ProgressMeter - Pocillopora_acuta_HIv1___Scaffold_000532F___length_491793:229442             62.5               9820000         157221.6
13:22:54.897 INFO  ProgressMeter - Pocillopora_acuta_HIv1___Scaffold_000539F___length_488333:223270             62.6               9848000         157240.5
13:23:05.090 INFO  ProgressMeter - Pocillopora_acuta_HIv1___Scaffold_000555F___length_487501:417673             62.8               9872000         157197.3
13:23:15.110 INFO  ProgressMeter - Pocillopora_acuta_HIv1___Scaffold_000567F___length_468752:13505             63.0               9912000         157415.7
13:23:25.512 INFO  ProgressMeter - Pocillopora_acuta_HIv1___Scaffold_000562F___length_467106:363499             63.1               9946000         157521.9
13:23:35.944 INFO  ProgressMeter - Pocillopora_acuta_HIv1___Scaffold_000572F___length_464161:286835             63.3               9969000         157452.6
13:23:46.090 INFO  ProgressMeter - Pocillopora_acuta_HIv1___Scaffold_000585F___length_460165:429273             63.5               9991000         157379.8
13:23:56.367 INFO  ProgressMeter - Pocillopora_acuta_HIv1___Scaffold_000579F___length_454905:438443             63.7              10015000         157333.3
13:24:06.400 INFO  ProgressMeter - Pocillopora_acuta_HIv1___Scaffold_000577F___length_454285:320115             63.8              10039000         157297.1
13:24:16.438 INFO  ProgressMeter - Pocillopora_acuta_HIv1___Scaffold_000573F___length_450837:341768             64.0              10062000         157245.3
13:24:26.909 INFO  ProgressMeter - Pocillopora_acuta_HIv1___Scaffold_000144F___length_442379:66115             64.2              10086000         157191.7
13:24:37.281 INFO  ProgressMeter - Pocillopora_acuta_HIv1___Scaffold_000606F___length_422642:99202             64.3              10114000         157204.5
13:24:47.656 INFO  ProgressMeter - Pocillopora_acuta_HIv1___Scaffold_000613F___length_419504:358993             64.5              10136000         157124.2
13:24:57.678 INFO  ProgressMeter - Pocillopora_acuta_HIv1___Scaffold_000626F___length_408727:133558             64.7              10159000         157074.0
13:25:07.890 INFO  ProgressMeter - Pocillopora_acuta_HIv1___Scaffold_000596F___length_406726:335222             64.8              10182000         157016.4
13:25:17.927 INFO  ProgressMeter - Pocillopora_acuta_HIv1___Scaffold_000653F___length_386365:36867             65.0              10206000         156981.6
13:25:28.109 INFO  ProgressMeter - Pocillopora_acuta_HIv1___Scaffold_000654F___length_381676:232576             65.2              10229000         156925.8
13:25:38.346 INFO  ProgressMeter - Pocillopora_acuta_HIv1___Scaffold_000676F___length_372902:78733             65.4              10262000         157021.0
13:25:48.381 INFO  ProgressMeter - Pocillopora_acuta_HIv1___Scaffold_000674F___length_367736:12026             65.5              10305000         157276.5
13:25:58.700 INFO  ProgressMeter - Pocillopora_acuta_HIv1___Scaffold_000704F___length_358106:119193             65.7              10347000         157504.0
13:26:08.839 INFO  ProgressMeter - Pocillopora_acuta_HIv1___Scaffold_000650F___length_352141:183499             65.9              10370000         157449.2
13:26:19.065 INFO  ProgressMeter - Pocillopora_acuta_HIv1___Scaffold_000640F___length_350060:202814             66.0              10394000         157406.2
13:26:29.488 INFO  ProgressMeter - Pocillopora_acuta_HIv1___Scaffold_000731F___length_344897:336367             66.2              10417000         157340.6
13:26:39.681 INFO  ProgressMeter - Pocillopora_acuta_HIv1___Scaffold_000727F___length_342510:34566             66.4              10450000         157435.1
13:26:49.766 INFO  ProgressMeter - Pocillopora_acuta_HIv1___Scaffold_000744F___length_339335:99532             66.5              10481000         157503.3
13:26:59.912 INFO  ProgressMeter - Pocillopora_acuta_HIv1___Scaffold_000722F___length_335296:101399             66.7              10503000         157433.8
13:27:10.165 INFO  ProgressMeter - Pocillopora_acuta_HIv1___Scaffold_000765F___length_334088:290202             66.9              10527000         157390.4
13:27:20.453 INFO  ProgressMeter - Pocillopora_acuta_HIv1___Scaffold_000756F___length_332923:293637             67.1              10552000         157360.8
13:27:30.636 INFO  ProgressMeter - Pocillopora_acuta_HIv1___Scaffold_000804F___length_323196:319946             67.2              10584000         157439.5
13:27:40.640 INFO  ProgressMeter - Pocillopora_acuta_HIv1___Scaffold_000796F___length_318661:288557             67.4              10605000         157361.6
13:27:50.803 INFO  ProgressMeter - Pocillopora_acuta_HIv1___Scaffold_000798F___length_316366:43936             67.6              10633000         157381.6
13:28:00.949 INFO  ProgressMeter - Pocillopora_acuta_HIv1___Scaffold_000825F___length_308582:60743             67.7              10663000         157431.5
13:28:11.125 INFO  ProgressMeter - Pocillopora_acuta_HIv1___Scaffold_000848F___length_302970:104342             67.9              10691000         157450.7
13:28:21.380 INFO  ProgressMeter - Pocillopora_acuta_HIv1___Scaffold_000875F___length_296038:85830             68.1              10713000         157378.5
13:28:31.561 INFO  ProgressMeter - Pocillopora_acuta_HIv1___Scaffold_000896F___length_285561:30414             68.2              10748000         157500.1
13:28:41.597 INFO  ProgressMeter - Pocillopora_acuta_HIv1___Scaffold_000901F___length_279552:114273             68.4              10787000         157685.1
13:28:51.776 INFO  ProgressMeter - Pocillopora_acuta_HIv1___Scaffold_000283F___length_272118:173375             68.6              10831000         157936.6
13:29:01.836 INFO  ProgressMeter - Pocillopora_acuta_HIv1___Scaffold_000955F___length_264697:81069             68.7              10874000         158176.9
13:29:12.057 INFO  ProgressMeter - Pocillopora_acuta_HIv1___Scaffold_000985F___length_236976:87074             68.9              10918000         158424.4
13:29:22.273 INFO  ProgressMeter - Pocillopora_acuta_HIv1___Scaffold_001059F___length_221574:54339             69.1              10962000         158670.8
13:29:32.513 INFO  ProgressMeter - Pocillopora_acuta_HIv1___Scaffold_001094F___length_208194:48044             69.3              11005000         158900.7
13:29:42.564 INFO  ProgressMeter - Pocillopora_acuta_HIv1___Scaffold_001140F___length_197745:49179             69.4              11047000         159122.3
13:29:52.802 INFO  ProgressMeter - Pocillopora_acuta_HIv1___Scaffold_000883F___length_192182:122181             69.6              11085000         159278.1
13:30:03.155 INFO  ProgressMeter - Pocillopora_acuta_HIv1___Scaffold_001180F___length_184090:37591             69.8              11110000         159242.5
13:30:13.508 INFO  ProgressMeter - Pocillopora_acuta_HIv1___Scaffold_001204F___length_179093:75720             69.9              11133000         159178.5
13:30:23.675 INFO  ProgressMeter - Pocillopora_acuta_HIv1___Scaffold_001278F___length_162269:15847             70.1              11173000         159364.3
13:30:33.778 INFO  ProgressMeter - Pocillopora_acuta_HIv1___Scaffold_001363F___length_140151:88598             70.3              11215000         159580.1
13:30:43.849 INFO  ProgressMeter - Pocillopora_acuta_HIv1___Scaffold_001512F___length_108034:36957             70.4              11259000         159824.5
13:30:53.973 INFO  ProgressMeter - Pocillopora_acuta_HIv1___Scaffold_001645F___length_73915:4067             70.6              11303000         160065.7
13:30:59.492 INFO  ProgressMeter - Pocillopora_acuta_HIv1___Scaffold_001878F___length_25435:20862             70.7              11326453         160189.1
13:30:59.492 INFO  ProgressMeter - Traversal complete. Processed 11326453 total variants in 70.7 minutes.
13:30:59.561 INFO  VariantFiltration - Shutting down engine
[August 4, 2021 at 1:30:59 PM EDT] org.broadinstitute.hellbender.tools.walkers.filters.VariantFiltration done. Elapsed time: 70.72 minutes.
Runtime.totalMemory()=9227468800
