Using GATK jar /home/timothy/programs/gatk-4.2.0.0/gatk-package-4.2.0.0-local.jar
Running:
    java -Dsamjdk.use_async_io_read_samtools=false -Dsamjdk.use_async_io_write_samtools=true -Dsamjdk.use_async_io_write_tribble=false -Dsamjdk.compression_level=2 -jar /home/timothy/programs/gatk-4.2.0.0/gatk-package-4.2.0.0-local.jar VariantsToTable --reference Pocillopora_acuta_HIv1.assembly.purged.fasta --variant GVCFall_withREF_SNPs_DPfilterNoCall.vcf --output GVCFall_withREF_SNPs_DPfilterNoCall.AD_GQ.table -F CHROM -F POS -GF GT -GF AD -GF DP -GF GQ
14:49:30.356 INFO  NativeLibraryLoader - Loading libgkl_compression.so from jar:file:/home/timothy/programs/gatk-4.2.0.0/gatk-package-4.2.0.0-local.jar!/com/intel/gkl/native/libgkl_compression.so
Aug 04, 2021 2:49:30 PM shaded.cloud_nio.com.google.auth.oauth2.ComputeEngineCredentials runningOnComputeEngine
INFO: Failed to detect whether we are running on Google Compute Engine.
14:49:30.556 INFO  VariantsToTable - ------------------------------------------------------------
14:49:30.556 INFO  VariantsToTable - The Genome Analysis Toolkit (GATK) v4.2.0.0
14:49:30.556 INFO  VariantsToTable - For support and documentation go to https://software.broadinstitute.org/gatk/
14:49:30.556 INFO  VariantsToTable - Executing as timothy@coral on Linux v5.4.0-80-generic amd64
14:49:30.556 INFO  VariantsToTable - Java runtime: OpenJDK 64-Bit Server VM v11.0.11+9-Ubuntu-0ubuntu2.20.04
14:49:30.557 INFO  VariantsToTable - Start Date/Time: August 4, 2021 at 2:49:30 PM EDT
14:49:30.557 INFO  VariantsToTable - ------------------------------------------------------------
14:49:30.557 INFO  VariantsToTable - ------------------------------------------------------------
14:49:30.557 INFO  VariantsToTable - HTSJDK Version: 2.24.0
14:49:30.558 INFO  VariantsToTable - Picard Version: 2.25.0
14:49:30.558 INFO  VariantsToTable - Built for Spark Version: 2.4.5
14:49:30.558 INFO  VariantsToTable - HTSJDK Defaults.COMPRESSION_LEVEL : 2
14:49:30.558 INFO  VariantsToTable - HTSJDK Defaults.USE_ASYNC_IO_READ_FOR_SAMTOOLS : false
14:49:30.558 INFO  VariantsToTable - HTSJDK Defaults.USE_ASYNC_IO_WRITE_FOR_SAMTOOLS : true
14:49:30.558 INFO  VariantsToTable - HTSJDK Defaults.USE_ASYNC_IO_WRITE_FOR_TRIBBLE : false
14:49:30.558 INFO  VariantsToTable - Deflater: IntelDeflater
14:49:30.558 INFO  VariantsToTable - Inflater: IntelInflater
14:49:30.558 INFO  VariantsToTable - GCS max retries/reopens: 20
14:49:30.558 INFO  VariantsToTable - Requester pays: disabled
14:49:30.558 INFO  VariantsToTable - Initializing engine
14:49:30.783 INFO  FeatureManager - Using codec VCFCodec to read file file:///scratch/timothy/projects/0022_Coral_Genotype_Analysis/03_Analysis/2021-06-21/Pocillopora_acuta_PacBio_Assembly/Genome_short_variant_analysis/filtering/GVCFall_withREF_SNPs.AD_Analysis/GVCFall_withREF_SNPs_DPfilterNoCall.vcf
14:49:30.957 INFO  VariantsToTable - Done initializing engine
14:49:30.964 WARN  VariantsToTable - Allele-specific fields will only be split if splitting multi-allelic variants is specified (`--split-multi-allelic` or `-SMA`
14:49:30.967 INFO  ProgressMeter - Starting traversal
14:49:30.967 INFO  ProgressMeter -        Current Locus  Elapsed Minutes    Variants Processed  Variants/Minute
14:49:41.068 INFO  ProgressMeter - Pocillopora_acuta_HIv1___Scaffold_000000F___length_7015273:815109              0.2                 23000         136660.7
14:49:51.336 INFO  ProgressMeter - Pocillopora_acuta_HIv1___Scaffold_000000F___length_7015273:1861528              0.3                 51000         150250.4
14:50:01.545 INFO  ProgressMeter - Pocillopora_acuta_HIv1___Scaffold_000000F___length_7015273:2532830              0.5                 70000         137362.6
14:50:11.929 INFO  ProgressMeter - Pocillopora_acuta_HIv1___Scaffold_000000F___length_7015273:3391615              0.7                 90000         131832.7
14:50:22.117 INFO  ProgressMeter - Pocillopora_acuta_HIv1___Scaffold_000000F___length_7015273:4205422              0.9                110000         129034.8
14:50:32.183 INFO  ProgressMeter - Pocillopora_acuta_HIv1___Scaffold_000000F___length_7015273:5223765              1.0                132000         129380.1
14:50:42.280 INFO  ProgressMeter - Pocillopora_acuta_HIv1___Scaffold_000000F___length_7015273:6516984              1.2                165000         138826.6
14:50:52.373 INFO  ProgressMeter - Pocillopora_acuta_HIv1___Scaffold_000001F___length_3838978:832485              1.4                201000         148148.1
14:51:02.591 INFO  ProgressMeter - Pocillopora_acuta_HIv1___Scaffold_000001F___length_3838978:1939660              1.5                236000         154548.0
14:51:12.664 INFO  ProgressMeter - Pocillopora_acuta_HIv1___Scaffold_000001F___length_3838978:3117987              1.7                273000         161069.9
14:51:22.713 INFO  ProgressMeter - Pocillopora_acuta_HIv1___Scaffold_000003F___length_3310154:640438              1.9                308000         165378.0
14:51:32.759 INFO  ProgressMeter - Pocillopora_acuta_HIv1___Scaffold_000003F___length_3310154:1991783              2.0                342000         168485.4
14:51:42.927 INFO  ProgressMeter - Pocillopora_acuta_HIv1___Scaffold_000002F___length_3285914:208190              2.2                379000         172326.3
14:51:53.073 INFO  ProgressMeter - Pocillopora_acuta_HIv1___Scaffold_000002F___length_3285914:2305864              2.4                419000         176912.7
14:52:03.248 INFO  ProgressMeter - Pocillopora_acuta_HIv1___Scaffold_000007F___length_3038207:367519              2.5                458000         180457.1
14:52:13.312 INFO  ProgressMeter - Pocillopora_acuta_HIv1___Scaffold_000007F___length_3038207:1783838              2.7                495000         182946.0
14:52:23.511 INFO  ProgressMeter - Pocillopora_acuta_HIv1___Scaffold_000006F___length_3012071:244050              2.9                531000         184649.6
14:52:33.721 INFO  ProgressMeter - Pocillopora_acuta_HIv1___Scaffold_000006F___length_3012071:1416098              3.0                566000         185824.6
14:52:43.903 INFO  ProgressMeter - Pocillopora_acuta_HIv1___Scaffold_000006F___length_3012071:2839648              3.2                604000         187835.3
14:52:54.056 INFO  ProgressMeter - Pocillopora_acuta_HIv1___Scaffold_000004F___length_2973859:936944              3.4                643000         189966.9
14:53:04.402 INFO  ProgressMeter - Pocillopora_acuta_HIv1___Scaffold_000004F___length_2973859:1661813              3.6                671000         188629.7
14:53:14.527 INFO  ProgressMeter - Pocillopora_acuta_HIv1___Scaffold_000004F___length_2973859:2387410              3.7                693000         185991.2
14:53:24.726 INFO  ProgressMeter - Pocillopora_acuta_HIv1___Scaffold_000005F___length_2913003:46792              3.9                714000         183266.5
14:53:34.845 INFO  ProgressMeter - Pocillopora_acuta_HIv1___Scaffold_000005F___length_2913003:774758              4.1                736000         181074.9
14:53:44.878 INFO  ProgressMeter - Pocillopora_acuta_HIv1___Scaffold_000005F___length_2913003:2129536              4.2                770000         181954.2
14:53:54.893 INFO  ProgressMeter - Pocillopora_acuta_HIv1___Scaffold_000008F___length_2769899:462069              4.4                808000         183688.5
14:54:04.944 INFO  ProgressMeter - Pocillopora_acuta_HIv1___Scaffold_000008F___length_2769899:1272721              4.6                846000         185271.7
14:54:14.978 INFO  ProgressMeter - Pocillopora_acuta_HIv1___Scaffold_000008F___length_2769899:1942181              4.7                883000         186542.7
14:54:25.169 INFO  ProgressMeter - Pocillopora_acuta_HIv1___Scaffold_000008F___length_2769899:2433409              4.9                911000         185791.3
14:54:35.212 INFO  ProgressMeter - Pocillopora_acuta_HIv1___Scaffold_000009F___length_2672951:699855              5.1                948000         186955.2
14:54:45.418 INFO  ProgressMeter - Pocillopora_acuta_HIv1___Scaffold_000009F___length_2672951:1741877              5.2                984000         187756.4
14:54:55.513 INFO  ProgressMeter - Pocillopora_acuta_HIv1___Scaffold_000010F___length_2656316:809950              5.4               1024000         189311.2
14:55:05.622 INFO  ProgressMeter - Pocillopora_acuta_HIv1___Scaffold_000010F___length_2656316:1942687              5.6               1062000         190405.6
14:55:15.727 INFO  ProgressMeter - Pocillopora_acuta_HIv1___Scaffold_000011F___length_2586769:226503              5.7               1090000         189698.3
14:55:25.989 INFO  ProgressMeter - Pocillopora_acuta_HIv1___Scaffold_000011F___length_2586769:1038282              5.9               1112000         187933.1
14:55:36.415 INFO  ProgressMeter - Pocillopora_acuta_HIv1___Scaffold_000011F___length_2586769:1973444              6.1               1135000         186347.1
14:55:46.418 INFO  ProgressMeter - Pocillopora_acuta_HIv1___Scaffold_000012F___length_2520783:404986              6.3               1157000         184898.1
14:55:56.680 INFO  ProgressMeter - Pocillopora_acuta_HIv1___Scaffold_000012F___length_2520783:1225308              6.4               1188000         184801.1
14:56:06.707 INFO  ProgressMeter - Pocillopora_acuta_HIv1___Scaffold_000014F___length_2520379:41176              6.6               1225000         185728.5
14:56:16.778 INFO  ProgressMeter - Pocillopora_acuta_HIv1___Scaffold_000014F___length_2520379:1493683              6.8               1263000         186737.6
14:56:26.787 INFO  ProgressMeter - Pocillopora_acuta_HIv1___Scaffold_000020F___length_2467453:913492              6.9               1301000         187725.9
14:56:37.236 INFO  ProgressMeter - Pocillopora_acuta_HIv1___Scaffold_000020F___length_2467453:1729643              7.1               1325000         186502.8
14:56:47.462 INFO  ProgressMeter - Pocillopora_acuta_HIv1___Scaffold_000019F___length_2418994:308471              7.3               1347000         185157.2
14:56:57.514 INFO  ProgressMeter - Pocillopora_acuta_HIv1___Scaffold_000019F___length_2418994:1676072              7.4               1380000         185423.6
14:57:07.706 INFO  ProgressMeter - Pocillopora_acuta_HIv1___Scaffold_000021F___length_2349876:607391              7.6               1412000         185489.3
14:57:18.083 INFO  ProgressMeter - Pocillopora_acuta_HIv1___Scaffold_000021F___length_2349876:2297370              7.8               1444000         185479.0
14:57:28.141 INFO  ProgressMeter - Pocillopora_acuta_HIv1___Scaffold_000017F___length_2344199:678202              8.0               1465000         184210.3
14:57:38.183 INFO  ProgressMeter - Pocillopora_acuta_HIv1___Scaffold_000017F___length_2344199:1413730              8.1               1486000         182999.3
14:57:48.286 INFO  ProgressMeter - Pocillopora_acuta_HIv1___Scaffold_000017F___length_2344199:2331863              8.3               1517000         183021.7
14:57:58.561 INFO  ProgressMeter - Pocillopora_acuta_HIv1___Scaffold_000026F___length_2243953:1218605              8.5               1555000         183808.7
14:58:08.948 INFO  ProgressMeter - Pocillopora_acuta_HIv1___Scaffold_000026F___length_2243953:2139296              8.6               1584000         183482.3
14:58:18.950 INFO  ProgressMeter - Pocillopora_acuta_HIv1___Scaffold_000022F___length_2234617:366496              8.8               1605000         182392.6
14:58:29.245 INFO  ProgressMeter - Pocillopora_acuta_HIv1___Scaffold_000022F___length_2234617:1009153              9.0               1626000         181245.3
14:58:39.346 INFO  ProgressMeter - Pocillopora_acuta_HIv1___Scaffold_000022F___length_2234617:1739619              9.1               1655000         181079.5
14:58:49.430 INFO  ProgressMeter - Pocillopora_acuta_HIv1___Scaffold_000016F___length_2230716:731329              9.3               1691000         181677.9
14:58:59.594 INFO  ProgressMeter - Pocillopora_acuta_HIv1___Scaffold_000016F___length_2230716:1621368              9.5               1727000         182229.1
14:59:09.837 INFO  ProgressMeter - Pocillopora_acuta_HIv1___Scaffold_000024F___length_2194858:137374              9.6               1753000         181699.1
14:59:20.257 INFO  ProgressMeter - Pocillopora_acuta_HIv1___Scaffold_000024F___length_2194858:1054814              9.8               1776000         180828.1
14:59:30.343 INFO  ProgressMeter - Pocillopora_acuta_HIv1___Scaffold_000024F___length_2194858:1863614             10.0               1798000         179987.8
14:59:40.409 INFO  ProgressMeter - Pocillopora_acuta_HIv1___Scaffold_000028F___length_2192771:467154             10.2               1827000         179869.7
14:59:50.490 INFO  ProgressMeter - Pocillopora_acuta_HIv1___Scaffold_000028F___length_2192771:1414673             10.3               1864000         180526.3
15:00:00.617 INFO  ProgressMeter - Pocillopora_acuta_HIv1___Scaffold_000031F___length_2151340:702403             10.5               1902000         181243.8
15:00:10.661 INFO  ProgressMeter - Pocillopora_acuta_HIv1___Scaffold_000029F___length_2136925:304968             10.7               1940000         181962.3
15:00:20.704 INFO  ProgressMeter - Pocillopora_acuta_HIv1___Scaffold_000029F___length_2136925:967148             10.8               1962000         181181.3
15:00:31.115 INFO  ProgressMeter - Pocillopora_acuta_HIv1___Scaffold_000029F___length_2136925:1691913             11.0               1983000         180232.9
15:00:41.370 INFO  ProgressMeter - Pocillopora_acuta_HIv1___Scaffold_000013F___length_2048302:750090             11.2               2020000         180787.1
15:00:51.512 INFO  ProgressMeter - Pocillopora_acuta_HIv1___Scaffold_000013F___length_2048302:1763717             11.3               2058000         181443.1
15:01:01.538 INFO  ProgressMeter - Pocillopora_acuta_HIv1___Scaffold_000025F___length_2017222:789131             11.5               2096000         182110.7
15:01:11.706 INFO  ProgressMeter - Pocillopora_acuta_HIv1___Scaffold_000025F___length_2017222:2002638             11.7               2136000         182893.2
15:01:21.953 INFO  ProgressMeter - Pocillopora_acuta_HIv1___Scaffold_000030F___length_1997862:1935920             11.8               2175000         183548.2
15:01:32.135 INFO  ProgressMeter - Pocillopora_acuta_HIv1___Scaffold_000027F___length_1993346:917446             12.0               2216000         184367.8
15:01:42.271 INFO  ProgressMeter - Pocillopora_acuta_HIv1___Scaffold_000033F___length_1976463:149972             12.2               2253000         184848.4
15:01:52.516 INFO  ProgressMeter - Pocillopora_acuta_HIv1___Scaffold_000033F___length_1976463:1096512             12.4               2289000         185207.2
15:02:02.582 INFO  ProgressMeter - Pocillopora_acuta_HIv1___Scaffold_000034F___length_1965713:819851             12.5               2327000         185760.2
15:02:12.621 INFO  ProgressMeter - Pocillopora_acuta_HIv1___Scaffold_000034F___length_1965713:1838319             12.7               2351000         185202.7
15:02:22.705 INFO  ProgressMeter - Pocillopora_acuta_HIv1___Scaffold_000036F___length_1887486:870877             12.9               2379000         184959.6
15:02:32.903 INFO  ProgressMeter - Pocillopora_acuta_HIv1___Scaffold_000035F___length_1881926:341490             13.0               2417000         185463.2
15:02:43.108 INFO  ProgressMeter - Pocillopora_acuta_HIv1___Scaffold_000035F___length_1881926:1331377             13.2               2455000         185952.2
15:02:53.288 INFO  ProgressMeter - Pocillopora_acuta_HIv1___Scaffold_000046F___length_1870459:1165422             13.4               2492000         186359.6
15:03:03.319 INFO  ProgressMeter - Pocillopora_acuta_HIv1___Scaffold_000040F___length_1870022:513053             13.5               2529000         186791.4
15:03:13.490 INFO  ProgressMeter - Pocillopora_acuta_HIv1___Scaffold_000040F___length_1870022:1087053             13.7               2551000         186086.2
15:03:23.617 INFO  ProgressMeter - Pocillopora_acuta_HIv1___Scaffold_000038F___length_1860461:727129             13.9               2590000         186633.3
15:03:33.783 INFO  ProgressMeter - Pocillopora_acuta_HIv1___Scaffold_000042F___length_1843182:348575             14.0               2628000         187087.3
15:03:43.828 INFO  ProgressMeter - Pocillopora_acuta_HIv1___Scaffold_000044F___length_1822362:73008             14.2               2666000         187557.4
15:03:54.221 INFO  ProgressMeter - Pocillopora_acuta_HIv1___Scaffold_000044F___length_1822362:764137             14.4               2697000         187454.0
15:04:04.574 INFO  ProgressMeter - Pocillopora_acuta_HIv1___Scaffold_000045F___length_1821403:87658             14.6               2719000         186743.2
15:04:14.688 INFO  ProgressMeter - Pocillopora_acuta_HIv1___Scaffold_000047F___length_1804076:61020             14.7               2755000         187050.4
15:04:24.712 INFO  ProgressMeter - Pocillopora_acuta_HIv1___Scaffold_000047F___length_1804076:1133453             14.9               2794000         187570.5
15:04:34.959 INFO  ProgressMeter - Pocillopora_acuta_HIv1___Scaffold_000049F___length_1801693:528044             15.1               2833000         188032.8
15:04:45.200 INFO  ProgressMeter - Pocillopora_acuta_HIv1___Scaffold_000049F___length_1801693:1631301             15.2               2872000         188486.1
15:04:55.357 INFO  ProgressMeter - Pocillopora_acuta_HIv1___Scaffold_000048F___length_1779791:926371             15.4               2912000         189011.3
15:05:05.473 INFO  ProgressMeter - Pocillopora_acuta_HIv1___Scaffold_000018F___length_1767520:337966             15.6               2947000         189212.5
15:05:15.560 INFO  ProgressMeter - Pocillopora_acuta_HIv1___Scaffold_000018F___length_1767520:1688291             15.7               2980000         189288.1
15:05:25.695 INFO  ProgressMeter - Pocillopora_acuta_HIv1___Scaffold_000051F___length_1752840:815697             15.9               3017000         189603.9
15:05:35.814 INFO  ProgressMeter - Pocillopora_acuta_HIv1___Scaffold_000051F___length_1752840:1732628             16.1               3055000         189978.5
15:05:46.068 INFO  ProgressMeter - Pocillopora_acuta_HIv1___Scaffold_000052F___length_1749787:1000255             16.3               3093000         190318.9
15:05:56.281 INFO  ProgressMeter - Pocillopora_acuta_HIv1___Scaffold_000052F___length_1749787:1604186             16.4               3131000         190660.2
15:06:06.283 INFO  ProgressMeter - Pocillopora_acuta_HIv1___Scaffold_000059F___length_1692002:1164251             16.6               3170000         191095.3
15:06:16.533 INFO  ProgressMeter - Pocillopora_acuta_HIv1___Scaffold_000055F___length_1685811:721233             16.8               3208000         191415.0
15:06:26.583 INFO  ProgressMeter - Pocillopora_acuta_HIv1___Scaffold_000056F___length_1677393:115755             16.9               3246000         191765.6
15:06:36.825 INFO  ProgressMeter - Pocillopora_acuta_HIv1___Scaffold_000056F___length_1677393:1191950             17.1               3279000         191781.1
15:06:46.909 INFO  ProgressMeter - Pocillopora_acuta_HIv1___Scaffold_000060F___length_1636426:377852             17.3               3300000         191130.8
15:06:57.176 INFO  ProgressMeter - Pocillopora_acuta_HIv1___Scaffold_000060F___length_1636426:1421602             17.4               3332000         191090.1
15:07:07.413 INFO  ProgressMeter - Pocillopora_acuta_HIv1___Scaffold_000063F___length_1625206:1208740             17.6               3370000         191396.8
15:07:17.598 INFO  ProgressMeter - Pocillopora_acuta_HIv1___Scaffold_000061F___length_1614046:787421             17.8               3409000         191762.8
15:07:27.835 INFO  ProgressMeter - Pocillopora_acuta_HIv1___Scaffold_000058F___length_1607644:557554             17.9               3448000         192113.0
15:07:37.949 INFO  ProgressMeter - Pocillopora_acuta_HIv1___Scaffold_000062F___length_1593303:108424             18.1               3487000         192478.1
15:07:47.997 INFO  ProgressMeter - Pocillopora_acuta_HIv1___Scaffold_000053F___length_1590508:167476             18.3               3526000         192848.3
15:07:58.162 INFO  ProgressMeter - Pocillopora_acuta_HIv1___Scaffold_000053F___length_1590508:951840             18.5               3565000         193191.1
15:08:08.342 INFO  ProgressMeter - Pocillopora_acuta_HIv1___Scaffold_000066F___length_1581690:560404             18.6               3604000         193525.3
15:08:18.408 INFO  ProgressMeter - Pocillopora_acuta_HIv1___Scaffold_000066F___length_1581690:1431149             18.8               3643000         193872.8
15:08:28.531 INFO  ProgressMeter - Pocillopora_acuta_HIv1___Scaffold_000067F___length_1571305:1024806             19.0               3682000         194204.6
15:08:38.554 INFO  ProgressMeter - Pocillopora_acuta_HIv1___Scaffold_000068F___length_1552883:1461730             19.1               3719000         194443.1
15:08:48.756 INFO  ProgressMeter - Pocillopora_acuta_HIv1___Scaffold_000071F___length_1536468:1390195             19.3               3760000         194854.3
15:08:58.792 INFO  ProgressMeter - Pocillopora_acuta_HIv1___Scaffold_000050F___length_1523765:1070905             19.5               3798000         195132.1
15:09:09.027 INFO  ProgressMeter - Pocillopora_acuta_HIv1___Scaffold_000082F___length_1507628:974170             19.6               3836000         195372.2
15:09:19.294 INFO  ProgressMeter - Pocillopora_acuta_HIv1___Scaffold_000074F___length_1495598:521153             19.8               3874000         195603.1
15:09:29.303 INFO  ProgressMeter - Pocillopora_acuta_HIv1___Scaffold_000083F___length_1495163:452246             20.0               3912000         195871.8
15:09:39.372 INFO  ProgressMeter - Pocillopora_acuta_HIv1___Scaffold_000081F___length_1493854:577763             20.1               3951000         196176.3
15:09:49.562 INFO  ProgressMeter - Pocillopora_acuta_HIv1___Scaffold_000078F___length_1491746:1027863             20.3               3993000         196603.6
15:09:59.793 INFO  ProgressMeter - Pocillopora_acuta_HIv1___Scaffold_000065F___length_1489235:875256             20.5               4031000         196822.2
15:10:09.997 INFO  ProgressMeter - Pocillopora_acuta_HIv1___Scaffold_000054F___length_1482085:1020803             20.7               4071000         197138.2
15:10:20.156 INFO  ProgressMeter - Pocillopora_acuta_HIv1___Scaffold_000080F___length_1480119:1121287             20.8               4110000         197408.2
15:10:30.264 INFO  ProgressMeter - Pocillopora_acuta_HIv1___Scaffold_000075F___length_1465233:470545             21.0               4148000         197634.2
15:10:40.483 INFO  ProgressMeter - Pocillopora_acuta_HIv1___Scaffold_000075F___length_1465233:1273580             21.2               4186000         197839.3
15:10:50.494 INFO  ProgressMeter - Pocillopora_acuta_HIv1___Scaffold_000077F___length_1459619:545018             21.3               4221000         197932.8
15:11:00.740 INFO  ProgressMeter - Pocillopora_acuta_HIv1___Scaffold_000077F___length_1459619:1437072             21.5               4246000         197523.3
15:11:11.057 INFO  ProgressMeter - Pocillopora_acuta_HIv1___Scaffold_000041F___length_1444133:53029             21.7               4278000         197432.6
15:11:21.194 INFO  ProgressMeter - Pocillopora_acuta_HIv1___Scaffold_000041F___length_1444133:1097434             21.8               4301000         196958.5
15:11:31.217 INFO  ProgressMeter - Pocillopora_acuta_HIv1___Scaffold_000088F___length_1443323:532323             22.0               4329000         196735.6
15:11:41.302 INFO  ProgressMeter - Pocillopora_acuta_HIv1___Scaffold_000088F___length_1443323:1132379             22.2               4351000         196236.6
15:11:51.721 INFO  ProgressMeter - Pocillopora_acuta_HIv1___Scaffold_000086F___length_1433250:373044             22.3               4374000         195740.8
15:12:01.789 INFO  ProgressMeter - Pocillopora_acuta_HIv1___Scaffold_000086F___length_1433250:1095278             22.5               4396000         195259.0
15:12:12.215 INFO  ProgressMeter - Pocillopora_acuta_HIv1___Scaffold_000089F___length_1432987:541413             22.7               4419000         194777.3
15:12:22.446 INFO  ProgressMeter - Pocillopora_acuta_HIv1___Scaffold_000089F___length_1432987:1293031             22.9               4456000         194943.0
15:12:32.475 INFO  ProgressMeter - Pocillopora_acuta_HIv1___Scaffold_000069F___length_1411362:926928             23.0               4483000         194700.4
15:12:42.553 INFO  ProgressMeter - Pocillopora_acuta_HIv1___Scaffold_000032F___length_1397619:247773             23.2               4505000         194238.9
15:12:52.645 INFO  ProgressMeter - Pocillopora_acuta_HIv1___Scaffold_000032F___length_1397619:803499             23.4               4527000         193782.2
15:13:02.648 INFO  ProgressMeter - Pocillopora_acuta_HIv1___Scaffold_000099F___length_1380629:325870             23.5               4561000         193854.1
15:13:12.770 INFO  ProgressMeter - Pocillopora_acuta_HIv1___Scaffold_000102F___length_1365666:452831             23.7               4599000         194077.7
15:13:22.941 INFO  ProgressMeter - Pocillopora_acuta_HIv1___Scaffold_000070F___length_1363407:802882             23.9               4639000         194375.2
15:13:33.067 INFO  ProgressMeter - Pocillopora_acuta_HIv1___Scaffold_000085F___length_1359006:488360             24.0               4671000         194341.7
15:13:43.231 INFO  ProgressMeter - Pocillopora_acuta_HIv1___Scaffold_000085F___length_1359006:1163238             24.2               4703000         194303.6
15:13:53.282 INFO  ProgressMeter - Pocillopora_acuta_HIv1___Scaffold_000091F___length_1356888:770241             24.4               4733000         194199.1
15:14:03.314 INFO  ProgressMeter - Pocillopora_acuta_HIv1___Scaffold_000098F___length_1347680:304350             24.5               4754000         193731.6
15:14:13.711 INFO  ProgressMeter - Pocillopora_acuta_HIv1___Scaffold_000076F___length_1335001:535605             24.7               4793000         193951.3
15:14:23.765 INFO  ProgressMeter - Pocillopora_acuta_HIv1___Scaffold_000096F___length_1327327:163763             24.9               4828000         194052.0
15:14:33.867 INFO  ProgressMeter - Pocillopora_acuta_HIv1___Scaffold_000096F___length_1327327:1173208             25.0               4867000         194304.5
15:14:43.979 INFO  ProgressMeter - Pocillopora_acuta_HIv1___Scaffold_000087F___length_1327027:841627             25.2               4905000         194512.8
15:14:54.005 INFO  ProgressMeter - Pocillopora_acuta_HIv1___Scaffold_000106F___length_1313924:1134191             25.4               4943000         194729.5
15:15:04.146 INFO  ProgressMeter - Pocillopora_acuta_HIv1___Scaffold_000108F___length_1296420:1144277             25.6               4980000         194889.4
15:15:14.361 INFO  ProgressMeter - Pocillopora_acuta_HIv1___Scaffold_000107F___length_1282968:109404             25.7               5019000         195115.6
15:15:24.531 INFO  ProgressMeter - Pocillopora_acuta_HIv1___Scaffold_000105F___length_1277664:118909             25.9               5059000         195383.1
15:15:34.626 INFO  ProgressMeter - Pocillopora_acuta_HIv1___Scaffold_000104F___length_1271314:241386             26.1               5096000         195541.5
15:15:44.634 INFO  ProgressMeter - Pocillopora_acuta_HIv1___Scaffold_000104F___length_1271314:1184275             26.2               5133000         195708.6
15:15:54.825 INFO  ProgressMeter - Pocillopora_acuta_HIv1___Scaffold_000097F___length_1240190:1172525             26.4               5173000         195964.7
15:16:05.071 INFO  ProgressMeter - Pocillopora_acuta_HIv1___Scaffold_000116F___length_1230997:1078052             26.6               5212000         196173.0
15:16:15.165 INFO  ProgressMeter - Pocillopora_acuta_HIv1___Scaffold_000113F___length_1223651:904349             26.7               5250000         196359.9
15:16:25.257 INFO  ProgressMeter - Pocillopora_acuta_HIv1___Scaffold_000118F___length_1218181:843775             26.9               5288000         196544.7
15:16:35.408 INFO  ProgressMeter - Pocillopora_acuta_HIv1___Scaffold_000123F___length_1201009:1118232             27.1               5329000         196830.9
15:16:45.667 INFO  ProgressMeter - Pocillopora_acuta_HIv1___Scaffold_000120F___length_1192788:899008             27.2               5367000         196990.4
15:16:55.860 INFO  ProgressMeter - Pocillopora_acuta_HIv1___Scaffold_000110F___length_1189302:818316             27.4               5405000         197155.8
15:17:06.134 INFO  ProgressMeter - Pocillopora_acuta_HIv1___Scaffold_000124F___length_1185441:1133528             27.6               5444000         197345.8
15:17:16.306 INFO  ProgressMeter - Pocillopora_acuta_HIv1___Scaffold_000119F___length_1183488:1148379             27.8               5483000         197545.6
15:17:26.337 INFO  ProgressMeter - Pocillopora_acuta_HIv1___Scaffold_000122F___length_1169827:310326             27.9               5523000         197795.2
15:17:36.591 INFO  ProgressMeter - Pocillopora_acuta_HIv1___Scaffold_000101F___length_1159813:387603             28.1               5561000         197944.6
15:17:46.722 INFO  ProgressMeter - Pocillopora_acuta_HIv1___Scaffold_000132F___length_1157907:474316             28.3               5598000         198071.2
15:17:56.935 INFO  ProgressMeter - Pocillopora_acuta_HIv1___Scaffold_000129F___length_1153064:839813             28.4               5637000         198257.2
15:18:07.085 INFO  ProgressMeter - Pocillopora_acuta_HIv1___Scaffold_000136F___length_1135807:66404             28.6               5676000         198448.0
15:18:17.116 INFO  ProgressMeter - Pocillopora_acuta_HIv1___Scaffold_000126F___length_1132339:608887             28.8               5715000         198650.4
15:18:27.121 INFO  ProgressMeter - Pocillopora_acuta_HIv1___Scaffold_000138F___length_1125371:1088871             28.9               5753000         198818.9
15:18:37.271 INFO  ProgressMeter - Pocillopora_acuta_HIv1___Scaffold_000141F___length_1122045:433676             29.1               5783000         198694.0
15:18:47.600 INFO  ProgressMeter - Pocillopora_acuta_HIv1___Scaffold_000103F___length_1114684:178285             29.3               5805000         198277.3
15:18:57.758 INFO  ProgressMeter - Pocillopora_acuta_HIv1___Scaffold_000103F___length_1114684:668109             29.4               5827000         197884.3
15:19:08.130 INFO  ProgressMeter - Pocillopora_acuta_HIv1___Scaffold_000152F___length_1105811:178466             29.6               5849000         197472.1
15:19:18.194 INFO  ProgressMeter - Pocillopora_acuta_HIv1___Scaffold_000152F___length_1105811:944207             29.8               5878000         197333.7
15:19:28.310 INFO  ProgressMeter - Pocillopora_acuta_HIv1___Scaffold_000155F___length_1095536:259869             30.0               5916000         197491.6
15:19:38.370 INFO  ProgressMeter - Pocillopora_acuta_HIv1___Scaffold_000155F___length_1095536:1062369             30.1               5947000         197421.5
15:19:48.432 INFO  ProgressMeter - Pocillopora_acuta_HIv1___Scaffold_000153F___length_1087004:163046             30.3               5985000         197583.0
15:19:58.532 INFO  ProgressMeter - Pocillopora_acuta_HIv1___Scaffold_000158F___length_1083353:269426             30.5               6025000         197804.3
15:20:08.569 INFO  ProgressMeter - Pocillopora_acuta_HIv1___Scaffold_000161F___length_1069631:826448             30.6               6067000         198095.2
15:20:18.772 INFO  ProgressMeter - Pocillopora_acuta_HIv1___Scaffold_000143F___length_1067668:229933             30.8               6106000         198267.8
15:20:28.893 INFO  ProgressMeter - Pocillopora_acuta_HIv1___Scaffold_000171F___length_1060498:194856             31.0               6144000         198414.9
15:20:39.240 INFO  ProgressMeter - Pocillopora_acuta_HIv1___Scaffold_000169F___length_1042684:250667             31.1               6173000         198247.4
15:20:49.338 INFO  ProgressMeter - Pocillopora_acuta_HIv1___Scaffold_000109F___length_1040778:252974             31.3               6200000         198044.0
15:20:59.358 INFO  ProgressMeter - Pocillopora_acuta_HIv1___Scaffold_000114F___length_1038772:248129             31.5               6236000         198137.1
15:21:09.761 INFO  ProgressMeter - Pocillopora_acuta_HIv1___Scaffold_000173F___length_1028616:354172             31.6               6270000         198126.0
15:21:20.212 INFO  ProgressMeter - Pocillopora_acuta_HIv1___Scaffold_000174F___length_1022310:428066             31.8               6296000         197858.5
15:21:30.337 INFO  ProgressMeter - Pocillopora_acuta_HIv1___Scaffold_000177F___length_1015216:87550             32.0               6318000         197502.4
15:21:40.447 INFO  ProgressMeter - Pocillopora_acuta_HIv1___Scaffold_000177F___length_1015216:655832             32.2               6340000         197151.7
15:21:50.679 INFO  ProgressMeter - Pocillopora_acuta_HIv1___Scaffold_000135F___length_1011354:435175             32.3               6372000         197101.6
15:22:00.707 INFO  ProgressMeter - Pocillopora_acuta_HIv1___Scaffold_000180F___length_1003918:452             32.5               6410000         197257.2
15:22:10.783 INFO  ProgressMeter - Pocillopora_acuta_HIv1___Scaffold_000196F___length_999679:155317             32.7               6448000         197406.5
15:22:20.883 INFO  ProgressMeter - Pocillopora_acuta_HIv1___Scaffold_000198F___length_996333:335122             32.8               6479000         197338.5
15:22:31.329 INFO  ProgressMeter - Pocillopora_acuta_HIv1___Scaffold_000198F___length_996333:918312             33.0               6502000         196994.4
15:22:41.482 INFO  ProgressMeter - Pocillopora_acuta_HIv1___Scaffold_000182F___length_994365:780771             33.2               6533000         196924.1
15:22:51.561 INFO  ProgressMeter - Pocillopora_acuta_HIv1___Scaffold_000178F___length_988684:520564             33.3               6572000         197101.6
15:23:01.782 INFO  ProgressMeter - Pocillopora_acuta_HIv1___Scaffold_000185F___length_983508:215632             33.5               6611000         197263.4
15:23:11.863 INFO  ProgressMeter - Pocillopora_acuta_HIv1___Scaffold_000184F___length_974900:642462             33.7               6650000         197437.3
15:23:22.014 INFO  ProgressMeter - Pocillopora_acuta_HIv1___Scaffold_000191F___length_971184:55164             33.9               6689000         197602.7
15:23:32.068 INFO  ProgressMeter - Pocillopora_acuta_HIv1___Scaffold_000202F___length_967614:524189             34.0               6727000         197746.3
15:23:42.243 INFO  ProgressMeter - Pocillopora_acuta_HIv1___Scaffold_000194F___length_966782:941007             34.2               6767000         197935.4
15:23:52.308 INFO  ProgressMeter - Pocillopora_acuta_HIv1___Scaffold_000205F___length_953054:64823             34.4               6805000         198075.0
15:24:02.339 INFO  ProgressMeter - Pocillopora_acuta_HIv1___Scaffold_000201F___length_947803:444113             34.5               6844000         198245.5
15:24:12.564 INFO  ProgressMeter - Pocillopora_acuta_HIv1___Scaffold_000193F___length_936107:132552             34.7               6883000         198395.8
15:24:22.975 INFO  ProgressMeter - Pocillopora_acuta_HIv1___Scaffold_000207F___length_933288:224945             34.9               6910000         198183.0
15:24:32.996 INFO  ProgressMeter - Pocillopora_acuta_HIv1___Scaffold_000206F___length_931782:446410             35.0               6944000         198208.6
15:24:43.007 INFO  ProgressMeter - Pocillopora_acuta_HIv1___Scaffold_000212F___length_929236:101452             35.2               6981000         198320.3
15:24:53.226 INFO  ProgressMeter - Pocillopora_acuta_HIv1___Scaffold_000219F___length_913793:461132             35.4               7020000         198468.0
15:25:03.503 INFO  ProgressMeter - Pocillopora_acuta_HIv1___Scaffold_000134F___length_911907:486361             35.5               7047000         198271.1
15:25:13.554 INFO  ProgressMeter - Pocillopora_acuta_HIv1___Scaffold_000209F___length_911564:704817             35.7               7074000         198097.2
15:25:23.654 INFO  ProgressMeter - Pocillopora_acuta_HIv1___Scaffold_000115F___length_901292:463360             35.9               7114000         198282.6
15:25:33.795 INFO  ProgressMeter - Pocillopora_acuta_HIv1___Scaffold_000217F___length_900267:469877             36.0               7152000         198407.0
15:25:43.986 INFO  ProgressMeter - Pocillopora_acuta_HIv1___Scaffold_000221F___length_891373:195499             36.2               7191000         198553.4
15:25:54.442 INFO  ProgressMeter - Pocillopora_acuta_HIv1___Scaffold_000229F___length_880673:256034             36.4               7218000         198344.5
15:26:04.879 INFO  ProgressMeter - Pocillopora_acuta_HIv1___Scaffold_000214F___length_879870:251694             36.6               7241000         198029.9
15:26:14.959 INFO  ProgressMeter - Pocillopora_acuta_HIv1___Scaffold_000225F___length_876681:176827             36.7               7263000         197723.1
15:26:24.981 INFO  ProgressMeter - Pocillopora_acuta_HIv1___Scaffold_000187F___length_871491:638900             36.9               7301000         197857.9
15:26:35.005 INFO  ProgressMeter - Pocillopora_acuta_HIv1___Scaffold_000231F___length_869956:559004             37.1               7338000         197964.4
15:26:45.139 INFO  ProgressMeter - Pocillopora_acuta_HIv1___Scaffold_000183F___length_864840:692595             37.2               7375000         198060.1
15:26:55.376 INFO  ProgressMeter - Pocillopora_acuta_HIv1___Scaffold_000232F___length_860252:615980             37.4               7413000         198172.5
15:27:05.395 INFO  ProgressMeter - Pocillopora_acuta_HIv1___Scaffold_000235F___length_856315:195308             37.6               7451000         198303.2
15:27:15.672 INFO  ProgressMeter - Pocillopora_acuta_HIv1___Scaffold_000211F___length_854053:143428             37.7               7474000         198012.6
15:27:25.853 INFO  ProgressMeter - Pocillopora_acuta_HIv1___Scaffold_000244F___length_837576:256323             37.9               7509000         198049.6
15:27:36.094 INFO  ProgressMeter - Pocillopora_acuta_HIv1___Scaffold_000247F___length_833791:745749             38.1               7536000         197870.9
15:27:46.305 INFO  ProgressMeter - Pocillopora_acuta_HIv1___Scaffold_000188F___length_828792:569866             38.3               7573000         197957.9
15:27:56.523 INFO  ProgressMeter - Pocillopora_acuta_HIv1___Scaffold_000228F___length_826142:428022             38.4               7595000         197653.1
15:28:06.599 INFO  ProgressMeter - Pocillopora_acuta_HIv1___Scaffold_000249F___length_822133:348739             38.6               7618000         197389.0
15:28:16.892 INFO  ProgressMeter - Pocillopora_acuta_HIv1___Scaffold_000251F___length_822062:112685             38.8               7641000         197108.8
15:28:26.935 INFO  ProgressMeter - Pocillopora_acuta_HIv1___Scaffold_000252F___length_821039:704704             38.9               7680000         197263.1
15:28:36.970 INFO  ProgressMeter - Pocillopora_acuta_HIv1___Scaffold_000236F___length_817659:404355             39.1               7710000         197186.5
15:28:47.278 INFO  ProgressMeter - Pocillopora_acuta_HIv1___Scaffold_000233F___length_814412:458797             39.3               7732000         196884.1
15:28:57.389 INFO  ProgressMeter - Pocillopora_acuta_HIv1___Scaffold_000265F___length_805591:510476             39.4               7753000         196575.3
15:29:07.547 INFO  ProgressMeter - Pocillopora_acuta_HIv1___Scaffold_000262F___length_797505:107339             39.6               7774000         196265.3
15:29:17.794 INFO  ProgressMeter - Pocillopora_acuta_HIv1___Scaffold_000240F___length_794972:359585             39.8               7809000         196302.5
15:29:28.032 INFO  ProgressMeter - Pocillopora_acuta_HIv1___Scaffold_000270F___length_793474:598503             40.0               7836000         196139.9
15:29:38.178 INFO  ProgressMeter - Pocillopora_acuta_HIv1___Scaffold_000271F___length_790572:444980             40.1               7858000         195861.6
15:29:48.339 INFO  ProgressMeter - Pocillopora_acuta_HIv1___Scaffold_000204F___length_789551:471289             40.3               7889000         195807.8
15:29:58.418 INFO  ProgressMeter - Pocillopora_acuta_HIv1___Scaffold_000172F___length_786143:160720             40.5               7922000         195810.5
15:30:08.645 INFO  ProgressMeter - Pocillopora_acuta_HIv1___Scaffold_000258F___length_780749:364100             40.6               7950000         195678.1
15:30:18.729 INFO  ProgressMeter - Pocillopora_acuta_HIv1___Scaffold_000281F___length_773894:514892             40.8               7988000         195803.5
15:30:29.028 INFO  ProgressMeter - Pocillopora_acuta_HIv1___Scaffold_000276F___length_773565:542591             41.0               8011000         195544.5
15:30:39.420 INFO  ProgressMeter - Pocillopora_acuta_HIv1___Scaffold_000286F___length_769775:398995             41.1               8034000         195280.3
15:30:49.803 INFO  ProgressMeter - Pocillopora_acuta_HIv1___Scaffold_000277F___length_768732:439777             41.3               8057000         195019.1
15:30:59.802 INFO  ProgressMeter - Pocillopora_acuta_HIv1___Scaffold_000284F___length_766469:571408             41.5               8079000         194765.9
15:31:09.817 INFO  ProgressMeter - Pocillopora_acuta_HIv1___Scaffold_000285F___length_757947:589064             41.6               8112000         194777.7
15:31:20.002 INFO  ProgressMeter - Pocillopora_acuta_HIv1___Scaffold_000303F___length_752589:717463             41.8               8150000         194895.7
15:31:30.101 INFO  ProgressMeter - Pocillopora_acuta_HIv1___Scaffold_000282F___length_746185:283891             42.0               8189000         195043.3
15:31:40.273 INFO  ProgressMeter - Pocillopora_acuta_HIv1___Scaffold_000296F___length_745899:731491             42.2               8222000         195041.7
15:31:50.320 INFO  ProgressMeter - Pocillopora_acuta_HIv1___Scaffold_000317F___length_736389:445288             42.3               8259000         195144.3
15:32:00.471 INFO  ProgressMeter - Pocillopora_acuta_HIv1___Scaffold_000197F___length_734615:183030             42.5               8296000         195238.1
15:32:10.564 INFO  ProgressMeter - Pocillopora_acuta_HIv1___Scaffold_000301F___length_732247:564807             42.7               8336000         195405.9
15:32:20.903 INFO  ProgressMeter - Pocillopora_acuta_HIv1___Scaffold_000278F___length_724878:684929             42.8               8366000         195320.1
15:32:31.031 INFO  ProgressMeter - Pocillopora_acuta_HIv1___Scaffold_000307F___length_718663:110384             43.0               8391000         195134.8
15:32:41.310 INFO  ProgressMeter - Pocillopora_acuta_HIv1___Scaffold_000326F___length_716298:700992             43.2               8430000         195263.8
15:32:51.454 INFO  ProgressMeter - Pocillopora_acuta_HIv1___Scaffold_000315F___length_710535:468083             43.3               8467000         195355.8
15:33:01.683 INFO  ProgressMeter - Pocillopora_acuta_HIv1___Scaffold_000314F___length_703606:229253             43.5               8506000         195486.8
15:33:11.809 INFO  ProgressMeter - Pocillopora_acuta_HIv1___Scaffold_000312F___length_699056:670009             43.7               8541000         195532.7
15:33:21.864 INFO  ProgressMeter - Pocillopora_acuta_HIv1___Scaffold_000361F___length_694081:115980             43.8               8577000         195606.4
15:33:31.996 INFO  ProgressMeter - Pocillopora_acuta_HIv1___Scaffold_000335F___length_691215:175916             44.0               8615000         195719.2
15:33:42.041 INFO  ProgressMeter - Pocillopora_acuta_HIv1___Scaffold_000338F___length_689169:615425             44.2               8653000         195837.7
15:33:52.345 INFO  ProgressMeter - Pocillopora_acuta_HIv1___Scaffold_000289F___length_675618:65297             44.4               8690000         195913.6
15:34:02.403 INFO  ProgressMeter - Pocillopora_acuta_HIv1___Scaffold_000367F___length_658998:513908             44.5               8711000         195647.7
15:34:12.622 INFO  ProgressMeter - Pocillopora_acuta_HIv1___Scaffold_000368F___length_655425:175755             44.7               8737000         195483.8
15:34:22.848 INFO  ProgressMeter - Pocillopora_acuta_HIv1___Scaffold_000363F___length_654683:365272             44.9               8775000         195588.2
15:34:32.912 INFO  ProgressMeter - Pocillopora_acuta_HIv1___Scaffold_000378F___length_646438:389220             45.0               8811000         195659.1
15:34:43.164 INFO  ProgressMeter - Pocillopora_acuta_HIv1___Scaffold_000362F___length_642677:127345             45.2               8848000         195738.1
15:34:53.351 INFO  ProgressMeter - Pocillopora_acuta_HIv1___Scaffold_000382F___length_636361:480227             45.4               8871000         195512.5
15:35:03.446 INFO  ProgressMeter - Pocillopora_acuta_HIv1___Scaffold_000350F___length_633154:192281             45.5               8898000         195383.1
15:35:13.662 INFO  ProgressMeter - Pocillopora_acuta_HIv1___Scaffold_000397F___length_630550:267745             45.7               8936000         195486.6
15:35:23.682 INFO  ProgressMeter - Pocillopora_acuta_HIv1___Scaffold_000383F___length_625101:372064             45.9               8974000         195603.3
15:35:33.877 INFO  ProgressMeter - Pocillopora_acuta_HIv1___Scaffold_000387F___length_624377:281614             46.0               9000000         195446.2
15:35:43.927 INFO  ProgressMeter - Pocillopora_acuta_HIv1___Scaffold_000316F___length_620274:209868             46.2               9036000         195516.8
15:35:54.099 INFO  ProgressMeter - Pocillopora_acuta_HIv1___Scaffold_000402F___length_614232:122413             46.4               9076000         195664.5
15:36:04.392 INFO  ProgressMeter - Pocillopora_acuta_HIv1___Scaffold_000409F___length_609830:318433             46.6               9115000         195781.2
15:36:14.551 INFO  ProgressMeter - Pocillopora_acuta_HIv1___Scaffold_000413F___length_607148:277794             46.7               9153000         195885.1
15:36:24.789 INFO  ProgressMeter - Pocillopora_acuta_HIv1___Scaffold_000423F___length_595246:58862             46.9               9192000         196003.9
15:36:34.992 INFO  ProgressMeter - Pocillopora_acuta_HIv1___Scaffold_000434F___length_589968:542396             47.1               9230000         196103.1
15:36:45.004 INFO  ProgressMeter - Pocillopora_acuta_HIv1___Scaffold_000430F___length_586641:555618             47.2               9268000         196214.9
15:36:55.132 INFO  ProgressMeter - Pocillopora_acuta_HIv1___Scaffold_000431F___length_583593:80198             47.4               9299000         196170.1
15:37:05.155 INFO  ProgressMeter - Pocillopora_acuta_HIv1___Scaffold_000429F___length_580970:28500             47.6               9320000         195922.7
15:37:15.440 INFO  ProgressMeter - Pocillopora_acuta_HIv1___Scaffold_000442F___length_578630:56533             47.7               9343000         195701.0
15:37:25.746 INFO  ProgressMeter - Pocillopora_acuta_HIv1___Scaffold_000439F___length_572923:383430             47.9               9365000         195458.6
15:37:35.990 INFO  ProgressMeter - Pocillopora_acuta_HIv1___Scaffold_000322F___length_563903:300574             48.1               9400000         195492.4
15:37:46.106 INFO  ProgressMeter - Pocillopora_acuta_HIv1___Scaffold_000459F___length_557542:57692             48.3               9435000         195534.8
15:37:56.265 INFO  ProgressMeter - Pocillopora_acuta_HIv1___Scaffold_000461F___length_554307:453283             48.4               9473000         195635.8
15:38:06.415 INFO  ProgressMeter - Pocillopora_acuta_HIv1___Scaffold_000466F___length_548801:39760             48.6               9510000         195716.1
15:38:16.510 INFO  ProgressMeter - Pocillopora_acuta_HIv1___Scaffold_000344F___length_546527:451725             48.8               9547000         195799.6
15:38:26.644 INFO  ProgressMeter - Pocillopora_acuta_HIv1___Scaffold_000480F___length_537115:19444             48.9               9585000         195900.4
15:38:36.733 INFO  ProgressMeter - Pocillopora_acuta_HIv1___Scaffold_000496F___length_527403:193381             49.1               9624000         196023.8
15:38:46.843 INFO  ProgressMeter - Pocillopora_acuta_HIv1___Scaffold_000498F___length_526751:487543             49.3               9661000         196104.4
15:38:57.064 INFO  ProgressMeter - Pocillopora_acuta_HIv1___Scaffold_000512F___length_509892:54840             49.4               9699000         196197.4
15:39:07.269 INFO  ProgressMeter - Pocillopora_acuta_HIv1___Scaffold_000554F___length_506476:223518             49.6               9737000         196290.6
15:39:17.508 INFO  ProgressMeter - Pocillopora_acuta_HIv1___Scaffold_000526F___length_496838:400615             49.8               9777000         196421.3
15:39:27.622 INFO  ProgressMeter - Pocillopora_acuta_HIv1___Scaffold_000532F___length_491793:87788             49.9               9816000         196539.2
15:39:37.686 INFO  ProgressMeter - Pocillopora_acuta_HIv1___Scaffold_000539F___length_488333:255696             50.1               9850000         196559.8
15:39:47.863 INFO  ProgressMeter - Pocillopora_acuta_HIv1___Scaffold_000545F___length_482647:122593             50.3               9888000         196652.5
15:39:58.128 INFO  ProgressMeter - Pocillopora_acuta_HIv1___Scaffold_000567F___length_468752:403786             50.5               9927000         196758.7
15:40:08.262 INFO  ProgressMeter - Pocillopora_acuta_HIv1___Scaffold_000564F___length_465648:434481             50.6               9962000         196793.6
15:40:18.506 INFO  ProgressMeter - Pocillopora_acuta_HIv1___Scaffold_000570F___length_459482:329730             50.8              10001000         196899.9
15:40:28.626 INFO  ProgressMeter - Pocillopora_acuta_HIv1___Scaffold_000577F___length_454285:372485             51.0              10041000         197033.2
15:40:38.705 INFO  ProgressMeter - Pocillopora_acuta_HIv1___Scaffold_000556F___length_448635:417822             51.1              10078000         197109.5
15:40:48.939 INFO  ProgressMeter - Pocillopora_acuta_HIv1___Scaffold_000606F___length_422642:252493             51.3              10118000         197233.8
15:40:59.045 INFO  ProgressMeter - Pocillopora_acuta_HIv1___Scaffold_000626F___length_408727:32746             51.5              10157000         197346.1
15:41:09.153 INFO  ProgressMeter - Pocillopora_acuta_HIv1___Scaffold_000637F___length_401064:356783             51.6              10195000         197438.2
15:41:19.306 INFO  ProgressMeter - Pocillopora_acuta_HIv1___Scaffold_000659F___length_381369:104520             51.8              10235000         197565.4
15:41:29.534 INFO  ProgressMeter - Pocillopora_acuta_HIv1___Scaffold_000689F___length_372438:301566             52.0              10274000         197667.8
15:41:39.717 INFO  ProgressMeter - Pocillopora_acuta_HIv1___Scaffold_000692F___length_366172:108070             52.1              10313000         197772.3
15:41:49.802 INFO  ProgressMeter - Pocillopora_acuta_HIv1___Scaffold_000704F___length_358106:187628             52.3              10351000         197863.3
15:41:59.909 INFO  ProgressMeter - Pocillopora_acuta_HIv1___Scaffold_000640F___length_350060:82556             52.5              10389000         197952.3
15:42:10.003 INFO  ProgressMeter - Pocillopora_acuta_HIv1___Scaffold_000726F___length_343920:67919             52.7              10427000         198041.5
15:42:20.124 INFO  ProgressMeter - Pocillopora_acuta_HIv1___Scaffold_000742F___length_341143:180982             52.8              10466000         198147.4
15:42:30.265 INFO  ProgressMeter - Pocillopora_acuta_HIv1___Scaffold_000722F___length_335296:101399             53.0              10503000         198213.6
15:42:40.376 INFO  ProgressMeter - Pocillopora_acuta_HIv1___Scaffold_000757F___length_333649:207780             53.2              10542000         198319.0
15:42:50.508 INFO  ProgressMeter - Pocillopora_acuta_HIv1___Scaffold_000804F___length_323196:176466             53.3              10581000         198422.3
15:43:00.648 INFO  ProgressMeter - Pocillopora_acuta_HIv1___Scaffold_000811F___length_316496:133749             53.5              10620000         198524.5
15:43:10.889 INFO  ProgressMeter - Pocillopora_acuta_HIv1___Scaffold_000807F___length_313272:113847             53.7              10659000         198619.8
15:43:20.953 INFO  ProgressMeter - Pocillopora_acuta_HIv1___Scaffold_000190F___length_302392:113269             53.8              10698000         198725.4
15:43:31.148 INFO  ProgressMeter - Pocillopora_acuta_HIv1___Scaffold_000871F___length_291037:233131             54.0              10735000         198785.3
15:43:41.288 INFO  ProgressMeter - Pocillopora_acuta_HIv1___Scaffold_000897F___length_282044:13001             54.2              10759000         198608.2
15:43:51.500 INFO  ProgressMeter - Pocillopora_acuta_HIv1___Scaffold_000090F___length_275397:90738             54.3              10797000         198685.4
15:44:01.615 INFO  ProgressMeter - Pocillopora_acuta_HIv1___Scaffold_000920F___length_271206:212326             54.5              10836000         198786.4
15:44:11.671 INFO  ProgressMeter - Pocillopora_acuta_HIv1___Scaffold_000955F___length_264697:81069             54.7              10874000         198872.0
15:44:21.680 INFO  ProgressMeter - Pocillopora_acuta_HIv1___Scaffold_000898F___length_248272:149649             54.8              10911000         198941.7
15:44:31.895 INFO  ProgressMeter - Pocillopora_acuta_HIv1___Scaffold_001068F___length_231890:153783             55.0              10949000         199016.8
15:44:42.067 INFO  ProgressMeter - Pocillopora_acuta_HIv1___Scaffold_000924F___length_210769:17807             55.2              10988000         199112.1
15:44:52.074 INFO  ProgressMeter - Pocillopora_acuta_HIv1___Scaffold_001117F___length_204390:57061             55.4              11026000         199198.7
15:45:02.136 INFO  ProgressMeter - Pocillopora_acuta_HIv1___Scaffold_001136F___length_195656:36860             55.5              11064000         199281.5
15:45:12.196 INFO  ProgressMeter - Pocillopora_acuta_HIv1___Scaffold_001191F___length_184598:37413             55.7              11104000         199399.7
15:45:22.215 INFO  ProgressMeter - Pocillopora_acuta_HIv1___Scaffold_001043F___length_172172:64380             55.9              11142000         199484.0
15:45:32.382 INFO  ProgressMeter - Pocillopora_acuta_HIv1___Scaffold_001286F___length_159667:49145             56.0              11181000         199576.7
15:45:42.451 INFO  ProgressMeter - Pocillopora_acuta_HIv1___Scaffold_001380F___length_135659:53000             56.2              11220000         199674.7
15:45:52.588 INFO  ProgressMeter - Pocillopora_acuta_HIv1___Scaffold_001512F___length_108034:36957             56.4              11259000         199768.2
15:46:02.758 INFO  ProgressMeter - Pocillopora_acuta_HIv1___Scaffold_001637F___length_74698:16275             56.5              11298000         199859.1
15:46:09.836 INFO  ProgressMeter - Pocillopora_acuta_HIv1___Scaffold_001878F___length_25435:20862             56.6              11326453         199945.2
15:46:09.836 INFO  ProgressMeter - Traversal complete. Processed 11326453 total variants in 56.6 minutes.
15:46:09.836 INFO  VariantsToTable - Shutting down engine
[August 4, 2021 at 3:46:09 PM EDT] org.broadinstitute.hellbender.tools.walkers.variantutils.VariantsToTable done. Elapsed time: 56.66 minutes.
Runtime.totalMemory()=3296722944
