Using GATK jar /home/timothy/programs/gatk-4.2.0.0/gatk-package-4.2.0.0-local.jar
Running:
    java -Dsamjdk.use_async_io_read_samtools=false -Dsamjdk.use_async_io_write_samtools=true -Dsamjdk.use_async_io_write_tribble=false -Dsamjdk.compression_level=2 -jar /home/timothy/programs/gatk-4.2.0.0/gatk-package-4.2.0.0-local.jar VariantsToTable --reference Montipora_capitata_HIv1.assembly.fasta --variant GVCFall_SNPs_DPfilterNoCall.vcf --output GVCFall_SNPs_DPfilterNoCall.AD.table -F CHROM -F POS -GF GT -GF AD -GF DP -GF GQ
15:15:05.188 INFO  NativeLibraryLoader - Loading libgkl_compression.so from jar:file:/home/timothy/programs/gatk-4.2.0.0/gatk-package-4.2.0.0-local.jar!/com/intel/gkl/native/libgkl_compression.so
Aug 04, 2021 3:15:05 PM shaded.cloud_nio.com.google.auth.oauth2.ComputeEngineCredentials runningOnComputeEngine
INFO: Failed to detect whether we are running on Google Compute Engine.
15:15:05.385 INFO  VariantsToTable - ------------------------------------------------------------
15:15:05.386 INFO  VariantsToTable - The Genome Analysis Toolkit (GATK) v4.2.0.0
15:15:05.386 INFO  VariantsToTable - For support and documentation go to https://software.broadinstitute.org/gatk/
15:15:05.386 INFO  VariantsToTable - Executing as timothy@coral on Linux v5.4.0-80-generic amd64
15:15:05.386 INFO  VariantsToTable - Java runtime: OpenJDK 64-Bit Server VM v11.0.11+9-Ubuntu-0ubuntu2.20.04
15:15:05.386 INFO  VariantsToTable - Start Date/Time: August 4, 2021 at 3:15:05 PM EDT
15:15:05.386 INFO  VariantsToTable - ------------------------------------------------------------
15:15:05.386 INFO  VariantsToTable - ------------------------------------------------------------
15:15:05.387 INFO  VariantsToTable - HTSJDK Version: 2.24.0
15:15:05.387 INFO  VariantsToTable - Picard Version: 2.25.0
15:15:05.387 INFO  VariantsToTable - Built for Spark Version: 2.4.5
15:15:05.387 INFO  VariantsToTable - HTSJDK Defaults.COMPRESSION_LEVEL : 2
15:15:05.388 INFO  VariantsToTable - HTSJDK Defaults.USE_ASYNC_IO_READ_FOR_SAMTOOLS : false
15:15:05.388 INFO  VariantsToTable - HTSJDK Defaults.USE_ASYNC_IO_WRITE_FOR_SAMTOOLS : true
15:15:05.388 INFO  VariantsToTable - HTSJDK Defaults.USE_ASYNC_IO_WRITE_FOR_TRIBBLE : false
15:15:05.388 INFO  VariantsToTable - Deflater: IntelDeflater
15:15:05.388 INFO  VariantsToTable - Inflater: IntelInflater
15:15:05.388 INFO  VariantsToTable - GCS max retries/reopens: 20
15:15:05.388 INFO  VariantsToTable - Requester pays: disabled
15:15:05.388 INFO  VariantsToTable - Initializing engine
15:15:05.711 INFO  FeatureManager - Using codec VCFCodec to read file file:///scratch/timothy/projects/0022_Coral_Genotype_Analysis/03_Analysis/2021-06-21/Montipora_capitata_HiRise_Assembly/RNAseq_short_variant_analysis/filtering/GVCFall_SNPs.AD_Analysis/GVCFall_SNPs_DPfilterNoCall.vcf
15:15:05.938 INFO  VariantsToTable - Done initializing engine
15:15:05.945 WARN  VariantsToTable - Allele-specific fields will only be split if splitting multi-allelic variants is specified (`--split-multi-allelic` or `-SMA`
15:15:05.947 INFO  ProgressMeter - Starting traversal
15:15:05.948 INFO  ProgressMeter -        Current Locus  Elapsed Minutes    Variants Processed  Variants/Minute
15:15:16.162 INFO  ProgressMeter - Montipora_capitata_HIv1___Scaffold_1___length_48529999:858250              0.2                 15000          88131.6
15:15:26.235 INFO  ProgressMeter - Montipora_capitata_HIv1___Scaffold_1___length_48529999:2013396              0.3                 41000         121265.9
15:15:36.493 INFO  ProgressMeter - Montipora_capitata_HIv1___Scaffold_1___length_48529999:3062742              0.5                 61000         119827.1
15:15:46.621 INFO  ProgressMeter - Montipora_capitata_HIv1___Scaffold_1___length_48529999:4143571              0.7                 81000         119492.5
15:15:56.934 INFO  ProgressMeter - Montipora_capitata_HIv1___Scaffold_1___length_48529999:5080830              0.8                101000         118856.2
15:16:07.245 INFO  ProgressMeter - Montipora_capitata_HIv1___Scaffold_1___length_48529999:6105182              1.0                122000         119420.5
15:16:17.449 INFO  ProgressMeter - Montipora_capitata_HIv1___Scaffold_1___length_48529999:7217871              1.2                143000         120000.0
15:16:27.517 INFO  ProgressMeter - Montipora_capitata_HIv1___Scaffold_1___length_48529999:8806566              1.4                178000         130933.7
15:16:37.710 INFO  ProgressMeter - Montipora_capitata_HIv1___Scaffold_1___length_48529999:9975589              1.5                207000         135350.1
15:16:47.814 INFO  ProgressMeter - Montipora_capitata_HIv1___Scaffold_1___length_48529999:10932274              1.7                228000         134294.1
15:16:58.152 INFO  ProgressMeter - Montipora_capitata_HIv1___Scaffold_1___length_48529999:12348262              1.9                249000         133151.5
15:17:08.595 INFO  ProgressMeter - Montipora_capitata_HIv1___Scaffold_1___length_48529999:13673283              2.0                271000         132575.6
15:17:18.972 INFO  ProgressMeter - Montipora_capitata_HIv1___Scaffold_1___length_48529999:14683544              2.2                293000         132156.6
15:17:29.194 INFO  ProgressMeter - Montipora_capitata_HIv1___Scaffold_1___length_48529999:16365839              2.4                323000         135291.7
15:17:39.346 INFO  ProgressMeter - Montipora_capitata_HIv1___Scaffold_1___length_48529999:18334617              2.6                351000         137289.9
15:17:49.351 INFO  ProgressMeter - Montipora_capitata_HIv1___Scaffold_1___length_48529999:19549823              2.7                372000         136595.6
15:17:59.671 INFO  ProgressMeter - Montipora_capitata_HIv1___Scaffold_1___length_48529999:21067509              2.9                392000         135387.9
15:18:09.900 INFO  ProgressMeter - Montipora_capitata_HIv1___Scaffold_1___length_48529999:22608598              3.1                416000         135687.6
15:18:20.009 INFO  ProgressMeter - Montipora_capitata_HIv1___Scaffold_1___length_48529999:24400021              3.2                445000         137585.6
15:18:30.237 INFO  ProgressMeter - Montipora_capitata_HIv1___Scaffold_1___length_48529999:26401969              3.4                474000         139215.2
15:18:40.368 INFO  ProgressMeter - Montipora_capitata_HIv1___Scaffold_1___length_48529999:28008468              3.6                501000         140192.8
15:18:50.419 INFO  ProgressMeter - Montipora_capitata_HIv1___Scaffold_1___length_48529999:29699831              3.7                535000         143003.5
15:19:00.589 INFO  ProgressMeter - Montipora_capitata_HIv1___Scaffold_1___length_48529999:32455658              3.9                572000         146266.6
15:19:10.623 INFO  ProgressMeter - Montipora_capitata_HIv1___Scaffold_1___length_48529999:34420519              4.1                607000         148850.5
15:19:20.711 INFO  ProgressMeter - Montipora_capitata_HIv1___Scaffold_1___length_48529999:36127397              4.2                643000         151434.9
15:19:30.725 INFO  ProgressMeter - Montipora_capitata_HIv1___Scaffold_1___length_48529999:37157540              4.4                672000         152279.1
15:19:41.001 INFO  ProgressMeter - Montipora_capitata_HIv1___Scaffold_1___length_48529999:38057304              4.6                693000         151170.9
15:19:51.476 INFO  ProgressMeter - Montipora_capitata_HIv1___Scaffold_1___length_48529999:39129443              4.8                714000         150037.8
15:20:01.539 INFO  ProgressMeter - Montipora_capitata_HIv1___Scaffold_1___length_48529999:40411732              4.9                735000         149193.1
15:20:11.696 INFO  ProgressMeter - Montipora_capitata_HIv1___Scaffold_1___length_48529999:42097334              5.1                767000         150516.6
15:20:22.050 INFO  ProgressMeter - Montipora_capitata_HIv1___Scaffold_1___length_48529999:43815912              5.3                798000         151470.6
15:20:32.080 INFO  ProgressMeter - Montipora_capitata_HIv1___Scaffold_1___length_48529999:44831875              5.4                819000         150675.2
15:20:42.106 INFO  ProgressMeter - Montipora_capitata_HIv1___Scaffold_1___length_48529999:46333688              5.6                853000         152249.8
15:20:52.142 INFO  ProgressMeter - Montipora_capitata_HIv1___Scaffold_1___length_48529999:47948405              5.8                887000         153729.3
15:21:02.326 INFO  ProgressMeter - Montipora_capitata_HIv1___Scaffold_2___length_53177999:1400999              5.9                921000         155060.1
15:21:12.623 INFO  ProgressMeter - Montipora_capitata_HIv1___Scaffold_2___length_53177999:2927727              6.1                956000         156432.8
15:21:22.795 INFO  ProgressMeter - Montipora_capitata_HIv1___Scaffold_2___length_53177999:4378032              6.3                991000         157782.9
15:21:33.015 INFO  ProgressMeter - Montipora_capitata_HIv1___Scaffold_2___length_53177999:5912620              6.5               1023000         158577.6
15:21:43.018 INFO  ProgressMeter - Montipora_capitata_HIv1___Scaffold_2___length_53177999:7685690              6.6               1056000         159568.8
15:21:53.139 INFO  ProgressMeter - Montipora_capitata_HIv1___Scaffold_2___length_53177999:9659985              6.8               1090000         160612.6
15:22:03.177 INFO  ProgressMeter - Montipora_capitata_HIv1___Scaffold_2___length_53177999:10769980              7.0               1111000         159768.4
15:22:13.274 INFO  ProgressMeter - Montipora_capitata_HIv1___Scaffold_2___length_53177999:11703749              7.1               1133000         159082.7
15:22:23.534 INFO  ProgressMeter - Montipora_capitata_HIv1___Scaffold_2___length_53177999:13511544              7.3               1169000         160288.5
15:22:33.749 INFO  ProgressMeter - Montipora_capitata_HIv1___Scaffold_2___length_53177999:15933245              7.5               1206000         161589.6
15:22:43.984 INFO  ProgressMeter - Montipora_capitata_HIv1___Scaffold_2___length_53177999:17732395              7.6               1243000         162825.6
15:22:54.227 INFO  ProgressMeter - Montipora_capitata_HIv1___Scaffold_2___length_53177999:19605016              7.8               1280000         164005.1
15:23:04.518 INFO  ProgressMeter - Montipora_capitata_HIv1___Scaffold_2___length_53177999:20802188              8.0               1305000         163612.4
15:23:14.921 INFO  ProgressMeter - Montipora_capitata_HIv1___Scaffold_2___length_53177999:22808193              8.1               1327000         162831.4
15:23:25.150 INFO  ProgressMeter - Montipora_capitata_HIv1___Scaffold_2___length_53177999:25713933              8.3               1363000         163821.5
15:23:35.303 INFO  ProgressMeter - Montipora_capitata_HIv1___Scaffold_2___length_53177999:28343731              8.5               1400000         164914.5
15:23:45.305 INFO  ProgressMeter - Montipora_capitata_HIv1___Scaffold_2___length_53177999:31427165              8.7               1434000         165666.7
15:23:55.379 INFO  ProgressMeter - Montipora_capitata_HIv1___Scaffold_2___length_53177999:33575085              8.8               1469000         166480.9
15:24:05.391 INFO  ProgressMeter - Montipora_capitata_HIv1___Scaffold_2___length_53177999:36461598              9.0               1504000         167283.7
15:24:15.650 INFO  ProgressMeter - Montipora_capitata_HIv1___Scaffold_2___length_53177999:39371727              9.2               1540000         168091.4
15:24:25.940 INFO  ProgressMeter - Montipora_capitata_HIv1___Scaffold_2___length_53177999:41624435              9.3               1575000         168752.4
15:24:36.219 INFO  ProgressMeter - Montipora_capitata_HIv1___Scaffold_2___length_53177999:42907187              9.5               1611000         169498.7
15:24:46.279 INFO  ProgressMeter - Montipora_capitata_HIv1___Scaffold_2___length_53177999:44790829              9.7               1646000         170178.7
15:24:56.321 INFO  ProgressMeter - Montipora_capitata_HIv1___Scaffold_2___length_53177999:46382062              9.8               1681000         170841.1
15:25:06.758 INFO  ProgressMeter - Montipora_capitata_HIv1___Scaffold_2___length_53177999:47663103             10.0               1709000         170669.6
15:25:16.792 INFO  ProgressMeter - Montipora_capitata_HIv1___Scaffold_2___length_53177999:49461721             10.2               1745000         171402.2
15:25:27.006 INFO  ProgressMeter - Montipora_capitata_HIv1___Scaffold_2___length_53177999:51272890             10.4               1781000         172061.2
15:25:37.042 INFO  ProgressMeter - Montipora_capitata_HIv1___Scaffold_2___length_53177999:52866124             10.5               1817000         172747.6
15:25:47.213 INFO  ProgressMeter - Montipora_capitata_HIv1___Scaffold_3___length_47342999:1331037             10.7               1852000         173282.5
15:25:57.313 INFO  ProgressMeter - Montipora_capitata_HIv1___Scaffold_3___length_47342999:2936309             10.9               1883000         173451.1
15:26:07.352 INFO  ProgressMeter - Montipora_capitata_HIv1___Scaffold_3___length_47342999:4560719             11.0               1919000         174084.2
15:26:17.526 INFO  ProgressMeter - Montipora_capitata_HIv1___Scaffold_3___length_47342999:6087983             11.2               1945000         173769.8
15:26:27.687 INFO  ProgressMeter - Montipora_capitata_HIv1___Scaffold_3___length_47342999:7969883             11.4               1980000         174260.5
15:26:37.688 INFO  ProgressMeter - Montipora_capitata_HIv1___Scaffold_3___length_47342999:10797236             11.5               2014000         174690.2
15:26:47.952 INFO  ProgressMeter - Montipora_capitata_HIv1___Scaffold_3___length_47342999:13032734             11.7               2051000         175298.1
15:26:57.984 INFO  ProgressMeter - Montipora_capitata_HIv1___Scaffold_3___length_47342999:15216878             11.9               2085000         175693.4
15:27:08.157 INFO  ProgressMeter - Montipora_capitata_HIv1___Scaffold_3___length_47342999:17824472             12.0               2122000         176292.5
15:27:18.191 INFO  ProgressMeter - Montipora_capitata_HIv1___Scaffold_3___length_47342999:20796358             12.2               2159000         176908.5
15:27:28.210 INFO  ProgressMeter - Montipora_capitata_HIv1___Scaffold_3___length_47342999:24517430             12.4               2196000         177511.7
15:27:38.378 INFO  ProgressMeter - Montipora_capitata_HIv1___Scaffold_3___length_47342999:27666963             12.5               2234000         178143.1
15:27:48.454 INFO  ProgressMeter - Montipora_capitata_HIv1___Scaffold_3___length_47342999:30332325             12.7               2273000         178857.6
15:27:58.569 INFO  ProgressMeter - Montipora_capitata_HIv1___Scaffold_3___length_47342999:33008278             12.9               2310000         179389.4
15:28:08.737 INFO  ProgressMeter - Montipora_capitata_HIv1___Scaffold_3___length_47342999:34935588             13.0               2346000         179818.6
15:28:18.964 INFO  ProgressMeter - Montipora_capitata_HIv1___Scaffold_3___length_47342999:37412214             13.2               2383000         180299.0
15:28:29.286 INFO  ProgressMeter - Montipora_capitata_HIv1___Scaffold_3___length_47342999:38804494             13.4               2407000         179774.9
15:28:39.566 INFO  ProgressMeter - Montipora_capitata_HIv1___Scaffold_3___length_47342999:39657201             13.6               2426000         178904.8
15:28:49.791 INFO  ProgressMeter - Montipora_capitata_HIv1___Scaffold_3___length_47342999:41078437             13.7               2455000         178796.2
15:28:59.972 INFO  ProgressMeter - Montipora_capitata_HIv1___Scaffold_3___length_47342999:42915522             13.9               2491000         179203.5
15:29:10.198 INFO  ProgressMeter - Montipora_capitata_HIv1___Scaffold_3___length_47342999:44727156             14.1               2528000         179662.4
15:29:20.471 INFO  ProgressMeter - Montipora_capitata_HIv1___Scaffold_3___length_47342999:45386491             14.2               2551000         179117.7
15:29:30.705 INFO  ProgressMeter - Montipora_capitata_HIv1___Scaffold_3___length_47342999:46351098             14.4               2572000         178454.8
15:29:40.833 INFO  ProgressMeter - Montipora_capitata_HIv1___Scaffold_3___length_47342999:47156508             14.6               2592000         177760.5
15:29:51.101 INFO  ProgressMeter - Montipora_capitata_HIv1___Scaffold_4___length_47716837:1920240             14.8               2629000         178206.5
15:30:01.413 INFO  ProgressMeter - Montipora_capitata_HIv1___Scaffold_4___length_47716837:3378269             14.9               2660000         178231.4
15:30:11.620 INFO  ProgressMeter - Montipora_capitata_HIv1___Scaffold_4___length_47716837:4738012             15.1               2689000         178144.2
15:30:21.860 INFO  ProgressMeter - Montipora_capitata_HIv1___Scaffold_4___length_47716837:5989529             15.3               2723000         178379.6
15:30:31.914 INFO  ProgressMeter - Montipora_capitata_HIv1___Scaffold_4___length_47716837:8000698             15.4               2757000         178646.1
15:30:42.179 INFO  ProgressMeter - Montipora_capitata_HIv1___Scaffold_4___length_47716837:10153613             15.6               2794000         179058.4
15:30:52.374 INFO  ProgressMeter - Montipora_capitata_HIv1___Scaffold_4___length_47716837:12463373             15.8               2831000         179475.2
15:31:02.533 INFO  ProgressMeter - Montipora_capitata_HIv1___Scaffold_4___length_47716837:14444013             15.9               2867000         179827.2
15:31:12.693 INFO  ProgressMeter - Montipora_capitata_HIv1___Scaffold_4___length_47716837:16983974             16.1               2902000         180109.5
15:31:22.866 INFO  ProgressMeter - Montipora_capitata_HIv1___Scaffold_4___length_47716837:19008359             16.3               2933000         180138.1
15:31:33.186 INFO  ProgressMeter - Montipora_capitata_HIv1___Scaffold_4___length_47716837:21145698             16.5               2964000         180139.1
15:31:43.445 INFO  ProgressMeter - Montipora_capitata_HIv1___Scaffold_4___length_47716837:24421625             16.6               3003000         180632.1
15:31:53.454 INFO  ProgressMeter - Montipora_capitata_HIv1___Scaffold_4___length_47716837:27009522             16.8               3040000         181041.1
15:32:03.658 INFO  ProgressMeter - Montipora_capitata_HIv1___Scaffold_4___length_47716837:30308572             17.0               3078000         181466.2
15:32:13.689 INFO  ProgressMeter - Montipora_capitata_HIv1___Scaffold_4___length_47716837:32858941             17.1               3111000         181621.6
15:32:24.100 INFO  ProgressMeter - Montipora_capitata_HIv1___Scaffold_4___length_47716837:34950457             17.3               3133000         181071.8
15:32:34.168 INFO  ProgressMeter - Montipora_capitata_HIv1___Scaffold_4___length_47716837:35991301             17.5               3154000         180534.6
15:32:44.377 INFO  ProgressMeter - Montipora_capitata_HIv1___Scaffold_4___length_47716837:36868467             17.6               3175000         179983.7
15:32:54.637 INFO  ProgressMeter - Montipora_capitata_HIv1___Scaffold_4___length_47716837:37755805             17.8               3196000         179434.8
15:33:04.964 INFO  ProgressMeter - Montipora_capitata_HIv1___Scaffold_4___length_47716837:38697026             18.0               3217000         178885.2
15:33:14.995 INFO  ProgressMeter - Montipora_capitata_HIv1___Scaffold_4___length_47716837:39751703             18.2               3243000         178670.0
15:33:25.013 INFO  ProgressMeter - Montipora_capitata_HIv1___Scaffold_4___length_47716837:41378900             18.3               3278000         178952.1
15:33:35.195 INFO  ProgressMeter - Montipora_capitata_HIv1___Scaffold_4___length_47716837:42992729             18.5               3313000         179202.6
15:33:45.395 INFO  ProgressMeter - Montipora_capitata_HIv1___Scaffold_4___length_47716837:44382738             18.7               3341000         179070.6
15:33:55.531 INFO  ProgressMeter - Montipora_capitata_HIv1___Scaffold_4___length_47716837:46619137             18.8               3376000         179322.8
15:34:05.682 INFO  ProgressMeter - Montipora_capitata_HIv1___Scaffold_5___length_62411161:991732             19.0               3412000         179621.0
15:34:15.718 INFO  ProgressMeter - Montipora_capitata_HIv1___Scaffold_5___length_62411161:2731760             19.2               3448000         179931.6
15:34:25.720 INFO  ProgressMeter - Montipora_capitata_HIv1___Scaffold_5___length_62411161:4786714             19.3               3484000         180242.3
15:34:35.965 INFO  ProgressMeter - Montipora_capitata_HIv1___Scaffold_5___length_62411161:6736870             19.5               3521000         180561.6
15:34:46.009 INFO  ProgressMeter - Montipora_capitata_HIv1___Scaffold_5___length_62411161:8468225             19.7               3557000         180855.1
15:34:56.161 INFO  ProgressMeter - Montipora_capitata_HIv1___Scaffold_5___length_62411161:10894417             19.8               3594000         181177.7
15:35:06.285 INFO  ProgressMeter - Montipora_capitata_HIv1___Scaffold_5___length_62411161:12872611             20.0               3630000         181449.2
15:35:16.359 INFO  ProgressMeter - Montipora_capitata_HIv1___Scaffold_5___length_62411161:14899467             20.2               3665000         181673.8
15:35:26.502 INFO  ProgressMeter - Montipora_capitata_HIv1___Scaffold_5___length_62411161:16998701             20.3               3701000         181933.9
15:35:36.547 INFO  ProgressMeter - Montipora_capitata_HIv1___Scaffold_5___length_62411161:18837234             20.5               3739000         182301.6
15:35:46.648 INFO  ProgressMeter - Montipora_capitata_HIv1___Scaffold_5___length_62411161:20726672             20.7               3775000         182558.2
15:35:56.660 INFO  ProgressMeter - Montipora_capitata_HIv1___Scaffold_5___length_62411161:22881115             20.8               3809000         182727.9
15:36:06.786 INFO  ProgressMeter - Montipora_capitata_HIv1___Scaffold_5___length_62411161:23937853             21.0               3830000         182259.7
15:36:16.818 INFO  ProgressMeter - Montipora_capitata_HIv1___Scaffold_5___length_62411161:25900985             21.2               3859000         182190.2
15:36:27.047 INFO  ProgressMeter - Montipora_capitata_HIv1___Scaffold_5___length_62411161:28460742             21.4               3896000         182468.3
15:36:37.133 INFO  ProgressMeter - Montipora_capitata_HIv1___Scaffold_5___length_62411161:30462632             21.5               3932000         182715.9
15:36:47.336 INFO  ProgressMeter - Montipora_capitata_HIv1___Scaffold_5___length_62411161:31669167             21.7               3958000         182482.2
15:36:57.584 INFO  ProgressMeter - Montipora_capitata_HIv1___Scaffold_5___length_62411161:34435396             21.9               3995000         182748.9
15:37:07.679 INFO  ProgressMeter - Montipora_capitata_HIv1___Scaffold_5___length_62411161:36214932             22.0               4022000         182578.9
15:37:18.094 INFO  ProgressMeter - Montipora_capitata_HIv1___Scaffold_5___length_62411161:37589237             22.2               4044000         182142.2
15:37:28.554 INFO  ProgressMeter - Montipora_capitata_HIv1___Scaffold_5___length_62411161:38901574             22.4               4066000         181706.3
15:37:38.750 INFO  ProgressMeter - Montipora_capitata_HIv1___Scaffold_5___length_62411161:41520623             22.5               4102000         181933.6
15:37:48.881 INFO  ProgressMeter - Montipora_capitata_HIv1___Scaffold_5___length_62411161:43816474             22.7               4138000         182166.0
15:37:59.027 INFO  ProgressMeter - Montipora_capitata_HIv1___Scaffold_5___length_62411161:46183036             22.9               4175000         182436.7
15:38:09.050 INFO  ProgressMeter - Montipora_capitata_HIv1___Scaffold_5___length_62411161:48899318             23.1               4211000         182676.3
15:38:19.214 INFO  ProgressMeter - Montipora_capitata_HIv1___Scaffold_5___length_62411161:51172181             23.2               4248000         182937.2
15:38:29.383 INFO  ProgressMeter - Montipora_capitata_HIv1___Scaffold_5___length_62411161:53415168             23.4               4285000         183193.4
15:38:39.766 INFO  ProgressMeter - Montipora_capitata_HIv1___Scaffold_5___length_62411161:54512613             23.6               4312000         182993.9
15:38:49.794 INFO  ProgressMeter - Montipora_capitata_HIv1___Scaffold_5___length_62411161:56094844             23.7               4346000         183137.8
15:39:00.016 INFO  ProgressMeter - Montipora_capitata_HIv1___Scaffold_5___length_62411161:57494897             23.9               4382000         183338.6
15:39:10.259 INFO  ProgressMeter - Montipora_capitata_HIv1___Scaffold_5___length_62411161:58892631             24.1               4413000         183326.2
15:39:20.724 INFO  ProgressMeter - Montipora_capitata_HIv1___Scaffold_5___length_62411161:59711961             24.2               4434000         182873.6
15:39:30.897 INFO  ProgressMeter - Montipora_capitata_HIv1___Scaffold_5___length_62411161:60849208             24.4               4454000         182422.9
15:39:40.950 INFO  ProgressMeter - Montipora_capitata_HIv1___Scaffold_5___length_62411161:62279209             24.6               4485000         182440.6
15:39:51.010 INFO  ProgressMeter - Montipora_capitata_HIv1___Scaffold_6___length_38979999:1417482             24.8               4519000         182578.2
15:40:01.157 INFO  ProgressMeter - Montipora_capitata_HIv1___Scaffold_6___length_38979999:2993728             24.9               4554000         182743.7
15:40:11.347 INFO  ProgressMeter - Montipora_capitata_HIv1___Scaffold_6___length_38979999:4613575             25.1               4589000         182901.8
15:40:21.480 INFO  ProgressMeter - Montipora_capitata_HIv1___Scaffold_6___length_38979999:5602472             25.3               4611000         182549.8
15:40:31.580 INFO  ProgressMeter - Montipora_capitata_HIv1___Scaffold_6___length_38979999:6716943             25.4               4639000         182442.4
15:40:41.809 INFO  ProgressMeter - Montipora_capitata_HIv1___Scaffold_6___length_38979999:8126274             25.6               4673000         182555.6
15:40:51.931 INFO  ProgressMeter - Montipora_capitata_HIv1___Scaffold_6___length_38979999:9928381             25.8               4706000         182641.1
15:41:02.200 INFO  ProgressMeter - Montipora_capitata_HIv1___Scaffold_6___length_38979999:12327849             25.9               4739000         182708.2
15:41:12.279 INFO  ProgressMeter - Montipora_capitata_HIv1___Scaffold_6___length_38979999:14756187             26.1               4774000         182873.3
15:41:22.483 INFO  ProgressMeter - Montipora_capitata_HIv1___Scaffold_6___length_38979999:16377646             26.3               4810000         183059.7
15:41:32.568 INFO  ProgressMeter - Montipora_capitata_HIv1___Scaffold_6___length_38979999:18822877             26.4               4847000         183295.3
15:41:42.759 INFO  ProgressMeter - Montipora_capitata_HIv1___Scaffold_6___length_38979999:21581450             26.6               4883000         183478.2
15:41:52.981 INFO  ProgressMeter - Montipora_capitata_HIv1___Scaffold_6___length_38979999:24490913             26.8               4916000         183543.2
15:42:03.253 INFO  ProgressMeter - Montipora_capitata_HIv1___Scaffold_6___length_38979999:26239452             27.0               4942000         183342.0
15:42:13.434 INFO  ProgressMeter - Montipora_capitata_HIv1___Scaffold_6___length_38979999:27816297             27.1               4977000         183485.4
15:42:23.717 INFO  ProgressMeter - Montipora_capitata_HIv1___Scaffold_6___length_38979999:29335036             27.3               5012000         183615.6
15:42:33.958 INFO  ProgressMeter - Montipora_capitata_HIv1___Scaffold_6___length_38979999:30957894             27.5               5048000         183785.3
15:42:44.146 INFO  ProgressMeter - Montipora_capitata_HIv1___Scaffold_6___length_38979999:32466217             27.6               5083000         183922.5
15:42:54.183 INFO  ProgressMeter - Montipora_capitata_HIv1___Scaffold_6___length_38979999:33878241             27.8               5118000         184074.8
15:43:04.374 INFO  ProgressMeter - Montipora_capitata_HIv1___Scaffold_6___length_38979999:35389827             28.0               5154000         184244.0
15:43:14.524 INFO  ProgressMeter - Montipora_capitata_HIv1___Scaffold_6___length_38979999:37289287             28.1               5188000         184344.7
15:43:24.773 INFO  ProgressMeter - Montipora_capitata_HIv1___Scaffold_7___length_22000686:216282             28.3               5219000         184327.5
15:43:34.917 INFO  ProgressMeter - Montipora_capitata_HIv1___Scaffold_7___length_22000686:1508085             28.5               5240000         183970.6
15:43:45.169 INFO  ProgressMeter - Montipora_capitata_HIv1___Scaffold_7___length_22000686:2597726             28.7               5261000         183606.5
15:43:55.361 INFO  ProgressMeter - Montipora_capitata_HIv1___Scaffold_7___length_22000686:3514179             28.8               5282000         183252.9
15:44:05.383 INFO  ProgressMeter - Montipora_capitata_HIv1___Scaffold_7___length_22000686:4839464             29.0               5303000         182921.6
15:44:15.483 INFO  ProgressMeter - Montipora_capitata_HIv1___Scaffold_7___length_22000686:6097699             29.2               5332000         182860.0
15:44:25.632 INFO  ProgressMeter - Montipora_capitata_HIv1___Scaffold_7___length_22000686:7974359             29.3               5368000         183032.9
15:44:35.747 INFO  ProgressMeter - Montipora_capitata_HIv1___Scaffold_7___length_22000686:9728826             29.5               5405000         183241.1
15:44:46.011 INFO  ProgressMeter - Montipora_capitata_HIv1___Scaffold_7___length_22000686:11441579             29.7               5442000         183431.7
15:44:56.116 INFO  ProgressMeter - Montipora_capitata_HIv1___Scaffold_7___length_22000686:12534244             29.8               5473000         183435.3
15:45:06.153 INFO  ProgressMeter - Montipora_capitata_HIv1___Scaffold_7___length_22000686:13816090             30.0               5497000         183212.5
15:45:16.175 INFO  ProgressMeter - Montipora_capitata_HIv1___Scaffold_7___length_22000686:16006422             30.2               5532000         183358.3
15:45:26.420 INFO  ProgressMeter - Montipora_capitata_HIv1___Scaffold_7___length_22000686:17614385             30.3               5566000         183447.0
15:45:36.522 INFO  ProgressMeter - Montipora_capitata_HIv1___Scaffold_7___length_22000686:19110575             30.5               5602000         183614.5
15:45:46.758 INFO  ProgressMeter - Montipora_capitata_HIv1___Scaffold_7___length_22000686:20348066             30.7               5638000         183766.9
15:45:56.835 INFO  ProgressMeter - Montipora_capitata_HIv1___Scaffold_7___length_22000686:21700485             30.8               5674000         183933.5
15:46:06.946 INFO  ProgressMeter - Montipora_capitata_HIv1___Scaffold_8___length_68683312:1715107             31.0               5711000         184127.0
15:46:16.996 INFO  ProgressMeter - Montipora_capitata_HIv1___Scaffold_8___length_68683312:3555143             31.2               5747000         184292.4
15:46:27.245 INFO  ProgressMeter - Montipora_capitata_HIv1___Scaffold_8___length_68683312:5593167             31.4               5783000         184436.6
15:46:37.414 INFO  ProgressMeter - Montipora_capitata_HIv1___Scaffold_8___length_68683312:7560651             31.5               5816000         184491.9
15:46:47.697 INFO  ProgressMeter - Montipora_capitata_HIv1___Scaffold_8___length_68683312:9157382             31.7               5844000         184377.7
15:46:57.894 INFO  ProgressMeter - Montipora_capitata_HIv1___Scaffold_8___length_68683312:11105448             31.9               5873000         184304.4
15:47:08.006 INFO  ProgressMeter - Montipora_capitata_HIv1___Scaffold_8___length_68683312:12900345             32.0               5908000         184427.3
15:47:18.431 INFO  ProgressMeter - Montipora_capitata_HIv1___Scaffold_8___length_68683312:14251751             32.2               5930000         184115.5
15:47:28.564 INFO  ProgressMeter - Montipora_capitata_HIv1___Scaffold_8___length_68683312:15939129             32.4               5962000         184143.4
15:47:38.705 INFO  ProgressMeter - Montipora_capitata_HIv1___Scaffold_8___length_68683312:17670714             32.5               5991000         184078.2
15:47:48.816 INFO  ProgressMeter - Montipora_capitata_HIv1___Scaffold_8___length_68683312:19403909             32.7               6025000         184169.3
15:47:58.850 INFO  ProgressMeter - Montipora_capitata_HIv1___Scaffold_8___length_68683312:20696768             32.9               6051000         184023.3
15:48:08.860 INFO  ProgressMeter - Montipora_capitata_HIv1___Scaffold_8___length_68683312:22781391             33.0               6087000         184183.7
15:48:19.088 INFO  ProgressMeter - Montipora_capitata_HIv1___Scaffold_8___length_68683312:24999230             33.2               6122000         184292.2
15:48:29.350 INFO  ProgressMeter - Montipora_capitata_HIv1___Scaffold_8___length_68683312:26944558             33.4               6160000         184486.2
15:48:39.431 INFO  ProgressMeter - Montipora_capitata_HIv1___Scaffold_8___length_68683312:28923410             33.6               6195000         184605.6
15:48:49.542 INFO  ProgressMeter - Montipora_capitata_HIv1___Scaffold_8___length_68683312:31329546             33.7               6232000         184780.1
15:48:59.872 INFO  ProgressMeter - Montipora_capitata_HIv1___Scaffold_8___length_68683312:34093020             33.9               6265000         184815.2
15:49:09.991 INFO  ProgressMeter - Montipora_capitata_HIv1___Scaffold_8___length_68683312:35382765             34.1               6286000         184516.7
15:49:20.307 INFO  ProgressMeter - Montipora_capitata_HIv1___Scaffold_8___length_68683312:37331109             34.2               6308000         184232.7
15:49:30.392 INFO  ProgressMeter - Montipora_capitata_HIv1___Scaffold_8___length_68683312:39812478             34.4               6343000         184349.9
15:49:40.820 INFO  ProgressMeter - Montipora_capitata_HIv1___Scaffold_8___length_68683312:42306788             34.6               6376000         184377.6
15:49:50.962 INFO  ProgressMeter - Montipora_capitata_HIv1___Scaffold_8___length_68683312:44409706             34.8               6402000         184229.0
15:50:01.134 INFO  ProgressMeter - Montipora_capitata_HIv1___Scaffold_8___length_68683312:46148583             34.9               6427000         184050.5
15:50:11.206 INFO  ProgressMeter - Montipora_capitata_HIv1___Scaffold_8___length_68683312:49042935             35.1               6465000         184253.0
15:50:21.269 INFO  ProgressMeter - Montipora_capitata_HIv1___Scaffold_8___length_68683312:51051983             35.3               6500000         184369.3
15:50:31.501 INFO  ProgressMeter - Montipora_capitata_HIv1___Scaffold_8___length_68683312:53107942             35.4               6535000         184469.6
15:50:41.740 INFO  ProgressMeter - Montipora_capitata_HIv1___Scaffold_8___length_68683312:54941418             35.6               6572000         184624.7
15:50:52.019 INFO  ProgressMeter - Montipora_capitata_HIv1___Scaffold_8___length_68683312:56564176             35.8               6609000         184774.9
15:51:02.421 INFO  ProgressMeter - Montipora_capitata_HIv1___Scaffold_8___length_68683312:58061928             35.9               6641000         184773.9
15:51:12.930 INFO  ProgressMeter - Montipora_capitata_HIv1___Scaffold_8___length_68683312:59315403             36.1               6662000         184459.4
15:51:23.101 INFO  ProgressMeter - Montipora_capitata_HIv1___Scaffold_8___length_68683312:61457374             36.3               6693000         184451.9
15:51:33.123 INFO  ProgressMeter - Montipora_capitata_HIv1___Scaffold_8___length_68683312:63351866             36.5               6729000         184594.3
15:51:43.524 INFO  ProgressMeter - Montipora_capitata_HIv1___Scaffold_8___length_68683312:64802560             36.6               6758000         184512.5
15:51:53.605 INFO  ProgressMeter - Montipora_capitata_HIv1___Scaffold_8___length_68683312:66138403             36.8               6785000         184403.6
15:52:03.882 INFO  ProgressMeter - Montipora_capitata_HIv1___Scaffold_8___length_68683312:68290848             37.0               6822000         184550.1
15:52:14.009 INFO  ProgressMeter - Montipora_capitata_HIv1___Scaffold_9___length_36520733:1207171             37.1               6858000         184680.8
15:52:24.097 INFO  ProgressMeter - Montipora_capitata_HIv1___Scaffold_9___length_36520733:2630935             37.3               6894000         184813.4
15:52:34.342 INFO  ProgressMeter - Montipora_capitata_HIv1___Scaffold_9___length_36520733:4220118             37.5               6928000         184878.6
15:52:44.750 INFO  ProgressMeter - Montipora_capitata_HIv1___Scaffold_9___length_36520733:5507231             37.6               6962000         184930.0
15:52:54.755 INFO  ProgressMeter - Montipora_capitata_HIv1___Scaffold_9___length_36520733:6667433             37.8               6982000         184643.4
15:53:04.958 INFO  ProgressMeter - Montipora_capitata_HIv1___Scaffold_9___length_36520733:8133290             38.0               7015000         184685.5
15:53:14.997 INFO  ProgressMeter - Montipora_capitata_HIv1___Scaffold_9___length_36520733:9603661             38.2               7051000         184819.1
15:53:25.209 INFO  ProgressMeter - Montipora_capitata_HIv1___Scaffold_9___length_36520733:11317202             38.3               7088000         184963.8
15:53:35.466 INFO  ProgressMeter - Montipora_capitata_HIv1___Scaffold_9___length_36520733:13030613             38.5               7125000         185103.6
15:53:45.519 INFO  ProgressMeter - Montipora_capitata_HIv1___Scaffold_9___length_36520733:15972720             38.7               7164000         185310.1
15:53:55.547 INFO  ProgressMeter - Montipora_capitata_HIv1___Scaffold_9___length_36520733:18389259             38.8               7201000         185465.4
15:54:05.560 INFO  ProgressMeter - Montipora_capitata_HIv1___Scaffold_9___length_36520733:20425208             39.0               7229000         185389.8
15:54:15.650 INFO  ProgressMeter - Montipora_capitata_HIv1___Scaffold_9___length_36520733:22911261             39.2               7266000         185538.4
15:54:25.699 INFO  ProgressMeter - Montipora_capitata_HIv1___Scaffold_9___length_36520733:25641531             39.3               7301000         185638.3
15:54:35.875 INFO  ProgressMeter - Montipora_capitata_HIv1___Scaffold_9___length_36520733:27224608             39.5               7327000         185499.4
15:54:45.988 INFO  ProgressMeter - Montipora_capitata_HIv1___Scaffold_9___length_36520733:28660192             39.7               7364000         185644.0
15:54:56.077 INFO  ProgressMeter - Montipora_capitata_HIv1___Scaffold_9___length_36520733:29684725             39.8               7387000         185437.8
15:55:06.489 INFO  ProgressMeter - Montipora_capitata_HIv1___Scaffold_9___length_36520733:30296468             40.0               7408000         185158.3
15:55:17.009 INFO  ProgressMeter - Montipora_capitata_HIv1___Scaffold_9___length_36520733:30849381             40.2               7429000         184873.0
15:55:27.325 INFO  ProgressMeter - Montipora_capitata_HIv1___Scaffold_9___length_36520733:31542156             40.4               7450000         184605.8
15:55:37.490 INFO  ProgressMeter - Montipora_capitata_HIv1___Scaffold_9___length_36520733:32325738             40.5               7471000         184352.2
15:55:47.699 INFO  ProgressMeter - Montipora_capitata_HIv1___Scaffold_9___length_36520733:33510317             40.7               7502000         184343.1
15:55:57.884 INFO  ProgressMeter - Montipora_capitata_HIv1___Scaffold_9___length_36520733:35549526             40.9               7539000         184482.8
15:56:08.091 INFO  ProgressMeter - Montipora_capitata_HIv1___Scaffold_10___length_69151359:800138             41.0               7575000         184595.3
15:56:18.285 INFO  ProgressMeter - Montipora_capitata_HIv1___Scaffold_10___length_69151359:2453265             41.2               7605000         184562.3
15:56:28.345 INFO  ProgressMeter - Montipora_capitata_HIv1___Scaffold_10___length_69151359:3970979             41.4               7638000         184612.0
15:56:38.374 INFO  ProgressMeter - Montipora_capitata_HIv1___Scaffold_10___length_69151359:5953507             41.5               7674000         184735.7
15:56:48.596 INFO  ProgressMeter - Montipora_capitata_HIv1___Scaffold_10___length_69151359:7666408             41.7               7709000         184820.2
15:56:58.802 INFO  ProgressMeter - Montipora_capitata_HIv1___Scaffold_10___length_69151359:9621883             41.9               7744000         184905.3
15:57:08.822 INFO  ProgressMeter - Montipora_capitata_HIv1___Scaffold_10___length_69151359:11685285             42.0               7780000         185027.1
15:57:19.035 INFO  ProgressMeter - Montipora_capitata_HIv1___Scaffold_10___length_69151359:13659037             42.2               7816000         185133.8
15:57:29.284 INFO  ProgressMeter - Montipora_capitata_HIv1___Scaffold_10___length_69151359:15167441             42.4               7851000         185213.4
15:57:39.456 INFO  ProgressMeter - Montipora_capitata_HIv1___Scaffold_10___length_69151359:16571050             42.6               7887000         185321.5
15:57:49.549 INFO  ProgressMeter - Montipora_capitata_HIv1___Scaffold_10___length_69151359:18756564             42.7               7924000         185457.9
15:57:59.574 INFO  ProgressMeter - Montipora_capitata_HIv1___Scaffold_10___length_69151359:21309322             42.9               7962000         185621.4
15:58:09.734 INFO  ProgressMeter - Montipora_capitata_HIv1___Scaffold_10___length_69151359:23510056             43.1               7999000         185750.7
15:58:19.970 INFO  ProgressMeter - Montipora_capitata_HIv1___Scaffold_10___length_69151359:26775660             43.2               8037000         185896.7
15:58:29.976 INFO  ProgressMeter - Montipora_capitata_HIv1___Scaffold_10___length_69151359:30161854             43.4               8074000         186034.9
15:58:40.157 INFO  ProgressMeter - Montipora_capitata_HIv1___Scaffold_10___length_69151359:32651430             43.6               8111000         186159.6
15:58:50.343 INFO  ProgressMeter - Montipora_capitata_HIv1___Scaffold_10___length_69151359:35510662             43.7               8148000         186283.0
15:59:00.525 INFO  ProgressMeter - Montipora_capitata_HIv1___Scaffold_10___length_69151359:38338413             43.9               8185000         186405.6
15:59:10.658 INFO  ProgressMeter - Montipora_capitata_HIv1___Scaffold_10___length_69151359:40790099             44.1               8221000         186508.2
15:59:20.877 INFO  ProgressMeter - Montipora_capitata_HIv1___Scaffold_10___length_69151359:43150597             44.2               8258000         186626.5
15:59:30.990 INFO  ProgressMeter - Montipora_capitata_HIv1___Scaffold_10___length_69151359:45315605             44.4               8295000         186751.3
15:59:41.067 INFO  ProgressMeter - Montipora_capitata_HIv1___Scaffold_10___length_69151359:47502029             44.6               8332000         186877.7
15:59:51.435 INFO  ProgressMeter - Montipora_capitata_HIv1___Scaffold_10___length_69151359:49842611             44.8               8366000         186915.8
16:00:01.692 INFO  ProgressMeter - Montipora_capitata_HIv1___Scaffold_10___length_69151359:51472395             44.9               8396000         186872.3
16:00:11.950 INFO  ProgressMeter - Montipora_capitata_HIv1___Scaffold_10___length_69151359:52612401             45.1               8418000         186651.7
16:00:22.093 INFO  ProgressMeter - Montipora_capitata_HIv1___Scaffold_10___length_69151359:53988352             45.3               8439000         186418.6
16:00:32.391 INFO  ProgressMeter - Montipora_capitata_HIv1___Scaffold_10___length_69151359:55090303             45.4               8459000         186154.7
16:00:42.432 INFO  ProgressMeter - Montipora_capitata_HIv1___Scaffold_10___length_69151359:56308106             45.6               8480000         185932.0
16:00:52.525 INFO  ProgressMeter - Montipora_capitata_HIv1___Scaffold_10___length_69151359:57498291             45.8               8505000         185795.0
16:01:02.630 INFO  ProgressMeter - Montipora_capitata_HIv1___Scaffold_10___length_69151359:59517284             45.9               8541000         185897.4
16:01:12.860 INFO  ProgressMeter - Montipora_capitata_HIv1___Scaffold_10___length_69151359:61439909             46.1               8578000         186012.4
16:01:22.985 INFO  ProgressMeter - Montipora_capitata_HIv1___Scaffold_10___length_69151359:63728914             46.3               8614000         186112.0
16:01:33.166 INFO  ProgressMeter - Montipora_capitata_HIv1___Scaffold_10___length_69151359:65692491             46.5               8649000         186185.7
16:01:43.417 INFO  ProgressMeter - Montipora_capitata_HIv1___Scaffold_10___length_69151359:67792301             46.6               8686000         186297.0
16:01:53.652 INFO  ProgressMeter - Montipora_capitata_HIv1___Scaffold_11___length_67098902:814540             46.8               8723000         186408.5
16:02:03.865 INFO  ProgressMeter - Montipora_capitata_HIv1___Scaffold_11___length_67098902:3042679             47.0               8760000         186520.8
16:02:14.025 INFO  ProgressMeter - Montipora_capitata_HIv1___Scaffold_11___length_67098902:4511715             47.1               8795000         186593.3
16:02:24.223 INFO  ProgressMeter - Montipora_capitata_HIv1___Scaffold_11___length_67098902:6517708             47.3               8831000         186683.8
16:02:34.247 INFO  ProgressMeter - Montipora_capitata_HIv1___Scaffold_11___length_67098902:8298328             47.5               8866000         186764.1
16:02:44.498 INFO  ProgressMeter - Montipora_capitata_HIv1___Scaffold_11___length_67098902:10558514             47.6               8902000         186850.0
16:02:54.604 INFO  ProgressMeter - Montipora_capitata_HIv1___Scaffold_11___length_67098902:12622329             47.8               8938000         186944.7
16:03:04.689 INFO  ProgressMeter - Montipora_capitata_HIv1___Scaffold_11___length_67098902:14507793             48.0               8974000         187040.1
16:03:14.723 INFO  ProgressMeter - Montipora_capitata_HIv1___Scaffold_11___length_67098902:16375097             48.1               9010000         187138.1
16:03:24.897 INFO  ProgressMeter - Montipora_capitata_HIv1___Scaffold_11___length_67098902:18529515             48.3               9047000         187247.2
16:03:35.124 INFO  ProgressMeter - Montipora_capitata_HIv1___Scaffold_11___length_67098902:20411676             48.5               9084000         187352.0
16:03:45.340 INFO  ProgressMeter - Montipora_capitata_HIv1___Scaffold_11___length_67098902:22397851             48.7               9121000         187456.8
16:03:55.578 INFO  ProgressMeter - Montipora_capitata_HIv1___Scaffold_11___length_67098902:24406745             48.8               9158000         187559.5
16:04:05.816 INFO  ProgressMeter - Montipora_capitata_HIv1___Scaffold_11___length_67098902:26177051             49.0               9195000         187661.5
16:04:16.018 INFO  ProgressMeter - Montipora_capitata_HIv1___Scaffold_11___length_67098902:28199513             49.2               9230000         187724.4
16:04:26.105 INFO  ProgressMeter - Montipora_capitata_HIv1___Scaffold_11___length_67098902:30433737             49.3               9267000         187834.6
16:04:36.262 INFO  ProgressMeter - Montipora_capitata_HIv1___Scaffold_11___length_67098902:32701817             49.5               9304000         187939.7
16:04:46.264 INFO  ProgressMeter - Montipora_capitata_HIv1___Scaffold_11___length_67098902:34888743             49.7               9342000         188074.0
16:04:56.303 INFO  ProgressMeter - Montipora_capitata_HIv1___Scaffold_11___length_67098902:37847624             49.8               9379000         188185.0
16:05:06.360 INFO  ProgressMeter - Montipora_capitata_HIv1___Scaffold_11___length_67098902:40482005             50.0               9416000         188294.1
16:05:16.367 INFO  ProgressMeter - Montipora_capitata_HIv1___Scaffold_11___length_67098902:43456864             50.2               9453000         188405.7
16:05:26.373 INFO  ProgressMeter - Montipora_capitata_HIv1___Scaffold_11___length_67098902:46423563             50.3               9490000         188516.5
16:05:36.582 INFO  ProgressMeter - Montipora_capitata_HIv1___Scaffold_11___length_67098902:48523769             50.5               9527000         188614.0
16:05:46.728 INFO  ProgressMeter - Montipora_capitata_HIv1___Scaffold_11___length_67098902:50726158             50.7               9564000         188714.8
16:05:56.819 INFO  ProgressMeter - Montipora_capitata_HIv1___Scaffold_11___length_67098902:53217773             50.8               9601000         188818.2
16:06:06.912 INFO  ProgressMeter - Montipora_capitata_HIv1___Scaffold_11___length_67098902:55117247             51.0               9636000         188881.7
16:06:17.192 INFO  ProgressMeter - Montipora_capitata_HIv1___Scaffold_11___length_67098902:57046654             51.2               9673000         188972.3
16:06:27.366 INFO  ProgressMeter - Montipora_capitata_HIv1___Scaffold_11___length_67098902:58746542             51.4               9711000         189088.3
16:06:37.554 INFO  ProgressMeter - Montipora_capitata_HIv1___Scaffold_11___length_67098902:60710812             51.5               9748000         189183.2
16:06:47.708 INFO  ProgressMeter - Montipora_capitata_HIv1___Scaffold_11___length_67098902:62724606             51.7               9785000         189279.6
16:06:57.972 INFO  ProgressMeter - Montipora_capitata_HIv1___Scaffold_11___length_67098902:64687015             51.9               9822000         189368.7
16:07:08.061 INFO  ProgressMeter - Montipora_capitata_HIv1___Scaffold_11___length_67098902:66750038             52.0               9858000         189448.6
16:07:18.346 INFO  ProgressMeter - Montipora_capitata_HIv1___Scaffold_12___length_43329812:1553063             52.2               9894000         189516.1
16:07:28.456 INFO  ProgressMeter - Montipora_capitata_HIv1___Scaffold_12___length_43329812:3322026             52.4               9924000         189479.3
16:07:38.533 INFO  ProgressMeter - Montipora_capitata_HIv1___Scaffold_12___length_43329812:4411205             52.5               9945000         189273.2
16:07:48.629 INFO  ProgressMeter - Montipora_capitata_HIv1___Scaffold_12___length_43329812:5161980             52.7               9966000         189067.4
16:07:58.708 INFO  ProgressMeter - Montipora_capitata_HIv1___Scaffold_12___length_43329812:6395666             52.9               9997000         189053.1
16:08:08.737 INFO  ProgressMeter - Montipora_capitata_HIv1___Scaffold_12___length_43329812:8302259             53.0              10035000         189173.7
16:08:18.947 INFO  ProgressMeter - Montipora_capitata_HIv1___Scaffold_12___length_43329812:10473099             53.2              10072000         189264.1
16:08:28.950 INFO  ProgressMeter - Montipora_capitata_HIv1___Scaffold_12___length_43329812:13469163             53.4              10109000         189366.2
16:08:39.165 INFO  ProgressMeter - Montipora_capitata_HIv1___Scaffold_12___length_43329812:16654897             53.6              10146000         189455.0
16:08:49.409 INFO  ProgressMeter - Montipora_capitata_HIv1___Scaffold_12___length_43329812:19348111             53.7              10184000         189560.2
16:08:59.423 INFO  ProgressMeter - Montipora_capitata_HIv1___Scaffold_12___length_43329812:22752545             53.9              10221000         189659.7
16:09:09.460 INFO  ProgressMeter - Montipora_capitata_HIv1___Scaffold_12___length_43329812:25292237             54.1              10256000         189720.3
16:09:19.486 INFO  ProgressMeter - Montipora_capitata_HIv1___Scaffold_12___length_43329812:26471999             54.2              10277000         189522.9
16:09:29.647 INFO  ProgressMeter - Montipora_capitata_HIv1___Scaffold_12___length_43329812:27353558             54.4              10298000         189318.9
16:09:39.662 INFO  ProgressMeter - Montipora_capitata_HIv1___Scaffold_12___length_43329812:28448133             54.6              10320000         189143.0
16:09:49.832 INFO  ProgressMeter - Montipora_capitata_HIv1___Scaffold_12___length_43329812:30745175             54.7              10359000         189269.8
16:09:59.966 INFO  ProgressMeter - Montipora_capitata_HIv1___Scaffold_12___length_43329812:32244252             54.9              10395000         189343.2
16:10:10.079 INFO  ProgressMeter - Montipora_capitata_HIv1___Scaffold_12___length_43329812:34772743             55.1              10432000         189435.6
16:10:20.272 INFO  ProgressMeter - Montipora_capitata_HIv1___Scaffold_12___length_43329812:36887991             55.2              10469000         189522.8
16:10:30.451 INFO  ProgressMeter - Montipora_capitata_HIv1___Scaffold_12___length_43329812:38977676             55.4              10506000         189610.4
16:10:40.814 INFO  ProgressMeter - Montipora_capitata_HIv1___Scaffold_12___length_43329812:40124881             55.6              10529000         189434.9
16:10:50.859 INFO  ProgressMeter - Montipora_capitata_HIv1___Scaffold_12___length_43329812:40923551             55.7              10550000         189242.8
16:11:00.871 INFO  ProgressMeter - Montipora_capitata_HIv1___Scaffold_12___length_43329812:42098018             55.9              10572000         189071.4
16:11:10.960 INFO  ProgressMeter - Montipora_capitata_HIv1___Scaffold_13___length_39528174:474618             56.1              10608000         189146.4
16:11:21.072 INFO  ProgressMeter - Montipora_capitata_HIv1___Scaffold_13___length_39528174:1885149             56.3              10644000         189219.7
16:11:31.192 INFO  ProgressMeter - Montipora_capitata_HIv1___Scaffold_13___length_39528174:3551742             56.4              10682000         189327.6
16:11:41.334 INFO  ProgressMeter - Montipora_capitata_HIv1___Scaffold_13___length_39528174:5083940             56.6              10718000         189398.2
16:11:51.424 INFO  ProgressMeter - Montipora_capitata_HIv1___Scaffold_13___length_39528174:6924879             56.8              10754000         189471.3
16:12:01.612 INFO  ProgressMeter - Montipora_capitata_HIv1___Scaffold_13___length_39528174:9630417             56.9              10791000         189556.1
16:12:11.856 INFO  ProgressMeter - Montipora_capitata_HIv1___Scaffold_13___length_39528174:11175523             57.1              10827000         189619.9
16:12:22.013 INFO  ProgressMeter - Montipora_capitata_HIv1___Scaffold_13___length_39528174:13525563             57.3              10862000         189670.5
16:12:32.197 INFO  ProgressMeter - Montipora_capitata_HIv1___Scaffold_13___length_39528174:15445128             57.4              10887000         189545.2
16:12:42.439 INFO  ProgressMeter - Montipora_capitata_HIv1___Scaffold_13___length_39528174:18823903             57.6              10925000         189643.2
16:12:52.549 INFO  ProgressMeter - Montipora_capitata_HIv1___Scaffold_13___length_39528174:22623542             57.8              10963000         189747.8
16:13:02.799 INFO  ProgressMeter - Montipora_capitata_HIv1___Scaffold_13___length_39528174:25610093             57.9              10993000         189706.1
16:13:13.049 INFO  ProgressMeter - Montipora_capitata_HIv1___Scaffold_13___length_39528174:26747502             58.1              11014000         189509.9
16:13:23.597 INFO  ProgressMeter - Montipora_capitata_HIv1___Scaffold_13___length_39528174:28478494             58.3              11036000         189315.7
16:13:33.808 INFO  ProgressMeter - Montipora_capitata_HIv1___Scaffold_13___length_39528174:30275464             58.5              11070000         189346.2
16:13:44.003 INFO  ProgressMeter - Montipora_capitata_HIv1___Scaffold_13___length_39528174:32439778             58.6              11107000         189428.5
16:13:54.365 INFO  ProgressMeter - Montipora_capitata_HIv1___Scaffold_13___length_39528174:34036852             58.8              11140000         189433.4
16:14:04.601 INFO  ProgressMeter - Montipora_capitata_HIv1___Scaffold_13___length_39528174:34852961             59.0              11161000         189241.5
16:14:14.899 INFO  ProgressMeter - Montipora_capitata_HIv1___Scaffold_13___length_39528174:36613209             59.1              11197000         189301.0
16:14:25.142 INFO  ProgressMeter - Montipora_capitata_HIv1___Scaffold_13___length_39528174:38207610             59.3              11233000         189363.1
16:14:35.247 INFO  ProgressMeter - Montipora_capitata_HIv1___Scaffold_14___length_35226620:323806             59.5              11269000         189432.2
16:14:45.420 INFO  ProgressMeter - Montipora_capitata_HIv1___Scaffold_14___length_35226620:1953743             59.7              11302000         189446.9
16:14:55.619 INFO  ProgressMeter - Montipora_capitata_HIv1___Scaffold_14___length_35226620:2782618             59.8              11323000         189259.7
16:15:06.033 INFO  ProgressMeter - Montipora_capitata_HIv1___Scaffold_14___length_35226620:3751210             60.0              11344000         189062.2
16:15:16.047 INFO  ProgressMeter - Montipora_capitata_HIv1___Scaffold_14___length_35226620:5338691             60.2              11379000         189119.5
16:15:26.463 INFO  ProgressMeter - Montipora_capitata_HIv1___Scaffold_14___length_35226620:6652295             60.3              11406000         189022.9
16:15:36.664 INFO  ProgressMeter - Montipora_capitata_HIv1___Scaffold_14___length_35226620:8033566             60.5              11438000         189020.6
16:15:46.915 INFO  ProgressMeter - Montipora_capitata_HIv1___Scaffold_14___length_35226620:9759286             60.7              11475000         189098.1
16:15:56.954 INFO  ProgressMeter - Montipora_capitata_HIv1___Scaffold_14___length_35226620:10652459             60.9              11499000         188972.6
16:16:06.981 INFO  ProgressMeter - Montipora_capitata_HIv1___Scaffold_14___length_35226620:11449050             61.0              11520000         188799.2
16:16:17.451 INFO  ProgressMeter - Montipora_capitata_HIv1___Scaffold_14___length_35226620:12852871             61.2              11542000         188620.3
16:16:27.687 INFO  ProgressMeter - Montipora_capitata_HIv1___Scaffold_14___length_35226620:15248028             61.4              11564000         188454.4
16:16:37.810 INFO  ProgressMeter - Montipora_capitata_HIv1___Scaffold_14___length_35226620:18239725             61.5              11598000         188490.3
16:16:47.923 INFO  ProgressMeter - Montipora_capitata_HIv1___Scaffold_14___length_35226620:20990791             61.7              11635000         188575.0
16:16:58.157 INFO  ProgressMeter - Montipora_capitata_HIv1___Scaffold_14___length_35226620:22674000             61.9              11662000         188491.5
16:17:08.184 INFO  ProgressMeter - Montipora_capitata_HIv1___Scaffold_14___length_35226620:24504452             62.0              11698000         188564.1
16:17:18.266 INFO  ProgressMeter - Montipora_capitata_HIv1___Scaffold_14___length_35226620:26449194             62.2              11735000         188649.5
16:17:28.276 INFO  ProgressMeter - Montipora_capitata_HIv1___Scaffold_14___length_35226620:27898558             62.4              11771000         188722.1
16:17:38.286 INFO  ProgressMeter - Montipora_capitata_HIv1___Scaffold_14___length_35226620:29264595             62.5              11807000         188794.3
16:17:48.533 INFO  ProgressMeter - Montipora_capitata_HIv1___Scaffold_14___length_35226620:30613218             62.7              11844000         188870.2
16:17:58.788 INFO  ProgressMeter - Montipora_capitata_HIv1___Scaffold_14___length_35226620:32184945             62.9              11881000         188945.2
16:18:08.827 INFO  ProgressMeter - Montipora_capitata_HIv1___Scaffold_14___length_35226620:33623995             63.0              11917000         189014.8
16:18:18.925 INFO  ProgressMeter - Montipora_capitata_HIv1___Scaffold_14___length_35226620:35217925             63.2              11953000         189081.0
16:18:29.182 INFO  ProgressMeter - Montipora_capitata_HIv1___Scaffold_17___length_820817:63091             63.4              11991000         189170.6
16:18:39.440 INFO  ProgressMeter - Montipora_capitata_HIv1___Scaffold_20___length_669494:383949             63.6              12028000         189243.9
16:18:49.586 INFO  ProgressMeter - Montipora_capitata_HIv1___Scaffold_26___length_569902:201532             63.7              12059000         189228.2
16:18:59.851 INFO  ProgressMeter - Montipora_capitata_HIv1___Scaffold_31___length_481903:21042             63.9              12081000         189065.8
16:19:10.047 INFO  ProgressMeter - Montipora_capitata_HIv1___Scaffold_34___length_411673:56705             64.1              12102000         188892.1
16:19:20.303 INFO  ProgressMeter - Montipora_capitata_HIv1___Scaffold_44___length_366348:4633             64.2              12138000         188949.9
16:19:30.378 INFO  ProgressMeter - Montipora_capitata_HIv1___Scaffold_54___length_316072:209527             64.4              12175000         189031.8
16:19:40.439 INFO  ProgressMeter - Montipora_capitata_HIv1___Scaffold_64___length_288344:233847             64.6              12204000         188990.0
16:19:50.519 INFO  ProgressMeter - Montipora_capitata_HIv1___Scaffold_70___length_271064:211162             64.7              12230000         188901.2
16:20:00.658 INFO  ProgressMeter - Montipora_capitata_HIv1___Scaffold_82___length_250688:46020             64.9              12261000         188887.0
16:20:10.734 INFO  ProgressMeter - Montipora_capitata_HIv1___Scaffold_94___length_224695:194958             65.1              12298000         188968.1
16:20:20.745 INFO  ProgressMeter - Montipora_capitata_HIv1___Scaffold_106___length_199973:2051             65.2              12334000         189036.6
16:20:30.856 INFO  ProgressMeter - Montipora_capitata_HIv1___Scaffold_124___length_179006:103410             65.4              12371000         189115.3
16:20:40.858 INFO  ProgressMeter - Montipora_capitata_HIv1___Scaffold_143___length_158176:17365             65.6              12407000         189183.5
16:20:50.921 INFO  ProgressMeter - Montipora_capitata_HIv1___Scaffold_166___length_138529:114764             65.7              12444000         189263.7
16:21:01.158 INFO  ProgressMeter - Montipora_capitata_HIv1___Scaffold_195___length_122769:34744             65.9              12482000         189350.2
16:21:11.200 INFO  ProgressMeter - Montipora_capitata_HIv1___Scaffold_204___length_119206:23947             66.1              12503000         189188.5
16:21:21.366 INFO  ProgressMeter - Montipora_capitata_HIv1___Scaffold_235___length_108766:94258             66.3              12538000         189232.9
16:21:31.403 INFO  ProgressMeter - Montipora_capitata_HIv1___Scaffold_270___length_98279:75124             66.4              12575000         189313.4
16:21:41.506 INFO  ProgressMeter - Montipora_capitata_HIv1___Scaffold_308___length_88139:62232             66.6              12612000         189390.4
16:21:51.640 INFO  ProgressMeter - Montipora_capitata_HIv1___Scaffold_347___length_77731:66445             66.8              12649000         189465.4
16:22:01.649 INFO  ProgressMeter - Montipora_capitata_HIv1___Scaffold_410___length_65377:55153             66.9              12686000         189546.0
16:22:11.749 INFO  ProgressMeter - Montipora_capitata_HIv1___Scaffold_471___length_57162:26117             67.1              12723000         189621.9
16:22:21.839 INFO  ProgressMeter - Montipora_capitata_HIv1___Scaffold_550___length_49380:20557             67.3              12759000         189683.0
16:22:32.074 INFO  ProgressMeter - Montipora_capitata_HIv1___Scaffold_662___length_40396:28292             67.4              12795000         189737.0
16:22:42.545 INFO  ProgressMeter - Montipora_capitata_HIv1___Scaffold_788___length_33886:16065             67.6              12829000         189750.2
16:22:52.642 INFO  ProgressMeter - Montipora_capitata_HIv1___Scaffold_944___length_27562:13232             67.8              12858000         189707.0
16:23:02.712 INFO  ProgressMeter - Montipora_capitata_HIv1___Scaffold_1230___length_17958:3778             67.9              12895000         189782.9
16:23:12.937 INFO  ProgressMeter - Montipora_capitata_HIv1___Scaffold_1529___length_11400:6607             68.1              12918000         189645.7
16:23:15.870 INFO  ProgressMeter - Montipora_capitata_HIv1___Scaffold_1685___length_1536:1376             68.2              12928239         189659.9
16:23:15.871 INFO  ProgressMeter - Traversal complete. Processed 12928239 total variants in 68.2 minutes.
16:23:15.871 INFO  VariantsToTable - Shutting down engine
[August 4, 2021 at 4:23:15 PM EDT] org.broadinstitute.hellbender.tools.walkers.variantutils.VariantsToTable done. Elapsed time: 68.18 minutes.
Runtime.totalMemory()=3338665984
