Using GATK jar /home/timothy/programs/gatk-4.2.0.0/gatk-package-4.2.0.0-local.jar
Running:
    java -Dsamjdk.use_async_io_read_samtools=false -Dsamjdk.use_async_io_write_samtools=true -Dsamjdk.use_async_io_write_tribble=false -Dsamjdk.compression_level=2 -jar /home/timothy/programs/gatk-4.2.0.0/gatk-package-4.2.0.0-local.jar SelectVariants --reference Montipora_capitata_HIv1.assembly.fasta --variant GVCFall_SNPs_DPfilter.vcf --output GVCFall_SNPs_DPfilterNoCall.vcf --set-filtered-gt-to-nocall
13:49:03.152 INFO  NativeLibraryLoader - Loading libgkl_compression.so from jar:file:/home/timothy/programs/gatk-4.2.0.0/gatk-package-4.2.0.0-local.jar!/com/intel/gkl/native/libgkl_compression.so
Aug 04, 2021 1:49:03 PM shaded.cloud_nio.com.google.auth.oauth2.ComputeEngineCredentials runningOnComputeEngine
INFO: Failed to detect whether we are running on Google Compute Engine.
13:49:03.395 INFO  SelectVariants - ------------------------------------------------------------
13:49:03.396 INFO  SelectVariants - The Genome Analysis Toolkit (GATK) v4.2.0.0
13:49:03.396 INFO  SelectVariants - For support and documentation go to https://software.broadinstitute.org/gatk/
13:49:03.396 INFO  SelectVariants - Executing as timothy@coral on Linux v5.4.0-80-generic amd64
13:49:03.396 INFO  SelectVariants - Java runtime: OpenJDK 64-Bit Server VM v11.0.11+9-Ubuntu-0ubuntu2.20.04
13:49:03.396 INFO  SelectVariants - Start Date/Time: August 4, 2021 at 1:49:03 PM EDT
13:49:03.396 INFO  SelectVariants - ------------------------------------------------------------
13:49:03.396 INFO  SelectVariants - ------------------------------------------------------------
13:49:03.397 INFO  SelectVariants - HTSJDK Version: 2.24.0
13:49:03.397 INFO  SelectVariants - Picard Version: 2.25.0
13:49:03.397 INFO  SelectVariants - Built for Spark Version: 2.4.5
13:49:03.397 INFO  SelectVariants - HTSJDK Defaults.COMPRESSION_LEVEL : 2
13:49:03.397 INFO  SelectVariants - HTSJDK Defaults.USE_ASYNC_IO_READ_FOR_SAMTOOLS : false
13:49:03.397 INFO  SelectVariants - HTSJDK Defaults.USE_ASYNC_IO_WRITE_FOR_SAMTOOLS : true
13:49:03.398 INFO  SelectVariants - HTSJDK Defaults.USE_ASYNC_IO_WRITE_FOR_TRIBBLE : false
13:49:03.398 INFO  SelectVariants - Deflater: IntelDeflater
13:49:03.398 INFO  SelectVariants - Inflater: IntelInflater
13:49:03.398 INFO  SelectVariants - GCS max retries/reopens: 20
13:49:03.398 INFO  SelectVariants - Requester pays: disabled
13:49:03.398 INFO  SelectVariants - Initializing engine
13:49:03.728 INFO  FeatureManager - Using codec VCFCodec to read file file:///scratch/timothy/projects/0022_Coral_Genotype_Analysis/03_Analysis/2021-06-21/Montipora_capitata_HiRise_Assembly/RNAseq_short_variant_analysis/filtering/GVCFall_SNPs.AD_Analysis/GVCFall_SNPs_DPfilter.vcf
13:49:03.957 INFO  SelectVariants - Done initializing engine
13:49:04.042 INFO  ProgressMeter - Starting traversal
13:49:04.043 INFO  ProgressMeter -        Current Locus  Elapsed Minutes    Variants Processed  Variants/Minute
13:49:14.336 INFO  ProgressMeter - Montipora_capitata_HIv1___Scaffold_1___length_48529999:792830              0.2                 14000          81616.8
13:49:24.798 INFO  ProgressMeter - Montipora_capitata_HIv1___Scaffold_1___length_48529999:1555605              0.3                 32000          92507.8
13:49:34.934 INFO  ProgressMeter - Montipora_capitata_HIv1___Scaffold_1___length_48529999:2379835              0.5                 48000          93234.1
13:49:44.983 INFO  ProgressMeter - Montipora_capitata_HIv1___Scaffold_1___length_48529999:3947778              0.7                 77000         112848.1
13:49:55.524 INFO  ProgressMeter - Montipora_capitata_HIv1___Scaffold_1___length_48529999:4934787              0.9                 98000         114219.1
13:50:05.840 INFO  ProgressMeter - Montipora_capitata_HIv1___Scaffold_1___length_48529999:6137549              1.0                123000         119423.3
13:50:15.854 INFO  ProgressMeter - Montipora_capitata_HIv1___Scaffold_1___length_48529999:7777617              1.2                154000         128671.1
13:50:26.301 INFO  ProgressMeter - Montipora_capitata_HIv1___Scaffold_1___length_48529999:9023202              1.4                184000         134211.9
13:50:36.552 INFO  ProgressMeter - Montipora_capitata_HIv1___Scaffold_1___length_48529999:9744661              1.5                202000         131015.7
13:50:46.803 INFO  ProgressMeter - Montipora_capitata_HIv1___Scaffold_1___length_48529999:10707725              1.7                223000         130207.6
13:50:56.998 INFO  ProgressMeter - Montipora_capitata_HIv1___Scaffold_1___length_48529999:12669447              1.9                254000         134922.2
13:51:07.376 INFO  ProgressMeter - Montipora_capitata_HIv1___Scaffold_1___length_48529999:13778807              2.1                273000         132812.2
13:51:17.911 INFO  ProgressMeter - Montipora_capitata_HIv1___Scaffold_1___length_48529999:14602584              2.2                291000         130428.0
13:51:28.112 INFO  ProgressMeter - Montipora_capitata_HIv1___Scaffold_1___length_48529999:15416707              2.4                308000         128271.9
13:51:38.124 INFO  ProgressMeter - Montipora_capitata_HIv1___Scaffold_1___length_48529999:16489067              2.6                325000         126556.8
13:51:48.450 INFO  ProgressMeter - Montipora_capitata_HIv1___Scaffold_1___length_48529999:17762668              2.7                343000         125177.9
13:51:58.938 INFO  ProgressMeter - Montipora_capitata_HIv1___Scaffold_1___length_48529999:19020928              2.9                362000         124188.8
13:52:09.063 INFO  ProgressMeter - Montipora_capitata_HIv1___Scaffold_1___length_48529999:20175550              3.1                380000         123230.6
13:52:19.100 INFO  ProgressMeter - Montipora_capitata_HIv1___Scaffold_1___length_48529999:21795474              3.3                405000         124579.0
13:52:29.697 INFO  ProgressMeter - Montipora_capitata_HIv1___Scaffold_1___length_48529999:23427715              3.4                428000         124869.9
13:52:40.071 INFO  ProgressMeter - Montipora_capitata_HIv1___Scaffold_1___length_48529999:24500157              3.6                447000         124150.6
13:52:50.166 INFO  ProgressMeter - Montipora_capitata_HIv1___Scaffold_1___length_48529999:26401969              3.8                474000         125772.3
13:53:00.487 INFO  ProgressMeter - Montipora_capitata_HIv1___Scaffold_1___length_48529999:27665335              3.9                493000         125103.6
13:53:11.004 INFO  ProgressMeter - Montipora_capitata_HIv1___Scaffold_1___length_48529999:28585135              4.1                512000         124392.1
13:53:21.513 INFO  ProgressMeter - Montipora_capitata_HIv1___Scaffold_1___length_48529999:29504617              4.3                531000         123742.6
13:53:31.680 INFO  ProgressMeter - Montipora_capitata_HIv1___Scaffold_1___length_48529999:30685692              4.5                550000         123301.3
13:53:41.781 INFO  ProgressMeter - Montipora_capitata_HIv1___Scaffold_1___length_48529999:32274215              4.6                569000         122921.6
13:53:51.870 INFO  ProgressMeter - Montipora_capitata_HIv1___Scaffold_1___length_48529999:33084004              4.8                587000         122365.2
13:54:02.209 INFO  ProgressMeter - Montipora_capitata_HIv1___Scaffold_1___length_48529999:34352725              5.0                606000         121945.5
13:54:12.777 INFO  ProgressMeter - Montipora_capitata_HIv1___Scaffold_1___length_48529999:35306994              5.1                625000         121463.8
13:54:22.989 INFO  ProgressMeter - Montipora_capitata_HIv1___Scaffold_1___length_48529999:36127397              5.3                643000         120960.9
13:54:33.058 INFO  ProgressMeter - Montipora_capitata_HIv1___Scaffold_1___length_48529999:36823833              5.5                661000         120541.6
13:54:43.188 INFO  ProgressMeter - Montipora_capitata_HIv1___Scaffold_1___length_48529999:37437815              5.7                679000         120125.6
13:54:53.377 INFO  ProgressMeter - Montipora_capitata_HIv1___Scaffold_1___length_48529999:38279442              5.8                697000         119713.5
13:55:03.439 INFO  ProgressMeter - Montipora_capitata_HIv1___Scaffold_1___length_48529999:39850678              6.0                727000         121370.3
13:55:13.707 INFO  ProgressMeter - Montipora_capitata_HIv1___Scaffold_1___length_48529999:41589139              6.2                757000         122868.7
13:55:23.812 INFO  ProgressMeter - Montipora_capitata_HIv1___Scaffold_1___length_48529999:43374223              6.3                788000         124496.7
13:55:33.987 INFO  ProgressMeter - Montipora_capitata_HIv1___Scaffold_1___length_48529999:44790127              6.5                818000         125864.2
13:55:44.114 INFO  ProgressMeter - Montipora_capitata_HIv1___Scaffold_1___length_48529999:46161065              6.7                848000         127177.4
13:55:54.345 INFO  ProgressMeter - Montipora_capitata_HIv1___Scaffold_1___length_48529999:47524034              6.8                878000         128393.5
13:56:04.429 INFO  ProgressMeter - Montipora_capitata_HIv1___Scaffold_1___length_48529999:48358355              7.0                896000         127882.5
13:56:14.476 INFO  ProgressMeter - Montipora_capitata_HIv1___Scaffold_2___length_53177999:1084224              7.2                914000         127406.6
13:56:24.907 INFO  ProgressMeter - Montipora_capitata_HIv1___Scaffold_2___length_53177999:1842352              7.3                932000         126841.8
13:56:34.967 INFO  ProgressMeter - Montipora_capitata_HIv1___Scaffold_2___length_53177999:2539815              7.5                948000         126141.3
13:56:45.308 INFO  ProgressMeter - Montipora_capitata_HIv1___Scaffold_2___length_53177999:3399664              7.7                966000         125654.5
13:56:55.710 INFO  ProgressMeter - Montipora_capitata_HIv1___Scaffold_2___length_53177999:4015804              7.9                983000         125046.1
13:57:05.834 INFO  ProgressMeter - Montipora_capitata_HIv1___Scaffold_2___length_53177999:5088387              8.0               1005000         125158.0
13:57:15.996 INFO  ProgressMeter - Montipora_capitata_HIv1___Scaffold_2___length_53177999:6358026              8.2               1031000         125743.7
13:57:26.144 INFO  ProgressMeter - Montipora_capitata_HIv1___Scaffold_2___length_53177999:7889671              8.4               1060000         126667.7
13:57:36.552 INFO  ProgressMeter - Montipora_capitata_HIv1___Scaffold_2___length_53177999:9079728              8.5               1078000         126202.7
13:57:46.609 INFO  ProgressMeter - Montipora_capitata_HIv1___Scaffold_2___length_53177999:9847897              8.7               1095000         125725.7
13:57:57.143 INFO  ProgressMeter - Montipora_capitata_HIv1___Scaffold_2___length_53177999:10847441              8.9               1113000         125267.3
13:58:07.699 INFO  ProgressMeter - Montipora_capitata_HIv1___Scaffold_2___length_53177999:11652864              9.1               1131000         124821.6
13:58:17.840 INFO  ProgressMeter - Montipora_capitata_HIv1___Scaffold_2___length_53177999:12387484              9.2               1148000         124377.7
13:58:28.365 INFO  ProgressMeter - Montipora_capitata_HIv1___Scaffold_2___length_53177999:13511544              9.4               1169000         124290.7
13:58:38.810 INFO  ProgressMeter - Montipora_capitata_HIv1___Scaffold_2___length_53177999:15126342              9.6               1187000         123911.1
13:58:48.848 INFO  ProgressMeter - Montipora_capitata_HIv1___Scaffold_2___length_53177999:15757985              9.7               1202000         123323.2
13:58:59.122 INFO  ProgressMeter - Montipora_capitata_HIv1___Scaffold_2___length_53177999:16571958              9.9               1219000         122908.1
13:59:09.380 INFO  ProgressMeter - Montipora_capitata_HIv1___Scaffold_2___length_53177999:17440760             10.1               1236000         122510.5
13:59:19.536 INFO  ProgressMeter - Montipora_capitata_HIv1___Scaffold_2___length_53177999:18426060             10.3               1257000         122535.9
13:59:29.595 INFO  ProgressMeter - Montipora_capitata_HIv1___Scaffold_2___length_53177999:19371416             10.4               1275000         122292.0
13:59:39.675 INFO  ProgressMeter - Montipora_capitata_HIv1___Scaffold_2___length_53177999:20377724             10.6               1296000         122335.1
13:59:49.947 INFO  ProgressMeter - Montipora_capitata_HIv1___Scaffold_2___length_53177999:21718556             10.8               1318000         122433.1
13:59:59.991 INFO  ProgressMeter - Montipora_capitata_HIv1___Scaffold_2___length_53177999:23485725             10.9               1337000         122296.3
14:00:10.077 INFO  ProgressMeter - Montipora_capitata_HIv1___Scaffold_2___length_53177999:26076841             11.1               1367000         123146.9
14:00:20.327 INFO  ProgressMeter - Montipora_capitata_HIv1___Scaffold_2___length_53177999:28343731             11.3               1400000         124208.2
14:00:30.394 INFO  ProgressMeter - Montipora_capitata_HIv1___Scaffold_2___length_53177999:31364237             11.4               1433000         125271.2
14:00:40.758 INFO  ProgressMeter - Montipora_capitata_HIv1___Scaffold_2___length_53177999:33110853             11.6               1465000         126163.7
14:00:51.000 INFO  ProgressMeter - Montipora_capitata_HIv1___Scaffold_2___length_53177999:35686294             11.8               1492000         126627.2
14:01:01.465 INFO  ProgressMeter - Montipora_capitata_HIv1___Scaffold_2___length_53177999:36950545             12.0               1512000         126452.8
14:01:11.944 INFO  ProgressMeter - Montipora_capitata_HIv1___Scaffold_2___length_53177999:38486307             12.1               1532000         126280.9
14:01:21.957 INFO  ProgressMeter - Montipora_capitata_HIv1___Scaffold_2___length_53177999:40256795             12.3               1551000         126112.3
14:01:32.344 INFO  ProgressMeter - Montipora_capitata_HIv1___Scaffold_2___length_53177999:41263327             12.5               1570000         125885.2
14:01:42.502 INFO  ProgressMeter - Montipora_capitata_HIv1___Scaffold_2___length_53177999:42503147             12.6               1596000         126256.0
14:01:52.870 INFO  ProgressMeter - Montipora_capitata_HIv1___Scaffold_2___length_53177999:43544126             12.8               1625000         126816.6
14:02:02.964 INFO  ProgressMeter - Montipora_capitata_HIv1___Scaffold_2___length_53177999:45232897             13.0               1656000         127561.1
14:02:13.274 INFO  ProgressMeter - Montipora_capitata_HIv1___Scaffold_2___length_53177999:46092144             13.2               1674000         127263.1
14:02:23.281 INFO  ProgressMeter - Montipora_capitata_HIv1___Scaffold_2___length_53177999:46760892             13.3               1691000         126945.9
14:02:33.587 INFO  ProgressMeter - Montipora_capitata_HIv1___Scaffold_2___length_53177999:47904426             13.5               1712000         126886.2
14:02:43.698 INFO  ProgressMeter - Montipora_capitata_HIv1___Scaffold_2___length_53177999:48982579             13.7               1731000         126711.8
14:02:54.062 INFO  ProgressMeter - Montipora_capitata_HIv1___Scaffold_2___length_53177999:49642794             13.8               1750000         126503.1
14:03:04.277 INFO  ProgressMeter - Montipora_capitata_HIv1___Scaffold_2___length_53177999:50734165             14.0               1769000         126322.0
14:03:14.492 INFO  ProgressMeter - Montipora_capitata_HIv1___Scaffold_2___length_53177999:51497111             14.2               1787000         126074.7
14:03:24.844 INFO  ProgressMeter - Montipora_capitata_HIv1___Scaffold_2___length_53177999:52725134             14.3               1814000         126440.4
14:03:35.148 INFO  ProgressMeter - Montipora_capitata_HIv1___Scaffold_3___length_47342999:253862             14.5               1831000         126115.7
14:03:45.532 INFO  ProgressMeter - Montipora_capitata_HIv1___Scaffold_3___length_47342999:1177499             14.7               1849000         125855.2
14:03:55.776 INFO  ProgressMeter - Montipora_capitata_HIv1___Scaffold_3___length_47342999:2281885             14.9               1870000         125822.4
14:04:05.862 INFO  ProgressMeter - Montipora_capitata_HIv1___Scaffold_3___length_47342999:3127510             15.0               1887000         125546.4
14:04:16.166 INFO  ProgressMeter - Montipora_capitata_HIv1___Scaffold_3___length_47342999:3925228             15.2               1905000         125312.0
14:04:26.476 INFO  ProgressMeter - Montipora_capitata_HIv1___Scaffold_3___length_47342999:5101780             15.4               1928000         125407.5
14:04:36.616 INFO  ProgressMeter - Montipora_capitata_HIv1___Scaffold_3___length_47342999:6215155             15.5               1948000         125330.8
14:04:46.774 INFO  ProgressMeter - Montipora_capitata_HIv1___Scaffold_3___length_47342999:7121784             15.7               1966000         125126.0
14:04:57.008 INFO  ProgressMeter - Montipora_capitata_HIv1___Scaffold_3___length_47342999:8322041             15.9               1985000         124978.5
14:05:07.017 INFO  ProgressMeter - Montipora_capitata_HIv1___Scaffold_3___length_47342999:9907907             16.0               2004000         124863.2
14:05:17.244 INFO  ProgressMeter - Montipora_capitata_HIv1___Scaffold_3___length_47342999:11504111             16.2               2024000         124784.1
14:05:27.680 INFO  ProgressMeter - Montipora_capitata_HIv1___Scaffold_3___length_47342999:12635856             16.4               2043000         124619.1
14:05:37.853 INFO  ProgressMeter - Montipora_capitata_HIv1___Scaffold_3___length_47342999:14167644             16.6               2066000         124732.1
14:05:48.153 INFO  ProgressMeter - Montipora_capitata_HIv1___Scaffold_3___length_47342999:15936419             16.7               2098000         125364.8
14:05:58.306 INFO  ProgressMeter - Montipora_capitata_HIv1___Scaffold_3___length_47342999:17385220             16.9               2117000         125233.8
14:06:08.797 INFO  ProgressMeter - Montipora_capitata_HIv1___Scaffold_3___length_47342999:19172453             17.1               2137000         125122.7
14:06:19.195 INFO  ProgressMeter - Montipora_capitata_HIv1___Scaffold_3___length_47342999:20688226             17.3               2157000         125025.1
14:06:29.448 INFO  ProgressMeter - Montipora_capitata_HIv1___Scaffold_3___length_47342999:22998932             17.4               2178000         125004.2
14:06:39.581 INFO  ProgressMeter - Montipora_capitata_HIv1___Scaffold_3___length_47342999:25668604             17.6               2212000         125736.8
14:06:49.817 INFO  ProgressMeter - Montipora_capitata_HIv1___Scaffold_3___length_47342999:28684346             17.8               2247000         126499.6
14:07:00.100 INFO  ProgressMeter - Montipora_capitata_HIv1___Scaffold_3___length_47342999:30489752             17.9               2277000         126963.5
14:07:10.329 INFO  ProgressMeter - Montipora_capitata_HIv1___Scaffold_3___length_47342999:33035786             18.1               2311000         127645.9
14:07:20.365 INFO  ProgressMeter - Montipora_capitata_HIv1___Scaffold_3___length_47342999:34549889             18.3               2337000         127900.4
14:07:30.758 INFO  ProgressMeter - Montipora_capitata_HIv1___Scaffold_3___length_47342999:35728099             18.4               2356000         127729.4
14:07:41.154 INFO  ProgressMeter - Montipora_capitata_HIv1___Scaffold_3___length_47342999:36820084             18.6               2375000         127561.2
14:07:51.609 INFO  ProgressMeter - Montipora_capitata_HIv1___Scaffold_3___length_47342999:38329680             18.8               2394000         127389.4
14:08:01.614 INFO  ProgressMeter - Montipora_capitata_HIv1___Scaffold_3___length_47342999:39018928             19.0               2412000         127218.4
14:08:11.764 INFO  ProgressMeter - Montipora_capitata_HIv1___Scaffold_3___length_47342999:39820832             19.1               2430000         127034.4
14:08:21.804 INFO  ProgressMeter - Montipora_capitata_HIv1___Scaffold_3___length_47342999:41262513             19.3               2458000         127383.8
14:08:32.143 INFO  ProgressMeter - Montipora_capitata_HIv1___Scaffold_3___length_47342999:42178268             19.5               2477000         127232.3
14:08:42.157 INFO  ProgressMeter - Montipora_capitata_HIv1___Scaffold_3___length_47342999:43130124             19.6               2496000         127118.4
14:08:52.361 INFO  ProgressMeter - Montipora_capitata_HIv1___Scaffold_3___length_47342999:44013559             19.8               2515000         126986.2
14:09:02.678 INFO  ProgressMeter - Montipora_capitata_HIv1___Scaffold_3___length_47342999:44940878             20.0               2534000         126844.3
14:09:13.110 INFO  ProgressMeter - Montipora_capitata_HIv1___Scaffold_3___length_47342999:45412559             20.2               2552000         126643.2
14:09:23.555 INFO  ProgressMeter - Montipora_capitata_HIv1___Scaffold_3___length_47342999:46324355             20.3               2571000         126493.2
14:09:34.066 INFO  ProgressMeter - Montipora_capitata_HIv1___Scaffold_3___length_47342999:47082284             20.5               2590000         126339.1
14:09:44.479 INFO  ProgressMeter - Montipora_capitata_HIv1___Scaffold_4___length_47716837:753857             20.7               2609000         126197.6
14:09:54.799 INFO  ProgressMeter - Montipora_capitata_HIv1___Scaffold_4___length_47716837:1859637             20.8               2628000         126067.8
14:10:04.823 INFO  ProgressMeter - Montipora_capitata_HIv1___Scaffold_4___length_47716837:2714391             21.0               2646000         125922.0
14:10:15.084 INFO  ProgressMeter - Montipora_capitata_HIv1___Scaffold_4___length_47716837:3633632             21.2               2665000         125802.4
14:10:25.524 INFO  ProgressMeter - Montipora_capitata_HIv1___Scaffold_4___length_47716837:4711482             21.4               2688000         125854.4
14:10:36.019 INFO  ProgressMeter - Montipora_capitata_HIv1___Scaffold_4___length_47716837:5387412             21.5               2707000         125714.4
14:10:46.389 INFO  ProgressMeter - Montipora_capitata_HIv1___Scaffold_4___length_47716837:6100121             21.7               2725000         125542.8
14:10:56.590 INFO  ProgressMeter - Montipora_capitata_HIv1___Scaffold_4___length_47716837:7692906             21.9               2751000         125755.5
14:11:06.941 INFO  ProgressMeter - Montipora_capitata_HIv1___Scaffold_4___length_47716837:9020979             22.0               2774000         125814.7
14:11:17.192 INFO  ProgressMeter - Montipora_capitata_HIv1___Scaffold_4___length_47716837:10099575             22.2               2793000         125702.4
14:11:27.492 INFO  ProgressMeter - Montipora_capitata_HIv1___Scaffold_4___length_47716837:11376825             22.4               2812000         125587.2
14:11:37.990 INFO  ProgressMeter - Montipora_capitata_HIv1___Scaffold_4___length_47716837:12463373             22.6               2831000         125455.4
14:11:48.000 INFO  ProgressMeter - Montipora_capitata_HIv1___Scaffold_4___length_47716837:13294358             22.7               2849000         125326.5
14:11:58.333 INFO  ProgressMeter - Montipora_capitata_HIv1___Scaffold_4___length_47716837:14500895             22.9               2868000         125213.7
14:12:08.592 INFO  ProgressMeter - Montipora_capitata_HIv1___Scaffold_4___length_47716837:15897023             23.1               2887000         125109.3
14:12:18.769 INFO  ProgressMeter - Montipora_capitata_HIv1___Scaffold_4___length_47716837:17129927             23.2               2906000         125013.8
14:12:28.992 INFO  ProgressMeter - Montipora_capitata_HIv1___Scaffold_4___length_47716837:18549736             23.4               2928000         125043.7
14:12:39.322 INFO  ProgressMeter - Montipora_capitata_HIv1___Scaffold_4___length_47716837:19988440             23.6               2947000         124936.5
14:12:49.379 INFO  ProgressMeter - Montipora_capitata_HIv1___Scaffold_4___length_47716837:22506657             23.8               2978000         125359.9
14:12:59.715 INFO  ProgressMeter - Montipora_capitata_HIv1___Scaffold_4___length_47716837:23956476             23.9               2998000         125293.2
14:13:09.909 INFO  ProgressMeter - Montipora_capitata_HIv1___Scaffold_4___length_47716837:25612518             24.1               3022000         125405.8
14:13:20.198 INFO  ProgressMeter - Montipora_capitata_HIv1___Scaffold_4___length_47716837:27179606             24.3               3042000         125343.8
14:13:30.565 INFO  ProgressMeter - Montipora_capitata_HIv1___Scaffold_4___length_47716837:28594052             24.4               3062000         125276.0
14:13:40.944 INFO  ProgressMeter - Montipora_capitata_HIv1___Scaffold_4___length_47716837:30510392             24.6               3082000         125208.1
14:13:51.121 INFO  ProgressMeter - Montipora_capitata_HIv1___Scaffold_4___length_47716837:32517548             24.8               3108000         125400.3
14:14:01.513 INFO  ProgressMeter - Montipora_capitata_HIv1___Scaffold_4___length_47716837:35217639             25.0               3138000         125732.1
14:14:11.966 INFO  ProgressMeter - Montipora_capitata_HIv1___Scaffold_4___length_47716837:36126606             25.1               3157000         125616.5
14:14:22.503 INFO  ProgressMeter - Montipora_capitata_HIv1___Scaffold_4___length_47716837:36892987             25.3               3176000         125495.6
14:14:33.041 INFO  ProgressMeter - Montipora_capitata_HIv1___Scaffold_4___length_47716837:37722975             25.5               3195000         125376.2
14:14:43.594 INFO  ProgressMeter - Montipora_capitata_HIv1___Scaffold_4___length_47716837:38763823             25.7               3218000         125413.2
14:14:54.094 INFO  ProgressMeter - Montipora_capitata_HIv1___Scaffold_4___length_47716837:39534639             25.8               3237000         125299.1
14:15:04.378 INFO  ProgressMeter - Montipora_capitata_HIv1___Scaffold_4___length_47716837:40564929             26.0               3259000         125319.2
14:15:14.440 INFO  ProgressMeter - Montipora_capitata_HIv1___Scaffold_4___length_47716837:41339323             26.2               3277000         125204.0
14:15:24.919 INFO  ProgressMeter - Montipora_capitata_HIv1___Scaffold_4___length_47716837:42522248             26.3               3303000         125360.9
14:15:35.438 INFO  ProgressMeter - Montipora_capitata_HIv1___Scaffold_4___length_47716837:43471011             26.5               3322000         125248.7
14:15:45.970 INFO  ProgressMeter - Montipora_capitata_HIv1___Scaffold_4___length_47716837:44382738             26.7               3341000         125136.8
14:15:56.113 INFO  ProgressMeter - Montipora_capitata_HIv1___Scaffold_4___length_47716837:45648711             26.9               3359000         125019.4
14:16:06.214 INFO  ProgressMeter - Montipora_capitata_HIv1___Scaffold_4___length_47716837:47088479             27.0               3383000         125128.6
14:16:16.576 INFO  ProgressMeter - Montipora_capitata_HIv1___Scaffold_5___length_62411161:427676             27.2               3402000         125032.7
14:16:26.666 INFO  ProgressMeter - Montipora_capitata_HIv1___Scaffold_5___length_62411161:1564483             27.4               3424000         125068.3
14:16:37.000 INFO  ProgressMeter - Montipora_capitata_HIv1___Scaffold_5___length_62411161:2969293             27.5               3450000         125230.2
14:16:47.185 INFO  ProgressMeter - Montipora_capitata_HIv1___Scaffold_5___length_62411161:4037822             27.7               3469000         125148.7
14:16:57.542 INFO  ProgressMeter - Montipora_capitata_HIv1___Scaffold_5___length_62411161:5018964             27.9               3488000         125055.3
14:17:08.058 INFO  ProgressMeter - Montipora_capitata_HIv1___Scaffold_5___length_62411161:6320874             28.1               3512000         125129.5
14:17:18.109 INFO  ProgressMeter - Montipora_capitata_HIv1___Scaffold_5___length_62411161:7131911             28.2               3530000         125024.6
14:17:28.157 INFO  ProgressMeter - Montipora_capitata_HIv1___Scaffold_5___length_62411161:8027775             28.4               3548000         124921.3
14:17:38.387 INFO  ProgressMeter - Montipora_capitata_HIv1___Scaffold_5___length_62411161:9270278             28.6               3566000         124805.8
14:17:48.484 INFO  ProgressMeter - Montipora_capitata_HIv1___Scaffold_5___length_62411161:11218294             28.7               3598000         125188.4
14:17:58.512 INFO  ProgressMeter - Montipora_capitata_HIv1___Scaffold_5___length_62411161:12729378             28.9               3628000         125502.4
14:18:08.633 INFO  ProgressMeter - Montipora_capitata_HIv1___Scaffold_5___length_62411161:14354227             29.1               3653000         125634.1
14:18:18.883 INFO  ProgressMeter - Montipora_capitata_HIv1___Scaffold_5___length_62411161:15253251             29.2               3673000         125584.1
14:18:28.957 INFO  ProgressMeter - Montipora_capitata_HIv1___Scaffold_5___length_62411161:16172365             29.4               3691000         125479.2
14:18:39.524 INFO  ProgressMeter - Montipora_capitata_HIv1___Scaffold_5___length_62411161:17462304             29.6               3710000         125374.5
14:18:49.826 INFO  ProgressMeter - Montipora_capitata_HIv1___Scaffold_5___length_62411161:18449142             29.8               3731000         125356.8
14:19:00.047 INFO  ProgressMeter - Montipora_capitata_HIv1___Scaffold_5___length_62411161:19641308             29.9               3756000         125478.6
14:19:10.122 INFO  ProgressMeter - Montipora_capitata_HIv1___Scaffold_5___length_62411161:21509712             30.1               3788000         125841.7
14:19:20.318 INFO  ProgressMeter - Montipora_capitata_HIv1___Scaffold_5___length_62411161:23463490             30.3               3821000         126225.4
14:19:30.855 INFO  ProgressMeter - Montipora_capitata_HIv1___Scaffold_5___length_62411161:25295226             30.4               3852000         126515.5
14:19:41.087 INFO  ProgressMeter - Montipora_capitata_HIv1___Scaffold_5___length_62411161:26703508             30.6               3875000         126562.0
14:19:51.462 INFO  ProgressMeter - Montipora_capitata_HIv1___Scaffold_5___length_62411161:28239844             30.8               3895000         126500.8
14:20:01.848 INFO  ProgressMeter - Montipora_capitata_HIv1___Scaffold_5___length_62411161:29265930             31.0               3914000         126407.2
14:20:12.136 INFO  ProgressMeter - Montipora_capitata_HIv1___Scaffold_5___length_62411161:30635230             31.1               3934000         126353.5
14:20:22.375 INFO  ProgressMeter - Montipora_capitata_HIv1___Scaffold_5___length_62411161:31478062             31.3               3953000         126271.6
14:20:32.425 INFO  ProgressMeter - Montipora_capitata_HIv1___Scaffold_5___length_62411161:32282192             31.5               3971000         126171.5
14:20:42.803 INFO  ProgressMeter - Montipora_capitata_HIv1___Scaffold_5___length_62411161:33651260             31.6               3990000         126082.3
14:20:53.046 INFO  ProgressMeter - Montipora_capitata_HIv1___Scaffold_5___length_62411161:35246261             31.8               4009000         126002.9
14:21:03.407 INFO  ProgressMeter - Montipora_capitata_HIv1___Scaffold_5___length_62411161:36639926             32.0               4028000         125916.7
14:21:13.523 INFO  ProgressMeter - Montipora_capitata_HIv1___Scaffold_5___length_62411161:38289393             32.2               4058000         126189.4
14:21:23.679 INFO  ProgressMeter - Montipora_capitata_HIv1___Scaffold_5___length_62411161:40788980             32.3               4091000         126549.5
14:21:34.159 INFO  ProgressMeter - Montipora_capitata_HIv1___Scaffold_5___length_62411161:42279146             32.5               4111000         126484.8
14:21:44.597 INFO  ProgressMeter - Montipora_capitata_HIv1___Scaffold_5___length_62411161:43403520             32.7               4131000         126423.5
14:21:54.941 INFO  ProgressMeter - Montipora_capitata_HIv1___Scaffold_5___length_62411161:44630033             32.8               4151000         126368.8
14:22:05.352 INFO  ProgressMeter - Montipora_capitata_HIv1___Scaffold_5___length_62411161:45922184             33.0               4171000         126310.4
14:22:15.824 INFO  ProgressMeter - Montipora_capitata_HIv1___Scaffold_5___length_62411161:47475218             33.2               4191000         126248.8
14:22:26.127 INFO  ProgressMeter - Montipora_capitata_HIv1___Scaffold_5___length_62411161:49031715             33.4               4212000         126228.5
14:22:36.344 INFO  ProgressMeter - Montipora_capitata_HIv1___Scaffold_5___length_62411161:50354954             33.5               4233000         126213.7
14:22:46.690 INFO  ProgressMeter - Montipora_capitata_HIv1___Scaffold_5___length_62411161:51341444             33.7               4252000         126131.7
14:22:57.034 INFO  ProgressMeter - Montipora_capitata_HIv1___Scaffold_5___length_62411161:52660233             33.9               4271000         126050.7
14:23:07.272 INFO  ProgressMeter - Montipora_capitata_HIv1___Scaffold_5___length_62411161:53625290             34.1               4290000         125977.1
14:23:17.279 INFO  ProgressMeter - Montipora_capitata_HIv1___Scaffold_5___length_62411161:54699689             34.2               4316000         126122.9
14:23:27.552 INFO  ProgressMeter - Montipora_capitata_HIv1___Scaffold_5___length_62411161:55946269             34.4               4343000         126280.0
14:23:37.712 INFO  ProgressMeter - Montipora_capitata_HIv1___Scaffold_5___length_62411161:57207052             34.6               4375000         126587.3
14:23:47.765 INFO  ProgressMeter - Montipora_capitata_HIv1___Scaffold_5___length_62411161:58411434             34.7               4403000         126782.7
14:23:58.348 INFO  ProgressMeter - Montipora_capitata_HIv1___Scaffold_5___length_62411161:59398531             34.9               4426000         126801.1
14:24:08.772 INFO  ProgressMeter - Montipora_capitata_HIv1___Scaffold_5___length_62411161:60317537             35.1               4445000         126714.7
14:24:19.031 INFO  ProgressMeter - Montipora_capitata_HIv1___Scaffold_5___length_62411161:61298401             35.2               4464000         126639.1
14:24:29.168 INFO  ProgressMeter - Montipora_capitata_HIv1___Scaffold_5___length_62411161:62327867             35.4               4486000         126656.1
14:24:39.354 INFO  ProgressMeter - Montipora_capitata_HIv1___Scaffold_6___length_38979999:1365952             35.6               4518000         126951.1
14:24:49.431 INFO  ProgressMeter - Montipora_capitata_HIv1___Scaffold_6___length_38979999:2831892             35.8               4551000         127277.7
14:24:59.892 INFO  ProgressMeter - Montipora_capitata_HIv1___Scaffold_6___length_38979999:3697351             35.9               4573000         127272.4
14:25:10.077 INFO  ProgressMeter - Montipora_capitata_HIv1___Scaffold_6___length_38979999:5040668             36.1               4599000         127394.1
14:25:20.098 INFO  ProgressMeter - Montipora_capitata_HIv1___Scaffold_6___length_38979999:6056034             36.3               4623000         127469.3
14:25:30.182 INFO  ProgressMeter - Montipora_capitata_HIv1___Scaffold_6___length_38979999:7206432             36.4               4651000         127649.7
14:25:40.186 INFO  ProgressMeter - Montipora_capitata_HIv1___Scaffold_6___length_38979999:8046616             36.6               4671000         127614.7
14:25:50.413 INFO  ProgressMeter - Montipora_capitata_HIv1___Scaffold_6___length_38979999:9024152             36.8               4692000         127594.2
14:26:00.476 INFO  ProgressMeter - Montipora_capitata_HIv1___Scaffold_6___length_38979999:10278280             36.9               4710000         127502.2
14:26:10.735 INFO  ProgressMeter - Montipora_capitata_HIv1___Scaffold_6___length_38979999:12196035             37.1               4736000         127615.3
14:26:20.766 INFO  ProgressMeter - Montipora_capitata_HIv1___Scaffold_6___length_38979999:14297547             37.3               4767000         127874.6
14:26:31.058 INFO  ProgressMeter - Montipora_capitata_HIv1___Scaffold_6___length_38979999:15597146             37.5               4794000         128009.8
14:26:41.525 INFO  ProgressMeter - Montipora_capitata_HIv1___Scaffold_6___length_38979999:17545126             37.6               4823000         128187.1
14:26:51.699 INFO  ProgressMeter - Montipora_capitata_HIv1___Scaffold_6___length_38979999:18674689             37.8               4844000         128167.6
14:27:01.840 INFO  ProgressMeter - Montipora_capitata_HIv1___Scaffold_6___length_38979999:21437430             38.0               4880000         128545.3
14:27:11.950 INFO  ProgressMeter - Montipora_capitata_HIv1___Scaffold_6___length_38979999:24296266             38.1               4914000         128868.9
14:27:21.954 INFO  ProgressMeter - Montipora_capitata_HIv1___Scaffold_6___length_38979999:26405772             38.3               4946000         129143.4
14:27:32.270 INFO  ProgressMeter - Montipora_capitata_HIv1___Scaffold_6___length_38979999:27915002             38.5               4980000         129450.0
14:27:42.340 INFO  ProgressMeter - Montipora_capitata_HIv1___Scaffold_6___length_38979999:29376770             38.6               5013000         129741.8
14:27:52.485 INFO  ProgressMeter - Montipora_capitata_HIv1___Scaffold_6___length_38979999:30926332             38.8               5047000         130052.6
14:28:02.645 INFO  ProgressMeter - Montipora_capitata_HIv1___Scaffold_6___length_38979999:32426960             39.0               5082000         130385.6
14:28:13.227 INFO  ProgressMeter - Montipora_capitata_HIv1___Scaffold_6___length_38979999:33616835             39.2               5112000         130564.5
14:28:23.659 INFO  ProgressMeter - Montipora_capitata_HIv1___Scaffold_6___length_38979999:34334419             39.3               5130000         130445.0
14:28:34.040 INFO  ProgressMeter - Montipora_capitata_HIv1___Scaffold_6___length_38979999:35072946             39.5               5148000         130329.3
14:28:44.124 INFO  ProgressMeter - Montipora_capitata_HIv1___Scaffold_6___length_38979999:36822393             39.7               5179000         130558.6
14:28:54.346 INFO  ProgressMeter - Montipora_capitata_HIv1___Scaffold_6___length_38979999:38778145             39.8               5213000         130853.7
14:29:04.501 INFO  ProgressMeter - Montipora_capitata_HIv1___Scaffold_7___length_22000686:1676214             40.0               5244000         131075.0
14:29:14.600 INFO  ProgressMeter - Montipora_capitata_HIv1___Scaffold_7___length_22000686:3086957             40.2               5272000         131222.8
14:29:24.846 INFO  ProgressMeter - Montipora_capitata_HIv1___Scaffold_7___length_22000686:4839464             40.3               5303000         131435.7
14:29:35.351 INFO  ProgressMeter - Montipora_capitata_HIv1___Scaffold_7___length_22000686:6144487             40.5               5333000         131608.2
14:29:45.580 INFO  ProgressMeter - Montipora_capitata_HIv1___Scaffold_7___length_22000686:7325562             40.7               5355000         131597.4
14:29:55.607 INFO  ProgressMeter - Montipora_capitata_HIv1___Scaffold_7___length_22000686:8902489             40.9               5387000         131842.4
14:30:05.686 INFO  ProgressMeter - Montipora_capitata_HIv1___Scaffold_7___length_22000686:10452040             41.0               5419000         132082.5
14:30:15.822 INFO  ProgressMeter - Montipora_capitata_HIv1___Scaffold_7___length_22000686:11820305             41.2               5453000         132366.2
14:30:26.222 INFO  ProgressMeter - Montipora_capitata_HIv1___Scaffold_7___length_22000686:13094984             41.4               5481000         132488.4
14:30:36.655 INFO  ProgressMeter - Montipora_capitata_HIv1___Scaffold_7___length_22000686:14220176             41.5               5501000         132415.4
14:30:46.837 INFO  ProgressMeter - Montipora_capitata_HIv1___Scaffold_7___length_22000686:16106840             41.7               5534000         132667.7
14:30:57.270 INFO  ProgressMeter - Montipora_capitata_HIv1___Scaffold_7___length_22000686:17314742             41.9               5561000         132761.6
14:31:07.434 INFO  ProgressMeter - Montipora_capitata_HIv1___Scaffold_7___length_22000686:18739374             42.1               5593000         132987.7
14:31:17.448 INFO  ProgressMeter - Montipora_capitata_HIv1___Scaffold_7___length_22000686:19671783             42.2               5615000         132983.1
14:31:27.588 INFO  ProgressMeter - Montipora_capitata_HIv1___Scaffold_7___length_22000686:20443039             42.4               5643000         133113.4
14:31:37.848 INFO  ProgressMeter - Montipora_capitata_HIv1___Scaffold_8___length_68683312:16199             42.6               5677000         133377.5
14:31:48.063 INFO  ProgressMeter - Montipora_capitata_HIv1___Scaffold_8___length_68683312:1715107             42.7               5711000         133641.7
14:31:58.328 INFO  ProgressMeter - Montipora_capitata_HIv1___Scaffold_8___length_68683312:3465984             42.9               5745000         133901.3
14:32:08.395 INFO  ProgressMeter - Montipora_capitata_HIv1___Scaffold_8___length_68683312:5416633             43.1               5779000         134169.0
14:32:18.607 INFO  ProgressMeter - Montipora_capitata_HIv1___Scaffold_8___length_68683312:7325087             43.2               5813000         134427.2
14:32:28.609 INFO  ProgressMeter - Montipora_capitata_HIv1___Scaffold_8___length_68683312:8749501             43.4               5836000         134440.9
14:32:38.655 INFO  ProgressMeter - Montipora_capitata_HIv1___Scaffold_8___length_68683312:9958808             43.6               5855000         134360.3
14:32:48.695 INFO  ProgressMeter - Montipora_capitata_HIv1___Scaffold_8___length_68683312:11760355             43.7               5884000         134509.3
14:32:58.773 INFO  ProgressMeter - Montipora_capitata_HIv1___Scaffold_8___length_68683312:13392215             43.9               5917000         134746.3
14:33:09.054 INFO  ProgressMeter - Montipora_capitata_HIv1___Scaffold_8___length_68683312:15199167             44.1               5948000         134925.8
14:33:19.246 INFO  ProgressMeter - Montipora_capitata_HIv1___Scaffold_8___length_68683312:17155169             44.3               5982000         135176.1
14:33:29.292 INFO  ProgressMeter - Montipora_capitata_HIv1___Scaffold_8___length_68683312:18166788             44.4               6002000         135116.8
14:33:39.551 INFO  ProgressMeter - Montipora_capitata_HIv1___Scaffold_8___length_68683312:19556529             44.6               6028000         135181.8
14:33:49.770 INFO  ProgressMeter - Montipora_capitata_HIv1___Scaffold_8___length_68683312:21508339             44.8               6063000         135449.4
14:33:59.860 INFO  ProgressMeter - Montipora_capitata_HIv1___Scaffold_8___length_68683312:23262025             44.9               6097000         135699.1
14:34:09.997 INFO  ProgressMeter - Montipora_capitata_HIv1___Scaffold_8___length_68683312:25590098             45.1               6131000         135944.7
14:34:20.066 INFO  ProgressMeter - Montipora_capitata_HIv1___Scaffold_8___length_68683312:27141027             45.3               6164000         136169.7
14:34:30.181 INFO  ProgressMeter - Montipora_capitata_HIv1___Scaffold_8___length_68683312:28986427             45.4               6196000         136368.8
14:34:40.450 INFO  ProgressMeter - Montipora_capitata_HIv1___Scaffold_8___length_68683312:31258319             45.6               6231000         136624.4
14:34:50.547 INFO  ProgressMeter - Montipora_capitata_HIv1___Scaffold_8___length_68683312:34166441             45.8               6266000         136886.7
14:35:00.731 INFO  ProgressMeter - Montipora_capitata_HIv1___Scaffold_8___length_68683312:36967749             45.9               6301000         137142.8
14:35:10.867 INFO  ProgressMeter - Montipora_capitata_HIv1___Scaffold_8___length_68683312:39251623             46.1               6335000         137377.7
14:35:21.056 INFO  ProgressMeter - Montipora_capitata_HIv1___Scaffold_8___length_68683312:41791045             46.3               6367000         137565.1
14:35:31.230 INFO  ProgressMeter - Montipora_capitata_HIv1___Scaffold_8___length_68683312:44214248             46.5               6399000         137751.8
14:35:41.266 INFO  ProgressMeter - Montipora_capitata_HIv1___Scaffold_8___length_68683312:46623178             46.6               6435000         138029.8
14:35:51.415 INFO  ProgressMeter - Montipora_capitata_HIv1___Scaffold_8___length_68683312:49196364             46.8               6468000         138236.0
14:36:01.559 INFO  ProgressMeter - Montipora_capitata_HIv1___Scaffold_8___length_68683312:51160165             47.0               6502000         138462.4
14:36:11.734 INFO  ProgressMeter - Montipora_capitata_HIv1___Scaffold_8___length_68683312:53107942             47.1               6535000         138664.4
14:36:21.968 INFO  ProgressMeter - Montipora_capitata_HIv1___Scaffold_8___length_68683312:54780105             47.3               6568000         138862.0
14:36:32.119 INFO  ProgressMeter - Montipora_capitata_HIv1___Scaffold_8___length_68683312:56017669             47.5               6598000         138999.1
14:36:42.330 INFO  ProgressMeter - Montipora_capitata_HIv1___Scaffold_8___length_68683312:57380349             47.6               6629000         139153.3
14:36:52.468 INFO  ProgressMeter - Montipora_capitata_HIv1___Scaffold_8___length_68683312:59348990             47.8               6663000         139372.7
14:37:02.482 INFO  ProgressMeter - Montipora_capitata_HIv1___Scaffold_8___length_68683312:61637535             48.0               6696000         139575.7
14:37:12.635 INFO  ProgressMeter - Montipora_capitata_HIv1___Scaffold_8___length_68683312:63295772             48.1               6728000         139749.7
14:37:22.701 INFO  ProgressMeter - Montipora_capitata_HIv1___Scaffold_8___length_68683312:64710791             48.3               6756000         139844.0
14:37:33.176 INFO  ProgressMeter - Montipora_capitata_HIv1___Scaffold_8___length_68683312:65564867             48.5               6775000         139732.4
14:37:43.457 INFO  ProgressMeter - Montipora_capitata_HIv1___Scaffold_8___length_68683312:66674264             48.7               6795000         139651.3
14:37:53.595 INFO  ProgressMeter - Montipora_capitata_HIv1___Scaffold_8___length_68683312:68490137             48.8               6827000         139823.4
14:38:03.873 INFO  ProgressMeter - Montipora_capitata_HIv1___Scaffold_9___length_36520733:1299788             49.0               6861000         140028.5
14:38:14.001 INFO  ProgressMeter - Montipora_capitata_HIv1___Scaffold_9___length_36520733:2536470             49.2               6892000         140178.3
14:38:24.373 INFO  ProgressMeter - Montipora_capitata_HIv1___Scaffold_9___length_36520733:4025543             49.3               6924000         140335.7
14:38:34.801 INFO  ProgressMeter - Montipora_capitata_HIv1___Scaffold_9___length_36520733:4878469             49.5               6942000         140206.6
14:38:44.869 INFO  ProgressMeter - Montipora_capitata_HIv1___Scaffold_9___length_36520733:5673515             49.7               6966000         140216.2
14:38:54.871 INFO  ProgressMeter - Montipora_capitata_HIv1___Scaffold_9___length_36520733:7342494             49.8               6998000         140389.2
14:39:04.968 INFO  ProgressMeter - Montipora_capitata_HIv1___Scaffold_9___length_36520733:8612794             50.0               7028000         140516.7
14:39:15.233 INFO  ProgressMeter - Montipora_capitata_HIv1___Scaffold_9___length_36520733:10156114             50.2               7062000         140715.1
14:39:25.440 INFO  ProgressMeter - Montipora_capitata_HIv1___Scaffold_9___length_36520733:11632289             50.4               7095000         140895.1
14:39:35.658 INFO  ProgressMeter - Montipora_capitata_HIv1___Scaffold_9___length_36520733:13197819             50.5               7128000         141073.3
14:39:45.810 INFO  ProgressMeter - Montipora_capitata_HIv1___Scaffold_9___length_36520733:14876549             50.7               7148000         140997.0
14:39:56.255 INFO  ProgressMeter - Montipora_capitata_HIv1___Scaffold_9___length_36520733:16287826             50.9               7168000         140907.6
14:40:06.268 INFO  ProgressMeter - Montipora_capitata_HIv1___Scaffold_9___length_36520733:17662048             51.0               7191000         140897.5
14:40:16.763 INFO  ProgressMeter - Montipora_capitata_HIv1___Scaffold_9___length_36520733:18981099             51.2               7209000         140767.8
14:40:26.887 INFO  ProgressMeter - Montipora_capitata_HIv1___Scaffold_9___length_36520733:21025830             51.4               7241000         140928.3
14:40:36.966 INFO  ProgressMeter - Montipora_capitata_HIv1___Scaffold_9___length_36520733:23500946             51.5               7274000         141109.2
14:40:47.200 INFO  ProgressMeter - Montipora_capitata_HIv1___Scaffold_9___length_36520733:26015781             51.7               7308000         141301.3
14:40:57.357 INFO  ProgressMeter - Montipora_capitata_HIv1___Scaffold_9___length_36520733:27758641             51.9               7338000         141418.4
14:41:07.813 INFO  ProgressMeter - Montipora_capitata_HIv1___Scaffold_9___length_36520733:28469472             52.1               7359000         141348.4
14:41:17.868 INFO  ProgressMeter - Montipora_capitata_HIv1___Scaffold_9___length_36520733:29312573             52.2               7377000         141239.5
14:41:28.028 INFO  ProgressMeter - Montipora_capitata_HIv1___Scaffold_9___length_36520733:29982178             52.4               7395000         141126.6
14:41:38.120 INFO  ProgressMeter - Montipora_capitata_HIv1___Scaffold_9___length_36520733:30371207             52.6               7413000         141017.5
14:41:48.539 INFO  ProgressMeter - Montipora_capitata_HIv1___Scaffold_9___length_36520733:30975620             52.7               7432000         140913.4
14:41:58.916 INFO  ProgressMeter - Montipora_capitata_HIv1___Scaffold_9___length_36520733:31558220             52.9               7451000         140811.9
14:42:09.070 INFO  ProgressMeter - Montipora_capitata_HIv1___Scaffold_9___length_36520733:32759547             53.1               7484000         140984.7
14:42:19.373 INFO  ProgressMeter - Montipora_capitata_HIv1___Scaffold_9___length_36520733:33817677             53.3               7508000         140980.8
14:42:29.460 INFO  ProgressMeter - Montipora_capitata_HIv1___Scaffold_9___length_36520733:34776276             53.4               7525000         140855.3
14:42:39.523 INFO  ProgressMeter - Montipora_capitata_HIv1___Scaffold_9___length_36520733:35686537             53.6               7543000         140750.4
14:42:49.682 INFO  ProgressMeter - Montipora_capitata_HIv1___Scaffold_10___length_69151359:246115             53.8               7564000         140697.7
14:42:59.689 INFO  ProgressMeter - Montipora_capitata_HIv1___Scaffold_10___length_69151359:2167289             53.9               7599000         140911.6
14:43:09.765 INFO  ProgressMeter - Montipora_capitata_HIv1___Scaffold_10___length_69151359:3437449             54.1               7627000         140991.7
14:43:19.893 INFO  ProgressMeter - Montipora_capitata_HIv1___Scaffold_10___length_69151359:4244539             54.3               7643000         140848.0
14:43:30.191 INFO  ProgressMeter - Montipora_capitata_HIv1___Scaffold_10___length_69151359:5132230             54.4               7660000         140716.2
14:43:40.742 INFO  ProgressMeter - Montipora_capitata_HIv1___Scaffold_10___length_69151359:6188744             54.6               7679000         140611.0
14:43:50.826 INFO  ProgressMeter - Montipora_capitata_HIv1___Scaffold_10___length_69151359:7715954             54.8               7710000         140745.6
14:44:01.272 INFO  ProgressMeter - Montipora_capitata_HIv1___Scaffold_10___length_69151359:9281133             55.0               7736000         140772.8
14:44:11.405 INFO  ProgressMeter - Montipora_capitata_HIv1___Scaffold_10___length_69151359:10252787             55.1               7755000         140686.1
14:44:21.460 INFO  ProgressMeter - Montipora_capitata_HIv1___Scaffold_10___length_69151359:11504206             55.3               7775000         140621.5
14:44:31.502 INFO  ProgressMeter - Montipora_capitata_HIv1___Scaffold_10___length_69151359:13294175             55.5               7808000         140792.1
14:44:41.758 INFO  ProgressMeter - Montipora_capitata_HIv1___Scaffold_10___length_69151359:14450783             55.6               7834000         140826.9
14:44:51.853 INFO  ProgressMeter - Montipora_capitata_HIv1___Scaffold_10___length_69151359:15575225             55.8               7861000         140886.1
14:45:01.894 INFO  ProgressMeter - Montipora_capitata_HIv1___Scaffold_10___length_69151359:16934207             56.0               7894000         141054.5
14:45:12.102 INFO  ProgressMeter - Montipora_capitata_HIv1___Scaffold_10___length_69151359:19184041             56.1               7928000         141232.7
14:45:22.354 INFO  ProgressMeter - Montipora_capitata_HIv1___Scaffold_10___length_69151359:20763110             56.3               7950000         141194.9
14:45:32.593 INFO  ProgressMeter - Montipora_capitata_HIv1___Scaffold_10___length_69151359:22636411             56.5               7984000         141370.2
14:45:42.772 INFO  ProgressMeter - Montipora_capitata_HIv1___Scaffold_10___length_69151359:25003038             56.6               8019000         141564.7
14:45:52.849 INFO  ProgressMeter - Montipora_capitata_HIv1___Scaffold_10___length_69151359:28015629             56.8               8053000         141744.6
14:46:03.354 INFO  ProgressMeter - Montipora_capitata_HIv1___Scaffold_10___length_69151359:30957746             57.0               8086000         141888.2
14:46:13.509 INFO  ProgressMeter - Montipora_capitata_HIv1___Scaffold_10___length_69151359:33311955             57.2               8118000         142027.9
14:46:23.686 INFO  ProgressMeter - Montipora_capitata_HIv1___Scaffold_10___length_69151359:35711060             57.3               8153000         142218.2
14:46:33.701 INFO  ProgressMeter - Montipora_capitata_HIv1___Scaffold_10___length_69151359:38338413             57.5               8185000         142361.9
14:46:43.912 INFO  ProgressMeter - Montipora_capitata_HIv1___Scaffold_10___length_69151359:40736654             57.7               8220000         142548.7
14:46:54.321 INFO  ProgressMeter - Montipora_capitata_HIv1___Scaffold_10___length_69151359:42006745             57.8               8245000         142553.4
14:47:04.420 INFO  ProgressMeter - Montipora_capitata_HIv1___Scaffold_10___length_69151359:43754188             58.0               8265000         142484.6
14:47:14.473 INFO  ProgressMeter - Montipora_capitata_HIv1___Scaffold_10___length_69151359:45448319             58.2               8298000         142641.5
14:47:24.705 INFO  ProgressMeter - Montipora_capitata_HIv1___Scaffold_10___length_69151359:47562870             58.3               8333000         142824.4
14:47:34.990 INFO  ProgressMeter - Montipora_capitata_HIv1___Scaffold_10___length_69151359:49958726             58.5               8367000         142987.1
14:47:45.234 INFO  ProgressMeter - Montipora_capitata_HIv1___Scaffold_10___length_69151359:51230847             58.7               8390000         142963.0
14:47:55.575 INFO  ProgressMeter - Montipora_capitata_HIv1___Scaffold_10___length_69151359:52195923             58.9               8412000         142918.1
14:48:05.917 INFO  ProgressMeter - Montipora_capitata_HIv1___Scaffold_10___length_69151359:53557691             59.0               8432000         142839.6
14:48:16.401 INFO  ProgressMeter - Montipora_capitata_HIv1___Scaffold_10___length_69151359:54639157             59.2               8452000         142755.9
14:48:26.485 INFO  ProgressMeter - Montipora_capitata_HIv1___Scaffold_10___length_69151359:56335586             59.4               8481000         142840.2
14:48:36.801 INFO  ProgressMeter - Montipora_capitata_HIv1___Scaffold_10___length_69151359:57725285             59.5               8510000         142914.8
14:48:47.222 INFO  ProgressMeter - Montipora_capitata_HIv1___Scaffold_10___length_69151359:58889121             59.7               8530000         142834.1
14:48:57.344 INFO  ProgressMeter - Montipora_capitata_HIv1___Scaffold_10___length_69151359:60466371             59.9               8560000         142932.6
14:49:07.437 INFO  ProgressMeter - Montipora_capitata_HIv1___Scaffold_10___length_69151359:62549016             60.1               8594000         143098.4
14:49:17.501 INFO  ProgressMeter - Montipora_capitata_HIv1___Scaffold_10___length_69151359:64611448             60.2               8628000         143264.4
14:49:27.665 INFO  ProgressMeter - Montipora_capitata_HIv1___Scaffold_10___length_69151359:66571129             60.4               8662000         143425.6
14:49:37.962 INFO  ProgressMeter - Montipora_capitata_HIv1___Scaffold_10___length_69151359:68211670             60.6               8695000         143564.1
14:49:48.213 INFO  ProgressMeter - Montipora_capitata_HIv1___Scaffold_11___length_67098902:1113392             60.7               8728000         143703.5
14:49:58.346 INFO  ProgressMeter - Montipora_capitata_HIv1___Scaffold_11___length_67098902:2974541             60.9               8759000         143814.0
14:50:08.363 INFO  ProgressMeter - Montipora_capitata_HIv1___Scaffold_11___length_67098902:4405703             61.1               8792000         143961.2
14:50:18.760 INFO  ProgressMeter - Montipora_capitata_HIv1___Scaffold_11___length_67098902:6112349             61.2               8825000         144092.7
14:50:28.804 INFO  ProgressMeter - Montipora_capitata_HIv1___Scaffold_11___length_67098902:7780200             61.4               8858000         144237.3
14:50:38.839 INFO  ProgressMeter - Montipora_capitata_HIv1___Scaffold_11___length_67098902:9815145             61.6               8890000         144365.2
14:50:49.061 INFO  ProgressMeter - Montipora_capitata_HIv1___Scaffold_11___length_67098902:11859657             61.8               8925000         144533.7
14:50:59.310 INFO  ProgressMeter - Montipora_capitata_HIv1___Scaffold_11___length_67098902:13620129             61.9               8958000         144667.9
14:51:09.419 INFO  ProgressMeter - Montipora_capitata_HIv1___Scaffold_11___length_67098902:15162551             62.1               8990000         144790.8
14:51:19.678 INFO  ProgressMeter - Montipora_capitata_HIv1___Scaffold_11___length_67098902:17340492             62.3               9024000         144939.2
14:51:29.758 INFO  ProgressMeter - Montipora_capitata_HIv1___Scaffold_11___length_67098902:19046435             62.4               9057000         145077.8
14:51:39.863 INFO  ProgressMeter - Montipora_capitata_HIv1___Scaffold_11___length_67098902:20411676             62.6               9084000         145118.8
14:51:50.200 INFO  ProgressMeter - Montipora_capitata_HIv1___Scaffold_11___length_67098902:21623940             62.8               9106000         145071.0
14:52:00.250 INFO  ProgressMeter - Montipora_capitata_HIv1___Scaffold_11___length_67098902:23475906             62.9               9139000         145209.2
14:52:10.422 INFO  ProgressMeter - Montipora_capitata_HIv1___Scaffold_11___length_67098902:25171372             63.1               9172000         145342.0
14:52:20.492 INFO  ProgressMeter - Montipora_capitata_HIv1___Scaffold_11___length_67098902:26472702             63.3               9201000         145414.8
14:52:30.613 INFO  ProgressMeter - Montipora_capitata_HIv1___Scaffold_11___length_67098902:28596994             63.4               9235000         145564.1
14:52:40.842 INFO  ProgressMeter - Montipora_capitata_HIv1___Scaffold_11___length_67098902:30639518             63.6               9270000         145724.2
14:52:50.909 INFO  ProgressMeter - Montipora_capitata_HIv1___Scaffold_11___length_67098902:32479616             63.8               9302000         145842.6
14:53:01.150 INFO  ProgressMeter - Montipora_capitata_HIv1___Scaffold_11___length_67098902:34126108             64.0               9329000         145875.5
14:53:11.222 INFO  ProgressMeter - Montipora_capitata_HIv1___Scaffold_11___length_67098902:35297585             64.1               9350000         145821.1
14:53:21.557 INFO  ProgressMeter - Montipora_capitata_HIv1___Scaffold_11___length_67098902:38068376             64.3               9382000         145928.2
14:53:31.685 INFO  ProgressMeter - Montipora_capitata_HIv1___Scaffold_11___length_67098902:40337578             64.5               9414000         146042.5
14:53:41.904 INFO  ProgressMeter - Montipora_capitata_HIv1___Scaffold_11___length_67098902:42156357             64.6               9439000         146044.4
14:53:51.955 INFO  ProgressMeter - Montipora_capitata_HIv1___Scaffold_11___length_67098902:44188807             64.8               9465000         146068.1
14:54:02.232 INFO  ProgressMeter - Montipora_capitata_HIv1___Scaffold_11___length_67098902:46775525             65.0               9496000         146160.2
14:54:12.510 INFO  ProgressMeter - Montipora_capitata_HIv1___Scaffold_11___length_67098902:48823315             65.1               9531000         146313.1
14:54:22.728 INFO  ProgressMeter - Montipora_capitata_HIv1___Scaffold_11___length_67098902:50049660             65.3               9553000         146268.5
14:54:33.016 INFO  ProgressMeter - Montipora_capitata_HIv1___Scaffold_11___length_67098902:52489007             65.5               9586000         146389.4
14:54:43.098 INFO  ProgressMeter - Montipora_capitata_HIv1___Scaffold_11___length_67098902:54266606             65.7               9619000         146517.4
14:54:53.269 INFO  ProgressMeter - Montipora_capitata_HIv1___Scaffold_11___length_67098902:56146316             65.8               9652000         146641.4
14:55:03.511 INFO  ProgressMeter - Montipora_capitata_HIv1___Scaffold_11___length_67098902:57384963             66.0               9681000         146701.5
14:55:14.093 INFO  ProgressMeter - Montipora_capitata_HIv1___Scaffold_11___length_67098902:58275682             66.2               9700000         146597.6
14:55:24.478 INFO  ProgressMeter - Montipora_capitata_HIv1___Scaffold_11___length_67098902:59308133             66.3               9718000         146486.5
14:55:34.489 INFO  ProgressMeter - Montipora_capitata_HIv1___Scaffold_11___length_67098902:60106290             66.5               9736000         146389.7
14:55:44.779 INFO  ProgressMeter - Montipora_capitata_HIv1___Scaffold_11___length_67098902:61162980             66.7               9756000         146313.1
14:55:54.913 INFO  ProgressMeter - Montipora_capitata_HIv1___Scaffold_11___length_67098902:62402696             66.8               9779000         146287.5
14:56:05.090 INFO  ProgressMeter - Montipora_capitata_HIv1___Scaffold_11___length_67098902:64194964             67.0               9813000         146424.6
14:56:15.351 INFO  ProgressMeter - Montipora_capitata_HIv1___Scaffold_11___length_67098902:65901269             67.2               9846000         146543.0
14:56:25.632 INFO  ProgressMeter - Montipora_capitata_HIv1___Scaffold_12___length_43329812:1081590             67.4               9882000         146704.7
14:56:35.902 INFO  ProgressMeter - Montipora_capitata_HIv1___Scaffold_12___length_43329812:2919902             67.5               9916000         146836.3
14:56:46.273 INFO  ProgressMeter - Montipora_capitata_HIv1___Scaffold_12___length_43329812:4327471             67.7               9943000         146860.2
14:56:56.352 INFO  ProgressMeter - Montipora_capitata_HIv1___Scaffold_12___length_43329812:5297576             67.9               9969000         146879.8
14:57:06.552 INFO  ProgressMeter - Montipora_capitata_HIv1___Scaffold_12___length_43329812:6694022             68.0              10002000         146997.8
14:57:17.005 INFO  ProgressMeter - Montipora_capitata_HIv1___Scaffold_12___length_43329812:7534313             68.2              10021000         146900.9
14:57:27.215 INFO  ProgressMeter - Montipora_capitata_HIv1___Scaffold_12___length_43329812:8699039             68.4              10040000         146813.2
14:57:37.391 INFO  ProgressMeter - Montipora_capitata_HIv1___Scaffold_12___length_43329812:9721860             68.6              10057000         146698.0
14:57:47.681 INFO  ProgressMeter - Montipora_capitata_HIv1___Scaffold_12___length_43329812:11109601             68.7              10082000         146695.7
14:57:57.907 INFO  ProgressMeter - Montipora_capitata_HIv1___Scaffold_12___length_43329812:13469163             68.9              10109000         146724.7
14:58:08.007 INFO  ProgressMeter - Montipora_capitata_HIv1___Scaffold_12___length_43329812:16199660             69.1              10141000         146830.4
14:58:18.113 INFO  ProgressMeter - Montipora_capitata_HIv1___Scaffold_12___length_43329812:18818504             69.2              10175000         146964.3
14:58:28.225 INFO  ProgressMeter - Montipora_capitata_HIv1___Scaffold_12___length_43329812:20246877             69.4              10198000         146938.8
14:58:38.565 INFO  ProgressMeter - Montipora_capitata_HIv1___Scaffold_12___length_43329812:23532472             69.6              10232000         147063.5
14:58:48.636 INFO  ProgressMeter - Montipora_capitata_HIv1___Scaffold_12___length_43329812:25704077             69.7              10264000         147168.4
14:58:58.705 INFO  ProgressMeter - Montipora_capitata_HIv1___Scaffold_12___length_43329812:26997007             69.9              10288000         147158.5
14:59:08.825 INFO  ProgressMeter - Montipora_capitata_HIv1___Scaffold_12___length_43329812:27707785             70.1              10307000         147075.4
14:59:19.032 INFO  ProgressMeter - Montipora_capitata_HIv1___Scaffold_12___length_43329812:29085630             70.2              10331000         147060.9
14:59:29.284 INFO  ProgressMeter - Montipora_capitata_HIv1___Scaffold_12___length_43329812:30565013             70.4              10356000         147059.1
14:59:39.358 INFO  ProgressMeter - Montipora_capitata_HIv1___Scaffold_12___length_43329812:31467766             70.6              10376000         146992.6
14:59:49.461 INFO  ProgressMeter - Montipora_capitata_HIv1___Scaffold_12___length_43329812:33008809             70.8              10407000         147080.9
14:59:59.485 INFO  ProgressMeter - Montipora_capitata_HIv1___Scaffold_12___length_43329812:35024760             70.9              10438000         147171.6
15:00:09.528 INFO  ProgressMeter - Montipora_capitata_HIv1___Scaffold_12___length_43329812:37182726             71.1              10472000         147303.3
15:00:19.559 INFO  ProgressMeter - Montipora_capitata_HIv1___Scaffold_12___length_43329812:38977676             71.3              10506000         147434.8
15:00:29.681 INFO  ProgressMeter - Montipora_capitata_HIv1___Scaffold_12___length_43329812:40528436             71.4              10539000         147548.6
15:00:39.682 INFO  ProgressMeter - Montipora_capitata_HIv1___Scaffold_12___length_43329812:42098018             71.6              10572000         147666.0
15:00:49.836 INFO  ProgressMeter - Montipora_capitata_HIv1___Scaffold_13___length_39528174:380815             71.8              10605000         147777.7
15:00:59.991 INFO  ProgressMeter - Montipora_capitata_HIv1___Scaffold_13___length_39528174:1646382             71.9              10638000         147888.7
15:01:09.998 INFO  ProgressMeter - Montipora_capitata_HIv1___Scaffold_13___length_39528174:2961779             72.1              10671000         148004.3
15:01:20.082 INFO  ProgressMeter - Montipora_capitata_HIv1___Scaffold_13___length_39528174:4231488             72.3              10700000         148061.4
15:01:30.281 INFO  ProgressMeter - Montipora_capitata_HIv1___Scaffold_13___length_39528174:5731795             72.4              10728000         148100.5
15:01:40.296 INFO  ProgressMeter - Montipora_capitata_HIv1___Scaffold_13___length_39528174:6695181             72.6              10749000         148049.3
15:01:50.472 INFO  ProgressMeter - Montipora_capitata_HIv1___Scaffold_13___length_39528174:8382838             72.8              10770000         147992.8
15:02:00.518 INFO  ProgressMeter - Montipora_capitata_HIv1___Scaffold_13___length_39528174:10210842             72.9              10804000         148119.2
15:02:10.767 INFO  ProgressMeter - Montipora_capitata_HIv1___Scaffold_13___length_39528174:11141917             73.1              10826000         148074.1
15:02:20.871 INFO  ProgressMeter - Montipora_capitata_HIv1___Scaffold_13___length_39528174:13401321             73.3              10860000         148197.7
15:02:31.160 INFO  ProgressMeter - Montipora_capitata_HIv1___Scaffold_13___length_39528174:15066722             73.5              10882000         148151.3
15:02:41.365 INFO  ProgressMeter - Montipora_capitata_HIv1___Scaffold_13___length_39528174:16540740             73.6              10900000         148053.5
15:02:51.784 INFO  ProgressMeter - Montipora_capitata_HIv1___Scaffold_13___length_39528174:18217842             73.8              10920000         147976.1
15:03:01.821 INFO  ProgressMeter - Montipora_capitata_HIv1___Scaffold_13___length_39528174:20115086             74.0              10940000         147911.9
15:03:11.973 INFO  ProgressMeter - Montipora_capitata_HIv1___Scaffold_13___length_39528174:22326756             74.1              10960000         147844.1
15:03:22.036 INFO  ProgressMeter - Montipora_capitata_HIv1___Scaffold_13___length_39528174:25389134             74.3              10988000         147887.2
15:03:32.201 INFO  ProgressMeter - Montipora_capitata_HIv1___Scaffold_13___length_39528174:27528445             74.5              11021000         147993.9
15:03:42.228 INFO  ProgressMeter - Montipora_capitata_HIv1___Scaffold_13___length_39528174:29482785             74.6              11054000         148104.6
15:03:52.397 INFO  ProgressMeter - Montipora_capitata_HIv1___Scaffold_13___length_39528174:31164841             74.8              11085000         148183.5
15:04:02.676 INFO  ProgressMeter - Montipora_capitata_HIv1___Scaffold_13___length_39528174:33118025             75.0              11119000         148298.4
15:04:12.854 INFO  ProgressMeter - Montipora_capitata_HIv1___Scaffold_13___length_39528174:34496344             75.1              11151000         148389.5
15:04:23.243 INFO  ProgressMeter - Montipora_capitata_HIv1___Scaffold_13___length_39528174:35753306             75.3              11177000         148393.5
15:04:33.243 INFO  ProgressMeter - Montipora_capitata_HIv1___Scaffold_13___length_39528174:36568630             75.5              11196000         148317.6
15:04:43.276 INFO  ProgressMeter - Montipora_capitata_HIv1___Scaffold_13___length_39528174:37337304             75.7              11215000         148240.9
15:04:53.754 INFO  ProgressMeter - Montipora_capitata_HIv1___Scaffold_13___length_39528174:38294322             75.8              11235000         148163.3
15:05:03.941 INFO  ProgressMeter - Montipora_capitata_HIv1___Scaffold_13___length_39528174:39104570             76.0              11256000         148108.6
15:05:14.180 INFO  ProgressMeter - Montipora_capitata_HIv1___Scaffold_14___length_35226620:745112             76.2              11277000         148052.5
15:05:24.597 INFO  ProgressMeter - Montipora_capitata_HIv1___Scaffold_14___length_35226620:1643087             76.3              11296000         147964.6
15:05:34.710 INFO  ProgressMeter - Montipora_capitata_HIv1___Scaffold_14___length_35226620:2782618             76.5              11323000         147991.6
15:05:45.064 INFO  ProgressMeter - Montipora_capitata_HIv1___Scaffold_14___length_35226620:4039943             76.7              11349000         147997.6
15:05:55.404 INFO  ProgressMeter - Montipora_capitata_HIv1___Scaffold_14___length_35226620:4784799             76.9              11367000         147899.9
15:06:05.474 INFO  ProgressMeter - Montipora_capitata_HIv1___Scaffold_14___length_35226620:5960390             77.0              11391000         147889.3
15:06:15.918 INFO  ProgressMeter - Montipora_capitata_HIv1___Scaffold_14___length_35226620:6726522             77.2              11408000         147776.0
15:06:26.393 INFO  ProgressMeter - Montipora_capitata_HIv1___Scaffold_14___length_35226620:7597564             77.4              11428000         147701.1
15:06:36.412 INFO  ProgressMeter - Montipora_capitata_HIv1___Scaffold_14___length_35226620:8501891             77.5              11447000         147628.0
15:06:46.888 INFO  ProgressMeter - Montipora_capitata_HIv1___Scaffold_14___length_35226620:9478911             77.7              11467000         147553.7
15:06:57.168 INFO  ProgressMeter - Montipora_capitata_HIv1___Scaffold_14___length_35226620:10387812             77.9              11493000         147562.9
15:07:07.417 INFO  ProgressMeter - Montipora_capitata_HIv1___Scaffold_14___length_35226620:11716906             78.1              11527000         147675.6
15:07:17.654 INFO  ProgressMeter - Montipora_capitata_HIv1___Scaffold_14___length_35226620:14698037             78.2              11560000         147775.3
15:07:27.903 INFO  ProgressMeter - Montipora_capitata_HIv1___Scaffold_14___length_35226620:17803887             78.4              11593000         147874.3
15:07:38.146 INFO  ProgressMeter - Montipora_capitata_HIv1___Scaffold_14___length_35226620:20527973             78.6              11628000         147998.5
15:07:48.276 INFO  ProgressMeter - Montipora_capitata_HIv1___Scaffold_14___length_35226620:22617413             78.7              11660000         148087.5
15:07:58.386 INFO  ProgressMeter - Montipora_capitata_HIv1___Scaffold_14___length_35226620:23703581             78.9              11682000         148050.1
15:08:08.694 INFO  ProgressMeter - Montipora_capitata_HIv1___Scaffold_14___length_35226620:24916031             79.1              11702000         147981.4
15:08:19.152 INFO  ProgressMeter - Montipora_capitata_HIv1___Scaffold_14___length_35226620:25905457             79.3              11722000         147908.3
15:08:29.675 INFO  ProgressMeter - Montipora_capitata_HIv1___Scaffold_14___length_35226620:26922176             79.4              11742000         147833.5
15:08:39.877 INFO  ProgressMeter - Montipora_capitata_HIv1___Scaffold_14___length_35226620:27608031             79.6              11761000         147756.4
15:08:50.003 INFO  ProgressMeter - Montipora_capitata_HIv1___Scaffold_14___length_35226620:28347744             79.8              11783000         147719.6
15:09:00.255 INFO  ProgressMeter - Montipora_capitata_HIv1___Scaffold_14___length_35226620:29689154             79.9              11817000         147829.2
15:09:10.262 INFO  ProgressMeter - Montipora_capitata_HIv1___Scaffold_14___length_35226620:30871450             80.1              11850000         147933.3
15:09:20.364 INFO  ProgressMeter - Montipora_capitata_HIv1___Scaffold_14___length_35226620:32102587             80.3              11879000         147984.3
15:09:30.371 INFO  ProgressMeter - Montipora_capitata_HIv1___Scaffold_14___length_35226620:33377745             80.4              11910000         148062.9
15:09:40.462 INFO  ProgressMeter - Montipora_capitata_HIv1___Scaffold_14___length_35226620:34740588             80.6              11943000         148163.3
15:09:50.553 INFO  ProgressMeter - Montipora_capitata_HIv1___Scaffold_16___length_867735:51540             80.8              11978000         148288.1
15:10:00.701 INFO  ProgressMeter - Montipora_capitata_HIv1___Scaffold_18___length_729353:628724             80.9              12012000         148398.3
15:10:10.793 INFO  ProgressMeter - Montipora_capitata_HIv1___Scaffold_23___length_574946:470704             81.1              12047000         148522.1
15:10:21.001 INFO  ProgressMeter - Montipora_capitata_HIv1___Scaffold_31___length_481903:430780             81.3              12084000         148666.4
15:10:31.015 INFO  ProgressMeter - Montipora_capitata_HIv1___Scaffold_37___length_398796:263748             81.4              12118000         148779.2
15:10:41.167 INFO  ProgressMeter - Montipora_capitata_HIv1___Scaffold_47___length_338745:338196             81.6              12150000         148862.9
15:10:51.213 INFO  ProgressMeter - Montipora_capitata_HIv1___Scaffold_58___length_298544:78557             81.8              12185000         148986.1
15:11:01.408 INFO  ProgressMeter - Montipora_capitata_HIv1___Scaffold_67___length_279360:198524             82.0              12220000         149104.2
15:11:11.607 INFO  ProgressMeter - Montipora_capitata_HIv1___Scaffold_80___length_257622:149025             82.1              12256000         149234.0
15:11:21.743 INFO  ProgressMeter - Montipora_capitata_HIv1___Scaffold_90___length_238105:201461             82.3              12287000         149304.3
15:11:31.829 INFO  ProgressMeter - Montipora_capitata_HIv1___Scaffold_100___length_208020:91406             82.5              12309000         149266.8
15:11:42.010 INFO  ProgressMeter - Montipora_capitata_HIv1___Scaffold_104___length_203901:157472             82.6              12328000         149190.2
15:11:52.018 INFO  ProgressMeter - Montipora_capitata_HIv1___Scaffold_112___length_189310:91285             82.8              12347000         149119.1
15:12:02.107 INFO  ProgressMeter - Montipora_capitata_HIv1___Scaffold_122___length_180766:176625             83.0              12367000         149057.9
15:12:12.180 INFO  ProgressMeter - Montipora_capitata_HIv1___Scaffold_131___length_169881:128168             83.1              12386000         148985.5
15:12:22.419 INFO  ProgressMeter - Montipora_capitata_HIv1___Scaffold_151___length_152274:12050             83.3              12418000         149064.4
15:12:32.473 INFO  ProgressMeter - Montipora_capitata_HIv1___Scaffold_172___length_133017:24136             83.5              12452000         149172.5
15:12:42.826 INFO  ProgressMeter - Montipora_capitata_HIv1___Scaffold_196___length_121121:78179             83.6              12485000         149259.3
15:12:52.887 INFO  ProgressMeter - Montipora_capitata_HIv1___Scaffold_204___length_119206:90836             83.8              12504000         149187.4
15:13:03.004 INFO  ProgressMeter - Montipora_capitata_HIv1___Scaffold_237___length_108135:41878             84.0              12540000         149316.5
15:13:13.281 INFO  ProgressMeter - Montipora_capitata_HIv1___Scaffold_270___length_98279:75124             84.2              12575000         149428.5
15:13:23.296 INFO  ProgressMeter - Montipora_capitata_HIv1___Scaffold_306___length_88545:25740             84.3              12608000         149524.1
15:13:33.514 INFO  ProgressMeter - Montipora_capitata_HIv1___Scaffold_340___length_78681:20845             84.5              12643000         149636.9
15:13:43.738 INFO  ProgressMeter - Montipora_capitata_HIv1___Scaffold_398___length_66845:32136             84.7              12678000         149749.1
15:13:53.960 INFO  ProgressMeter - Montipora_capitata_HIv1___Scaffold_455___length_59046:4353             84.8              12711000         149837.4
15:14:04.092 INFO  ProgressMeter - Montipora_capitata_HIv1___Scaffold_511___length_53409:17635             85.0              12744000         149928.0
15:14:14.134 INFO  ProgressMeter - Montipora_capitata_HIv1___Scaffold_586___length_45997:36763             85.2              12773000         149973.8
15:14:24.208 INFO  ProgressMeter - Montipora_capitata_HIv1___Scaffold_673___length_40042:26979             85.3              12799000         149983.4
15:14:34.332 INFO  ProgressMeter - Montipora_capitata_HIv1___Scaffold_814___length_33030:31600             85.5              12834000         150096.8
15:14:44.450 INFO  ProgressMeter - Montipora_capitata_HIv1___Scaffold_1005___length_25073:23556             85.7              12869000         150209.9
15:14:54.506 INFO  ProgressMeter - Montipora_capitata_HIv1___Scaffold_1347___length_15471:10241             85.8              12904000         150324.3
15:15:01.528 INFO  ProgressMeter - Montipora_capitata_HIv1___Scaffold_1685___length_1536:1376             86.0              12928239         150401.7
15:15:01.528 INFO  ProgressMeter - Traversal complete. Processed 12928239 total variants in 86.0 minutes.
15:15:01.637 INFO  SelectVariants - Shutting down engine
[August 4, 2021 at 3:15:01 PM EDT] org.broadinstitute.hellbender.tools.walkers.variantutils.SelectVariants done. Elapsed time: 85.98 minutes.
Runtime.totalMemory()=6366953472
