Using GATK jar /home/timothy/programs/gatk-4.2.0.0/gatk-package-4.2.0.0-local.jar
Running:
    java -Dsamjdk.use_async_io_read_samtools=false -Dsamjdk.use_async_io_write_samtools=true -Dsamjdk.use_async_io_write_tribble=false -Dsamjdk.compression_level=2 -jar /home/timothy/programs/gatk-4.2.0.0/gatk-package-4.2.0.0-local.jar VariantsToTable --reference Montipora_capitata_HIv1.assembly.fasta --variant GVCFall_SNPs.vcf.gz --output GVCFall_SNPs.AD_GQ.table -F CHROM -F POS -GF GT -GF AD -GF DP -GF GQ
10:53:32.254 INFO  NativeLibraryLoader - Loading libgkl_compression.so from jar:file:/home/timothy/programs/gatk-4.2.0.0/gatk-package-4.2.0.0-local.jar!/com/intel/gkl/native/libgkl_compression.so
Aug 04, 2021 10:53:32 AM shaded.cloud_nio.com.google.auth.oauth2.ComputeEngineCredentials runningOnComputeEngine
INFO: Failed to detect whether we are running on Google Compute Engine.
10:53:32.487 INFO  VariantsToTable - ------------------------------------------------------------
10:53:32.488 INFO  VariantsToTable - The Genome Analysis Toolkit (GATK) v4.2.0.0
10:53:32.488 INFO  VariantsToTable - For support and documentation go to https://software.broadinstitute.org/gatk/
10:53:32.488 INFO  VariantsToTable - Executing as timothy@coral on Linux v5.4.0-80-generic amd64
10:53:32.488 INFO  VariantsToTable - Java runtime: OpenJDK 64-Bit Server VM v11.0.11+9-Ubuntu-0ubuntu2.20.04
10:53:32.488 INFO  VariantsToTable - Start Date/Time: August 4, 2021 at 10:53:32 AM EDT
10:53:32.489 INFO  VariantsToTable - ------------------------------------------------------------
10:53:32.489 INFO  VariantsToTable - ------------------------------------------------------------
10:53:32.489 INFO  VariantsToTable - HTSJDK Version: 2.24.0
10:53:32.490 INFO  VariantsToTable - Picard Version: 2.25.0
10:53:32.490 INFO  VariantsToTable - Built for Spark Version: 2.4.5
10:53:32.490 INFO  VariantsToTable - HTSJDK Defaults.COMPRESSION_LEVEL : 2
10:53:32.490 INFO  VariantsToTable - HTSJDK Defaults.USE_ASYNC_IO_READ_FOR_SAMTOOLS : false
10:53:32.490 INFO  VariantsToTable - HTSJDK Defaults.USE_ASYNC_IO_WRITE_FOR_SAMTOOLS : true
10:53:32.490 INFO  VariantsToTable - HTSJDK Defaults.USE_ASYNC_IO_WRITE_FOR_TRIBBLE : false
10:53:32.490 INFO  VariantsToTable - Deflater: IntelDeflater
10:53:32.490 INFO  VariantsToTable - Inflater: IntelInflater
10:53:32.490 INFO  VariantsToTable - GCS max retries/reopens: 20
10:53:32.490 INFO  VariantsToTable - Requester pays: disabled
10:53:32.490 INFO  VariantsToTable - Initializing engine
10:53:32.809 INFO  FeatureManager - Using codec VCFCodec to read file file:///scratch/timothy/projects/0022_Coral_Genotype_Analysis/03_Analysis/2021-06-21/Montipora_capitata_HiRise_Assembly/RNAseq_short_variant_analysis/filtering/GVCFall_SNPs.AD_Analysis/GVCFall_SNPs.vcf.gz
10:53:32.950 INFO  VariantsToTable - Done initializing engine
10:53:32.955 WARN  VariantsToTable - Allele-specific fields will only be split if splitting multi-allelic variants is specified (`--split-multi-allelic` or `-SMA`
10:53:32.956 INFO  ProgressMeter - Starting traversal
10:53:32.956 INFO  ProgressMeter -        Current Locus  Elapsed Minutes    Variants Processed  Variants/Minute
10:53:43.116 INFO  ProgressMeter - Montipora_capitata_HIv1___Scaffold_1___length_48529999:909457              0.2                 16000          94516.1
10:53:53.678 INFO  ProgressMeter - Montipora_capitata_HIv1___Scaffold_1___length_48529999:1657574              0.3                 34000          98446.1
10:54:04.020 INFO  ProgressMeter - Montipora_capitata_HIv1___Scaffold_1___length_48529999:2655431              0.5                 53000         102369.3
10:54:14.218 INFO  ProgressMeter - Montipora_capitata_HIv1___Scaffold_1___length_48529999:3997845              0.7                 78000         113421.6
10:54:24.428 INFO  ProgressMeter - Montipora_capitata_HIv1___Scaffold_1___length_48529999:4934787              0.9                 98000         114239.1
10:54:34.976 INFO  ProgressMeter - Montipora_capitata_HIv1___Scaffold_1___length_48529999:5812020              1.0                117000         113189.3
10:54:45.125 INFO  ProgressMeter - Montipora_capitata_HIv1___Scaffold_1___length_48529999:6881677              1.2                136000         113069.5
10:54:55.567 INFO  ProgressMeter - Montipora_capitata_HIv1___Scaffold_1___length_48529999:7858134              1.4                156000         113302.1
10:55:06.057 INFO  ProgressMeter - Montipora_capitata_HIv1___Scaffold_1___length_48529999:8727050              1.6                176000         113426.4
10:55:16.479 INFO  ProgressMeter - Montipora_capitata_HIv1___Scaffold_1___length_48529999:9552187              1.7                197000         114177.5
10:55:26.906 INFO  ProgressMeter - Montipora_capitata_HIv1___Scaffold_1___length_48529999:10416751              1.9                218000         114787.2
10:55:36.971 INFO  ProgressMeter - Montipora_capitata_HIv1___Scaffold_1___length_48529999:12507067              2.1                252000         121920.7
10:55:47.044 INFO  ProgressMeter - Montipora_capitata_HIv1___Scaffold_1___length_48529999:14505317              2.2                289000         129318.1
10:55:57.125 INFO  ProgressMeter - Montipora_capitata_HIv1___Scaffold_1___length_48529999:16489067              2.4                325000         135258.9
10:56:07.368 INFO  ProgressMeter - Montipora_capitata_HIv1___Scaffold_1___length_48529999:18112355              2.6                347000         134835.0
10:56:17.479 INFO  ProgressMeter - Montipora_capitata_HIv1___Scaffold_1___length_48529999:19308961              2.7                368000         134206.2
10:56:27.673 INFO  ProgressMeter - Montipora_capitata_HIv1___Scaffold_1___length_48529999:21568121              2.9                401000         137708.4
10:56:37.769 INFO  ProgressMeter - Montipora_capitata_HIv1___Scaffold_1___length_48529999:24042688              3.1                438000         142197.8
10:56:47.831 INFO  ProgressMeter - Montipora_capitata_HIv1___Scaffold_1___length_48529999:26461474              3.2                475000         146248.3
10:56:58.084 INFO  ProgressMeter - Montipora_capitata_HIv1___Scaffold_1___length_48529999:28614436              3.4                513000         150053.4
10:57:08.408 INFO  ProgressMeter - Montipora_capitata_HIv1___Scaffold_1___length_48529999:29880529              3.6                540000         150381.5
10:57:18.650 INFO  ProgressMeter - Montipora_capitata_HIv1___Scaffold_1___length_48529999:32274215              3.8                569000         151267.4
10:57:28.837 INFO  ProgressMeter - Montipora_capitata_HIv1___Scaffold_1___length_48529999:33314910              3.9                590000         150076.3
10:57:38.867 INFO  ProgressMeter - Montipora_capitata_HIv1___Scaffold_1___length_48529999:35231713              4.1                623000         152006.2
10:57:48.940 INFO  ProgressMeter - Montipora_capitata_HIv1___Scaffold_1___length_48529999:36781306              4.3                659000         154462.8
10:57:58.969 INFO  ProgressMeter - Montipora_capitata_HIv1___Scaffold_1___length_48529999:38200261              4.4                695000         156759.8
10:58:09.377 INFO  ProgressMeter - Montipora_capitata_HIv1___Scaffold_1___length_48529999:39584484              4.6                723000         156934.5
10:58:19.588 INFO  ProgressMeter - Montipora_capitata_HIv1___Scaffold_1___length_48529999:40931495              4.8                744000         155739.8
10:58:29.689 INFO  ProgressMeter - Montipora_capitata_HIv1___Scaffold_1___length_48529999:42097334              4.9                767000         155088.9
10:58:39.869 INFO  ProgressMeter - Montipora_capitata_HIv1___Scaffold_1___length_48529999:44063467              5.1                804000         157178.1
10:58:50.294 INFO  ProgressMeter - Montipora_capitata_HIv1___Scaffold_1___length_48529999:45369290              5.3                832000         157308.6
10:59:00.553 INFO  ProgressMeter - Montipora_capitata_HIv1___Scaffold_1___length_48529999:46933800              5.5                866000         158610.0
10:59:10.699 INFO  ProgressMeter - Montipora_capitata_HIv1___Scaffold_2___length_53177999:414035              5.6                903000         160418.3
10:59:20.887 INFO  ProgressMeter - Montipora_capitata_HIv1___Scaffold_2___length_53177999:2198570              5.8                940000         162101.6
10:59:31.117 INFO  ProgressMeter - Montipora_capitata_HIv1___Scaffold_2___length_53177999:3634403              6.0                972000         162832.3
10:59:41.489 INFO  ProgressMeter - Montipora_capitata_HIv1___Scaffold_2___length_53177999:4473999              6.1                993000         161668.5
10:59:51.580 INFO  ProgressMeter - Montipora_capitata_HIv1___Scaffold_2___length_53177999:5667296              6.3               1017000         161163.0
11:00:01.814 INFO  ProgressMeter - Montipora_capitata_HIv1___Scaffold_2___length_53177999:6668642              6.5               1038000         160161.7
11:00:11.933 INFO  ProgressMeter - Montipora_capitata_HIv1___Scaffold_2___length_53177999:8941709              6.6               1075000         161663.5
11:00:21.935 INFO  ProgressMeter - Montipora_capitata_HIv1___Scaffold_2___length_53177999:10769980              6.8               1111000         162991.7
11:00:32.106 INFO  ProgressMeter - Montipora_capitata_HIv1___Scaffold_2___length_53177999:11772368              7.0               1135000         162472.1
11:00:42.128 INFO  ProgressMeter - Montipora_capitata_HIv1___Scaffold_2___length_53177999:12893095              7.2               1156000         161613.5
11:00:52.170 INFO  ProgressMeter - Montipora_capitata_HIv1___Scaffold_2___length_53177999:14275935              7.3               1177000         160787.2
11:01:02.176 INFO  ProgressMeter - Montipora_capitata_HIv1___Scaffold_2___length_53177999:15582923              7.5               1199000         160144.3
11:01:12.370 INFO  ProgressMeter - Montipora_capitata_HIv1___Scaffold_2___length_53177999:17440760              7.7               1236000         161423.4
11:01:22.497 INFO  ProgressMeter - Montipora_capitata_HIv1___Scaffold_2___length_53177999:18456274              7.8               1258000         160752.7
11:01:32.655 INFO  ProgressMeter - Montipora_capitata_HIv1___Scaffold_2___length_53177999:19559107              8.0               1279000         159975.3
11:01:43.102 INFO  ProgressMeter - Montipora_capitata_HIv1___Scaffold_2___length_53177999:20581110              8.2               1301000         159258.7
11:01:53.324 INFO  ProgressMeter - Montipora_capitata_HIv1___Scaffold_2___length_53177999:22208661              8.3               1323000         158643.2
11:02:03.372 INFO  ProgressMeter - Montipora_capitata_HIv1___Scaffold_2___length_53177999:24347439              8.5               1346000         158223.9
11:02:13.523 INFO  ProgressMeter - Montipora_capitata_HIv1___Scaffold_2___length_53177999:26773795              8.7               1378000         158827.1
11:02:23.653 INFO  ProgressMeter - Montipora_capitata_HIv1___Scaffold_2___length_53177999:28281863              8.8               1399000         158169.4
11:02:33.935 INFO  ProgressMeter - Montipora_capitata_HIv1___Scaffold_2___length_53177999:30825862              9.0               1424000         157935.9
11:02:44.026 INFO  ProgressMeter - Montipora_capitata_HIv1___Scaffold_2___length_53177999:31908256              9.2               1445000         157330.3
11:02:54.302 INFO  ProgressMeter - Montipora_capitata_HIv1___Scaffold_2___length_53177999:33285508              9.4               1467000         156801.7
11:03:04.552 INFO  ProgressMeter - Montipora_capitata_HIv1___Scaffold_2___length_53177999:35579155              9.5               1490000         156404.2
11:03:14.766 INFO  ProgressMeter - Montipora_capitata_HIv1___Scaffold_2___length_53177999:37019691              9.7               1514000         156133.7
11:03:25.124 INFO  ProgressMeter - Montipora_capitata_HIv1___Scaffold_2___length_53177999:38782839              9.9               1535000         155530.2
11:03:35.388 INFO  ProgressMeter - Montipora_capitata_HIv1___Scaffold_2___length_53177999:40639360             10.0               1556000         154971.8
11:03:45.596 INFO  ProgressMeter - Montipora_capitata_HIv1___Scaffold_2___length_53177999:41690920             10.2               1577000         154446.3
11:03:55.818 INFO  ProgressMeter - Montipora_capitata_HIv1___Scaffold_2___length_53177999:42585741             10.4               1602000         154319.9
11:04:05.839 INFO  ProgressMeter - Montipora_capitata_HIv1___Scaffold_2___length_53177999:43504155             10.5               1624000         153962.1
11:04:15.989 INFO  ProgressMeter - Montipora_capitata_HIv1___Scaffold_2___length_53177999:44934122             10.7               1650000         153957.9
11:04:26.155 INFO  ProgressMeter - Montipora_capitata_HIv1___Scaffold_2___length_53177999:45985133             10.9               1671000         153490.7
11:04:36.333 INFO  ProgressMeter - Montipora_capitata_HIv1___Scaffold_2___length_53177999:46797729             11.1               1692000         153035.2
11:04:46.563 INFO  ProgressMeter - Montipora_capitata_HIv1___Scaffold_2___length_53177999:47977534             11.2               1713000         152581.5
11:04:56.668 INFO  ProgressMeter - Montipora_capitata_HIv1___Scaffold_2___length_53177999:49066165             11.4               1734000         152169.3
11:05:07.105 INFO  ProgressMeter - Montipora_capitata_HIv1___Scaffold_2___length_53177999:49967870             11.6               1756000         151783.0
11:05:17.663 INFO  ProgressMeter - Montipora_capitata_HIv1___Scaffold_2___length_53177999:51101333             11.7               1778000         151382.1
11:05:28.104 INFO  ProgressMeter - Montipora_capitata_HIv1___Scaffold_2___length_53177999:52063876             11.9               1800000         151017.7
11:05:38.205 INFO  ProgressMeter - Montipora_capitata_HIv1___Scaffold_3___length_47342999:112351             12.1               1827000         151148.1
11:05:48.578 INFO  ProgressMeter - Montipora_capitata_HIv1___Scaffold_3___length_47342999:1149419             12.3               1848000         150729.6
11:05:58.756 INFO  ProgressMeter - Montipora_capitata_HIv1___Scaffold_3___length_47342999:2233163             12.4               1869000         150362.0
11:06:09.155 INFO  ProgressMeter - Montipora_capitata_HIv1___Scaffold_3___length_47342999:3273480             12.6               1890000         149960.5
11:06:19.486 INFO  ProgressMeter - Montipora_capitata_HIv1___Scaffold_3___length_47342999:4258125             12.8               1912000         149661.5
11:06:29.933 INFO  ProgressMeter - Montipora_capitata_HIv1___Scaffold_3___length_47342999:6138018             12.9               1946000         150274.7
11:06:40.000 INFO  ProgressMeter - Montipora_capitata_HIv1___Scaffold_3___length_47342999:7235110             13.1               1967000         149953.5
11:06:50.256 INFO  ProgressMeter - Montipora_capitata_HIv1___Scaffold_3___length_47342999:9213087             13.3               1996000         150206.9
11:07:00.334 INFO  ProgressMeter - Montipora_capitata_HIv1___Scaffold_3___length_47342999:12069403             13.5               2033000         151081.6
11:07:10.571 INFO  ProgressMeter - Montipora_capitata_HIv1___Scaffold_3___length_47342999:14371377             13.6               2070000         151905.4
11:07:20.665 INFO  ProgressMeter - Montipora_capitata_HIv1___Scaffold_3___length_47342999:16473396             13.8               2107000         152735.0
11:07:30.859 INFO  ProgressMeter - Montipora_capitata_HIv1___Scaffold_3___length_47342999:19720091             14.0               2146000         153669.3
11:07:40.962 INFO  ProgressMeter - Montipora_capitata_HIv1___Scaffold_3___length_47342999:23394160             14.1               2183000         154456.5
11:07:50.963 INFO  ProgressMeter - Montipora_capitata_HIv1___Scaffold_3___length_47342999:26231540             14.3               2220000         155243.7
11:08:01.123 INFO  ProgressMeter - Montipora_capitata_HIv1___Scaffold_3___length_47342999:29644854             14.5               2258000         156052.9
11:08:11.395 INFO  ProgressMeter - Montipora_capitata_HIv1___Scaffold_3___length_47342999:30881118             14.6               2284000         156004.0
11:08:21.477 INFO  ProgressMeter - Montipora_capitata_HIv1___Scaffold_3___length_47342999:32810730             14.8               2307000         155787.2
11:08:31.823 INFO  ProgressMeter - Montipora_capitata_HIv1___Scaffold_3___length_47342999:34440781             15.0               2334000         155796.1
11:08:41.938 INFO  ProgressMeter - Montipora_capitata_HIv1___Scaffold_3___length_47342999:35609330             15.1               2355000         155448.8
11:08:52.066 INFO  ProgressMeter - Montipora_capitata_HIv1___Scaffold_3___length_47342999:36852473             15.3               2376000         155106.6
11:09:02.487 INFO  ProgressMeter - Montipora_capitata_HIv1___Scaffold_3___length_47342999:38504219             15.5               2398000         154787.7
11:09:12.892 INFO  ProgressMeter - Montipora_capitata_HIv1___Scaffold_3___length_47342999:39347386             15.7               2419000         154414.8
11:09:22.980 INFO  ProgressMeter - Montipora_capitata_HIv1___Scaffold_3___length_47342999:40384591             15.8               2440000         154101.4
11:09:33.408 INFO  ProgressMeter - Montipora_capitata_HIv1___Scaffold_3___length_47342999:41473393             16.0               2462000         153802.7
11:09:43.792 INFO  ProgressMeter - Montipora_capitata_HIv1___Scaffold_3___length_47342999:42413993             16.2               2484000         153517.2
11:09:53.927 INFO  ProgressMeter - Montipora_capitata_HIv1___Scaffold_3___length_47342999:43593828             16.3               2506000         153276.7
11:10:04.112 INFO  ProgressMeter - Montipora_capitata_HIv1___Scaffold_3___length_47342999:44906531             16.5               2533000         153336.1
11:10:14.155 INFO  ProgressMeter - Montipora_capitata_HIv1___Scaffold_3___length_47342999:45468725             16.7               2553000         152996.6
11:10:24.416 INFO  ProgressMeter - Montipora_capitata_HIv1___Scaffold_3___length_47342999:46419411             16.9               2574000         152690.2
11:10:34.921 INFO  ProgressMeter - Montipora_capitata_HIv1___Scaffold_4___length_47716837:502634             17.0               2604000         152881.9
11:10:44.930 INFO  ProgressMeter - Montipora_capitata_HIv1___Scaffold_4___length_47716837:1597298             17.2               2624000         152562.1
11:10:55.250 INFO  ProgressMeter - Montipora_capitata_HIv1___Scaffold_4___length_47716837:2937491             17.4               2650000         152548.1
11:11:05.494 INFO  ProgressMeter - Montipora_capitata_HIv1___Scaffold_4___length_47716837:4142084             17.5               2677000         152602.6
11:11:15.501 INFO  ProgressMeter - Montipora_capitata_HIv1___Scaffold_4___length_47716837:5076022             17.7               2698000         152351.2
11:11:25.646 INFO  ProgressMeter - Montipora_capitata_HIv1___Scaffold_4___length_47716837:5765576             17.9               2718000         152029.0
11:11:35.921 INFO  ProgressMeter - Montipora_capitata_HIv1___Scaffold_4___length_47716837:6864335             18.0               2739000         151750.1
11:11:45.973 INFO  ProgressMeter - Montipora_capitata_HIv1___Scaffold_4___length_47716837:8173382             18.2               2760000         151507.4
11:11:56.378 INFO  ProgressMeter - Montipora_capitata_HIv1___Scaffold_4___length_47716837:9578571             18.4               2785000         151438.0
11:12:06.616 INFO  ProgressMeter - Montipora_capitata_HIv1___Scaffold_4___length_47716837:11168433             18.6               2810000         151392.8
11:12:16.646 INFO  ProgressMeter - Montipora_capitata_HIv1___Scaffold_4___length_47716837:12463373             18.7               2831000         151162.7
11:12:26.820 INFO  ProgressMeter - Montipora_capitata_HIv1___Scaffold_4___length_47716837:13624381             18.9               2852000         150917.6
11:12:36.820 INFO  ProgressMeter - Montipora_capitata_HIv1___Scaffold_4___length_47716837:14833259             19.1               2873000         150699.7
11:12:46.901 INFO  ProgressMeter - Montipora_capitata_HIv1___Scaffold_4___length_47716837:16570776             19.2               2894000         150475.1
11:12:56.977 INFO  ProgressMeter - Montipora_capitata_HIv1___Scaffold_4___length_47716837:17975594             19.4               2919000         150461.3
11:13:07.350 INFO  ProgressMeter - Montipora_capitata_HIv1___Scaffold_4___length_47716837:19597785             19.6               2941000         150256.2
11:13:17.689 INFO  ProgressMeter - Montipora_capitata_HIv1___Scaffold_4___length_47716837:21801712             19.7               2970000         150413.8
11:13:27.719 INFO  ProgressMeter - Montipora_capitata_HIv1___Scaffold_4___length_47716837:24026356             19.9               2999000         150607.3
11:13:37.959 INFO  ProgressMeter - Montipora_capitata_HIv1___Scaffold_4___length_47716837:26547482             20.1               3033000         151020.5
11:13:48.363 INFO  ProgressMeter - Montipora_capitata_HIv1___Scaffold_4___length_47716837:28873514             20.3               3064000         151258.0
11:13:58.438 INFO  ProgressMeter - Montipora_capitata_HIv1___Scaffold_4___length_47716837:30549196             20.4               3083000         150944.7
11:14:08.648 INFO  ProgressMeter - Montipora_capitata_HIv1___Scaffold_4___length_47716837:32983345             20.6               3115000         151251.4
11:14:18.993 INFO  ProgressMeter - Montipora_capitata_HIv1___Scaffold_4___length_47716837:35217639             20.8               3138000         151103.1
11:14:29.223 INFO  ProgressMeter - Montipora_capitata_HIv1___Scaffold_4___length_47716837:36396341             20.9               3164000         151114.4
11:14:39.611 INFO  ProgressMeter - Montipora_capitata_HIv1___Scaffold_4___length_47716837:37217316             21.1               3184000         150822.6
11:14:49.949 INFO  ProgressMeter - Montipora_capitata_HIv1___Scaffold_4___length_47716837:38167201             21.3               3205000         150588.1
11:15:00.013 INFO  ProgressMeter - Montipora_capitata_HIv1___Scaffold_4___length_47716837:39057048             21.5               3226000         150389.7
11:15:10.064 INFO  ProgressMeter - Montipora_capitata_HIv1___Scaffold_4___length_47716837:39977904             21.6               3248000         150241.9
11:15:20.205 INFO  ProgressMeter - Montipora_capitata_HIv1___Scaffold_4___length_47716837:40864336             21.8               3267000         149948.6
11:15:30.400 INFO  ProgressMeter - Montipora_capitata_HIv1___Scaffold_4___length_47716837:41787712             22.0               3287000         149699.1
11:15:40.477 INFO  ProgressMeter - Montipora_capitata_HIv1___Scaffold_4___length_47716837:43120530             22.1               3316000         149873.3
11:15:50.934 INFO  ProgressMeter - Montipora_capitata_HIv1___Scaffold_4___length_47716837:44339141             22.3               3340000         149778.2
11:16:01.124 INFO  ProgressMeter - Montipora_capitata_HIv1___Scaffold_4___length_47716837:45648711             22.5               3359000         149491.8
11:16:11.460 INFO  ProgressMeter - Montipora_capitata_HIv1___Scaffold_4___length_47716837:46850650             22.6               3380000         149282.0
11:16:21.715 INFO  ProgressMeter - Montipora_capitata_HIv1___Scaffold_5___length_62411161:427676             22.8               3402000         149127.9
11:16:31.716 INFO  ProgressMeter - Montipora_capitata_HIv1___Scaffold_5___length_62411161:2078201             23.0               3438000         149612.7
11:16:41.931 INFO  ProgressMeter - Montipora_capitata_HIv1___Scaffold_5___length_62411161:4101352             23.1               3470000         149894.8
11:16:52.442 INFO  ProgressMeter - Montipora_capitata_HIv1___Scaffold_5___length_62411161:5778829             23.3               3501000         150098.0
11:17:02.588 INFO  ProgressMeter - Montipora_capitata_HIv1___Scaffold_5___length_62411161:6678979             23.5               3520000         149826.3
11:17:12.801 INFO  ProgressMeter - Montipora_capitata_HIv1___Scaffold_5___length_62411161:7644112             23.7               3540000         149593.8
11:17:22.817 INFO  ProgressMeter - Montipora_capitata_HIv1___Scaffold_5___length_62411161:9108705             23.8               3564000         149553.0
11:17:32.889 INFO  ProgressMeter - Montipora_capitata_HIv1___Scaffold_5___length_62411161:10438804             24.0               3585000         149382.0
11:17:43.226 INFO  ProgressMeter - Montipora_capitata_HIv1___Scaffold_5___length_62411161:11573660             24.2               3606000         149186.0
11:17:53.336 INFO  ProgressMeter - Montipora_capitata_HIv1___Scaffold_5___length_62411161:12695326             24.3               3627000         149016.0
11:18:03.432 INFO  ProgressMeter - Montipora_capitata_HIv1___Scaffold_5___length_62411161:14354227             24.5               3653000         149053.8
11:18:13.651 INFO  ProgressMeter - Montipora_capitata_HIv1___Scaffold_5___length_62411161:15402823             24.7               3676000         148957.2
11:18:23.781 INFO  ProgressMeter - Montipora_capitata_HIv1___Scaffold_5___length_62411161:17577071             24.8               3712000         149393.8
11:18:34.204 INFO  ProgressMeter - Montipora_capitata_HIv1___Scaffold_5___length_62411161:18595738             25.0               3734000         149235.8
11:18:44.580 INFO  ProgressMeter - Montipora_capitata_HIv1___Scaffold_5___length_62411161:19641308             25.2               3756000         149084.7
11:18:55.002 INFO  ProgressMeter - Montipora_capitata_HIv1___Scaffold_5___length_62411161:20928071             25.4               3778000         148931.1
11:19:05.293 INFO  ProgressMeter - Montipora_capitata_HIv1___Scaffold_5___length_62411161:22268851             25.5               3800000         148792.3
11:19:15.604 INFO  ProgressMeter - Montipora_capitata_HIv1___Scaffold_5___length_62411161:23502569             25.7               3822000         148653.5
11:19:25.969 INFO  ProgressMeter - Montipora_capitata_HIv1___Scaffold_5___length_62411161:24794386             25.9               3846000         148588.6
11:19:36.408 INFO  ProgressMeter - Montipora_capitata_HIv1___Scaffold_5___length_62411161:26295318             26.1               3866000         148364.1
11:19:46.819 INFO  ProgressMeter - Montipora_capitata_HIv1___Scaffold_5___length_62411161:27533870             26.2               3887000         148183.2
11:19:57.316 INFO  ProgressMeter - Montipora_capitata_HIv1___Scaffold_5___length_62411161:28998484             26.4               3907000         147958.9
11:20:07.505 INFO  ProgressMeter - Montipora_capitata_HIv1___Scaffold_5___length_62411161:30120086             26.6               3928000         147803.5
11:20:17.727 INFO  ProgressMeter - Montipora_capitata_HIv1___Scaffold_5___length_62411161:31343212             26.7               3950000         147684.6
11:20:27.802 INFO  ProgressMeter - Montipora_capitata_HIv1___Scaffold_5___length_62411161:32771211             26.9               3981000         147915.0
11:20:37.872 INFO  ProgressMeter - Montipora_capitata_HIv1___Scaffold_5___length_62411161:35577318             27.1               4015000         148253.9
11:20:48.147 INFO  ProgressMeter - Montipora_capitata_HIv1___Scaffold_5___length_62411161:37871353             27.3               4050000         148606.5
11:20:58.289 INFO  ProgressMeter - Montipora_capitata_HIv1___Scaffold_5___length_62411161:39366238             27.4               4074000         148565.7
11:21:08.614 INFO  ProgressMeter - Montipora_capitata_HIv1___Scaffold_5___length_62411161:41093319             27.6               4095000         148400.3
11:21:18.903 INFO  ProgressMeter - Montipora_capitata_HIv1___Scaffold_5___length_62411161:42605734             27.8               4117000         148276.0
11:21:28.967 INFO  ProgressMeter - Montipora_capitata_HIv1___Scaffold_5___length_62411161:44630033             27.9               4151000         148602.8
11:21:39.217 INFO  ProgressMeter - Montipora_capitata_HIv1___Scaffold_5___length_62411161:47305812             28.1               4189000         149051.7
11:21:49.533 INFO  ProgressMeter - Montipora_capitata_HIv1___Scaffold_5___length_62411161:49837100             28.3               4224000         149383.1
11:21:59.644 INFO  ProgressMeter - Montipora_capitata_HIv1___Scaffold_5___length_62411161:51014293             28.4               4245000         149236.4
11:22:09.896 INFO  ProgressMeter - Montipora_capitata_HIv1___Scaffold_5___length_62411161:52357452             28.6               4266000         149079.2
11:22:20.120 INFO  ProgressMeter - Montipora_capitata_HIv1___Scaffold_5___length_62411161:53536812             28.8               4288000         148961.0
11:22:30.378 INFO  ProgressMeter - Montipora_capitata_HIv1___Scaffold_5___length_62411161:54433911             29.0               4310000         148841.2
11:22:40.429 INFO  ProgressMeter - Montipora_capitata_HIv1___Scaffold_5___length_62411161:55354201             29.1               4331000         148706.2
11:22:50.451 INFO  ProgressMeter - Montipora_capitata_HIv1___Scaffold_5___length_62411161:56289896             29.3               4352000         148575.2
11:23:00.915 INFO  ProgressMeter - Montipora_capitata_HIv1___Scaffold_5___length_62411161:57332083             29.5               4378000         148578.1
11:23:11.039 INFO  ProgressMeter - Montipora_capitata_HIv1___Scaffold_5___length_62411161:58156941             29.6               4397000         148373.4
11:23:21.333 INFO  ProgressMeter - Montipora_capitata_HIv1___Scaffold_5___length_62411161:59059418             29.8               4417000         148190.3
11:23:31.498 INFO  ProgressMeter - Montipora_capitata_HIv1___Scaffold_5___length_62411161:60212607             30.0               4443000         148220.1
11:23:41.695 INFO  ProgressMeter - Montipora_capitata_HIv1___Scaffold_5___length_62411161:61298401             30.1               4464000         148081.1
11:23:51.895 INFO  ProgressMeter - Montipora_capitata_HIv1___Scaffold_5___length_62411161:62279209             30.3               4485000         147943.4
11:24:02.164 INFO  ProgressMeter - Montipora_capitata_HIv1___Scaffold_6___length_38979999:808890             30.5               4506000         147801.7
11:24:12.407 INFO  ProgressMeter - Montipora_capitata_HIv1___Scaffold_6___length_38979999:1764746             30.7               4527000         147663.6
11:24:22.712 INFO  ProgressMeter - Montipora_capitata_HIv1___Scaffold_6___length_38979999:2701394             30.8               4548000         147522.2
11:24:32.987 INFO  ProgressMeter - Montipora_capitata_HIv1___Scaffold_6___length_38979999:4453600             31.0               4586000         147933.0
11:24:43.187 INFO  ProgressMeter - Montipora_capitata_HIv1___Scaffold_6___length_38979999:6024561             31.2               4622000         148281.2
11:24:53.191 INFO  ProgressMeter - Montipora_capitata_HIv1___Scaffold_6___length_38979999:7286525             31.3               4653000         148481.4
11:25:03.442 INFO  ProgressMeter - Montipora_capitata_HIv1___Scaffold_6___length_38979999:8855532             31.5               4689000         148818.9
11:25:13.625 INFO  ProgressMeter - Montipora_capitata_HIv1___Scaffold_6___length_38979999:11307992             31.7               4725000         149158.0
11:25:23.754 INFO  ProgressMeter - Montipora_capitata_HIv1___Scaffold_6___length_38979999:12642096             31.8               4746000         149026.7
11:25:34.056 INFO  ProgressMeter - Montipora_capitata_HIv1___Scaffold_6___length_38979999:14337742             32.0               4768000         148914.7
11:25:44.407 INFO  ProgressMeter - Montipora_capitata_HIv1___Scaffold_6___length_38979999:15395532             32.2               4790000         148800.1
11:25:54.790 INFO  ProgressMeter - Montipora_capitata_HIv1___Scaffold_6___length_38979999:16477440             32.4               4812000         148684.2
11:26:04.985 INFO  ProgressMeter - Montipora_capitata_HIv1___Scaffold_6___length_38979999:18081602             32.5               4834000         148583.9
11:26:15.171 INFO  ProgressMeter - Montipora_capitata_HIv1___Scaffold_6___length_38979999:19998712             32.7               4856000         148485.3
11:26:25.511 INFO  ProgressMeter - Montipora_capitata_HIv1___Scaffold_6___length_38979999:21235329             32.9               4877000         148345.7
11:26:35.645 INFO  ProgressMeter - Montipora_capitata_HIv1___Scaffold_6___length_38979999:23257678             33.0               4902000         148344.0
11:26:45.980 INFO  ProgressMeter - Montipora_capitata_HIv1___Scaffold_6___length_38979999:24873655             33.2               4924000         148237.1
11:26:56.067 INFO  ProgressMeter - Montipora_capitata_HIv1___Scaffold_6___length_38979999:26373257             33.4               4945000         148119.7
11:27:06.295 INFO  ProgressMeter - Montipora_capitata_HIv1___Scaffold_6___length_38979999:27483671             33.6               4967000         148022.8
11:27:16.421 INFO  ProgressMeter - Montipora_capitata_HIv1___Scaffold_6___length_38979999:28205627             33.7               4988000         147904.7
11:27:26.694 INFO  ProgressMeter - Montipora_capitata_HIv1___Scaffold_6___length_38979999:29304705             33.9               5011000         147836.2
11:27:36.753 INFO  ProgressMeter - Montipora_capitata_HIv1___Scaffold_6___length_38979999:30926332             34.1               5047000         148165.4
11:27:46.915 INFO  ProgressMeter - Montipora_capitata_HIv1___Scaffold_6___length_38979999:32466217             34.2               5083000         148484.0
11:27:57.136 INFO  ProgressMeter - Montipora_capitata_HIv1___Scaffold_6___length_38979999:33902413             34.4               5119000         148795.2
11:28:07.238 INFO  ProgressMeter - Montipora_capitata_HIv1___Scaffold_6___length_38979999:35492670             34.6               5155000         149111.8
11:28:17.401 INFO  ProgressMeter - Montipora_capitata_HIv1___Scaffold_6___length_38979999:37625197             34.7               5192000         149449.9
11:28:27.593 INFO  ProgressMeter - Montipora_capitata_HIv1___Scaffold_7___length_22000686:797576             34.9               5229000         149782.6
11:28:37.680 INFO  ProgressMeter - Montipora_capitata_HIv1___Scaffold_7___length_22000686:2259288             35.1               5254000         149777.4
11:28:47.866 INFO  ProgressMeter - Montipora_capitata_HIv1___Scaffold_7___length_22000686:3304175             35.2               5275000         149651.8
11:28:58.077 INFO  ProgressMeter - Montipora_capitata_HIv1___Scaffold_7___length_22000686:4733505             35.4               5301000         149666.8
11:29:08.231 INFO  ProgressMeter - Montipora_capitata_HIv1___Scaffold_7___length_22000686:5779189             35.6               5324000         149601.3
11:29:18.286 INFO  ProgressMeter - Montipora_capitata_HIv1___Scaffold_7___length_22000686:6863222             35.8               5345000         149487.5
11:29:28.750 INFO  ProgressMeter - Montipora_capitata_HIv1___Scaffold_7___length_22000686:7888647             35.9               5366000         149346.4
11:29:38.947 INFO  ProgressMeter - Montipora_capitata_HIv1___Scaffold_7___length_22000686:8902489             36.1               5387000         149225.0
11:29:49.294 INFO  ProgressMeter - Montipora_capitata_HIv1___Scaffold_7___length_22000686:9966628             36.3               5409000         149122.1
11:29:59.570 INFO  ProgressMeter - Montipora_capitata_HIv1___Scaffold_7___length_22000686:10939336             36.4               5431000         149025.0
11:30:09.965 INFO  ProgressMeter - Montipora_capitata_HIv1___Scaffold_7___length_22000686:11795492             36.6               5452000         148893.3
11:30:20.142 INFO  ProgressMeter - Montipora_capitata_HIv1___Scaffold_7___length_22000686:12534244             36.8               5473000         148777.7
11:30:30.259 INFO  ProgressMeter - Montipora_capitata_HIv1___Scaffold_7___length_22000686:13661829             37.0               5494000         148667.1
11:30:40.481 INFO  ProgressMeter - Montipora_capitata_HIv1___Scaffold_7___length_22000686:15058529             37.1               5515000         148550.6
11:30:50.739 INFO  ProgressMeter - Montipora_capitata_HIv1___Scaffold_7___length_22000686:16183913             37.3               5536000         148432.7
11:31:00.750 INFO  ProgressMeter - Montipora_capitata_HIv1___Scaffold_7___length_22000686:17788414             37.5               5569000         148652.4
11:31:10.766 INFO  ProgressMeter - Montipora_capitata_HIv1___Scaffold_7___length_22000686:19349090             37.6               5606000         148976.2
11:31:20.976 INFO  ProgressMeter - Montipora_capitata_HIv1___Scaffold_7___length_22000686:20388964             37.8               5641000         149231.6
11:31:31.056 INFO  ProgressMeter - Montipora_capitata_HIv1___Scaffold_8___length_68683312:16199             38.0               5677000         149519.3
11:31:41.245 INFO  ProgressMeter - Montipora_capitata_HIv1___Scaffold_8___length_68683312:1856169             38.1               5713000         149797.6
11:31:51.382 INFO  ProgressMeter - Montipora_capitata_HIv1___Scaffold_8___length_68683312:3644925             38.3               5749000         150076.6
11:32:01.647 INFO  ProgressMeter - Montipora_capitata_HIv1___Scaffold_8___length_68683312:5741191             38.5               5787000         150397.0
11:32:11.838 INFO  ProgressMeter - Montipora_capitata_HIv1___Scaffold_8___length_68683312:8198968             38.6               5825000         150719.2
11:32:22.003 INFO  ProgressMeter - Montipora_capitata_HIv1___Scaffold_8___length_68683312:10393580             38.8               5862000         151014.6
11:32:32.356 INFO  ProgressMeter - Montipora_capitata_HIv1___Scaffold_8___length_68683312:12015983             39.0               5889000         151038.7
11:32:42.708 INFO  ProgressMeter - Montipora_capitata_HIv1___Scaffold_8___length_68683312:13111770             39.2               5911000         150935.1
11:32:52.989 INFO  ProgressMeter - Montipora_capitata_HIv1___Scaffold_8___length_68683312:14407963             39.3               5933000         150836.9
11:33:03.087 INFO  ProgressMeter - Montipora_capitata_HIv1___Scaffold_8___length_68683312:15548945             39.5               5954000         150725.9
11:33:13.473 INFO  ProgressMeter - Montipora_capitata_HIv1___Scaffold_8___length_68683312:16839673             39.7               5975000         150597.6
11:33:23.607 INFO  ProgressMeter - Montipora_capitata_HIv1___Scaffold_8___length_68683312:18258172             39.8               6004000         150687.0
11:33:33.809 INFO  ProgressMeter - Montipora_capitata_HIv1___Scaffold_8___length_68683312:20219887             40.0               6041000         150971.3
11:33:43.833 INFO  ProgressMeter - Montipora_capitata_HIv1___Scaffold_8___length_68683312:22338643             40.2               6078000         151264.5
11:33:53.882 INFO  ProgressMeter - Montipora_capitata_HIv1___Scaffold_8___length_68683312:23694998             40.3               6105000         151305.7
11:34:03.917 INFO  ProgressMeter - Montipora_capitata_HIv1___Scaffold_8___length_68683312:25343412             40.5               6127000         151224.1
11:34:13.955 INFO  ProgressMeter - Montipora_capitata_HIv1___Scaffold_8___length_68683312:27045045             40.7               6162000         151462.6
11:34:24.016 INFO  ProgressMeter - Montipora_capitata_HIv1___Scaffold_8___length_68683312:29057380             40.9               6198000         151722.1
11:34:34.123 INFO  ProgressMeter - Montipora_capitata_HIv1___Scaffold_8___length_68683312:31008831             41.0               6226000         151781.7
11:34:44.453 INFO  ProgressMeter - Montipora_capitata_HIv1___Scaffold_8___length_68683312:32437120             41.2               6246000         151632.9
11:34:54.806 INFO  ProgressMeter - Montipora_capitata_HIv1___Scaffold_8___length_68683312:34166441             41.4               6266000         151483.8
11:35:05.036 INFO  ProgressMeter - Montipora_capitata_HIv1___Scaffold_8___length_68683312:35382765             41.5               6286000         151343.5
11:35:15.070 INFO  ProgressMeter - Montipora_capitata_HIv1___Scaffold_8___length_68683312:37223219             41.7               6306000         151216.1
11:35:25.554 INFO  ProgressMeter - Montipora_capitata_HIv1___Scaffold_8___length_68683312:38480876             41.9               6326000         151062.8
11:35:35.700 INFO  ProgressMeter - Montipora_capitata_HIv1___Scaffold_8___length_68683312:40823809             42.0               6354000         151121.2
11:35:45.959 INFO  ProgressMeter - Montipora_capitata_HIv1___Scaffold_8___length_68683312:43512991             42.2               6389000         151338.2
11:35:55.989 INFO  ProgressMeter - Montipora_capitata_HIv1___Scaffold_8___length_68683312:45457448             42.4               6419000         151449.1
11:36:06.187 INFO  ProgressMeter - Montipora_capitata_HIv1___Scaffold_8___length_68683312:47157683             42.6               6439000         151314.2
11:36:16.456 INFO  ProgressMeter - Montipora_capitata_HIv1___Scaffold_8___length_68683312:49447111             42.7               6472000         151480.4
11:36:26.504 INFO  ProgressMeter - Montipora_capitata_HIv1___Scaffold_8___length_68683312:51456602             42.9               6507000         151705.0
11:36:36.884 INFO  ProgressMeter - Montipora_capitata_HIv1___Scaffold_8___length_68683312:53480205             43.1               6541000         151885.1
11:36:46.884 INFO  ProgressMeter - Montipora_capitata_HIv1___Scaffold_8___length_68683312:54517294             43.2               6562000         151785.2
11:36:56.908 INFO  ProgressMeter - Montipora_capitata_HIv1___Scaffold_8___length_68683312:55330939             43.4               6583000         151684.8
11:37:07.177 INFO  ProgressMeter - Montipora_capitata_HIv1___Scaffold_8___length_68683312:56327734             43.6               6604000         151571.0
11:37:17.581 INFO  ProgressMeter - Montipora_capitata_HIv1___Scaffold_8___length_68683312:57223183             43.7               6625000         151450.2
11:37:27.764 INFO  ProgressMeter - Montipora_capitata_HIv1___Scaffold_8___length_68683312:58292583             43.9               6645000         151320.3
11:37:37.796 INFO  ProgressMeter - Montipora_capitata_HIv1___Scaffold_8___length_68683312:60331193             44.1               6675000         151427.0
11:37:47.798 INFO  ProgressMeter - Montipora_capitata_HIv1___Scaffold_8___length_68683312:62071692             44.2               6705000         151534.4
11:37:58.246 INFO  ProgressMeter - Montipora_capitata_HIv1___Scaffold_8___length_68683312:63254840             44.4               6727000         151435.7
11:38:08.621 INFO  ProgressMeter - Montipora_capitata_HIv1___Scaffold_8___length_68683312:64277863             44.6               6748000         151319.4
11:38:18.628 INFO  ProgressMeter - Montipora_capitata_HIv1___Scaffold_8___length_68683312:65320881             44.8               6769000         151224.7
11:38:28.812 INFO  ProgressMeter - Montipora_capitata_HIv1___Scaffold_8___length_68683312:66420395             44.9               6790000         151120.8
11:38:39.151 INFO  ProgressMeter - Montipora_capitata_HIv1___Scaffold_8___length_68683312:67646740             45.1               6811000         151009.1
11:38:49.383 INFO  ProgressMeter - Montipora_capitata_HIv1___Scaffold_9___length_36520733:71457             45.3               6832000         150904.2
11:38:59.837 INFO  ProgressMeter - Montipora_capitata_HIv1___Scaffold_9___length_36520733:1009664             45.4               6854000         150809.7
11:39:09.853 INFO  ProgressMeter - Montipora_capitata_HIv1___Scaffold_9___length_36520733:1879347             45.6               6875000         150718.1
11:39:19.889 INFO  ProgressMeter - Montipora_capitata_HIv1___Scaffold_9___length_36520733:2701518             45.8               6896000         150626.2
11:39:30.235 INFO  ProgressMeter - Montipora_capitata_HIv1___Scaffold_9___length_36520733:3932679             46.0               6922000         150626.8
11:39:40.700 INFO  ProgressMeter - Montipora_capitata_HIv1___Scaffold_9___length_36520733:4913355             46.1               6943000         150512.5
11:39:50.787 INFO  ProgressMeter - Montipora_capitata_HIv1___Scaffold_9___length_36520733:5594114             46.3               6964000         150419.5
11:40:00.814 INFO  ProgressMeter - Montipora_capitata_HIv1___Scaffold_9___length_36520733:6852081             46.5               6985000         150330.5
11:40:11.106 INFO  ProgressMeter - Montipora_capitata_HIv1___Scaffold_9___length_36520733:7667142             46.6               7006000         150227.8
11:40:21.341 INFO  ProgressMeter - Montipora_capitata_HIv1___Scaffold_9___length_36520733:8612794             46.8               7028000         150150.4
11:40:31.623 INFO  ProgressMeter - Montipora_capitata_HIv1___Scaffold_9___length_36520733:9571236             47.0               7050000         150070.9
11:40:42.041 INFO  ProgressMeter - Montipora_capitata_HIv1___Scaffold_9___length_36520733:10689680             47.2               7072000         149984.9
11:40:52.434 INFO  ProgressMeter - Montipora_capitata_HIv1___Scaffold_9___length_36520733:11563662             47.3               7093000         149879.7
11:41:02.478 INFO  ProgressMeter - Montipora_capitata_HIv1___Scaffold_9___length_36520733:12486180             47.5               7114000         149793.5
11:41:12.856 INFO  ProgressMeter - Montipora_capitata_HIv1___Scaffold_9___length_36520733:14203552             47.7               7141000         149816.4
11:41:23.192 INFO  ProgressMeter - Montipora_capitata_HIv1___Scaffold_9___length_36520733:15923923             47.8               7163000         149736.9
11:41:33.593 INFO  ProgressMeter - Montipora_capitata_HIv1___Scaffold_9___length_36520733:17549522             48.0               7190000         149758.5
11:41:43.802 INFO  ProgressMeter - Montipora_capitata_HIv1___Scaffold_9___length_36520733:19074799             48.2               7212000         149686.3
11:41:54.032 INFO  ProgressMeter - Montipora_capitata_HIv1___Scaffold_9___length_36520733:20712579             48.4               7234000         149613.5
11:42:04.318 INFO  ProgressMeter - Montipora_capitata_HIv1___Scaffold_9___length_36520733:22545430             48.5               7261000         149641.3
11:42:14.512 INFO  ProgressMeter - Montipora_capitata_HIv1___Scaffold_9___length_36520733:25470009             48.7               7298000         149879.0
11:42:24.584 INFO  ProgressMeter - Montipora_capitata_HIv1___Scaffold_9___length_36520733:27572533             48.9               7335000         150121.4
11:42:34.766 INFO  ProgressMeter - Montipora_capitata_HIv1___Scaffold_9___length_36520733:28975835             49.0               7372000         150356.4
11:42:45.000 INFO  ProgressMeter - Montipora_capitata_HIv1___Scaffold_9___length_36520733:30305328             49.2               7409000         150587.2
11:42:55.020 INFO  ProgressMeter - Montipora_capitata_HIv1___Scaffold_9___length_36520733:31392521             49.4               7445000         150807.0
11:43:05.229 INFO  ProgressMeter - Montipora_capitata_HIv1___Scaffold_9___length_36520733:32674968             49.5               7482000         151035.9
11:43:15.351 INFO  ProgressMeter - Montipora_capitata_HIv1___Scaffold_9___length_36520733:34446435             49.7               7519000         151267.7
11:43:25.590 INFO  ProgressMeter - Montipora_capitata_HIv1___Scaffold_9___length_36520733:35623872             49.9               7541000         151191.2
11:43:35.723 INFO  ProgressMeter - Montipora_capitata_HIv1___Scaffold_10___length_69151359:87444             50.0               7562000         151100.6
11:43:45.966 INFO  ProgressMeter - Montipora_capitata_HIv1___Scaffold_10___length_69151359:1242598             50.2               7583000         151005.1
11:43:56.074 INFO  ProgressMeter - Montipora_capitata_HIv1___Scaffold_10___length_69151359:2590144             50.4               7608000         150996.4
11:44:06.415 INFO  ProgressMeter - Montipora_capitata_HIv1___Scaffold_10___length_69151359:3502353             50.6               7629000         150897.1
11:44:16.730 INFO  ProgressMeter - Montipora_capitata_HIv1___Scaffold_10___length_69151359:4575005             50.7               7650000         150799.7
11:44:26.757 INFO  ProgressMeter - Montipora_capitata_HIv1___Scaffold_10___length_69151359:6294997             50.9               7682000         150933.2
11:44:36.757 INFO  ProgressMeter - Montipora_capitata_HIv1___Scaffold_10___length_69151359:7143250             51.1               7703000         150851.8
11:44:47.185 INFO  ProgressMeter - Montipora_capitata_HIv1___Scaffold_10___length_69151359:8479954             51.2               7724000         150750.0
11:44:57.440 INFO  ProgressMeter - Montipora_capitata_HIv1___Scaffold_10___length_69151359:9661114             51.4               7745000         150657.3
11:45:07.964 INFO  ProgressMeter - Montipora_capitata_HIv1___Scaffold_10___length_69151359:10991596             51.6               7766000         150552.1
11:45:18.042 INFO  ProgressMeter - Montipora_capitata_HIv1___Scaffold_10___length_69151359:11875182             51.8               7786000         150449.9
11:45:28.189 INFO  ProgressMeter - Montipora_capitata_HIv1___Scaffold_10___length_69151359:13257703             51.9               7807000         150364.4
11:45:38.387 INFO  ProgressMeter - Montipora_capitata_HIv1___Scaffold_10___length_69151359:14193894             52.1               7828000         150276.9
11:45:48.811 INFO  ProgressMeter - Montipora_capitata_HIv1___Scaffold_10___length_69151359:15499242             52.3               7859000         150370.5
11:45:58.910 INFO  ProgressMeter - Montipora_capitata_HIv1___Scaffold_10___length_69151359:16746932             52.4               7890000         150479.0
11:46:09.154 INFO  ProgressMeter - Montipora_capitata_HIv1___Scaffold_10___length_69151359:19046025             52.6               7927000         150694.0
11:46:19.291 INFO  ProgressMeter - Montipora_capitata_HIv1___Scaffold_10___length_69151359:21368493             52.8               7964000         150912.7
11:46:29.367 INFO  ProgressMeter - Montipora_capitata_HIv1___Scaffold_10___length_69151359:23581194             52.9               8000000         151113.9
11:46:39.447 INFO  ProgressMeter - Montipora_capitata_HIv1___Scaffold_10___length_69151359:26775660             53.1               8037000         151332.6
11:46:49.661 INFO  ProgressMeter - Montipora_capitata_HIv1___Scaffold_10___length_69151359:30303298             53.3               8076000         151581.1
11:46:59.856 INFO  ProgressMeter - Montipora_capitata_HIv1___Scaffold_10___length_69151359:32525787             53.4               8109000         151716.6
11:47:10.063 INFO  ProgressMeter - Montipora_capitata_HIv1___Scaffold_10___length_69151359:35510662             53.6               8148000         151962.6
11:47:20.080 INFO  ProgressMeter - Montipora_capitata_HIv1___Scaffold_10___length_69151359:38338413             53.8               8185000         152178.8
11:47:30.344 INFO  ProgressMeter - Montipora_capitata_HIv1___Scaffold_10___length_69151359:40922548             54.0               8223000         152400.6
11:47:40.389 INFO  ProgressMeter - Montipora_capitata_HIv1___Scaffold_10___length_69151359:43451941             54.1               8260000         152612.8
11:47:50.746 INFO  ProgressMeter - Montipora_capitata_HIv1___Scaffold_10___length_69151359:45202022             54.3               8292000         152717.0
11:48:00.904 INFO  ProgressMeter - Montipora_capitata_HIv1___Scaffold_10___length_69151359:46644803             54.5               8316000         152683.0
11:48:11.290 INFO  ProgressMeter - Montipora_capitata_HIv1___Scaffold_10___length_69151359:48403369             54.6               8342000         152675.1
11:48:21.337 INFO  ProgressMeter - Montipora_capitata_HIv1___Scaffold_10___length_69151359:49507460             54.8               8363000         152591.8
11:48:31.373 INFO  ProgressMeter - Montipora_capitata_HIv1___Scaffold_10___length_69151359:50871768             55.0               8384000         152509.5
11:48:41.432 INFO  ProgressMeter - Montipora_capitata_HIv1___Scaffold_10___length_69151359:51821581             55.1               8404000         152408.6
11:48:51.455 INFO  ProgressMeter - Montipora_capitata_HIv1___Scaffold_10___length_69151359:53013852             55.3               8425000         152327.9
11:49:01.548 INFO  ProgressMeter - Montipora_capitata_HIv1___Scaffold_10___length_69151359:54342005             55.5               8446000         152244.6
11:49:11.598 INFO  ProgressMeter - Montipora_capitata_HIv1___Scaffold_10___length_69151359:55586683             55.6               8467000         152163.7
11:49:21.981 INFO  ProgressMeter - Montipora_capitata_HIv1___Scaffold_10___length_69151359:57095558             55.8               8497000         152229.4
11:49:32.060 INFO  ProgressMeter - Montipora_capitata_HIv1___Scaffold_10___length_69151359:59100803             56.0               8534000         152433.5
11:49:42.234 INFO  ProgressMeter - Montipora_capitata_HIv1___Scaffold_10___length_69151359:61125504             56.2               8571000         152632.1
11:49:52.562 INFO  ProgressMeter - Montipora_capitata_HIv1___Scaffold_10___length_69151359:62680187             56.3               8595000         152591.8
11:50:02.713 INFO  ProgressMeter - Montipora_capitata_HIv1___Scaffold_10___length_69151359:63978100             56.5               8620000         152577.4
11:50:12.878 INFO  ProgressMeter - Montipora_capitata_HIv1___Scaffold_10___length_69151359:65197814             56.7               8641000         152491.7
11:50:23.255 INFO  ProgressMeter - Montipora_capitata_HIv1___Scaffold_10___length_69151359:66571129             56.8               8662000         152397.2
11:50:33.651 INFO  ProgressMeter - Montipora_capitata_HIv1___Scaffold_10___length_69151359:67667578             57.0               8683000         152302.4
11:50:43.989 INFO  ProgressMeter - Montipora_capitata_HIv1___Scaffold_10___length_69151359:68788711             57.2               8710000         152315.6
11:50:54.241 INFO  ProgressMeter - Montipora_capitata_HIv1___Scaffold_11___length_67098902:1365150             57.4               8732000         152245.5
11:51:04.591 INFO  ProgressMeter - Montipora_capitata_HIv1___Scaffold_11___length_67098902:2717359             57.5               8754000         152171.4
11:51:14.683 INFO  ProgressMeter - Montipora_capitata_HIv1___Scaffold_11___length_67098902:3658353             57.7               8775000         152091.7
11:51:24.772 INFO  ProgressMeter - Montipora_capitata_HIv1___Scaffold_11___length_67098902:4566754             57.9               8796000         152012.7
11:51:34.982 INFO  ProgressMeter - Montipora_capitata_HIv1___Scaffold_11___length_67098902:5474109             58.0               8819000         151963.3
11:51:45.166 INFO  ProgressMeter - Montipora_capitata_HIv1___Scaffold_11___length_67098902:7146085             58.2               8843000         151932.4
11:51:55.365 INFO  ProgressMeter - Montipora_capitata_HIv1___Scaffold_11___length_67098902:8711759             58.4               8875000         152038.2
11:52:05.478 INFO  ProgressMeter - Montipora_capitata_HIv1___Scaffold_11___length_67098902:10974935             58.5               8911000         152215.4
11:52:15.661 INFO  ProgressMeter - Montipora_capitata_HIv1___Scaffold_11___length_67098902:13056702             58.7               8948000         152405.6
11:52:25.842 INFO  ProgressMeter - Montipora_capitata_HIv1___Scaffold_11___length_67098902:14924053             58.9               8985000         152594.8
11:52:36.088 INFO  ProgressMeter - Montipora_capitata_HIv1___Scaffold_11___length_67098902:17273907             59.1               9023000         152797.0
11:52:46.502 INFO  ProgressMeter - Montipora_capitata_HIv1___Scaffold_11___length_67098902:18676935             59.2               9051000         152822.0
11:52:56.815 INFO  ProgressMeter - Montipora_capitata_HIv1___Scaffold_11___length_67098902:19954077             59.4               9072000         152733.3
11:53:07.036 INFO  ProgressMeter - Montipora_capitata_HIv1___Scaffold_11___length_67098902:21506567             59.6               9104000         152833.7
11:53:17.063 INFO  ProgressMeter - Montipora_capitata_HIv1___Scaffold_11___length_67098902:23513100             59.7               9140000         153008.9
11:53:27.192 INFO  ProgressMeter - Montipora_capitata_HIv1___Scaffold_11___length_67098902:25374614             59.9               9177000         153195.3
11:53:37.340 INFO  ProgressMeter - Montipora_capitata_HIv1___Scaffold_11___length_67098902:26994639             60.1               9209000         153296.7
11:53:47.601 INFO  ProgressMeter - Montipora_capitata_HIv1___Scaffold_11___length_67098902:28199513             60.2               9230000         153210.1
11:53:57.778 INFO  ProgressMeter - Montipora_capitata_HIv1___Scaffold_11___length_67098902:30295973             60.4               9265000         153359.3
11:54:08.089 INFO  ProgressMeter - Montipora_capitata_HIv1___Scaffold_11___length_67098902:31647057             60.6               9294000         153402.9
11:54:18.548 INFO  ProgressMeter - Montipora_capitata_HIv1___Scaffold_11___length_67098902:33259770             60.8               9313000         153275.6
11:54:28.850 INFO  ProgressMeter - Montipora_capitata_HIv1___Scaffold_11___length_67098902:34328680             60.9               9333000         153171.8
11:54:39.075 INFO  ProgressMeter - Montipora_capitata_HIv1___Scaffold_11___length_67098902:35456430             61.1               9353000         153072.0
11:54:49.248 INFO  ProgressMeter - Montipora_capitata_HIv1___Scaffold_11___length_67098902:37373981             61.3               9373000         152974.8
11:54:59.653 INFO  ProgressMeter - Montipora_capitata_HIv1___Scaffold_11___length_67098902:39200878             61.4               9394000         152884.8
11:55:10.089 INFO  ProgressMeter - Montipora_capitata_HIv1___Scaffold_11___length_67098902:40482005             61.6               9416000         152810.3
11:55:20.246 INFO  ProgressMeter - Montipora_capitata_HIv1___Scaffold_11___length_67098902:41992415             61.8               9437000         152731.5
11:55:30.341 INFO  ProgressMeter - Montipora_capitata_HIv1___Scaffold_11___length_67098902:43617525             62.0               9457000         152639.6
11:55:40.645 INFO  ProgressMeter - Montipora_capitata_HIv1___Scaffold_11___length_67098902:45249287             62.1               9479000         152571.8
11:55:50.766 INFO  ProgressMeter - Montipora_capitata_HIv1___Scaffold_11___length_67098902:47219224             62.3               9503000         152543.9
11:56:01.004 INFO  ProgressMeter - Montipora_capitata_HIv1___Scaffold_11___length_67098902:49225523             62.5               9539000         152703.5
11:56:11.202 INFO  ProgressMeter - Montipora_capitata_HIv1___Scaffold_11___length_67098902:50909452             62.6               9568000         152752.1
11:56:21.345 INFO  ProgressMeter - Montipora_capitata_HIv1___Scaffold_11___length_67098902:52790884             62.8               9590000         152691.2
11:56:31.631 INFO  ProgressMeter - Montipora_capitata_HIv1___Scaffold_11___length_67098902:54353617             63.0               9621000         152767.8
11:56:42.079 INFO  ProgressMeter - Montipora_capitata_HIv1___Scaffold_11___length_67098902:55587537             63.2               9643000         152695.0
11:56:52.500 INFO  ProgressMeter - Montipora_capitata_HIv1___Scaffold_11___length_67098902:56737013             63.3               9667000         152655.2
11:57:02.573 INFO  ProgressMeter - Montipora_capitata_HIv1___Scaffold_11___length_67098902:57738603             63.5               9688000         152582.3
11:57:12.578 INFO  ProgressMeter - Montipora_capitata_HIv1___Scaffold_11___length_67098902:58658505             63.7               9709000         152512.5
11:57:23.020 INFO  ProgressMeter - Montipora_capitata_HIv1___Scaffold_11___length_67098902:59843991             63.8               9731000         152441.3
11:57:33.421 INFO  ProgressMeter - Montipora_capitata_HIv1___Scaffold_11___length_67098902:60993875             64.0               9753000         152372.2
11:57:43.838 INFO  ProgressMeter - Montipora_capitata_HIv1___Scaffold_11___length_67098902:62260007             64.2               9775000         152302.8
11:57:53.873 INFO  ProgressMeter - Montipora_capitata_HIv1___Scaffold_11___length_67098902:63354410             64.3               9796000         152233.3
11:58:03.936 INFO  ProgressMeter - Montipora_capitata_HIv1___Scaffold_11___length_67098902:64392286             64.5               9817000         152163.0
11:58:13.940 INFO  ProgressMeter - Montipora_capitata_HIv1___Scaffold_11___length_67098902:65469979             64.7               9838000         152095.4
11:58:24.071 INFO  ProgressMeter - Montipora_capitata_HIv1___Scaffold_12___length_43329812:167473             64.9               9864000         152100.4
11:58:34.189 INFO  ProgressMeter - Montipora_capitata_HIv1___Scaffold_12___length_43329812:1242750             65.0               9885000         152028.9
11:58:44.563 INFO  ProgressMeter - Montipora_capitata_HIv1___Scaffold_12___length_43329812:2331109             65.2               9906000         151947.8
11:58:54.612 INFO  ProgressMeter - Montipora_capitata_HIv1___Scaffold_12___length_43329812:3469184             65.4               9927000         151879.7
11:59:04.884 INFO  ProgressMeter - Montipora_capitata_HIv1___Scaffold_12___length_43329812:4488956             65.5               9948000         151803.4
11:59:14.908 INFO  ProgressMeter - Montipora_capitata_HIv1___Scaffold_12___length_43329812:5254926             65.7               9968000         151721.8
11:59:25.278 INFO  ProgressMeter - Montipora_capitata_HIv1___Scaffold_12___length_43329812:6107077             65.9               9990000         151657.7
11:59:35.365 INFO  ProgressMeter - Montipora_capitata_HIv1___Scaffold_12___length_43329812:7077247             66.0              10011000         151589.6
11:59:45.398 INFO  ProgressMeter - Montipora_capitata_HIv1___Scaffold_12___length_43329812:8135431             66.2              10032000         151523.9
11:59:55.699 INFO  ProgressMeter - Montipora_capitata_HIv1___Scaffold_12___length_43329812:9504006             66.4              10053000         151448.4
12:00:05.818 INFO  ProgressMeter - Montipora_capitata_HIv1___Scaffold_12___length_43329812:10643079             66.5              10074000         151380.1
12:00:16.236 INFO  ProgressMeter - Montipora_capitata_HIv1___Scaffold_12___length_43329812:12289370             66.7              10096000         151315.9
12:00:26.502 INFO  ProgressMeter - Montipora_capitata_HIv1___Scaffold_12___length_43329812:14025272             66.9              10117000         151242.8
12:00:36.700 INFO  ProgressMeter - Montipora_capitata_HIv1___Scaffold_12___length_43329812:16323803             67.1              10143000         151247.2
12:00:47.001 INFO  ProgressMeter - Montipora_capitata_HIv1___Scaffold_12___length_43329812:18737887             67.2              10173000         151307.2
12:00:57.172 INFO  ProgressMeter - Montipora_capitata_HIv1___Scaffold_12___length_43329812:19960990             67.4              10195000         151253.0
12:01:07.573 INFO  ProgressMeter - Montipora_capitata_HIv1___Scaffold_12___length_43329812:22548643             67.6              10218000         151205.4
12:01:17.702 INFO  ProgressMeter - Montipora_capitata_HIv1___Scaffold_12___length_43329812:24219696             67.7              10240000         151153.4
12:01:27.990 INFO  ProgressMeter - Montipora_capitata_HIv1___Scaffold_12___length_43329812:25522448             67.9              10261000         151080.9
12:01:38.042 INFO  ProgressMeter - Montipora_capitata_HIv1___Scaffold_12___length_43329812:26709558             68.1              10282000         151017.6
12:01:48.319 INFO  ProgressMeter - Montipora_capitata_HIv1___Scaffold_12___length_43329812:27544159             68.3              10303000         150946.3
12:01:58.369 INFO  ProgressMeter - Montipora_capitata_HIv1___Scaffold_12___length_43329812:29130648             68.4              10332000         151000.6
12:02:08.559 INFO  ProgressMeter - Montipora_capitata_HIv1___Scaffold_12___length_43329812:30807696             68.6              10360000         151035.0
12:02:18.883 INFO  ProgressMeter - Montipora_capitata_HIv1___Scaffold_12___length_43329812:31672546             68.8              10382000         150977.0
12:02:29.206 INFO  ProgressMeter - Montipora_capitata_HIv1___Scaffold_12___length_43329812:32877603             68.9              10404000         150919.3
12:02:39.464 INFO  ProgressMeter - Montipora_capitata_HIv1___Scaffold_12___length_43329812:34299641             69.1              10426000         150864.3
12:02:49.806 INFO  ProgressMeter - Montipora_capitata_HIv1___Scaffold_12___length_43329812:35834362             69.3              10448000         150806.5
12:03:00.183 INFO  ProgressMeter - Montipora_capitata_HIv1___Scaffold_12___length_43329812:37042686             69.5              10470000         150747.8
12:03:10.256 INFO  ProgressMeter - Montipora_capitata_HIv1___Scaffold_12___length_43329812:38124412             69.6              10491000         150685.8
12:03:20.438 INFO  ProgressMeter - Montipora_capitata_HIv1___Scaffold_12___length_43329812:39930628             69.8              10524000         150792.3
12:03:30.506 INFO  ProgressMeter - Montipora_capitata_HIv1___Scaffold_12___length_43329812:41268230             70.0              10556000         150888.0
12:03:40.741 INFO  ProgressMeter - Montipora_capitata_HIv1___Scaffold_12___length_43329812:42322029             70.1              10577000         150820.4
12:03:51.227 INFO  ProgressMeter - Montipora_capitata_HIv1___Scaffold_13___length_39528174:94717             70.3              10598000         150744.2
12:04:01.643 INFO  ProgressMeter - Montipora_capitata_HIv1___Scaffold_13___length_39528174:860005             70.5              10619000         150670.9
12:04:11.750 INFO  ProgressMeter - Montipora_capitata_HIv1___Scaffold_13___length_39528174:1731061             70.6              10640000         150608.9
12:04:21.765 INFO  ProgressMeter - Montipora_capitata_HIv1___Scaffold_13___length_39528174:2655486             70.8              10664000         150592.8
12:04:31.932 INFO  ProgressMeter - Montipora_capitata_HIv1___Scaffold_13___length_39528174:4272439             71.0              10701000         150754.5
12:04:41.932 INFO  ProgressMeter - Montipora_capitata_HIv1___Scaffold_13___length_39528174:5828727             71.1              10731000         150823.1
12:04:52.225 INFO  ProgressMeter - Montipora_capitata_HIv1___Scaffold_13___length_39528174:6856011             71.3              10753000         150768.7
12:05:02.293 INFO  ProgressMeter - Montipora_capitata_HIv1___Scaffold_13___length_39528174:8871355             71.5              10775000         150722.6
12:05:12.630 INFO  ProgressMeter - Montipora_capitata_HIv1___Scaffold_13___length_39528174:9868079             71.7              10797000         150667.2
12:05:22.878 INFO  ProgressMeter - Montipora_capitata_HIv1___Scaffold_13___length_39528174:10908919             71.8              10819000         150615.3
12:05:33.307 INFO  ProgressMeter - Montipora_capitata_HIv1___Scaffold_13___length_39528174:11815870             72.0              10841000         150557.2
12:05:43.495 INFO  ProgressMeter - Montipora_capitata_HIv1___Scaffold_13___length_39528174:13562912             72.2              10863000         150507.8
12:05:53.637 INFO  ProgressMeter - Montipora_capitata_HIv1___Scaffold_13___length_39528174:15394430             72.3              10886000         150474.1
12:06:04.079 INFO  ProgressMeter - Montipora_capitata_HIv1___Scaffold_13___length_39528174:17285995             72.5              10911000         150457.7
12:06:14.487 INFO  ProgressMeter - Montipora_capitata_HIv1___Scaffold_13___length_39528174:19511284             72.7              10934000         150415.1
12:06:24.721 INFO  ProgressMeter - Montipora_capitata_HIv1___Scaffold_13___length_39528174:22776740             72.9              10964000         150474.7
12:06:35.145 INFO  ProgressMeter - Montipora_capitata_HIv1___Scaffold_13___length_39528174:25341758             73.0              10987000         150431.7
12:06:45.236 INFO  ProgressMeter - Montipora_capitata_HIv1___Scaffold_13___length_39528174:26297057             73.2              11008000         150372.9
12:06:55.330 INFO  ProgressMeter - Montipora_capitata_HIv1___Scaffold_13___length_39528174:28096419             73.4              11029000         150314.4
12:07:05.594 INFO  ProgressMeter - Montipora_capitata_HIv1___Scaffold_13___length_39528174:29361632             73.5              11050000         150250.3
12:07:15.908 INFO  ProgressMeter - Montipora_capitata_HIv1___Scaffold_13___length_39528174:30340946             73.7              11071000         150184.8
12:07:25.908 INFO  ProgressMeter - Montipora_capitata_HIv1___Scaffold_13___length_39528174:31732604             73.9              11099000         150225.0
12:07:36.135 INFO  ProgressMeter - Montipora_capitata_HIv1___Scaffold_13___length_39528174:33189589             74.1              11121000         150176.3
12:07:46.477 INFO  ProgressMeter - Montipora_capitata_HIv1___Scaffold_13___length_39528174:34132007             74.2              11143000         150123.9
12:07:56.959 INFO  ProgressMeter - Montipora_capitata_HIv1___Scaffold_13___length_39528174:35103284             74.4              11165000         150067.1
12:08:07.363 INFO  ProgressMeter - Montipora_capitata_HIv1___Scaffold_13___length_39528174:36196349             74.6              11187000         150013.2
12:08:17.421 INFO  ProgressMeter - Montipora_capitata_HIv1___Scaffold_13___length_39528174:37081432             74.7              11208000         149957.7
12:08:27.589 INFO  ProgressMeter - Montipora_capitata_HIv1___Scaffold_13___length_39528174:38402356             74.9              11238000         150018.9
12:08:37.704 INFO  ProgressMeter - Montipora_capitata_HIv1___Scaffold_14___length_35226620:593330             75.1              11274000         150161.6
12:08:47.904 INFO  ProgressMeter - Montipora_capitata_HIv1___Scaffold_14___length_35226620:2341295             75.2              11309000         150287.4
12:08:58.355 INFO  ProgressMeter - Montipora_capitata_HIv1___Scaffold_14___length_35226620:3475274             75.4              11339000         150338.1
12:09:08.763 INFO  ProgressMeter - Montipora_capitata_HIv1___Scaffold_14___length_35226620:4572173             75.6              11361000         150284.2
12:09:18.890 INFO  ProgressMeter - Montipora_capitata_HIv1___Scaffold_14___length_35226620:5488877             75.8              11382000         150226.6
12:09:29.140 INFO  ProgressMeter - Montipora_capitata_HIv1___Scaffold_14___length_35226620:6681747             75.9              11407000         150217.8
12:09:39.344 INFO  ProgressMeter - Montipora_capitata_HIv1___Scaffold_14___length_35226620:8286999             76.1              11443000         150355.2
12:09:49.696 INFO  ProgressMeter - Montipora_capitata_HIv1___Scaffold_14___length_35226620:9397525             76.3              11465000         150303.5
12:09:59.800 INFO  ProgressMeter - Montipora_capitata_HIv1___Scaffold_14___length_35226620:10351563             76.4              11492000         150325.6
12:10:09.863 INFO  ProgressMeter - Montipora_capitata_HIv1___Scaffold_14___length_35226620:11160035             76.6              11512000         150257.6
12:10:20.182 INFO  ProgressMeter - Montipora_capitata_HIv1___Scaffold_14___length_35226620:12079347             76.8              11533000         150194.5
12:10:30.303 INFO  ProgressMeter - Montipora_capitata_HIv1___Scaffold_14___length_35226620:14338392             77.0              11556000         150164.2
12:10:40.452 INFO  ProgressMeter - Montipora_capitata_HIv1___Scaffold_14___length_35226620:17909329             77.1              11595000         150340.5
12:10:50.693 INFO  ProgressMeter - Montipora_capitata_HIv1___Scaffold_14___length_35226620:20441672             77.3              11627000         150422.5
12:11:00.909 INFO  ProgressMeter - Montipora_capitata_HIv1___Scaffold_14___length_35226620:21822292             77.5              11649000         150375.9
12:11:11.181 INFO  ProgressMeter - Montipora_capitata_HIv1___Scaffold_14___length_35226620:23087015             77.6              11671000         150327.6
12:11:21.564 INFO  ProgressMeter - Montipora_capitata_HIv1___Scaffold_14___length_35226620:24092412             77.8              11693000         150276.1
12:11:31.743 INFO  ProgressMeter - Montipora_capitata_HIv1___Scaffold_14___length_35226620:25486059             78.0              11715000         150231.2
12:11:41.973 INFO  ProgressMeter - Montipora_capitata_HIv1___Scaffold_14___length_35226620:26655166             78.2              11737000         150185.0
12:11:52.171 INFO  ProgressMeter - Montipora_capitata_HIv1___Scaffold_14___length_35226620:27483819             78.3              11759000         150140.0
12:12:02.262 INFO  ProgressMeter - Montipora_capitata_HIv1___Scaffold_14___length_35226620:28703438             78.5              11792000         150238.7
12:12:12.683 INFO  ProgressMeter - Montipora_capitata_HIv1___Scaffold_14___length_35226620:29575300             78.7              11814000         150186.7
12:12:22.735 INFO  ProgressMeter - Montipora_capitata_HIv1___Scaffold_14___length_35226620:30261195             78.8              11835000         150133.9
12:12:32.982 INFO  ProgressMeter - Montipora_capitata_HIv1___Scaffold_14___length_35226620:31246268             79.0              11861000         150138.4
12:12:43.227 INFO  ProgressMeter - Montipora_capitata_HIv1___Scaffold_14___length_35226620:32233364             79.2              11882000         150079.9
12:12:53.291 INFO  ProgressMeter - Montipora_capitata_HIv1___Scaffold_14___length_35226620:33106912             79.3              11902000         150014.7
12:13:03.334 INFO  ProgressMeter - Montipora_capitata_HIv1___Scaffold_14___length_35226620:33980967             79.5              11925000         149988.1
12:13:13.652 INFO  ProgressMeter - Montipora_capitata_HIv1___Scaffold_14___length_35226620:34894573             79.7              11946000         149928.0
12:13:23.881 INFO  ProgressMeter - Montipora_capitata_HIv1___Scaffold_15___length_1919746:1151969             79.8              11968000         149883.4
12:13:34.228 INFO  ProgressMeter - Montipora_capitata_HIv1___Scaffold_16___length_867735:814119             80.0              11990000         149835.3
12:13:44.362 INFO  ProgressMeter - Montipora_capitata_HIv1___Scaffold_18___length_729353:587379             80.2              12011000         149781.6
12:13:54.486 INFO  ProgressMeter - Montipora_capitata_HIv1___Scaffold_22___length_623283:423742             80.4              12042000         149852.8
12:14:04.828 INFO  ProgressMeter - Montipora_capitata_HIv1___Scaffold_27___length_530722:196588             80.5              12064000         149805.3
12:14:15.094 INFO  ProgressMeter - Montipora_capitata_HIv1___Scaffold_32___length_457398:87717             80.7              12086000         149760.3
12:14:25.362 INFO  ProgressMeter - Montipora_capitata_HIv1___Scaffold_38___length_391518:336320             80.9              12122000         149888.6
12:14:35.688 INFO  ProgressMeter - Montipora_capitata_HIv1___Scaffold_49___length_331024:120055             81.0              12156000         149989.8
12:14:45.721 INFO  ProgressMeter - Montipora_capitata_HIv1___Scaffold_56___length_304398:84912             81.2              12178000         149951.8
12:14:55.772 INFO  ProgressMeter - Montipora_capitata_HIv1___Scaffold_63___length_288605:69884             81.4              12200000         149913.5
12:15:06.133 INFO  ProgressMeter - Montipora_capitata_HIv1___Scaffold_68___length_273209:109835             81.6              12222000         149865.8
12:15:16.155 INFO  ProgressMeter - Montipora_capitata_HIv1___Scaffold_76___length_259541:106086             81.7              12244000         149828.7
12:15:26.410 INFO  ProgressMeter - Montipora_capitata_HIv1___Scaffold_85___length_245961:104151             81.9              12271000         149845.7
12:15:36.449 INFO  ProgressMeter - Montipora_capitata_HIv1___Scaffold_101___length_207421:25290             82.1              12311000         150027.6
12:15:46.642 INFO  ProgressMeter - Montipora_capitata_HIv1___Scaffold_112___length_189310:91285             82.2              12347000         150155.5
12:15:56.891 INFO  ProgressMeter - Montipora_capitata_HIv1___Scaffold_130___length_171806:134085             82.4              12384000         150293.3
12:16:06.942 INFO  ProgressMeter - Montipora_capitata_HIv1___Scaffold_153___length_149454:104606             82.6              12422000         150448.5
12:16:17.086 INFO  ProgressMeter - Montipora_capitata_HIv1___Scaffold_179___length_129542:51325             82.7              12460000         150600.4
12:16:27.239 INFO  ProgressMeter - Montipora_capitata_HIv1___Scaffold_201___length_120270:41716             82.9              12497000         150739.3
12:16:37.454 INFO  ProgressMeter - Montipora_capitata_HIv1___Scaffold_222___length_114069:35502             83.1              12520000         150707.3
12:16:47.480 INFO  ProgressMeter - Montipora_capitata_HIv1___Scaffold_237___length_108135:41878             83.2              12540000         150645.0
12:16:57.845 INFO  ProgressMeter - Montipora_capitata_HIv1___Scaffold_256___length_102499:87104             83.4              12562000         150596.7
12:17:08.041 INFO  ProgressMeter - Montipora_capitata_HIv1___Scaffold_281___length_94031:34269             83.6              12582000         150529.9
12:17:18.298 INFO  ProgressMeter - Montipora_capitata_HIv1___Scaffold_304___length_88736:10077             83.8              12603000         150473.3
12:17:28.323 INFO  ProgressMeter - Montipora_capitata_HIv1___Scaffold_320___length_84246:4270             83.9              12624000         150424.0
12:17:38.427 INFO  ProgressMeter - Montipora_capitata_HIv1___Scaffold_340___length_78681:20845             84.1              12643000         150348.7
12:17:48.665 INFO  ProgressMeter - Montipora_capitata_HIv1___Scaffold_386___length_68141:15959             84.3              12670000         150364.7
12:17:59.104 INFO  ProgressMeter - Montipora_capitata_HIv1___Scaffold_423___length_62886:25292             84.4              12693000         150327.2
12:18:09.228 INFO  ProgressMeter - Montipora_capitata_HIv1___Scaffold_458___length_58548:41256             84.6              12715000         150287.5
12:18:19.391 INFO  ProgressMeter - Montipora_capitata_HIv1___Scaffold_495___length_55108:24416             84.8              12737000         150246.7
12:18:29.681 INFO  ProgressMeter - Montipora_capitata_HIv1___Scaffold_550___length_49380:20557             84.9              12759000         150202.3
12:18:40.040 INFO  ProgressMeter - Montipora_capitata_HIv1___Scaffold_607___length_44363:35885             85.1              12781000         150156.1
12:18:50.233 INFO  ProgressMeter - Montipora_capitata_HIv1___Scaffold_681___length_39711:14576             85.3              12803000         150115.0
12:19:00.441 INFO  ProgressMeter - Montipora_capitata_HIv1___Scaffold_773___length_34515:27508             85.5              12825000         150073.6
12:19:10.702 INFO  ProgressMeter - Montipora_capitata_HIv1___Scaffold_877___length_30541:23644             85.6              12847000         150030.8
12:19:20.892 INFO  ProgressMeter - Montipora_capitata_HIv1___Scaffold_1005___length_25073:23556             85.8              12869000         149990.2
12:19:31.343 INFO  ProgressMeter - Montipora_capitata_HIv1___Scaffold_1197___length_18768:8685             86.0              12892000         149953.9
12:19:41.400 INFO  ProgressMeter - Montipora_capitata_HIv1___Scaffold_1509___length_11817:1180             86.1              12916000         149940.7
12:19:45.372 INFO  ProgressMeter - Montipora_capitata_HIv1___Scaffold_1685___length_1536:1376             86.2              12928239         149967.5
12:19:45.372 INFO  ProgressMeter - Traversal complete. Processed 12928239 total variants in 86.2 minutes.
12:19:45.372 INFO  VariantsToTable - Shutting down engine
[August 4, 2021 at 12:19:45 PM EDT] org.broadinstitute.hellbender.tools.walkers.variantutils.VariantsToTable done. Elapsed time: 86.22 minutes.
Runtime.totalMemory()=6928990208
